run = 0
step= 199

nparam= 31
        dense amplitude time= 0.0017778873443603516
        total non-zero amplitudes= 36
        nsamples per process= 12
self.n= 0.5820260231805929
        collect g,h time= 0.14392304420471191
E=-4.599828284075958,dE=-9.281464485866309e-13,std=0
L=-4.599828284075958,dL=-9.281464485866309e-13,std=0
        gnorm= 5.573109313680054e-07
        collect S matrix time= 2.8133392333984375e-05
        SR solver time= 6.318092346191406e-05
        collect H matrix time= 2.3126602172851562e-05
        RGN solver time= 3.62396240234375e-05
        xnorm=2.0319195888719954,dnorm=0.0001342459224223993
        dense amplitude time= 0.0008337497711181641
        total non-zero amplitudes= 36
        nsamples per process= 12
self.n= 0.5820229804601508
        RGN updated loss=-4.599828284076158,dloss=-1.9984014443252818e-13
[ 0.3316735937  0.5797560217  0.3194004398 -0.006172597  -0.0022883927
  0.0017099396  0.1020885068  0.0498496548  0.5620307698]
[ 0.6394596389  0.1429478606  0.002882795   0.2849230178 -0.2013608354
 -0.5082200856 -0.0005458002 -0.0865833607 -0.0001954882  0.7660323647]
[ 0.0053044443  0.8154444569  0.001077092  -0.0010374268 -0.3983957952
  0.2431779577 -0.0003734502 -0.0707037921 -0.0010461785 -0.9150320033
  0.3505958545  0.0035123597]

run = 1
step= 199

nparam= 31
        dense amplitude time= 0.0015978813171386719
        total non-zero amplitudes= 36
        nsamples per process= 12
self.n= 0.07879471123177989
        collect g,h time= 0.14574885368347168
E=-4.6003806491461265,dE=-9.19650714692466e-07,std=0
L=-4.6003806491461265,dL=-9.19650714692466e-07,std=0
        gnorm= 0.0002209544894200462
        collect S matrix time= 2.4557113647460938e-05
        SR solver time= 5.626678466796875e-05
        collect H matrix time= 2.1696090698242188e-05
        RGN solver time= 3.4809112548828125e-05
        xnorm=9.109292940098808,dnorm=0.02136742584895819
        dense amplitude time= 0.0008342266082763672
        total non-zero amplitudes= 36
        nsamples per process= 12
self.n= 0.07854208721142962
        RGN updated loss=-4.6003815630310525,dloss=-9.138849259571202e-07
[ 0.0444090881  0.0439882949 -0.0580139703 -0.000163615  -0.0002705929
 -0.0004785861  0.4665259423  0.5160509478 -4.6970219761]
[-0.0628267491 -0.0862339869  0.0001368333  0.0457252197 -0.0692906176
 -0.0238183706 -0.00026105   -0.0415139193 -0.0002880694  7.4223821185]
[ 0.0010090507 -1.2725623386  0.0015545957 -0.004706872   0.9174379987
  0.3014167779  0.0084989175 -0.7796953014 -0.0010531038  1.5597135217
  0.3122627198 -0.0003592453]
step= 299

nparam= 31
        dense amplitude time= 0.0016753673553466797
        total non-zero amplitudes= 36
        nsamples per process= 12
self.n= 0.05321833509853522
        collect g,h time= 0.14580392837524414
E=-4.600460969366417,dE=-1.3107870078243877e-06,std=0
L=-4.600460969366417,dL=-1.3107870078243877e-06,std=0
        gnorm= 0.003889029072022551
        collect S matrix time= 2.5033950805664062e-05
        SR solver time= 6.0558319091796875e-05
        collect H matrix time= 2.09808349609375e-05
        RGN solver time= 3.600120544433594e-05
        xnorm=11.045047324611042,dnorm=0.026175223621039013
        dense amplitude time= 0.0008471012115478516
        total non-zero amplitudes= 36
        nsamples per process= 12
self.n= 0.052481104207296785
        RGN updated loss=-4.6004623974872985,dloss=-1.4281208811084412e-06
[ 0.0559150235  0.0159114884 -0.0618523277 -0.0000669982 -0.0001758769
 -0.0002336008  0.5124456924  0.5727937128 -5.7900129745]
[-0.0682306032 -0.0934529886  0.0001598093  0.0478925267 -0.0608734464
 -0.0263741347 -0.0001592313 -0.0404928236 -0.0002735885  9.0249820601]
[ 0.0003811097 -1.4769699071  0.0004868301 -0.0034059869  0.8160851586
  0.3708020078  0.0053845066 -0.9410726791 -0.0010514861  1.7114363694
  0.3093742396 -0.0004052405]
step= 399

nparam= 31
        dense amplitude time= 0.0018346309661865234
        total non-zero amplitudes= 36
        nsamples per process= 12
self.n= 0.005975578641668397
        collect g,h time= 0.14646196365356445
E=-4.600754632923848,dE=-6.10794703703732e-09,std=0
L=-4.600754632923848,dL=-6.10794703703732e-09,std=0
        gnorm= 3.908798637487587e-05
        collect S matrix time= 2.86102294921875e-05
        SR solver time= 5.888938903808594e-05
        collect H matrix time= 2.3365020751953125e-05
        RGN solver time= 4.029273986816406e-05
        xnorm=11.54168683835617,dnorm=0.0017386785514324652
        dense amplitude time= 0.0008399486541748047
        total non-zero amplitudes= 36
        nsamples per process= 12
self.n= 0.005969556673098561
        RGN updated loss=-4.600754638983939,dloss=-6.060091095605458e-09
[ 0.0828829954 -0.0671076077 -0.1235968403  0.0000332915  0.0000978058
  0.0000482224  0.843434614   0.8413633772 -6.0555365061]
[-0.0933184549 -0.0924529571  0.000033637   0.0654538832 -0.0562228534
 -0.0818766541 -0.0001076262 -0.0413916821 -0.0000379103  9.1828497205]
[-0.0001459768 -2.2481148645  0.0006181188 -0.0019342486  0.5447136351
  0.7159411559  0.0005418226 -0.9679124252 -0.0000994564  1.7651252021
  0.9172076009  0.0010704005]
