run = 0
step= 29

nparam= 38
        dense amplitude time= 0.001827239990234375
        total non-zero amplitudes= 36
        nsamples per process= 36
self.n= 0.7239053632848831
        collect g,h time= 0.29788899421691895
E=-4.523176184290392,dE=-0.00019714657746572328,std=0
L=-4.523176184290392,dL=-0.00019714657746572328,std=0
        gnorm= 0.0232580670254802
        collect S matrix time= 8.344650268554688e-05
        nonzero=19,wmax=1.5722884001990844,wmin=0.04257770389654254
        SR solver time= 0.000232696533203125
        xnorm=0.8218820731725612,dnorm=0.005231324547739031
[ 0.1903080748 -0.0118245173  0.0945547875 -0.0708031669  0.0545748637
 -0.0934005616]
[ 0.0225888494  0.0831408807  0.3471852643 -0.3524299677]
[ 0.024741359  -0.0058436806  0.0054015582 -0.0149066545 -0.0631627271
  0.0046280254  0.0073322399  0.0511063323  0.0040557873 -0.0284679289
 -0.0020893064 -0.0417177795 -0.0032824081  0.0229504549  0.0026973924
  0.0137467144 -0.0063408962  0.0629480464 -0.0371692142 -0.0118582026
  0.0988179815 -0.0209604998 -0.0228621214 -0.0268461321 -0.4055760747
 -0.4138700133  0.0236695354 -0.0214553901]
step= 49

nparam= 38
        dense amplitude time= 0.0017867088317871094
        total non-zero amplitudes= 36
        nsamples per process= 36
self.n= 0.6428564133408133
        collect g,h time= 0.293914794921875
E=-4.5281872806906245,dE=-8.929124337697658e-07,std=0
L=-4.5281872806906245,dL=-8.929124337697658e-07,std=0
        gnorm= 0.0014533079873807282
        collect S matrix time= 7.295608520507812e-05
        xnorm=0.9551856412306151,dnorm=0.0
        nonzero=19,wmax=1.7125200484339986,wmin=0.02012663224322888
        SR solver time= 0.0002377033233642578
        collect H matrix time= 3.0279159545898438e-05
        nonzero=19,smax=2.6742963217142783,smin=0.03962211224001061
        RGN solver time= 0.0002734661102294922
        xnorm=0.9551856412306151,dnorm=0.0010511477864908894
        dense amplitude time= 0.001720428466796875
        total non-zero amplitudes= 36
        nsamples per process= 36
self.n= 0.6426130500155136
        RGN updated loss=-4.528187821476802,dloss=-5.407861776163259e-07
[ 0.1409174726 -0.2526589291  0.1375248711 -0.1137732505  0.1798795009
  0.0585181149]
[ 0.0441774121  0.0765764884  0.33756207   -0.3466324352]
[ 0.0242357524 -0.002611782   0.1727382146 -0.0175601893 -0.14226199
 -0.0108756447  0.0063460551  0.2187007774 -0.0021154863 -0.1140792117
 -0.0008900526 -0.0448349339 -0.0306173198  0.0236918166 -0.0233327751
  0.0161106732 -0.0034849908  0.1387525846 -0.0356337743 -0.0310543479
  0.1860169886 -0.021810264  -0.0276993762 -0.0189040223 -0.4108560625
 -0.4194967031  0.0140602786 -0.0260451195]

run = 1
step= 29

nparam= 38
        dense amplitude time= 0.001825571060180664
        total non-zero amplitudes= 36
        nsamples per process= 36
self.n= 0.7094056888289425
        collect g,h time= 0.30501699447631836
E=-4.5231852801237515,dE=-0.00018127461685413238,std=0
L=-4.5231852801237515,dL=-0.00018127461685413238,std=0
        gnorm= 0.020950903612077677
        collect S matrix time= 6.127357482910156e-05
        nonzero=19,wmax=1.4086245047422958,wmin=0.04053664350600368
        SR solver time= 0.00023031234741210938
        xnorm=0.6735578822870371,dnorm=0.004982781305788206
[ 0.1856040757 -0.0402228797  0.0588721967 -0.1084604199  0.0751250878
 -0.0824250776]
[ 0.0179244501  0.0322569421 -0.0033459231 -0.0588765955]
[ 0.0005186098 -0.0069887861  0.0055849538  0.0145951763 -0.0504647548
  0.0008161895 -0.0190962941  0.0451475012 -0.005364573  -0.0234437431
  0.0386965973  0.0059247341 -0.0171532344 -0.0038795568 -0.0014519549
 -0.0232009651  0.0083479103  0.0682745549 -0.0068951459 -0.0259151825
  0.0946086709  0.0200356056 -0.0137096832 -0.0117868516 -0.4448941559
 -0.4074811654  0.0203768418 -0.0149715612]
step= 49

nparam= 38
        dense amplitude time= 0.0018019676208496094
        total non-zero amplitudes= 36
        nsamples per process= 36
self.n= 0.6362529878359565
        collect g,h time= 0.29541730880737305
E=-4.52737976243555,dE=-4.0190194194877904e-07,std=0
L=-4.52737976243555,dL=-4.0190194194877904e-07,std=0
        gnorm= 0.0006472933696052929
        collect S matrix time= 0.00010538101196289062
        xnorm=0.8320535835141203,dnorm=0.0
        nonzero=19,wmax=1.67872012824298,wmin=0.02173636891356956
        SR solver time= 0.00024318695068359375
        collect H matrix time= 3.147125244140625e-05
        nonzero=19,smax=2.6646087495072286,smin=0.042200652170875166
        RGN solver time= 0.00027942657470703125
        xnorm=0.8320535835141203,dnorm=0.0006486026569351161
        dense amplitude time= 0.0017676353454589844
        total non-zero amplitudes= 36
        nsamples per process= 36
self.n= 0.6360807817408084
        RGN updated loss=-4.52738001734495,dloss=-2.549094002546326e-07
[ 0.1458133819 -0.2556215396  0.0937722897 -0.1433605128  0.1880594847
  0.0588053197]
[ 0.0253754603  0.031980598  -0.0073931027 -0.0566534825]
[-0.0014932439 -0.0013263599  0.1470560315  0.0134952267 -0.1197433535
 -0.0121830189 -0.0162141387  0.1868560366 -0.0020907654 -0.0933725136
  0.0303587086  0.002860314  -0.0367484857 -0.0039818274 -0.0240672113
 -0.0235988037  0.0090456063  0.1346453123 -0.0094042053 -0.0434872167
  0.1649391197  0.0284811629 -0.0176601265 -0.0098152308 -0.4655844526
 -0.4284385993  0.0066157217 -0.0199125734]

run = 2
step= 29

nparam= 38
        dense amplitude time= 0.0009453296661376953
        total non-zero amplitudes= 36
        nsamples per process= 12
self.n= 0.6934778187141393
        collect g,h time= 0.14595699310302734
E=-4.532076132750777,dE=-1.7364558679844322e-08,std=0
L=-4.532076132750777,dL=-1.7364558679844322e-08,std=0
        gnorm= 0.000630450876265117
        collect S matrix time= 5.2928924560546875e-05
        nonzero=20,wmax=2.6186589333930135,wmin=0.009253248567766372
        SR solver time= 0.0002276897430419922
        collect H matrix time= 3.0279159545898438e-05
        nonzero=20,smax=8.00557883323508,smin=0.02847216291210268
        RGN solver time= 0.00025272369384765625
        xnorm=1.480136974611087,dnorm=0.00010164090344790879
        dense amplitude time= 0.001058340072631836
        total non-zero amplitudes= 36
        nsamples per process= 12
self.n= 0.6934251221569797
        RGN updated loss=-4.532076145908079,dloss=-1.3157302802824233e-08
[ 0.1578408983  0.016789966   0.1183417307 -0.1324448938  0.0763792161
 -0.0891188976]
[ 0.1015913782  0.7215417445  0.7791600651 -0.7546578462]
[ 0.0093424083  0.0053403388 -0.2941861677 -0.0004192518  0.1620801791
  0.0267371977 -0.0016574285 -0.2363367267 -0.0031088415  0.1476561736
  0.0016377541 -0.0143077579 -0.0203283339  0.0207437036  0.016165862
 -0.0091795823  0.0056108086 -0.1883294136 -0.0062421125 -0.0153096108
 -0.212697726  -0.0053228424  0.0300393668 -0.0045376145  0.2483584811
  0.2756991607  0.0075945526  0.0174239559]

run = 3
step= 49

nparam= 38
        dense amplitude time= 0.0009868144989013672
        total non-zero amplitudes= 36
        nsamples per process= 12
self.n= 0.6930785702291298
        collect g,h time= 0.1459040641784668
E=-4.53207618012227,dE=-4.849454171562684e-12,std=0
L=-4.53207618012227,dL=-4.849454171562684e-12,std=0
        gnorm= 0.00062210888060062
        collect S matrix time= 3.600120544433594e-05
        nonzero=20,wmax=2.61872610918851,wmin=0.009242730383783027
        SR solver time= 0.0002167224884033203
        collect H matrix time= 2.8371810913085938e-05
        nonzero=20,smax=5.393855962580918,smin=0.01911196289353566
        RGN solver time= 0.00023317337036132812
        xnorm=1.480068823480722,dnorm=1.2397660428700075e-06
        dense amplitude time= 0.0009589195251464844
        total non-zero amplitudes= 36
        nsamples per process= 12
self.n= 0.6930785550143448
        RGN updated loss=-4.532076180126433,dloss=-4.162892253134487e-12
[ 0.1577548051  0.0168105487  0.1184271448 -0.132530308   0.0762685213
 -0.0890116767]
[ 0.1015573713  0.7211413885  0.779087552  -0.7545830341]
[ 0.0093697906  0.005277272  -0.2944413079 -0.0003747352  0.162159429
  0.0267482982 -0.0017011545 -0.2365908866 -0.0030158502  0.1477725481
  0.0015907261 -0.0142694511 -0.0203341458  0.0207794765  0.0161583826
 -0.0091857064  0.0055635414 -0.1884057302 -0.0062166532 -0.015318017
 -0.2128113837 -0.005281873   0.0300694838 -0.0044438192  0.2485831568
  0.2759230429  0.0075364595  0.0174558455]
