run = 0
step= 49

nparam= 56
        dense amplitude time= 0.0007162094116210938
        total non-zero amplitudes= 36
        nsamples per process= 36
self.n= 1.1206566964425106
        collect g,h time= 0.2628917694091797
E=-4.006298615366485,dE=-0.0006350807148836068,std=0
L=-4.006298615366485,dL=-0.0006350807148836068,std=0
        gnorm= 0.03992103226800499
        collect S matrix time= 0.00024175643920898438
        nonzero=25,wmax=1.9356123718902123,wmin=0.014770009220575682
        SR solver time= 0.00029659271240234375
        xnorm=1.0420846410631028,dnorm=0.010370252091229286
[ 0.1845400015 -0.0316842882 -0.0055671143  0.0072019809 -0.0367232159
  0.0064082488  0.0602294395  0.0471695962 -0.032759238  -0.0002675138
  0.0103179603 -0.1567591639  0.0174867029 -0.1234258783  0.0107213393
 -0.1313518665 -0.0146593915 -0.0036370588  0.179779893   0.0225289736
  0.0509480635  0.030457572  -0.1680712299 -0.004221839   0.0210064025
 -0.0429748814 -0.0310401421  0.1478764583]
step= 99

nparam= 56
        dense amplitude time= 0.0007231235504150391
        total non-zero amplitudes= 36
        nsamples per process= 36
self.n= 1.0888319738188996
        collect g,h time= 0.2720983028411865
E=-4.036845926566322,dE=-0.0010428544371503534,std=0
L=-4.036845926566322,dL=-0.0010428544371503534,std=0
        gnorm= 0.05855502442027356
        collect S matrix time= 0.00024199485778808594
        xnorm=1.672153180338693,dnorm=0.0
        nonzero=28,wmax=1.9420433636027743,wmin=0.002598551878745258
        SR solver time= 0.0003018379211425781
        collect H matrix time= 3.337860107421875e-05
        nonzero=28,smax=10.257335973673065,smin=0.015020931280765211
        RGN solver time= 0.0004162788391113281
        xnorm=1.672153180338693,dnorm=0.029213124315722847
        dense amplitude time= 0.0007190704345703125
        total non-zero amplitudes= 36
        nsamples per process= 36
self.n= 1.081332847059852
        RGN updated loss=-4.0379235760900745,dloss=-0.0010776495237525552
[ 0.3393343916 -0.0854529384 -0.0008015105  0.1517775369 -0.0067037667
  0.0187355755  0.0460518592  0.0109067239  0.0532802232 -0.0065848941
 -0.0671892332 -0.2863242459  0.0607019356 -0.2906647063  0.0108790012
 -0.1094774294 -0.1491936522  0.0016404269  0.3044796682  0.0387728372
  0.0265876471  0.1046576566 -0.1292414116  0.0094285327  0.0453465414
 -0.0565232363 -0.1986025341  0.1070433995]

run = 1
step= 49

nparam= 56
        dense amplitude time= 0.0007245540618896484
        total non-zero amplitudes= 36
        nsamples per process= 36
self.n= 0.9223124866474093
        collect g,h time= 0.26476287841796875
E=-4.025582777643058,dE=-0.001481700627743443,std=0
L=-4.025582777643058,dL=-0.001481700627743443,std=0
        gnorm= 0.09460730030661951
        collect S matrix time= 0.0002143383026123047
        nonzero=28,wmax=2.1237988957632443,wmin=0.0029803750448163715
        SR solver time= 0.0003192424774169922
        xnorm=0.9723700938602948,dnorm=0.009801947203131881
[-0.0290443338 -0.0215678732  0.2396095025  0.0480949903 -0.1669435454
 -0.0166472291 -0.0038193907  0.1812774367 -0.0019599872 -0.1554074911
 -0.0267813331  0.0076541233 -0.012531424  -0.0204965836 -0.021824555
 -0.0098668038  0.0269547459  0.2172018606  0.008184356  -0.0373600081
  0.2219418862 -0.0190748997 -0.0302800151  0.0410817085 -0.2282268947
 -0.2193184149  0.0398252375 -0.0086408864]
step= 99

nparam= 56
        dense amplitude time= 0.0007746219635009766
        total non-zero amplitudes= 36
        nsamples per process= 36
self.n= 0.7611338962793576
        collect g,h time= 0.2622835636138916
E=-4.17903343817034,dE=-3.188368271356268e-05,std=0
L=-4.17903343817034,dL=-3.188368271356268e-05,std=0
        gnorm= 0.009296705217828853
        collect S matrix time= 0.0002257823944091797
        xnorm=2.002122466755333,dnorm=0.0
        nonzero=31,wmax=2.131100976438063,wmin=0.0025853570122558586
        SR solver time= 0.00032138824462890625
        collect H matrix time= 3.170967102050781e-05
        nonzero=31,smax=4.62599822661697,smin=0.008123152454251216
        RGN solver time= 0.0004432201385498047
        xnorm=2.002122466755333,dnorm=0.0038828526034690117
        dense amplitude time= 0.0006542205810546875
        total non-zero amplitudes= 36
        nsamples per process= 36
self.n= 0.7622573429355048
        RGN updated loss=-4.179060419024503,dloss=-2.6980854163305423e-05
[-0.0571958015 -0.0010802137  0.4774652276 -0.0845889689 -0.4955814757
 -0.008998734  -0.021819884   0.4296861804  0.0626284071 -0.4991621721
 -0.1537180299  0.0262599643 -0.0208882451 -0.0042562255 -0.0137280816
 -0.0170490196  0.156371054   0.5442440888  0.0130600003 -0.0653752978
  0.5679918512  0.1078652471 -0.024608662   0.1170297818 -0.428641977
 -0.4269805271  0.2086908529  0.0346716843]
step= 149

nparam= 56
        dense amplitude time= 0.0007305145263671875
        total non-zero amplitudes= 36
        nsamples per process= 36
self.n= 0.7505434157052697
        collect g,h time= 0.2618286609649658
E=-4.179205103704304,dE=-4.1325504529510226e-07,std=0
L=-4.179205103704304,dL=-4.1325504529510226e-07,std=0
        gnorm= 0.002894166234423236
        collect S matrix time= 0.0002243518829345703
        xnorm=2.023260365549483,dnorm=0.0
        nonzero=31,wmax=2.1302175622867496,wmin=0.0024999388053003127
        SR solver time= 0.0003285408020019531
        collect H matrix time= 3.314018249511719e-05
        nonzero=31,smax=11.016688445474387,smin=0.015102453854703083
        RGN solver time= 0.0004317760467529297
        xnorm=2.023260365549483,dnorm=0.0021269958936864903
        dense amplitude time= 0.0006694793701171875
        total non-zero amplitudes= 36
        nsamples per process= 36
self.n= 0.7500073825458874
        RGN updated loss=-4.179205492214932,dloss=-3.8851062811318116e-07
[-0.0552474002 -0.0138430225  0.4926309014 -0.1094888793 -0.500582795
 -0.0039668038 -0.0141889611  0.4437021712  0.0532725198 -0.5040884739
 -0.1758600631  0.0365476117 -0.0149173563 -0.0035357898 -0.0113831526
 -0.0106430781  0.1817386356  0.5487811573  0.02210019   -0.0602673156
  0.5723047937  0.1287695801 -0.0235410696  0.1023571313 -0.443120474
 -0.4414349231  0.1971967554  0.0352295045]
step= 199

nparam= 56
        dense amplitude time= 0.0007219314575195312
        total non-zero amplitudes= 36
        nsamples per process= 36
self.n= 0.7311303558693447
        collect g,h time= 0.2617478370666504
E=-4.179209513570081,dE=-3.684505944789862e-08,std=0
L=-4.179209513570081,dL=-3.684505944789862e-08,std=0
        gnorm= 0.0025243898084974887
        collect S matrix time= 0.0002455711364746094
        xnorm=2.03247443779713,dnorm=0.0
        nonzero=31,wmax=2.148177901663489,wmin=0.002466417081202034
        SR solver time= 0.0003123283386230469
        collect H matrix time= 3.266334533691406e-05
        nonzero=31,smax=21.85334540553803,smin=0.027233356801879313
        RGN solver time= 0.00042510032653808594
        xnorm=2.03247443779713,dnorm=0.0012510734473425082
        dense amplitude time= 0.0006814002990722656
        total non-zero amplitudes= 36
        nsamples per process= 36
self.n= 0.7307090896189051
        RGN updated loss=-4.179209548752368,dloss=-3.518228730570172e-08
[-0.0547182538 -0.0249740439  0.5000747696 -0.1228176414 -0.4996902392
 -0.001984193  -0.0103244118  0.450727176   0.0436525754 -0.5048574397
 -0.1885178846  0.0412995697 -0.0124555229 -0.0034692484 -0.009958719
 -0.0070454952  0.1953167661  0.5476840293  0.0262353876 -0.0585293236
  0.5728742537  0.1407601532 -0.0230600716  0.0994089208 -0.4482435431
 -0.4465792681  0.1945290291  0.0348786986]
