run = 0
step= 49

nparam= 56
        dense amplitude time= 0.0007641315460205078
        total non-zero amplitudes= 36
        nsamples per process= 36
self.n= 0.9965513256728495
        collect g,h time= 0.26428794860839844
E=-3.981700213394578,dE=-0.0017332846406761249,std=0
L=-3.981700213394578,dL=-0.0017332846406761249,std=0
        gnorm= 0.10027447192661035
        collect S matrix time= 0.0002110004425048828
        nonzero=29,wmax=2.0591945408315557,wmin=0.0021291080068211485
        SR solver time= 0.0003445148468017578
        xnorm=1.004936606014816,dnorm=0.037926521332896854
[ 0.0298973556 -0.058895721   0.2540179168 -0.0070352667 -0.1956092963
 -0.0046354512 -0.0402574715  0.2426561756 -0.0008958001 -0.1942385975
  0.0052129415 -0.0469518988  0.0082682677  0.0283246683  0.0198686252
 -0.0376065808 -0.0083477733  0.2109388264 -0.0336453331  0.0139700312
  0.1692258075  0.0081940323 -0.0063539716  0.0312567653 -0.1851116727
 -0.2337025818 -0.0124970296 -0.0049922099]
step= 99

nparam= 56
        dense amplitude time= 0.0007495880126953125
        total non-zero amplitudes= 36
        nsamples per process= 36
self.n= 0.21342306049978635
        collect g,h time= 0.2628059387207031
E=-4.13567458851725,dE=-0.0002846894746380002,std=0
L=-4.13567458851725,dL=-0.0002846894746380002,std=0
        gnorm= 0.15880366804860768
        collect S matrix time= 0.0002288818359375
        xnorm=2.1959419381260012,dnorm=0.0
        nonzero=28,wmax=4.602869562292103,wmin=0.0053889363108961886
        SR solver time= 0.0003540515899658203
        collect H matrix time= 3.4332275390625e-05
        nonzero=28,smax=26.55013132826112,smin=0.031639770141414295
        RGN solver time= 0.0004448890686035156
        xnorm=2.1959419381260012,dnorm=0.021606507699466135
        dense amplitude time= 0.0007510185241699219
        total non-zero amplitudes= 36
        nsamples per process= 36
self.n= 0.20947111262830392
        RGN updated loss=-4.135920476765868,dloss=-0.0002458882486182645
[ 0.0061247742 -0.2942607886  0.4513986304 -0.2576885932 -0.3486543822
  0.0240088309 -0.0519573066  0.4392549352 -0.2304837234 -0.3755356146
 -0.2731979567 -0.0400776225 -0.0095941693  0.055518392   0.0137579031
 -0.0245618023  0.2447776469  0.3585244354 -0.0340666469  0.0336424657
  0.3498244237  0.2944288392 -0.0096429069  0.2572279962 -0.4367259419
 -0.4795031725  0.2230692543  0.0107519525]

run = 1
step= 49

nparam= 56
        dense amplitude time= 0.0008270740509033203
        total non-zero amplitudes= 36
        nsamples per process= 36
self.n= 1.0307622752344998
        collect g,h time= 0.2762181758880615
E=-3.984608173184561,dE=-0.0017625340280140733,std=0
L=-3.984608173184561,dL=-0.0017625340280140733,std=0
        gnorm= 0.10152864688567051
        collect S matrix time= 0.000213623046875
        nonzero=29,wmax=2.030267354762288,wmin=0.0022121543825405128
        SR solver time= 0.0003528594970703125
        xnorm=1.0084734418049615,dnorm=0.03648412454267145
[ 0.0530918762  0.0090829948  0.2358793092  0.0365279828 -0.1884508048
  0.0039675582  0.000218609   0.2302784832  0.0319451805 -0.1983648361
  0.0137828994  0.0404968713 -0.0344166897  0.0373438499  0.0102354445
 -0.0148971907 -0.044182456   0.2081108238  0.0383506239 -0.0348845365
  0.1850449613  0.0642961904 -0.0134643516  0.0360226489 -0.2313342085
 -0.2375045855 -0.0569393671 -0.0207765772]
step= 99

nparam= 56
        dense amplitude time= 0.0007791519165039062
        total non-zero amplitudes= 36
        nsamples per process= 36
self.n= 0.2657756426434946
        collect g,h time= 0.2625453472137451
E=-4.138914555117617,dE=-0.00040445518298337646,std=0
L=-4.138914555117617,dL=-0.00040445518298337646,std=0
        gnorm= 0.13374720849624666
        collect S matrix time= 0.0002460479736328125
        xnorm=2.110473822425421,dnorm=0.0
        nonzero=28,wmax=3.7818488038937055,wmin=0.004003560430450722
        SR solver time= 0.00036334991455078125
        collect H matrix time= 3.62396240234375e-05
        nonzero=28,smax=21.085210864347644,smin=0.023580031601386272
        RGN solver time= 0.00044798851013183594
        xnorm=2.110473822425421,dnorm=0.018823845298893083
        dense amplitude time= 0.0006895065307617188
        total non-zero amplitudes= 36
        nsamples per process= 36
self.n= 0.2621099647873097
        RGN updated loss=-4.13928636627179,dloss=-0.0003718111541726188
[ 0.0385129631  0.186004423   0.4550171561  0.3052234388 -0.3595673103
  0.0036439083 -0.0079740431  0.4483492197  0.3009439627 -0.360540748
  0.2495500772  0.0336760165 -0.0090315664  0.0227126977 -0.0052301415
 -0.0108543039 -0.3116838367  0.3760011783  0.043900158  -0.0434174928
  0.3409606882 -0.1681007797 -0.0019050776 -0.1694901893 -0.4739047305
 -0.4812592629 -0.2629601998 -0.0050941416]

run = 2
step= 49

nparam= 56
        dense amplitude time= 0.0008218288421630859
        total non-zero amplitudes= 36
        nsamples per process= 36
self.n= 0.9634286019351559
        collect g,h time= 0.2663865089416504
E=-3.9812080831288923,dE=-0.0016391206013475212,std=0
L=-3.9812080831288923,dL=-0.0016391206013475212,std=0
        gnorm= 0.09833290212054613
        collect S matrix time= 0.0001900196075439453
        nonzero=28,wmax=2.0663357707835357,wmin=0.0031616153624133376
        SR solver time= 0.0003371238708496094
        xnorm=1.005898625128193,dnorm=0.010708886982116188
[ 0.0157525041 -0.0212045427 -0.2333696169 -0.028433964   0.2036126678
  0.010059239   0.0148429354 -0.2423946992 -0.0105763017  0.1765808619
 -0.0112926964  0.0037984052 -0.020792496   0.0173459121 -0.0144346268
 -0.0076846866 -0.004433352  -0.1784824102 -0.0075206663 -0.0239925411
 -0.2012588913 -0.03219009   -0.0004604552  0.0570705337  0.1953680806
  0.2146062644 -0.0335402239  0.0096313804]
step= 99

nparam= 56
        dense amplitude time= 0.0006940364837646484
        total non-zero amplitudes= 36
        nsamples per process= 36
self.n= 0.8676677446061066
        collect g,h time= 0.25996994972229004
E=-4.158668397163659,dE=-2.956793506925237e-05,std=0
L=-4.158668397163659,dL=-2.956793506925237e-05,std=0
        gnorm= 0.008243820615030227
        collect S matrix time= 0.00025653839111328125
        xnorm=1.847716031016558,dnorm=0.0
        nonzero=29,wmax=1.998407614489471,wmin=0.003414939884364248
        SR solver time= 0.0003001689910888672
        collect H matrix time= 3.170967102050781e-05
        nonzero=30,smax=4.378376259887852,smin=0.004824171093959306
        RGN solver time= 0.000438690185546875
        xnorm=1.847716031016558,dnorm=0.005150663040741045
        dense amplitude time= 0.0006382465362548828
        total non-zero amplitudes= 36
        nsamples per process= 36
self.n= 0.8662665434004543
        RGN updated loss=-4.158692592639561,dloss=-2.4195475901933605e-05
[ 0.0539805087 -0.1030281217 -0.5163461431 -0.1520446463  0.5167220887
  0.0001405311  0.0692921156 -0.5328668224 -0.062057434   0.4731201347
 -0.1627544539  0.0783997127 -0.0487144743  0.0083411225  0.014868943
 -0.0804992131  0.1392468693 -0.4710860247 -0.0713942972  0.0104232099
 -0.4701905503  0.1462866727  0.0234760322  0.1044535541  0.5247165901
  0.5537369834  0.0102200036 -0.0263996   ]
step= 149

nparam= 56
        dense amplitude time= 0.0006840229034423828
        total non-zero amplitudes= 36
        nsamples per process= 36
self.n= 0.8060686911865041
        collect g,h time= 0.2622802257537842
E=-4.158773933628163,dE=-3.868907061388427e-07,std=0
L=-4.158773933628163,dL=-3.868907061388427e-07,std=0
        gnorm= 0.00487925875586873
        collect S matrix time= 0.0002913475036621094
        xnorm=1.8967496853962897,dnorm=0.0
        nonzero=29,wmax=2.041988063321661,wmin=0.003510758098922981
        SR solver time= 0.0003116130828857422
        collect H matrix time= 3.4809112548828125e-05
        nonzero=29,smax=20.80745251114686,smin=0.04069618635596085
        RGN solver time= 0.00042629241943359375
        xnorm=1.8967496853962897,dnorm=0.002198029700632192
        dense amplitude time= 0.0006496906280517578
        total non-zero amplitudes= 36
        nsamples per process= 36
self.n= 0.8046174709711051
        RGN updated loss=-4.158774293097782,dloss=-3.5946961851607284e-07
[ 0.051709194  -0.101574073  -0.5197396799 -0.1660677527  0.5259380544
 -0.0039740556  0.0828205366 -0.5355885579 -0.0636186937  0.4809644837
 -0.1824290795  0.0910927258 -0.0533490764  0.010024417   0.0176023464
 -0.0921283406  0.1691737483 -0.4828231697 -0.0826355849  0.0143642607
 -0.4805278321  0.176994761   0.0210874627  0.1053677489  0.5285526413
  0.5567308574  0.0131222696 -0.0243156104]
