run = 0
step= 49

nparam= 56
        dense amplitude time= 0.0007281303405761719
        total non-zero amplitudes= 36
        nsamples per process= 36
self.n= 0.8511390354842633
        collect g,h time= 0.26546335220336914
E=-4.218408936492656,dE=-0.00071344272364815,std=0
L=-4.218408936492656,dL=-0.00071344272364815,std=0
        gnorm= 0.05928148230127482
        collect S matrix time= 0.00024437904357910156
        nonzero=26,wmax=2.136049947492733,wmin=0.002397965865131577
        SR solver time= 0.0003037452697753906
        xnorm=0.832773126271384,dnorm=0.008235504889231204
[-0.0013264084  0.0578712456  0.1657436994 -0.0316886938 -0.1494258801
  0.000180362   0.0154925186  0.1901060028  0.0585361936 -0.1342291804
  0.0382824777 -0.0245476938  0.0100880679 -0.0124918119 -0.0006333852
 -0.006126225  -0.0007164531  0.1582902278 -0.0129696947 -0.0001307445
  0.1706656226  0.0122937279 -0.0153289886 -0.0348025384 -0.1931121687
 -0.154247115  -0.0516494913 -0.0211530219]
step= 99

nparam= 56
        dense amplitude time= 0.0007317066192626953
        total non-zero amplitudes= 36
        nsamples per process= 36
self.n= 0.2111075960434223
        collect g,h time= 0.2639031410217285
E=-4.279083824450739,dE=-6.0803601434678e-05,std=0
L=-4.279083824450739,dL=-6.0803601434678e-05,std=0
        gnorm= 0.04537403750338937
        collect S matrix time= 0.0002353191375732422
        xnorm=1.8819733571843609,dnorm=0.0
        nonzero=28,wmax=4.672959327114532,wmin=0.009947941388761693
        SR solver time= 0.0003197193145751953
        collect H matrix time= 3.314018249511719e-05
        nonzero=28,smax=12.318513532552759,smin=0.03027792470743515
        RGN solver time= 0.0004496574401855469
        xnorm=1.8819733571843609,dnorm=0.0050117323876561455
        dense amplitude time= 0.0006573200225830078
        total non-zero amplitudes= 36
        nsamples per process= 36
self.n= 0.21050012269068227
        RGN updated loss=-4.279142946834442,dloss=-5.912238370342493e-05
[ 0.0310738031  0.2926090797  0.3805432495  0.1842681858 -0.3036567437
  0.0104381256  0.008366399   0.4154515478  0.2745504081 -0.2940999974
  0.2380234549 -0.007732485  -0.0005251783 -0.0390463955 -0.0146429016
  0.0001017802 -0.2065547969  0.3139902987 -0.0282511706  0.0068570572
  0.3275139088 -0.1989612368  0.0452592356 -0.2409352293 -0.4452440212
 -0.4166560235 -0.2224928962 -0.0681113629]
step= 149

nparam= 56
        dense amplitude time= 0.0007443428039550781
        total non-zero amplitudes= 36
        nsamples per process= 36
self.n= 0.19653176370837502
        collect g,h time= 0.26212358474731445
E=-4.281054081394299,dE=-1.1642321503302355e-05,std=0
L=-4.281054081394299,dL=-1.1642321503302355e-05,std=0
        gnorm= 0.011859199181297303
        collect S matrix time= 0.00026106834411621094
        xnorm=1.9977374481455168,dnorm=0.0
        nonzero=28,wmax=5.051529828750449,wmin=0.008530051911346481
        SR solver time= 0.0003104209899902344
        collect H matrix time= 3.24249267578125e-05
        nonzero=28,smax=8.461085552288138,smin=0.016858832766340596
        RGN solver time= 0.0004341602325439453
        xnorm=1.9977374481455168,dnorm=0.0019068668843600675
        dense amplitude time= 0.0006551742553710938
        total non-zero amplitudes= 36
        nsamples per process= 36
self.n= 0.196427079759198
        RGN updated loss=-4.281065073837603,dloss=-1.0992443303159405e-05
[ 0.0334114451  0.2720082134  0.418496429   0.22437385   -0.346923491
  0.0117587924  0.0071382957  0.4551754176  0.2405617234 -0.3377722806
  0.2848617874 -0.0049035706 -0.0027476813 -0.0360617723 -0.0164070847
 -0.0014099786 -0.2520450271  0.3565449383 -0.0261141681  0.0075272611
  0.3714882932 -0.2399369816  0.0479845176 -0.2148313818 -0.4880537065
 -0.4630181714 -0.1847734044 -0.0661551972]
step= 199

nparam= 56
        dense amplitude time= 0.0007314682006835938
        total non-zero amplitudes= 36
        nsamples per process= 36
self.n= 0.19513057142069232
        collect g,h time= 0.260775089263916
E=-4.281227039956117,dE=-3.1709155035031245e-07,std=0
L=-4.281227039956117,dL=-3.1709155035031245e-07,std=0
        gnorm= 0.002765883507792481
        collect S matrix time= 0.00024962425231933594
        xnorm=2.019467675766283,dnorm=0.0
        nonzero=28,wmax=5.056337765688635,wmin=0.007941436027825745
        SR solver time= 0.00031280517578125
        collect H matrix time= 3.2901763916015625e-05
        nonzero=28,smax=8.510631568863783,smin=0.015676005632361784
        RGN solver time= 0.00043654441833496094
        xnorm=2.019467675766283,dnorm=0.0004498056267378293
        dense amplitude time= 0.0006761550903320312
        total non-zero amplitudes= 36
        nsamples per process= 36
self.n= 0.19513594153213415
        RGN updated loss=-4.28122732638119,dloss=-2.8642507299281306e-07
[ 0.0329132214  0.2673185269  0.4271516853  0.2317722528 -0.3578856711
  0.0113797418  0.0065852873  0.4642768352  0.2328500695 -0.3487980505
  0.2940787722 -0.0044422631 -0.0019838826 -0.0344262026 -0.0158057659
 -0.0020050343 -0.2610252821  0.3673711216 -0.0257949134  0.0070690216
  0.3824998978 -0.2474468973  0.047713605  -0.2086705403 -0.4984695083
 -0.4744575863 -0.1752421447 -0.0644476054]
