R = 1.01
step= 49

nparam= 51
        dense amplitude time= 0.0009918212890625
        total non-zero amplitudes= 36
        nsamples per process= 12
self.n= 0.6231089100063651
        collect g,h time= 0.15564942359924316
E=-4.600754787519298,dE=-3.552713678800501e-15,std=0
L=-4.600754787519298,dL=-3.552713678800501e-15,std=0
        gnorm= 2.0625583048766978e-05
        collect S matrix time= 8.606910705566406e-05
        nonzero=30,wmax=2.061525029096014,wmin=0.0030348451732652485
        SR solver time= 0.00040531158447265625
        collect H matrix time= 3.7670135498046875e-05
        nonzero=31,smax=3.070979849371701,smin=0.003251693633084151
        RGN solver time= 0.00045871734619140625
        xnorm=1.0942639611156735,dnorm=1.1323207693438617e-07
        dense amplitude time= 0.0011868476867675781
        total non-zero amplitudes= 36
        nsamples per process= 12
self.n= 0.6231089123898697
        RGN updated loss=-4.600754787519299,dloss=-8.881784197001252e-16
[ 0.1291077394 -0.289794673  -0.0058370746  0.3194016036 -0.0556592249
 -0.0046140593 -0.4235860437]
[ 0.0822579691 -0.01020625    0.1619551352 -0.0437287853 -0.0744833882
  0.0562705089  0.0405738033 -0.0398716278 -0.0202084857  0.0959244755
  0.0350060775 -0.2637425769  0.0200082608  0.0171218148 -0.0473098914
 -0.2490672832]
[ 0.0369072361 -0.0006234367  0.0747016616  0.0531761743 -0.2285233511
 -0.0066457858 -0.0370295007  0.1681814734  0.000729574   0.0302449339
  0.0310472052  0.0156265963  0.0410845047 -0.0399882015 -0.0264297663
  0.0258327532  0.0512263676  0.23839441    0.0235954759 -0.2174616473
 -0.0526261477  0.0634697618 -0.1187496927 -0.0120913249 -0.4494964287
 -0.4300683549  0.0142196772  0.0762750237]

R = 1.03
step= 49

nparam= 51
        dense amplitude time= 0.0010447502136230469
        total non-zero amplitudes= 36
        nsamples per process= 12
self.n= 0.6159963373987537
        collect g,h time= 0.15549445152282715
E=-4.566780779682257,dE=-1.7763568394002505e-15,std=0
L=-4.566780779682257,dL=-1.7763568394002505e-15,std=0
        gnorm= 2.0483368771858448e-05
        collect S matrix time= 4.744529724121094e-05
        nonzero=30,wmax=2.078389417323764,wmin=0.0032069631372857706
        SR solver time= 0.00034356117248535156
        collect H matrix time= 3.147125244140625e-05
        nonzero=31,smax=3.0585656289940193,smin=0.003569031244618079
        RGN solver time= 0.0004165172576904297
        xnorm=1.0947158308749072,dnorm=5.8985104464384856e-08
        dense amplitude time= 0.0009660720825195312
        total non-zero amplitudes= 36
        nsamples per process= 12
self.n= 0.6159963378081573
        RGN updated loss=-4.566780779682255,dloss=1.7763568394002505e-15
        xnorm=1.0947158308749072,dnorm=8.091990092750708e-07
[ 0.1214585336 -0.2787381475 -0.0051873507  0.3003843309 -0.0551589142
  0.0073359147 -0.41183183  ]
[ 0.0919892375 -0.0076333381  0.156824356  -0.0446125888 -0.0801276311
  0.0480510705  0.0410855453 -0.0424102374 -0.019874857   0.0995940177
  0.0368262181 -0.2693082497  0.0297360004  0.0190910106 -0.0516553609
 -0.2502682061]
[ 0.0379707757 -0.0001965318  0.0841480935  0.0527759963 -0.2305993645
 -0.0062828275 -0.0356235515  0.177715858   0.0026580254  0.0263159685
  0.0295387554  0.0170620632  0.0411426301 -0.0410360576 -0.0246460865
  0.0243162442  0.0506710769  0.2419487447  0.0224488029 -0.2219628783
 -0.0481284293  0.0634642715 -0.1175122229 -0.011915082  -0.4593623087
 -0.439408988   0.0142802182  0.0751145433]

R = 1.05
step= 49

nparam= 51
        dense amplitude time= 0.001046895980834961
        total non-zero amplitudes= 36
        nsamples per process= 12
self.n= 0.6081567678497519
        collect g,h time= 0.1564347743988037
E=-4.533831270372458,dE=-3.8191672047105385e-14,std=0
L=-4.533831270372458,dL=-3.8191672047105385e-14,std=0
        gnorm= 2.2227536144686277e-05
        collect S matrix time= 7.152557373046875e-05
        nonzero=30,wmax=2.0958576817183636,wmin=0.003378274288873616
        SR solver time= 0.00033783912658691406
        collect H matrix time= 3.361701965332031e-05
        nonzero=31,smax=3.0515422210231526,smin=0.003913599196259986
        RGN solver time= 0.00043773651123046875
        xnorm=1.0966285190320784,dnorm=6.627005159344304e-07
        dense amplitude time= 0.0010349750518798828
        total non-zero amplitudes= 36
        nsamples per process= 12
self.n= 0.6081567335922813
        RGN updated loss=-4.533831270372464,dloss=-6.217248937900877e-15
[ 0.1128338788 -0.2673100707 -0.0044860472  0.2800023741 -0.0554288809
  0.019794305  -0.3983127346]
[ 0.1024364385 -0.0047025937  0.1509604914 -0.0454961699 -0.0866687329
  0.0401275921  0.0415040898 -0.0448839539 -0.0195072331  0.1026130006
  0.03859986   -0.2744535903  0.0410646424  0.021246468  -0.0564177658
 -0.2496360508]
[ 0.0390050035  0.0002265787  0.0952643315  0.0523591819 -0.2337278975
 -0.0064565639 -0.034212172   0.1887416602  0.0047530524  0.0216441506
  0.0279991858  0.0187367464  0.0408882122 -0.0420362334 -0.0225624149
  0.0228008292  0.050183179   0.2469840059  0.0211450227 -0.2267815423
 -0.0427167836  0.0633343232 -0.1161083914 -0.0117499157 -0.4699437238
 -0.4494648928  0.0143287709  0.0738479993]

R = 1.07
step= 49

nparam= 51
        dense amplitude time= 0.0009503364562988281
        total non-zero amplitudes= 36
        nsamples per process= 12
self.n= 0.5995005278262336
        collect g,h time= 0.15797948837280273
E=-4.501969161904812,dE=-1.7763568394002505e-15,std=0
L=-4.501969161904812,dL=-1.7763568394002505e-15,std=0
        gnorm= 2.3860521861790542e-05
        collect S matrix time= 0.0001373291015625
        nonzero=31,wmax=2.11429587498963,wmin=0.0021168774820090695
        SR solver time= 0.00030922889709472656
        collect H matrix time= 3.504753112792969e-05
        nonzero=31,smax=3.050686173299626,smin=0.004275224568708072
        RGN solver time= 0.0004203319549560547
        xnorm=1.1005767174160472,dnorm=5.5062307887339125e-08
        dense amplitude time= 0.0009419918060302734
        total non-zero amplitudes= 36
        nsamples per process= 12
self.n= 0.5995005233312332
        RGN updated loss=-4.501969161904813,dloss=-8.881784197001252e-16
[ 0.1028637797 -0.2554683981 -0.0037437109  0.2581834203 -0.0565352846
  0.0326793949 -0.3828071928]
[ 0.1137388923 -0.0015192785  0.144345921  -0.0463530848 -0.0941979294
  0.0328433601  0.041823646  -0.0472595863 -0.0190811231  0.1050015693
  0.0403364775 -0.2790173534  0.05420145    0.0236045743 -0.0617021742
 -0.2468913998]
[ 0.0400233219  0.0006297429  0.1082612684  0.0519218345 -0.2381212648
 -0.0072241051 -0.0327910901  0.2014529802  0.0070338085  0.0160870208
  0.0264337942  0.0206555348  0.0403477442 -0.0429940645 -0.0201803247
  0.02127921    0.0497693032  0.2537553267  0.0196979584 -0.2320258091
 -0.0362521456  0.0630641132 -0.1145391068 -0.0116172917 -0.4813807946
 -0.4603628938  0.014376124   0.0724965968]

R = 1.09
step= 49

nparam= 51
        dense amplitude time= 0.0010135173797607422
        total non-zero amplitudes= 36
        nsamples per process= 12
self.n= 0.5899739535346458
        collect g,h time= 0.15578699111938477
E=-4.471275129248067,dE=-6.217248937900877e-15,std=0
L=-4.471275129248067,dL=-6.217248937900877e-15,std=0
        gnorm= 2.3203054756266654e-05
        collect S matrix time= 8.702278137207031e-05
        nonzero=31,wmax=2.13414773585999,wmin=0.002334560113947739
        SR solver time= 0.0004093647003173828
        collect H matrix time= 3.24249267578125e-05
        nonzero=31,smax=3.0565681838379537,smin=0.004645413674528803
        RGN solver time= 0.0004525184631347656
        xnorm=1.1073054037753758,dnorm=7.271891346694573e-08
        dense amplitude time= 0.0011925697326660156
        total non-zero amplitudes= 36
        nsamples per process= 12
self.n= 0.5899739499797686
        RGN updated loss=-4.471275129248071,dloss=-4.440892098500626e-15
[ 0.091041006  -0.2431409464 -0.0029721112  0.2347468962 -0.0584372777
  0.0460100993 -0.3650878773]
[ 0.1260772192  0.001806747   0.1370230381 -0.0471580264 -0.1027596185
  0.0266329415  0.0420447091 -0.0494632464 -0.018576106   0.1068669929
  0.0420714752 -0.2827993947  0.0692991929  0.0261787221 -0.0676353607
 -0.2417416276]
[ 0.0410325931  0.0009921989  0.123333123   0.0514627083 -0.2440481572
 -0.0086165941 -0.0313655218  0.2160323269  0.0095249254  0.0094512411
  0.0248455798  0.0228130779  0.039590155  -0.0439105655 -0.0175393634
  0.019753706   0.0494358342  0.2625486204  0.0181306205 -0.2378508254
 -0.0285691845  0.0626466986 -0.1128225839 -0.0115436331 -0.4938462555
 -0.4722479435  0.0144407571  0.0711043026]

R = 1.11
step= 49

nparam= 51
        dense amplitude time= 0.0009584426879882812
        total non-zero amplitudes= 36
        nsamples per process= 12
self.n= 0.5796123338520655
        collect g,h time= 0.1570441722869873
E=-4.4418498614516775,dE=-2.3092638912203256e-14,std=0
L=-4.4418498614516775,dL=-2.3092638912203256e-14,std=0
        gnorm= 1.8312050437072064e-05
        collect S matrix time= 5.030632019042969e-05
        nonzero=31,wmax=2.1556241097894184,wmin=0.0025687273380441042
        SR solver time= 0.00031566619873046875
        collect H matrix time= 3.600120544433594e-05
        nonzero=31,smax=3.0691886741660923,smin=0.005033163275367562
        RGN solver time= 0.0004971027374267578
        xnorm=1.117758817800996,dnorm=1.5778074672933794e-07
        dense amplitude time= 0.0009226799011230469
        total non-zero amplitudes= 36
        nsamples per process= 12
self.n= 0.57961232683731
        RGN updated loss=-4.441849861451697,dloss=-1.9539925233402755e-14
[ 0.0766837929 -0.2302228982 -0.0021887369  0.2092947768 -0.0608762125
  0.0599906881 -0.3449326944]
[ 0.1396848019  0.0051760891  0.1291274291 -0.047877475  -0.1123212854
  0.0220732297  0.0421728951 -0.0513327666 -0.0179732788  0.1084245233
  0.0438850752 -0.2855474427  0.0863760541  0.0289739483 -0.0743628876
 -0.2338881622]
[ 0.0420304641  0.001285643   0.1406578441  0.0509825606 -0.2518430302
 -0.0106213612 -0.0299496213  0.2326552067  0.0122602281  0.0014691977
  0.0232293771  0.0251981221  0.0387416079 -0.0447822331 -0.0147326465
  0.0182365177  0.049187253   0.2736743033  0.0164689908 -0.2444802682
 -0.0194691302  0.0620872977 -0.1109956065 -0.0115594288 -0.5075437058
 -0.4852740737  0.0145514287  0.0697410471]

R = 1.13
step= 49

nparam= 51
        dense amplitude time= 0.0009429454803466797
        total non-zero amplitudes= 36
        nsamples per process= 12
self.n= 0.5686155610487378
        collect g,h time= 0.1543729305267334
E=-4.413814138191007,dE=-8.260059303211165e-14,std=0
L=-4.413814138191007,dL=-8.260059303211165e-14,std=0
        gnorm= 7.931979183114512e-06
        collect S matrix time= 0.00011587142944335938
        nonzero=31,wmax=2.1779788181525515,wmin=0.002842320397392682
        SR solver time= 0.0003101825714111328
        collect H matrix time= 3.170967102050781e-05
        nonzero=31,smax=3.0874548142364207,smin=0.005481104115952316
        RGN solver time= 0.00043129920959472656
        xnorm=1.133145743441618,dnorm=2.849340727596136e-07
        dense amplitude time= 0.0009553432464599609
        total non-zero amplitudes= 36
        nsamples per process= 12
self.n= 0.5686155494057905
        RGN updated loss=-4.413814138191075,dloss=-6.750155989720952e-14
[ 0.058904146  -0.216566462  -0.0014185977  0.1811039773 -0.0632062621
  0.0751357509 -0.3221695047]
[ 0.1548189627  0.0084916524  0.1209602358 -0.048452216  -0.122777595
  0.0200112375  0.0422187431 -0.0525753731 -0.0172424295  0.1100239665
  0.0459298248 -0.2869249626  0.1051626507  0.0319784324 -0.0820695704
 -0.2230280273]
[ 0.0430104619  0.0014733758  0.160438668   0.0504852112 -0.2619181232
 -0.0131558934 -0.0285637024  0.2515404077  0.0152918866 -0.0082439223
  0.0215631048  0.027804783   0.0380082686 -0.0456078242 -0.0119283634
  0.0167466208  0.0490211354  0.2874599086  0.014731162  -0.2522553537
 -0.0087081542  0.0614016572 -0.1091062606 -0.0116964151 -0.5227008139
 -0.4995859665  0.0147508765  0.0684974013]

R = 1.15
step= 49

nparam= 51
        dense amplitude time= 0.0010502338409423828
        total non-zero amplitudes= 36
        nsamples per process= 12
self.n= 0.5574316320016558
        collect g,h time= 0.15679502487182617
E=-4.387304240452197,dE=-1.7408297026122455e-13,std=0
L=-4.387304240452197,dL=-1.7408297026122455e-13,std=0
        gnorm= 1.0650463931549223e-05
        collect S matrix time= 0.00013256072998046875
        nonzero=31,wmax=2.198211619631698,wmin=0.002859061077519463
        SR solver time= 0.0003104209899902344
        collect H matrix time= 3.886222839355469e-05
        nonzero=31,smax=3.1083362284141565,smin=0.006009760867342409
        RGN solver time= 0.0004980564117431641
        xnorm=1.1551280511075137,dnorm=4.076725607074957e-07
        dense amplitude time= 0.0009827613830566406
        total non-zero amplitudes= 36
        nsamples per process= 12
self.n= 0.5574316160135041
        RGN updated loss=-4.387304240452344,dloss=-1.4654943925052066e-13
[ 0.0366090884 -0.2019461449 -0.0006937321  0.1491843699 -0.0642550537
  0.0924027477 -0.296786345 ]
[ 0.1715987436  0.0116224967  0.1131806822 -0.0487725316 -0.1340504106
  0.0217987012  0.042210728  -0.0527768139 -0.0163145909  0.112230582
  0.0484716063 -0.286435447   0.1248047523  0.035153004  -0.0910805143
 -0.208847433 ]
[ 0.043976042   0.0015146314  0.1830265324  0.0499830254 -0.2747928361
 -0.016018386  -0.0272243844  0.2730944297  0.0187076154 -0.0202892151
  0.0197951262  0.0306474814  0.0377280325 -0.0463996709 -0.0094095955
  0.015298418   0.0489154154  0.3042451622  0.0129176647 -0.2617602085
  0.0040305887  0.0606065805 -0.1071968516 -0.0119803    -0.5395710406
 -0.5152973713  0.0151021482  0.0674668504]

R = 1.17
step= 49

nparam= 51
        dense amplitude time= 0.0010182857513427734
        total non-zero amplitudes= 36
        nsamples per process= 12
self.n= 0.546800760396942
        collect g,h time= 0.15749263763427734
E=-4.362459540086862,dE=-8.520562033709211e-11,std=0
L=-4.362459540086862,dL=-8.520562033709211e-11,std=0
        gnorm= 3.225722445320098e-05
        collect S matrix time= 9.107589721679688e-05
        nonzero=31,wmax=2.209558309311594,wmin=0.002461364823473064
        SR solver time= 0.0004074573516845703
        collect H matrix time= 4.601478576660156e-05
        nonzero=31,smax=4.155386499137283,smin=0.0064999622462681575
        RGN solver time= 0.00045943260192871094
        xnorm=1.1861611242136598,dnorm=9.06977107512641e-06
        dense amplitude time= 0.0011475086212158203
        total non-zero amplitudes= 36
        nsamples per process= 12
self.n= 0.5467999256581996
        RGN updated loss=-4.362459540314298,dloss=-2.2743584793261107e-10
[ 0.0085990292 -0.1859547515 -0.0000396338  0.1128092099 -0.0624463363
  0.1132697563 -0.269108957 ]
[ 0.1895148266  0.0143725347  0.1073315242 -0.0486327152 -0.1463132511
  0.0294884219  0.0422287775 -0.0516603701 -0.0150369305  0.1159045764
  0.0518837438 -0.2831795794  0.1432986653  0.0384210186 -0.1021533661
 -0.1910680502]
[ 0.0449633954  0.0013801756  0.2090975547  0.049506749  -0.2911937646
 -0.018756057  -0.0259477595  0.2981245089  0.0226314769 -0.0356952981
  0.0178396473  0.0337580441  0.0384457355 -0.0471881477 -0.0076952001
  0.0138857936  0.0488088182  0.3243856765  0.0110253003 -0.2740419321
  0.0192069145  0.0596939682 -0.1053019175 -0.0124252834 -0.5584746353
 -0.5324739321  0.0157147013  0.0667518373]

R = 1.19
step= 49

nparam= 51
        dense amplitude time= 0.0010385513305664062
        total non-zero amplitudes= 36
        nsamples per process= 12
self.n= 0.537703833938956
        collect g,h time= 0.15346169471740723
E=-4.339399967767269,dE=-2.318145675417327e-13,std=0
L=-4.339399967767269,dL=-2.318145675417327e-13,std=0
        gnorm= 5.0853773461162064e-05
        collect S matrix time= 4.267692565917969e-05
        nonzero=30,wmax=2.201603215014507,wmin=0.002833581013881272
        SR solver time= 0.0003142356872558594
        collect H matrix time= 3.743171691894531e-05
        nonzero=31,smax=3.1298783144367746,smin=0.00421472376892279
        RGN solver time= 0.00047850608825683594
        xnorm=1.2300799198914418,dnorm=4.814305499246374e-07
        dense amplitude time= 0.001071929931640625
        total non-zero amplitudes= 36
        nsamples per process= 12
self.n= 0.5377038113051551
        RGN updated loss=-4.339399967767474,dloss=-2.0516921495072893e-13
[-0.0262874083 -0.1680593069  0.0004693809  0.0723511838 -0.0570724426
  0.1396756696 -0.239528327 ]
[ 0.2069983701  0.0165674565  0.1062842292 -0.0476834307 -0.1600103331
  0.0456846266  0.0423771162 -0.0482986029 -0.0131343912  0.1227378021
  0.0568470486 -0.275903528   0.1569233182  0.0416637044 -0.1166756028
 -0.169578253 ]
[ 0.0459837835  0.0009752283  0.2399164707  0.0491419991 -0.312200222
 -0.0205104008 -0.0246122212  0.3281949827  0.0273380298 -0.056305462
  0.0155233862  0.0372134929  0.0411734426 -0.0479960656 -0.0076238924
  0.0124488401  0.0485369403  0.3482297399  0.0090161452 -0.2910966609
  0.0375280664  0.0586493246 -0.1033932249 -0.0129623886 -0.5799077166
 -0.5511691159  0.0166863641  0.0663012301]

R = 1.21
step= 49

nparam= 51
        dense amplitude time= 0.0010151863098144531
        total non-zero amplitudes= 36
        nsamples per process= 12
self.n= 0.5311697316351999
        collect g,h time= 0.15626192092895508
E=-4.318194996811173,dE=-6.217248937900877e-15,std=0
L=-4.318194996811173,dL=-6.217248937900877e-15,std=0
        gnorm= 6.160400815711312e-05
        collect S matrix time= 0.0002467632293701172
        nonzero=29,wmax=2.1717074908667344,wmin=0.002885926157968672
        SR solver time= 0.0003185272216796875
        collect H matrix time= 3.743171691894531e-05
        nonzero=30,smax=3.1112292457250437,smin=0.0042223195722222665
        RGN solver time= 0.0004711151123046875
        xnorm=1.2927711884030102,dnorm=1.0896383768210021e-07
        dense amplitude time= 0.0009748935699462891
        total non-zero amplitudes= 36
        nsamples per process= 12
self.n= 0.5311697309581965
        RGN updated loss=-4.318194996811176,dloss=-2.6645352591003757e-15
[-0.0685596413 -0.1475545526  0.0008041645  0.029480457  -0.0480319172
  0.1737437151 -0.2087904832]
[ 0.2190420242  0.018126039   0.1162036012 -0.0454548483 -0.1752789182
  0.0743376795  0.0426339504 -0.0404412934 -0.0102916727  0.1349793163
  0.063831027  -0.2617272078  0.1582183608  0.0446979495 -0.1370452063
 -0.1449855127]
[ 0.0470488059  0.0001005877  0.2781300442  0.0490883407 -0.3399874232
 -0.0195650773 -0.0231732233  0.366491174   0.0330442024 -0.0857664547
  0.0128317638  0.0411018108  0.0475192619 -0.0486833084 -0.0109426445
  0.0109355733  0.0478454755  0.3764705158  0.0070369043 -0.3166421968
  0.0603546728  0.0571742461 -0.1014240411 -0.0134901823 -0.60472937
 -0.571339072   0.0182720893  0.0660836949]

R = 1.23
step= 49

nparam= 51
        dense amplitude time= 0.0010454654693603516
        total non-zero amplitudes= 36
        nsamples per process= 12
self.n= 0.5281103424329909
        collect g,h time= 0.1590414047241211
E=-4.2988314866264234,dE=-5.995204332975845e-13,std=0
L=-4.2988314866264234,dL=-5.995204332975845e-13,std=0
        gnorm= 0.00010928494430402208
        collect S matrix time= 0.00019097328186035156
        nonzero=28,wmax=2.1982846926469426,wmin=0.009854368663422299
        SR solver time= 0.00031495094299316406
        collect H matrix time= 3.0994415283203125e-05
        nonzero=30,smax=3.083584057931127,smin=0.003175276555978455
        RGN solver time= 0.00045680999755859375
        xnorm=1.3765330223693866,dnorm=8.6440459175398e-07
        dense amplitude time= 0.0009377002716064453
        total non-zero amplitudes= 36
        nsamples per process= 12
self.n= 0.5281103905110016
        RGN updated loss=-4.29883148662696,dloss=-5.364597654988756e-13
[-0.1115428657 -0.121540606  -0.0006731519 -0.003160181  -0.0367883015
  0.1992204881 -0.1880640286]
[ 0.2166533969  0.0274122735  0.1384052708 -0.0605677806 -0.1875495012
  0.1114004068  0.0469148656 -0.0184712483 -0.0091896246  0.1589639845
  0.0472717582 -0.2387379542  0.1389737688  0.0506745475 -0.1589483217
 -0.1282762945]
[ 0.0489637045 -0.0052028049  0.3244844613  0.0553334189 -0.3751139518
 -0.01481816   -0.0262382803  0.415072735   0.0316968368 -0.1267107381
  0.0205114554  0.0418834773  0.0585997819 -0.0468402968 -0.0191284929
  0.0153934705  0.0449947332  0.4089504845  0.012500464  -0.3526033087
  0.0878587926  0.0490480793 -0.1041730498 -0.0122264939 -0.6333860079
 -0.5927169671  0.0197108816  0.0669226564]

R = 1.25
step= 49

nparam= 51
        dense amplitude time= 0.0010001659393310547
        total non-zero amplitudes= 36
        nsamples per process= 12
self.n= 0.5306897485711564
        collect g,h time= 0.1540083885192871
E=-4.281187714253857,dE=-2.559552569891821e-11,std=0
L=-4.281187714253857,dL=-2.559552569891821e-11,std=0
        gnorm= 0.00024134240462253965
        collect S matrix time= 5.221366882324219e-05
        nonzero=29,wmax=2.210120334528975,wmin=0.0025723659615652693
        SR solver time= 0.00035691261291503906
        collect H matrix time= 3.3855438232421875e-05
        nonzero=30,smax=3.0772901096453578,smin=0.0038693510504593954
        RGN solver time= 0.00043082237243652344
        xnorm=1.4596101952647935,dnorm=5.6903184291529625e-06
        dense amplitude time= 0.0010857582092285156
        total non-zero amplitudes= 36
        nsamples per process= 12
self.n= 0.530690079810822
        RGN updated loss=-4.281187714276574,dloss=-2.2716939440670103e-11
[-0.1397902265 -0.0813227936 -0.0033951196 -0.0096073826 -0.0189255088
  0.1882644383 -0.1992736878]
[ 0.2015272489  0.0383304646  0.1475615078 -0.0872194064 -0.1899618269
  0.1329397381  0.0516038274  0.0070815287 -0.0090230256  0.1848452841
  0.0223994547 -0.2105393333  0.1109912053  0.0577963898 -0.1718233739
 -0.1398651728]
[ 0.0548489463 -0.0094095228  0.3683756312  0.0646044258 -0.4100604412
 -0.0087504262 -0.0320520839  0.461501093   0.0250790599 -0.1670165949
  0.0308827202  0.0398496502  0.0704377969 -0.0465206222 -0.0286940633
  0.0226158012  0.0416147691  0.4398583304  0.0209841708 -0.3876684864
  0.1138908219  0.0398178237 -0.1109903707 -0.0090532794 -0.6617734971
 -0.6134877054  0.0194552047  0.0679572377]

R = 1.27
