run = 0
step= 29

nparam= 38
        dense amplitude time= 0.0010743141174316406
        total non-zero amplitudes= 36
        nsamples per process= 12
self.n= 0.7499452381184513
        collect g,h time= 0.10224747657775879
E=-4.151182408013867,dE=-0.0018066043965268008,std=0
L=-4.151182408013867,dL=-0.0018066043965268008,std=0
        gnorm= 0.08617331797662024
        collect S matrix time= 7.319450378417969e-05
        nonzero=20,wmax=2.4158955601296084,wmin=0.02224079812551032
        SR solver time= 0.000225067138671875
        xnorm=1.5134778717172817,dnorm=0.014685692411201193
[ 0.2265777847 -0.0676062236  0.1456889233 -0.1104646548  0.1400420038
 -0.1170937935]
[ 0.1560652397  0.8202372096  0.731589418  -0.760544391 ]
[ 0.0138559988  0.0132373449  0.2596714805 -0.0771387917 -0.1628636435
  0.043521016   0.0864992139  0.1885539125  0.0072163322 -0.1565830941
 -0.0025723156  0.0041849524  0.0000999742 -0.0231817285  0.0521626282
  0.1451334138 -0.041065307   0.2182124117 -0.0192815321  0.0106793139
  0.1618566591 -0.0385808769 -0.0661500871 -0.018974314  -0.2399562275
 -0.1933590332  0.0311286861 -0.0353689921]
step= 49

nparam= 38
        dense amplitude time= 0.0010404586791992188
        total non-zero amplitudes= 36
        nsamples per process= 12
self.n= 0.4765473023111901
        collect g,h time= 0.14670968055725098
E=-4.223516532816587,dE=-9.800888989275336e-09,std=0
L=-4.223516532816587,dL=-9.800888989275336e-09,std=0
        gnorm= 0.0006054473216967643
        collect S matrix time= 3.409385681152344e-05
        nonzero=17,wmax=2.8553476743950985,wmin=0.2921635293403831
        SR solver time= 0.0002162456512451172
        collect H matrix time= 2.86102294921875e-05
        nonzero=17,smax=2.5667825724444016,smin=0.2299332507072233
        RGN solver time= 0.00025844573974609375
        xnorm=1.6300996933948082,dnorm=0.00012009249693381279
        dense amplitude time= 0.0010142326354980469
        total non-zero amplitudes= 36
        nsamples per process= 12
self.n= 0.47654593741001616
        RGN updated loss=-4.223516542454643,dloss=-9.638055686878033e-09
[ 0.0612846491 -0.2116313617  0.4608696865 -0.425645418   0.071604871
  0.264233079 ]
[ 0.0737463656  0.1122717595  0.4576569926 -0.6201397843]
[ 0.0213719411  0.0314352322  0.574238385  -0.0987564889 -0.2543805467
  0.0512442455  0.0840102245  0.5050886863 -0.0010710597 -0.3161321833
  0.0247444183 -0.0206477432  0.0062542213 -0.0148183573  0.050638202
  0.135484775  -0.0151542825  0.2965140876  0.0141653298 -0.0076658256
  0.3086285517 -0.0626613491 -0.0541405699 -0.0291020994 -0.5397990688
 -0.4975501451  0.0592162717 -0.0405557715]

run = 1
step= 29

nparam= 38
        dense amplitude time= 0.0011849403381347656
        total non-zero amplitudes= 36
        nsamples per process= 12
self.n= 0.620824749810846
        collect g,h time= 0.10743308067321777
E=-4.1441036605009085,dE=-0.0010056662557689222,std=0
L=-4.1441036605009085,dL=-0.0010056662557689222,std=0
        gnorm= 0.06321519954311172
        collect S matrix time= 3.910064697265625e-05
        nonzero=20,wmax=1.6166943090592367,wmin=0.0019402178659191456
        SR solver time= 0.00023102760314941406
        xnorm=0.8450328203874954,dnorm=0.018167863683977457
[ 0.2339820739 -0.1608405036  0.0882049723 -0.091888236   0.1639493444
  0.0121545827]
[ 0.0229314284 -0.0001202593 -0.0291737365  0.0710473179]
[-0.0112981951 -0.0418803649 -0.0828126093  0.0436973217  0.0956807944
  0.0037228227  0.0414397019 -0.0602541261  0.0465297083  0.0539656975
 -0.013573781   0.0320711069 -0.0816265068 -0.0050568124  0.0062545457
  0.0404281989 -0.0312199366 -0.1070238056  0.0410950266 -0.0775796687
 -0.1126164436  0.0102425777  0.0090400364  0.0311301653  0.5401716302
  0.4794053065 -0.0339116083 -0.0355045389]
step= 39

nparam= 38
        dense amplitude time= 0.0009722709655761719
        total non-zero amplitudes= 36
        nsamples per process= 12
self.n= 0.4866016346201168
        collect g,h time= 0.14560580253601074
E=-4.223107876991754,dE=-1.5177776688801714e-05,std=0
L=-4.223107876991754,dL=-1.5177776688801714e-05,std=0
        gnorm= 0.001764516234438418
        collect S matrix time= 5.1975250244140625e-05
        nonzero=17,wmax=3.051755390298469,wmin=0.25250167665118606
        SR solver time= 0.0002391338348388672
        collect H matrix time= 3.0517578125e-05
        nonzero=17,smax=2.7880942540609532,smin=0.2409413485646713
        RGN solver time= 0.0002551078796386719
        xnorm=1.5134759788525267,dnorm=0.005185867037551232
        dense amplitude time= 0.0009942054748535156
        total non-zero amplitudes= 36
        nsamples per process= 12
self.n= 0.4874527612815399
        RGN updated loss=-4.22312353279756,dloss=-1.5655805806424894e-05
[ 0.0418672092 -0.296144029   0.4115927112 -0.4152759749  0.1036217102
  0.3981216332]
[ 0.0679349726 -0.0014021163 -0.0339494117  0.075943519 ]
[-0.0245219452 -0.1096847989 -0.5281422514  0.0663285166  0.2803901943
 -0.0483728977  0.0343560862 -0.5105234469  0.1049036499  0.2533557534
 -0.0629033685  0.0399139356 -0.1321206707 -0.0071612085 -0.0512543958
  0.027447573  -0.0474520701 -0.2799627473  0.0464536018 -0.1567043935
 -0.3043128593  0.0517840445  0.0363992983  0.0880428205  0.6259067382
  0.5705506691 -0.1007992454  0.0039384594]
