run = 0
step= 99

nparam= 31
        dense amplitude time= 0.001588582992553711
        total non-zero amplitudes= 36
        nsamples per process= 12
self.n= 0.3408477452741946
        collect g,h time= 0.14563798904418945
E=-4.501932766654039,dE=-8.215526395183304e-06,std=0
L=-4.501932766654039,dL=-8.215526395183304e-06,std=0
        gnorm= 0.002816348322308696
        collect S matrix time= 4.9114227294921875e-05
        SR solver time= 5.8650970458984375e-05
        collect H matrix time= 2.4080276489257812e-05
        RGN solver time= 3.6716461181640625e-05
        xnorm=2.6770949308619043,dnorm=0.047698303004625624
        dense amplitude time= 0.0008325576782226562
        total non-zero amplitudes= 36
        nsamples per process= 12
self.n= 0.332168269669173
        RGN updated loss=-4.50193835653341,dloss=-5.589879370937467e-06
[ 0.3867391615 -0.5968815687  0.0097655579  0.5678085631 -0.0667701059
  0.0552164163]
[-0.2573791859 -1.1866981645 -0.2256141457  1.1325656965 -0.1698186696
 -0.9729092233  0.0049501614  0.8182502604  0.0318430619  0.3261325364
 -0.3557988759  0.386797806  -0.7942241392]
[-0.0179538266  0.3838777288 -0.1219618216  0.0276207873  0.4517536146
 -0.1903509873 -0.1402189038 -0.0077182679  0.0169024934 -0.5393876304
 -0.3674380961  0.0339928459]
step= 199

nparam= 31
        dense amplitude time= 0.0015728473663330078
        total non-zero amplitudes= 36
        nsamples per process= 12
self.n= 0.18469120853128068
        collect g,h time= 0.14471936225891113
E=-4.501967100929165,dE=-8.952961572106233e-08,std=0
L=-4.501967100929165,dL=-8.952961572106233e-08,std=0
        gnorm= 3.3496643793336735e-05
        collect S matrix time= 2.86102294921875e-05
        SR solver time= 5.793571472167969e-05
        collect H matrix time= 2.2411346435546875e-05
        RGN solver time= 3.62396240234375e-05
        xnorm=2.6957378106924508,dnorm=0.006641941041664178
        dense amplitude time= 0.0008325576782226562
        total non-zero amplitudes= 36
        nsamples per process= 12
self.n= 0.18336452146210497
        RGN updated loss=-4.501967191489984,dloss=-9.05608192880436e-08
[ 0.3769033315 -0.5197434281 -0.000205578   0.6099466543 -0.0581103051
  0.1687059759]
[-0.3880595061 -1.2104941008 -0.0113400152  1.422476801  -0.0153183936
 -0.7102123737 -0.1576455827  0.7502453318 -0.002420895   0.2178114204
 -0.0287126011  0.0254149289 -0.7920476125]
[ 0.0000908188  0.2589168372 -0.0082394762  0.0032431383  0.5085569982
 -0.1348157169 -0.0110372978  0.1988519103  0.0018629832 -0.6564610269
 -0.4838520249  0.0061727918]
