run = 0
step= 69

nparam= 45
        dense amplitude time= 0.001009225845336914
        total non-zero amplitudes= 36
        nsamples per process= 12
self.n= 0.10761426847861154
        collect g,h time= 0.09353470802307129
E=-4.53383277572296,dE=-6.828937415548353e-11,std=0
L=-4.53383277572296,dL=-6.828937415548353e-11,std=0
        gnorm= 1.79899555690288e-05
        collect S matrix time= 6.532669067382812e-05
        SR solver time= 7.677078247070312e-05
        collect H matrix time= 3.457069396972656e-05
        RGN solver time= 5.125999450683594e-05
        xnorm=3.036913848508142,dnorm=0.00011950470797311079
        dense amplitude time= 0.0009086132049560547
        total non-zero amplitudes= 36
        nsamples per process= 12
self.n= 0.10761013667910359
        RGN updated loss=-4.533832775733962,dloss=-1.1001866084825451e-11
[-0.9081780619  0.1137827865 -0.3708931344 -0.1127537196 -0.8670575072
  0.5995954276  1.1004671549 -0.0966832758]
[ 0.212512503  -0.4557153645  0.1802436574  0.1853292755 -0.4097233545
 -0.7909815363 -0.4879824221  0.5731686545  0.3954250757 -0.4634208761
 -0.4602481836  0.2367954276 -0.1152806255  1.0327237634]
[ 0.0446114299 -0.0691061158 -0.6883083531  0.384105112   0.0734609873
  0.3922092467  0.016047093   0.0925527902  0.4963251659 -0.0119391227
  0.0441588082 -0.3616536329 -0.7129266248  0.1913276102  0.2025921814
 -0.6007532102  0.0695647513 -0.5496418094  0.1369680326 -0.1025082713
  0.1810123464  0.0678306219  0.0937269679]
