
######################## R=1.01 ###########################
building molecule...
ecore= 2.573313994191834

nelec= (2, 2)
running unrestricted Hartree Fock...
converged SCF energy = -1.9338299498272  <S^2> = 1.9984014e-15  2S+1 = 1
Hartree Fock total energy= -1.933829949827198
Hartree Fock electronic energy= -4.507143944019032
mo energies= [[-0.633104 -0.276669  0.272671  0.70479 ]
 [-0.633104 -0.276669  0.272671  0.70479 ]]
[[[ 0.346053  0.528932  0.61701   0.83092 ]
  [ 0.346053  0.528932 -0.61701  -0.83092 ]
  [ 0.346053 -0.528932  0.61701  -0.83092 ]
  [ 0.346053 -0.528932 -0.61701   0.83092 ]]

 [[ 0.346053 -0.528932 -0.61701   0.83092 ]
  [ 0.346053 -0.528932  0.61701  -0.83092 ]
  [ 0.346053  0.528932 -0.61701  -0.83092 ]
  [ 0.346053  0.528932  0.61701   0.83092 ]]]
moa
[[ 0.5  0.5  0.5  0.5]
 [ 0.5  0.5 -0.5 -0.5]
 [ 0.5 -0.5  0.5 -0.5]
 [ 0.5 -0.5 -0.5  0.5]]
running unrestricted FCI...
FCI total energy= -2.02744281658573
FCI electronic energy= -4.600756810777564
FCI correlation energy= -0.09361286675853187

######################## R=1.03 ###########################
building molecule...
ecore= 2.547675131436908

nelec= (2, 2)
running unrestricted Hartree Fock...
converged SCF energy = -1.92041333440834  <S^2> = -1.3322676e-15  2S+1 = 1
Hartree Fock total energy= -1.9204133344083378
Hartree Fock electronic energy= -4.468088465845246
mo energies= [[-0.626828 -0.269243  0.260992  0.690642]
 [-0.626828 -0.269243  0.260992  0.690642]]
[[[ 0.347371  0.531149  0.609714  0.82251 ]
  [ 0.347371  0.531149 -0.609714 -0.82251 ]
  [ 0.347371 -0.531149  0.609714 -0.82251 ]
  [ 0.347371 -0.531149 -0.609714  0.82251 ]]

 [[ 0.347371  0.531149 -0.609714  0.82251 ]
  [ 0.347371  0.531149  0.609714 -0.82251 ]
  [ 0.347371 -0.531149 -0.609714 -0.82251 ]
  [ 0.347371 -0.531149  0.609714  0.82251 ]]]
moa
[[ 0.5  0.5  0.5  0.5]
 [ 0.5  0.5 -0.5 -0.5]
 [ 0.5 -0.5  0.5 -0.5]
 [ 0.5 -0.5 -0.5  0.5]]
running unrestricted FCI...
FCI total energy= -2.0191074104430267
FCI electronic energy= -4.566782541879935
FCI correlation energy= -0.09869407603468883

######################## R=1.05 ###########################
building molecule...
ecore= 2.522835637626886

nelec= (2, 2)
running unrestricted Hartree Fock...
converged SCF energy = -1.90679014982183  <S^2> = 0  2S+1 = 1
Hartree Fock total energy= -1.9067901498218252
Hartree Fock electronic energy= -4.429625787448711
mo energies= [[-0.620665 -0.261962  0.24965   0.676934]
 [-0.620665 -0.261962  0.24965   0.676934]]
[[[ 0.34869  -0.53335   0.602748  0.814506]
  [ 0.34869  -0.53335  -0.602748 -0.814506]
  [ 0.34869   0.53335   0.602748 -0.814506]
  [ 0.34869   0.53335  -0.602748  0.814506]]

 [[ 0.34869  -0.53335   0.602748  0.814506]
  [ 0.34869  -0.53335  -0.602748 -0.814506]
  [ 0.34869   0.53335   0.602748 -0.814506]
  [ 0.34869   0.53335  -0.602748  0.814506]]]
moa
[[ 0.5 -0.5  0.5  0.5]
 [ 0.5 -0.5 -0.5 -0.5]
 [ 0.5  0.5  0.5 -0.5]
 [ 0.5  0.5 -0.5  0.5]]
running unrestricted FCI...
FCI total energy= -2.010997138222307
FCI electronic energy= -4.533832775849193
FCI correlation energy= -0.10420698840048193

######################## R=1.07 ###########################
building molecule...
ecore= 2.4987542791284936

nelec= (2, 2)
running unrestricted Hartree Fock...
converged SCF energy = -1.89299062165345  <S^2> = -4.4408921e-16  2S+1 = 1
Hartree Fock total energy= -1.8929906216534471
Hartree Fock electronic energy= -4.391744900781941
mo energies= [[-0.614612 -0.254818  0.238632  0.663648]
 [-0.614612 -0.254818  0.238632  0.663648]]
[[[ 0.350007  0.535533 -0.596093  0.806885]
  [ 0.350007  0.535533  0.596093 -0.806885]
  [ 0.350007 -0.535533 -0.596093 -0.806885]
  [ 0.350007 -0.535533  0.596093  0.806885]]

 [[ 0.350007  0.535533 -0.596093  0.806885]
  [ 0.350007  0.535533  0.596093 -0.806885]
  [ 0.350007 -0.535533 -0.596093 -0.806885]
  [ 0.350007 -0.535533  0.596093  0.806885]]]
moa
[[ 0.5  0.5 -0.5  0.5]
 [ 0.5  0.5  0.5 -0.5]
 [ 0.5 -0.5 -0.5 -0.5]
 [ 0.5 -0.5  0.5  0.5]]
running unrestricted FCI...
FCI total energy= -2.003216105663106
FCI electronic energy= -4.5019703847915995
FCI correlation energy= -0.11022548400965881

######################## R=1.09 ###########################
building molecule...
ecore= 2.475392855048318

nelec= (2, 2)
running unrestricted Hartree Fock...
converged SCF energy = -1.87904271938497  <S^2> = -8.8817842e-16  2S+1 = 1
Hartree Fock total energy= -1.8790427193849708
Hartree Fock electronic energy= -4.354435574433289
mo energies= [[-0.608667 -0.247808  0.227926  0.650766]
 [-0.608667 -0.247808  0.227926  0.650766]]
[[[ 0.351323  0.537698  0.589733  0.799626]
  [ 0.351323  0.537698 -0.589733 -0.799626]
  [ 0.351323 -0.537698  0.589733 -0.799626]
  [ 0.351323 -0.537698 -0.589733  0.799626]]

 [[ 0.351323  0.537698  0.589733  0.799626]
  [ 0.351323  0.537698 -0.589733 -0.799626]
  [ 0.351323 -0.537698  0.589733 -0.799626]
  [ 0.351323 -0.537698 -0.589733  0.799626]]]
moa
[[ 0.5  0.5  0.5  0.5]
 [ 0.5  0.5 -0.5 -0.5]
 [ 0.5 -0.5  0.5 -0.5]
 [ 0.5 -0.5 -0.5  0.5]]
running unrestricted FCI...
FCI total energy= -1.9958831576205385
FCI electronic energy= -4.471276012668857
FCI correlation energy= -0.11684043823556767

######################## R=1.11 ###########################
building molecule...
ecore= 2.4527159159627416

nelec= (2, 2)
running unrestricted Hartree Fock...
converged SCF energy = -1.86497245877295  <S^2> = 8.8817842e-16  2S+1 = 1
Hartree Fock total energy= -1.8649724587729466
Hartree Fock electronic energy= -4.317688374735688
mo energies= [[-0.602826 -0.240927  0.217521  0.638272]
 [-0.602826 -0.240927  0.217521  0.638272]]
[[[ 0.352636 -0.539842  0.58365   0.792707]
  [ 0.352636 -0.539842 -0.58365  -0.792707]
  [ 0.352636  0.539842  0.58365  -0.792707]
  [ 0.352636  0.539842 -0.58365   0.792707]]

 [[ 0.352636 -0.539842 -0.58365  -0.792707]
  [ 0.352636 -0.539842  0.58365   0.792707]
  [ 0.352636  0.539842 -0.58365   0.792707]
  [ 0.352636  0.539842  0.58365  -0.792707]]]
moa
[[ 0.5 -0.5  0.5  0.5]
 [ 0.5 -0.5 -0.5 -0.5]
 [ 0.5  0.5  0.5 -0.5]
 [ 0.5  0.5 -0.5  0.5]]
running unrestricted FCI...
FCI total energy= -1.9891344521658878
FCI electronic energy= -4.441850368128629
FCI correlation energy= -0.1241619933929412

######################## R=1.1300000000000001 ###########################
building molecule...
ecore= 2.430690513193124

nelec= (2, 2)
running unrestricted Hartree Fock...
converged SCF energy = -1.85080414353453  <S^2> = 4.4408921e-16  2S+1 = 1
Hartree Fock total energy= -1.850804143534532
Hartree Fock electronic energy= -4.281494656727656
mo energies= [[-0.597086 -0.23417   0.207406  0.626151]
 [-0.597086 -0.23417   0.207406  0.626151]]
[[[ 0.353947  0.541964 -0.577831 -0.78611 ]
  [ 0.353947  0.541964  0.577831  0.78611 ]
  [ 0.353947 -0.541964 -0.577831  0.78611 ]
  [ 0.353947 -0.541964  0.577831 -0.78611 ]]

 [[ 0.353947  0.541964 -0.577831  0.78611 ]
  [ 0.353947  0.541964  0.577831 -0.78611 ]
  [ 0.353947 -0.541964 -0.577831 -0.78611 ]
  [ 0.353947 -0.541964  0.577831  0.78611 ]]]
moa
[[ 0.5  0.5 -0.5 -0.5]
 [ 0.5  0.5  0.5  0.5]
 [ 0.5 -0.5 -0.5  0.5]
 [ 0.5 -0.5  0.5 -0.5]]
running unrestricted FCI...
FCI total energy= -1.9831238720241693
FCI electronic energy= -4.413814385217293
FCI correlation energy= -0.13231972848963736

######################## R=1.1500000000000001 ###########################
building molecule...
ecore= 2.4092859748768856

nelec= (2, 2)
running unrestricted Hartree Fock...
converged SCF energy = -1.83656055582435  <S^2> = 2.8865799e-15  2S+1 = 1
Hartree Fock total energy= -1.8365605558243496
Hartree Fock electronic energy= -4.245846530701235
mo energies= [[-0.591445 -0.227533  0.197573  0.614389]
 [-0.591445 -0.227533  0.197573  0.614389]]
[[[ 0.355253 -0.544063 -0.572259  0.779818]
  [ 0.355253 -0.544063  0.572259 -0.779818]
  [ 0.355253  0.544063 -0.572259 -0.779818]
  [ 0.355253  0.544063  0.572259  0.779818]]

 [[ 0.355253  0.544063 -0.572259  0.779818]
  [ 0.355253  0.544063  0.572259 -0.779818]
  [ 0.355253 -0.544063 -0.572259 -0.779818]
  [ 0.355253 -0.544063  0.572259  0.779818]]]
moa
[[ 0.5 -0.5 -0.5  0.5]
 [ 0.5 -0.5  0.5 -0.5]
 [ 0.5  0.5 -0.5 -0.5]
 [ 0.5  0.5  0.5  0.5]]
running unrestricted FCI...
FCI total energy= -1.9780187170439483
FCI electronic energy= -4.387304691920834
FCI correlation energy= -0.14145816121959864

######################## R=1.1700000000000002 ###########################
building molecule...
ecore= 2.3884737055971477

nelec= (2, 2)
running unrestricted Hartree Fock...
converged SCF energy = -1.82226310442755  <S^2> = 8.8817842e-16  2S+1 = 1
Hartree Fock total energy= -1.8222631044275484
Hartree Fock electronic energy= -4.210736810024696
mo energies= [[-0.5859   -0.221013  0.188013  0.602974]
 [-0.5859   -0.221013  0.188013  0.602974]]
[[[ 0.356555  0.546138  0.566923 -0.773814]
  [ 0.356555  0.546138 -0.566923  0.773814]
  [ 0.356555 -0.546138  0.566923  0.773814]
  [ 0.356555 -0.546138 -0.566923 -0.773814]]

 [[ 0.356555  0.546138 -0.566923  0.773814]
  [ 0.356555  0.546138  0.566923 -0.773814]
  [ 0.356555 -0.546138 -0.566923 -0.773814]
  [ 0.356555 -0.546138  0.566923  0.773814]]]
moa
[[ 0.5  0.5  0.5 -0.5]
 [ 0.5  0.5 -0.5  0.5]
 [ 0.5 -0.5  0.5  0.5]
 [ 0.5 -0.5 -0.5 -0.5]]
running unrestricted FCI...
FCI total energy= -1.9739873421651173
FCI electronic energy= -4.362461047762265
FCI correlation energy= -0.15172423773756893

######################## R=1.1900000000000002 ###########################
building molecule...
ecore= 2.368227006768509

nelec= (2, 2)
running unrestricted Hartree Fock...
converged SCF energy = -1.80793193884451  <S^2> = -4.4408921e-16  2S+1 = 1
Hartree Fock total energy= -1.8079319388445092
Hartree Fock electronic energy= -4.176158945613018
mo energies= [[-0.580449 -0.214606  0.178716  0.591894]
 [-0.580449 -0.214606  0.178716  0.591894]]
[[[ 0.357852 -0.548187 -0.561809  0.768082]
  [ 0.357852 -0.548187  0.561809 -0.768082]
  [ 0.357852  0.548187 -0.561809 -0.768082]
  [ 0.357852  0.548187  0.561809  0.768082]]

 [[ 0.357852 -0.548187 -0.561809  0.768082]
  [ 0.357852 -0.548187  0.561809 -0.768082]
  [ 0.357852  0.548187 -0.561809 -0.768082]
  [ 0.357852  0.548187  0.561809  0.768082]]]
moa
[[ 0.5 -0.5 -0.5  0.5]
 [ 0.5 -0.5  0.5 -0.5]
 [ 0.5  0.5 -0.5 -0.5]
 [ 0.5  0.5  0.5  0.5]]
running unrestricted FCI...
FCI total energy= -1.971176419749932
FCI electronic energy= -4.339403426518441
FCI correlation energy= -0.16324448090542276

######################## R=1.2100000000000002 ###########################
building molecule...
ecore= 2.3485209153470863

nelec= (2, 2)
running unrestricted Hartree Fock...
converged SCF energy = -1.79358603656747  <S^2> = 0  2S+1 = 1
Hartree Fock total energy= -1.7935860365674672
Hartree Fock electronic energy= -4.1421069519145535
mo energies= [[-0.57509  -0.20831   0.169676  0.58114 ]
 [-0.57509  -0.20831   0.169676  0.58114 ]]
[[[ 0.359142  0.55021  -0.556907  0.762608]
  [ 0.359142  0.55021   0.556907 -0.762608]
  [ 0.359142 -0.55021  -0.556907 -0.762608]
  [ 0.359142 -0.55021   0.556907  0.762608]]

 [[ 0.359142  0.55021   0.556907 -0.762608]
  [ 0.359142  0.55021  -0.556907  0.762608]
  [ 0.359142 -0.55021   0.556907  0.762608]
  [ 0.359142 -0.55021  -0.556907 -0.762608]]]
moa
[[ 0.5  0.5 -0.5  0.5]
 [ 0.5  0.5  0.5 -0.5]
 [ 0.5 -0.5 -0.5 -0.5]
 [ 0.5 -0.5  0.5  0.5]]
running unrestricted FCI...
FCI total energy= -1.9696802264719628
FCI electronic energy= -4.318201141819049
FCI correlation energy= -0.17609418990449566

######################## R=1.2300000000000002 ###########################
building molecule...
ecore= 2.329332058749457

nelec= (2, 2)
running unrestricted Hartree Fock...
converged SCF energy = -1.70148936711344  <S^2> = 3.0845339e-08  2S+1 = 1.0000001
Hartree Fock total energy= -1.7014893671134441
Hartree Fock electronic energy= -4.030821425862901
mo energies= [[-0.570829 -0.124354  0.08314   0.571735]
 [-0.570829 -0.124354  0.083141  0.571735]]
[[[ 0.332576  0.780935  0.000024  0.770014]
  [ 0.387797 -0.000024  0.780935 -0.743736]
  [ 0.387797  0.000024 -0.780935 -0.743736]
  [ 0.332576 -0.780935 -0.000024  0.770014]]

 [[ 0.332578 -0.780935  0.000113  0.770014]
  [ 0.387796 -0.000113 -0.780935 -0.743736]
  [ 0.387796  0.000113  0.780935 -0.743736]
  [ 0.332578  0.780935 -0.000113  0.770014]]]
moa
[[ 0.48144   0.707107  0.000022  0.517895]
 [ 0.517895 -0.000022  0.707107 -0.48144 ]
 [ 0.517895  0.000022 -0.707107 -0.48144 ]
 [ 0.48144  -0.707107 -0.000022  0.517895]]
running unrestricted FCI...
FCI total energy= -1.9695121652162824
FCI electronic energy= -4.298844223965739
FCI correlation energy= -0.26802279810283824

######################## R=1.2500000000000002 ###########################
building molecule...
ecore= 2.3106385241363885

nelec= (2, 2)
running unrestricted Hartree Fock...
converged SCF energy = -1.79079540748799  <S^2> = -1.7763568e-15  2S+1 = 1
Hartree Fock total energy= -1.7907954074879893
Hartree Fock electronic energy= -4.101433931624378
mo energies= [[-0.565894 -0.208729  0.165523  0.56269 ]
 [-0.565894 -0.208729  0.165523  0.56269 ]]
[[[ 0.361703  0.547693 -0.554172 -0.752381]
  [ 0.361703 -0.547693 -0.554172  0.752381]
  [ 0.361703  0.547693  0.554172  0.752381]
  [ 0.361703 -0.547693  0.554172 -0.752381]]

 [[ 0.361703 -0.547693  0.554172 -0.752381]
  [ 0.361703  0.547693  0.554172  0.752381]
  [ 0.361703 -0.547693 -0.554172  0.752381]
  [ 0.361703  0.547693 -0.554172 -0.752381]]]
moa
[[ 0.5  0.5 -0.5 -0.5]
 [ 0.5 -0.5 -0.5  0.5]
 [ 0.5  0.5  0.5  0.5]
 [ 0.5 -0.5  0.5 -0.5]]
running unrestricted FCI...
FCI total energy= -1.9705932616217314
FCI electronic energy= -4.28123178575812
FCI correlation energy= -0.17979785413374216

######################## R=1.2700000000000002 ###########################
building molecule...
ecore= 2.2924197404501085

nelec= (2, 2)
running unrestricted Hartree Fock...
converged SCF energy = -1.80174235139683  <S^2> = -8.8817842e-16  2S+1 = 1
Hartree Fock total energy= -1.8017423513968311
Hartree Fock electronic energy= -4.09416209184694
mo energies= [[-0.562056 -0.215135  0.170059  0.554939]
 [-0.562056 -0.215135  0.170059  0.554939]]
[[[ 0.362972 -0.543362  0.556109  0.747603]
  [ 0.362972  0.543362  0.556109 -0.747603]
  [ 0.362972 -0.543362 -0.556109 -0.747603]
  [ 0.362972  0.543362 -0.556109  0.747603]]

 [[ 0.362972  0.543362 -0.556109  0.747603]
  [ 0.362972 -0.543362 -0.556109 -0.747603]
  [ 0.362972  0.543362  0.556109 -0.747603]
  [ 0.362972 -0.543362  0.556109  0.747603]]]
moa
[[ 0.5 -0.5  0.5  0.5]
 [ 0.5  0.5  0.5 -0.5]
 [ 0.5 -0.5 -0.5 -0.5]
 [ 0.5  0.5 -0.5  0.5]]
running unrestricted FCI...
FCI total energy= -1.9727659314383454
FCI electronic energy= -4.265185671888454
FCI correlation energy= -0.1710235800415143

######################## R=1.2900000000000003 ###########################
building molecule...
ecore= 2.274656371794473

nelec= (2, 2)
running unrestricted Hartree Fock...
converged SCF energy = -1.81211521122121  <S^2> = -2.6645353e-15  2S+1 = 1
Hartree Fock total energy= -1.8121152112212067
Hartree Fock electronic energy= -4.08677158301568
mo energies= [[-0.558306 -0.221346  0.174497  0.547438]
 [-0.558306 -0.221346  0.174497  0.547438]]
[[[ 0.364233 -0.539203  0.558017  0.743033]
  [ 0.364233  0.539203  0.558017 -0.743033]
  [ 0.364233 -0.539203 -0.558017 -0.743033]
  [ 0.364233  0.539203 -0.558017  0.743033]]

 [[ 0.364233 -0.539203  0.558017  0.743033]
  [ 0.364233  0.539203  0.558017 -0.743033]
  [ 0.364233 -0.539203 -0.558017 -0.743033]
  [ 0.364233  0.539203 -0.558017  0.743033]]]
moa
[[ 0.5 -0.5  0.5  0.5]
 [ 0.5  0.5  0.5 -0.5]
 [ 0.5 -0.5 -0.5 -0.5]
 [ 0.5  0.5 -0.5  0.5]]
running unrestricted FCI...
FCI total energy= -1.975826715547146
FCI electronic energy= -4.250483087341619
FCI correlation energy= -0.1637115043259394

######################## R=1.3100000000000003 ###########################
building molecule...
ecore= 2.2573302209204917

nelec= (2, 2)
running unrestricted Hartree Fock...
converged SCF energy = -1.82194336789996  <S^2> = -8.8817842e-16  2S+1 = 1
Hartree Fock total energy= -1.821943367899959
Hartree Fock electronic energy= -4.079273588820451
mo energies= [[-0.554641 -0.227369  0.178837  0.540179]
 [-0.554641 -0.227369  0.178837  0.540179]]
[[[ 0.365484 -0.535208  0.559895  0.738662]
  [ 0.365484  0.535208  0.559895 -0.738662]
  [ 0.365484 -0.535208 -0.559895 -0.738662]
  [ 0.365484  0.535208 -0.559895  0.738662]]

 [[ 0.365484  0.535208  0.559895 -0.738662]
  [ 0.365484 -0.535208  0.559895  0.738662]
  [ 0.365484  0.535208 -0.559895  0.738662]
  [ 0.365484 -0.535208 -0.559895 -0.738662]]]
moa
[[ 0.5 -0.5  0.5  0.5]
 [ 0.5  0.5  0.5 -0.5]
 [ 0.5 -0.5 -0.5 -0.5]
 [ 0.5  0.5 -0.5  0.5]]
running unrestricted FCI...
FCI total energy= -1.9795622968183157
FCI electronic energy= -4.2368925177388075
FCI correlation energy= -0.15761892891835672

######################## R=1.3300000000000003 ###########################
building molecule...
ecore= 2.240424141729457

nelec= (2, 2)
running unrestricted Hartree Fock...
converged SCF energy = -1.83125460888471  <S^2> = 0  2S+1 = 1
Hartree Fock total energy= -1.831254608884707
Hartree Fock electronic energy= -4.071678750614164
mo energies= [[-0.551061 -0.233209  0.183081  0.533156]
 [-0.551061 -0.233209  0.183081  0.533156]]
[[[ 0.366727 -0.531368 -0.561741  0.734478]
  [ 0.366727  0.531368 -0.561741 -0.734478]
  [ 0.366727 -0.531368  0.561741 -0.734478]
  [ 0.366727  0.531368  0.561741  0.734478]]

 [[ 0.366727 -0.531368  0.561741  0.734478]
  [ 0.366727  0.531368  0.561741 -0.734478]
  [ 0.366727 -0.531368 -0.561741 -0.734478]
  [ 0.366727  0.531368 -0.561741  0.734478]]]
moa
[[ 0.5 -0.5 -0.5  0.5]
 [ 0.5  0.5 -0.5 -0.5]
 [ 0.5 -0.5  0.5 -0.5]
 [ 0.5  0.5  0.5  0.5]]
running unrestricted FCI...
FCI total energy= -1.9837760845327153
FCI electronic energy= -4.224200226262172
FCI correlation energy= -0.15252147564800822

######################## R=1.3500000000000003 ###########################
building molecule...
ecore= 2.2239219598357947

nelec= (2, 2)
running unrestricted Hartree Fock...
converged SCF energy = -1.84007524613978  <S^2> = -8.8817842e-16  2S+1 = 1
Hartree Fock total energy= -1.8400752461397838
Hartree Fock electronic energy= -4.0639972059755785
mo energies= [[-0.547563 -0.238871  0.18723   0.526359]
 [-0.547563 -0.238871  0.18723   0.526359]]
[[[ 0.367959  0.527677  0.563556 -0.730473]
  [ 0.367959 -0.527677  0.563556  0.730473]
  [ 0.367959  0.527677 -0.563556  0.730473]
  [ 0.367959 -0.527677 -0.563556 -0.730473]]

 [[ 0.367959 -0.527677  0.563556  0.730473]
  [ 0.367959  0.527677  0.563556 -0.730473]
  [ 0.367959 -0.527677 -0.563556 -0.730473]
  [ 0.367959  0.527677 -0.563556  0.730473]]]
moa
[[ 0.5  0.5  0.5 -0.5]
 [ 0.5 -0.5  0.5  0.5]
 [ 0.5  0.5 -0.5  0.5]
 [ 0.5 -0.5 -0.5 -0.5]]
running unrestricted FCI...
FCI total energy= -1.988301681271465
FCI electronic energy= -4.2122236411072596
FCI correlation energy= -0.1482264351316811

######################## R=1.3700000000000003 ###########################
building molecule...
ecore= 2.207808400344595

nelec= (2, 2)
running unrestricted Hartree Fock...
converged SCF energy = -1.84843021953216  <S^2> = -8.8817842e-16  2S+1 = 1
Hartree Fock total energy= -1.8484302195321636
Hartree Fock electronic energy= -4.056238619876758
mo energies= [[-0.544145 -0.244362  0.191285  0.519784]
 [-0.544145 -0.244362  0.191285  0.519784]]
[[[ 0.369181  0.524127 -0.56534  -0.726638]
  [ 0.369181 -0.524127 -0.56534   0.726638]
  [ 0.369181  0.524127  0.56534   0.726638]
  [ 0.369181 -0.524127  0.56534  -0.726638]]

 [[ 0.369181 -0.524127  0.56534   0.726638]
  [ 0.369181  0.524127  0.56534  -0.726638]
  [ 0.369181 -0.524127 -0.56534  -0.726638]
  [ 0.369181  0.524127 -0.56534   0.726638]]]
moa
[[ 0.5  0.5 -0.5 -0.5]
 [ 0.5 -0.5 -0.5  0.5]
 [ 0.5  0.5  0.5  0.5]
 [ 0.5 -0.5  0.5 -0.5]]
running unrestricted FCI...
FCI total energy= -1.9930060296362297
FCI electronic energy= -4.2008144299808245
FCI correlation energy= -0.14457581010406617

######################## R=1.3900000000000003 ###########################
building molecule...
ecore= 2.1920690220970807

nelec= (2, 2)
running unrestricted Hartree Fock...
converged SCF energy = -1.85634318786088  <S^2> = 4.4408921e-16  2S+1 = 1
Hartree Fock total energy= -1.856343187860877
Hartree Fock electronic energy= -4.048412209957958
mo energies= [[-0.540806 -0.249687  0.195249  0.513422]
 [-0.540806 -0.249687  0.195249  0.513422]]
[[[ 0.370392  0.520712  0.567091  0.722965]
  [ 0.370392 -0.520712  0.567091 -0.722965]
  [ 0.370392  0.520712 -0.567091 -0.722965]
  [ 0.370392 -0.520712 -0.567091  0.722965]]

 [[ 0.370392  0.520712  0.567091 -0.722965]
  [ 0.370392 -0.520712  0.567091  0.722965]
  [ 0.370392  0.520712 -0.567091  0.722965]
  [ 0.370392 -0.520712 -0.567091 -0.722965]]]
moa
[[ 0.5  0.5  0.5  0.5]
 [ 0.5 -0.5  0.5 -0.5]
 [ 0.5  0.5 -0.5 -0.5]
 [ 0.5 -0.5 -0.5  0.5]]
running unrestricted FCI...
FCI total energy= -1.9977867431350083
FCI electronic energy= -4.189855765232089
FCI correlation energy= -0.14144355527413133

######################## R=1.4100000000000004 ###########################
building molecule...
ecore= 2.1766901577229842

nelec= (2, 2)
running unrestricted Hartree Fock...
converged SCF energy = -1.86383660948691  <S^2> = 4.4408921e-16  2S+1 = 1
Hartree Fock total energy= -1.8638366094869077
Hartree Fock electronic energy= -4.040526767209892
mo energies= [[-0.537545 -0.25485   0.199121  0.507267]
 [-0.537545 -0.25485   0.199121  0.507267]]
[[[ 0.371592 -0.517425  0.568811  0.719445]
  [ 0.371592  0.517425  0.568811 -0.719445]
  [ 0.371592 -0.517425 -0.568811 -0.719445]
  [ 0.371592  0.517425 -0.568811  0.719445]]

 [[ 0.371592  0.517425  0.568811  0.719445]
  [ 0.371592 -0.517425  0.568811 -0.719445]
  [ 0.371592  0.517425 -0.568811 -0.719445]
  [ 0.371592 -0.517425 -0.568811  0.719445]]]
moa
[[ 0.5 -0.5  0.5  0.5]
 [ 0.5  0.5  0.5 -0.5]
 [ 0.5 -0.5 -0.5 -0.5]
 [ 0.5  0.5 -0.5  0.5]]
running unrestricted FCI...
FCI total energy= -2.0025671406724475
FCI electronic energy= -4.179257298395432
FCI correlation energy= -0.1387305311855398

######################## R=1.4300000000000004 ###########################
building molecule...
ecore= 2.161658858913773

nelec= (2, 2)
running unrestricted Hartree Fock...
converged SCF energy = -1.87093181424608  <S^2> = -1.3322676e-15  2S+1 = 1
Hartree Fock total energy= -1.8709318142460756
Hartree Fock electronic energy= -4.032590673159849
mo energies= [[-0.53436  -0.259857  0.202904  0.501312]
 [-0.53436  -0.259857  0.202904  0.501312]]
[[[ 0.372781 -0.514262  0.570497  0.716071]
  [ 0.372781  0.514262  0.570497 -0.716071]
  [ 0.372781 -0.514262 -0.570497 -0.716071]
  [ 0.372781  0.514262 -0.570497  0.716071]]

 [[ 0.372781 -0.514262 -0.570497  0.716071]
  [ 0.372781  0.514262 -0.570497 -0.716071]
  [ 0.372781 -0.514262  0.570497 -0.716071]
  [ 0.372781  0.514262  0.570497  0.716071]]]
moa
[[ 0.5 -0.5  0.5  0.5]
 [ 0.5  0.5  0.5 -0.5]
 [ 0.5 -0.5 -0.5 -0.5]
 [ 0.5  0.5 -0.5  0.5]]
running unrestricted FCI...
FCI total energy= -2.0072909924301516
FCI electronic energy= -4.168949851343925
FCI correlation energy= -0.13635917818407606

######################## R=1.4500000000000004 ###########################
building molecule...
ecore= 2.1469628463963075

nelec= (2, 2)
running unrestricted Hartree Fock...
converged SCF energy = -1.87764906807367  <S^2> = 0  2S+1 = 1
Hartree Fock total energy= -1.8776490680736662
Hartree Fock electronic energy= -4.024611914469974
mo energies= [[-0.531249 -0.264712  0.206598  0.495552]
 [-0.531249 -0.264712  0.206598  0.495552]]
[[[ 0.373957  0.511215 -0.572151  0.712836]
  [ 0.373957 -0.511215 -0.572151 -0.712836]
  [ 0.373957  0.511215  0.572151 -0.712836]
  [ 0.373957 -0.511215  0.572151  0.712836]]

 [[ 0.373957  0.511215  0.572151  0.712836]
  [ 0.373957 -0.511215  0.572151 -0.712836]
  [ 0.373957  0.511215 -0.572151 -0.712836]
  [ 0.373957 -0.511215 -0.572151  0.712836]]]
moa
[[ 0.5  0.5 -0.5  0.5]
 [ 0.5 -0.5 -0.5 -0.5]
 [ 0.5  0.5  0.5 -0.5]
 [ 0.5 -0.5  0.5  0.5]]
running unrestricted FCI...
FCI total energy= -2.0119178638596957
FCI electronic energy= -4.158880710256003
FCI correlation energy= -0.13426879578602957

######################## R=1.4700000000000004 ###########################
building molecule...
ecore= 2.132590464144102

nelec= (2, 2)
running unrestricted Hartree Fock...
converged SCF energy = -1.88400763153971  <S^2> = -8.8817842e-16  2S+1 = 1
Hartree Fock total energy= -1.8840076315397138
Hartree Fock electronic energy= -4.016598095683816
mo energies= [[-0.528212 -0.269421  0.210205  0.489981]
 [-0.528212 -0.269421  0.210205  0.489981]]
[[[ 0.375121  0.508281 -0.573773  0.709733]
  [ 0.375121 -0.508281 -0.573773 -0.709733]
  [ 0.375121  0.508281  0.573773 -0.709733]
  [ 0.375121 -0.508281  0.573773  0.709733]]

 [[ 0.375121  0.508281 -0.573773  0.709733]
  [ 0.375121 -0.508281 -0.573773 -0.709733]
  [ 0.375121  0.508281  0.573773 -0.709733]
  [ 0.375121 -0.508281  0.573773  0.709733]]]
moa
[[ 0.5  0.5 -0.5  0.5]
 [ 0.5 -0.5 -0.5 -0.5]
 [ 0.5  0.5  0.5 -0.5]
 [ 0.5 -0.5  0.5  0.5]]
running unrestricted FCI...
FCI total energy= -2.016419317351444
FCI electronic energy= -4.149009781495546
FCI correlation energy= -0.13241168581173035

######################## R=1.4900000000000004 ###########################
building molecule...
ecore= 2.118530637413982

nelec= (2, 2)
running unrestricted Hartree Fock...
converged SCF energy = -1.89002581328813  <S^2> = 4.4408921e-16  2S+1 = 1
Hartree Fock total energy= -1.8900258132881316
Hartree Fock electronic energy= -4.008556450702113
mo energies= [[-0.525245 -0.273986  0.213726  0.484592]
 [-0.525245 -0.273986  0.213726  0.484592]]
[[[ 0.376272 -0.505453 -0.575362 -0.706757]
  [ 0.376272  0.505453 -0.575362  0.706757]
  [ 0.376272 -0.505453  0.575362  0.706757]
  [ 0.376272  0.505453  0.575362 -0.706757]]

 [[ 0.376272  0.505453 -0.575362  0.706757]
  [ 0.376272 -0.505453 -0.575362 -0.706757]
  [ 0.376272  0.505453  0.575362 -0.706757]
  [ 0.376272 -0.505453  0.575362  0.706757]]]
moa
[[ 0.5 -0.5 -0.5 -0.5]
 [ 0.5  0.5 -0.5  0.5]
 [ 0.5 -0.5  0.5  0.5]
 [ 0.5  0.5  0.5 -0.5]]
running unrestricted FCI...
FCI total energy= -2.020775944359129
FCI electronic energy= -4.139306581773111
FCI correlation energy= -0.13075013107099753

######################## R=1.5100000000000005 ###########################
building molecule...
ecore= 2.1047728342404968

nelec= (2, 2)
running unrestricted Hartree Fock...
converged SCF energy = -1.89572101919657  <S^2> = -4.4408921e-16  2S+1 = 1
Hartree Fock total energy= -1.8957210191965688
Hartree Fock electronic energy= -4.0004938534370655
mo energies= [[-0.522349 -0.278414  0.217162  0.479379]
 [-0.522349 -0.278414  0.217162  0.479379]]
[[[ 0.377411  0.502729 -0.576918  0.703902]
  [ 0.377411 -0.502729 -0.576918 -0.703902]
  [ 0.377411  0.502729  0.576918 -0.703902]
  [ 0.377411 -0.502729  0.576918  0.703902]]

 [[ 0.377411 -0.502729 -0.576918 -0.703902]
  [ 0.377411  0.502729 -0.576918  0.703902]
  [ 0.377411 -0.502729  0.576918  0.703902]
  [ 0.377411  0.502729  0.576918 -0.703902]]]
moa
[[ 0.5  0.5 -0.5  0.5]
 [ 0.5 -0.5 -0.5 -0.5]
 [ 0.5  0.5  0.5 -0.5]
 [ 0.5 -0.5  0.5  0.5]]
running unrestricted FCI...
FCI total energy= -2.024975098687152
FCI electronic energy= -4.129747932927649
FCI correlation energy= -0.12925407949058343

######################## R=1.5300000000000005 ###########################
building molecule...
ecore= 2.09130703005972

nelec= (2, 2)
running unrestricted Hartree Fock...
converged SCF energy = -1.90110979791996  <S^2> = 4.4408921e-16  2S+1 = 1
Hartree Fock total energy= -1.9011097979199572
Hartree Fock electronic energy= -3.9924168279796772
mo energies= [[-0.519521 -0.282709  0.220514  0.474338]
 [-0.519521 -0.282709  0.220514  0.474338]]
[[[ 0.378536  0.500102  0.578442 -0.701161]
  [ 0.378536 -0.500102  0.578442  0.701161]
  [ 0.378536  0.500102 -0.578442  0.701161]
  [ 0.378536 -0.500102 -0.578442 -0.701161]]

 [[ 0.378536 -0.500102  0.578442 -0.701161]
  [ 0.378536  0.500102  0.578442  0.701161]
  [ 0.378536 -0.500102 -0.578442  0.701161]
  [ 0.378536  0.500102 -0.578442 -0.701161]]]
moa
[[ 0.5  0.5  0.5 -0.5]
 [ 0.5 -0.5  0.5  0.5]
 [ 0.5  0.5 -0.5  0.5]
 [ 0.5 -0.5 -0.5 -0.5]]
running unrestricted FCI...
FCI total energy= -2.0290091848242597
FCI electronic energy= -4.12031621488398
FCI correlation energy= -0.12789938690430258

######################## R=1.5500000000000005 ###########################
building molecule...
ecore= 2.0781236751687944

nelec= (2, 2)
running unrestricted Hartree Fock...
converged SCF energy = -1.90620788335302  <S^2> = -2.220446e-15  2S+1 = 1
Hartree Fock total energy= -1.9062078833530207
Hartree Fock electronic energy= -3.984331558521815
mo energies= [[-0.51676  -0.286873  0.223784  0.469463]
 [-0.51676  -0.286873  0.223784  0.469463]]
[[[ 0.379647  0.49757   0.579934 -0.698529]
  [ 0.379647 -0.49757   0.579934  0.698529]
  [ 0.379647  0.49757  -0.579934  0.698529]
  [ 0.379647 -0.49757  -0.579934 -0.698529]]

 [[ 0.379647 -0.49757   0.579934 -0.698529]
  [ 0.379647  0.49757   0.579934  0.698529]
  [ 0.379647 -0.49757  -0.579934  0.698529]
  [ 0.379647  0.49757  -0.579934 -0.698529]]]
moa
[[ 0.5  0.5  0.5 -0.5]
 [ 0.5 -0.5  0.5  0.5]
 [ 0.5  0.5 -0.5  0.5]
 [ 0.5 -0.5 -0.5 -0.5]]
running unrestricted FCI...
FCI total energy= -2.032874371358896
FCI electronic energy= -4.1109980465276905
FCI correlation energy= -0.12666648800587543

######################## R=1.5700000000000005 ###########################
building molecule...
ecore= 2.06521366475824

nelec= (2, 2)
running unrestricted Hartree Fock...
converged SCF energy = -1.9110302344383  <S^2> = -4.4408921e-16  2S+1 = 1
Hartree Fock total energy= -1.9110302344383001
Hartree Fock electronic energy= -3.97624389919654
mo energies= [[-0.514065 -0.290912  0.226973  0.464748]
 [-0.514065 -0.290912  0.226973  0.464748]]
[[[ 0.380745  0.495127 -0.581394  0.696002]
  [ 0.380745 -0.495127 -0.581394 -0.696002]
  [ 0.380745  0.495127  0.581394 -0.696002]
  [ 0.380745 -0.495127  0.581394  0.696002]]

 [[ 0.380745 -0.495127 -0.581394  0.696002]
  [ 0.380745  0.495127 -0.581394 -0.696002]
  [ 0.380745 -0.495127  0.581394 -0.696002]
  [ 0.380745  0.495127  0.581394  0.696002]]]
moa
[[ 0.5  0.5 -0.5  0.5]
 [ 0.5 -0.5 -0.5 -0.5]
 [ 0.5  0.5  0.5 -0.5]
 [ 0.5 -0.5  0.5  0.5]]
running unrestricted FCI...
FCI total energy= -2.036569624507861
FCI electronic energy= -4.101783289266101
FCI correlation energy= -0.12553939006956094

######################## R=1.5900000000000005 ###########################
building molecule...
ecore= 2.052568311281245

nelec= (2, 2)
running unrestricted Hartree Fock...
converged SCF energy = -1.9155910726592  <S^2> = 1.7763568e-15  2S+1 = 1
Hartree Fock total energy= -1.9155910726591965
Hartree Fock electronic energy= -3.9681593839404417
mo energies= [[-0.511435 -0.294829  0.230081  0.460189]
 [-0.511435 -0.294829  0.230081  0.460189]]
[[[ 0.381829 -0.492771  0.582821 -0.693574]
  [ 0.381829  0.492771  0.582821  0.693574]
  [ 0.381829 -0.492771 -0.582821  0.693574]
  [ 0.381829  0.492771 -0.582821 -0.693574]]

 [[ 0.381829 -0.492771 -0.582821 -0.693574]
  [ 0.381829  0.492771 -0.582821  0.693574]
  [ 0.381829 -0.492771  0.582821  0.693574]
  [ 0.381829  0.492771  0.582821 -0.693574]]]
moa
[[ 0.5 -0.5  0.5 -0.5]
 [ 0.5  0.5  0.5  0.5]
 [ 0.5 -0.5 -0.5  0.5]
 [ 0.5  0.5 -0.5 -0.5]]
running unrestricted FCI...
FCI total energy= -2.0400959808878554
FCI electronic energy= -4.0926642921691005
FCI correlation energy= -0.1245049082286589

######################## R=1.6100000000000005 ###########################
building molecule...
ecore= 2.0401793189482635

nelec= (2, 2)
running unrestricted Hartree Fock...
converged SCF energy = -1.91990391748597  <S^2> = 4.4408921e-16  2S+1 = 1
Hartree Fock total energy= -1.919903917485974
Hartree Fock electronic energy= -3.9600832364342375
mo energies= [[-0.508867 -0.298628  0.233111  0.45578 ]
 [-0.508867 -0.298628  0.233111  0.45578 ]]
[[[ 0.382898 -0.490498 -0.584217  0.691242]
  [ 0.382898  0.490498 -0.584217 -0.691242]
  [ 0.382898 -0.490498  0.584217 -0.691242]
  [ 0.382898  0.490498  0.584217  0.691242]]

 [[ 0.382898  0.490498 -0.584217  0.691242]
  [ 0.382898 -0.490498 -0.584217 -0.691242]
  [ 0.382898  0.490498  0.584217 -0.691242]
  [ 0.382898 -0.490498  0.584217  0.691242]]]
moa
[[ 0.5 -0.5 -0.5  0.5]
 [ 0.5  0.5 -0.5 -0.5]
 [ 0.5 -0.5  0.5 -0.5]
 [ 0.5  0.5  0.5  0.5]]
running unrestricted FCI...
FCI total energy= -2.043455998718515
FCI electronic energy= -4.083635317666778
FCI correlation energy= -0.1235520812325408

######################## R=1.6300000000000006 ###########################
building molecule...
ecore= 2.028038760156644

nelec= (2, 2)
running unrestricted Hartree Fock...
converged SCF energy = -1.92398161998504  <S^2> = 4.4408921e-16  2S+1 = 1
Hartree Fock total energy= -1.923981619985038
Hartree Fock electronic energy= -3.9520203801416818
mo energies= [[-0.506361 -0.302313  0.236064  0.451517]
 [-0.506361 -0.302313  0.236064  0.451517]]
[[[ 0.383953 -0.488304 -0.585582  0.689   ]
  [ 0.383953  0.488304 -0.585582 -0.689   ]
  [ 0.383953 -0.488304  0.585582 -0.689   ]
  [ 0.383953  0.488304  0.585582  0.689   ]]

 [[ 0.383953  0.488304 -0.585582  0.689   ]
  [ 0.383953 -0.488304 -0.585582 -0.689   ]
  [ 0.383953  0.488304  0.585582 -0.689   ]
  [ 0.383953 -0.488304  0.585582  0.689   ]]]
moa
[[ 0.5 -0.5 -0.5  0.5]
 [ 0.5  0.5 -0.5 -0.5]
 [ 0.5 -0.5  0.5 -0.5]
 [ 0.5  0.5  0.5  0.5]]
running unrestricted FCI...
FCI total energy= -2.0466533422718625
FCI electronic energy= -4.074692102428506
FCI correlation energy= -0.12267172228682455

######################## R=1.6500000000000006 ###########################
building molecule...
ecore= 2.0161390536840775

nelec= (2, 2)
running unrestricted Hartree Fock...
converged SCF energy = -1.92783639475814  <S^2> = 1.5543122e-15  2S+1 = 1
Hartree Fock total energy= -1.9278363947581365
Hartree Fock electronic energy= -3.943975448442214
mo energies= [[-0.503916 -0.305887  0.23894   0.447394]
 [-0.503916 -0.305887  0.23894   0.447394]]
[[[ 0.384994 -0.486186 -0.586916  0.686845]
  [ 0.384994  0.486186 -0.586916 -0.686845]
  [ 0.384994 -0.486186  0.586916 -0.686845]
  [ 0.384994  0.486186  0.586916  0.686845]]

 [[ 0.384994 -0.486186  0.586916 -0.686845]
  [ 0.384994  0.486186  0.586916  0.686845]
  [ 0.384994 -0.486186 -0.586916  0.686845]
  [ 0.384994  0.486186 -0.586916 -0.686845]]]
moa
[[ 0.5 -0.5 -0.5  0.5]
 [ 0.5  0.5 -0.5 -0.5]
 [ 0.5 -0.5  0.5 -0.5]
 [ 0.5  0.5  0.5  0.5]]
running unrestricted FCI...
FCI total energy= -2.049692466155861
FCI electronic energy= -4.065831519839938
FCI correlation energy= -0.12185607139772436

######################## R=1.6700000000000006 ###########################
building molecule...
ecore= 2.004472944491606

nelec= (2, 2)
running unrestricted Hartree Fock...
converged SCF energy = -1.9314798503428  <S^2> = 1.3322676e-15  2S+1 = 1
Hartree Fock total energy= -1.9314798503427988
Hartree Fock electronic energy= -3.935952794834405
mo energies= [[-0.50153  -0.309354  0.241742  0.443408]
 [-0.50153  -0.309354  0.241742  0.443408]]
[[[ 0.386019 -0.484142  0.588219  0.684773]
  [ 0.386019  0.484142  0.588219 -0.684773]
  [ 0.386019 -0.484142 -0.588219 -0.684773]
  [ 0.386019  0.484142 -0.588219  0.684773]]

 [[ 0.386019  0.484142  0.588219  0.684773]
  [ 0.386019 -0.484142  0.588219 -0.684773]
  [ 0.386019  0.484142 -0.588219 -0.684773]
  [ 0.386019 -0.484142 -0.588219  0.684773]]]
moa
[[ 0.5 -0.5  0.5  0.5]
 [ 0.5  0.5  0.5 -0.5]
 [ 0.5 -0.5 -0.5 -0.5]
 [ 0.5  0.5 -0.5  0.5]]
running unrestricted FCI...
FCI total energy= -2.0525783747330038
FCI electronic energy= -4.05705131922461
FCI correlation energy= -0.12109852439020496

######################## R=1.6900000000000006 ###########################
building molecule...
ecore= 1.9930334849970348

nelec= (2, 2)
running unrestricted Hartree Fock...
converged SCF energy = -1.93492301817909  <S^2> = -1.7763568e-15  2S+1 = 1
Hartree Fock total energy= -1.934923018179085
Hartree Fock electronic energy= -3.92795650317612
mo energies= [[-0.499201 -0.312716  0.24447   0.439554]
 [-0.499201 -0.312716  0.24447   0.439554]]
[[[ 0.38703   0.482168 -0.589491 -0.682781]
  [ 0.38703  -0.482168 -0.589491  0.682781]
  [ 0.38703   0.482168  0.589491  0.682781]
  [ 0.38703  -0.482168  0.589491 -0.682781]]

 [[ 0.38703   0.482168  0.589491  0.682781]
  [ 0.38703  -0.482168  0.589491 -0.682781]
  [ 0.38703   0.482168 -0.589491 -0.682781]
  [ 0.38703  -0.482168 -0.589491  0.682781]]]
moa
[[ 0.5  0.5 -0.5 -0.5]
 [ 0.5 -0.5 -0.5  0.5]
 [ 0.5  0.5  0.5  0.5]
 [ 0.5 -0.5  0.5 -0.5]]
running unrestricted FCI...
FCI total energy= -2.05531643837438
FCI electronic energy= -4.048349923371415
FCI correlation energy= -0.12039342019529475

######################## R=1.7100000000000006 ###########################
building molecule...
ecore= 1.9818140176931176

nelec= (2, 2)
running unrestricted Hartree Fock...
converged SCF energy = -1.93817638022839  <S^2> = -8.8817842e-16  2S+1 = 1
Hartree Fock total energy= -1.9381763802283865
Hartree Fock electronic energy= -3.919990397921504
mo energies= [[-0.49693  -0.315978  0.247126  0.435828]
 [-0.49693  -0.315978  0.247126  0.435828]]
[[[ 0.388025  0.480262  0.590734  0.680864]
  [ 0.388025 -0.480262  0.590734 -0.680864]
  [ 0.388025  0.480262 -0.590734 -0.680864]
  [ 0.388025 -0.480262 -0.590734  0.680864]]

 [[ 0.388025  0.480262  0.590734 -0.680864]
  [ 0.388025 -0.480262  0.590734  0.680864]
  [ 0.388025  0.480262 -0.590734  0.680864]
  [ 0.388025 -0.480262 -0.590734 -0.680864]]]
moa
[[ 0.5  0.5  0.5  0.5]
 [ 0.5 -0.5  0.5 -0.5]
 [ 0.5  0.5 -0.5 -0.5]
 [ 0.5 -0.5 -0.5  0.5]]
running unrestricted FCI...
FCI total energy= -2.05791225293595
FCI electronic energy= -4.0397262706290675
FCI correlation energy= -0.11973587270756347

######################## R=1.7300000000000006 ###########################
building molecule...
ecore= 1.9708081589969326

nelec= (2, 2)
running unrestricted Hartree Fock...
converged SCF energy = -1.94124989531519  <S^2> = 1.9984014e-15  2S+1 = 1
Hartree Fock total energy= -1.9412498953151907
Hartree Fock electronic energy= -3.9120580543121233
mo energies= [[-0.494714 -0.319142  0.249711  0.432225]
 [-0.494714 -0.319142  0.249711  0.432225]]
[[[ 0.389006 -0.478421  0.591947  0.67902 ]
  [ 0.389006  0.478421  0.591947 -0.67902 ]
  [ 0.389006 -0.478421 -0.591947 -0.67902 ]
  [ 0.389006  0.478421 -0.591947  0.67902 ]]

 [[ 0.389006 -0.478421  0.591947  0.67902 ]
  [ 0.389006  0.478421  0.591947 -0.67902 ]
  [ 0.389006 -0.478421 -0.591947 -0.67902 ]
  [ 0.389006  0.478421 -0.591947  0.67902 ]]]
moa
[[ 0.5 -0.5  0.5  0.5]
 [ 0.5  0.5  0.5 -0.5]
 [ 0.5 -0.5 -0.5 -0.5]
 [ 0.5  0.5 -0.5  0.5]]
running unrestricted FCI...
FCI total energy= -2.060371532278247
FCI electronic energy= -4.03117969127518
FCI correlation energy= -0.11912163696305655

######################## R=1.7500000000000007 ###########################
building molecule...
ecore= 1.960009784227659

nelec= (2, 2)
running unrestricted Hartree Fock...
converged SCF energy = -1.94415302425276  <S^2> = -1.3322676e-15  2S+1 = 1
Hartree Fock total energy= -1.944153024252761
Hartree Fock electronic energy= -3.90416280848042
mo energies= [[-0.492553 -0.32221   0.252227  0.428743]
 [-0.492553 -0.32221   0.252227  0.428743]]
[[[ 0.389971  0.476642 -0.593131  0.677246]
  [ 0.389971 -0.476642 -0.593131 -0.677246]
  [ 0.389971  0.476642  0.593131 -0.677246]
  [ 0.389971 -0.476642  0.593131  0.677246]]

 [[ 0.389971 -0.476642 -0.593131  0.677246]
  [ 0.389971  0.476642 -0.593131 -0.677246]
  [ 0.389971 -0.476642  0.593131 -0.677246]
  [ 0.389971  0.476642  0.593131  0.677246]]]
moa
[[ 0.5  0.5 -0.5  0.5]
 [ 0.5 -0.5 -0.5 -0.5]
 [ 0.5  0.5  0.5 -0.5]
 [ 0.5 -0.5  0.5  0.5]]
running unrestricted FCI...
FCI total energy= -2.062700026176195
FCI electronic energy= -4.022709810403854
FCI correlation energy= -0.11854700192343404

######################## R=1.7700000000000007 ###########################
building molecule...
ecore= 1.9494130136196446

nelec= (2, 2)
running unrestricted Hartree Fock...
converged SCF energy = -1.94689475380632  <S^2> = -1.7763568e-15  2S+1 = 1
Hartree Fock total energy= -1.9468947538063242
Hartree Fock electronic energy= -3.8963077674259687
mo energies= [[-0.490444 -0.325187  0.254674  0.425375]
 [-0.490444 -0.325187  0.254674  0.425375]]
[[[ 0.390921 -0.474923  0.594286 -0.675538]
  [ 0.390921  0.474923  0.594286  0.675538]
  [ 0.390921 -0.474923 -0.594286  0.675538]
  [ 0.390921  0.474923 -0.594286 -0.675538]]

 [[ 0.390921  0.474923 -0.594286 -0.675538]
  [ 0.390921 -0.474923 -0.594286  0.675538]
  [ 0.390921  0.474923  0.594286  0.675538]
  [ 0.390921 -0.474923  0.594286 -0.675538]]]
moa
[[ 0.5 -0.5  0.5 -0.5]
 [ 0.5  0.5  0.5  0.5]
 [ 0.5 -0.5 -0.5  0.5]
 [ 0.5  0.5 -0.5 -0.5]]
running unrestricted FCI...
FCI total energy= -2.0649034578299066
FCI electronic energy= -4.014316471449551
FCI correlation energy= -0.11800870402358243

######################## R=1.7900000000000007 ###########################
building molecule...
ecore= 1.9390121992863194

nelec= (2, 2)
running unrestricted Hartree Fock...
converged SCF energy = -1.94948361954245  <S^2> = -1.7763568e-15  2S+1 = 1
Hartree Fock total energy= -1.9494836195424532
Hartree Fock electronic energy= -3.8884958188287726
mo energies= [[-0.488388 -0.328075  0.257054  0.42212 ]
 [-0.488388 -0.328075  0.257054  0.42212 ]]
[[[ 0.391855  0.473263 -0.595412  0.673894]
  [ 0.391855 -0.473263 -0.595412 -0.673894]
  [ 0.391855  0.473263  0.595412 -0.673894]
  [ 0.391855 -0.473263  0.595412  0.673894]]

 [[ 0.391855  0.473263  0.595412  0.673894]
  [ 0.391855 -0.473263  0.595412 -0.673894]
  [ 0.391855  0.473263 -0.595412 -0.673894]
  [ 0.391855 -0.473263 -0.595412  0.673894]]]
moa
[[ 0.5  0.5 -0.5  0.5]
 [ 0.5 -0.5 -0.5 -0.5]
 [ 0.5  0.5  0.5 -0.5]
 [ 0.5 -0.5  0.5  0.5]]
running unrestricted FCI...
FCI total energy= -2.0669874765716485
FCI electronic energy= -4.005999675857968
FCI correlation energy= -0.1175038570291953

######################## R=1.8100000000000007 ###########################
building molecule...
ecore= 1.9288019130583

nelec= (2, 2)
running unrestricted Hartree Fock...
converged SCF energy = -1.95192772761024  <S^2> = 3.3306691e-15  2S+1 = 1
Hartree Fock total energy= -1.9519277276102396
Hartree Fock electronic energy= -3.8807296406685396
mo energies= [[-0.486384 -0.330876  0.259368  0.418974]
 [-0.486384 -0.330876  0.259368  0.418974]]
[[[ 0.392774 -0.471658  0.596511 -0.67231 ]
  [ 0.392774  0.471658  0.596511  0.67231 ]
  [ 0.392774 -0.471658 -0.596511  0.67231 ]
  [ 0.392774  0.471658 -0.596511 -0.67231 ]]

 [[ 0.392774  0.471658  0.596511 -0.67231 ]
  [ 0.392774 -0.471658  0.596511  0.67231 ]
  [ 0.392774  0.471658 -0.596511  0.67231 ]
  [ 0.392774 -0.471658 -0.596511 -0.67231 ]]]
moa
[[ 0.5 -0.5  0.5 -0.5]
 [ 0.5  0.5  0.5  0.5]
 [ 0.5 -0.5 -0.5  0.5]
 [ 0.5  0.5 -0.5 -0.5]]
running unrestricted FCI...
FCI total energy= -2.0689576223975417
FCI electronic energy= -3.9977595354558417
FCI correlation energy= -0.11702989478730208

######################## R=1.8300000000000007 ###########################
building molecule...
ecore= 1.9187769351260198

nelec= (2, 2)
running unrestricted Hartree Fock...
converged SCF energy = -1.95423477549788  <S^2> = 0  2S+1 = 1
Hartree Fock total energy= -1.9542347754978786
Hartree Fock electronic energy= -3.8730117106238984
mo energies= [[-0.484429 -0.333594  0.261618  0.415932]
 [-0.484429 -0.333594  0.261618  0.415932]]
[[[ 0.393677  0.470107 -0.597582 -0.670786]
  [ 0.393677 -0.470107 -0.597582  0.670786]
  [ 0.393677  0.470107  0.597582  0.670786]
  [ 0.393677 -0.470107  0.597582 -0.670786]]

 [[ 0.393677 -0.470107 -0.597582  0.670786]
  [ 0.393677  0.470107 -0.597582 -0.670786]
  [ 0.393677 -0.470107  0.597582 -0.670786]
  [ 0.393677  0.470107  0.597582  0.670786]]]
moa
[[ 0.5  0.5 -0.5 -0.5]
 [ 0.5 -0.5 -0.5  0.5]
 [ 0.5  0.5  0.5  0.5]
 [ 0.5 -0.5  0.5 -0.5]]
running unrestricted FCI...
FCI total energy= -2.070819299729167
FCI electronic energy= -3.9895962348551866
FCI correlation energy= -0.1165845242312884

######################## R=1.8500000000000008 ###########################
building molecule...
ecore= 1.908932243423522

nelec= (2, 2)
running unrestricted Hartree Fock...
converged SCF energy = -1.95641207180674  <S^2> = 2.4424907e-15  2S+1 = 1
Hartree Fock total energy= -1.9564120718067353
Hartree Fock electronic energy= -3.8653443152302573
mo energies= [[-0.482523 -0.33623   0.263805  0.412992]
 [-0.482523 -0.33623   0.263805  0.412992]]
[[[ 0.394564 -0.468608 -0.598627  0.669318]
  [ 0.394564  0.468608 -0.598627 -0.669318]
  [ 0.394564 -0.468608  0.598627 -0.669318]
  [ 0.394564  0.468608  0.598627  0.669318]]

 [[ 0.394564 -0.468608  0.598627  0.669318]
  [ 0.394564  0.468608  0.598627 -0.669318]
  [ 0.394564 -0.468608 -0.598627 -0.669318]
  [ 0.394564  0.468608 -0.598627  0.669318]]]
moa
[[ 0.5 -0.5 -0.5  0.5]
 [ 0.5  0.5 -0.5 -0.5]
 [ 0.5 -0.5  0.5 -0.5]
 [ 0.5  0.5  0.5  0.5]]
running unrestricted FCI...
FCI total energy= -2.072577758396836
FCI electronic energy= -3.981510001820358
FCI correlation energy= -0.11616568659010063

######################## R=1.8700000000000008 ###########################
building molecule...
ecore= 1.8992630036957256

nelec= (2, 2)
running unrestricted Hartree Fock...
converged SCF energy = -1.9584665550843  <S^2> = -2.220446e-15  2S+1 = 1
Hartree Fock total energy= -1.958466555084301
Hartree Fock electronic energy= -3.8577295587800267
mo energies= [[-0.480664 -0.338787  0.265931  0.41015 ]
 [-0.480664 -0.338787  0.265931  0.41015 ]]
[[[ 0.395436  0.467159  0.599645 -0.667903]
  [ 0.395436 -0.467159  0.599645  0.667903]
  [ 0.395436  0.467159 -0.599645  0.667903]
  [ 0.395436 -0.467159 -0.599645 -0.667903]]

 [[ 0.395436 -0.467159 -0.599645 -0.667903]
  [ 0.395436  0.467159 -0.599645  0.667903]
  [ 0.395436 -0.467159  0.599645  0.667903]
  [ 0.395436  0.467159  0.599645 -0.667903]]]
moa
[[ 0.5  0.5  0.5 -0.5]
 [ 0.5 -0.5  0.5  0.5]
 [ 0.5  0.5 -0.5  0.5]
 [ 0.5 -0.5 -0.5 -0.5]]
running unrestricted FCI...
FCI total energy= -2.074238080282896
FCI electronic energy= -3.973501083978622
FCI correlation energy= -0.11577152519859513

######################## R=1.8900000000000008 ###########################
building molecule...
ecore= 1.8897645601965605

nelec= (2, 2)
running unrestricted Hartree Fock...
converged SCF energy = -1.96040481175704  <S^2> = -4.4408921e-15  2S+1 = 1
Hartree Fock total energy= -1.960404811757045
Hartree Fock electronic energy= -3.8501693719536054
mo energies= [[-0.478853 -0.341268  0.267995  0.407402]
 [-0.478853 -0.341268  0.267995  0.407402]]
[[[ 0.396293  0.465758  0.600636 -0.666541]
  [ 0.396293 -0.465758  0.600636  0.666541]
  [ 0.396293  0.465758 -0.600636  0.666541]
  [ 0.396293 -0.465758 -0.600636 -0.666541]]

 [[ 0.396293 -0.465758  0.600636 -0.666541]
  [ 0.396293  0.465758  0.600636  0.666541]
  [ 0.396293 -0.465758 -0.600636  0.666541]
  [ 0.396293  0.465758 -0.600636 -0.666541]]]
moa
[[ 0.5  0.5  0.5 -0.5]
 [ 0.5 -0.5  0.5  0.5]
 [ 0.5  0.5 -0.5  0.5]
 [ 0.5 -0.5 -0.5 -0.5]]
running unrestricted FCI...
FCI total energy= -2.0758051704050997
FCI electronic energy= -3.9655697306016604
FCI correlation energy= -0.11540035864805476

######################## R=1.9100000000000008 ###########################
building molecule...
ecore= 1.8804324269700174

nelec= (2, 2)
running unrestricted Hartree Fock...
converged SCF energy = -1.96223309320297  <S^2> = -1.3322676e-15  2S+1 = 1
Hartree Fock total energy= -1.9622330932029728
Hartree Fock electronic energy= -3.8426655201729902
mo energies= [[-0.477088 -0.343675  0.270001  0.404747]
 [-0.477088 -0.343675  0.270001  0.404747]]
[[[ 0.397133 -0.464404  0.601602  0.665227]
  [ 0.397133  0.464404  0.601602 -0.665227]
  [ 0.397133 -0.464404 -0.601602 -0.665227]
  [ 0.397133  0.464404 -0.601602  0.665227]]

 [[ 0.397133 -0.464404  0.601602  0.665227]
  [ 0.397133  0.464404  0.601602 -0.665227]
  [ 0.397133 -0.464404 -0.601602 -0.665227]
  [ 0.397133  0.464404 -0.601602  0.665227]]]
moa
[[ 0.5 -0.5  0.5  0.5]
 [ 0.5  0.5  0.5 -0.5]
 [ 0.5 -0.5 -0.5 -0.5]
 [ 0.5  0.5 -0.5  0.5]]
running unrestricted FCI...
FCI total energy= -2.0772837514823825
FCI electronic energy= -3.9577161784524
FCI correlation energy= -0.11505065827940975

######################## R=1.9300000000000008 ###########################
building molecule...
ecore= 1.8712622796702856

nelec= (2, 2)
running unrestricted Hartree Fock...
converged SCF energy = -1.96395733200417  <S^2> = 8.8817842e-16  2S+1 = 1
Hartree Fock total energy= -1.963957332004172
Hartree Fock electronic energy= -3.8352196116744577
mo energies= [[-0.475368 -0.346009  0.271949  0.402181]
 [-0.475368 -0.346009  0.271949  0.402181]]
[[[ 0.397958 -0.463094  0.602543 -0.663962]
  [ 0.397958  0.463094  0.602543  0.663962]
  [ 0.397958 -0.463094 -0.602543  0.663962]
  [ 0.397958  0.463094 -0.602543 -0.663962]]

 [[ 0.397958  0.463094  0.602543  0.663962]
  [ 0.397958 -0.463094  0.602543 -0.663962]
  [ 0.397958  0.463094 -0.602543 -0.663962]
  [ 0.397958 -0.463094 -0.602543  0.663962]]]
moa
[[ 0.5 -0.5  0.5 -0.5]
 [ 0.5  0.5  0.5  0.5]
 [ 0.5 -0.5 -0.5  0.5]
 [ 0.5  0.5 -0.5 -0.5]]
running unrestricted FCI...
FCI total energy= -2.0786783612296924
FCI electronic energy= -3.949940640899978
FCI correlation energy= -0.1147210292255203

######################## R=1.9500000000000008 ###########################
building molecule...
ecore= 1.8622499478809453

nelec= (2, 2)
running unrestricted Hartree Fock...
converged SCF energy = -1.9655831574176  <S^2> = 1.5543122e-15  2S+1 = 1
Hartree Fock total energy= -1.9655831574175997
Hartree Fock electronic energy= -3.827833105298545
mo energies= [[-0.473691 -0.348274  0.273841  0.399701]
 [-0.473691 -0.348274  0.273841  0.399701]]
[[[ 0.398767 -0.461828  0.603459 -0.662742]
  [ 0.398767  0.461828  0.603459  0.662742]
  [ 0.398767 -0.461828 -0.603459  0.662742]
  [ 0.398767  0.461828 -0.603459 -0.662742]]

 [[ 0.398767  0.461828 -0.603459 -0.662742]
  [ 0.398767 -0.461828 -0.603459  0.662742]
  [ 0.398767  0.461828  0.603459  0.662742]
  [ 0.398767 -0.461828  0.603459 -0.662742]]]
moa
[[ 0.5 -0.5  0.5 -0.5]
 [ 0.5  0.5  0.5  0.5]
 [ 0.5 -0.5 -0.5  0.5]
 [ 0.5  0.5 -0.5 -0.5]]
running unrestricted FCI...
FCI total energy= -2.0799933517855873
FCI electronic energy= -3.942243299666533
FCI correlation energy= -0.1144101943679876

######################## R=1.9700000000000009 ###########################
building molecule...
ecore= 1.8533914078965699

nelec= (2, 2)
running unrestricted Hartree Fock...
converged SCF energy = -1.96711591010263  <S^2> = -2.220446e-15  2S+1 = 1
Hartree Fock total energy= -1.9671159101026297
Hartree Fock electronic energy= -3.8205073179991995
mo energies= [[-0.472058 -0.350471  0.275677  0.397304]
 [-0.472058 -0.350471  0.275677  0.397304]]
[[[ 0.399561  0.460604 -0.604351 -0.661567]
  [ 0.399561 -0.460604 -0.604351  0.661567]
  [ 0.399561  0.460604  0.604351  0.661567]
  [ 0.399561 -0.460604  0.604351 -0.661567]]

 [[ 0.399561 -0.460604  0.604351  0.661567]
  [ 0.399561  0.460604  0.604351 -0.661567]
  [ 0.399561 -0.460604 -0.604351 -0.661567]
  [ 0.399561  0.460604 -0.604351  0.661567]]]
moa
[[ 0.5  0.5 -0.5 -0.5]
 [ 0.5 -0.5 -0.5  0.5]
 [ 0.5  0.5  0.5  0.5]
 [ 0.5 -0.5  0.5 -0.5]]
running unrestricted FCI...
FCI total energy= -2.0812328908007736
FCI electronic energy= -3.9346242986973436
FCI correlation energy= -0.11411698069814391

######################## R=1.9900000000000009 ###########################
building molecule...
ecore= 1.8446827759331939

nelec= (2, 2)
running unrestricted Hartree Fock...
converged SCF energy = -1.96856065614236  <S^2> = 0  2S+1 = 1
Hartree Fock total energy= -1.9685606561423628
Hartree Fock electronic energy= -3.8132434320755566
mo energies= [[-0.470466 -0.352602  0.277459  0.394988]
 [-0.470466 -0.352602  0.277459  0.394988]]
[[[ 0.400339  0.45942   0.605219 -0.660433]
  [ 0.400339 -0.45942   0.605219  0.660433]
  [ 0.400339  0.45942  -0.605219  0.660433]
  [ 0.400339 -0.45942  -0.605219 -0.660433]]

 [[ 0.400339 -0.45942   0.605219 -0.660433]
  [ 0.400339  0.45942   0.605219  0.660433]
  [ 0.400339 -0.45942  -0.605219  0.660433]
  [ 0.400339  0.45942  -0.605219 -0.660433]]]
moa
[[ 0.5  0.5  0.5 -0.5]
 [ 0.5 -0.5  0.5  0.5]
 [ 0.5  0.5 -0.5  0.5]
 [ 0.5 -0.5 -0.5 -0.5]]
running unrestricted FCI...
FCI total energy= -2.0824009638125345
FCI electronic energy= -3.9270837397457283
FCI correlation energy= -0.11384030767017173
