##################### R=1.01 #############################
MPO site    0 /    4
MPO site    1 /    4
MPO site    2 /    4
Time elapsed =      0.066 | E =   -4.600756806901297 | DE = 0.00E+00 | MDW = 4.64E-16 | MEM =  200 MB
Time sweep =      0.066 | Time davidson =      0.000 | Time decomp =      0.004
Time elapsed =      0.079 | E =   -4.600756810707673 | DE = 3.81E-09 | MDW = 3.47E-17 | MEM =  200 MB
Time sweep =      0.012 | Time davidson =      0.000 | Time decomp =      0.004
Time elapsed =      0.091 | E =   -4.600756810777056 | DE = 6.94E-11 | MDW = 2.94E-14 | MEM =  200 MB
Time sweep =      0.012 | Time davidson =      0.000 | Time decomp =      0.004
Time elapsed =      0.103 | E =   -4.600756810777053 | DE = 2.66E-15 | MDW = 1.46E-19 | MEM =  200 MB
Time sweep =      0.012 | Time davidson =      0.000 | Time decomp =      0.004
Electronic Energy= -4.600756810777053
Total Energy= -2.027442816585219

##################### R=1.01 #############################
MPO site    0 /    4
MPO site    1 /    4
MPO site    2 /    4
Time elapsed =      0.060 | E =   -4.600756802197735 | DE = 0.00E+00 | MDW = 2.36E-14 | MEM =  199 MB
Time sweep =      0.060 | Time davidson =      0.000 | Time decomp =      0.003
Time elapsed =      0.068 | E =   -4.600756810736995 | DE = 8.54E-09 | MDW = 5.07E-15 | MEM =  200 MB
Time sweep =      0.009 | Time davidson =      0.000 | Time decomp =      0.003
Time elapsed =      0.077 | E =   -4.600756810777369 | DE = 4.04E-11 | MDW = 1.19E-14 | MEM =  200 MB
Time sweep =      0.008 | Time davidson =      0.000 | Time decomp =      0.003
Time elapsed =      0.085 | E =   -4.600756810777369 | DE = 0.00E+00 | MDW = 4.41E-18 | MEM =  200 MB
Time sweep =      0.008 | Time davidson =      0.000 | Time decomp =      0.003
Electronic Energy= -4.600756810777369
Total Energy= -2.0274428165855354

######################## R=1.01 ###########################
building molecule...
ecore= 2.5733139941918335

nelec= (2, 2)
running unrestricted Hartree Fock...
[[[0.458265 0.037119 0.040741 0.012664]
  [0.037119 0.458265 0.012664 0.040741]
  [0.040741 0.012664 0.458265 0.037119]
  [0.012664 0.040741 0.037119 0.458265]]

[[0.458265 0.       0.       0.      ]
[0.       0.458265 0.       0.      ]
[0.       0.       0.458265 0.      ]
[0.       0.       0.       0.458265]]]
converged SCF energy = -1.9338299498272  <S^2> = 0  2S+1 = 1
Hartree Fock total energy= -1.9338299498271994
Hartree Fock electronic energy= -4.507143944019033
mo energies= [[-0.633104 -0.276669  0.272671  0.70479 ]
[-0.633104 -0.276669  0.272671  0.70479 ]]
[[[ 0.346053 -0.528932  0.61701   0.83092 ]
  [ 0.346053  0.528932  0.61701  -0.83092 ]
  [ 0.346053 -0.528932 -0.61701  -0.83092 ]
  [ 0.346053  0.528932 -0.61701   0.83092 ]]

  [[ 0.346053  0.528932  0.61701   0.83092 ]
  [ 0.346053 -0.528932  0.61701  -0.83092 ]
  [ 0.346053  0.528932 -0.61701  -0.83092 ]
  [ 0.346053 -0.528932 -0.61701   0.83092 ]]]

running unrestricted FCI...
FCI total energy= -2.027442816585733
FCI correlation energy= -0.09361286675853364

######################## R=1.01 ###########################
building molecule...
ecore= 2.5733139941918335

nelec= (2, 2)
running unrestricted Hartree Fock...
converged SCF energy = -1.9338299498272  <S^2> = 0  2S+1 = 1
Hartree Fock total energy= -1.9338299498271994

running unrestricted FCI...
FCI total energy= -2.027442816585733
FCI correlation energy= -0.09361286675853364

FCI hf_mo amplitudes:
k= 0  ia=0 ib=0   occ_a=[0, 1]  occ_b=[0, 1]   c= 9.416937e-01
k= 5  ia=0 ib=5   occ_a=[0, 1]  occ_b=[2, 3]   c=-2.755984e-02
k= 7  ia=1 ib=1   occ_a=[0, 2]  occ_b=[0, 2]   c= 2.399435e-01
k=10  ia=1 ib=4   occ_a=[0, 2]  occ_b=[1, 3]   c=-8.058442e-02
k=14  ia=2 ib=2   occ_a=[1, 2]  occ_b=[1, 2]   c=-8.356031e-02
k=15  ia=2 ib=3   occ_a=[1, 2]  occ_b=[0, 3]   c= 1.081443e-01
k=20  ia=3 ib=2   occ_a=[0, 3]  occ_b=[1, 2]   c=-1.081443e-01
k=21  ia=3 ib=3   occ_a=[0, 3]  occ_b=[0, 3]   c= 8.146689e-02
k=25  ia=4 ib=1   occ_a=[1, 3]  occ_b=[0, 2]   c= 8.058442e-02
k=28  ia=4 ib=4   occ_a=[1, 3]  occ_b=[1, 3]   c=-5.074400e-02
k=30  ia=5 ib=0   occ_a=[2, 3]  occ_b=[0, 1]   c= 2.755984e-02
k=35  ia=5 ib=5   occ_a=[2, 3]  occ_b=[2, 3]   c=-3.935589e-02

DMRG hf_mo amplitudes: 
occ_a=(0, 1),occ_b=(0, 1),c=-0.9416939284261214
occ_a=(0, 1),occ_b=(2, 3),c=0.027559657097296523
occ_a=(0, 2),occ_b=(0, 2),c=0.23994242130634932
occ_a=(0, 2),occ_b=(1, 3),c=0.08058453964103593
occ_a=(0, 3),occ_b=(0, 3),c=0.08146693125367917
occ_a=(0, 3),occ_b=(1, 2),c=-0.10814414034377183
occ_a=(1, 2),occ_b=(0, 3),c=-0.10814421944244987
occ_a=(1, 2),occ_b=(1, 2),c=0.08356065379049517
occ_a=(1, 3),occ_b=(0, 2),c=0.08058439507755227
occ_a=(1, 3),occ_b=(1, 3),c=0.05074386306483932
occ_a=(2, 3),occ_b=(0, 1),c=0.02755963832069218
occ_a=(2, 3),occ_b=(2, 3),c=-0.039355912147412

DMRG lowdin amplitudes: 
occ_a=(0, 1),occ_b=(0, 1),c=0.019564307543362556
occ_a=(0, 1),occ_b=(0, 2),c=-0.0005229485696371765
occ_a=(0, 1),occ_b=(0, 3),c=0.04730025024617736
occ_a=(0, 1),occ_b=(1, 2),c=0.04729937052158079
occ_a=(0, 1),occ_b=(1, 3),c=-0.0005237231723169318
occ_a=(0, 1),occ_b=(2, 3),c=-0.045194800681148346
occ_a=(0, 2),occ_b=(0, 1),c=0.0005236601249876821
occ_a=(0, 2),occ_b=(0, 2),c=-0.13615357687773486
occ_a=(0, 2),occ_b=(0, 3),c=-0.22558490944009096
occ_a=(0, 2),occ_b=(1, 2),c=-0.22558417818710413
occ_a=(0, 2),occ_b=(1, 3),c=-0.3268117175270214
occ_a=(0, 2),occ_b=(2, 3),c=-0.0005231217815447574
occ_a=(0, 3),occ_b=(0, 1),c=-0.047299477936124844
occ_a=(0, 3),occ_b=(0, 2),c=0.22558390589438743
occ_a=(0, 3),occ_b=(0, 3),c=-0.14607808975664163
occ_a=(0, 3),occ_b=(1, 2),c=0.3720051758264004
occ_a=(0, 3),occ_b=(1, 3),c=-0.22558409937523433
occ_a=(0, 3),occ_b=(2, 3),c=0.047299545464289716
occ_a=(1, 2),occ_b=(0, 1),c=-0.04730018793022679
occ_a=(1, 2),occ_b=(0, 2),c=0.2255848134369523
occ_a=(1, 2),occ_b=(0, 3),c=0.37200763004040693
occ_a=(1, 2),occ_b=(1, 2),c=-0.14607827866475231
occ_a=(1, 2),occ_b=(1, 3),c=-0.22558504408462757
occ_a=(1, 2),occ_b=(2, 3),c=0.04730009190436017
occ_a=(1, 3),occ_b=(0, 1),c=0.0005230634229534542
occ_a=(1, 3),occ_b=(0, 2),c=-0.32681117617077865
occ_a=(1, 3),occ_b=(0, 3),c=0.2255847180035987
occ_a=(1, 3),occ_b=(1, 2),c=0.22558388570454196
occ_a=(1, 3),occ_b=(1, 3),c=-0.13615352704187653
occ_a=(1, 3),occ_b=(2, 3),c=-0.0005235520464865438
occ_a=(2, 3),occ_b=(0, 1),c=-0.04519501067212225
occ_a=(2, 3),occ_b=(0, 2),c=0.0005236802134452913
occ_a=(2, 3),occ_b=(0, 3),c=-0.047300143028003824
occ_a=(2, 3),occ_b=(1, 2),c=-0.047299353004435676
occ_a=(2, 3),occ_b=(1, 3),c=0.0005230043900337142
occ_a=(2, 3),occ_b=(2, 3),c=0.01956432471936742
