run = 0
step= 49

nparam= 51
        dense amplitude time= 0.00092315673828125
        total non-zero amplitudes= 36
        nsamples per process= 12
self.n= 0.5863966584072087
        collect g,h time= 0.15708160400390625
E=-4.189824346038481,dE=-2.4868995751603507e-14,std=0
L=-4.189824346038481,dL=-2.4868995751603507e-14,std=0
        gnorm= 0.00013130756027396944
        collect S matrix time= 4.506111145019531e-05
        nonzero=31,wmax=1.9684910187832467,wmin=0.0022658018848688995
        SR solver time= 0.0003287792205810547
        collect H matrix time= 3.075599670410156e-05
        nonzero=31,smax=2.61670089575625,smin=0.003957500145418681
        RGN solver time= 0.00045990943908691406
        xnorm=1.6544645360065249,dnorm=5.852756975128429e-07
        dense amplitude time= 0.0009429454803466797
        total non-zero amplitudes= 36
        nsamples per process= 12
self.n= 0.5863966405881353
        RGN updated loss=-4.189824346038482,dloss=-8.881784197001252e-16
[-0.2445152376  0.0794970338 -0.0048090537  0.1022107682  0.2347617191
  0.0972255606 -0.2891531139]
[ 0.2268067325  0.0665257442  0.160444675   0.0000609573  0.095386854
  0.0442933093 -0.0552794596  0.2766899598 -0.015284978  -0.1623233828
 -0.0386399957 -0.0127538373  0.0334817953  0.0421576752 -0.0628647622
 -0.2029395487]
[ 0.006923257  -0.0065070591 -0.4395363629  0.0143905853  0.4899933898
  0.0127980459  0.0235495158 -0.4667460391  0.0323965464  0.5538428663
 -0.0772944666 -0.0051307963  0.1751794591 -0.0296013737 -0.2218568638
 -0.0203533799 -0.0217015764 -0.400988897  -0.0517698494 -0.2209368089
 -0.3385330787 -0.0430621964  0.0336945832  0.0226813933  0.7215954891
  0.6038143981 -0.0230148526 -0.0106242594]
