run = 0
step= 49

nparam= 51
        dense amplitude time= 0.0008769035339355469
        total non-zero amplitudes= 36
        nsamples per process= 12
self.n= 0.6028621942415707
        collect g,h time= 0.16213774681091309
E=-4.471265240264004,dE=-3.135269821541442e-13,std=0
L=-4.471265240264004,dL=-3.135269821541442e-13,std=0
        gnorm= 0.00012237482815907993
        collect S matrix time= 0.00010347366333007812
        nonzero=30,wmax=2.196896887028567,wmin=0.00245004385756151
        SR solver time= 0.000354766845703125
        collect H matrix time= 3.1948089599609375e-05
        nonzero=30,smax=3.1637690570548083,smin=0.005432428313996106
        RGN solver time= 0.00046706199645996094
        xnorm=1.1810818258056182,dnorm=8.799887651680523e-07
        dense amplitude time= 0.0012898445129394531
        total non-zero amplitudes= 36
        nsamples per process= 12
self.n= 0.6028622452626712
        RGN updated loss=-4.471265240264248,dloss=-2.4424906541753444e-13
[ 0.1450535924 -0.3514949567 -0.0182219958  0.2887958383 -0.1730968263
  0.0331921804 -0.2036361157]
[ 0.1668803351 -0.0847596391  0.1549455946 -0.2892645842 -0.0700521382
 -0.1657942125  0.2506403019 -0.0475780625 -0.1920094088  0.2550032544
  0.1380384309 -0.1754036939  0.0986918508  0.0234135956 -0.0349871716
 -0.2625934596]
[ 0.0705220621  0.0028585926  0.0790531585 -0.0653619182 -0.2379543444
  0.0282734427  0.0029646256  0.1379885115  0.0153419506 -0.0954414242
 -0.0206623445  0.0481899673  0.0076135226  0.0198368455  0.0249333038
 -0.017039919  -0.0282755693  0.1274408428  0.0074243778 -0.153884562
  0.0400835967  0.0106415985  0.0238593719 -0.0287394255 -0.4607675058
 -0.4943428336  0.0276080213 -0.1222850844]

run = 1
step= 49

nparam= 51
        dense amplitude time= 0.0008990764617919922
        total non-zero amplitudes= 36
        nsamples per process= 12
self.n= 0.5894965375805332
        collect g,h time= 0.1591334342956543
E=-4.471274982953016,dE=-8.6512130792471e-10,std=0
L=-4.471274982953016,dL=-8.6512130792471e-10,std=0
        gnorm= 3.0771112920801535e-05
        collect S matrix time= 4.315376281738281e-05
        nonzero=31,wmax=2.136429505434286,wmin=0.0023311346705933464
        SR solver time= 0.00031685829162597656
        collect H matrix time= 3.9577484130859375e-05
        nonzero=31,smax=3.0568699962219252,smin=0.004636801432969447
        RGN solver time= 0.0004353523254394531
        xnorm=1.1078421745895575,dnorm=3.03593540350517e-05
        dense amplitude time= 0.001008749008178711
        total non-zero amplitudes= 36
        nsamples per process= 12
self.n= 0.5894980114843121
        RGN updated loss=-4.4712749836303445,dloss=-6.773284155769943e-10
[ 0.0902717922 -0.2424517781 -0.0030150516  0.235619769  -0.0565849283
  0.0461485444 -0.3658948574]
[ 0.1262607891  0.0024647306  0.1384602692 -0.0468789441 -0.1031651994
  0.0258235348  0.0422427946 -0.0519964284 -0.0185623682  0.108154958
  0.0419573605 -0.2826273814  0.0685074515  0.0262444325 -0.0686589729
 -0.2401045592]
[ 0.0409345316  0.0008632499  0.1225646517  0.0515195302 -0.2447266746
 -0.0083907582 -0.0315343136  0.2152454594  0.0097067297  0.007993231
  0.0247240852  0.0227804862  0.0401637771 -0.043812786  -0.0179850284
  0.0200940359  0.0494017426  0.2626176429  0.0180688935 -0.238100411
 -0.0274677071  0.0627337411 -0.1133291993 -0.011463436  -0.4942833668
 -0.4724140909  0.0143966292  0.0715855462]
