
run = 0
step= 49

nparam= 56
        dense amplitude time= 0.0007479190826416016
        total non-zero amplitudes= 36
        nsamples per process= 36
self.n= 1.6552991685681364
        collect g,h time= 0.2627701759338379
E=-4.4900369731299055,dE=-4.3664621968808603e-05,std=0
L=-4.4900369731299055,dL=-4.3664621968808603e-05,std=0
        gnorm= 0.012743916251118998
        collect S matrix time= 0.0002238750457763672
        SR solver time= 8.893013000488281e-05
        xnorm=1.449168232145081,dnorm=0.017965904259318207
[-0.1817616628  0.0135290558 -0.1265704641 -0.0536888425 -0.1014614018
 -0.0099372086 -0.22544718    0.0710867502 -0.0783368585  0.0262215
 -0.0557629461  0.1441812075  0.0689790616  0.1845049619 -0.0420700599
  0.0862442538  0.0261622182 -0.030269517  -0.1820619603  0.0715391159
  0.0872688192 -0.0566021209  0.260595493   0.0531963091  0.0513147042
  0.0450598207  0.0299527083 -0.1880038061]
step= 29

nparam= 56
        dense amplitude time= 0.0007746219635009766
        total non-zero amplitudes= 36
        nsamples per process= 36
self.n= 0.8337033842820594
        collect g,h time= 0.26284217834472656
E=-4.487683842445256,dE=-0.00014384988925009168,std=0
L=-4.487683842445256,dL=-0.00014384988925009168,std=0
        gnorm= 0.023227606464547877
        collect S matrix time= 0.00023055076599121094
        nonzero=25,wmax=2.1704266926143645,wmin=0.010509384718178047
        SR solver time= 0.0003142356872558594
        xnorm=0.8300443771928263,dnorm=0.005676892147719295
[-0.1157829741  0.0154056225 -0.1069082705 -0.0362273989 -0.0698287513
 -0.0219786338 -0.1563561462  0.0871060537 -0.0666098436  0.0464754978
 -0.0526707699  0.1053013093  0.0673324034  0.1158741001 -0.0359475686
  0.0160628594  0.0081923227 -0.0587908986 -0.1439775892  0.0753351313
  0.0605505247 -0.053507445   0.175754178   0.0479378215 -0.0040736055
 -0.0207521499  0.0442314175 -0.1005244107]
step= 49

nparam= 56
        dense amplitude time= 0.0007817745208740234
        total non-zero amplitudes= 36
        nsamples per process= 36
self.n= 1.6385561211559816
        collect g,h time= 0.2622947692871094
E=-4.490038543307415,dE=-8.046238448855547e-07,std=0
L=-4.490038543307415,dL=-8.046238448855547e-07,std=0
        gnorm= 0.014296066943698489
        collect S matrix time= 0.00019598007202148438
        SR solver time= 0.00011563301086425781
        collect H matrix time= 0.00012302398681640625
        xnorm=1.5409710914375465,dnorm=0.0
        RGN solver time= 5.91278076171875e-05
        xnorm=1.5409710914375465,dnorm=0.16079525350237597
        dense amplitude time= 0.0006465911865234375
        total non-zero amplitudes= 36
        nsamples per process= 36
self.n= 1.3852179226535866
        RGN updated loss=-4.489584648715306,dloss=0.0004538945921090942
        xnorm=1.5409710914375465,dnorm=0.004373701852131574
[-0.2080030219  0.001845231  -0.1790951684 -0.055984148  -0.1290504058
 -0.0038030631 -0.2319850068  0.0148208625 -0.0707263737 -0.0205290406
 -0.0558812266  0.1648748863  0.0618889093  0.2133377436 -0.044540863
  0.0934313096  0.0290350691  0.0007669926 -0.2002850968  0.0740471824
  0.1312220042 -0.0554979736  0.2793158945  0.0504668975  0.1046967814
  0.096857994   0.0376592629 -0.2077577593]

run = 1
step= 49

nparam= 56
        dense amplitude time= 0.0007376670837402344
        total non-zero amplitudes= 36
        nsamples per process= 36
self.n= 1.2550309712130538
        collect g,h time= 0.262479305267334
E=-4.49140717989947,dE=-0.0002976871841591233,std=0
L=-4.49140717989947,dL=-0.0002976871841591233,std=0
        gnorm= 0.03173139009763719
        collect S matrix time= 0.00021338462829589844
        SR solver time= 9.512901306152344e-05
        xnorm=0.8371133458200551,dnorm=0.020300293300295508
[ 0.043659276   0.0417479348 -0.1944189365 -0.0061451079  0.1632700802
  0.0006174169 -0.0399396652 -0.1781409015 -0.04603718    0.1345673843
 -0.0011363787  0.0041869375 -0.0101204773  0.0426745935  0.0155763689
 -0.0372704187  0.019219748  -0.1465218571  0.0049422367 -0.018837065
 -0.1367637034 -0.0382170658  0.0042241927  0.0001270113  0.1258328133
  0.1508481376  0.0710489601 -0.0041051871]
step= 99

nparam= 56
        dense amplitude time= 0.0007383823394775391
        total non-zero amplitudes= 36
        nsamples per process= 36
self.n= 1.0188802463196638
        collect g,h time= 0.26392698287963867
E=-4.501945532324016,dE=-1.4843793749719225e-08,std=0
L=-4.501945532324016,dL=-1.4843793749719225e-08,std=0
        gnorm= 0.0009775355103442461
        collect S matrix time= 0.00022983551025390625
        SR solver time= 9.369850158691406e-05
        collect H matrix time= 0.00014781951904296875
        xnorm=1.1444932621495971,dnorm=0.0
        RGN solver time= 6.270408630371094e-05
        xnorm=1.1444932621495971,dnorm=0.004222990587363127
        dense amplitude time= 0.0006043910980224609
        total non-zero amplitudes= 36
        nsamples per process= 36
self.n= 1.0174722989832026
        RGN updated loss=-4.501945533002344,dloss=-6.783276162991569e-10
[ 0.0565996312  0.015090909  -0.3024856569 -0.0349059599  0.269123094
  0.0147841819 -0.0443947221 -0.2827131726 -0.0703125663  0.2539285295
 -0.0200700258  0.0150748063 -0.0105207376  0.0454793713  0.0171025592
 -0.0460712347  0.0487333813 -0.2511305423  0.013568638  -0.01115619
 -0.2552163778 -0.0179375086  0.0145172059  0.0589665288  0.2768548677
  0.2981578199  0.118338597   0.005472904 ]
