step= 49

nparam= 56
        dense amplitude time= 0.0007987022399902344
        total non-zero amplitudes= 36
        nsamples per process= 36
self.n= 1.4590319458800427
        collect g,h time= 0.27849435806274414
E=-4.335281698945897,dE=-0.0005295725545302332,std=0
L=-4.335281698945897,dL=-0.0005295725545302332,std=0
        gnorm= 0.04252433026776652
        collect S matrix time= 0.00021529197692871094
        SR solver time= 9.226799011230469e-05
        xnorm=0.9402938993362728,dnorm=0.016800764710490322
[-0.0477936256  0.009692169   0.2084195321 -0.0491684653 -0.1875342212
  0.0281686317 -0.0132929271  0.1838299263 -0.0335277388 -0.1479579006
 -0.0106657405 -0.0037548992 -0.0396835913 -0.0434608745  0.0106657465
  0.0007953714 -0.0125077769  0.1948280837  0.0209252757 -0.0441616915
  0.1948314367 -0.0599443049  0.0185307461  0.0507376144 -0.1767949924
 -0.2333822901  0.0209144301  0.0059709368]
step= 99

nparam= 56
        dense amplitude time= 0.0007092952728271484
        total non-zero amplitudes= 36
        nsamples per process= 36
self.n= 0.7215591338364705
        collect g,h time= 0.2608177661895752
E=-4.362424826633375,dE=-2.230244924739111e-06,std=0
L=-4.362424826633375,dL=-2.230244924739111e-06,std=0
        gnorm= 0.002131593635833033
        collect S matrix time= 0.00023102760314941406
        SR solver time= 9.012222290039062e-05
        collect H matrix time= 0.0001468658447265625
        xnorm=1.3331459691467926,dnorm=0.0
        RGN solver time= 5.888938903808594e-05
        xnorm=1.3331459691467926,dnorm=0.006994732455585739
        dense amplitude time= 0.0006272792816162109
        total non-zero amplitudes= 36
        nsamples per process= 36
self.n= 0.7181800477008626
        RGN updated loss=-4.362426775082141,dloss=-1.9484487658871785e-06
[-0.0396415174 -0.0748118566  0.3806446275 -0.1150139844 -0.3237914607
  0.0277283974 -0.017088047   0.3585052153 -0.1129595774 -0.2688792082
 -0.1081394836 -0.0211778707 -0.0347695657 -0.0717517381  0.0075864624
  0.0165557345  0.0609801467  0.3306775147  0.0123415679 -0.0533898228
  0.3153894817  0.0300169015  0.0276712028  0.1845402037 -0.3329328316
 -0.392144866   0.1185211241 -0.0162350684]
