step= 49

nparam= 56
        dense amplitude time= 0.0007574558258056641
        total non-zero amplitudes= 36
        nsamples per process= 36
self.n= 1.3806623055530993
        collect g,h time= 0.26640820503234863
E=-4.427314706783468,dE=-0.0003575294490447689,std=0
L=-4.427314706783468,dL=-0.0003575294490447689,std=0
        gnorm= 0.03465775586358994
        collect S matrix time= 0.0003058910369873047
        SR solver time= 8.606910705566406e-05
        xnorm=0.8727209533898285,dnorm=0.01658709761640054
[ 0.005629186  -0.0146426461 -0.2136026427  0.0080911578  0.162579117
 -0.0434785704  0.0049808169 -0.1544902171  0.0449666462  0.1521574051
  0.0148723734 -0.0058513766 -0.0277003669  0.0176494441 -0.0439671345
  0.0066812044 -0.0157475114 -0.1767130959  0.0107026261 -0.030121647
 -0.1788508352  0.0500253149  0.0189742638 -0.0077113551  0.1742955831
  0.2089311306 -0.0311573254  0.0288657948]
step= 99

nparam= 56
        dense amplitude time= 0.0007245540618896484
        total non-zero amplitudes= 36
        nsamples per process= 36
self.n= 0.9471221682866438
        collect g,h time= 0.2622108459472656
E=-4.441829012099384,dE=-3.358358666716299e-07,std=0
L=-4.441829012099384,dL=-3.358358666716299e-07,std=0
        gnorm= 0.0007746238619430664
        collect S matrix time= 0.0002186298370361328
        SR solver time= 9.179115295410156e-05
        collect H matrix time= 0.0001456737518310547
        xnorm=1.1723193359583461,dnorm=0.0
        RGN solver time= 5.9604644775390625e-05
        xnorm=1.1723193359583461,dnorm=0.00332112725474853
        dense amplitude time= 0.0006237030029296875
        total non-zero amplitudes= 36
        nsamples per process= 36
self.n= 0.946220965666812
        RGN updated loss=-4.441829303739834,dloss=-2.9164045045604325e-07
[-0.0141295695  0.0323469285 -0.3361517182  0.0226826279  0.2743584601
 -0.0400888876  0.0130865951 -0.277681766   0.0508009569  0.2711355691
  0.0470719039 -0.0160696525 -0.0229016777  0.0083148096 -0.0433723078
  0.0238868311 -0.0286695948 -0.2871784048 -0.0044098946 -0.0356286667
 -0.296912951   0.0171046017  0.0030410381 -0.0507793953  0.3095050967
  0.3446359648 -0.0412156492  0.0222982643]
