run = 0
step= 49

nparam= 51
        dense amplitude time= 0.0010151863098144531
        total non-zero amplitudes= 36
        nsamples per process= 12
self.n= 0.591491262513835
        collect g,h time= 0.1677541732788086
E=-4.179222544195472,dE=-3.4638958368304884e-14,std=0
L=-4.179222544195472,dL=-3.4638958368304884e-14,std=0
        gnorm= 0.0001379966515019437
        collect S matrix time= 5.364418029785156e-05
        nonzero=31,wmax=1.9547574003708315,wmin=0.0021863208485274435
        SR solver time= 0.00033473968505859375
        collect H matrix time= 3.314018249511719e-05
        nonzero=31,smax=2.591591319262933,smin=0.0037737118068084663
        RGN solver time= 0.00045299530029296875
        xnorm=1.6775231051801291,dnorm=7.066505600925209e-07
        dense amplitude time= 0.00093841552734375
        total non-zero amplitudes= 36
        nsamples per process= 12
self.n= 0.5914912408627214
        RGN updated loss=-4.179222544195476,dloss=-3.552713678800501e-15
[-0.2552688214  0.0890101679 -0.0059820189  0.1051464314  0.2429354256
  0.0992569959 -0.2985436543]
[ 0.2302825308  0.068538381   0.1538471192  0.0055029617  0.0911274577
  0.0497768186 -0.0543634512  0.2783225092 -0.0139382253 -0.1594406686
 -0.0368287352 -0.011466941   0.0271456771  0.0429756661 -0.0604821803
 -0.2076634726]
[ 0.006390532  -0.005131777  -0.4430737905  0.0144871622  0.499385176
  0.0154295345  0.0239741442 -0.471849729   0.0332108034  0.5651138652
 -0.0772176659 -0.0048876015  0.1802781785 -0.0294158491 -0.2248104034
 -0.0209379892 -0.021801701  -0.4066765739 -0.0512621263 -0.2286447755
 -0.3455045513 -0.0425425791  0.0358509748  0.0235742763  0.7261096659
  0.6089572292 -0.0247236671 -0.0112539997]
