run = 0
step= 99

nparam= 49
        dense amplitude time= 0.0008800029754638672
        total non-zero amplitudes= 36
        nsamples per process= 12
self.n= 0.5389120427629054
        collect g,h time= 0.15345239639282227
E=-4.41381434583298,dE=-1.149214057249992e-10,std=0
L=-4.41381434583298,dL=-1.149214057249992e-10,std=0
        gnorm= 1.580451517832731e-06
        collect S matrix time= 4.1484832763671875e-05
        SR solver time= 8.225440979003906e-05
        collect H matrix time= 3.1948089599609375e-05
        RGN solver time= 5.316734313964844e-05
        xnorm=2.341609224054618,dnorm=0.00022643264243260027
        dense amplitude time= 0.0008230209350585938
        total non-zero amplitudes= 36
        nsamples per process= 12
self.n= 0.5389167741159888
        RGN updated loss=-4.413814345943873,dloss=-1.1089262841323944e-10
[ 0.0306455376  0.1247329031 -0.0006057575 -0.7921111704 -0.0308488204
 -1.4082696134]
[ 0.4071599811  0.0068796546 -0.8618406164  0.0000261723 -0.1810748279
  0.7691472477  0.0132823565 -0.3596228743  0.0035729157 -0.4913150454
 -0.0080403444 -0.3949355722 -0.1702280323  0.0061915007  0.0427677124
 -0.1765622661]
[-0.028937362  -0.0058753561  0.1638522377  0.0238858688  0.0862248828
 -0.0225578003  0.0776462287  0.0662821231 -0.0057960199  0.2281941546
  0.0027786574  0.1680492833 -0.0485810607 -0.0749365549  0.0762765313
 -0.0286493202 -0.155216195  -0.007527652  -0.2164342641 -0.1302587756
  0.0047227115 -0.0547113726  0.0279777389  0.4692856657  0.5262888671
 -0.0348991396 -0.0363740542]
