run = 0
step= 99

nparam= 49
        dense amplitude time= 0.0009057521820068359
        total non-zero amplitudes= 36
        nsamples per process= 12
self.n= 0.04345993633449585
        collect g,h time= 0.1532580852508545
E=-4.566781917301676,dE=-2.7638398236717876e-08,std=0
L=-4.566781917301676,dL=-2.7638398236717876e-08,std=0
        gnorm= 1.159835385029427e-05
        collect S matrix time= 4.553794860839844e-05
        SR solver time= 7.987022399902344e-05
        collect H matrix time= 3.123283386230469e-05
        RGN solver time= 5.412101745605469e-05
        xnorm=2.691949278519526,dnorm=0.003595898069030596
        dense amplitude time= 0.00083160400390625
        total non-zero amplitudes= 36
        nsamples per process= 12
self.n= 0.04345296806559896
        RGN updated loss=-4.566781943623552,dloss=-2.6321876234192132e-08
[-0.0042675005  0.2165437605 -0.0051867811 -0.6299262679  0.6547235262
 -0.9446672951]
[-0.0423597312 -0.1008284819 -0.2009823744 -0.4659279199  0.3395200846
  0.2075862511 -0.0017948423  0.3122599663 -0.9581080973 -0.1282436197
  0.6874870049  0.3407877324  0.3260903879 -0.8207340837 -0.1606919782
 -0.5342576868]
[-0.3957174545 -0.0498059192  0.608553128  -0.4216745638 -0.1875688554
 -0.1889435889  0.1037544185  0.6354156145  0.0192725051  0.1992797638
  0.1545744138 -0.1123963529  0.5569261312  0.1097182456 -0.1929460956
  0.1962685339  0.2398180377 -0.0710232088 -0.1957362352  0.1349521394
  0.1734789417  0.2904551005  0.2239456582 -0.4480237867 -0.2984410737
  0.1388625875 -0.2996786591]
step= 199

nparam= 49
        dense amplitude time= 0.0008633136749267578
        total non-zero amplitudes= 36
        nsamples per process= 12
self.n= 0.044681817240592094
        collect g,h time= 0.1530933380126953
E=-4.566782528913477,dE=-4.93968421722002e-10,std=0
L=-4.566782528913477,dL=-4.93968421722002e-10,std=0
        gnorm= 8.924602892333021e-07
        collect S matrix time= 0.00014352798461914062
        SR solver time= 7.605552673339844e-05
        collect H matrix time= 3.0994415283203125e-05
        RGN solver time= 5.245208740234375e-05
        xnorm=2.7503537402669975,dnorm=0.00048375176566498577
        dense amplitude time= 0.0009276866912841797
        total non-zero amplitudes= 36
        nsamples per process= 12
self.n= 0.0446912239035194
        RGN updated loss=-4.566782529389253,dloss=-4.757758631512843e-10
[-0.0040714729  0.2116972025 -0.00167351   -0.6683917858  0.6600621536
 -1.0600040792]
[-0.0477198588 -0.1104931398 -0.228812144  -0.4815463193  0.3702265904
  0.19446242   -0.0165899901  0.3162278372 -0.9454879934 -0.1236116844
  0.6784006899  0.3463497848  0.3283572403 -0.8115785181 -0.1482863584
 -0.5519033918]
[-0.3905963273 -0.0556048495  0.5989623076 -0.4413609349 -0.1769302741
 -0.1967781919  0.0933717806  0.6386290314  0.0166516699  0.2203231382
  0.1519026676 -0.113234241   0.5668668717  0.0944203204 -0.1812792803
  0.1870766118  0.2269113088 -0.1043045374 -0.1858924572  0.1219175015
  0.1649936415  0.2977261905  0.2207574052 -0.4523645236 -0.2985161234
  0.1369804064 -0.3011217297]

run = 1
step= 99

nparam= 49
        dense amplitude time= 0.0009448528289794922
        total non-zero amplitudes= 36
        nsamples per process= 12
self.n= 0.14772430220203842
        collect g,h time= 0.1559739112854004
E=-4.566782541861581,dE=-4.432010314303625e-12,std=0
L=-4.566782541861581,dL=-4.432010314303625e-12,std=0
        gnorm= 3.3465220250769476e-07
        collect S matrix time= 4.9114227294921875e-05
        SR solver time= 9.012222290039062e-05
        collect H matrix time= 3.123283386230469e-05
        RGN solver time= 5.245208740234375e-05
        xnorm=2.73979562954527,dnorm=3.994178072365315e-05
        dense amplitude time= 0.0009393692016601562
        total non-zero amplitudes= 36
        nsamples per process= 12
self.n= 0.1477128973804102
        RGN updated loss=-4.5667825418651455,dloss=-3.5642599982566026e-12
[-0.0253114631  0.562748757   0.7164629072 -0.3290533885  0.0777527759
 -0.2003464202]
[-0.4655120598  0.7117841003 -0.7446874537  0.0216963448  0.1608005133
 -0.4073121257 -0.2508125634 -0.2653667667  0.2751958445  0.1694722975
  0.1546281544 -0.0441988302  0.4004272278 -1.2725588847  0.2008556322
  0.4858294532]
[-0.156647493   0.6161253275 -0.8174013026 -0.2240532751 -0.2278531983
  0.0811075971  0.4226606729 -0.7816712872  0.1172822278 -0.1023213809
 -0.0833174094  0.0399182096  0.2105835622 -0.083374302  -0.052946452
  0.3318538246  0.2618537332 -0.3934946839 -0.3380736956 -0.0081767913
  0.0863203937 -0.1680095148  0.3929411763  0.0704929348  0.1156410496
  0.0010663599  0.1332383529]
