run = 0
step= 29

nparam= 38
        dense amplitude time= 0.0018031597137451172
        total non-zero amplitudes= 36
        nsamples per process= 36
self.n= 0.6446095852936724
        collect g,h time= 0.29665040969848633
E=-4.216202630515143,dE=-0.000689832572394522,std=0
L=-4.216202630515143,dL=-0.000689832572394522,std=0
        gnorm= 0.051094280426685755
        collect S matrix time= 6.723403930664062e-05
        nonzero=19,wmax=1.56919750672287,wmin=0.06320464833571086
        SR solver time= 0.0003199577331542969
        xnorm=0.8519298554681771,dnorm=0.007932173726250732
[ 0.2580598697  0.0214830697  0.0569000376 -0.0984812531  0.0741619209
 -0.0665664956]
[ 0.0205835245  0.0081221593 -0.212631335   0.2723727361]
[ 0.0094411927 -0.0064594245  0.0526291555  0.0212907767 -0.0473667999
 -0.0094321665 -0.0565823397  0.016383239  -0.0117723317 -0.0805019967
 -0.0089964828  0.0331809852 -0.026078425  -0.0013554019 -0.0068046027
 -0.0535035001 -0.0267021805  0.098131518   0.0263154666 -0.0087556069
  0.0695618792 -0.005286721  -0.0377875574  0.0090799767 -0.5005005975
 -0.4831810407 -0.0027297101 -0.0083546748]
step= 49

nparam= 38
        dense amplitude time= 0.001901865005493164
        total non-zero amplitudes= 36
        nsamples per process= 36
self.n= 0.46874202966804335
        collect g,h time= 0.2938714027404785
E=-4.269947640875575,dE=-6.826813430116374e-06,std=0
L=-4.269947640875575,dL=-6.826813430116374e-06,std=0
        gnorm= 0.0017473022700689458
        collect S matrix time= 7.677078247070312e-05
        xnorm=1.4484427786305913,dnorm=0.0
        nonzero=17,wmax=2.804295415556635,wmin=0.33580320408109404
        SR solver time= 0.00023674964904785156
        collect H matrix time= 2.9087066650390625e-05
        nonzero=18,smax=2.5959961172514774,smin=0.0029923784378328364
        RGN solver time= 0.0002894401550292969
        xnorm=1.4484427786305913,dnorm=0.003474085800568019
        dense amplitude time= 0.0017383098602294922
        total non-zero amplitudes= 36
        nsamples per process= 36
self.n= 0.46889433180575646
        RGN updated loss=-4.269955707580798,dloss=-8.066705222908865e-06
[ 0.0591844029 -0.2945189365  0.3882942084 -0.4298754239  0.156400487
  0.3111583117]
[ 0.0446458936  0.0100680405 -0.2204030594  0.2760260057]
[-0.0002171827 -0.0310503145  0.4952528881  0.0290985137 -0.2237344096
 -0.0615650698 -0.0534749863  0.4636631065  0.0311970629 -0.282084672
 -0.0366131662  0.0180935838 -0.0798502044 -0.0120725024 -0.0636520524
 -0.043468316  -0.0307985022  0.2612082658  0.0201497759 -0.0856872563
  0.2644131296  0.0201207295 -0.0406257331  0.0161479079 -0.5806043775
 -0.5687715567 -0.0215080518 -0.0217541071]

run = 1
step= 29

nparam= 38
        dense amplitude time= 0.002024412155151367
        total non-zero amplitudes= 36
        nsamples per process= 36
self.n= 0.6573029132310821
        collect g,h time= 0.2993295192718506
E=-4.218215575752799,dE=-0.0008089319799493566,std=0
L=-4.218215575752799,dL=-0.0008089319799493566,std=0
        gnorm= 0.05228229564501426
        collect S matrix time= 5.316734313964844e-05
        nonzero=20,wmax=1.6473356984737058,wmin=0.0017182151117120543
        SR solver time= 0.0002551078796386719
        xnorm=0.8056954930578656,dnorm=0.020712190808877397
[ 0.2326014298 -0.0740657685  0.074875768  -0.099773401   0.115626647
 -0.0357367529]
[ 0.0218449929 -0.1600514931  0.1687343066 -0.1056379849]
[-0.0294031157 -0.0266219776 -0.0183422298 -0.0005499473  0.0849937216
 -0.0238779979  0.0155182487 -0.0923997985  0.0559914286  0.1137283322
 -0.0231001156 -0.0388580534  0.005198337  -0.0160184759 -0.0104684711
  0.0079489436 -0.0456449579 -0.0673157394 -0.031162834   0.0444964535
 -0.0702614869  0.0498551903 -0.0146470801  0.0387396542  0.4767246943
  0.4664289724 -0.0456532779 -0.0332541198]
step= 49

nparam= 38
        dense amplitude time= 0.0017268657684326172
        total non-zero amplitudes= 36
        nsamples per process= 36
self.n= 0.4915785030262448
        collect g,h time= 0.2942013740539551
E=-4.27189445058871,dE=-1.8334904462236068e-05,std=0
L=-4.27189445058871,dL=-1.8334904462236068e-05,std=0
        gnorm= 0.0019331598340498087
        collect S matrix time= 6.961822509765625e-05
        xnorm=1.4101116518880685,dnorm=0.0
        nonzero=17,wmax=3.099336290947022,wmin=0.2958674333239853
        SR solver time= 0.00023555755615234375
        collect H matrix time= 3.0040740966796875e-05
        nonzero=17,smax=2.9313843996987767,smin=0.24034625364425377
        RGN solver time= 0.0002689361572265625
        xnorm=1.4101116518880685,dnorm=0.005746771463461611
        dense amplitude time= 0.0016820430755615234
        total non-zero amplitudes= 36
        nsamples per process= 36
self.n= 0.49269214391895244
        RGN updated loss=-4.2719135689289915,dloss=-1.9118340281565338e-05
[ 0.0547583191 -0.3023350506  0.3656627748 -0.3905604077  0.1378336578
  0.3919137109]
[ 0.0561078419 -0.1619125354  0.160563285  -0.1092359839]
[-0.0286135136 -0.1026236622 -0.4353984945  0.0478058341  0.2382555216
 -0.0697401067 -0.0009875215 -0.5132900965  0.1417544675  0.3064538703
 -0.0606855777 -0.0200370503 -0.0531067251 -0.0076289133 -0.0642903103
 -0.0079674485 -0.0909466999 -0.2071293334 -0.0188441376 -0.0226749594
 -0.2571095233  0.0816520062  0.0146513722  0.1248585464  0.5345453044
  0.5289084918 -0.0960941841  0.0127805084]

run = 2
step= 29

nparam= 38
        dense amplitude time= 0.0017747879028320312
        total non-zero amplitudes= 36
        nsamples per process= 36
self.n= 0.6653715166509294
        collect g,h time= 0.2984781265258789
E=-4.21796757393358,dE=-0.0007632490719435836,std=0
L=-4.21796757393358,dL=-0.0007632490719435836,std=0
        gnorm= 0.05164872302065648
        collect S matrix time= 8.177757263183594e-05
        nonzero=19,wmax=1.8786042946254906,wmin=0.05814628594893715
        SR solver time= 0.0002377033233642578
        xnorm=0.9379053461191689,dnorm=0.008706955214481327
[ 0.2492911913 -0.0048939549  0.1054090481 -0.057643315   0.084438219
 -0.0528891039]
[ 0.0302889492  0.0665704344  0.4057365776 -0.3789464685]
[-0.0257102521  0.0000082016 -0.058295596   0.0078780343  0.0629475298
 -0.0012073857 -0.0453514706 -0.0518990712  0.0021189596  0.0617756309
  0.0123685812  0.0274650119  0.0189249654 -0.015138193  -0.0084004126
 -0.0344869169  0.0456500824 -0.104852639   0.0349176186  0.0243644163
 -0.1302642719 -0.0221836271  0.0635545458 -0.0511115021  0.4947755322
  0.4255680699  0.0449399648  0.0331038951]
step= 49

nparam= 38
        dense amplitude time= 0.001737833023071289
        total non-zero amplitudes= 36
        nsamples per process= 36
self.n= 0.4826895913496849
        collect g,h time= 0.2966310977935791
E=-4.272954029662797,dE=-3.256385205929746e-08,std=0
L=-4.272954029662797,dL=-3.256385205929746e-08,std=0
        gnorm= 0.00011604806307576554
        collect S matrix time= 0.0001697540283203125
        xnorm=1.620230963809449,dnorm=0.0
        nonzero=19,wmax=2.856860843415041,wmin=0.00314365295154863
        SR solver time= 0.00022745132446289062
        collect H matrix time= 2.956390380859375e-05
        nonzero=20,smax=2.698149024874232,smin=0.0031504689780477583
        RGN solver time= 0.0002734661102294922
        xnorm=1.620230963809449,dnorm=0.0002154191728569072
        dense amplitude time= 0.001802206039428711
        total non-zero amplitudes= 36
        nsamples per process= 36
self.n= 0.4826852811699046
        RGN updated loss=-4.272954061404589,dloss=-3.174179230569507e-08
[ 0.075317412  -0.3166585468  0.4036875341 -0.3559218009  0.2303173579
  0.3166998151]
[ 0.0803115829  0.2188880666  0.6239063601 -0.6323012836]
[-0.0212426543  0.010749103  -0.4620168876 -0.0032002525  0.2239244532
 -0.0447199489 -0.0436924231 -0.4611162894 -0.0152743259  0.273361936
  0.0268910291  0.0238734151 -0.030934099  -0.0173548538 -0.0619842004
 -0.0377772506  0.0579437141 -0.2521248978  0.0427120779 -0.0605043209
 -0.3334605947 -0.0395607437  0.0615431235 -0.0526200456  0.5171359516
  0.454252121   0.0480109333  0.0387343469]
