run = 0
step= 99

nparam= 49
        dense amplitude time= 0.01716470718383789
        total non-zero amplitudes= 36
        nsamples per process= 12
self.n= 0.5564771939136358
        collect g,h time= 0.15563440322875977
E=-4.318200697599958,dE=-1.4854162344590804e-10,std=0
L=-4.318200697599958,dL=-1.4854162344590804e-10,std=0
        gnorm= 1.2988790880036259e-06
        collect S matrix time= 0.00011396408081054688
        SR solver time= 7.891654968261719e-05
        collect H matrix time= 3.1948089599609375e-05
        RGN solver time= 5.364418029785156e-05
        xnorm=2.5670887228676715,dnorm=0.0002517203488881243
        dense amplitude time= 0.0009334087371826172
        total non-zero amplitudes= 36
        nsamples per process= 12
self.n= 0.5564601779896882
        RGN updated loss=-4.31820069773574,dloss=-1.3578205226849605e-10
[-0.1991812102  0.2169448959  0.3128797327 -1.0290711318  0.9521373152
 -0.3758223764]
[ 0.4112290225  0.5688077733 -0.5773870465  0.2293510691  0.2502806299
 -0.652548454  -0.7096443774 -0.1033636019 -0.2216175891 -0.1120272243
 -0.4056578573  0.2857401822 -0.1670369734  0.2339655246  0.043556013
 -0.2676943934]
[-0.2095078621  0.0568115411 -0.5226239124  0.1833671992  0.2410219755
 -0.0961674454  0.4149749858 -0.5097734642  0.1796207041  0.168758929
 -0.0539379819  0.0078701795  0.0655166128 -0.0411295705 -0.2537804102
 -0.0265799015 -0.232929177   0.197209885  -0.0852597515 -0.2141670271
 -0.2927355086  0.1181742598  0.0906948135  0.5818899892  0.5737884926
 -0.0383102327 -0.2038002847]
step= 199

nparam= 49
        dense amplitude time= 0.000986337661743164
        total non-zero amplitudes= 36
        nsamples per process= 12
self.n= 0.5560747429560874
        collect g,h time= 0.15488839149475098
E=-4.318200699221872,dE=-3.197442310920451e-14,std=0
L=-4.318200699221872,dL=-3.197442310920451e-14,std=0
        gnorm= 8.717389095613084e-09
        collect S matrix time= 3.7670135498046875e-05
        SR solver time= 7.62939453125e-05
        collect H matrix time= 2.8848648071289062e-05
        RGN solver time= 5.245208740234375e-05
        xnorm=2.5672203880792566,dnorm=3.635515699613194e-06
        dense amplitude time= 0.0008311271667480469
        total non-zero amplitudes= 36
        nsamples per process= 12
self.n= 0.5560744932555919
        RGN updated loss=-4.318200699221899,dloss=-2.6645352591003757e-14
[-0.1988300743  0.2164170108  0.3122777601 -1.0316955108  0.9532238678
 -0.3759458889]
[ 0.4107638757  0.5686398314 -0.5758923093  0.2312402294  0.2496228728
 -0.651427716  -0.7078267338 -0.1028145009 -0.2202393117 -0.1115227173
 -0.404506299   0.2866017948 -0.1674714748  0.2338722857  0.0449992026
 -0.2677785975]
[-0.2098850945  0.0569299421 -0.5222635829  0.183333033   0.2414070517
 -0.0954499821  0.4155420285 -0.5092916939  0.1796857257  0.1695156719
 -0.0532987798  0.0070972623  0.0658455199 -0.0413228891 -0.2538818049
 -0.0265649655 -0.2331501281  0.1971888368 -0.0848880267 -0.2150208159
 -0.2930498132  0.1190444022  0.0908169125  0.5817564838  0.5734708215
 -0.0386343336 -0.2042531641]

run = 1
step= 99

nparam= 49
        dense amplitude time= 0.0015108585357666016
        total non-zero amplitudes= 36
        nsamples per process= 12
self.n= 0.3386743753780121
        collect g,h time= 0.15418004989624023
E=-4.318200639611209,dE=-6.730619617201228e-09,std=0
L=-4.318200639611209,dL=-6.730619617201228e-09,std=0
        gnorm= 5.1809474405886934e-05
        collect S matrix time= 5.14984130859375e-05
        SR solver time= 7.62939453125e-05
        collect H matrix time= 3.0279159545898438e-05
        RGN solver time= 5.364418029785156e-05
        xnorm=2.6682562407212487,dnorm=0.00028873298395280567
        dense amplitude time= 0.0008518695831298828
        total non-zero amplitudes= 36
        nsamples per process= 12
self.n= 0.3386717192149236
        RGN updated loss=-4.318200645659458,dloss=-6.048249012735596e-09
[ 0.0527709621 -0.3784705326  0.001191015   0.0504649547 -0.7934086383
  1.7314719701]
[-0.2051318854 -0.0001933045  0.4619264672 -0.0040016782 -0.2608694481
 -0.6429665765  0.0021556746  0.0763471755 -0.0007449129 -0.2373348767
  0.0011317932 -0.2431435001  0.128709723   0.0008437844  0.1502963086
  0.933731771 ]
[-0.002350516   0.0029170368 -0.5241131001  0.0104777991  0.0887559858
  0.2220657753 -0.0846950141 -0.6134536473  0.0023464032  0.0943155504
  0.0011493162 -0.2048969792 -0.0232016551 -0.1525600745 -0.0684552885
 -0.0388587738 -0.0710030399  0.0219487089  0.3198601508 -0.1682964158
 -0.0282375941 -0.0718982703 -0.0473634289 -0.5239740911 -0.593932558
  0.0547802097 -0.0569608917]
step= 199

nparam= 49
        dense amplitude time= 0.0009276866912841797
        total non-zero amplitudes= 36
        nsamples per process= 12
self.n= 0.3386536765202881
        collect g,h time= 0.15596652030944824
E=-4.318200668471268,dE=-1.7269119467755445e-10,std=0
L=-4.318200668471268,dL=-1.7269119467755445e-10,std=0
        gnorm= 3.758847980540842e-05
        collect S matrix time= 6.699562072753906e-05
        SR solver time= 7.987022399902344e-05
        collect H matrix time= 3.075599670410156e-05
        w[0]= -4.318200684072225
        LM solver time= 0.00044536590576171875
        v[0]= 0.9999998544176006
norm= 1.0000006843664808
        xnorm=2.668281424758299,dnorm=0.0007141147790405449
        dense amplitude time= 0.0008563995361328125
        total non-zero amplitudes= 36
        nsamples per process= 12
self.n= 0.3386519551130987
        RGN updated loss=-4.318200329205737,dloss=3.392655303358083e-07
        xnorm=2.668281424758299,dnorm=1.3971525034957363e-05
[ 0.0527710944 -0.3784770944  0.0008876765  0.0504575853 -0.7933796676
  1.731494891 ]
[-0.205131419  -0.000288663   0.4619244057 -0.0028067916 -0.2608570114
 -0.6429462725  0.0014537823  0.0763474024 -0.0005203939 -0.2373326692
  0.000865966  -0.2431408658  0.1287211795  0.0006045688  0.1502916432
  0.9337806733]
[-0.0025827464  0.0029015195 -0.5241062739  0.0104894116  0.0887661163
  0.2220918699 -0.0846423864 -0.6134440199  0.0021930538  0.0943208707
  0.001416923  -0.204900045  -0.0230338625 -0.1525783239 -0.0684831145
 -0.0391004198 -0.0710168947  0.0221555506  0.3198645115 -0.1682913389
 -0.0283106365 -0.0715804498 -0.0470427909 -0.523992224  -0.5939478302
  0.0546332744 -0.0575444713]

run = 2
nparam= 49
        dense amplitude time= 0.0009491443634033203
        total non-zero amplitudes= 36
        nsamples per process= 12
self.n= 0.6288441476054897
        collect g,h time= 0.1535346508026123
E=-4.31004416702618,dE=-4.806096712961505e-05,std=0
L=-4.31004416702618,dL=-4.806096712961505e-05,std=0
        gnorm= 0.00695492411129828
        collect S matrix time= 3.719329833984375e-05
        SR solver time= 8.082389831542969e-05
        collect H matrix time= 3.1948089599609375e-05
        w[0]= -4.313073000202871
        LM solver time= 0.0004322528839111328
        xnorm=1.436997362649643,dnorm=0.17022103555819507
        dense amplitude time= 0.0009801387786865234
        total non-zero amplitudes= 36
        nsamples per process= 12
self.n= 0.5638532854152689
        RGN updated loss=-4.30916129879622,dloss=0.0008828682299597546
        xnorm=1.436997362649643,dnorm=0.01226476149167699
[ 0.207448273   0.2189172586  0.0153901158  0.0568142995  0.076507238
 -0.1072696208]
[-0.1571727607 -0.1918133562  0.1418848287  0.0253606197  0.2507198755
  0.0509625192  0.0037415518  0.2761006874 -0.0781837543  0.0030435451
  0.1596093088 -0.0412955357  0.2671249951 -0.0024542818 -0.1601475453
  0.2655791761]
[ 0.1776736762  0.2641079653 -0.2733854274 -0.2964483003  0.163813462
  0.1266048813 -0.132732084  -0.2472033359 -0.3625984016  0.2876946187
  0.258242364   0.0676221727  0.0594838402 -0.0293481951 -0.1214411524
  0.2598431322 -0.1657475985  0.2304743315 -0.0825003479 -0.1305424693
 -0.1213032448 -0.0082454873 -0.3866013037  0.3367566269  0.4199175182
  0.4457048479  0.1381530123]
nparam= 49
        dense amplitude time= 0.0009522438049316406
        total non-zero amplitudes= 36
        nsamples per process= 12
self.n= 0.6026705859009124
        collect g,h time= 0.1537625789642334
E=-4.3129465582727455,dE=-2.32484192235205e-05,std=0
L=-4.3129465582727455,dL=-2.32484192235205e-05,std=0
        gnorm= 0.009050483300285071
        collect S matrix time= 7.534027099609375e-05
        SR solver time= 8.320808410644531e-05
        collect H matrix time= 3.123283386230469e-05
        w[0]= -4.316319672965601
        LM solver time= 0.00047516822814941406
        v[0]= 0.9539548994109353
norm= 1.0294977799110345
        xnorm=1.5498121596844339,dnorm=0.25903212515019663
        dense amplitude time= 0.0008459091186523438
        total non-zero amplitudes= 36
        nsamples per process= 12
self.n= 0.5112953542678592
        RGN updated loss=-4.307804941586057,dloss=0.005141616686688444
        xnorm=1.5498121596844339,dnorm=0.0025949552641114076
[ 0.2669394949  0.2247974517  0.0610689625  0.0780590884  0.0706442045
 -0.2029221563]
[-0.1665610834 -0.2159231049  0.1327504295 -0.0097680301  0.2603875007
  0.0645339573  0.0037075688  0.3367692854 -0.0556418304 -0.0447137913
  0.1417332719 -0.0503857749  0.2433532823 -0.0484120897 -0.1562418469
  0.468417755 ]
[ 0.2188602898  0.1954945449 -0.2224757386 -0.2935757128  0.2415279649
  0.1994579469 -0.1414906251 -0.1766557135 -0.295054652   0.3597586777
  0.2767096391  0.0677559419  0.0581470257 -0.0550743637 -0.1983348823
  0.2316237626 -0.2060003551  0.239413985  -0.0788455531 -0.1969642759
 -0.0974512528  0.0067033037 -0.3723729059  0.3861316497  0.4402201661
  0.396089343   0.2310636859]
step= 299

nparam= 49
        dense amplitude time= 0.012579679489135742
        total non-zero amplitudes= 36
        nsamples per process= 12
self.n= 0.5682168234062632
        collect g,h time= 0.155623197555542
E=-4.314901335562424,dE=-1.6113429396114043e-05,std=0
L=-4.314901335562424,dL=-1.6113429396114043e-05,std=0
        gnorm= 0.008731684181300409
        collect S matrix time= 4.00543212890625e-05
        SR solver time= 8.535385131835938e-05
        collect H matrix time= 3.147125244140625e-05
        w[0]= -4.3173753782166875
        LM solver time= 0.0005462169647216797
        v[0]= 0.9636732937420229
norm= 1.039531306255976
        xnorm=1.5721584273338856,dnorm=0.26115703983652294
        dense amplitude time= 0.0009388923645019531
        total non-zero amplitudes= 36
        nsamples per process= 12
self.n= 0.5048233269563941
        RGN updated loss=-4.30910984565195,dloss=0.00579148991047429
        xnorm=1.5721584273338856,dnorm=0.0025871226289289756
[ 0.2154731985  0.2459109621  0.0048678753  0.1003786496  0.1062823439
 -0.3203008999]
[-0.1598502663 -0.1658596507  0.0996685437 -0.0657772312  0.2532799208
  0.0328678675 -0.0133878277  0.3211055824 -0.0635911804 -0.0747692318
  0.0510068776 -0.0674785858  0.2015475912 -0.0196091157 -0.1804680565
  0.4677278882]
[ 0.2070278109  0.1789169744 -0.236289767  -0.2695121642  0.2891981304
  0.2188978567 -0.1635241503 -0.1783634138 -0.2592106773  0.3811086243
  0.2935165284  0.0884355177  0.0969644325 -0.0790495119 -0.2246828191
  0.208236577  -0.2354812137  0.2104505569 -0.0965305966 -0.2082166082
 -0.0770175231  0.033437276  -0.3475400691  0.4086795828  0.4608012425
  0.3899010283  0.2755962721]
