run = 0
step= 49

nparam= 51
        dense amplitude time= 0.0009121894836425781
        total non-zero amplitudes= 36
        nsamples per process= 12
self.n= 0.5740099995339846
        collect g,h time= 0.15851664543151855
E=-4.212201648322824,dE=-6.217248937900877e-15,std=0
L=-4.212201648322824,dL=-6.217248937900877e-15,std=0
        gnorm= 0.0001098150514976514
        collect S matrix time= 4.553794860839844e-05
        nonzero=31,wmax=2.0027917185952884,wmin=0.0020736937338948483
        SR solver time= 0.00032329559326171875
        collect H matrix time= 3.504753112792969e-05
        nonzero=31,smax=2.6754292028949473,smin=0.004153063950390924
        RGN solver time= 0.0004734992980957031
        xnorm=1.5990166901856884,dnorm=8.463657974447498e-08
        dense amplitude time= 0.0010406970977783203
        total non-zero amplitudes= 36
        nsamples per process= 12
self.n= 0.5740100000217788
        RGN updated loss=-4.212201648322827,dloss=-2.6645352591003757e-15
[-0.2199612063  0.0549268614 -0.0027716084  0.0949371982  0.2170754552
  0.0934183244 -0.2678436645]
[ 0.2185952861  0.0614746315  0.1769117217 -0.0100101164  0.1047303447
  0.0313506367 -0.0565003894  0.2721803469 -0.0183237071 -0.1693181712
 -0.0427964029 -0.0163192085  0.0467035245  0.0400984524 -0.0670619414
 -0.1913183592]
[ 0.0073461208 -0.008945014  -0.4284439632  0.0139900178  0.4674806549
  0.0062116263  0.0226369637 -0.4528346653  0.0302615487  0.5274402496
 -0.0772818984 -0.00593089    0.1639285296 -0.0297617861 -0.2135714277
 -0.0189358089 -0.0213576753 -0.3867578355 -0.0526888659 -0.203203657
 -0.3216604803 -0.04439916    0.0295644191  0.0208849194  0.7094671107
  0.5908499903 -0.0197090334 -0.0094711097]
