layer= 0
nparam= 12
hop_ls= ((0, 2), (0, 4), (2, 4))

layer= 1
nparam= 24
hop_ls= [(0, 7), (3, 4), (2, 7), (3, 7), (0, 3), (5, 7), (2, 3), (4, 5), (0, 5), (2, 5), (4, 7), (3, 5)]

layer= 2
nparam= 27
hop_ls= [(3, 4), (3, 7), (4, 6), (5, 7), (0, 2), (0, 5), (2, 5), (1, 3), (4, 5), (5, 6), (3, 6), (0, 1), (0, 7), (2, 4), (1, 2), (0, 4), (2, 7), (1, 5), (6, 7), (4, 7), (3, 5), (0, 3), (1, 4), (0, 6), (2, 3), (1, 7), (2, 6)]

step= 0

nparam= 63
ntotal configs= 36
        dense amplitude time= 0.0049343109130859375
        total non-zero amplitudes= 36
        nsamples per process= 12
        sample time= 0.18190312385559082
self.n= 0.9543919434094147
        collect g,h time= 0.18223357200622559
E=-4.487052872669892,dE=0,std=0
L=-4.487052872669892,dL=0,std=0
        gnorm= 0.2193750280064089
        collect S matrix time= 0.00031447410583496094
        SR solver time= 0.00010967254638671875
        collect H matrix time= 4.649162292480469e-05
        RGN solver time= 7.200241088867188e-05
        xnorm=0.4546212824606868,dnorm=0.813474713848959
        dense amplitude time= 0.004326343536376953
        total non-zero amplitudes= 36
        nsamples per process= 12
        sample time= 0.08812403678894043
self.n= 0.7618953508328604
        RGN updated loss=-4.551725620214602,dloss=-0.06467274754470953
step= 1

nparam= 63
        dense amplitude time= 0.00433802604675293
        total non-zero amplitudes= 36
        nsamples per process= 12
        sample time= 0.18249845504760742
self.n= 0.7618953508328606
        collect g,h time= 0.18294906616210938
E=-4.551725620214603,dE=-0.06467274754471042,std=0
L=-4.551725620214603,dL=-0.06467274754471042,std=0
        gnorm= 0.19616920862683038
        collect S matrix time= 6.508827209472656e-05
        SR solver time= 0.0001690387725830078
        collect H matrix time= 5.14984130859375e-05
        RGN solver time= 7.343292236328125e-05
        xnorm=0.9017706711597009,dnorm=0.4792964917015246
        dense amplitude time= 0.004583120346069336
        total non-zero amplitudes= 36
        nsamples per process= 12
        sample time= 0.08869123458862305
self.n= 0.8022486156953754
        RGN updated loss=-4.593851291435559,dloss=-0.04212567122095656
step= 2

nparam= 63
        dense amplitude time= 0.004390239715576172
        total non-zero amplitudes= 36
        nsamples per process= 12
        sample time= 0.1830272674560547
self.n= 0.802248615695375
        collect g,h time= 0.1833024024963379
E=-4.593851291435558,dE=-0.042125671220955674,std=0
L=-4.593851291435558,dL=-0.042125671220955674,std=0
        gnorm= 0.050218033615398144
        collect S matrix time= 0.000186920166015625
        SR solver time= 9.202957153320312e-05
        collect H matrix time= 4.57763671875e-05
        RGN solver time= 7.319450378417969e-05
        xnorm=0.981239539876812,dnorm=0.2614888611643531
        dense amplitude time= 0.0043811798095703125
        total non-zero amplitudes= 36
        nsamples per process= 12
        sample time= 0.08738470077514648
self.n= 0.78867283525764
        RGN updated loss=-4.5994360215004235,dloss=-0.005584730064865262
step= 3

nparam= 63
        dense amplitude time= 0.0043604373931884766
        total non-zero amplitudes= 36
        nsamples per process= 12
        sample time= 0.1828761100769043
self.n= 0.7886728352576408
        collect g,h time= 0.1831517219543457
E=-4.5994360215004235,dE=-0.005584730064865262,std=0
L=-4.5994360215004235,dL=-0.005584730064865262,std=0
        gnorm= 0.01817948006142932
        collect S matrix time= 0.00022125244140625
        SR solver time= 9.417533874511719e-05
        collect H matrix time= 4.553794860839844e-05
        RGN solver time= 6.961822509765625e-05
        xnorm=1.0675762830000222,dnorm=0.1696632993312099
        dense amplitude time= 0.0043544769287109375
        total non-zero amplitudes= 36
        nsamples per process= 12
        sample time= 0.08700990676879883
self.n= 0.7693950384407904
        RGN updated loss=-4.600426101438926,dloss=-0.0009900799385027526
step= 4

nparam= 63
        dense amplitude time= 0.004358053207397461
        total non-zero amplitudes= 36
        nsamples per process= 12
        sample time= 0.18328309059143066
self.n= 0.7693950384407904
        collect g,h time= 0.18358206748962402
E=-4.600426101438926,dE=-0.0009900799385027526,std=0
L=-4.600426101438926,dL=-0.0009900799385027526,std=0
        gnorm= 0.007628798169132791
        collect S matrix time= 0.00017642974853515625
        SR solver time= 9.870529174804688e-05
        collect H matrix time= 5.221366882324219e-05
        RGN solver time= 6.818771362304688e-05
        xnorm=1.113613982223259,dnorm=0.06824367514603469
        dense amplitude time= 0.004403114318847656
        total non-zero amplitudes= 36
        nsamples per process= 12
        sample time= 0.08668136596679688
self.n= 0.7584508268925391
        RGN updated loss=-4.600653589118871,dloss=-0.0002274876799450709
step= 5

nparam= 63
        dense amplitude time= 0.004456281661987305
        total non-zero amplitudes= 36
        nsamples per process= 12
        sample time= 0.18312406539916992
self.n= 0.7584508268925403
        collect g,h time= 0.1834113597869873
E=-4.60065358911887,dE=-0.00022748767994329455,std=0
L=-4.60065358911887,dL=-0.00022748767994329455,std=0
        gnorm= 0.0036000819255636355
        collect S matrix time= 0.00024271011352539062
        SR solver time= 9.393692016601562e-05
        collect H matrix time= 4.7206878662109375e-05
        RGN solver time= 7.05718994140625e-05
        xnorm=1.145318772184984,dnorm=0.029602189548678142
        dense amplitude time= 0.004393577575683594
        total non-zero amplitudes= 36
        nsamples per process= 12
        sample time= 0.08657240867614746
self.n= 0.7509780921123365
        RGN updated loss=-4.600719355350781,dloss=-6.576623191101305e-05
step= 6

nparam= 63
        dense amplitude time= 0.006061077117919922
        total non-zero amplitudes= 36
        nsamples per process= 12
        sample time= 0.18329119682312012
self.n= 0.7509780921123365
        collect g,h time= 0.18356919288635254
E=-4.600719355350781,dE=-6.576623191101305e-05,std=0
L=-4.600719355350781,dL=-6.576623191101305e-05,std=0
        gnorm= 0.001913414686980543
        collect S matrix time= 0.0001785755157470703
        SR solver time= 9.393692016601562e-05
        collect H matrix time= 4.363059997558594e-05
        RGN solver time= 6.67572021484375e-05
        xnorm=1.1631237608789748,dnorm=0.015803454172091752
        dense amplitude time= 0.004377603530883789
        total non-zero amplitudes= 36
        nsamples per process= 12
        sample time= 0.08668851852416992
self.n= 0.7463467606606331
        RGN updated loss=-4.600742184735375,dloss=-2.2829384594302837e-05
step= 7

nparam= 63
        dense amplitude time= 0.004340648651123047
        total non-zero amplitudes= 36
        nsamples per process= 12
        sample time= 0.1827716827392578
self.n= 0.7463467606606337
        collect g,h time= 0.18305015563964844
E=-4.600742184735375,dE=-2.2829384594302837e-05,std=0
L=-4.600742184735375,dL=-2.2829384594302837e-05,std=0
        gnorm= 0.0011390851898103866
        collect S matrix time= 0.000171661376953125
        SR solver time= 9.417533874511719e-05
        collect H matrix time= 4.863739013671875e-05
        RGN solver time= 7.104873657226562e-05
        xnorm=1.1734387627189529,dnorm=0.00910550910828653
        dense amplitude time= 0.004342317581176758
        total non-zero amplitudes= 36
        nsamples per process= 12
        sample time= 0.08110404014587402
self.n= 0.7435422831705746
        RGN updated loss=-4.600750764083249,dloss=-8.579347873904908e-06
step= 8

nparam= 63
        dense amplitude time= 0.004355669021606445
        total non-zero amplitudes= 36
        nsamples per process= 12
        sample time= 0.17662954330444336
self.n= 0.7435422831705748
        collect g,h time= 0.18165969848632812
E=-4.60075076408325,dE=-8.579347874793086e-06,std=0
L=-4.60075076408325,dL=-8.579347874793086e-06,std=0
        gnorm= 0.0007284484792248138
        collect S matrix time= 9.822845458984375e-05
        SR solver time= 9.202957153320312e-05
        collect H matrix time= 4.458427429199219e-05
        RGN solver time= 6.794929504394531e-05
        xnorm=1.17961439094577,dnorm=0.005279802038651407
        dense amplitude time= 0.004285335540771484
        total non-zero amplitudes= 36
        nsamples per process= 12
        sample time= 0.0863640308380127
self.n= 0.7418617802579406
        RGN updated loss=-4.600754094806133,dloss=-3.3307228832768487e-06
step= 9

nparam= 63
        dense amplitude time= 0.004299640655517578
        total non-zero amplitudes= 36
        nsamples per process= 12
        sample time= 0.1853044033050537
self.n= 0.741861780257941
        collect g,h time= 0.1856975555419922
E=-4.600754094806131,dE=-3.330722881500492e-06,std=0
L=-4.600754094806131,dL=-3.330722881500492e-06,std=0
        gnorm= 0.0005067060114795181
        collect S matrix time= 0.00029015541076660156
        SR solver time= 9.107589721679688e-05
        collect H matrix time= 4.601478576660156e-05
        RGN solver time= 6.794929504394531e-05
        xnorm=1.183276416278772,dnorm=0.003412166009470166
        dense amplitude time= 0.0044651031494140625
        total non-zero amplitudes= 36
        nsamples per process= 12
        sample time= 0.08625102043151855
self.n= 0.7408406178675178
        RGN updated loss=-4.600755512333394,dloss=-1.4175272626815172e-06
step= 10

nparam= 63
        dense amplitude time= 0.004301786422729492
        total non-zero amplitudes= 36
        nsamples per process= 12
        sample time= 0.18307256698608398
self.n= 0.7408406178675183
        collect g,h time= 0.18334412574768066
E=-4.600755512333394,dE=-1.4175272626815172e-06,std=0
L=-4.600755512333394,dL=-1.4175272626815172e-06,std=0
        gnorm= 0.0003646905376477682
        collect S matrix time= 0.0001633167266845703
        SR solver time= 9.274482727050781e-05
        collect H matrix time= 6.246566772460938e-05
        RGN solver time= 6.937980651855469e-05
        xnorm=1.1856680783534728,dnorm=0.0020708855727785422
        dense amplitude time= 0.004401445388793945
        total non-zero amplitudes= 36
        nsamples per process= 12
        sample time= 0.08630037307739258
self.n= 0.740229258604212
        RGN updated loss=-4.600756131854127,dloss=-6.19520733380341e-07
step= 11

nparam= 63
        dense amplitude time= 0.004395723342895508
        total non-zero amplitudes= 36
        nsamples per process= 12
        sample time= 0.18298697471618652
self.n= 0.7402292586042128
        collect g,h time= 0.1832585334777832
E=-4.600756131854128,dE=-6.195207342685194e-07,std=0
L=-4.600756131854128,dL=-6.195207342685194e-07,std=0
        gnorm= 0.0002762445116601773
        collect S matrix time= 0.00017213821411132812
        SR solver time= 8.988380432128906e-05
        collect H matrix time= 6.628036499023438e-05
        RGN solver time= 6.866455078125e-05
        xnorm=1.1871229358567499,dnorm=0.0013012048727593123
        dense amplitude time= 0.004357814788818359
        total non-zero amplitudes= 36
        nsamples per process= 12
        sample time= 0.08652067184448242
self.n= 0.7398633707578507
        RGN updated loss=-4.600756426060611,dloss=-2.942064831756852e-07
step= 12

nparam= 63
        dense amplitude time= 0.004376888275146484
        total non-zero amplitudes= 36
        nsamples per process= 12
        sample time= 0.18274664878845215
self.n= 0.7398633707578505
        collect g,h time= 0.18302488327026367
E=-4.600756426060611,dE=-2.942064831756852e-07,std=0
L=-4.600756426060611,dL=-2.942064831756852e-07,std=0
        gnorm= 0.00021655828528841086
        collect S matrix time= 0.00018334388732910156
        SR solver time= 9.250640869140625e-05
        collect H matrix time= 5.507469177246094e-05
        RGN solver time= 7.534027099609375e-05
        xnorm=1.1880217060007874,dnorm=0.0008457182402882626
        dense amplitude time= 0.004336833953857422
        total non-zero amplitudes= 36
        nsamples per process= 12
        sample time= 0.08648014068603516
self.n= 0.7396448396917451
        RGN updated loss=-4.600756578458855,dloss=-1.523982433582205e-07
step= 13

nparam= 63
        dense amplitude time= 0.00428318977355957
        total non-zero amplitudes= 36
        nsamples per process= 12
        sample time= 0.18256592750549316
self.n= 0.7396448396917462
        collect g,h time= 0.1828300952911377
E=-4.600756578458855,dE=-1.523982433582205e-07,std=0
L=-4.600756578458855,dL=-1.523982433582205e-07,std=0
        gnorm= 0.00017351748406824294
        collect S matrix time= 0.00017309188842773438
        SR solver time= 8.96453857421875e-05
        collect H matrix time= 0.0001347064971923828
        RGN solver time= 6.818771362304688e-05
        xnorm=1.1885823234409187,dnorm=0.0005710011970428688
        dense amplitude time= 0.004339694976806641
        total non-zero amplitudes= 36
        nsamples per process= 12
        sample time= 0.08740067481994629
self.n= 0.7395148283067366
        RGN updated loss=-4.600756664077532,dloss=-8.561867748113627e-08
step= 14

nparam= 63
        dense amplitude time= 0.0043947696685791016
        total non-zero amplitudes= 36
        nsamples per process= 12
        sample time= 0.1849040985107422
self.n= 0.7395148283067374
        collect g,h time= 0.18539714813232422
E=-4.600756664077533,dE=-8.56186783693147e-08,std=0
L=-4.600756664077533,dL=-8.56186783693147e-08,std=0
        gnorm= 0.00014082886003573145
        collect S matrix time= 0.0003063678741455078
        SR solver time= 9.274482727050781e-05
        collect H matrix time= 4.7206878662109375e-05
        RGN solver time= 7.128715515136719e-05
        xnorm=1.188934794765325,dnorm=0.0004019722755291507
        dense amplitude time= 0.004616498947143555
        total non-zero amplitudes= 36
        nsamples per process= 12
        sample time= 0.08679056167602539
self.n= 0.7394379698269532
        RGN updated loss=-4.600756715441828,dloss=-5.1364295039491026e-08
step= 15

nparam= 63
        dense amplitude time= 0.004304409027099609
        total non-zero amplitudes= 36
        nsamples per process= 12
        sample time= 0.183243989944458
self.n= 0.7394379698269538
        collect g,h time= 0.18351221084594727
E=-4.600756715441828,dE=-5.1364295039491026e-08,std=0
L=-4.600756715441828,dL=-5.1364295039491026e-08,std=0
        gnorm= 0.00011511309388389233
        collect S matrix time= 0.00017333030700683594
        SR solver time= 9.059906005859375e-05
        collect H matrix time= 6.341934204101562e-05
        RGN solver time= 6.937980651855469e-05
        xnorm=1.1891582107370526,dnorm=0.0002948993391423786
        dense amplitude time= 0.004319429397583008
        total non-zero amplitudes= 36
        nsamples per process= 12
        sample time= 0.08626842498779297
self.n= 0.739392977714109
        RGN updated loss=-4.600756747732359,dloss=-3.22905311378463e-08
step= 16

nparam= 63
        dense amplitude time= 0.004397392272949219
        total non-zero amplitudes= 36
        nsamples per process= 12
        sample time= 0.18304204940795898
self.n= 0.7393929777141094
        collect g,h time= 0.18334650993347168
E=-4.600756747732359,dE=-3.22905311378463e-08,std=0
L=-4.600756747732359,dL=-3.22905311378463e-08,std=0
        gnorm= 9.44456670659755e-05
        collect S matrix time= 0.0001316070556640625
        SR solver time= 9.179115295410156e-05
        collect H matrix time= 4.887580871582031e-05
        RGN solver time= 6.818771362304688e-05
        xnorm=1.189301157318004,dnorm=0.00022421398464662814
        dense amplitude time= 0.004320859909057617
        total non-zero amplitudes= 36
        nsamples per process= 12
        sample time= 0.08787155151367188
self.n= 0.7393670329273998
        RGN updated loss=-4.600756768658512,dloss=-2.0926152366484985e-08
step= 17

nparam= 63
        dense amplitude time= 0.004354000091552734
        total non-zero amplitudes= 36
        nsamples per process= 12
        sample time= 0.18326592445373535
self.n= 0.7393670329274002
        collect g,h time= 0.18352937698364258
E=-4.600756768658511,dE=-2.0926151478306565e-08,std=0
L=-4.600756768658511,dL=-2.0926151478306565e-08,std=0
        gnorm= 7.763458372980159e-05
        collect S matrix time= 0.00012946128845214844
        SR solver time= 9.441375732421875e-05
        collect H matrix time= 4.57763671875e-05
        RGN solver time= 6.771087646484375e-05
        xnorm=1.1893936473430353,dnorm=0.00017519528849369376
        dense amplitude time= 0.004328727722167969
        total non-zero amplitudes= 36
        nsamples per process= 12
        sample time= 0.08656120300292969
self.n= 0.739352417186964
        RGN updated loss=-4.600756782473876,dloss=-1.3815365740299512e-08
step= 18

nparam= 63
        dense amplitude time= 0.004361867904663086
        total non-zero amplitudes= 36
        nsamples per process= 12
        sample time= 0.18289589881896973
self.n= 0.7393524171869649
        collect g,h time= 0.18315720558166504
E=-4.600756782473876,dE=-1.3815365740299512e-08,std=0
L=-4.600756782473876,dL=-1.3815365740299512e-08,std=0
        gnorm= 6.387248453013077e-05
        collect S matrix time= 0.0001385211944580078
        SR solver time= 9.298324584960938e-05
        collect H matrix time= 4.76837158203125e-05
        RGN solver time= 6.985664367675781e-05
        xnorm=1.1894542955519567,dnorm=0.0001395165332950993
        dense amplitude time= 0.004335165023803711
        total non-zero amplitudes= 36
        nsamples per process= 12
        sample time= 0.08757853507995605
self.n= 0.7393444884824865
        RGN updated loss=-4.600756791694693,dloss=-9.220816998833925e-09
step= 19

nparam= 63
        dense amplitude time= 0.004354953765869141
        total non-zero amplitudes= 36
        nsamples per process= 12
        sample time= 0.1821155548095703
self.n= 0.7393444884824873
        collect g,h time= 0.18237566947937012
E=-4.600756791694693,dE=-9.220816998833925e-09,std=0
L=-4.600756791694693,dL=-9.220816998833925e-09,std=0
        gnorm= 5.2569782772419946e-05
        collect S matrix time= 0.0001366138458251953
        SR solver time= 9.250640869140625e-05
        collect H matrix time= 0.00011968612670898438
        RGN solver time= 6.890296936035156e-05
        xnorm=1.1894946913931108,dnorm=0.00011248221318193123
        dense amplitude time= 0.004311323165893555
        total non-zero amplitudes= 36
        nsamples per process= 12
        sample time= 0.08651614189147949
self.n= 0.7393404613048504
        RGN updated loss=-4.600756797887603,dloss=-6.192909296487414e-09
step= 20

nparam= 63
        dense amplitude time= 0.004378795623779297
        total non-zero amplitudes= 36
        nsamples per process= 12
        sample time= 0.18328118324279785
self.n= 0.73934046130485
        collect g,h time= 0.18355011940002441
E=-4.600756797887602,dE=-6.192908408308995e-09,std=0
L=-4.600756797887602,dL=-6.192908408308995e-09,std=0
        gnorm= 4.32725784416862e-05
        collect S matrix time= 0.0001761913299560547
        SR solver time= 9.441375732421875e-05
        collect H matrix time= 4.8160552978515625e-05
        RGN solver time= 6.866455078125e-05
        xnorm=1.1895220814426548,dnorm=9.138702215572907e-05
        dense amplitude time= 0.004335641860961914
        total non-zero amplitudes= 36
        nsamples per process= 12
        sample time= 0.0867002010345459
self.n= 0.739338670558953
        RGN updated loss=-4.600756802061679,dloss=-4.174077083973771e-09
step= 21

nparam= 63
        dense amplitude time= 0.004363298416137695
        total non-zero amplitudes= 36
        nsamples per process= 12
        sample time= 0.18374872207641602
self.n= 0.7393386705589534
        collect g,h time= 0.18419766426086426
E=-4.600756802061679,dE=-4.174077083973771e-09,std=0
L=-4.600756802061679,dL=-4.174077083973771e-09,std=0
        gnorm= 3.5619893896238814e-05
        collect S matrix time= 0.0001068115234375
        SR solver time= 0.00018072128295898438
        collect H matrix time= 5.650520324707031e-05
        RGN solver time= 7.224082946777344e-05
        xnorm=1.189541020615419,dnorm=7.459883953799134e-05
        dense amplitude time= 0.0046291351318359375
        total non-zero amplitudes= 36
        nsamples per process= 12
        sample time= 0.08895993232727051
self.n= 0.7393381268318276
        RGN updated loss=-4.600756804880663,dloss=-2.8189841572157093e-09
step= 22

nparam= 63
        dense amplitude time= 0.0044269561767578125
        total non-zero amplitudes= 36
        nsamples per process= 12
        sample time= 0.18330121040344238
self.n= 0.7393381268318276
        collect g,h time= 0.18357348442077637
E=-4.600756804880664,dE=-2.818985045394129e-09,std=0
L=-4.600756804880664,dL=-2.818985045394129e-09,std=0
        gnorm= 2.9319367462953713e-05
        collect S matrix time= 0.0001800060272216797
        SR solver time= 9.369850158691406e-05
        collect H matrix time= 7.891654968261719e-05
        RGN solver time= 7.033348083496094e-05
        xnorm=1.1895543908480068,dnorm=6.107004785470312e-05
        dense amplitude time= 0.004319429397583008
        total non-zero amplitudes= 36
        nsamples per process= 12
        sample time= 0.08655643463134766
self.n= 0.7393382474955822
        RGN updated loss=-4.600756806786606,dloss=-1.9059420708344987e-09
step= 23

nparam= 63
        dense amplitude time= 0.004377603530883789
        total non-zero amplitudes= 36
        nsamples per process= 12
        sample time= 0.18297386169433594
self.n= 0.7393382474955826
        collect g,h time= 0.18324565887451172
E=-4.600756806786606,dE=-1.9059420708344987e-09,std=0
L=-4.600756806786606,dL=-1.9059420708344987e-09,std=0
        gnorm= 2.413193686317348e-05
        collect S matrix time= 0.00012493133544921875
        SR solver time= 9.322166442871094e-05
        collect H matrix time= 4.7206878662109375e-05
        RGN solver time= 6.961822509765625e-05
        xnorm=1.1895640306896471,dnorm=5.008316189088371e-05
        dense amplitude time= 0.0043218135833740234
        total non-zero amplitudes= 36
        nsamples per process= 12
        sample time= 0.08669400215148926
self.n= 0.7393386940936344
        RGN updated loss=-4.600756808076041,dloss=-1.2894352252601493e-09
step= 24

nparam= 63
        dense amplitude time= 0.004286289215087891
        total non-zero amplitudes= 36
        nsamples per process= 12
        sample time= 0.18259716033935547
self.n= 0.7393386940936344
        collect g,h time= 0.18287014961242676
E=-4.60075680807604,dE=-1.2894343370817296e-09,std=0
L=-4.60075680807604,dL=-1.2894343370817296e-09,std=0
        gnorm= 1.9861203525832033e-05
        collect S matrix time= 0.00015425682067871094
        SR solver time= 9.250640869140625e-05
        collect H matrix time= 5.221366882324219e-05
        RGN solver time= 7.104873657226562e-05
        xnorm=1.1895711251390397,dnorm=4.111819846111746e-05
        dense amplitude time= 0.004351615905761719
        total non-zero amplitudes= 36
        nsamples per process= 12
        sample time= 0.08722352981567383
self.n= 0.7393392740453651
        RGN updated loss=-4.600756808948689,dloss=-8.726486200316685e-10
step= 25

nparam= 63
        dense amplitude time= 0.004337787628173828
        total non-zero amplitudes= 36
        nsamples per process= 12
        sample time= 0.18262338638305664
self.n= 0.7393392740453657
        collect g,h time= 0.18289470672607422
E=-4.60075680894869,dE=-8.726495082100882e-10,std=0
L=-4.60075680894869,dL=-8.726495082100882e-10,std=0
        gnorm= 1.6345478550579406e-05
        collect S matrix time= 0.00010323524475097656
        SR solver time= 9.560585021972656e-05
        collect H matrix time= 4.863739013671875e-05
        RGN solver time= 6.937980651855469e-05
        xnorm=1.1895764475581212,dnorm=3.3781714391586795e-05
        dense amplitude time= 0.004336833953857422
        total non-zero amplitudes= 36
        nsamples per process= 12
        sample time= 0.0863962173461914
self.n= 0.7393398813070007
        RGN updated loss=-4.6007568095393845,dloss=-5.906946043410244e-10
step= 26

nparam= 63
        dense amplitude time= 0.004411220550537109
        total non-zero amplitudes= 36
        nsamples per process= 12
        sample time= 0.18223810195922852
self.n= 0.7393398813070009
        collect g,h time= 0.18250536918640137
E=-4.600756809539383,dE=-5.90692827984185e-10,std=0
L=-4.600756809539383,dL=-5.90692827984185e-10,std=0
        gnorm= 1.3451542287731923e-05
        collect S matrix time= 0.00010228157043457031
        SR solver time= 9.34600830078125e-05
        collect H matrix time= 4.6253204345703125e-05
        RGN solver time= 6.961822509765625e-05
        xnorm=1.1895805102067063,dnorm=2.7766987215020867e-05
        dense amplitude time= 0.004383563995361328
        total non-zero amplitudes= 36
        nsamples per process= 12
        sample time= 0.08756422996520996
self.n= 0.7393404606303577
        RGN updated loss=-4.600756809939271,dloss=-3.998881226152662e-10
step= 27

nparam= 63
        dense amplitude time= 0.0043985843658447266
        total non-zero amplitudes= 36
        nsamples per process= 12
        sample time= 0.18291115760803223
self.n= 0.7393404606303584
        collect g,h time= 0.1831812858581543
E=-4.60075680993927,dE=-3.998872344368465e-10,std=0
L=-4.60075680993927,dL=-3.998872344368465e-10,std=0
        gnorm= 1.1069612987333156e-05
        collect S matrix time= 0.00011181831359863281
        SR solver time= 0.00012731552124023438
        collect H matrix time= 5.030632019042969e-05
        RGN solver time= 7.963180541992188e-05
        xnorm=1.1895836582526924,dnorm=2.283019270456117e-05
        dense amplitude time= 0.004292964935302734
        total non-zero amplitudes= 36
        nsamples per process= 12
        sample time= 0.08736371994018555
self.n= 0.7393409861150054
        RGN updated loss=-4.600756810209997,dloss=-2.7072744046563457e-10
step= 28

nparam= 63
        dense amplitude time= 0.004448652267456055
        total non-zero amplitudes= 36
        nsamples per process= 12
        sample time= 0.18237018585205078
self.n= 0.7393409861150045
        collect g,h time= 0.18264031410217285
E=-4.600756810209998,dE=-2.7072832864405427e-10,std=0
L=-4.600756810209998,dL=-2.7072832864405427e-10,std=0
        gnorm= 9.109232784126968e-06
        collect S matrix time= 0.0001277923583984375
        SR solver time= 9.799003601074219e-05
        collect H matrix time= 4.9591064453125e-05
        RGN solver time= 6.961822509765625e-05
        xnorm=1.1895861287547003,dnorm=1.877510299477147e-05
        dense amplitude time= 0.0043795108795166016
        total non-zero amplitudes= 36
        nsamples per process= 12
        sample time= 0.08688044548034668
self.n= 0.7393414484105703
        RGN updated loss=-4.600756810393291,dloss=-1.8329249229509514e-10
step= 29

nparam= 63
        dense amplitude time= 0.004418611526489258
        total non-zero amplitudes= 36
        nsamples per process= 12
        sample time= 0.18288445472717285
self.n= 0.7393414484105694
        collect g,h time= 0.18318629264831543
E=-4.600756810393292,dE=-1.8329338047351484e-10,std=0
L=-4.600756810393292,dL=-1.8329338047351484e-10,std=0
        gnorm= 7.495881533888083e-06
        collect S matrix time= 0.00010061264038085938
        SR solver time= 9.965896606445312e-05
        collect H matrix time= 8.273124694824219e-05
        RGN solver time= 7.2479248046875e-05
        xnorm=1.189588087888676,dnorm=1.5442574446156474e-05
        dense amplitude time= 0.0043795108795166016
        total non-zero amplitudes= 36
        nsamples per process= 12
        sample time= 0.0860588550567627
self.n= 0.7393418471412921
        RGN updated loss=-4.60075681051739,dloss=-1.240980651573409e-10
step= 30

nparam= 63
        dense amplitude time= 0.00447845458984375
        total non-zero amplitudes= 36
        nsamples per process= 12
        sample time= 0.1829233169555664
self.n= 0.7393418471412924
        collect g,h time= 0.18320107460021973
E=-4.600756810517391,dE=-1.240989533357606e-10,std=0
L=-4.600756810517391,dL=-1.240989533357606e-10,std=0
        gnorm= 6.168182327063912e-06
        collect S matrix time= 9.72747802734375e-05
        SR solver time= 0.00010132789611816406
        collect H matrix time= 4.601478576660156e-05
        RGN solver time= 6.866455078125e-05
        xnorm=1.1895896546254066,dnorm=1.2702914299363338e-05
        dense amplitude time= 0.0044116973876953125
        total non-zero amplitudes= 36
        nsamples per process= 12
        sample time= 0.08735036849975586
self.n= 0.7393421864779275
        RGN updated loss=-4.600756810601412,dloss=-8.402167850363185e-11
step= 31

nparam= 63
        dense amplitude time= 0.00455784797668457
        total non-zero amplitudes= 36
        nsamples per process= 12
        sample time= 0.18302464485168457
self.n= 0.7393421864779282
        collect g,h time= 0.18334269523620605
E=-4.600756810601411,dE=-8.402079032521215e-11,std=0
L=-4.600756810601411,dL=-8.402079032521215e-11,std=0
        gnorm= 5.075593604571078e-06
        collect S matrix time= 0.00017952919006347656
        SR solver time= 9.894371032714844e-05
        collect H matrix time= 4.673004150390625e-05
        RGN solver time= 6.937980651855469e-05
        xnorm=1.1895909159325289,dnorm=1.0450106031412613e-05
        dense amplitude time= 0.004398822784423828
        total non-zero amplitudes= 36
        nsamples per process= 12
        sample time= 0.08649468421936035
self.n= 0.73934247259641
        RGN updated loss=-4.6007568106583,dloss=-5.688871596021272e-11
step= 32

nparam= 63
        dense amplitude time= 0.013192415237426758
        total non-zero amplitudes= 36
        nsamples per process= 12
        sample time= 0.18260478973388672
self.n= 0.7393424725964104
        collect g,h time= 0.18289756774902344
E=-4.600756810658299,dE=-5.688782778179302e-11,std=0
L=-4.600756810658299,dL=-5.688782778179302e-11,std=0
        gnorm= 4.176503405209374e-06
        collect S matrix time= 8.821487426757812e-05
        SR solver time= 9.751319885253906e-05
        collect H matrix time= 4.2438507080078125e-05
        RGN solver time= 7.081031799316406e-05
        xnorm=1.189591936650864,dnorm=8.597314013449706e-06
        dense amplitude time= 0.00438690185546875
        total non-zero amplitudes= 36
        nsamples per process= 12
        sample time= 0.08655285835266113
self.n= 0.7393427122594999
        RGN updated loss=-4.600756810696817,dloss=-3.851763352713533e-11
step= 33

nparam= 63
        dense amplitude time= 0.00447845458984375
        total non-zero amplitudes= 36
        nsamples per process= 12
        sample time= 0.18239593505859375
self.n= 0.7393427122595008
        collect g,h time= 0.18267321586608887
E=-4.600756810696817,dE=-3.851763352713533e-11,std=0
L=-4.600756810696817,dL=-3.851763352713533e-11,std=0
        gnorm= 3.4366564241418754e-06
        collect S matrix time= 0.00010967254638671875
        SR solver time= 0.00010156631469726562
        collect H matrix time= 4.482269287109375e-05
        RGN solver time= 6.866455078125e-05
        xnorm=1.1895927660018486,dnorm=7.0733190548656765e-06
        dense amplitude time= 0.004403829574584961
        total non-zero amplitudes= 36
        nsamples per process= 12
        sample time= 0.08724260330200195
self.n= 0.7393429120621494
        RGN updated loss=-4.600756810722894,dloss=-2.6076918402395677e-11
step= 34

nparam= 63
        dense amplitude time= 0.004705190658569336
        total non-zero amplitudes= 36
        nsamples per process= 12
        sample time= 0.18283319473266602
self.n= 0.7393429120621494
        collect g,h time= 0.1831068992614746
E=-4.600756810722894,dE=-2.6076918402395677e-11,std=0
L=-4.600756810722894,dL=-2.6076918402395677e-11,std=0
        gnorm= 2.827856473078347e-06
        collect S matrix time= 0.00013017654418945312
        SR solver time= 0.00010085105895996094
        collect H matrix time= 5.626678466796875e-05
        RGN solver time= 6.961822509765625e-05
        xnorm=1.1895934419458658,dnorm=5.819657342233004e-06
        dense amplitude time= 0.004402875900268555
        total non-zero amplitudes= 36
        nsamples per process= 12
        sample time= 0.08643054962158203
self.n= 0.7393430780630748
        RGN updated loss=-4.600756810740551,dloss=-1.765698698363849e-11
step= 35

nparam= 63
        dense amplitude time= 0.004299163818359375
        total non-zero amplitudes= 36
        nsamples per process= 12
        sample time= 0.18323969841003418
self.n= 0.7393430780630758
        collect g,h time= 0.1835346221923828
E=-4.600756810740552,dE=-1.765787516205819e-11,std=0
L=-4.600756810740552,dL=-1.765787516205819e-11,std=0
        gnorm= 2.3268966840014844e-06
        collect S matrix time= 8.96453857421875e-05
        SR solver time= 9.846687316894531e-05
        collect H matrix time= 4.935264587402344e-05
        RGN solver time= 7.009506225585938e-05
        xnorm=1.1895939941553564,dnorm=4.7883054529568925e-06
        dense amplitude time= 0.004382610321044922
        total non-zero amplitudes= 36
        nsamples per process= 12
        sample time= 0.08630967140197754
self.n= 0.7393432156347283
        RGN updated loss=-4.600756810752506,dloss=-1.1953993350743986e-11
step= 36

nparam= 63
        dense amplitude time= 0.004460573196411133
        total non-zero amplitudes= 36
        nsamples per process= 12
        sample time= 0.1826646327972412
self.n= 0.739343215634729
        collect g,h time= 0.18293023109436035
E=-4.600756810752506,dE=-1.1953993350743986e-11,std=0
L=-4.600756810752506,dL=-1.1953993350743986e-11,std=0
        gnorm= 1.9146778662667125e-06
        collect S matrix time= 0.00011491775512695312
        SR solver time= 9.417533874511719e-05
        collect H matrix time= 4.9114227294921875e-05
        RGN solver time= 7.176399230957031e-05
        xnorm=1.1895944460855221,dnorm=3.939798290081946e-06
        dense amplitude time= 0.004314899444580078
        total non-zero amplitudes= 36
        nsamples per process= 12
        sample time= 0.08611178398132324
self.n= 0.7393433294359236
        RGN updated loss=-4.600756810760601,dloss=-8.095746295566641e-12
step= 37

nparam= 63
        dense amplitude time= 0.0044403076171875
        total non-zero amplitudes= 36
        nsamples per process= 12
        sample time= 0.18280863761901855
self.n= 0.7393433294359238
        collect g,h time= 0.18308448791503906
E=-4.6007568107606005,dE=-8.094858117146941e-12,std=0
L=-4.6007568107606005,dL=-8.094858117146941e-12,std=0
        gnorm= 1.5754822004339445e-06
        collect S matrix time= 0.00013303756713867188
        SR solver time= 9.393692016601562e-05
        collect H matrix time= 4.57763671875e-05
        RGN solver time= 6.890296936035156e-05
        xnorm=1.1895948164450938,dnorm=3.2416933022348203e-06
        dense amplitude time= 0.004385948181152344
        total non-zero amplitudes= 36
        nsamples per process= 12
        sample time= 0.0861203670501709
self.n= 0.7393434234455876
        RGN updated loss=-4.60075681076608,dloss=-5.4791726711300726e-12
step= 38

nparam= 63
        dense amplitude time= 0.004353761672973633
        total non-zero amplitudes= 36
        nsamples per process= 12
        sample time= 0.18292617797851562
self.n= 0.7393434234455872
        collect g,h time= 0.1831951141357422
E=-4.600756810766081,dE=-5.480060849549773e-12,std=0
L=-4.600756810766081,dL=-5.480060849549773e-12,std=0
        gnorm= 1.2963750651668158e-06
        collect S matrix time= 0.00010275840759277344
        SR solver time= 9.703636169433594e-05
        collect H matrix time= 4.4345855712890625e-05
        RGN solver time= 6.985664367675781e-05
        xnorm=1.1895951202655055,dnorm=2.66731444151374e-06
        dense amplitude time= 0.004387617111206055
        total non-zero amplitudes= 36
        nsamples per process= 12
        sample time= 0.08655405044555664
self.n= 0.7393435010276466
        RGN updated loss=-4.6007568107697905,dloss=-3.709921259087423e-12
step= 39

nparam= 63
        dense amplitude time= 0.004433631896972656
        total non-zero amplitudes= 36
        nsamples per process= 12
        sample time= 0.18286657333374023
self.n= 0.7393435010276463
        collect g,h time= 0.18314623832702637
E=-4.60075681076979,dE=-3.709033080667723e-12,std=0
L=-4.60075681076979,dL=-3.709033080667723e-12,std=0
        gnorm= 1.0667124909447372e-06
        collect S matrix time= 9.298324584960938e-05
        SR solver time= 0.0001049041748046875
        collect H matrix time= 4.935264587402344e-05
        RGN solver time= 7.009506225585938e-05
        xnorm=1.1895953696912938,dnorm=2.1947233899880296e-06
        dense amplitude time= 0.004399299621582031
        total non-zero amplitudes= 36
        nsamples per process= 12
        sample time= 0.0864095687866211
self.n= 0.7393435650048792
        RGN updated loss=-4.600756810772302,dloss=-2.5126567493316543e-12
step= 40

nparam= 63
        dense amplitude time= 0.004492282867431641
        total non-zero amplitudes= 36
        nsamples per process= 12
        sample time= 0.18277311325073242
self.n= 0.7393435650048789
        collect g,h time= 0.18305635452270508
E=-4.600756810772301,dE=-2.511768570911954e-12,std=0
L=-4.600756810772301,dL=-2.511768570911954e-12,std=0
        gnorm= 8.7773568242065e-07
        collect S matrix time= 9.34600830078125e-05
        SR solver time= 0.00010275840759277344
        collect H matrix time= 4.410743713378906e-05
        RGN solver time= 7.128715515136719e-05
        xnorm=1.1895955745783224,dnorm=1.8058756115209391e-06
        dense amplitude time= 0.0043811798095703125
        total non-zero amplitudes= 36
        nsamples per process= 12
        sample time= 0.08659505844116211
self.n= 0.7393436177337032
        RGN updated loss=-4.600756810774004,dloss=-1.70263803056514e-12
step= 41

nparam= 63
        dense amplitude time= 0.004498481750488281
        total non-zero amplitudes= 36
        nsamples per process= 12
        sample time= 0.1829829216003418
self.n= 0.739343617733704
        collect g,h time= 0.18327093124389648
E=-4.600756810774005,dE=-1.7035262089848402e-12,std=0
L=-4.600756810774005,dL=-1.7035262089848402e-12,std=0
        gnorm= 7.222372385279859e-07
        collect S matrix time= 0.0001163482666015625
        SR solver time= 0.00010371208190917969
        collect H matrix time= 4.506111145019531e-05
        RGN solver time= 6.961822509765625e-05
        xnorm=1.189595742952104,dnorm=1.4859278280211754e-06
        dense amplitude time= 0.004409313201904297
        total non-zero amplitudes= 36
        nsamples per process= 12
        sample time= 0.08650970458984375
self.n= 0.7393436611737298
        RGN updated loss=-4.600756810775157,dloss=-1.1519674103510624e-12
step= 42

nparam= 63
        dense amplitude time= 0.0044934749603271484
        total non-zero amplitudes= 36
        nsamples per process= 12
        sample time= 0.1834559440612793
self.n= 0.7393436611737302
        collect g,h time= 0.18375325202941895
E=-4.600756810775157,dE=-1.1519674103510624e-12,std=0
L=-4.600756810775157,dL=-1.1519674103510624e-12,std=0
        gnorm= 5.942864327744791e-07
        collect S matrix time= 0.00010657310485839844
        SR solver time= 0.00010013580322265625
        collect H matrix time= 4.506111145019531e-05
        RGN solver time= 6.937980651855469e-05
        xnorm=1.18959588136433,dnorm=1.2226692695011178e-06
        dense amplitude time= 0.004383563995361328
        total non-zero amplitudes= 36
        nsamples per process= 12
        sample time= 0.08854293823242188
self.n= 0.7393436969502813
        RGN updated loss=-4.600756810775937,dloss=-7.7982065249671e-13
step= 43

nparam= 63
        dense amplitude time= 0.004438161849975586
        total non-zero amplitudes= 36
        nsamples per process= 12
        sample time= 0.18286347389221191
self.n= 0.739343696950282
        collect g,h time= 0.1831507682800293
E=-4.600756810775936,dE=-7.789324740770098e-13,std=0
L=-4.600756810775936,dL=-7.789324740770098e-13,std=0
        gnorm= 4.890031049515531e-07
        collect S matrix time= 0.00016880035400390625
        SR solver time= 0.00010132789611816406
        collect H matrix time= 4.482269287109375e-05
        RGN solver time= 7.152557373046875e-05
        xnorm=1.189595995173957,dnorm=1.0060541011838917e-06
        dense amplitude time= 0.004376411437988281
        total non-zero amplitudes= 36
        nsamples per process= 12
        sample time= 0.08739447593688965
self.n= 0.7393437264086679
        RGN updated loss=-4.600756810776464,dloss=-5.284661597215745e-13
step= 44

nparam= 63
        dense amplitude time= 0.004476785659790039
        total non-zero amplitudes= 36
        nsamples per process= 12
        sample time= 0.18252277374267578
self.n= 0.739343726408668
        collect g,h time= 0.1827998161315918
E=-4.600756810776465,dE=-5.293543381412746e-13,std=0
L=-4.600756810776465,dL=-5.293543381412746e-13,std=0
        gnorm= 4.023715965873269e-07
        collect S matrix time= 0.00010418891906738281
        SR solver time= 0.00010585784912109375
        collect H matrix time= 0.00011754035949707031
        RGN solver time= 7.081031799316406e-05
        xnorm=1.1895960887708912,dnorm=8.278171699674405e-07
        dense amplitude time= 0.004324674606323242
        total non-zero amplitudes= 36
        nsamples per process= 12
        sample time= 0.08634114265441895
self.n= 0.7393437506603343
        RGN updated loss=-4.60075681077682,dloss=-3.552713678800501e-13
step= 45

nparam= 63
        dense amplitude time= 0.0044286251068115234
        total non-zero amplitudes= 36
        nsamples per process= 12
        sample time= 0.18276643753051758
self.n= 0.7393437506603344
        collect g,h time= 0.18305563926696777
E=-4.60075681077682,dE=-3.552713678800501e-13,std=0
L=-4.60075681077682,dL=-3.552713678800501e-13,std=0
        gnorm= 3.3108761960454385e-07
        collect S matrix time= 0.0001068115234375
        SR solver time= 9.846687316894531e-05
        collect H matrix time= 4.410743713378906e-05
        RGN solver time= 7.081031799316406e-05
        xnorm=1.189596165755516,dnorm=6.811584237035073e-07
        dense amplitude time= 0.004418134689331055
        total non-zero amplitudes= 36
        nsamples per process= 12
        sample time= 0.0864570140838623
self.n= 0.73934377062326
        RGN updated loss=-4.600756810777064,dloss=-2.433608869978343e-13
step= 46

nparam= 63
        dense amplitude time= 0.004485607147216797
        total non-zero amplitudes= 36
        nsamples per process= 12
        sample time= 0.1833784580230713
self.n= 0.7393437706232604
        collect g,h time= 0.18366336822509766
E=-4.600756810777064,dE=-2.433608869978343e-13,std=0
L=-4.600756810777064,dL=-2.433608869978343e-13,std=0
        gnorm= 2.724322467735275e-07
        collect S matrix time= 9.584426879882812e-05
        SR solver time= 0.00010395050048828125
        collect H matrix time= 4.601478576660156e-05
        RGN solver time= 7.653236389160156e-05
        xnorm=1.189596229082364,dnorm=5.604827687951559e-07
        dense amplitude time= 0.004323482513427734
        total non-zero amplitudes= 36
        nsamples per process= 12
        sample time= 0.08673477172851562
self.n= 0.7393437870541236
        RGN updated loss=-4.600756810777225,dloss=-1.616484723854228e-13
step= 47

nparam= 63
        dense amplitude time= 0.004449129104614258
        total non-zero amplitudes= 36
        nsamples per process= 12
        sample time= 0.18254303932189941
self.n= 0.7393437870541232
        collect g,h time= 0.1828467845916748
E=-4.600756810777225,dE=-1.616484723854228e-13,std=0
L=-4.600756810777225,dL=-1.616484723854228e-13,std=0
        gnorm= 2.241682189793577e-07
        collect S matrix time= 8.296966552734375e-05
        SR solver time= 0.00010251998901367188
        collect H matrix time= 4.458427429199219e-05
        RGN solver time= 7.319450378417969e-05
        xnorm=1.1895962811786425,dnorm=4.6118667907236275e-07
        dense amplitude time= 0.004374980926513672
        total non-zero amplitudes= 36
        nsamples per process= 12
        sample time= 0.08640694618225098
self.n= 0.7393438005771026
        RGN updated loss=-4.600756810777338,dloss=-1.127986593019159e-13
step= 48

nparam= 63
        dense amplitude time= 0.004486083984375
        total non-zero amplitudes= 36
        nsamples per process= 12
        sample time= 0.1829090118408203
self.n= 0.7393438005771028
        collect g,h time= 0.1831817626953125
E=-4.600756810777338,dE=-1.127986593019159e-13,std=0
L=-4.600756810777338,dL=-1.127986593019159e-13,std=0
        gnorm= 1.844546225709917e-07
        collect S matrix time= 0.00010657310485839844
        SR solver time= 0.00010013580322265625
        collect H matrix time= 4.291534423828125e-05
        RGN solver time= 6.794929504394531e-05
        xnorm=1.1895963240381964,dnorm=3.7948220947257104e-07
        dense amplitude time= 0.0043828487396240234
        total non-zero amplitudes= 36
        nsamples per process= 12
        sample time= 0.08642125129699707
self.n= 0.7393438117059825
        RGN updated loss=-4.600756810777414,dloss=-7.549516567451064e-14
step= 49

nparam= 63
        dense amplitude time= 0.004474163055419922
        total non-zero amplitudes= 36
        nsamples per process= 12
        sample time= 0.1830589771270752
self.n= 0.739343811705983
        collect g,h time= 0.1833486557006836
E=-4.600756810777414,dE=-7.549516567451064e-14,std=0
L=-4.600756810777414,dL=-7.549516567451064e-14,std=0
        gnorm= 1.5177666990174517e-07
        collect S matrix time= 0.00013327598571777344
        SR solver time= 0.0001010894775390625
        collect H matrix time= 4.601478576660156e-05
        RGN solver time= 7.295608520507812e-05
        xnorm=1.189596359300464,dnorm=3.1225279516249023e-07
        dense amplitude time= 0.0043718814849853516
        total non-zero amplitudes= 36
        nsamples per process= 12
        sample time= 0.08685898780822754
self.n= 0.7393438208643538
        RGN updated loss=-4.6007568107774635,dloss=-4.973799150320701e-14
