run = 0
step= 49

nparam= 51
        dense amplitude time= 0.0009195804595947266
        total non-zero amplitudes= 36
        nsamples per process= 12
self.n= 0.5408208084371053
        collect g,h time= 0.16070222854614258
E=-4.281230980878926,dE=-3.028244321967577e-11,std=0
L=-4.281230980878926,dL=-3.028244321967577e-11,std=0
        gnorm= 7.733491097835338e-06
        collect S matrix time= 5.1021575927734375e-05
        nonzero=28,wmax=2.071446969877007,wmin=0.00742642065069196
        SR solver time= 0.0003361701965332031
        collect H matrix time= 3.218650817871094e-05
        nonzero=30,smax=2.833309222967604,smin=0.003343153807939744
        RGN solver time= 0.0005803108215332031
        xnorm=1.3796262940439405,dnorm=5.784409772469848e-06
        dense amplitude time= 0.0009624958038330078
        total non-zero amplitudes= 36
        nsamples per process= 12
self.n= 0.5408208089160006
        RGN updated loss=-4.2812309809056766,dloss=-2.6750157644528372e-11
[-0.1248413714 -0.0620135098 -0.0000631205  0.0921550835  0.1380104082
  0.1229296221 -0.1975365437]
[ 0.1967389237  0.0442124509  0.2330029756 -0.0331996347  0.1301277393
  0.0132573168 -0.0577786775  0.2560795151 -0.0277999048 -0.1942394505
 -0.0496675262 -0.0346855414  0.0525610744  0.0324846189 -0.0704050537
 -0.1472428285]
[ 0.0030240987 -0.0101515652 -0.3502210504  0.0104130966  0.3812526462
 -0.0192660382  0.0197430067 -0.3692147203  0.0226816797  0.4265761941
 -0.0755436771 -0.0104895089  0.1304044413 -0.0282622236 -0.1699208619
 -0.011844927  -0.0182795293 -0.3264431904 -0.0538389253 -0.1335774034
 -0.2513285022 -0.0503284432  0.0200724855  0.0155793242  0.6526663924
  0.535688939  -0.0124522578 -0.0076615028]
