run = 0
step= 99

nparam= 49
        dense amplitude time= 0.001012563705444336
        total non-zero amplitudes= 36
        nsamples per process= 12
self.n= 0.09303364834158993
        collect g,h time= 0.15397024154663086
E=-4.22416317790877,dE=-6.545342046138103e-08,std=0
L=-4.22416317790877,dL=-6.545342046138103e-08,std=0
        gnorm= 1.936761442629351e-05
        collect S matrix time= 4.5299530029296875e-05
        SR solver time= 8.630752563476562e-05
        collect H matrix time= 3.0994415283203125e-05
        RGN solver time= 5.054473876953125e-05
        xnorm=2.825634797782115,dnorm=0.0056444166530222155
        dense amplitude time= 0.0008640289306640625
        total non-zero amplitudes= 36
        nsamples per process= 12
self.n= 0.09256008724796388
        RGN updated loss=-4.224163241877146,dloss=-6.396837548550138e-08
[-0.080677835   0.0510217623  0.0222783998  0.1739345933  1.0428592117
  0.6221302899]
[-0.2485596379 -0.3718133251 -0.74406042   -0.717640317  -0.2872818014
  0.3424108332  0.1403539838 -0.2201975401 -0.0813504832  0.1822597733
  0.5571454905 -0.5278542456 -0.0256969505 -0.5093855765  0.5750247096
  0.0656456562]
[ 0.4301971364 -0.077865596   0.7581104587  0.4672971564 -0.0238935675
 -0.5029409438 -0.4344097314  0.7697262714  0.1733911221  0.3802141677
  0.2201415059 -0.1093362162 -0.937725881   0.3253386291  0.2382469695
 -0.2146661546 -0.0591290274  0.278817692   0.0967462123  0.0454705411
  0.0823017896 -0.2131511397 -0.3015263179 -0.2900962842  0.0963816433
 -0.1734185795  0.1084455078]

run = 1
step= 99

nparam= 49
        dense amplitude time= 0.0008966922760009766
        total non-zero amplitudes= 36
        nsamples per process= 12
self.n= 0.42629200517528437
        collect g,h time= 0.15488147735595703
E=-4.224200157079112,dE=-3.096944034552962e-09,std=0
L=-4.224200157079112,dL=-3.096944034552962e-09,std=0
        gnorm= 2.795760976462869e-05
        collect S matrix time= 4.4345855712890625e-05
        SR solver time= 8.869171142578125e-05
        collect H matrix time= 7.987022399902344e-05
        RGN solver time= 5.602836608886719e-05
        xnorm=2.445139577229148,dnorm=0.000604806409397161
        dense amplitude time= 0.0008990764617919922
        total non-zero amplitudes= 36
        nsamples per process= 12
self.n= 0.4263300905198087
        RGN updated loss=-4.224200159778014,dloss=-2.6989015466938326e-09
[-0.6848394381  0.5381003903  0.0054047916 -0.046222362   0.2323009827
  0.3340605159]
[ 0.2953744694  0.0013337125 -0.1831560609  0.0081935612 -0.0096931567
  0.1100917883  0.0024327176  0.1920892399 -0.0028844461  0.1543802502
 -0.0088357767 -0.0633642847 -0.0056797857  0.0034948285  0.0839533077
  1.1493313178]
[-0.1602492672  0.0010650918  0.7646938316  0.1361074028 -0.2306358261
  0.146264585  -0.1636390649  0.9532410908  0.0429421034 -0.3704963692
 -0.2672949081  0.1839337573  0.0055772631 -0.2626058224 -0.066577448
 -0.0350338786  0.3365741172  0.0988195938 -0.4389680596  0.5335742787
 -0.0467330674 -0.0512210857  0.0832605316 -0.5198038491 -0.8131598931
 -0.1428104871  0.0658854745]
