run = 0
step= 49

nparam= 51
        dense amplitude time= 0.0009222030639648438
        total non-zero amplitudes= 36
        nsamples per process= 12
self.n= 0.5454745128124008
        collect g,h time= 0.16227364540100098
E=-4.265183884734589,dE=-1.2079226507921703e-13,std=0
L=-4.265183884734589,dL=-1.2079226507921703e-13,std=0
        gnorm= 2.5767467354070455e-05
        collect S matrix time= 5.7220458984375e-05
        nonzero=30,wmax=2.073259660648474,wmin=0.002271580018726918
        SR solver time= 0.00034356117248535156
        collect H matrix time= 3.4332275390625e-05
        nonzero=31,smax=2.8117068918736026,smin=0.003012715173047432
        RGN solver time= 0.0005278587341308594
        xnorm=1.4365902640895172,dnorm=3.7779083778366166e-07
        dense amplitude time= 0.0009596347808837891
        total non-zero amplitudes= 36
        nsamples per process= 12
self.n= 0.5454745160531967
        RGN updated loss=-4.2651838847346975,dloss=-1.0835776720341528e-13
[-0.1495334422 -0.0312976412 -0.0003879934  0.0866393902  0.1606471027
  0.1074042485 -0.2124417544]
[ 0.1974140983  0.0476350557  0.2251196361 -0.0277500088  0.1249884693
  0.0071614108 -0.0570039802  0.2589735837 -0.0258590908 -0.1888911289
 -0.0505017126 -0.0294899698  0.0625000859  0.0344129074 -0.0712737464
 -0.1573798134]
[ 0.0046629002 -0.0109772536 -0.375812957   0.0118100453  0.4037730871
 -0.0129366036  0.0205551314 -0.3962336558  0.0241492014  0.453766777
 -0.0759043884 -0.0091524546  0.1385083092 -0.028914978  -0.1828135017
 -0.0142303239 -0.0194861838 -0.3424821022 -0.0539109471 -0.1537108984
 -0.2705093613 -0.0488283444  0.0222774059  0.0170224272  0.6675771568
  0.5499951377 -0.0139623536 -0.0079840208]
