run = 0
step= 49

nparam= 51
        dense amplitude time= 0.0009720325469970703
        total non-zero amplitudes= 36
        nsamples per process= 12
self.n= 0.6429949603252824
        collect g,h time= 0.16321444511413574
E=-4.533824678330141,dE=-1.5355716698195465e-11,std=0
L=-4.533824678330141,dL=-1.5355716698195465e-11,std=0
        gnorm= 0.00011116833721161408
        collect S matrix time= 4.38690185546875e-05
        nonzero=30,wmax=2.137810132654356,wmin=0.002570520940569253
        SR solver time= 0.00038933753967285156
        collect H matrix time= 3.1948089599609375e-05
        nonzero=30,smax=3.1028592230702814,smin=0.005625547433184944
        RGN solver time= 0.00043320655822753906
        xnorm=1.0939563251543802,dnorm=7.457658840727846e-06
        dense amplitude time= 0.0010094642639160156
        total non-zero amplitudes= 36
        nsamples per process= 12
self.n= 0.6429947909560075
        RGN updated loss=-4.5338246783308795,dloss=-7.389644451905042e-13
[ 0.1760818166 -0.3776503302  0.0043791802  0.3424592724 -0.1492165364
  0.005028724  -0.2137105133]
[ 0.1085285066 -0.0286000246  0.2206618073 -0.076172744   0.0801974579
  0.1243131098 -0.0638589101  0.0701210929 -0.046798172  -0.1915013921
 -0.0378249627 -0.2455716557 -0.0805888446  0.0059377823 -0.0505200523
 -0.2882929482]
[ 0.0328112212  0.0062131122 -0.1247137341 -0.0252196795  0.1495766313
  0.0096594028 -0.0276048109 -0.0616431012 -0.0066106658  0.0724742563
  0.0210881867  0.0774256084  0.1597628421  0.0093582524 -0.0124696132
 -0.0341914909  0.0049398013 -0.1760318977  0.0732929135 -0.0713636694
  0.0198828043 -0.0322853755  0.0605464843 -0.0313084023  0.4729785818
  0.4331558162  0.0330104233  0.0640690471]

run = 1
step= 49

nparam= 51
        dense amplitude time= 0.0009293556213378906
        total non-zero amplitudes= 36
        nsamples per process= 12
self.n= 0.594514669547616
        collect g,h time= 0.16308116912841797
E=-4.533820993946,dE=-8.048948174632642e-10,std=0
L=-4.533820993946,dL=-8.048948174632642e-10,std=0
        gnorm= 8.177681185028494e-05
        collect S matrix time= 5.054473876953125e-05
        nonzero=30,wmax=2.206129697628268,wmin=0.004392593228488317
        SR solver time= 0.00033783912658691406
        collect H matrix time= 3.1948089599609375e-05
        nonzero=31,smax=3.2281278389908192,smin=0.003429478123627655
        RGN solver time= 0.00047326087951660156
        xnorm=1.1504927008685735,dnorm=3.962126276745496e-05
        dense amplitude time= 0.0010304450988769531
        total non-zero amplitudes= 36
        nsamples per process= 12
self.n= 0.5945178704768403
        RGN updated loss=-4.533820994532399,dloss=-5.863993735033546e-10
[ 0.2344039998 -0.4473427463  0.0021399194  0.2379325685 -0.1115925044
 -0.0923765587 -0.2218314931]
[ 0.0179529619 -0.0091826377  0.277888225  -0.0300092569  0.046491547
 -0.0534295353 -0.0412038419  0.0022341204 -0.0245042861 -0.1655513828
  0.0411855498 -0.1665836095 -0.0624969397 -0.0213047167 -0.0156766727
 -0.3185726373]
[-0.0727880661 -0.0244003281 -0.0609483449  0.0334386509  0.2741420994
 -0.0219259491  0.1380898038 -0.2796222996  0.0359543338  0.0396964065
 -0.0886776746 -0.0107490508  0.0436658298  0.0035439594  0.0180439748
  0.0214563525 -0.037081751  -0.115299955  -0.071390998  -0.0859226592
 -0.0029601016 -0.0118850015  0.1201154105  0.0019801202  0.5261961912
  0.3939359051 -0.034244324  -0.1442895547]
