step= 49

nparam= 56
        dense amplitude time= 0.0007321834564208984
        total non-zero amplitudes= 36
        nsamples per process= 36
self.n= 1.3885075303834589
        collect g,h time= 0.2675509452819824
E=-4.363797837006974,dE=-0.00047564932132360127,std=0
L=-4.363797837006974,dL=-0.00047564932132360127,std=0
        gnorm= 0.04016503925294455
        collect S matrix time= 0.00023365020751953125
        SR solver time= 8.893013000488281e-05
        xnorm=0.8995532085897373,dnorm=0.01993119425950504
[-0.0009516303  0.0740441734  0.1604458054  0.0353328283 -0.1297508897
  0.0102278679  0.029796844   0.1875073413 -0.0355217772 -0.1889483297
  0.0427378153  0.0140091641 -0.0099280515 -0.019845651  -0.0011909064
 -0.0084182726  0.016558549   0.1966129054  0.0151849386 -0.0087811585
  0.1580082014  0.0370776985  0.0074601556  0.027640345  -0.2106092525
 -0.1785642962  0.0063736173  0.017275851 ]
step= 99

nparam= 56
        dense amplitude time= 0.0007636547088623047
        total non-zero amplitudes= 36
        nsamples per process= 36
self.n= 0.8361946340302054
        collect g,h time= 0.2645266056060791
E=-4.387286722771821,dE=-8.142312726278078e-07,std=0
L=-4.387286722771821,dL=-8.142312726278078e-07,std=0
        gnorm= 0.0011373699855335654
        collect S matrix time= 0.00022077560424804688
        SR solver time= 9.584426879882812e-05
        collect H matrix time= 0.00014257431030273438
        xnorm=1.2372224255835065,dnorm=0.0
        RGN solver time= 6.031990051269531e-05
        xnorm=1.2372224255835065,dnorm=0.005208154478975248
        dense amplitude time= 0.0006139278411865234
        total non-zero amplitudes= 36
        nsamples per process= 36
self.n= 0.8343954571155904
        RGN updated loss=-4.38728740313104,dloss=-6.803592196291675e-07
[-0.0182054343  0.1623589725  0.3246337215  0.058852981  -0.268273499
  0.0076816568  0.022656716   0.3526533037  0.048051717  -0.3214614066
  0.0827921215  0.0249498978 -0.0040917098 -0.0189849115 -0.0047626208
 -0.0080277029 -0.0068750142  0.3359304135 -0.0005642813 -0.0139501606
  0.2909910884 -0.0012655093  0.0203854747 -0.0342110248 -0.3680816077
 -0.3381026227 -0.0158005928  0.019267607 ]
