run = 0
step= 49

nparam= 51
        dense amplitude time= 0.0009052753448486328
        total non-zero amplitudes= 36
        nsamples per process= 12
self.n= 0.5275247232454787
        collect g,h time= 0.15817666053771973
E=-4.298832282739844,dE=-2.4210322635553894e-10,std=0
L=-4.298832282739844,dL=-2.4210322635553894e-10,std=0
        gnorm= 0.00010504207338208347
        collect S matrix time= 5.125999450683594e-05
        nonzero=28,wmax=2.1924654784960294,wmin=0.009656605058711028
        SR solver time= 0.00031828880310058594
        collect H matrix time= 3.075599670410156e-05
        nonzero=30,smax=4.0445690375905174,smin=0.004058815733424782
        RGN solver time= 0.00045490264892578125
        xnorm=1.3772178063703817,dnorm=2.244028945775676e-05
        dense amplitude time= 0.0009357929229736328
        total non-zero amplitudes= 36
        nsamples per process= 12
self.n= 0.52752477557841
        RGN updated loss=-4.298832282923353,dloss=-1.8350920782950197e-10
[-0.1103451013 -0.1197641608 -0.0005550352 -0.0012919632 -0.0338239862
  0.1998155915 -0.1907204562]
[ 0.2156183406  0.0282083334  0.1404700147 -0.0593573239 -0.1873364573
  0.1098426282  0.047050075  -0.0230415503 -0.0091010223  0.1606816869
  0.047808237  -0.2386823703  0.1353997795  0.0505951703 -0.1610478895
 -0.1280594227]
[ 0.0489660637 -0.0053222876  0.3223933547  0.0552582414 -0.3768244212
 -0.0135899687 -0.026386542   0.4131412198  0.032094877  -0.1289322393
  0.0197360051  0.0418427949  0.0600660325 -0.046972751  -0.0212098918
  0.0156576087  0.0450234142  0.4092117969  0.0122125822 -0.3537117098
  0.0891424891  0.0494862539 -0.1047703904 -0.0121143526 -0.6340763451
 -0.5927894866  0.0198418072  0.067624698 ]

run = 1
step= 49

nparam= 51
        dense amplitude time= 0.0009255409240722656
        total non-zero amplitudes= 36
        nsamples per process= 12
self.n= 0.5392865323020959
        collect g,h time= 0.16128802299499512
E=-4.298841707252312,dE=-1.4888643207200403e-08,std=0
L=-4.298841707252312,dL=-1.4888643207200403e-08,std=0
        gnorm= 8.686967572598362e-05
        collect S matrix time= 4.38690185546875e-05
        nonzero=28,wmax=2.0721694332748246,wmin=0.007470182226543307
        SR solver time= 0.00033926963806152344
        collect H matrix time= 4.220008850097656e-05
        nonzero=29,smax=2.8435225573948735,smin=0.003681744286269939
        RGN solver time= 0.0004420280456542969
        xnorm=1.3063709529795213,dnorm=0.00012922096586252314
        dense amplitude time= 0.0009951591491699219
        total non-zero amplitudes= 36
        nsamples per process= 12
self.n= 0.539286343444782
        RGN updated loss=-4.298841720474749,dloss=-1.3222436479054522e-08
[-0.0980551721 -0.0935856359  0.000160905   0.1097858156  0.1042138384
  0.1442085375 -0.1827155653]
[ 0.2099254346  0.0404148702  0.2230014427 -0.0379375442  0.1333533437
  0.0422430706 -0.0581672686  0.2529794548 -0.0296964051 -0.1926254993
 -0.049046749  -0.0396624275  0.0183847252  0.0306806095 -0.0679255404
 -0.1393084562]
[ 0.0002964995 -0.0083341664 -0.3138932943  0.0086627917  0.3502820501
 -0.0276038641  0.0189338948 -0.329505647   0.0191083364  0.3871777537
 -0.0746240478 -0.0122331926  0.117488146  -0.0279497137 -0.1512680885
 -0.0082385535 -0.0163968648 -0.3060693309 -0.0546901331 -0.1011686766
 -0.2255891276 -0.0527864349  0.0165194809  0.0135631691  0.6360402463
  0.5190803988 -0.0101200562 -0.0070528959]
