run = 0
step= 199

nparam= 31
        dense amplitude time= 0.0017375946044921875
        total non-zero amplitudes= 36
        nsamples per process= 12
self.n= 0.08630379292780438
        collect g,h time= 0.146559476852417
E=-4.501886928574566,dE=-4.770511985441317e-09,std=0
L=-4.501886928574566,dL=-4.770511985441317e-09,std=0
        gnorm= 2.634376197550086e-06
        collect S matrix time= 2.574920654296875e-05
        SR solver time= 5.888938903808594e-05
        collect H matrix time= 2.2172927856445312e-05
        RGN solver time= 3.5762786865234375e-05
        xnorm=3.150784928429861,dnorm=0.0015123055362742345
        dense amplitude time= 0.0008122920989990234
        total non-zero amplitudes= 36
        nsamples per process= 12
self.n= 0.08626822338647597
        RGN updated loss=-4.501886933244771,dloss=-4.670204667434064e-09
[ 0.1333636176 -0.4889705806 -0.0009717574 -0.01350638   -1.0330539584
  1.0345366332  0.1648982953  0.4327271658 -0.0209266781]
[-0.020866312  -0.9661152727 -0.6792501697 -1.2783583529  0.0276899465
  1.0033239659 -0.292003485   0.0724979056  0.0664489398 -0.0895208007]
[-0.2338604617  0.0710946241 -0.0222725025 -0.0197364651  0.5761740463
 -0.0916230121  0.0405004779  1.4938064348 -0.2137813157 -0.7037053018
 -0.0475576993  0.0486718753]
