run = 0
step= 29

nparam= 38
        dense amplitude time= 0.001834869384765625
        total non-zero amplitudes= 36
        nsamples per process= 36
self.n= 0.6280599194681437
        collect g,h time= 0.2992668151855469
E=-4.3031941712453605,dE=-0.0004760388292073259,std=0
L=-4.3031941712453605,dL=-0.0004760388292073259,std=0
        gnorm= 0.03992597042596481
        collect S matrix time= 7.390975952148438e-05
        nonzero=19,wmax=1.5811529928854577,wmin=0.04668870434612216
        SR solver time= 0.00023508071899414062
        xnorm=0.7894319542037541,dnorm=0.0071678448230845715
[ 0.217209926  -0.0693380597  0.125210821  -0.0468117649  0.0691638097
 -0.0813571736]
[ 0.0207500565 -0.0324416441  0.0800428762 -0.0385258719]
[-0.0194470592 -0.0110333126 -0.0301370455  0.011587308   0.0596497608
 -0.0321052429  0.0123504953 -0.0694469112  0.0123574954  0.0419547242
 -0.0160456461 -0.0561160674 -0.0573558411 -0.0093423085 -0.0555925463
 -0.0221332267 -0.0216789005 -0.0849149118 -0.0169876861 -0.0493667893
 -0.1090686079  0.0201363084  0.0717945344  0.051187269   0.4957656119
  0.4615663344 -0.0446081702 -0.15167892  ]
step= 49

nparam= 38
        dense amplitude time= 0.0018444061279296875
        total non-zero amplitudes= 36
        nsamples per process= 36
self.n= 0.4779544780808923
        collect g,h time= 0.29833221435546875
E=-4.331144764317367,dE=-6.305485555913037e-07,std=0
L=-4.331144764317367,dL=-6.305485555913037e-07,std=0
        gnorm= 0.001972433168523718
        collect S matrix time= 5.8650970458984375e-05
        xnorm=1.2517359841162268,dnorm=0.0
        nonzero=19,wmax=2.6018677008716806,wmin=0.005218247620136347
        SR solver time= 0.0002415180206298828
        collect H matrix time= 2.7894973754882812e-05
        nonzero=19,smax=2.5996736295731924,smin=0.008186080879856818
        RGN solver time= 0.0002918243408203125
        xnorm=1.2517359841162268,dnorm=0.0009727055270668916
        dense amplitude time= 0.0018210411071777344
        total non-zero amplitudes= 36
        nsamples per process= 36
self.n= 0.4780210475285471
        RGN updated loss=-4.33114541266312,dloss=-6.483457530848113e-07
[ 0.0918808114 -0.4123551627  0.2904414137 -0.2120423576  0.2513067332
  0.2458575514]
[ 0.0529511368 -0.0346064911  0.0660420227 -0.0361782479]
[-0.0673365864 -0.0316108951 -0.3651501801  0.0416730759  0.1999797999
 -0.0744626376  0.0157852233 -0.408705637   0.0556583765  0.2061858037
 -0.0495418259 -0.0583324269 -0.0977724289  0.0356493072 -0.0998918029
 -0.0290804141 -0.0241931618 -0.221473991  -0.0124380052 -0.1142483079
 -0.2718875753  0.0210026905  0.038097727   0.0687086851  0.5348253163
  0.5050828412 -0.0553461463 -0.1076933701]

run = 1
step= 29

nparam= 38
        dense amplitude time= 0.0010478496551513672
        total non-zero amplitudes= 36
        nsamples per process= 12
self.n= 0.5230347745217604
        collect g,h time= 0.14555859565734863
E=-4.334755366663805,dE=-7.714470235953286e-07,std=0
L=-4.334755366663805,dL=-7.714470235953286e-07,std=0
        gnorm= 0.0014231020638965292
        collect S matrix time= 8.273124694824219e-05
        nonzero=20,wmax=2.6703481051265325,wmin=0.005632911165099601
        SR solver time= 0.0002181529998779297
        collect H matrix time= 3.1948089599609375e-05
        nonzero=20,smax=7.451904190337874,smin=0.017229318745412947
        RGN solver time= 0.0003056526184082031
        xnorm=1.5158674313088454,dnorm=0.0009057213239081923
        dense amplitude time= 0.0009894371032714844
        total non-zero amplitudes= 36
        nsamples per process= 12
self.n= 0.5228924204765026
        RGN updated loss=-4.3347560141034895,dloss=-6.474396849753816e-07
[ 0.1185767927 -0.1143742066  0.2040680031 -0.2181711662  0.1002674684
  0.0414594601]
[ 0.0958463596  0.5069098463  0.7137801143 -0.7078098486]
[ 0.0104577126  0.0081430435 -0.4336726667 -0.0017315644  0.2169545311
  0.0328369143 -0.002666507  -0.3761819356 -0.0045600362  0.2242271601
  0.0028312951 -0.0133220132 -0.0198646467  0.0190280779  0.0144818194
 -0.0073448632  0.0066855662 -0.2407000144 -0.007747506  -0.0200889973
 -0.2867987045 -0.0064934626  0.0288815617 -0.0073291245  0.3864523472
  0.4144288877  0.0115370911  0.0176195504]
