run = 1
energy=-4.592551791849138,dE=-1.7763568394002505e-15,std=0
loss  =-4.592551791849138,dloss=-1.7763568394002505e-15,std=0
        gnorm= 1.6605062089755226e-10
        collect S matrix time= 2.8848648071289062e-05
        collect H matrix time= 1.5974044799804688e-05
        SR solver time= 6.103515625e-05
        xnorm=3.744490913840243,dnorm=9.644030801368268e-11
[ 0.853366045   0.7709689442  0.1378337935  0.1092751766 -0.0307191507
 -0.0390182893]
[ 1.3397289911 -0.1899698402  0.6590513487  0.5134218436]
[ 1.6195861045  1.3613279215  1.0816835511  0.3640431331  0.3264232804
 -0.1721266364  0.5388681112  0.720575706  -0.0348181696  1.5470060868
 -0.2575136041  0.9751339936]

run = 2
energy=-4.592860420331203,dE=7.105427357601002e-15,std=0
loss  =-4.592860420331203,dloss=7.105427357601002e-15,std=0
        gnorm= 6.003515740079527e-08
        collect S matrix time= 2.8371810913085938e-05
        collect H matrix time= 1.5735626220703125e-05
        SR solver time= 5.817413330078125e-05
        xnorm=3.8781478184984355,dnorm=4.027109051306475e-08
[0.2647116712 0.2994826217 0.8588057237 0.7565305155 0.6857350219
 0.6137475821]
[ 1.2084930505 -0.3130534338  0.7346442117 -0.734644068 ]
[ 1.179006992   1.9712596518  0.4083254271  0.2442341684 -0.4085320056
  1.3433981833  0.066079581   0.5341244954  0.9112515756  0.5448227318
  1.003580349   0.4331776448]

run = 3
energy=-4.592551791849131,dE=9.769962616701378e-15,std=0
loss  =-4.592551791849131,dloss=9.769962616701378e-15,std=0
        gnorm= 1.3291461760354759e-11
        collect S matrix time= 2.8371810913085938e-05
        collect H matrix time= 1.5735626220703125e-05
        SR solver time= 5.7220458984375e-05
        xnorm=3.491711575973849,dnorm=7.495883423926585e-12
[0.9575234142 0.7958824574 0.5116923162 0.4862402452 0.0814002959
 0.0740039199]
[ 1.2374582777 -0.2883158343  0.7135191661  0.5558539959]
[-0.6249921424 -0.3401707641 -0.5049358837  0.9613075489  1.1832480557
  0.1691668092  0.0274691728  0.0426474094  1.1913564299  0.084046651
  1.2092707174 -1.3013439725]

run = 4
energy=-4.592551791849133,dE=-1.7763568394002505e-15,std=0
loss  =-4.592551791849133,dloss=-1.7763568394002505e-15,std=0
        gnorm= 4.340843097748907e-10
        collect S matrix time= 2.8371810913085938e-05
        collect H matrix time= 1.5735626220703125e-05
        SR solver time= 5.984306335449219e-05
        xnorm=3.3058757901070517,dnorm=2.4083301367051533e-10
[1.0196174953 0.8083130908 0.3376040947 0.3137020392 0.1373424557
 0.1303965145]
[ 1.3533647536 -0.1779803554  0.6524111078  0.5082488859]
[ 0.1349044017 -0.7113106567 -1.0034733745  0.6240466106  0.8271986308
  0.2440681422  0.1137011138 -0.1411308213  1.0695421818 -0.1447591847
  1.2255980146 -1.0373759668]

run = 5
energy=-4.592591657941503,dE=-1.1546319456101628e-14,std=0
loss  =-4.592591657941503,dloss=-1.1546319456101628e-14,std=0
        gnorm= 3.9569143728562656e-13
        collect S matrix time= 2.9087066650390625e-05
        collect H matrix time= 1.5497207641601562e-05
        SR solver time= 5.984306335449219e-05
        xnorm=4.16384530758461,dnorm=2.7749183682673467e-13
[ 1.7298165772  0.8869557862  0.9041971313  0.8901321733 -0.4166478477
 -0.4206094662]
[1.0137306294 0.9785831161 0.8710444068 0.6784760292]
[ 0.767272056   0.92641574    1.2147668463 -0.2309652113 -0.4091951156
  0.2178417625  1.3316527795  0.8661172827  1.5722757572  0.1657670389
  0.1141441733  0.408711332 ]

run = 6
energy=-4.592591657941503,dE=1.7763568394002505e-15,std=0
loss  =-4.592591657941503,dloss=1.7763568394002505e-15,std=0
        gnorm= 1.3110522707462306e-08
        collect S matrix time= 2.8133392333984375e-05
        collect H matrix time= 1.5497207641601562e-05
        SR solver time= 6.008148193359375e-05
        xnorm=4.3172818809086255,dnorm=7.982979855471483e-09
[0.8499009809 0.7699193678 0.5926208148 0.5639941887 1.8130967388
 1.8050335957]
[0.9468397491 0.977070089  0.9325805894 0.726407937 ]
[ 0.8205030687  0.6717397119  1.4340671818 -0.0612846546 -0.42096406
  0.5541104331 -0.738245524  -0.2714711195 -0.4189073097  0.8485378437
  1.2576568209  0.3091880531]

run = 7
energy=-4.5925517918491465,dE=-2.220446049250313e-14,std=0
loss  =-4.5925517918491465,dloss=-2.220446049250313e-14,std=0
        gnorm= 7.510864936292817e-11
        collect S matrix time= 2.8133392333984375e-05
        collect H matrix time= 1.4781951904296875e-05
        SR solver time= 6.031990051269531e-05
        xnorm=4.629583110301831,dnorm=4.3010366322084957e-11
[1.1168676596 0.8250040418 0.5554992516 0.5336784443 1.6188876505
 1.6125465204]
[ 1.1905971363 -0.3390231211 -0.5777320534 -0.7416028238]
[ 1.5546997799  0.6657352866  1.7256775341  0.3697693789  0.4133375006
  0.5382386301 -0.026568363   0.1158023225  1.2558104871  0.073905643
  1.2408800988 -1.304743042 ]

run = 8
energy=-4.5929625741220255,dE=-7.638334409421077e-14,std=0
loss  =-4.5929625741220255,dloss=-7.638334409421077e-14,std=0
        gnorm= 2.3556039486046316e-07
        collect S matrix time= 2.8848648071289062e-05
        collect H matrix time= 1.5974044799804688e-05
        SR solver time= 5.793571472167969e-05
        xnorm=3.3149754075629856,dnorm=3.519117408537456e-07
[ 1.7685893513 -0.0050706619  0.7123661028  0.6986934766 -0.3860130291
 -0.3953840632]
[ 0.1439539295  0.8622122706  0.6409584706 -0.6409621704]
[-0.0695179209  0.8459730316  0.7573494925  0.7453275225  0.726900125
 -0.057522249  -0.0934309995  0.8964968948  0.7988380467  0.822783083
  0.6721133039 -0.117425615 ]

run = 9
energy=-4.592803806207409,dE=-4.263256414560601e-14,std=0
loss  =-4.592803806207409,dloss=-4.263256414560601e-14,std=0
        gnorm= 4.769567254404759e-09
        collect S matrix time= 3.075599670410156e-05
        collect H matrix time= 1.5735626220703125e-05
        SR solver time= 5.8650970458984375e-05
        xnorm=3.0995935330802524,dnorm=3.757666537787213e-06
[ 1.3076016164 -0.3584703235  0.6572965306  0.6386103312  0.3273887012
  0.3141409153]
[ 0.1276945384  0.8456190883  0.7227474352 -0.722692243 ]
[-0.1138102763  0.7096566841  0.9327155736  0.5733694604  0.8329573518
  0.2448811975  0.1689674004  0.6011006444  0.766903168   0.7128599938
  0.9708081054  0.2229140564]

run = 10
energy=-4.592700544530659,dE=-3.197442310920451e-14,std=0
loss  =-4.592700544530659,dloss=-3.197442310920451e-14,std=0
        gnorm= 8.895605989814407e-08
        collect S matrix time= 2.8133392333984375e-05
        collect H matrix time= 1.5735626220703125e-05
        SR solver time= 5.91278076171875e-05
        xnorm=4.036426900847941,dnorm=6.708270099519599e-08
[-0.8144066612 -0.6761607302 -0.1397735103 -0.11191799    2.0795028876
  0.1730984074]
[ 0.9576660807  1.0164112442 -0.9163298447 -0.723903994 ]
[ 1.2381202489  0.8608960431  1.4731257222  0.1302513222 -0.0366834003
  0.362494415   0.449336068  -0.6083619979  0.4763582166 -1.1396309189
  0.8568302562  0.215132235 ]

run = 11
energy=-4.592962574118051,dE=-6.581402089977928e-13,std=0
loss  =-4.592962574118051,dloss=-6.581402089977928e-13,std=0
        gnorm= 6.939888716662165e-08
        collect S matrix time= 3.0279159545898438e-05
        collect H matrix time= 1.4781951904296875e-05
        SR solver time= 6.079673767089844e-05
        xnorm=3.728396279837836,dnorm=1.5704888755874855e-05
[-0.5867455874 -1.3247475786  0.7427496242  0.7839621387 -0.1764965845
 -0.1482500814]
[-0.1068128849  1.1856993667 -0.8639824595  0.8636884452]
[-0.0214213047 -0.6209197398 -0.9241874104 -0.5602037201 -0.9212019246
  0.3417953857  0.3189574539  0.1752045037 -0.9378579428  0.1601736844
 -1.4539815787  1.4147368064]

run = 12
energy=-4.592741064752491,dE=-1.5504930672705086e-11,std=0
loss  =-4.592741064752491,dloss=-1.5504930672705086e-11,std=0
        gnorm= 3.3746734593663007e-06
        collect S matrix time= 2.9087066650390625e-05
        collect H matrix time= 1.5974044799804688e-05
        SR solver time= 5.91278076171875e-05
        xnorm=4.007094821828828,dnorm=2.176405401633799e-06
[ 1.2252815445 -0.4500601676  0.7733747993 -0.5286053155  1.5643377898
  0.2675805584]
[ 0.6412930762  1.0244857608 -1.3683816381 -1.0810376495]
[-0.2414624004 -0.9362204763  0.8229829989 -0.664352495   0.6308513988
  0.0831506414  1.0141692427  0.1805083219 -0.1084692716  1.370549846
 -0.9910799627  0.2506437858]

run = 13
energy=-4.592833216293628,dE=-3.632649736573512e-13,std=0
loss  =-4.592833216293628,dloss=-3.632649736573512e-13,std=0
        gnorm= 5.114367695518288e-07
        collect S matrix time= 2.8371810913085938e-05
        collect H matrix time= 1.4781951904296875e-05
        SR solver time= 5.793571472167969e-05
        xnorm=3.830975254720375,dnorm=2.719405652505965e-07
[-0.6939898593 -0.9824649311 -0.2687428067 -0.2321374886 -1.1442590133
  1.161794068 ]
[-1.1546594121 -0.3695903743 -0.5961938591  0.5961938176]
[ 0.8676210992 -1.1351877566  1.1669872279  0.275587233  -0.2436798974
 -0.0250890877  0.9290845753 -1.7078057228  0.4184204985  0.3012450555
  0.1387046512  0.8120847012]

run = 14
energy=-4.593022117067206,dE=-5.055955654142963e-11,std=0
loss  =-4.593022117067206,dloss=-5.055955654142963e-11,std=0
        gnorm= 4.759653523399385e-06
        collect S matrix time= 2.8371810913085938e-05
        collect H matrix time= 1.5497207641601562e-05
        SR solver time= 6.0558319091796875e-05
        xnorm=4.739313166486138,dnorm=7.650042828604101e-05
[ 0.0772854732 -1.3984975952  0.3927848708  0.04376868   -0.0809486621
 -0.3197165611]
[ 1.5336188052  0.9883242165 -0.4449275996 -1.6035450917]
[ 1.6038032459 -1.9752829132 -0.3052037492 -0.8911509606  0.4872689148
  1.0166171272  0.5523009002 -1.7153259383 -0.1188780355  0.6498005347
  0.2824760673  1.3193386152]

run = 15
energy=-4.592551791849131,dE=-1.3322676295501878e-14,std=0
loss  =-4.592551791849131,dloss=-1.3322676295501878e-14,std=0
        gnorm= 1.6227576642461978e-11
        collect S matrix time= 2.765655517578125e-05
        collect H matrix time= 1.5974044799804688e-05
        SR solver time= 5.9604644775390625e-05
        xnorm=3.3655563420507506,dnorm=8.665760034674168e-12
[ 0.5930625669  0.6704440018  0.0837373133  0.0426439189 -0.483116241
 -0.495057988 ]
[-0.9535702496  1.0227208257 -0.9259414277 -0.7213376557]
[-0.4590627863  0.715658375   0.2228849325 -1.2837714011 -0.5799832209
 -0.6030952137 -0.5239895611  0.6956049728  0.0845909836 -1.4104048331
 -0.4353445845 -0.8002356013]

run = 16
energy=-4.592520762619842,dE=-3.980337837106163e-09,std=0
loss  =-4.592133362769139,dloss=-1.3580248037214915e-12,std=0
        gnorm= 8.485005146234892e-07
        collect S matrix time= 2.5510787963867188e-05
        collect H matrix time= 1.4781951904296875e-05
        SR solver time= 4.792213439941406e-05
        xnorm=4.598082776608823,dnorm=2.6783320662540314e-06
[0.5628417596 0.6540700547 0.4130262078 0.3725146874 2.2332367373
 2.2116842878]
[-0.7900284513  1.023027552  -1.1170234754 -0.8712360026]
[-0.2072919484  0.2417493597  0.9516472434 -0.3201325781 -1.2338486198
  0.8396225976 -0.4751708476  0.6890123849  0.3148427265 -1.3089406062
 -0.6414915887 -0.5202151662]

run = 17
energy=-4.592520772600977,dE=0.0,std=0
loss  =-4.592133362770784,dloss=1.7763568394002505e-15,std=0
        gnorm= 1.8905141212719067e-11
        collect S matrix time= 2.5272369384765625e-05
        collect H matrix time= 1.52587890625e-05
        SR solver time= 4.839897155761719e-05
        xnorm=5.432602127889088,dnorm=4.925841584473873e-11
[ 0.3270341738  0.4046371171 -0.0389929629 -0.1087149163  3.1224426481
  3.0853509956]
[-1.0065572404  1.0180739276 -0.8767389144 -0.6838244236]
[-0.7857726536 -0.0619457439 -0.4520089059  0.6610438683  1.5000233876
  0.577007746   0.2647243497 -0.589730019  -1.1458975466  0.3570914852
  0.8346032775  0.5230606213]

run = 18
energy=-4.592489801042932,dE=-1.7763568394002505e-15,std=0
loss  =-4.5921179303098025,dloss=-1.7763568394002505e-15,std=0
        gnorm= 9.925770554994058e-13
        collect S matrix time= 2.5510787963867188e-05
        collect H matrix time= 1.4543533325195312e-05
        SR solver time= 4.839897155761719e-05
        xnorm=5.174286144846055,dnorm=1.7607496477163681e-12
[0.3879727555 0.4982627253 0.8723112881 0.8131291096 2.7889804101
 2.7580107486]
[ 0.82399516    0.9776737544 -0.8353561846 -1.0709612345]
[-0.5819189426  0.4517410659  0.4662321872 -1.081464248  -1.0313272663
 -0.0325752344 -0.729802063  -0.3287271308 -0.3836629323  0.9620665994
  1.164820704   0.1520930952]

run = 19
energy=-4.592520772536027,dE=-2.5915269930010254e-11,std=0
loss  =-4.592133362770773,dloss=8.881784197001252e-16,std=0
        gnorm= 1.529616464710524e-08
        collect S matrix time= 2.4318695068359375e-05
        collect H matrix time= 1.4543533325195312e-05
        SR solver time= 5.030632019042969e-05
        xnorm=4.938183863659174,dnorm=3.9732370992238e-08
[-0.7570251958  1.2571962037  0.6580111644  0.6881309838  2.1580657134
  2.1740892757]
[-0.5571957277  1.0326500037  1.2353083297  1.5838025236]
[-0.347123859  -0.5402748714 -0.6374351926  0.8239853827  1.0211608763
  0.1603323521  1.024449408  -1.0659282497 -1.3085781034  0.1230439481
  0.1567172881  0.1626213634]

run = 20
energy=-4.5925207726009685,dE=-1.7763568394002505e-14,std=0
loss  =-4.592133362770791,dloss=-1.2434497875801753e-14,std=0
        gnorm= 7.390448925021619e-11
        collect S matrix time= 2.384185791015625e-05
        collect H matrix time= 1.4781951904296875e-05
        SR solver time= 4.673004150390625e-05
        xnorm=4.143126907528125,dnorm=1.5580131708032205e-10
[-0.4195428426  1.4640861166 -0.1609929065 -0.1066445561 -0.6544467148
 -0.625533725 ]
[0.4813194502 0.9622029762 1.8334765031 1.4300448999]
[-0.9876286527  0.0432295599  0.2563672952 -0.7187370857 -1.4763360148
  0.524660748   0.5793160504 -1.3809028135 -0.5281674899  0.6271793474
  0.1889215748 -0.6781997393]

run = 21
step= 99

nparam= 22
        dense amplitude time= 0.0018157958984375
        total non-zero amplitudes= 36
        nsamples per process= 36
        collect g,h time= 0.29575324058532715
E=-4.587295452065307,dE=-3.0328777567589782e-05,std=0
L=-4.587295452065307,dL=-3.0328777567589782e-05,std=0
        gnorm= 0.01099737089353814
        collect S matrix time= 6.937980651855469e-05
        nonzero=14,wmax=3.997733200480785,wmin=0.007048871088702159
        SR solver time= 0.00012183189392089844
        xnorm=2.715762852101836,dnorm=0.0013798207604181299
[ 0.1487372057 -0.2257899853  0.2951137519  0.108793985   0.5184362904
  0.3211152927]
[ 0.9043948646 -0.7513420001  0.0904074355 -0.1119684777]
[ 0.0057580322 -0.6011025249 -0.8950550411  0.6126981297  1.0448473175
  0.2552059827 -0.0114636645 -0.6871941867  1.0606517013 -0.5027485735
  0.8916057139 -0.2953117672]
step= 149

nparam= 22
        dense amplitude time= 0.0018298625946044922
        total non-zero amplitudes= 36
        nsamples per process= 36
        collect g,h time= 0.29054951667785645
E=-4.592551791797635,dE=-1.1860024073939712e-10,std=0
L=-4.592551791797635,dL=-1.1860024073939712e-10,std=0
        gnorm= 4.106459371335073e-06
        collect S matrix time= 2.3603439331054688e-05
        xnorm=3.001094391110444,dnorm=0.0
        SR solver time= 5.507469177246094e-05
        collect H matrix time= 1.811981201171875e-05
        RGN solver time= 2.8371810913085938e-05
        xnorm=3.001094391110444,dnorm=9.607939365370764e-06
        dense amplitude time= 0.0017387866973876953
        total non-zero amplitudes= 36
        nsamples per process= 36
        RGN updated loss=-4.592551791833018,dloss=-3.538325188401359e-11
[ 0.7548545073  0.7410799697  0.2180967564  0.1858109805 -0.1652186449
 -0.1746016791]
[ 1.037908091  -0.5360096594  0.8507011648  0.6627231572]
[-0.0396816801 -0.5948261707 -0.9329988374  0.6673139692  0.9608004954
  0.3050495559 -0.0902128145 -0.647936117   0.963398674  -0.5347909856
  0.8812584187 -0.3378717836]
