run = 0
step= 49

nparam= 51
        dense amplitude time= 0.0009176731109619141
        total non-zero amplitudes= 36
        nsamples per process= 12
self.n= 0.5519725097066857
        collect g,h time= 0.16061639785766602
E=-4.250477762199403,dE=-1.4299672557172016e-13,std=0
L=-4.250477762199403,dL=-1.4299672557172016e-13,std=0
        gnorm= 5.085732374986612e-05
        collect S matrix time= 4.3392181396484375e-05
        nonzero=30,wmax=2.0623008423034137,wmin=0.002415769241270686
        SR solver time= 0.0003495216369628906
        collect H matrix time= 3.6716461181640625e-05
        nonzero=31,smax=2.7808954285053327,smin=0.0033212234046771003
        RGN solver time= 0.0004627704620361328
        xnorm=1.4853955868704458,dnorm=4.1650641955984563e-07
        dense amplitude time= 0.0009806156158447266
        total non-zero amplitudes= 36
        nsamples per process= 12
self.n= 0.5519725125560059
        RGN updated loss=-4.2504777621995276,dloss=-1.2434497875801753e-13
[-0.1709965229 -0.0038595192 -0.0007994116  0.0859536346  0.1792269851
  0.0975897286 -0.2278029106]
[ 0.2022945353  0.0516201089  0.2123375749 -0.0233031869  0.1198114999
  0.0100875506 -0.0570134059  0.2624949076 -0.023780782  -0.1832585629
 -0.0489628131 -0.0251731292  0.0631200088  0.0360637009 -0.0710702487
 -0.167380051 ]
[ 0.0057940099 -0.0109429788 -0.3947838443  0.0125961136  0.4227455926
 -0.0073232398  0.0211680236 -0.4161211481  0.0259621728  0.475923518
 -0.0764740824 -0.0081435919  0.1453335949 -0.0292588996 -0.1929709735
 -0.0157560019 -0.0201628115 -0.3560763445 -0.0536706178 -0.1690185127
 -0.2863032314 -0.0474639874  0.0240442716  0.0180722844  0.6806672666
  0.5624753096 -0.0153144337 -0.0082851944]
