layer= 0
nparam= 224
hop_ls= [(1, 2), (1, 5), (1, 6), (1, 9), (1, 10), (1, 13), (1, 14), (2, 5), (2, 6), (2, 9), (2, 10), (2, 13), (2, 14), (5, 6), (5, 9), (5, 10), (5, 13), (5, 14), (6, 9), (6, 10), (6, 13), (6, 14), (9, 10), (9, 13), (9, 14), (10, 13), (10, 14), (13, 14)]

layer= 1
nparam= 92
hop_ls= [(4, 9), (3, 13), (5, 10), (8, 9), (0, 5), (0, 14), (2, 11), (11, 14), (1, 15), (6, 11), (7, 10), (3, 6), (5, 12), (14, 15), (9, 10), (2, 4), (1, 8), (6, 13), (5, 14), (9, 12), (0, 9), (1, 10), (7, 14), (12, 13), (3, 10), (5, 7), (0, 2), (9, 14), (1, 3), (10, 15), (1, 12), (13, 14), (5, 9), (1, 5), (1, 14), (2, 13), (7, 9), (3, 5), (3, 14), (5, 11), (4, 13), (8, 13), (1, 7), (2, 6), (2, 15), (6, 15), (4, 6), (5, 13), (10, 12), (1, 9), (2, 8), (6, 8), (3, 9), (5, 6), (1, 2), (10, 14), (1, 11), (0, 13), (2, 10), (11, 13), (6, 10), (12, 14), (4, 10), (8, 10), (1, 4), (0, 6), (2, 3), (1, 13), (2, 12), (6, 12), (1, 6), (2, 5), (9, 11), (2, 14), (6, 14), (7, 13), (4, 5), (4, 14), (0, 1), (5, 15), (8, 14), (10, 11), (9, 13), (0, 10), (2, 7), (6, 7), (5, 8), (10, 13), (9, 15), (2, 9), (13, 15), (6, 9)]

step= 0

nparam= 316
ntotal configs= 4900
	dense amplitude time= 0.1860361099243164
	total non-zero amplitudes= 4900
	nsamples per process= 50
	sample time= 5.331108570098877
self.n= 0.9247782958439144
	collect g,h time= 11.248381614685059
E=-13.8944297304766,dE=0,std=0
L=-13.8944297304766,dL=0,std=0
	gnorm= 0.1683154740888343
	collect S matrix time= 0.10270810127258301
	SR solver time= 0.005644798278808594
	collect H matrix time= 0.002549886703491211
	RGN solver time= 0.0015146732330322266
	xnorm=1.3686274902017541,dnorm=1.4280280560879237
	dense amplitude time= 0.008776426315307617
	total non-zero amplitudes= 4900
	nsamples per process= 50
	sample time= 4.310375690460205
self.n= 0.8943754608724466
	RGN updated loss=-13.909148855801874,dloss=-0.014719125325273197
step= 1

nparam= 316
	dense amplitude time= 0.07461810111999512
	total non-zero amplitudes= 4900
	nsamples per process= 50
	sample time= 5.305437803268433
self.n= 0.8943754608724478
	collect g,h time= 10.934631109237671
E=-13.909148855801872,dE=-0.01471912532527142,std=0
L=-13.909148855801872,dL=-0.01471912532527142,std=0
	gnorm= 0.18467605523226482
	collect S matrix time= 0.042186737060546875
	SR solver time= 0.001233816146850586
	collect H matrix time= 0.017716407775878906
	RGN solver time= 0.0014619827270507812
	xnorm=1.624614629214553,dnorm=1.209463609020565
	dense amplitude time= 0.006914615631103516
	total non-zero amplitudes= 4900
	nsamples per process= 50
	sample time= 4.318434476852417
self.n= 0.8427691168628304
	RGN updated loss=-13.921831565602687,dloss=-0.012682709800815317
step= 2

nparam= 316
	dense amplitude time= 0.09918212890625
	total non-zero amplitudes= 4900
	nsamples per process= 50
	sample time= 5.291187047958374
self.n= 0.8427691168628306
	collect g,h time= 11.158809661865234
E=-13.921831565602687,dE=-0.012682709800815317,std=0
L=-13.921831565602687,dL=-0.012682709800815317,std=0
	gnorm= 0.14627717932171952
	collect S matrix time= 0.02708745002746582
	SR solver time= 0.0012683868408203125
	collect H matrix time= 0.017425537109375
	RGN solver time= 0.001461029052734375
	xnorm=1.863250415180746,dnorm=1.194423459464943
	dense amplitude time= 0.006249189376831055
	total non-zero amplitudes= 4900
	nsamples per process= 50
	sample time= 4.2999327182769775
self.n= 0.842503562005307
	RGN updated loss=-13.931335434664765,dloss=-0.009503869062077897
step= 3

nparam= 316
	dense amplitude time= 0.05159258842468262
	total non-zero amplitudes= 4900
	nsamples per process= 50
	sample time= 5.4311442375183105
self.n= 0.8425035620053057
	collect g,h time= 11.13329029083252
E=-13.931335434664765,dE=-0.009503869062077897,std=0
L=-13.931335434664765,dL=-0.009503869062077897,std=0
	gnorm= 0.13155806372628406
	collect S matrix time= 0.022657394409179688
	SR solver time= 0.0011489391326904297
	collect H matrix time= 0.017572402954101562
	RGN solver time= 0.0012407302856445312
	xnorm=2.1708939677683436,dnorm=1.1439092543338385
	dense amplitude time= 0.007917404174804688
	total non-zero amplitudes= 4900
	nsamples per process= 50
	sample time= 4.639611482620239
self.n= 0.8139119850381029
	RGN updated loss=-13.938329800810928,dloss=-0.006994366146162889
step= 4

nparam= 316
	dense amplitude time= 0.04813957214355469
	total non-zero amplitudes= 4900
	nsamples per process= 50
	sample time= 5.748464107513428
self.n= 0.8139119850381019
	collect g,h time= 11.157434940338135
E=-13.938329800810932,dE=-0.006994366146166442,std=0
L=-13.938329800810932,dL=-0.006994366146166442,std=0
	gnorm= 0.10534708006352347
	collect S matrix time= 0.06394314765930176
	SR solver time= 0.0014040470123291016
	collect H matrix time= 0.017266035079956055
	RGN solver time= 0.0018298625946044922
	xnorm=2.470374906709015,dnorm=1.070197827065501
	dense amplitude time= 0.007519960403442383
	total non-zero amplitudes= 4900
	nsamples per process= 50
	sample time= 4.2758026123046875
self.n= 0.8313180151088425
	RGN updated loss=-13.94153582899724,dloss=-0.0032060281863088846
step= 5

nparam= 316
	dense amplitude time= 0.05214333534240723
	total non-zero amplitudes= 4900
	nsamples per process= 50
	sample time= 5.451164722442627
self.n= 0.8313180151088406
	collect g,h time= 11.146220445632935
E=-13.941535828997237,dE=-0.003206028186305332,std=0
L=-13.941535828997237,dL=-0.003206028186305332,std=0
	gnorm= 0.10437196324690605
	collect S matrix time= 0.06200075149536133
	SR solver time= 0.0013036727905273438
	collect H matrix time= 0.017221689224243164
	RGN solver time= 0.0015118122100830078
	xnorm=2.5868013025657377,dnorm=1.182113447138211
	dense amplitude time= 0.005999326705932617
	total non-zero amplitudes= 4900
	nsamples per process= 50
	sample time= 4.244519472122192
self.n= 0.81031024408836
	RGN updated loss=-13.94248582021255,dloss=-0.0009499912153128065
step= 6

nparam= 316
	dense amplitude time= 0.026004791259765625
	total non-zero amplitudes= 4900
	nsamples per process= 50
	sample time= 5.192247152328491
self.n= 0.81031024408836
	collect g,h time= 11.14757752418518
E=-13.94248582021255,dE=-0.0009499912153128065,std=0
L=-13.94248582021255,dL=-0.0009499912153128065,std=0
	gnorm= 0.10009587828835749
	collect S matrix time= 0.02167487144470215
	SR solver time= 0.001256704330444336
	collect H matrix time= 0.01749587059020996
	RGN solver time= 0.0014162063598632812
	xnorm=2.9392136000462203,dnorm=1.1308773714450173
	dense amplitude time= 0.007886886596679688
	total non-zero amplitudes= 4900
	nsamples per process= 50
	sample time= 4.171285152435303
self.n= 0.8213912043368112
	RGN updated loss=-13.942633393710267,dloss=-0.0001475734977169907
step= 7

nparam= 316
	dense amplitude time= 0.005889415740966797
	total non-zero amplitudes= 4900
	nsamples per process= 50
	sample time= 5.2061097621917725
self.n= 0.8213912043368108
	collect g,h time= 11.1466965675354
E=-13.942633393710269,dE=-0.00014757349771876704,std=0
L=-13.942633393710269,dL=-0.00014757349771876704,std=0
	gnorm= 0.11172774006073351
	collect S matrix time= 0.021544456481933594
	SR solver time= 0.0011250972747802734
	collect H matrix time= 0.017357349395751953
	RGN solver time= 0.0013947486877441406
	xnorm=3.026728549868527,dnorm=1.0666317879166178
	dense amplitude time= 0.005984783172607422
	total non-zero amplitudes= 4900
	nsamples per process= 50
	sample time= 4.310846328735352
self.n= 0.7768329122806438
	RGN updated loss=-13.950476583857618,dloss=-0.007843190147349688
step= 8

nparam= 316
	dense amplitude time= 0.03634834289550781
	total non-zero amplitudes= 4900
	nsamples per process= 50
	sample time= 5.3466796875
self.n= 0.7768329122806441
	collect g,h time= 11.17259955406189
E=-13.950476583857617,dE=-0.007843190147347912,std=0
L=-13.950476583857617,dL=-0.007843190147347912,std=0
	gnorm= 0.09048293556050738
	collect S matrix time= 0.026484966278076172
	SR solver time= 0.0012359619140625
	collect H matrix time= 0.017795562744140625
	RGN solver time= 0.0013239383697509766
	xnorm=3.2532352705223944,dnorm=0.9958419124081151
	dense amplitude time= 0.005955934524536133
	total non-zero amplitudes= 4900
	nsamples per process= 50
	sample time= 4.357346057891846
self.n= 0.7442408782889871
	RGN updated loss=-13.950762777630356,dloss=-0.0002861937727391961
step= 9

nparam= 316
	dense amplitude time= 0.02568531036376953
	total non-zero amplitudes= 4900
	nsamples per process= 50
	sample time= 5.361768484115601
self.n= 0.7442408782889866
	collect g,h time= 11.148934602737427
E=-13.950762777630361,dE=-0.0002861937727445252,std=0
L=-13.950762777630361,dL=-0.0002861937727445252,std=0
	gnorm= 0.1020735021868318
	collect S matrix time= 0.020850419998168945
	SR solver time= 0.0010638236999511719
	collect H matrix time= 0.0175933837890625
	RGN solver time= 0.001383066177368164
	xnorm=3.318712378930574,dnorm=0.9105168850434618
	dense amplitude time= 0.0060803890228271484
	total non-zero amplitudes= 4900
	nsamples per process= 50
	sample time= 4.28097939491272
self.n= 0.7169274117558313
	RGN updated loss=-13.955509266598327,dloss=-0.00474648896796559
step= 10

nparam= 316
	dense amplitude time= 0.03701639175415039
	total non-zero amplitudes= 4900
	nsamples per process= 50
	sample time= 5.285780429840088
self.n= 0.716927411755831
	collect g,h time= 11.167651891708374
E=-13.955509266598327,dE=-0.00474648896796559,std=0
L=-13.955509266598327,dL=-0.00474648896796559,std=0
	gnorm= 0.08703844565712023
	collect S matrix time= 0.022574424743652344
	SR solver time= 0.0010573863983154297
	collect H matrix time= 0.018462181091308594
	RGN solver time= 0.0011451244354248047
	xnorm=3.3148262945653753,dnorm=0.8847320830107269
	dense amplitude time= 0.006069183349609375
	total non-zero amplitudes= 4900
	nsamples per process= 50
	sample time= 4.220451354980469
self.n= 0.6832236771995905
	RGN updated loss=-13.957662830807076,dloss=-0.0021535642087489038
step= 11

nparam= 316
	dense amplitude time= 0.02344059944152832
	total non-zero amplitudes= 4900
	nsamples per process= 50
	sample time= 5.293118238449097
self.n= 0.6832236771995901
	collect g,h time= 11.115169048309326
E=-13.957662830807077,dE=-0.00215356420875068,std=0
L=-13.957662830807077,dL=-0.00215356420875068,std=0
	gnorm= 0.0803107058411108
	collect S matrix time= 0.023261547088623047
	SR solver time= 0.0010676383972167969
	collect H matrix time= 0.01776742935180664
	RGN solver time= 0.0011706352233886719
	xnorm=3.3500560491459663,dnorm=0.8917128165815341
	dense amplitude time= 0.006137371063232422
	total non-zero amplitudes= 4900
	nsamples per process= 50
	sample time= 4.348490238189697
self.n= 0.6707432904815303
	RGN updated loss=-13.958018216298374,dloss=-0.00035538549129654484
step= 12

nparam= 316
	dense amplitude time= 0.03532743453979492
	total non-zero amplitudes= 4900
	nsamples per process= 50
	sample time= 5.403608798980713
self.n= 0.6707432904815298
	collect g,h time= 11.140358686447144
E=-13.958018216298374,dE=-0.00035538549129654484,std=0
L=-13.958018216298374,dL=-0.00035538549129654484,std=0
	gnorm= 0.08644794878950762
	collect S matrix time= 0.022234201431274414
	SR solver time= 0.0010669231414794922
	collect H matrix time= 0.017348051071166992
	RGN solver time= 0.0013382434844970703
	xnorm=3.3466693120491295,dnorm=0.89101587502227
	dense amplitude time= 0.005883455276489258
	total non-zero amplitudes= 4900
	nsamples per process= 50
	sample time= 4.177656650543213
self.n= 0.6369605302819379
	RGN updated loss=-13.957884424390969,dloss=0.00013379190740536728
	xnorm=3.3466693120491295,dnorm=0.23791603403537365
step= 13

nparam= 316
	dense amplitude time= 0.032607316970825195
	total non-zero amplitudes= 4900
	nsamples per process= 50
	sample time= 5.372463941574097
self.n= 0.6647020443302558
	collect g,h time= 11.12951922416687
E=-13.965610933827389,dE=-0.007592717529014692,std=0
L=-13.965610933827389,dL=-0.007592717529014692,std=0
	gnorm= 0.052803980394419
	collect S matrix time= 0.020708084106445312
	SR solver time= 0.0010716915130615234
	collect H matrix time= 0.018049240112304688
	RGN solver time= 0.0011446475982666016
	xnorm=3.325334258840009,dnorm=0.7390355777558764
	dense amplitude time= 0.006092548370361328
	total non-zero amplitudes= 4900
	nsamples per process= 50
	sample time= 4.283430099487305
self.n= 0.621809058353011
	RGN updated loss=-13.966522013853915,dloss=-0.0009110800265261787
step= 14

nparam= 316
	dense amplitude time= 0.00587153434753418
	total non-zero amplitudes= 4900
	nsamples per process= 50
	sample time= 5.440450668334961
self.n= 0.6218090583530104
	collect g,h time= 11.154754400253296
E=-13.966522013853911,dE=-0.000911080026522626,std=0
L=-13.966522013853911,dL=-0.000911080026522626,std=0
	gnorm= 0.0626921069290869
	collect S matrix time= 0.0211789608001709
	SR solver time= 0.0011229515075683594
	collect H matrix time= 0.017406940460205078
	RGN solver time= 0.0011277198791503906
	xnorm=3.378065913663586,dnorm=0.7834253027099004
	dense amplitude time= 0.006008148193359375
	total non-zero amplitudes= 4900
	nsamples per process= 50
	sample time= 4.37093448638916
self.n= 0.5943494095092332
	RGN updated loss=-13.964925660073943,dloss=0.0015963537799681404
	xnorm=3.378065913663586,dnorm=0.1728559071690302
step= 15

nparam= 316
	dense amplitude time= 0.02861809730529785
	total non-zero amplitudes= 4900
	nsamples per process= 50
	sample time= 5.348961353302002
self.n= 0.6157409882520332
	collect g,h time= 11.1537766456604
E=-13.970508912588329,dE=-0.003986898734417821,std=0
L=-13.970508912588329,dL=-0.003986898734417821,std=0
	gnorm= 0.04106819307355429
	collect S matrix time= 0.02060675621032715
	SR solver time= 0.0012373924255371094
	collect H matrix time= 0.017414093017578125
	RGN solver time= 0.0012600421905517578
	xnorm=3.372984336447783,dnorm=0.6832041202957829
	dense amplitude time= 0.006241559982299805
	total non-zero amplitudes= 4900
	nsamples per process= 50
	sample time= 4.2010719776153564
self.n= 0.5663216076778512
	RGN updated loss=-13.973005778491865,dloss=-0.0024968659035362606
step= 16

nparam= 316
	dense amplitude time= 0.021554231643676758
	total non-zero amplitudes= 4900
	nsamples per process= 50
	sample time= 5.12638783454895
self.n= 0.5663216076778519
	collect g,h time= 11.132385730743408
E=-13.973005778491864,dE=-0.0024968659035344842,std=0
L=-13.973005778491864,dL=-0.0024968659035344842,std=0
	gnorm= 0.04540662575599113
	collect S matrix time= 0.02115011215209961
	SR solver time= 0.0011599063873291016
	collect H matrix time= 0.017328977584838867
	RGN solver time= 0.0013415813446044922
	xnorm=3.5400700982339908,dnorm=0.646568612470892
	dense amplitude time= 0.005820751190185547
	total non-zero amplitudes= 4900
	nsamples per process= 50
	sample time= 4.299336194992065
self.n= 0.5222371462009188
	RGN updated loss=-13.975064165482214,dloss=-0.002058386990350769
step= 17

nparam= 316
	dense amplitude time= 0.009890317916870117
	total non-zero amplitudes= 4900
	nsamples per process= 50
	sample time= 5.332534551620483
self.n= 0.5222371462009192
	collect g,h time= 11.161782026290894
E=-13.97506416548221,dE=-0.0020583869903472163,std=0
L=-13.97506416548221,dL=-0.0020583869903472163,std=0
	gnorm= 0.04889386806677429
	collect S matrix time= 0.02257537841796875
	SR solver time= 0.0010890960693359375
	collect H matrix time= 0.017717838287353516
	RGN solver time= 0.0010771751403808594
	xnorm=3.643194180773315,dnorm=0.5758297613969641
	dense amplitude time= 0.005910634994506836
	total non-zero amplitudes= 4900
	nsamples per process= 50
	sample time= 4.335987567901611
self.n= 0.5000078602147429
	RGN updated loss=-13.978009962563581,dloss=-0.002945797081370216
step= 18

nparam= 316
	dense amplitude time= 0.01634073257446289
	total non-zero amplitudes= 4900
	nsamples per process= 50
	sample time= 5.390523672103882
self.n= 0.5000078602147426
	collect g,h time= 11.132901191711426
E=-13.978009962563583,dE=-0.0029457970813719925,std=0
L=-13.978009962563583,dL=-0.0029457970813719925,std=0
	gnorm= 0.038238846013946996
	collect S matrix time= 0.02051520347595215
	SR solver time= 0.0010344982147216797
	collect H matrix time= 0.017657995223999023
	RGN solver time= 0.0011496543884277344
	xnorm=3.6868505517641594,dnorm=0.4744333450216015
	dense amplitude time= 0.005907297134399414
	total non-zero amplitudes= 4900
	nsamples per process= 50
	sample time= 4.195505380630493
self.n= 0.480388014776279
	RGN updated loss=-13.98025949285446,dloss=-0.0022495302908769332
step= 19

nparam= 316
	dense amplitude time= 0.013720512390136719
	total non-zero amplitudes= 4900
	nsamples per process= 50
	sample time= 5.1867053508758545
self.n= 0.4803880147762798
	collect g,h time= 11.137898921966553
E=-13.980259492854458,dE=-0.002249530290875157,std=0
L=-13.980259492854458,dL=-0.002249530290875157,std=0
	gnorm= 0.022757479247567776
	collect S matrix time= 0.019865751266479492
	SR solver time= 0.0010335445404052734
	collect H matrix time= 0.017590761184692383
	RGN solver time= 0.001123666763305664
	xnorm=3.708610418577353,dnorm=0.5480366722762285
	dense amplitude time= 0.006665468215942383
	total non-zero amplitudes= 4900
	nsamples per process= 50
	sample time= 4.28838324546814
self.n= 0.46168678758139375
	RGN updated loss=-13.980715167602257,dloss=-0.000455674747799506
step= 20

nparam= 316
	dense amplitude time= 0.006002902984619141
	total non-zero amplitudes= 4900
	nsamples per process= 50
	sample time= 5.2630486488342285
self.n= 0.4616867875813945
	collect g,h time= 11.132328033447266
E=-13.980715167602257,dE=-0.000455674747799506,std=0
L=-13.980715167602257,dL=-0.000455674747799506,std=0
	gnorm= 0.03622083199419998
	collect S matrix time= 0.023751020431518555
	SR solver time= 0.0012493133544921875
	collect H matrix time= 0.01725602149963379
	RGN solver time= 0.0013689994812011719
	xnorm=3.7572813074042055,dnorm=0.48257302158109977
	dense amplitude time= 0.006191253662109375
	total non-zero amplitudes= 4900
	nsamples per process= 50
	sample time= 4.114261150360107
self.n= 0.4705085506454619
	RGN updated loss=-13.98175237852842,dloss=-0.0010372109261620466
step= 21

nparam= 316
	dense amplitude time= 0.03271293640136719
	total non-zero amplitudes= 4900
	nsamples per process= 50
	sample time= 5.138162851333618
self.n= 0.4705085506454614
	collect g,h time= 11.154154300689697
E=-13.981752378528421,dE=-0.001037210926163823,std=0
L=-13.981752378528421,dL=-0.001037210926163823,std=0
	gnorm= 0.024022366424459405
	collect S matrix time= 0.02049112319946289
	SR solver time= 0.0010304450988769531
	collect H matrix time= 0.01770639419555664
	RGN solver time= 0.0011272430419921875
	xnorm=3.7414937231859113,dnorm=0.5999301994027778
	dense amplitude time= 0.00593876838684082
	total non-zero amplitudes= 4900
	nsamples per process= 50
	sample time= 4.382768869400024
self.n= 0.4511505704709057
	RGN updated loss=-13.980176304806585,dloss=0.001576073721835769
	xnorm=3.7414937231859113,dnorm=0.10294938008864117
step= 22

nparam= 316
	dense amplitude time= 0.00846719741821289
	total non-zero amplitudes= 4900
	nsamples per process= 50
	sample time= 5.40848183631897
self.n= 0.46566651545237303
	collect g,h time= 11.125910758972168
E=-13.982478990827556,dE=-0.0007266122991342883,std=0
L=-13.982478990827556,dL=-0.0007266122991342883,std=0
	gnorm= 0.01714863296120747
	collect S matrix time= 0.022167682647705078
	SR solver time= 0.0010724067687988281
	collect H matrix time= 0.017507553100585938
	RGN solver time= 0.0010988712310791016
	xnorm=3.732182200346182,dnorm=0.5143588852947354
	dense amplitude time= 0.006241321563720703
	total non-zero amplitudes= 4900
	nsamples per process= 50
	sample time= 4.362848520278931
self.n= 0.43908173252756977
	RGN updated loss=-13.983051219173726,dloss=-0.0005722283461704336
step= 23

nparam= 316
	dense amplitude time= 0.008064985275268555
	total non-zero amplitudes= 4900
	nsamples per process= 50
	sample time= 5.455679416656494
self.n= 0.43908173252756955
	collect g,h time= 11.144625902175903
E=-13.983051219173726,dE=-0.0005722283461704336,std=0
L=-13.983051219173726,dL=-0.0005722283461704336,std=0
	gnorm= 0.029068594026106186
	collect S matrix time= 0.0206756591796875
	SR solver time= 0.0010914802551269531
	collect H matrix time= 0.01778864860534668
	RGN solver time= 0.0010924339294433594
	xnorm=3.730054731870311,dnorm=0.5319341564041375
	dense amplitude time= 0.006245613098144531
	total non-zero amplitudes= 4900
	nsamples per process= 50
	sample time= 4.317977666854858
self.n= 0.45886192988253804
	RGN updated loss=-13.979709620907173,dloss=0.003341598266553447
	xnorm=3.730054731870311,dnorm=0.10289464406786583
step= 24

nparam= 316
	dense amplitude time= 0.02565169334411621
	total non-zero amplitudes= 4900
	nsamples per process= 50
	sample time= 5.557121753692627
self.n= 0.44280717227976063
	collect g,h time= 11.159152746200562
E=-13.983603587512372,dE=-0.0005523683386456923,std=0
L=-13.983603587512372,dL=-0.0005523683386456923,std=0
	gnorm= 0.02285528860273357
	collect S matrix time= 0.02122330665588379
	SR solver time= 0.0010766983032226562
	collect H matrix time= 0.017601490020751953
	RGN solver time= 0.001069784164428711
	xnorm=3.729257482181314,dnorm=0.43126249380526
	dense amplitude time= 0.006253719329833984
	total non-zero amplitudes= 4900
	nsamples per process= 50
	sample time= 4.483593940734863
self.n= 0.43501519357276375
	RGN updated loss=-13.983882330284127,dloss=-0.00027874277175499174
step= 25

nparam= 316
	dense amplitude time= 0.021895170211791992
	total non-zero amplitudes= 4900
	nsamples per process= 50
	sample time= 5.584280490875244
self.n= 0.4350151935727645
	collect g,h time= 11.138972043991089
E=-13.98388233028413,dE=-0.00027874277175854445,std=0
L=-13.98388233028413,dL=-0.00027874277175854445,std=0
	gnorm= 0.024855652144278317
	collect S matrix time= 0.02202773094177246
	SR solver time= 0.0011038780212402344
	collect H matrix time= 0.017857074737548828
	RGN solver time= 0.001093149185180664
	xnorm=3.768395912933058,dnorm=0.48365267699083325
	dense amplitude time= 0.0061113834381103516
	total non-zero amplitudes= 4900
	nsamples per process= 50
	sample time= 4.695767641067505
self.n= 0.4334337363348021
	RGN updated loss=-13.981850346564977,dloss=0.002031983719152919
	xnorm=3.768395912933058,dnorm=0.07450425239215766
step= 26

nparam= 316
	dense amplitude time= 0.03305315971374512
	total non-zero amplitudes= 4900
	nsamples per process= 50
	sample time= 5.568103075027466
self.n= 0.43297186329875104
	collect g,h time= 11.175844430923462
E=-13.9843787178424,dE=-0.0004963875582699728,std=0
L=-13.9843787178424,dL=-0.0004963875582699728,std=0
	gnorm= 0.018150226340265335
	collect S matrix time= 0.023171186447143555
	SR solver time= 0.001226186752319336
	collect H matrix time= 0.017425060272216797
	RGN solver time= 0.0012204647064208984
	xnorm=3.76178530223953,dnorm=0.3580444151345815
	dense amplitude time= 0.006025791168212891
	total non-zero amplitudes= 4900
	nsamples per process= 50
	sample time= 4.489316701889038
self.n= 0.4201559327590296
	RGN updated loss=-13.983934738370644,dloss=0.00044397947175589536
	xnorm=3.76178530223953,dnorm=0.05408284825363394
step= 27

nparam= 316
	dense amplitude time= 0.03801846504211426
	total non-zero amplitudes= 4900
	nsamples per process= 50
	sample time= 5.4862658977508545
self.n= 0.4291997132955785
	collect g,h time= 11.141983270645142
E=-13.984667899085482,dE=-0.0002891812430814156,std=0
L=-13.984667899085482,dL=-0.0002891812430814156,std=0
	gnorm= 0.013946030525759458
	collect S matrix time= 0.021367311477661133
	SR solver time= 0.0011751651763916016
	collect H matrix time= 0.017249345779418945
	RGN solver time= 0.0013988018035888672
	xnorm=3.7597463618239164,dnorm=0.25326736858806453
	dense amplitude time= 0.005898237228393555
	total non-zero amplitudes= 4900
	nsamples per process= 50
	sample time= 4.335525751113892
self.n= 0.41290602795617326
	RGN updated loss=-13.984943882570672,dloss=-0.00027598348519042304
step= 28

nparam= 316
	dense amplitude time= 0.01342463493347168
	total non-zero amplitudes= 4900
	nsamples per process= 50
	sample time= 5.417293548583984
self.n= 0.4129060279561738
	collect g,h time= 11.120334148406982
E=-13.98494388257067,dE=-0.0002759834851886467,std=0
L=-13.98494388257067,dL=-0.0002759834851886467,std=0
	gnorm= 0.012566088202958325
	collect S matrix time= 0.02110910415649414
	SR solver time= 0.0012030601501464844
	collect H matrix time= 0.017722368240356445
	RGN solver time= 0.0011947154998779297
	xnorm=3.7773321553378687,dnorm=0.35333768898859674
	dense amplitude time= 0.005943775177001953
	total non-zero amplitudes= 4900
	nsamples per process= 50
	sample time= 4.3218560218811035
self.n= 0.4299730452422501
	RGN updated loss=-13.983744808082667,dloss=0.001199074488003049
	xnorm=3.7773321553378687,dnorm=0.05708312000023849
step= 29

nparam= 316
	dense amplitude time= 0.017487287521362305
	total non-zero amplitudes= 4900
	nsamples per process= 50
	sample time= 5.391985654830933
self.n= 0.41444739873415626
	collect g,h time= 11.159626245498657
E=-13.985092589908044,dE=-0.00014870733737382125,std=0
L=-13.985092589908044,dL=-0.00014870733737382125,std=0
	gnorm= 0.00975173299870814
	collect S matrix time= 0.02037525177001953
	SR solver time= 0.0011820793151855469
	collect H matrix time= 0.01782822608947754
	RGN solver time= 0.0012221336364746094
	xnorm=3.7832488864015184,dnorm=0.2603567008298896
	dense amplitude time= 0.005872488021850586
	total non-zero amplitudes= 4900
	nsamples per process= 50
	sample time= 4.277607202529907
self.n= 0.41854191491811654
	RGN updated loss=-13.98501399691133,dloss=7.859299671331144e-05
	xnorm=3.7832488864015184,dnorm=0.03862730532697926
step= 30

nparam= 316
	dense amplitude time= 0.0059947967529296875
	total non-zero amplitudes= 4900
	nsamples per process= 50
	sample time= 5.35038423538208
self.n= 0.41378936411006456
	collect g,h time= 11.12613844871521
E=-13.985182514218154,dE=-8.992431011023427e-05,std=0
L=-13.985182514218154,dL=-8.992431011023427e-05,std=0
	gnorm= 0.007799775917218008
	collect S matrix time= 0.022377967834472656
	SR solver time= 0.0012788772583007812
	collect H matrix time= 0.0176236629486084
	RGN solver time= 0.0012469291687011719
	xnorm=3.788377589195014,dnorm=0.20375980170710833
	dense amplitude time= 0.006246805191040039
	total non-zero amplitudes= 4900
	nsamples per process= 50
	sample time= 4.4631853103637695
self.n= 0.41340128498391393
	RGN updated loss=-13.985303310834412,dloss=-0.00012079661625818972
step= 31

nparam= 316
	dense amplitude time= 0.021895647048950195
	total non-zero amplitudes= 4900
	nsamples per process= 50
	sample time= 5.527235984802246
self.n= 0.4134012849839147
	collect g,h time= 11.140915632247925
E=-13.985303310834412,dE=-0.00012079661625818972,std=0
L=-13.985303310834412,dL=-0.00012079661625818972,std=0
	gnorm= 0.006022283618732356
	collect S matrix time= 0.0235750675201416
	SR solver time= 0.0011832714080810547
	collect H matrix time= 0.01787590980529785
	RGN solver time= 0.0011758804321289062
	xnorm=3.8311869311988334,dnorm=0.24035442532569481
	dense amplitude time= 0.006047725677490234
	total non-zero amplitudes= 4900
	nsamples per process= 50
	sample time= 4.4591591358184814
self.n= 0.4138897090985574
	RGN updated loss=-13.985288570485112,dloss=1.4740349300268463e-05
	xnorm=3.8311869311988334,dnorm=0.034108384158579697
step= 32

nparam= 316
	dense amplitude time= 0.02272653579711914
	total non-zero amplitudes= 4900
	nsamples per process= 50
	sample time= 5.441762208938599
self.n= 0.4128958395303237
	collect g,h time= 11.158864974975586
E=-13.98536054065626,dE=-5.722982184686032e-05,std=0
L=-13.98536054065626,dL=-5.722982184686032e-05,std=0
	gnorm= 0.004561578317937388
	collect S matrix time= 0.02020549774169922
	SR solver time= 0.0011434555053710938
	collect H matrix time= 0.01743483543395996
	RGN solver time= 0.0011568069458007812
	xnorm=3.829247603853119,dnorm=0.18798058422574335
	dense amplitude time= 0.006270170211791992
	total non-zero amplitudes= 4900
	nsamples per process= 50
	sample time= 4.381328344345093
self.n= 0.4117133886871651
	RGN updated loss=-13.985442700396552,dloss=-8.215974029290862e-05
step= 33

nparam= 316
	dense amplitude time= 0.01814556121826172
	total non-zero amplitudes= 4900
	nsamples per process= 50
	sample time= 5.484189748764038
self.n= 0.41171338868716556
	collect g,h time= 11.155161380767822
E=-13.985442700396554,dE=-8.215974029468498e-05,std=0
L=-13.985442700396554,dL=-8.215974029468498e-05,std=0
	gnorm= 0.005753099884810029
	collect S matrix time= 0.022938251495361328
	SR solver time= 0.0012111663818359375
	collect H matrix time= 0.01705622673034668
	RGN solver time= 0.0012285709381103516
	xnorm=3.8372634458639223,dnorm=0.23904219402437452
	dense amplitude time= 0.006535768508911133
	total non-zero amplitudes= 4900
	nsamples per process= 50
	sample time= 4.365222215652466
self.n= 0.41890067092042316
	RGN updated loss=-13.985368126050153,dloss=7.457434640123495e-05
	xnorm=3.8372634458639223,dnorm=0.03488194341539119
step= 34

nparam= 316
	dense amplitude time= 0.022609949111938477
	total non-zero amplitudes= 4900
	nsamples per process= 50
	sample time= 5.473632097244263
self.n= 0.4119761679013377
	collect g,h time= 11.11599349975586
E=-13.98548785569036,dE=-4.515529380633154e-05,std=0
L=-13.98548785569036,dL=-4.515529380633154e-05,std=0
	gnorm= 0.004331643361075574
	collect S matrix time= 0.023586511611938477
	SR solver time= 0.0013113021850585938
	collect H matrix time= 0.01687169075012207
	RGN solver time= 0.0014045238494873047
	xnorm=3.839497284891545,dnorm=0.19241503249610187
	dense amplitude time= 0.006349802017211914
	total non-zero amplitudes= 4900
	nsamples per process= 50
	sample time= 4.395572185516357
self.n= 0.41550139670046765
	RGN updated loss=-13.985559177481118,dloss=-7.132179075775014e-05
step= 35

nparam= 316
	dense amplitude time= 0.01781463623046875
	total non-zero amplitudes= 4900
	nsamples per process= 50
	sample time= 5.534330129623413
self.n= 0.41550139670046804
	collect g,h time= 11.14786672592163
E=-13.98555917748112,dE=-7.13217907595265e-05,std=0
L=-13.98555917748112,dL=-7.13217907595265e-05,std=0
	gnorm= 0.004902702323809742
	collect S matrix time= 0.021889686584472656
	SR solver time= 0.0012402534484863281
	collect H matrix time= 0.01746964454650879
	RGN solver time= 0.0011906623840332031
	xnorm=3.853689266665511,dnorm=0.2289672166705728
	dense amplitude time= 0.006203413009643555
	total non-zero amplitudes= 4900
	nsamples per process= 50
	sample time= 4.504055738449097
self.n= 0.41691179326142747
	RGN updated loss=-13.985642410001484,dloss=-8.323252036390727e-05
step= 36

nparam= 316
	dense amplitude time= 0.02496027946472168
	total non-zero amplitudes= 4900
	nsamples per process= 50
	sample time= 5.596266508102417
self.n= 0.41691179326142813
	collect g,h time= 11.147425651550293
E=-13.985642410001482,dE=-8.323252036213091e-05,std=0
L=-13.985642410001482,dL=-8.323252036213091e-05,std=0
	gnorm= 0.007351456804208717
	collect S matrix time= 0.020821809768676758
	SR solver time= 0.001239776611328125
	collect H matrix time= 0.01786184310913086
	RGN solver time= 0.0012347698211669922
	xnorm=3.8276765199656575,dnorm=0.26817353182517983
	dense amplitude time= 0.006821155548095703
	total non-zero amplitudes= 4900
	nsamples per process= 50
	sample time= 4.385166883468628
self.n= 0.4192890578100918
	RGN updated loss=-13.985614233912978,dloss=2.817608850413933e-05
	xnorm=3.8276765199656575,dnorm=0.03969227035426646
step= 37

nparam= 316
	dense amplitude time= 0.026678085327148438
	total non-zero amplitudes= 4900
	nsamples per process= 50
	sample time= 5.627349138259888
self.n= 0.41596396674341846
	collect g,h time= 11.242541074752808
E=-13.985714408238298,dE=-7.19982368160288e-05,std=0
L=-13.985714408238298,dL=-7.19982368160288e-05,std=0
	gnorm= 0.005353332024871339
	collect S matrix time= 0.02053093910217285
	SR solver time= 0.0012202262878417969
	collect H matrix time= 0.01783132553100586
	RGN solver time= 0.0012502670288085938
	xnorm=3.8262612534192795,dnorm=0.2278657835996209
	dense amplitude time= 0.006054401397705078
	total non-zero amplitudes= 4900
	nsamples per process= 50
	sample time= 4.581164836883545
self.n= 0.4147600101012433
	RGN updated loss=-13.98584380245684,dloss=-0.00012939421854163413
step= 38

nparam= 316
	dense amplitude time= 0.006074666976928711
	total non-zero amplitudes= 4900
	nsamples per process= 50
	sample time= 5.633940935134888
self.n= 0.41476001010124397
	collect g,h time= 11.111368179321289
E=-13.985843802456841,dE=-0.0001293942185434105,std=0
L=-13.985843802456841,dL=-0.0001293942185434105,std=0
	gnorm= 0.006474253022223137
	collect S matrix time= 0.02059173583984375
	SR solver time= 0.0011920928955078125
	collect H matrix time= 0.017542600631713867
	RGN solver time= 0.0012269020080566406
	xnorm=3.8027451779822297,dnorm=0.23888219176860576
	dense amplitude time= 0.0060956478118896484
	total non-zero amplitudes= 4900
	nsamples per process= 50
	sample time= 4.394900560379028
self.n= 0.40829279346603453
	RGN updated loss=-13.986017521311698,dloss=-0.00017371885485673033
step= 39

nparam= 316
	dense amplitude time= 0.029499053955078125
	total non-zero amplitudes= 4900
	nsamples per process= 50
	sample time= 5.552341938018799
self.n= 0.408292793466035
	collect g,h time= 11.149641990661621
E=-13.986017521311698,dE=-0.00017371885485673033,std=0
L=-13.986017521311698,dL=-0.00017371885485673033,std=0
	gnorm= 0.007203728472841648
	collect S matrix time= 0.020518064498901367
	SR solver time= 0.0012011528015136719
	collect H matrix time= 0.017412185668945312
	RGN solver time= 0.0012392997741699219
	xnorm=3.7429591560000812,dnorm=0.24305357878096787
	dense amplitude time= 0.007707357406616211
	total non-zero amplitudes= 4900
	nsamples per process= 50
	sample time= 4.57940936088562
self.n= 0.39510646559503526
	RGN updated loss=-13.986162355718214,dloss=-0.00014483440651602564
step= 40

nparam= 316
	dense amplitude time= 0.017724990844726562
	total non-zero amplitudes= 4900
	nsamples per process= 50
	sample time= 5.522883415222168
self.n= 0.3951064655950358
	collect g,h time= 11.140124320983887
E=-13.986162355718212,dE=-0.00014483440651424928,std=0
L=-13.986162355718212,dL=-0.00014483440651424928,std=0
	gnorm= 0.008705126791806867
	collect S matrix time= 0.022798538208007812
	SR solver time= 0.0012218952178955078
	collect H matrix time= 0.01662468910217285
	RGN solver time= 0.0012972354888916016
	xnorm=3.700053598573513,dnorm=0.23230892349661872
	dense amplitude time= 0.005948066711425781
	total non-zero amplitudes= 4900
	nsamples per process= 50
	sample time= 4.413858652114868
self.n= 0.37470380068665166
	RGN updated loss=-13.986323623204926,dloss=-0.0001612674867139674
step= 41

nparam= 316
	dense amplitude time= 0.034792184829711914
	total non-zero amplitudes= 4900
	nsamples per process= 50
	sample time= 5.416408061981201
self.n= 0.37470380068665177
	collect g,h time= 11.127893209457397
E=-13.986323623204925,dE=-0.00016126748671219104,std=0
L=-13.986323623204925,dL=-0.00016126748671219104,std=0
	gnorm= 0.008151672144558994
	collect S matrix time= 0.030658245086669922
	SR solver time= 0.0012362003326416016
	collect H matrix time= 0.017328262329101562
	RGN solver time= 0.0012078285217285156
	xnorm=3.6283410133937677,dnorm=0.2716893242533548
	dense amplitude time= 0.005888938903808594
	total non-zero amplitudes= 4900
	nsamples per process= 50
	sample time= 4.303006887435913
self.n= 0.3509509821866974
	RGN updated loss=-13.986044935758596,dloss=0.00027868744632897346
	xnorm=3.6283410133937677,dnorm=0.0541705457974963
step= 42

nparam= 316
	dense amplitude time= 0.059694766998291016
	total non-zero amplitudes= 4900
	nsamples per process= 50
	sample time= 5.537397861480713
self.n= 0.36959509366793386
	collect g,h time= 11.124836921691895
E=-13.986426507214587,dE=-0.0001028840096619632,std=0
L=-13.986426507214587,dL=-0.0001028840096619632,std=0
	gnorm= 0.006399069356961006
	collect S matrix time= 0.02068185806274414
	SR solver time= 0.001260519027709961
	collect H matrix time= 0.017226457595825195
	RGN solver time= 0.0013859272003173828
	xnorm=3.6230554504546033,dnorm=0.18009846966526763
	dense amplitude time= 0.006428241729736328
	total non-zero amplitudes= 4900
	nsamples per process= 50
	sample time= 4.360062837600708
self.n= 0.34352177949146934
	RGN updated loss=-13.986570389783347,dloss=-0.0001438825687607448
step= 43

nparam= 316
	dense amplitude time= 0.05834698677062988
	total non-zero amplitudes= 4900
	nsamples per process= 50
	sample time= 5.380540370941162
self.n= 0.34352177949146967
	collect g,h time= 11.19935131072998
E=-13.986570389783349,dE=-0.00014388256876252115,std=0
L=-13.986570389783349,dL=-0.00014388256876252115,std=0
	gnorm= 0.006665271853684159
	collect S matrix time= 0.022396087646484375
	SR solver time= 0.0012013912200927734
	collect H matrix time= 0.017435550689697266
	RGN solver time= 0.0011827945709228516
	xnorm=3.565229233460797,dnorm=0.1541745805005084
	dense amplitude time= 0.006350994110107422
	total non-zero amplitudes= 4900
	nsamples per process= 50
	sample time= 4.244514465332031
self.n= 0.3181148959468134
	RGN updated loss=-13.986688990119621,dloss=-0.00011860033627186795
step= 44

nparam= 316
	dense amplitude time= 0.02486705780029297
	total non-zero amplitudes= 4900
	nsamples per process= 50
	sample time= 5.44143009185791
self.n= 0.31811489594681375
	collect g,h time= 11.154792308807373
E=-13.986688990119621,dE=-0.00011860033627186795,std=0
L=-13.986688990119621,dL=-0.00011860033627186795,std=0
	gnorm= 0.0061728206459761995
	collect S matrix time= 0.022355079650878906
	SR solver time= 0.0012040138244628906
	collect H matrix time= 0.017630577087402344
	RGN solver time= 0.0012021064758300781
	xnorm=3.498541539846988,dnorm=0.17214166492309063
	dense amplitude time= 0.0060939788818359375
	total non-zero amplitudes= 4900
	nsamples per process= 50
	sample time= 4.533293962478638
self.n= 0.2946908748984223
	RGN updated loss=-13.986751552390912,dloss=-6.256227129064484e-05
step= 45

nparam= 316
	dense amplitude time= 0.025527000427246094
	total non-zero amplitudes= 4900
	nsamples per process= 50
	sample time= 5.590393543243408
self.n= 0.2946908748984223
	collect g,h time= 11.135743618011475
E=-13.986751552390905,dE=-6.256227128353942e-05,std=0
L=-13.986751552390905,dL=-6.256227128353942e-05,std=0
	gnorm= 0.006022695183174204
	collect S matrix time= 0.021273374557495117
	SR solver time= 0.0011837482452392578
	collect H matrix time= 0.017404556274414062
	RGN solver time= 0.0012502670288085938
	xnorm=3.43437956612251,dnorm=0.1983477834318485
	dense amplitude time= 0.006644248962402344
	total non-zero amplitudes= 4900
	nsamples per process= 50
	sample time= 4.33491587638855
self.n= 0.2749048144408874
	RGN updated loss=-13.986751536518547,dloss=1.5872357650437152e-08
	xnorm=3.43437956612251,dnorm=0.0452292070450004
step= 46

nparam= 316
	dense amplitude time= 0.03354048728942871
	total non-zero amplitudes= 4900
	nsamples per process= 50
	sample time= 5.460144281387329
self.n= 0.2911757728536273
	collect g,h time= 11.097057819366455
E=-13.986834468522833,dE=-8.29161319284566e-05,std=0
L=-13.986834468522833,dL=-8.29161319284566e-05,std=0
	gnorm= 0.005330515960339964
	collect S matrix time= 0.02034282684326172
	SR solver time= 0.001255035400390625
	collect H matrix time= 0.017601966857910156
	RGN solver time= 0.0012369155883789062
	xnorm=3.4245817656633126,dnorm=0.14661260841770296
	dense amplitude time= 0.0062525272369384766
	total non-zero amplitudes= 4900
	nsamples per process= 50
	sample time= 4.386768579483032
self.n= 0.2668822216915564
	RGN updated loss=-13.986926889102609,dloss=-9.242057977587592e-05
step= 47

nparam= 316
	dense amplitude time= 0.050545454025268555
	total non-zero amplitudes= 4900
	nsamples per process= 50
	sample time= 5.387143135070801
self.n= 0.2668822216915562
	collect g,h time= 11.119298696517944
E=-13.986926889102609,dE=-9.242057977587592e-05,std=0
L=-13.986926889102609,dL=-9.242057977587592e-05,std=0
	gnorm= 0.007603477585285522
	collect S matrix time= 0.019755840301513672
	SR solver time= 0.0011417865753173828
	collect H matrix time= 0.017809391021728516
	RGN solver time= 0.0012428760528564453
	xnorm=3.352818269626654,dnorm=0.14600876201298763
	dense amplitude time= 0.005789756774902344
	total non-zero amplitudes= 4900
	nsamples per process= 50
	sample time= 4.429297208786011
self.n= 0.24929919587897312
	RGN updated loss=-13.986968598011227,dloss=-4.1708908618431906e-05
step= 48

nparam= 316
	dense amplitude time= 0.04296994209289551
	total non-zero amplitudes= 4900
	nsamples per process= 50
	sample time= 5.529163599014282
self.n= 0.24929919587897337
	collect g,h time= 11.182604789733887
E=-13.986968598011225,dE=-4.170890861665555e-05,std=0
L=-13.986968598011225,dL=-4.170890861665555e-05,std=0
	gnorm= 0.005424484732151774
	collect S matrix time= 0.0822899341583252
	SR solver time= 0.0012469291687011719
	collect H matrix time= 0.017558574676513672
	RGN solver time= 0.0012040138244628906
	xnorm=3.2883965762769787,dnorm=0.1670942981802962
	dense amplitude time= 0.006045341491699219
	total non-zero amplitudes= 4900
	nsamples per process= 50
	sample time= 4.36599588394165
self.n= 0.2305856293692401
	RGN updated loss=-13.98700208754554,dloss=-3.348953431370205e-05
step= 49

nparam= 316
	dense amplitude time= 0.023317575454711914
	total non-zero amplitudes= 4900
	nsamples per process= 50
	sample time= 5.396398544311523
self.n= 0.23058562936924032
	collect g,h time= 11.186605453491211
E=-13.987002087545541,dE=-3.348953431547841e-05,std=0
L=-13.987002087545541,dL=-3.348953431547841e-05,std=0
	gnorm= 0.009984283872136226
	collect S matrix time= 0.02053546905517578
	SR solver time= 0.0012764930725097656
	collect H matrix time= 0.01761031150817871
	RGN solver time= 0.0012543201446533203
	xnorm=3.2233581689149613,dnorm=0.2168198947655032
	dense amplitude time= 0.009305000305175781
	total non-zero amplitudes= 4900
	nsamples per process= 50
	sample time= 4.372807264328003
self.n= 0.2270678419312215
	RGN updated loss=-13.98665272638089,dloss=0.00034936116465011935
	xnorm=3.2233581689149613,dnorm=0.05593528927234728
