run = 0
step= 49

nparam= 56
        dense amplitude time= 0.0007312297821044922
        total non-zero amplitudes= 36
        nsamples per process= 36
self.n= 1.1348283977025688
        collect g,h time= 0.2729954719543457
E=-3.984806799280218,dE=-0.0006212468529089854,std=0
L=-3.984806799280218,dL=-0.0006212468529089854,std=0
        gnorm= 0.03883835286858545
        collect S matrix time= 0.0002472400665283203
        nonzero=25,wmax=1.9222667577832717,wmin=0.01580339890111968
        SR solver time= 0.0003006458282470703
        xnorm=1.0933095317707,dnorm=0.010325516673949268
[-0.220377857   0.0041729369  0.0101735907 -0.0049534379 -0.0105639396
  0.0083783078 -0.1462536612 -0.0152751827  0.0326230846  0.0451041021
 -0.0440476343  0.1233162472 -0.0170467866  0.1692075348  0.0000573118
  0.1441734917  0.0089564504 -0.0221235131 -0.1267273942  0.0014571755
  0.0315505481 -0.0048593878  0.1063558601 -0.0397078467  0.0312175597
 -0.0321836634 -0.0497886084 -0.1824901267]
step= 99

nparam= 56
        dense amplitude time= 0.0007469654083251953
        total non-zero amplitudes= 36
        nsamples per process= 36
self.n= 1.3295218984554036
        collect g,h time= 0.2664339542388916
E=-4.021008957098803,dE=-0.001786606526586354,std=0
L=-4.021008957098803,dL=-0.001786606526586354,std=0
        gnorm= 0.06003482240754155
        collect S matrix time= 0.0002493858337402344
        xnorm=1.5375063028498681,dnorm=0.0
        nonzero=29,wmax=1.81435516321574,wmin=0.003537567029863702
        SR solver time= 0.0003249645233154297
        collect H matrix time= 3.361701965332031e-05
        nonzero=29,smax=9.602127875699857,smin=0.02102448529487941
        RGN solver time= 0.0004215240478515625
        xnorm=1.5375063028498681,dnorm=0.017417145213335185
        dense amplitude time= 0.0006618499755859375
        total non-zero amplitudes= 36
        nsamples per process= 36
self.n= 1.3377701899513998
        RGN updated loss=-4.022898812055917,dloss=-0.0018898549571142453
[-0.2843863727 -0.1263166595  0.0202825036  0.1351234582 -0.0112788278
  0.0101472204 -0.1943384041 -0.0204464456  0.1182019624  0.0452448851
 -0.1563587248  0.1642254243 -0.0139522586  0.2368905022  0.0037690472
  0.1898772901 -0.1326319684 -0.0077399902 -0.1667350183 -0.0027915393
  0.0411153197  0.1068464928  0.1520897171  0.059368945   0.0174056813
 -0.0438827578 -0.1352325579 -0.2279218163]

run = 1
step= 49

nparam= 56
        dense amplitude time= 0.0007388591766357422
        total non-zero amplitudes= 36
        nsamples per process= 36
self.n= 1.5886261902749879
        collect g,h time= 0.26026487350463867
E=-3.9739497026869115,dE=-0.00037272562653312136,std=0
L=-3.9739497026869115,dL=-0.00037272562653312136,std=0
        gnorm= 0.028066268824072097
        collect S matrix time= 8.630752563476562e-05
        nonzero=18,wmax=1.7843354258090005,wmin=0.008450876701807015
        SR solver time= 0.0003745555877685547
        xnorm=0.9274667452322589,dnorm=0.007066378322945804
[ 0.0198118817 -0.0221614504  0.015821236  -0.022359787  -0.0136681752
  0.0180587136  0.0336053454 -0.0226223256 -0.0266597233  0.0097625229
  0.0037341809  0.0328245363 -0.0405640376  0.0245509006  0.0186567509
  0.0284533797 -0.0115336408 -0.015033566   0.0266361162 -0.0344075097
  0.0236669231 -0.0088328577 -0.00899318    0.0333149271 -0.0380900949
 -0.0216325675  0.0693803899 -0.0185114409]
step= 99

nparam= 56
        dense amplitude time= 0.0007085800170898438
        total non-zero amplitudes= 36
        nsamples per process= 36
self.n= 0.4326194101146973
        collect g,h time= 0.26273155212402344
E=-4.117364688255307,dE=-0.002773925570543234,std=0
L=-4.117364688255307,dL=-0.002773925570543234,std=0
        gnorm= 0.13123430149855225
        collect S matrix time= 0.00024127960205078125
        xnorm=1.75645631763888,dnorm=0.0
        nonzero=28,wmax=2.9280344300271257,wmin=0.0049248184802656025
        SR solver time= 0.0003066062927246094
        collect H matrix time= 3.218650817871094e-05
        nonzero=29,smax=15.103468049506688,smin=0.01824236596261174
        RGN solver time= 0.00043272972106933594
        xnorm=1.75645631763888,dnorm=0.04474608635909245
        dense amplitude time= 0.0006468296051025391
        total non-zero amplitudes= 36
        nsamples per process= 36
self.n= 0.4250724880925507
        RGN updated loss=-4.1199825688104506,dloss=-0.002617880555143337
[-0.0135307725 -0.0544180524  0.4572851535 -0.225164687  -0.3247444491
  0.0022958948  0.0404318922  0.403250387  -0.1994066367 -0.2974115531
 -0.119195874  -0.0206748375 -0.0482756406  0.0174194259 -0.0002468888
  0.0132444386  0.1889554479  0.3067248755  0.0054816436 -0.0683919753
  0.3156005192  0.0794445965 -0.0129011935  0.2498054174 -0.352121161
 -0.348494219   0.4031182498 -0.0490517636]
step= 149

nparam= 56
        dense amplitude time= 0.0007460117340087891
        total non-zero amplitudes= 36
        nsamples per process= 36
self.n= 0.7876014409545865
        collect g,h time= 0.26328015327453613
E=-4.166275098641411,dE=-0.00020843357568267606,std=0
L=-4.166275098641411,dL=-0.00020843357568267606,std=0
        gnorm= 0.03267385016759675
        collect S matrix time= 0.00024700164794921875
        xnorm=2.0341859228898653,dnorm=0.0
        nonzero=31,wmax=2.101084749610499,wmin=0.002467949145369173
        SR solver time= 0.00031495094299316406
        collect H matrix time= 3.218650817871094e-05
        nonzero=31,smax=10.842891371523596,smin=0.01530842254079148
        RGN solver time= 0.00042748451232910156
        xnorm=2.0341859228898653,dnorm=0.010547170578421992
        dense amplitude time= 0.0006964206695556641
        total non-zero amplitudes= 36
        nsamples per process= 36
self.n= 0.791061978161625
        RGN updated loss=-4.166466860120445,dloss=-0.0001917614790336586
[ 0.0025672452  0.1677696927  0.4847662465 -0.2026420032 -0.5019438708
 -0.0179368502  0.0717061032  0.4339857927 -0.0459446617 -0.4724591407
 -0.0886006322 -0.040381059  -0.040104027   0.0149349533 -0.0231902749
  0.030376295   0.1716373885  0.5010992968 -0.0010547073 -0.0529294391
  0.4862701668  0.0422169758 -0.0439494443  0.24247925   -0.3837927567
 -0.3799101068  0.2888089985 -0.0801077187]
step= 199

nparam= 56
        dense amplitude time= 0.000732421875
        total non-zero amplitudes= 36
        nsamples per process= 36
self.n= 0.8626584094360822
        collect g,h time= 0.2612893581390381
E=-4.168893609790161,dE=-2.228023694428316e-07,std=0
L=-4.168893609790161,dL=-2.228023694428316e-07,std=0
        gnorm= 0.002602440870368799
        collect S matrix time= 0.00026869773864746094
        xnorm=2.084438534335168,dnorm=0.0
        nonzero=30,wmax=1.9888797020450177,wmin=0.0024850410214719795
        SR solver time= 0.00031065940856933594
        collect H matrix time= 3.218650817871094e-05
        nonzero=31,smax=4.35589924410821,smin=0.005821279660989006
        RGN solver time= 0.0004215240478515625
        xnorm=2.084438534335168,dnorm=0.004796119051849738
        dense amplitude time= 0.0006561279296875
        total non-zero amplitudes= 36
        nsamples per process= 36
self.n= 0.8614650722800578
        RGN updated loss=-4.168893798252642,dloss=-1.884624811765434e-07
[-0.0047811737  0.1731068824  0.5178453589 -0.2451300867 -0.539088482
  0.0019703439  0.1093649999  0.4729838044 -0.048455559  -0.5092088417
 -0.1314129015 -0.0131040962 -0.0197975605  0.0085581802 -0.0008789836
  0.064691232   0.2108424193  0.539466791   0.0138726706 -0.0417780394
  0.5211619255  0.0826137817 -0.0490151988  0.1812312566 -0.4343823303
 -0.4286144024  0.2209915531 -0.0858248323]
