step= 400

nparam= 15
ntotal configs= 36
[0.0019215709 0.0315308088 0.0115808939 0.092653702  0.029923413
 0.0042879804 0.000658118  0.0113157926 0.0039663356 0.0332516075
 0.0102484576 0.0015388726 0.006825418  0.1105314696 0.0411353237
 0.3247981965 0.1062879337 0.015031545  0.0003714383 0.0055780639
 0.0022385784 0.016391215  0.0057841742 0.0007585796 0.0002413041
 0.0054254609 0.0014542881 0.0159427891 0.0037576775 0.0007378266
 0.0011606797 0.0190454432 0.0069951665 0.0559652885 0.0180745336
 0.0025900536]
[0.0019215709 0.0315308088 0.0115808939 0.092653702  0.029923413
 0.0042879804 0.000658118  0.0113157926 0.0039663356 0.0332516075
 0.0102484576 0.0015388726 0.006825418  0.1105314696 0.0411353237
 0.3247981965 0.1062879337 0.015031545  0.0003714383 0.0055780639
 0.0022385784 0.016391215  0.0057841742 0.0007585796 0.0002413041
 0.0054254609 0.0014542881 0.0159427891 0.0037576775 0.0007378266
 0.0011606797 0.0190454432 0.0069951665 0.0559652885 0.0180745336
 0.0025900536]
	dense amplitude time= 0.0009815692901611328
	total non-zero amplitudes= 36
	nsamples per process= 36
all_e= [-3.9977398639 -4.3984510229 -4.54952717   -4.237148538  -4.4129626584
 -4.8685437003 -4.8538537231 -4.1197443586 -4.7640138274 -4.4760612591
 -5.1478018051 -4.5888629166 -4.5856268865 -4.4058325475 -4.2028212867
 -4.5750147704 -4.3984328132 -4.3167847766 -4.3518724794 -4.2864688656
 -4.7954397726 -3.7876430067 -4.3116301515 -4.1083686781 -5.5110864116
 -5.3420194681 -5.1905290815 -4.7178473527 -4.6278877216 -4.8841995441
 -5.2299922489 -4.5102259988 -4.6717639918 -4.3563816837 -4.5381936826
 -3.8264547657]
all_f= [0.0019215709 0.0315308088 0.0115808939 0.092653702  0.0299234131
 0.0042879804 0.000658118  0.0113157926 0.0039663356 0.0332516075
 0.0102484576 0.0015388726 0.006825418  0.1105314696 0.0411353237
 0.3247981965 0.1062879337 0.015031545  0.0003714383 0.0055780639
 0.0022385784 0.016391215  0.0057841742 0.0007585796 0.0002413041
 0.0054254609 0.0014542881 0.0159427891 0.0037576775 0.0007378266
 0.0011606797 0.0190454432 0.0069951665 0.0559652885 0.0180745336
 0.0025900536]
	collect g,h time= 0.2920517921447754
energy=-4.452309424169236,dE=0,std=0
loss  =-4.452309424169236,dloss=0,std=0
	gnorm= 0.10670923977131345
	collect S matrix time= 2.4080276489257812e-05
	nonzero=11,wmax=1.6833209804048692
	SR solver time= 0.00013303756713867188
	xnorm=3.3451996903242995,dnorm=0.002373326720826111
step= 401

nparam= 15
[0.0019218014 0.0314353575 0.0115373747 0.0924593623 0.0298565969
 0.0042721049 0.000661357  0.0113303439 0.0039704016 0.0333254161
 0.0102746667 0.0015398081 0.0068467697 0.1105297617 0.0411040124
 0.3250960733 0.1063695995 0.0150211345 0.0003694055 0.0055300805
 0.0022176952 0.0162653699 0.005738986  0.0007515449 0.0002444335
 0.0054627175 0.001467436  0.0160672381 0.0037974537 0.0007423902
 0.0011632091 0.0190268853 0.0069832292 0.0559628971 0.0180713085
 0.0025857778]
[0.0019218014 0.0314353575 0.0115373747 0.0924593623 0.0298565969
 0.0042721049 0.000661357  0.0113303439 0.0039704016 0.0333254161
 0.0102746667 0.0015398081 0.0068467697 0.1105297617 0.0411040124
 0.3250960733 0.1063695995 0.0150211345 0.0003694055 0.0055300805
 0.0022176952 0.0162653699 0.005738986  0.0007515449 0.0002444335
 0.0054627175 0.001467436  0.0160672381 0.0037974537 0.0007423902
 0.0011632091 0.0190268853 0.0069832292 0.0559628971 0.0180713085
 0.0025857778]
	dense amplitude time= 0.0007047653198242188
	total non-zero amplitudes= 36
	nsamples per process= 36
all_e= [-3.9975491903 -4.3989185901 -4.5501592206 -4.2373711531 -4.4131489037
 -4.8694239893 -4.8532540615 -4.1202382067 -4.764473782  -4.4763448165
 -5.1478482212 -4.589897427  -4.5852293297 -4.4060207368 -4.203260851
 -4.5749891535 -4.3984741628 -4.3175780881 -4.3499701686 -4.285515255
 -4.7947889969 -3.7863472907 -4.3104176524 -4.1075905624 -5.504505194
 -5.3405731946 -5.1868074819 -4.7160669428 -4.6233019296 -4.8823217697
 -5.2293186337 -4.5102021414 -4.6719310382 -4.35614529   -4.5379590476
 -3.8270567091]
all_f= [0.0019218014 0.0314353575 0.0115373747 0.0924593623 0.0298565969
 0.0042721049 0.000661357  0.0113303439 0.0039704016 0.0333254161
 0.0102746667 0.0015398081 0.0068467697 0.1105297617 0.0411040124
 0.3250960733 0.1063695995 0.0150211345 0.0003694055 0.0055300805
 0.0022176952 0.0162653699 0.005738986  0.0007515449 0.0002444335
 0.0054627175 0.001467436  0.0160672381 0.0037974537 0.0007423902
 0.0011632091 0.0190268853 0.0069832292 0.0559628971 0.0180713086
 0.0025857778]
	collect g,h time= 0.29116153717041016
energy=-4.452592487544518,dE=-0.0002830633752815004,std=0
loss  =-4.452592487544518,dloss=-0.0002830633752815004,std=0
	gnorm= 0.10647007099209256
	collect S matrix time= 2.8371810913085938e-05
	nonzero=11,wmax=1.6842617336644956
	SR solver time= 0.00013446807861328125
	xnorm=3.346215654803638,dnorm=0.0023775123626644966
step= 402

nparam= 15
[0.0019220167 0.0313402062 0.0114940112 0.0922653377 0.0297897688
 0.0042563171 0.0006646045 0.0113449647 0.0039744566 0.033399493
 0.010300855  0.001540761  0.0068681224 0.1105278506 0.0410726268
 0.3253931832 0.1064505714 0.0150108004 0.0003673717 0.0054823331
 0.0021969498 0.0161399486 0.0056939764 0.0007445563 0.0002475773
 0.005500013  0.0014805572 0.0161919981 0.0038372556 0.0007469574
 0.0011657259 0.0190082058 0.0069712538 0.0559600188 0.0180678472
 0.0025815067]
[0.0019220167 0.0313402062 0.0114940112 0.0922653377 0.0297897688
 0.0042563171 0.0006646045 0.0113449647 0.0039744566 0.033399493
 0.010300855  0.001540761  0.0068681224 0.1105278506 0.0410726268
 0.3253931832 0.1064505714 0.0150108004 0.0003673717 0.0054823331
 0.0021969498 0.0161399486 0.0056939764 0.0007445563 0.0002475773
 0.005500013  0.0014805572 0.0161919981 0.0038372556 0.0007469574
 0.0011657259 0.0190082058 0.0069712538 0.0559600188 0.0180678472
 0.0025815067]
	dense amplitude time= 0.0007255077362060547
	total non-zero amplitudes= 36
	nsamples per process= 36
all_e= [-3.9973612033 -4.3993857452 -4.5507906173 -4.2375934812 -4.4133368239
 -4.8703024109 -4.8526603755 -4.1207280513 -4.7649323384 -4.4766245654
 -5.1478961625 -4.5909281338 -4.5848328429 -4.4062087924 -4.2036983158
 -4.5749635537 -4.3985157307 -4.3183697069 -4.3480571215 -4.2845528459
 -4.7941315626 -3.7850421124 -4.3091992843 -4.1067976008 -5.4980362419
 -5.3391401335 -5.1831521513 -4.7143007451 -4.6187934311 -4.8804708953
 -5.2286489492 -4.5101795136 -4.672099157  -4.3559103425 -4.5377278618
 -3.8276586478]
all_f= [0.0019220167 0.0313402062 0.0114940112 0.0922653377 0.0297897689
 0.0042563171 0.0006646045 0.0113449647 0.0039744566 0.033399493
 0.010300855  0.001540761  0.0068681224 0.1105278506 0.0410726268
 0.3253931832 0.1064505714 0.0150108004 0.0003673717 0.0054823331
 0.0021969498 0.0161399486 0.0056939764 0.0007445563 0.0002475773
 0.005500013  0.0014805572 0.0161919981 0.0038372556 0.0007469574
 0.0011657259 0.0190082058 0.0069712538 0.0559600188 0.0180678472
 0.0025815067]
	collect g,h time= 0.289095401763916
energy=-4.452874862888004,dE=-0.00028237534348640736,std=0
loss  =-4.452874862888004,dloss=-0.00028237534348640736,std=0
	gnorm= 0.10623060755186303
	collect S matrix time= 2.1696090698242188e-05
	nonzero=11,wmax=1.6851999998366325
	SR solver time= 7.915496826171875e-05
	xnorm=3.3472363835996184,dnorm=0.0023816597588360725
step= 403

nparam= 15
[0.0019222171 0.0312453546 0.0114508028 0.0920716283 0.0297229307
 0.0042406165 0.0006678608 0.0113596544 0.0039785007 0.0334738362
 0.0103270227 0.0015417312 0.0068894761 0.1105257374 0.0410411675
 0.3256895227 0.1065308518 0.0150005425 0.000365337  0.0054348219
 0.0021763418 0.0160149535 0.005649146  0.0007376135 0.0002507354
 0.0055373466 0.0014936512 0.0163170663 0.003877081  0.0007515282
 0.00116823   0.0189894061 0.0069592408 0.0559566555 0.018064151
 0.0025772404]
[0.0019222171 0.0312453546 0.0114508028 0.0920716283 0.0297229307
 0.0042406165 0.0006678608 0.0113596544 0.0039785007 0.0334738362
 0.0103270227 0.0015417312 0.0068894761 0.1105257374 0.0410411675
 0.3256895227 0.1065308518 0.0150005425 0.000365337  0.0054348219
 0.0021763418 0.0160149535 0.005649146  0.0007376135 0.0002507354
 0.0055373466 0.0014936512 0.0163170663 0.003877081  0.0007515282
 0.00116823   0.0189894061 0.0069592408 0.0559566555 0.018064151
 0.0025772404]
	dense amplitude time= 0.0006697177886962891
	total non-zero amplitudes= 36
	nsamples per process= 36
all_e= [-3.9971758841 -4.3998524841 -4.5514213649 -4.2378155257 -4.4135264067
 -4.871178955  -4.8520725467 -4.1212139198 -4.7653894809 -4.4769005402
 -5.1479455855 -4.5919550258 -4.5844374167 -4.4063967083 -4.2041336969
 -4.574937973  -4.3985575154 -4.319159618  -4.3461332146 -4.2835815415
 -4.7934673959 -3.7837273739 -4.3079749449 -4.1059896552 -5.4916770031
 -5.3377201303 -5.1795616121 -4.7125486007 -4.6143605281 -4.8786465055
 -5.2279831713 -4.5101581039 -4.6722683442 -4.3556768371 -4.5375001042
 -3.8282605617]
all_f= [0.0019222171 0.0312453546 0.0114508028 0.0920716283 0.0297229307
 0.0042406165 0.0006678608 0.0113596544 0.0039785007 0.0334738362
 0.0103270227 0.0015417312 0.0068894761 0.1105257374 0.0410411675
 0.3256895227 0.1065308518 0.0150005425 0.000365337  0.0054348219
 0.0021763418 0.0160149535 0.005649146  0.0007376135 0.0002507354
 0.0055373466 0.0014936512 0.0163170663 0.003877081  0.0007515282
 0.00116823   0.0189894061 0.0069592408 0.0559566555 0.018064151
 0.0025772404]
	collect g,h time= 0.2872123718261719
energy=-4.4531565514588785,dE=-0.00028168857087429444,std=0
loss  =-4.4531565514588785,dloss=-0.00028168857087429444,std=0
	gnorm= 0.10599085571028714
	collect S matrix time= 1.8358230590820312e-05
	nonzero=11,wmax=1.6861357626963063
	SR solver time= 7.963180541992188e-05
	xnorm=3.3482618637797907,dnorm=0.0023857682357257613
step= 404

nparam= 15
[0.0019224024 0.0311508022 0.0114077493 0.0918782344 0.0296560845
 0.0042250027 0.0006711257 0.0113744124 0.0039825341 0.0335484435
 0.0103531699 0.0015427186 0.0069108306 0.1105234235 0.0410096351
 0.3259850884 0.1066104431 0.0149903608 0.0003633014 0.0053875468
 0.0021558706 0.0158903866 0.0056044955 0.0007307163 0.0002539078
 0.0055747174 0.0015067172 0.0164424398 0.0039169281 0.0007561024
 0.0011707214 0.0189704874 0.0069471907 0.0559528092 0.0180602212
 0.002572979 ]
[0.0019224024 0.0311508022 0.0114077493 0.0918782344 0.0296560845
 0.0042250027 0.0006711257 0.0113744124 0.0039825341 0.0335484435
 0.0103531699 0.0015427186 0.0069108306 0.1105234235 0.0410096351
 0.3259850884 0.1066104431 0.0149903608 0.0003633014 0.0053875468
 0.0021558706 0.0158903866 0.0056044955 0.0007307163 0.0002539078
 0.0055747174 0.0015067172 0.0164424398 0.0039169281 0.0007561024
 0.0011707214 0.0189704874 0.0069471907 0.0559528092 0.0180602212
 0.002572979 ]
	dense amplitude time= 0.0006692409515380859
	total non-zero amplitudes= 36
	nsamples per process= 36
all_e= [-3.9969932141 -4.4003188027 -4.552051468  -4.2380372905 -4.4137176394
 -4.8720536113 -4.8514904586 -4.1216958397 -4.7658451945 -4.477172775
 -5.1479964474 -4.5929780917 -4.5840430418 -4.4065844791 -4.2045670097
 -4.5749124135 -4.3985995152 -4.3199478067 -4.3441983227 -4.2826012438
 -4.7927964219 -3.7824029759 -4.3067445307 -4.1051665854 -5.4854249977
 -5.3363130331 -5.1760344284 -4.710810353  -4.6100015705 -4.8768481919
 -5.2273212761 -4.5101379006 -4.6724385958 -4.35544477   -4.5372757539
 -3.8288624307]
all_f= [0.0019224024 0.0311508022 0.0114077493 0.0918782344 0.0296560845
 0.0042250027 0.0006711257 0.0113744124 0.0039825341 0.0335484435
 0.0103531699 0.0015427186 0.0069108306 0.1105234235 0.0410096351
 0.3259850884 0.1066104431 0.0149903608 0.0003633014 0.0053875468
 0.0021558706 0.0158903866 0.0056044955 0.0007307163 0.0002539078
 0.0055747174 0.0015067172 0.0164424398 0.0039169281 0.0007561024
 0.0011707214 0.0189704874 0.0069471907 0.0559528092 0.0180602212
 0.002572979 ]
	collect g,h time= 0.2870457172393799
energy=-4.453437554488278,dE=-0.00028100302939915167,std=0
loss  =-4.453437554488278,dloss=-0.00028100302939915167,std=0
	gnorm= 0.10575082184661198
	collect S matrix time= 2.002716064453125e-05
	nonzero=11,wmax=1.6870690061133886
	SR solver time= 8.082389831542969e-05
	xnorm=3.3492920820066656,dnorm=0.0023898371282464878
step= 405

nparam= 15
[0.0019225729 0.0310565486 0.0113648501 0.0916851559 0.0295892321
 0.0042094752 0.0006743992 0.011389238  0.0039865568 0.0336233131
 0.010379297  0.0015437232 0.0069321857 0.11052091   0.0409780301
 0.3262798767 0.1066893478 0.0149802552 0.000361265  0.0053405081
 0.0021355355 0.0157662503 0.0055600254 0.0007238646 0.0002570944
 0.0056121243 0.0015197549 0.0165681158 0.0039567948 0.0007606801
 0.0011732001 0.018951451  0.0069351042 0.0559484817 0.0180560593
 0.0025687227]
[0.0019225729 0.0310565486 0.0113648501 0.0916851559 0.0295892321
 0.0042094752 0.0006743992 0.011389238  0.0039865568 0.0336233131
 0.010379297  0.0015437232 0.0069321857 0.11052091   0.0409780301
 0.3262798767 0.1066893478 0.0149802552 0.000361265  0.0053405081
 0.0021355355 0.0157662503 0.0055600254 0.0007238646 0.0002570944
 0.0056121243 0.0015197549 0.0165681158 0.0039567948 0.0007606801
 0.0011732001 0.018951451  0.0069351042 0.0559484817 0.0180560593
 0.0025687227]
	dense amplitude time= 0.0006909370422363281
	total non-zero amplitudes= 36
	nsamples per process= 36
all_e= [-3.9968131747 -4.4007846973 -4.5526809314 -4.2382587791 -4.4139105095
 -4.8729263698 -4.8509139966 -4.1221738379 -4.7662994641 -4.4774413036
 -5.148048706  -4.5939973206 -4.5836497093 -4.4067720992 -4.2049982696
 -4.5748868774 -4.3986417283 -4.3207342585 -4.3422523188 -4.2816118532
 -4.7921185647 -3.7810688175 -4.3055079376 -4.1043282492 -5.4792778164
 -5.3349186919 -5.172569205  -4.7090858483 -4.6057149541 -4.8750755527
 -5.2266632397 -4.5101188925 -4.6726099077 -4.3552141371 -4.5370547902
 -3.829464235 ]
all_f= [0.0019225729 0.0310565486 0.0113648501 0.0916851559 0.0295892321
 0.0042094752 0.0006743992 0.011389238  0.0039865568 0.0336233131
 0.010379297  0.0015437232 0.0069321857 0.11052091   0.0409780301
 0.3262798767 0.1066893478 0.0149802552 0.000361265  0.0053405081
 0.0021355355 0.0157662503 0.0055600254 0.0007238646 0.0002570944
 0.0056121243 0.0015197549 0.0165681158 0.0039567948 0.0007606801
 0.0011732001 0.018951451  0.0069351042 0.0559484817 0.0180560593
 0.0025687227]
	collect g,h time= 0.28876829147338867
energy=-4.453717873179858,dE=-0.00028031869158073874,std=0
loss  =-4.453717873179858,dloss=-0.00028031869158073874,std=0
	gnorm= 0.10551051245915347
	collect S matrix time= 1.8835067749023438e-05
	nonzero=11,wmax=1.6879997140543734
	SR solver time= 7.915496826171875e-05
	xnorm=3.3503270245373,dnorm=0.0023938657799164125
step= 406

nparam= 15
[0.0019227286 0.0309625935 0.011322105  0.0914923931 0.0295223755
 0.0041940334 0.0006776815 0.0114041305 0.003990569  0.0336984429
 0.0104054039 0.0015447448 0.0069535413 0.110518198  0.0409463532
 0.3265738843 0.1067675682 0.0149702257 0.000359228  0.0052937058
 0.0021153361 0.0156425467 0.0055157364 0.0007170581 0.0002602951
 0.0056495665 0.0015327636 0.0166940913 0.0039966794 0.0007652612
 0.0011756661 0.0189322982 0.0069229817 0.055943675  0.0180516667
 0.0025644716]
[0.0019227286 0.0309625935 0.011322105  0.0914923931 0.0295223755
 0.0041940334 0.0006776815 0.0114041305 0.003990569  0.0336984429
 0.0104054039 0.0015447448 0.0069535413 0.110518198  0.0409463532
 0.3265738843 0.1067675682 0.0149702257 0.000359228  0.0052937058
 0.0021153361 0.0156425467 0.0055157364 0.0007170581 0.0002602951
 0.0056495665 0.0015327636 0.0166940913 0.0039966794 0.0007652612
 0.0011756661 0.0189322982 0.0069229817 0.055943675  0.0180516667
 0.0025644716]
	dense amplitude time= 0.0006723403930664062
	total non-zero amplitudes= 36
	nsamples per process= 36
all_e= [-3.9966357474 -4.4012501638 -4.5533097596 -4.2384799952 -4.4141050046
 -4.8737972205 -4.8503430479 -4.1226479414 -4.7667522754 -4.4777061597
 -5.1481023197 -4.5950127018 -4.5832574103 -4.4069595629 -4.205427492
 -4.5748613667 -4.3986841533 -4.3215189588 -4.3402950744 -4.2806132687
 -4.7914337476 -3.779724796  -4.3042650599 -4.1034745024 -5.4732331175
 -5.3335369593 -5.1691645853 -4.7073749349 -4.6014991196 -4.8733281932
 -5.2260090384 -4.5101010682 -4.6727822759 -4.3549849346 -4.5368371924
 -3.8300659549]
all_f= [0.0019227286 0.0309625935 0.011322105  0.0914923931 0.0295223755
 0.0041940334 0.0006776815 0.0114041305 0.003990569  0.0336984429
 0.0104054039 0.0015447448 0.0069535413 0.110518198  0.0409463532
 0.3265738843 0.1067675682 0.0149702257 0.000359228  0.0052937058
 0.0021153361 0.0156425467 0.0055157364 0.0007170581 0.0002602951
 0.0056495665 0.0015327636 0.0166940913 0.0039966794 0.0007652612
 0.0011756661 0.0189322982 0.0069229817 0.055943675  0.0180516667
 0.0025644716]
	collect g,h time= 0.2882664203643799
energy=-4.453997508710252,dE=-0.0002796355303935627,std=0
loss  =-4.453997508710252,dloss=-0.0002796355303935627,std=0
	gnorm= 0.10526993416470531
	collect S matrix time= 1.8835067749023438e-05
	nonzero=11,wmax=1.688927870584168
	SR solver time= 7.843971252441406e-05
	xnorm=3.3513666772229818,dnorm=0.0023978535429362738
step= 407

nparam= 15
[0.0019228695 0.0308689363 0.0112795135 0.0912999462 0.0294555166
 0.004178677  0.0006809725 0.0114190892 0.0039945707 0.0337738308
 0.0104314909 0.0015457833 0.0069748972 0.1105152889 0.0409146049
 0.3268671078 0.1068451068 0.0149602723 0.0003571904 0.0052471401
 0.0020952718 0.0155192781 0.0054716289 0.0007102967 0.0002635098
 0.0056870431 0.0015457429 0.0168203635 0.0040365798 0.0007698456
 0.0011781193 0.0189130301 0.0069108238 0.0559383911 0.0180470447
 0.0025602257]
[0.0019228695 0.0308689363 0.0112795135 0.0912999462 0.0294555166
 0.004178677  0.0006809725 0.0114190892 0.0039945707 0.0337738308
 0.0104314909 0.0015457833 0.0069748972 0.1105152889 0.0409146049
 0.3268671078 0.1068451068 0.0149602723 0.0003571904 0.0052471401
 0.0020952718 0.0155192781 0.0054716289 0.0007102967 0.0002635098
 0.0056870431 0.0015457429 0.0168203635 0.0040365798 0.0007698456
 0.0011781193 0.0189130301 0.0069108238 0.0559383911 0.0180470447
 0.0025602257]
	dense amplitude time= 0.0006625652313232422
	total non-zero amplitudes= 36
	nsamples per process= 36
all_e= [-3.9964609137 -4.4017151985 -4.553937957  -4.2387009426 -4.4143011122
 -4.8746661534 -4.8497775017 -4.1231181772 -4.7672036143 -4.477967377
 -5.1481572476 -4.596024225  -4.5828661361 -4.4071468649 -4.205854692
 -4.5748358835 -4.3987267884 -4.3223018935 -4.3383264591 -4.279605388
 -4.7907418926 -3.7783708072 -4.3030157912 -4.1026051988 -5.4672886247
 -5.3321676899 -5.1658192507 -4.7056774637 -4.5973525506 -4.8716057249
 -5.2253586487 -4.5100844166 -4.6729556964 -4.3547571587 -4.5366229399
 -3.8306675707]
all_f= [0.0019228695 0.0308689363 0.0112795135 0.0912999462 0.0294555166
 0.004178677  0.0006809725 0.0114190892 0.0039945707 0.0337738308
 0.0104314909 0.0015457833 0.0069748972 0.1105152889 0.0409146049
 0.3268671078 0.1068451069 0.0149602723 0.0003571904 0.0052471401
 0.0020952718 0.0155192781 0.0054716289 0.0007102967 0.0002635098
 0.0056870431 0.0015457429 0.0168203635 0.0040365798 0.0007698456
 0.0011781193 0.0189130301 0.0069108238 0.0559383911 0.0180470447
 0.0025602257]
	collect g,h time= 0.28781700134277344
energy=-4.4542764622295845,dE=-0.00027895351933260315,std=0
loss  =-4.4542764622295845,dloss=-0.00027895351933260315,std=0
	gnorm= 0.10502909369789801
	collect S matrix time= 1.9073486328125e-05
	nonzero=11,wmax=1.6898534598678678
	SR solver time= 7.796287536621094e-05
	xnorm=3.352411025509011,dnorm=0.0024017997782656134
step= 408

nparam= 15
[0.0019229958 0.0307755766 0.0112370753 0.0911078151 0.0293886573
 0.0041634054 0.0006842722 0.0114341136 0.003998562  0.0338494749
 0.0104575582 0.0015468386 0.0069962533 0.1105121838 0.0408827859
 0.3271595438 0.1069219661 0.0149503949 0.0003551524 0.0052008109
 0.002075342  0.0153964465 0.0054277037 0.0007035801 0.0002667383
 0.0057245531 0.0015586923 0.0169469294 0.0040764943 0.0007744334
 0.0011805597 0.0188936481 0.006898631  0.0559326319 0.0180421948
 0.0025559851]
[0.0019229958 0.0307755766 0.0112370753 0.0911078151 0.0293886573
 0.0041634054 0.0006842722 0.0114341136 0.003998562  0.0338494749
 0.0104575582 0.0015468386 0.0069962533 0.1105121838 0.0408827859
 0.3271595438 0.1069219661 0.0149503949 0.0003551524 0.0052008109
 0.002075342  0.0153964465 0.0054277037 0.0007035801 0.0002667383
 0.0057245531 0.0015586923 0.0169469294 0.0040764943 0.0007744334
 0.0011805597 0.0188936481 0.006898631  0.0559326319 0.0180421948
 0.0025559851]
	dense amplitude time= 0.0006690025329589844
	total non-zero amplitudes= 36
	nsamples per process= 36
all_e= [-3.9962886554 -4.4021797975 -4.554565528  -4.2389216247 -4.41449882
 -4.8755331589 -4.8492172491 -4.123584572  -4.7676534669 -4.4782249886
 -5.1482134495 -4.5970318799 -4.5824758782 -4.4073339997 -4.2062798848
 -4.5748104297 -4.3987696322 -4.3230830483 -4.3363463409 -4.2785881073
 -4.7900429212 -3.7770067452 -4.3017600236 -4.10172019   -5.461442125
 -5.3308107404 -5.1625319187 -4.7039932879 -4.5932737721 -4.869907766
 -5.2247120469 -4.5100689266 -4.673130165  -4.3545308056 -4.536412012
 -3.831269063 ]
all_f= [0.0019229958 0.0307755767 0.0112370753 0.0911078151 0.0293886573
 0.0041634054 0.0006842722 0.0114341136 0.003998562  0.0338494749
 0.0104575582 0.0015468386 0.0069962533 0.1105121839 0.0408827859
 0.3271595438 0.1069219661 0.0149503949 0.0003551524 0.0052008109
 0.002075342  0.0153964465 0.0054277037 0.0007035801 0.0002667383
 0.0057245531 0.0015586923 0.0169469294 0.0040764943 0.0007744334
 0.0011805597 0.0188936481 0.006898631  0.0559326319 0.0180421948
 0.0025559851]
	collect g,h time= 0.2872314453125
energy=-4.454554734861803,dE=-0.00027827263221880116,std=0
loss  =-4.454554734861803,dloss=-0.00027827263221880116,std=0
	gnorm= 0.10478799791048674
	collect S matrix time= 2.3603439331054688e-05
	nonzero=11,wmax=1.6907764661725313
	SR solver time= 7.939338684082031e-05
	xnorm=3.353460054434587,dnorm=0.0024057038556983207
step= 409

nparam= 15
[0.0019231074 0.0306825141 0.0111947899 0.0909160002 0.0293217994
 0.0041482182 0.0006875806 0.011449203  0.0040025431 0.0339253731
 0.0104836059 0.0015479107 0.0070176093 0.110508884  0.0408508965
 0.327451189  0.1069981484 0.0149405934 0.0003531139 0.0051547184
 0.0020555462 0.015274054  0.0053839612 0.0006969082 0.0002699807
 0.0057620956 0.0015716112 0.0170737863 0.004116421  0.0007790245
 0.0011829873 0.0188741534 0.0068864038 0.0559263994 0.0180371185
 0.0025517501]
[0.0019231074 0.0306825141 0.0111947899 0.0909160002 0.0293217994
 0.0041482182 0.0006875806 0.011449203  0.0040025431 0.0339253731
 0.0104836059 0.0015479107 0.0070176093 0.110508884  0.0408508965
 0.327451189  0.1069981484 0.0149405934 0.0003531139 0.0051547184
 0.0020555462 0.015274054  0.0053839612 0.0006969082 0.0002699807
 0.0057620956 0.0015716112 0.0170737863 0.004116421  0.0007790245
 0.0011829873 0.0188741534 0.0068864038 0.0559263994 0.0180371185
 0.0025517501]
	dense amplitude time= 0.0006754398345947266
	total non-zero amplitudes= 36
	nsamples per process= 36
all_e= [-3.9961189541 -4.4026439572 -4.555192477  -4.2391420452 -4.4146981154
 -4.8763982271 -4.8486621827 -4.1240471523 -4.7681018199 -4.4784790279
 -5.1482708856 -4.5980356568 -4.5820866284 -4.407520962  -4.2067030855
 -4.5747850074 -4.398812683  -4.3238624091 -4.3343545858 -4.2775613212
 -4.7893367534 -3.7756325024 -4.3004976482 -4.1008193257 -5.4556914661
 -5.32946597   -5.159301342  -4.702322263  -4.5892613494 -4.8682339408
 -5.2240692097 -4.5100545873 -4.6733056779 -4.3543058716 -4.5362043885
 -3.8318704125]
all_f= [0.0019231074 0.0306825141 0.0111947899 0.0909160002 0.0293217994
 0.0041482182 0.0006875806 0.011449203  0.0040025431 0.0339253731
 0.0104836059 0.0015479107 0.0070176093 0.110508884  0.0408508965
 0.327451189  0.1069981484 0.0149405934 0.0003531139 0.0051547184
 0.0020555462 0.015274054  0.0053839612 0.0006969082 0.0002699807
 0.0057620956 0.0015716112 0.0170737863 0.004116421  0.0007790245
 0.0011829873 0.0188741534 0.0068864038 0.0559263994 0.0180371185
 0.0025517501]
	collect g,h time= 0.2906830310821533
energy=-4.45483232770526,dE=-0.00027759284345663104,std=0
loss  =-4.45483232770526,dloss=-0.00027759284345663104,std=0
	gnorm= 0.10454665377057323
	collect S matrix time= 3.0517578125e-05
	nonzero=11,wmax=1.691696873868947
	SR solver time= 0.0001246929168701172
	xnorm=3.354513748632788,dnorm=0.002409565153936742
step= 410

nparam= 15
[0.0019232045 0.0305897481 0.011152657  0.0907245014 0.0292549448
 0.0041331149 0.0006908978 0.0114643566 0.004006514  0.0340015235
 0.0105096342 0.0015489995 0.0070389651 0.1105053904 0.0408189375
 0.3277420402 0.1070736562 0.0149308677 0.0003510752 0.0051088625
 0.0020358839 0.0151521028 0.0053404019 0.0006902808 0.0002732368
 0.0057996698 0.0015844992 0.0172009312 0.0041563582 0.0007836188
 0.001185402  0.0188545473 0.0068741429 0.0559196956 0.018031817
 0.0025475205]
[0.0019232045 0.0305897481 0.011152657  0.0907245014 0.0292549448
 0.0041331149 0.0006908978 0.0114643566 0.004006514  0.0340015235
 0.0105096342 0.0015489995 0.0070389651 0.1105053904 0.0408189375
 0.3277420402 0.1070736562 0.0149308677 0.0003510752 0.0051088625
 0.0020358839 0.0151521028 0.0053404019 0.0006902808 0.0002732368
 0.0057996698 0.0015844992 0.0172009312 0.0041563582 0.0007836188
 0.001185402  0.0188545473 0.0068741429 0.0559196956 0.018031817
 0.0025475205]
	dense amplitude time= 0.0006847381591796875
	total non-zero amplitudes= 36
	nsamples per process= 36
all_e= [-3.9959517918 -4.4031076739 -4.5558188082 -4.2393622078 -4.4148989862
 -4.8772613483 -4.8481121973 -4.1245059445 -4.7685486601 -4.4787295276
 -5.1483295169 -4.5990355461 -4.5816983785 -4.4077077463 -4.2071243089
 -4.5747596186 -4.3988559392 -4.3246399621 -4.3323510583 -4.276524923
 -4.7886233084 -3.7742479694 -4.299228555  -4.0999024532 -5.4500345549
 -5.3281332394 -5.1561263072 -4.7006642464 -4.5853138866 -4.8665838798
 -5.223430114  -4.5100413879 -4.6734822308 -4.3540823529 -4.5360000489
 -3.8324715999]
all_f= [0.0019232045 0.0305897481 0.011152657  0.0907245014 0.0292549448
 0.0041331149 0.0006908978 0.0114643566 0.004006514  0.0340015235
 0.0105096342 0.0015489995 0.0070389651 0.1105053905 0.0408189375
 0.3277420401 0.1070736562 0.0149308677 0.0003510752 0.0051088625
 0.0020358839 0.0151521028 0.0053404019 0.0006902808 0.0002732368
 0.0057996698 0.0015844992 0.0172009312 0.0041563582 0.0007836188
 0.001185402  0.0188545473 0.0068741429 0.0559196956 0.018031817
 0.0025475205]
	collect g,h time= 0.2889690399169922
energy=-4.455109241833187,dE=-0.0002769141279266307,std=0
loss  =-4.455109241833187,dloss=-0.0002769141279266307,std=0
	gnorm= 0.10430506836177908
	collect S matrix time= 1.8596649169921875e-05
	nonzero=11,wmax=1.692614667433395
	SR solver time= 7.987022399902344e-05
	xnorm=3.355572092330657,dnorm=0.002413383060665231
step= 411

nparam= 15
[0.0019232871 0.0304972783 0.0111106763 0.090533319  0.0291880954
 0.0041180951 0.0006942237 0.011479574  0.0040104748 0.034077924
 0.0105356432 0.0015501048 0.0070603206 0.1105017045 0.0407869095
 0.3280320939 0.1071484919 0.0149212178 0.0003490362 0.0050632434
 0.0020163545 0.0150305948 0.0052970265 0.0006836977 0.0002765065
 0.0058372747 0.0015973559 0.0173283612 0.004196304  0.0007882163
 0.0011878039 0.0188348309 0.0068618487 0.0559125223 0.0180262919
 0.0025432966]
[0.0019232871 0.0304972783 0.0111106763 0.090533319  0.0291880954
 0.0041180951 0.0006942237 0.011479574  0.0040104748 0.034077924
 0.0105356432 0.0015501048 0.0070603206 0.1105017045 0.0407869095
 0.3280320939 0.1071484919 0.0149212178 0.0003490362 0.0050632434
 0.0020163545 0.0150305948 0.0052970265 0.0006836977 0.0002765065
 0.0058372747 0.0015973559 0.0173283612 0.004196304  0.0007882163
 0.0011878039 0.0188348309 0.0068618487 0.0559125223 0.0180262919
 0.0025432966]
	dense amplitude time= 0.0006570816040039062
	total non-zero amplitudes= 36
	nsamples per process= 36
all_e= [-3.9957871502 -4.403570944  -4.5564445257 -4.239582116  -4.4151014199
 -4.878122513  -4.8475671891 -4.124960975  -4.768993975  -4.4789765205
 -5.148389305  -4.6000315383 -4.5813111204 -4.4078943475 -4.20754357
 -4.5747342652 -4.3988993995 -4.3254156935 -4.3303356207 -4.2754788042
 -4.7879025042 -3.7728530351 -4.2979526326 -4.0989694177 -5.4444693553
 -5.3268124118 -5.1530056335 -4.6990190983 -4.5814300252 -4.8649572198
 -5.2227947365 -4.5100293175 -4.6736598196 -4.3538602459 -4.535798973
 -3.8330726062]
all_f= [0.0019232871 0.0304972783 0.0111106763 0.090533319  0.0291880954
 0.0041180951 0.0006942237 0.011479574  0.0040104748 0.034077924
 0.0105356432 0.0015501048 0.0070603206 0.1105017045 0.0407869095
 0.3280320939 0.1071484919 0.0149212178 0.0003490362 0.0050632434
 0.0020163545 0.0150305948 0.0052970265 0.0006836977 0.0002765065
 0.0058372747 0.0015973559 0.0173283612 0.004196304  0.0007882163
 0.0011878039 0.0188348309 0.0068618487 0.0559125223 0.0180262919
 0.0025432966]
	collect g,h time= 0.2883150577545166
energy=-4.455385478294046,dE=-0.00027623646085928044,std=0
loss  =-4.455385478294046,dloss=-0.00027623646085928044,std=0
	gnorm= 0.10406324888234389
	collect S matrix time= 1.8596649169921875e-05
	nonzero=11,wmax=1.6935298314494047
	SR solver time= 8.058547973632812e-05
	xnorm=3.356635069349391,dnorm=0.002417156972622474
step= 412

nparam= 15
[0.0019233553 0.0304051042 0.0110688472 0.090342453  0.0291212531
 0.0041031583 0.0006975583 0.0114948544 0.0040144256 0.0341545727
 0.010561633  0.0015512266 0.0070816756 0.1104978273 0.0407548129
 0.3283213471 0.107222658  0.0149116436 0.0003469972 0.0050178611
 0.0019969574 0.0149095322 0.0052538354 0.0006771586 0.0002797897
 0.0058749094 0.0016101807 0.0174560734 0.0042362568 0.000792817
 0.0011901929 0.0188150055 0.0068495217 0.0559048816 0.0180205446
 0.0025390785]
[0.0019233553 0.0304051042 0.0110688472 0.090342453  0.0291212531
 0.0041031583 0.0006975583 0.0114948544 0.0040144256 0.0341545727
 0.010561633  0.0015512266 0.0070816756 0.1104978273 0.0407548129
 0.3283213471 0.107222658  0.0149116436 0.0003469972 0.0050178611
 0.0019969574 0.0149095322 0.0052538354 0.0006771586 0.0002797897
 0.0058749094 0.0016101807 0.0174560734 0.0042362568 0.000792817
 0.0011901929 0.0188150055 0.0068495217 0.0559048816 0.0180205446
 0.0025390785]
	dense amplitude time= 0.0006766319274902344
	total non-zero amplitudes= 36
	nsamples per process= 36
all_e= [-3.9956250115 -4.4040337639 -4.5570696338 -4.2398017733 -4.4153054043
 -4.8789817118 -4.8470270562 -4.1254122698 -4.7694377521 -4.4792200391
 -5.1484502119 -4.6010236243 -4.5809248465 -4.4080807603 -4.2079608834
 -4.5747089491 -4.3989430621 -4.3261895897 -4.3283081336 -4.2744228549
 -4.7871742579 -3.7714475865 -4.2966697687 -4.0980200622 -5.4389938861
 -5.3255033522 -5.1499381721 -4.6973866804 -4.5776084429 -4.8633536032
 -5.2221630544 -4.5100183656 -4.6738384404 -4.3536395469 -4.5356011405
 -3.8336734125]
all_f= [0.0019233553 0.0304051042 0.0110688472 0.090342453  0.0291212531
 0.0041031583 0.0006975583 0.0114948544 0.0040144256 0.0341545727
 0.010561633  0.0015512266 0.0070816756 0.1104978273 0.0407548129
 0.3283213471 0.107222658  0.0149116436 0.0003469972 0.0050178611
 0.0019969574 0.0149095322 0.0052538354 0.0006771586 0.0002797897
 0.0058749094 0.0016101807 0.0174560734 0.0042362568 0.000792817
 0.0011901929 0.0188150055 0.0068495217 0.0559048816 0.0180205446
 0.0025390785]
	collect g,h time= 0.2871582508087158
energy=-4.455661038112074,dE=-0.00027555981802773744,std=0
loss  =-4.455661038112074,dloss=-0.00027555981802773744,std=0
	gnorm= 0.10382120264416878
	collect S matrix time= 2.0503997802734375e-05
	nonzero=11,wmax=1.6944423506094966
	SR solver time= 8.034706115722656e-05
	xnorm=3.357702663104621,dnorm=0.002420886295672951
step= 413

nparam= 15
[0.0019234092 0.0303132253 0.0110271695 0.0901519036 0.0290544195
 0.004088304  0.0007009018 0.0115101972 0.0040183664 0.0342314675
 0.0105876039 0.0015523648 0.0071030299 0.11049376   0.0407226484
 0.3286097966 0.1072961569 0.014902145  0.0003449581 0.0049727155
 0.0019776921 0.0147889169 0.0052108291 0.0006706635 0.0002830864
 0.0059125731 0.0016229732 0.0175840649 0.0042762147 0.0007974208
 0.001192569  0.0187950723 0.0068371626 0.0558967755 0.0180145765
 0.0025348662]
[0.0019234092 0.0303132253 0.0110271695 0.0901519036 0.0290544195
 0.004088304  0.0007009018 0.0115101972 0.0040183664 0.0342314675
 0.0105876039 0.0015523648 0.0071030299 0.11049376   0.0407226484
 0.3286097966 0.1072961569 0.014902145  0.0003449581 0.0049727155
 0.0019776921 0.0147889169 0.0052108291 0.0006706635 0.0002830864
 0.0059125731 0.0016229732 0.0175840649 0.0042762147 0.0007974208
 0.001192569  0.0187950723 0.0068371626 0.0558967755 0.0180145765
 0.0025348662]
	dense amplitude time= 0.0006656646728515625
	total non-zero amplitudes= 36
	nsamples per process= 36
all_e= [-3.9954653577 -4.4044961302 -4.5576941363 -4.2400211834 -4.4155109271
 -4.8798389351 -4.8464916984 -4.125859855  -4.7698799793 -4.4794601159
 -5.1485122004 -4.6020117954 -4.580539549  -4.4082669794 -4.2083762639
 -4.5746836723 -4.3989869257 -4.3269616372 -4.3262684558 -4.2733569636
 -4.7864384855 -3.7700315089 -4.2953798494 -4.0970542273 -5.4336062195
 -5.3242059275 -5.1469228046 -4.6957668568 -4.5738478525 -4.8617726785
 -5.2215350446 -4.5100085217 -4.674018089  -4.3534202524 -4.5354065313
 -3.834274    ]
all_f= [0.0019234092 0.0303132253 0.0110271695 0.0901519036 0.0290544195
 0.004088304  0.0007009018 0.0115101972 0.0040183664 0.0342314675
 0.0105876039 0.0015523648 0.0071030299 0.11049376   0.0407226484
 0.3286097966 0.107296157  0.014902145  0.0003449581 0.0049727155
 0.0019776921 0.0147889169 0.0052108291 0.0006706635 0.0002830864
 0.0059125731 0.0016229732 0.0175840649 0.0042762147 0.0007974208
 0.001192569  0.0187950723 0.0068371626 0.0558967755 0.0180145765
 0.0025348662]
	collect g,h time= 0.28687572479248047
energy=-4.455935922287658,dE=-0.00027488417558441114,std=0
loss  =-4.455935922287658,dloss=-0.00027488417558441114,std=0
	gnorm= 0.10357893707179375
	collect S matrix time= 1.9550323486328125e-05
	nonzero=11,wmax=1.695352209716922
	SR solver time= 7.915496826171875e-05
	xnorm=3.358774856606811,dnorm=0.0024245704448766776
step= 414

nparam= 15
[0.0019234487 0.0302216412 0.0109856428 0.0899616709 0.0289875967
 0.0040735317 0.000704254  0.0115256018 0.0040222974 0.0343086065
 0.010613556  0.0015535194 0.0071243833 0.1104895038 0.0406904165
 0.328897439  0.1073689912 0.014892722  0.000342919  0.0049278067
 0.0019585581 0.0146687508 0.0051680082 0.000664212  0.0002863964
 0.0059502649 0.001635733  0.0177123329 0.0043161762 0.0008020277
 0.0011949322 0.0187750326 0.0068247717 0.0558882059 0.0180083891
 0.0025306598]
[0.0019234487 0.0302216412 0.0109856428 0.0899616709 0.0289875967
 0.0040735317 0.000704254  0.0115256018 0.0040222974 0.0343086065
 0.010613556  0.0015535194 0.0071243833 0.1104895038 0.0406904165
 0.328897439  0.1073689912 0.014892722  0.000342919  0.0049278067
 0.0019585581 0.0146687508 0.0051680082 0.000664212  0.0002863964
 0.0059502649 0.001635733  0.0177123329 0.0043161762 0.0008020277
 0.0011949322 0.0187750326 0.0068247717 0.0558882059 0.0180083891
 0.0025306598]
	dense amplitude time= 0.0006678104400634766
	total non-zero amplitudes= 36
	nsamples per process= 36
all_e= [-3.9953081709 -4.4049580395 -4.5583180373 -4.2402403498 -4.4157179759
 -4.8806941737 -4.8459610172 -4.1263037565 -4.7703206451 -4.4796967828
 -5.1485752338 -4.6029960429 -4.5801552203 -4.4084529999 -4.208789726
 -4.5746584366 -4.3990309887 -4.3277318227 -4.3242164439 -4.2722810171
 -4.7856951016 -3.7686046855 -4.2940827597 -4.0960717512 -5.428304479
 -5.3229200067 -5.1439584423 -4.6941594937 -4.5701470006 -4.8602140997
 -5.2209106844 -4.5099997753 -4.6741987612 -4.3532023587 -4.5352151255
 -3.8348743501]
all_f= [0.0019234487 0.0302216412 0.0109856428 0.0899616709 0.0289875967
 0.0040735317 0.000704254  0.0115256018 0.0040222974 0.0343086065
 0.010613556  0.0015535194 0.0071243833 0.1104895038 0.0406904165
 0.328897439  0.1073689912 0.014892722  0.000342919  0.0049278067
 0.0019585581 0.0146687508 0.0051680082 0.000664212  0.0002863964
 0.0059502649 0.001635733  0.0177123329 0.0043161762 0.0008020277
 0.0011949322 0.0187750326 0.0068247717 0.0558882059 0.0180083891
 0.0025306598]
	collect g,h time= 0.29032254219055176
energy=-4.45621013179792,dE=-0.0002742095102616915,std=0
loss  =-4.45621013179792,dloss=-0.0002742095102616915,std=0
	gnorm= 0.10333645970132121
	collect S matrix time= 2.8133392333984375e-05
	nonzero=11,wmax=1.6962593936873915
	SR solver time= 0.00012183189392089844
	xnorm=3.359851632461745,dnorm=0.0024282088445582947
step= 415

nparam= 15
[0.0019234741 0.0301303513 0.0109442666 0.089771755  0.0289207863
 0.0040588411 0.000707615  0.0115410675 0.0040262186 0.0343859876
 0.0106394893 0.0015546901 0.0071457358 0.1104850598 0.0406581179
 0.3291842714 0.1074411631 0.0148833744 0.0003408802 0.0048831346
 0.0019395548 0.0145490361 0.005125373  0.0006578041 0.0002897197
 0.0059879838 0.0016484598 0.0178408744 0.0043561395 0.0008066376
 0.0011972825 0.0187548875 0.0068123497 0.0558791748 0.0180019837
 0.0025264594]
[0.0019234741 0.0301303513 0.0109442666 0.089771755  0.0289207863
 0.0040588411 0.000707615  0.0115410675 0.0040262186 0.0343859876
 0.0106394893 0.0015546901 0.0071457358 0.1104850598 0.0406581179
 0.3291842714 0.1074411631 0.0148833744 0.0003408802 0.0048831346
 0.0019395548 0.0145490361 0.005125373  0.0006578041 0.0002897197
 0.0059879838 0.0016484598 0.0178408744 0.0043561395 0.0008066376
 0.0011972825 0.0187548875 0.0068123497 0.0558791748 0.0180019837
 0.0025264594]
	dense amplitude time= 0.0006995201110839844
	total non-zero amplitudes= 36
	nsamples per process= 36
all_e= [-3.9951534334 -4.4054194883 -4.5589413406 -4.240459276  -4.4159265386
 -4.8815474183 -4.8454349157 -4.1267439999 -4.7707597379 -4.4799300719
 -5.1486392761 -4.6039763584 -4.5797718532 -4.4086388166 -4.2092012841
 -4.5746332439 -4.3990752496 -4.328500133  -4.3221519528 -4.2711949005
 -4.78494402   -3.7671669978 -4.2927783833 -4.0950724701 -5.4230868381
 -5.3216454604 -5.1410440251 -4.6925644592 -4.5665046666 -4.8586775265
 -5.2202899513 -4.5099921162 -4.6743804529 -4.3529858624 -4.5350269029
 -3.8354744442]
all_f= [0.0019234741 0.0301303513 0.0109442666 0.089771755  0.0289207863
 0.0040588411 0.000707615  0.0115410675 0.0040262186 0.0343859876
 0.0106394893 0.0015546901 0.0071457358 0.1104850598 0.0406581179
 0.3291842714 0.1074411631 0.0148833744 0.0003408802 0.0048831346
 0.0019395548 0.0145490361 0.005125373  0.0006578041 0.0002897197
 0.0059879838 0.0016484598 0.0178408744 0.0043561395 0.0008066376
 0.0011972825 0.0187548875 0.0068123497 0.0558791748 0.0180019837
 0.0025264594]
	collect g,h time= 0.2875685691833496
energy=-4.456483667597042,dE=-0.0002735357991223708,std=0
loss  =-4.456483667597042,dloss=-0.0002735357991223708,std=0
	gnorm= 0.1030937781792713
	collect S matrix time= 1.7881393432617188e-05
	nonzero=11,wmax=1.6971638875507904
	SR solver time= 7.82012939453125e-05
	xnorm=3.360932972871119,dnorm=0.002431800928374603
step= 416

nparam= 15
[0.0019234854 0.0300393551 0.0109030407 0.0895821561 0.0288539901
 0.0040442316 0.0007109848 0.0115565937 0.0040301302 0.0344636088
 0.0106654041 0.001555877  0.0071670871 0.1104804292 0.0406257531
 0.3294702906 0.1075126753 0.0148741023 0.0003388415 0.0048386993
 0.0019206816 0.0144297744 0.0050829241 0.0006514394 0.0002930562
 0.006025729  0.0016611529 0.0179696865 0.0043961031 0.0008112506
 0.0011996197 0.0187346382 0.0067998971 0.0558696843 0.0179953619
 0.002522265 ]
[0.0019234854 0.0300393551 0.0109030407 0.0895821561 0.0288539901
 0.0040442316 0.0007109848 0.0115565937 0.0040301302 0.0344636088
 0.0106654041 0.001555877  0.0071670871 0.1104804292 0.0406257531
 0.3294702906 0.1075126753 0.0148741023 0.0003388415 0.0048386993
 0.0019206816 0.0144297744 0.0050829241 0.0006514394 0.0002930562
 0.006025729  0.0016611529 0.0179696865 0.0043961031 0.0008112506
 0.0011996197 0.0187346382 0.0067998971 0.0558696843 0.0179953619
 0.002522265 ]
	dense amplitude time= 0.000675201416015625
	total non-zero amplitudes= 36
	nsamples per process= 36
all_e= [-3.9950011276 -4.4058804732 -4.55956405   -4.2406779655 -4.4161366029
 -4.8823986598 -4.8449132986 -4.1271806108 -4.7711972467 -4.4801600149
 -5.1487042916 -4.6049527339 -4.5793894405 -4.4088244245 -4.2096109527
 -4.574608096  -4.399119707  -4.329266555  -4.3200748352 -4.2700984972
 -4.7841851531 -3.7657183253 -4.2914666026 -4.0940562172 -5.4179515182
 -5.3203821614 -5.1381785206 -4.6909816234 -4.5629196617 -4.8571626242
 -5.2196728226 -4.509985534  -4.6745631601 -4.3527707598 -4.5348418439
 -3.836074264 ]
all_f= [0.0019234854 0.0300393551 0.0109030407 0.0895821561 0.0288539901
 0.0040442316 0.0007109848 0.0115565937 0.0040301302 0.0344636088
 0.0106654041 0.001555877  0.0071670871 0.1104804292 0.0406257531
 0.3294702906 0.1075126753 0.0148741023 0.0003388415 0.0048386993
 0.0019206816 0.0144297744 0.0050829241 0.0006514394 0.0002930562
 0.006025729  0.0016611529 0.0179696865 0.0043961031 0.0008112506
 0.0011996197 0.0187346382 0.0067998971 0.0558696843 0.0179953619
 0.002522265 ]
	collect g,h time= 0.28679943084716797
energy=-4.456756530616747,dE=-0.000272863019705305,std=0
loss  =-4.456756530616747,dloss=-0.000272863019705305,std=0
	gnorm= 0.10285090026138367
	collect S matrix time= 1.9550323486328125e-05
	nonzero=11,wmax=1.6980656764528983
	SR solver time= 8.130073547363281e-05
	xnorm=3.362018859633247,dnorm=0.0024353461393810337
step= 417

nparam= 15
[0.0019234826 0.0299486522 0.0108619646 0.0893928742 0.0287872099
 0.0040297028 0.0007143634 0.0115721799 0.0040340321 0.0345414683
 0.0106913005 0.0015570799 0.007188437  0.1104756132 0.0405933226
 0.3297554935 0.1075835301 0.0148649054 0.0003368032 0.0047945007
 0.0019019381 0.0143109678 0.0050406619 0.0006451179 0.0002964057
 0.0060634996 0.0016738122 0.0180987664 0.0044360652 0.0008158665
 0.001201944  0.018714286  0.0067874144 0.0558597362 0.017988525
 0.0025180769]
[0.0019234826 0.0299486522 0.0108619646 0.0893928742 0.0287872099
 0.0040297028 0.0007143634 0.0115721799 0.0040340321 0.0345414683
 0.0106913005 0.0015570799 0.007188437  0.1104756132 0.0405933226
 0.3297554935 0.1075835301 0.0148649054 0.0003368032 0.0047945007
 0.0019019381 0.0143109678 0.0050406619 0.0006451179 0.0002964057
 0.0060634996 0.0016738122 0.0180987664 0.0044360652 0.0008158665
 0.001201944  0.018714286  0.0067874144 0.0558597362 0.017988525
 0.0025180769]
	dense amplitude time= 0.000675201416015625
	total non-zero amplitudes= 36
	nsamples per process= 36
all_e= [-3.9948512358 -4.4063409911 -4.5601861693 -4.2408964218 -4.4163481566
 -4.8832478892 -4.8443960725 -4.1276136146 -4.7716331608 -4.4803866433
 -5.1487702455 -4.6059251614 -4.579007975  -4.4090098186 -4.2100187459
 -4.5745829949 -4.3991643594 -4.3300310757 -4.3179849418 -4.268991689
 -4.7834184124 -3.7642585454 -4.2901472986 -4.0930228238 -5.4128967876
 -5.319129984  -5.1353609232 -4.6894108582 -4.5593908277 -4.8556690634
 -5.2190592759 -4.5099800188 -4.6747468786 -4.3525570477 -4.5346599286
 -3.8366737912]
all_f= [0.0019234826 0.0299486522 0.0108619646 0.0893928742 0.0287872099
 0.0040297028 0.0007143634 0.0115721799 0.0040340321 0.0345414683
 0.0106913005 0.0015570799 0.007188437  0.1104756132 0.0405933226
 0.3297554934 0.1075835302 0.0148649054 0.0003368032 0.0047945007
 0.0019019381 0.0143109678 0.0050406619 0.0006451179 0.0002964057
 0.0060634996 0.0016738122 0.0180987664 0.0044360652 0.0008158665
 0.001201944  0.018714286  0.0067874144 0.0558597362 0.017988525
 0.0025180769]
	collect g,h time= 0.28729796409606934
energy=-4.4570287217667985,dE=-0.0002721911500511709,std=0
loss  =-4.4570287217667985,dloss=-0.0002721911500511709,std=0
	gnorm= 0.10260783381135513
	collect S matrix time= 2.0503997802734375e-05
	nonzero=11,wmax=1.6989647456570647
	SR solver time= 8.082389831542969e-05
	xnorm=3.3631092741438553,dnorm=0.0024388439300963307
step= 418

nparam= 15
[0.0019234658 0.0298582421 0.010821038  0.0892039095 0.0287204475
 0.0040152542 0.0007177509 0.0115878253 0.0040379244 0.0346195639
 0.0107171786 0.0015582988 0.0072097854 0.1104706129 0.0405608271
 0.330039877  0.1076537301 0.0148557837 0.0003347653 0.0047505387
 0.0018833236 0.0141926181 0.0049985868 0.0006388394 0.0002997683
 0.0061012949 0.0016864372 0.0182281111 0.0044760244 0.0008204853
 0.0012042553 0.018693832  0.0067749021 0.0558493326 0.0179814745
 0.002513895 ]
[0.0019234658 0.0298582421 0.010821038  0.0892039095 0.0287204475
 0.0040152542 0.0007177509 0.0115878253 0.0040379244 0.0346195639
 0.0107171786 0.0015582988 0.0072097854 0.1104706129 0.0405608271
 0.330039877  0.1076537301 0.0148557837 0.0003347653 0.0047505387
 0.0018833236 0.0141926181 0.0049985868 0.0006388394 0.0002997683
 0.0061012949 0.0016864372 0.0182281111 0.0044760244 0.0008204853
 0.0012042553 0.018693832  0.0067749021 0.0558493326 0.0179814745
 0.002513895 ]
	dense amplitude time= 0.0006740093231201172
	total non-zero amplitudes= 36
	nsamples per process= 36
all_e= [-3.9947037405 -4.4068010388 -4.5608077022 -4.2411146484 -4.4165611875
 -4.8840950974 -4.8438831453 -4.1280430366 -4.7720674698 -4.4806099884
 -5.1488371033 -4.6068936334 -4.5786274498 -4.4091949939 -4.2104246781
 -4.5745579422 -4.3992092053 -4.3307936825 -4.3158821212 -4.2678743557
 -4.7826437079 -3.7627875338 -4.2888203511 -4.0919721183 -5.4079209596
 -5.3178888045 -5.1325902534 -4.6878520376 -4.555917036  -4.8541965198
 -5.2184492891 -4.5099755604 -4.6749316042 -4.3523447224 -4.5344811373
 -3.8372730077]
all_f= [0.0019234658 0.0298582421 0.010821038  0.0892039095 0.0287204475
 0.0040152542 0.0007177509 0.0115878253 0.0040379244 0.0346195639
 0.0107171786 0.0015582988 0.0072097854 0.1104706129 0.0405608271
 0.330039877  0.1076537301 0.0148557837 0.0003347653 0.0047505387
 0.0018833236 0.0141926181 0.0049985868 0.0006388394 0.0002997683
 0.0061012949 0.0016864372 0.0182281111 0.0044760244 0.0008204853
 0.0012042553 0.018693832  0.0067749021 0.0558493326 0.0179814745
 0.002513895 ]
	collect g,h time= 0.2880408763885498
energy=-4.457300241935325,dE=-0.00027152016852660665,std=0
loss  =-4.457300241935325,dloss=-0.00027152016852660665,std=0
	gnorm= 0.10236458679951901
	collect S matrix time= 1.8835067749023438e-05
	nonzero=11,wmax=1.6998610805459076
	SR solver time= 8.058547973632812e-05
	xnorm=3.3642041973969867,dnorm=0.002442293762566238
step= 419

nparam= 15
[0.001923435  0.0297681242 0.0107802605 0.0890152621 0.0286537047
 0.0040008853 0.0007211471 0.0116035294 0.0040418073 0.0346978938
 0.0107430385 0.0015595336 0.0072311322 0.1104654293 0.0405282671
 0.3303234382 0.1077232777 0.0148467372 0.000332728  0.0047068134
 0.0018648377 0.0140747272 0.0049566993 0.0006326035 0.0003031438
 0.0061391138 0.0016990275 0.0183577177 0.0045159791 0.0008251071
 0.0012065535 0.0186732773 0.0067623607 0.0558384755 0.0179742119
 0.0025097195]
[0.001923435  0.0297681242 0.0107802605 0.0890152621 0.0286537047
 0.0040008853 0.0007211471 0.0116035294 0.0040418073 0.0346978938
 0.0107430385 0.0015595336 0.0072311322 0.1104654293 0.0405282671
 0.3303234382 0.1077232777 0.0148467372 0.000332728  0.0047068134
 0.0018648377 0.0140747272 0.0049566993 0.0006326035 0.0003031438
 0.0061391138 0.0016990275 0.0183577177 0.0045159791 0.0008251071
 0.0012065535 0.0186732773 0.0067623607 0.0558384755 0.0179742119
 0.0025097195]
	dense amplitude time= 0.0006663799285888672
	total non-zero amplitudes= 36
	nsamples per process= 36
all_e= [-3.9945586245 -4.4072606129 -4.5614286522 -4.2413326488 -4.4167756837
 -4.8849402756 -4.8433744266 -4.1284689019 -4.7725001636 -4.4808300814
 -5.1489048312 -4.6078581425 -4.5782478581 -4.4093799457 -4.2108287632
 -4.5745329398 -4.3992542434 -4.3315543626 -4.3137662201 -4.2667463756
 -4.7818609486 -3.7613051637 -4.2874856382 -4.0909039266 -5.4030223912
 -5.3166585008 -5.1298655567 -4.6863050374 -4.5524971869 -4.8527446746
 -5.2178428399 -4.509972149  -4.6751173327 -4.3521337807 -4.5343054503
 -3.8378718956]
all_f= [0.001923435  0.0297681242 0.0107802605 0.0890152621 0.0286537047
 0.0040008853 0.0007211471 0.0116035294 0.0040418073 0.0346978938
 0.0107430385 0.0015595336 0.0072311322 0.1104654294 0.0405282671
 0.3303234382 0.1077232777 0.0148467372 0.000332728  0.0047068134
 0.0018648377 0.0140747272 0.0049566993 0.0006326035 0.0003031438
 0.0061391138 0.0016990275 0.0183577177 0.0045159791 0.0008251071
 0.0012065535 0.0186732773 0.0067623607 0.0558384755 0.0179742119
 0.0025097195]
	collect g,h time= 0.286405086517334
energy=-4.4575710919894265,dE=-0.0002708500541013237,std=0
loss  =-4.4575710919894265,dloss=-0.0002708500541013237,std=0
	gnorm= 0.10212116730146929
	collect S matrix time= 1.8596649169921875e-05
	nonzero=11,wmax=1.7007546666229827
	SR solver time= 8.130073547363281e-05
	xnorm=3.365303609986013,dnorm=0.0024456951084255063
step= 420

nparam= 15
[0.0019233904 0.0296782981 0.0107396317 0.0888269321 0.028586983
 0.0039865959 0.0007245522 0.0116192916 0.0040456808 0.0347764559
 0.0107688803 0.0015607842 0.0072524771 0.1104600638 0.0404956432
 0.3306061741 0.1077921754 0.0148377657 0.0003306912 0.0046633246
 0.0018464799 0.0139572968 0.0049149999 0.0006264103 0.0003065321
 0.0061769555 0.0017115827 0.0184875834 0.0045559277 0.0008297317
 0.0012088388 0.0186526233 0.0067497908 0.055827167  0.0179667387
 0.0025055504]
[0.0019233904 0.0296782981 0.0107396317 0.0888269321 0.028586983
 0.0039865959 0.0007245522 0.0116192916 0.0040456808 0.0347764559
 0.0107688803 0.0015607842 0.0072524771 0.1104600638 0.0404956432
 0.3306061741 0.1077921754 0.0148377657 0.0003306912 0.0046633246
 0.0018464799 0.0139572968 0.0049149999 0.0006264103 0.0003065321
 0.0061769555 0.0017115827 0.0184875834 0.0045559277 0.0008297317
 0.0012088388 0.0186526233 0.0067497908 0.055827167  0.0179667387
 0.0025055504]
	dense amplitude time= 0.0006656646728515625
	total non-zero amplitudes= 36
	nsamples per process= 36
all_e= [-3.9944158702 -4.4077197104 -4.5620490228 -4.2415504263 -4.4169916329
 -4.885783415  -4.8428698274 -4.1288912354 -4.7729312323 -4.4810469531
 -5.1489733959 -4.6088186815 -4.5778691934 -4.4095646692 -4.2112310152
 -4.5745079894 -4.3992994721 -4.3323131035 -4.3116370827 -4.2656076248
 -4.7810700422 -3.7598113065 -4.286143037  -4.0898180722 -5.3981994816
 -5.3154389526 -5.127185903  -4.684769735  -4.5491302084 -4.8513132139
 -5.2172399063 -4.5099697748 -4.67530406   -4.351924219  -4.5341328483
 -3.8384704371]
all_f= [0.0019233904 0.0296782981 0.0107396317 0.0888269321 0.028586983
 0.0039865959 0.0007245522 0.0116192916 0.0040456808 0.0347764559
 0.0107688803 0.0015607842 0.0072524771 0.1104600638 0.0404956432
 0.3306061741 0.1077921754 0.0148377657 0.0003306912 0.0046633246
 0.0018464799 0.0139572968 0.0049149999 0.0006264103 0.0003065321
 0.0061769555 0.0017115827 0.0184875834 0.0045559277 0.0008297317
 0.0012088388 0.0186526233 0.0067497908 0.055827167  0.0179667387
 0.0025055504]
	collect g,h time= 0.28688597679138184
energy=-4.457841272775405,dE=-0.00027018078597862427,std=0
loss  =-4.457841272775405,dloss=-0.00027018078597862427,std=0
	gnorm= 0.10187758349662084
	collect S matrix time= 1.811981201171875e-05
	nonzero=11,wmax=1.7016454895144335
	SR solver time= 8.0108642578125e-05
	xnorm=3.3664074921047367,dnorm=0.0024490474489582627
step= 421

nparam= 15
[0.0019233321 0.0295887632 0.0106991513 0.0886389196 0.0285202844
 0.0039723852 0.0007279661 0.0116351112 0.004049545  0.0348552482
 0.0107947042 0.0015620506 0.00727382   0.1104545174 0.040462956
 0.3308880817 0.1078604256 0.014828869  0.0003286551 0.0046200722
 0.0018282494 0.0138403288 0.0048734888 0.0006202593 0.0003099331
 0.0062148193 0.0017241025 0.0186177052 0.0045958687 0.0008343592
 0.0012111109 0.018631871  0.0067371929 0.0558154089 0.0179590561
 0.0025013877]
[0.0019233321 0.0295887632 0.0106991513 0.0886389196 0.0285202844
 0.0039723852 0.0007279661 0.0116351112 0.004049545  0.0348552482
 0.0107947042 0.0015620506 0.00727382   0.1104545174 0.040462956
 0.3308880817 0.1078604256 0.014828869  0.0003286551 0.0046200722
 0.0018282494 0.0138403288 0.0048734888 0.0006202593 0.0003099331
 0.0062148193 0.0017241025 0.0186177052 0.0045958687 0.0008343592
 0.0012111109 0.018631871  0.0067371929 0.0558154089 0.0179590561
 0.0025013877]
	dense amplitude time= 0.0006833076477050781
	total non-zero amplitudes= 36
	nsamples per process= 36
all_e= [-3.9942754606 -4.4081783283 -4.5626688176 -4.2417679845 -4.417209023
 -4.8866245068 -4.8423692604 -4.129310062  -4.7733606666 -4.4812606343
 -5.1490427646 -4.6097752436 -4.5774914489 -4.4097491594 -4.2116314481
 -4.5744830927 -4.3993448901 -4.333069893  -4.3094945513 -4.2644579778
 -4.780270895  -3.7583058315 -4.2847924227 -4.0887143755 -5.3934506712
 -5.3142300412 -5.1245503857 -4.6832460099 -4.5458150557 -4.849901829
 -5.2166404663 -4.5099684279 -4.675491782  -4.3517160342 -4.5339633116
 -3.8390686145]
all_f= [0.0019233321 0.0295887632 0.0106991513 0.0886389196 0.0285202844
 0.0039723852 0.0007279661 0.0116351112 0.004049545  0.0348552482
 0.0107947042 0.0015620506 0.00727382   0.1104545174 0.040462956
 0.3308880817 0.1078604256 0.014828869  0.0003286551 0.0046200722
 0.0018282494 0.0138403288 0.0048734888 0.0006202593 0.0003099331
 0.0062148193 0.0017241025 0.0186177052 0.0045958687 0.0008343592
 0.0012111109 0.018631871  0.0067371929 0.0558154089 0.0179590561
 0.0025013877]
	collect g,h time= 0.2905731201171875
energy=-4.458110785119398,dE=-0.0002695123439933056,std=0
loss  =-4.458110785119398,dloss=-0.0002695123439933056,std=0
	gnorm= 0.10163384366671913
	collect S matrix time= 2.9802322387695312e-05
	nonzero=11,wmax=1.7025335349706474
	SR solver time= 0.00012087821960449219
	xnorm=3.367515823548612,dnorm=0.0024523502751571777
step= 422

nparam= 15
[0.0019232599 0.0294995189 0.0106588189 0.0884512248 0.0284536104
 0.003958253  0.0007313889 0.0116509876 0.0040533998 0.0349342688
 0.0108205103 0.0015633325 0.0072951607 0.1104487911 0.0404302061
 0.3311691581 0.1079280308 0.0148200472 0.0003266198 0.0045770562
 0.001810146  0.0137238248 0.0048321665 0.0006141506 0.0003133469
 0.0062527042 0.0017365866 0.0187480802 0.0046358006 0.0008389895
 0.00121337   0.0186110216 0.0067245676 0.0558032034 0.0179511659
 0.0024972317]
[0.0019232599 0.0294995189 0.0106588189 0.0884512248 0.0284536104
 0.003958253  0.0007313889 0.0116509876 0.0040533998 0.0349342688
 0.0108205103 0.0015633325 0.0072951607 0.1104487911 0.0404302061
 0.3311691581 0.1079280308 0.0148200472 0.0003266198 0.0045770562
 0.001810146  0.0137238248 0.0048321665 0.0006141506 0.0003133469
 0.0062527042 0.0017365866 0.0187480802 0.0046358006 0.0008389895
 0.00121337   0.0186110216 0.0067245676 0.0558032034 0.0179511659
 0.0024972317]
	dense amplitude time= 0.0006928443908691406
	total non-zero amplitudes= 36
	nsamples per process= 36
all_e= [-3.9941373784 -4.4086364634 -4.5632880399 -4.2419853267 -4.4174278422
 -4.8874635426 -4.8418726398 -4.1297254063 -4.7737884571 -4.4814711554
 -5.1491129052 -4.610727822  -4.5771146184 -4.4099334117 -4.2120300755
 -4.5744582516 -4.3993904959 -4.3338247186 -4.3073384659 -4.263297307
 -4.7794634122 -3.7567886055 -4.2834336695 -4.0875926547 -5.3887744399
 -5.3130316496 -5.1219581211 -4.6817337432 -4.54255071   -4.8485102157
 -5.2160444983 -4.5099680989 -4.6756804943 -4.3515092228 -4.5337968211
 -3.8396664101]
all_f= [0.0019232599 0.0294995189 0.0106588189 0.0884512248 0.0284536104
 0.003958253  0.0007313889 0.0116509876 0.0040533998 0.0349342688
 0.0108205103 0.0015633325 0.0072951607 0.1104487911 0.0404302061
 0.3311691581 0.1079280308 0.0148200472 0.0003266198 0.0045770562
 0.001810146  0.0137238248 0.0048321665 0.0006141506 0.0003133469
 0.0062527042 0.0017365866 0.0187480802 0.0046358006 0.0008389895
 0.00121337   0.0186110216 0.0067245676 0.0558032034 0.0179511659
 0.0024972317]
	collect g,h time= 0.28774046897888184
energy=-4.45837962982769,dE=-0.0002688447082919154,std=0
loss  =-4.45837962982769,dloss=-0.0002688447082919154,std=0
	gnorm= 0.10138995619428796
	collect S matrix time= 2.2411346435546875e-05
	nonzero=11,wmax=1.7034187888678671
	SR solver time= 8.106231689453125e-05
	xnorm=3.3686285837160574,dnorm=0.002455603087780574
step= 423

nparam= 15
[0.0019231742 0.0294105649 0.0106186341 0.0882638477 0.0283869627
 0.0039441988 0.0007348205 0.0116669203 0.0040572455 0.0350135158
 0.0108462987 0.00156463   0.007316499  0.1104428863 0.040397394
 0.3314494004 0.1079949936 0.0148113001 0.0003245853 0.0045342765
 0.0017921689 0.0136077867 0.0047910335 0.0006080838 0.0003167732
 0.0062906094 0.0017490346 0.0188787055 0.0046757221 0.0008436225
 0.0012156161 0.0185900763 0.0067119152 0.0557905525 0.0179430693
 0.0024930823]
[0.0019231742 0.0294105649 0.0106186341 0.0882638477 0.0283869627
 0.0039441988 0.0007348205 0.0116669203 0.0040572455 0.0350135158
 0.0108462987 0.00156463   0.007316499  0.1104428863 0.040397394
 0.3314494004 0.1079949936 0.0148113001 0.0003245853 0.0045342765
 0.0017921689 0.0136077867 0.0047910335 0.0006080838 0.0003167732
 0.0062906094 0.0017490346 0.0188787055 0.0046757221 0.0008436225
 0.0012156161 0.0185900763 0.0067119152 0.0557905525 0.0179430693
 0.0024930823]
	dense amplitude time= 0.0006613731384277344
	total non-zero amplitudes= 36
	nsamples per process= 36
all_e= [-3.9940016066 -4.4090941129 -4.563906693  -4.2422024563 -4.4176480783
 -4.8883005136 -4.8413798811 -4.1301372929 -4.774214595  -4.4816785467
 -5.1491837859 -4.6116764103 -4.5767386955 -4.4101174215 -4.2124269112
 -4.5744334676 -4.3994362882 -4.3345775685 -4.3051686641 -4.2621254831
 -4.7786474977 -3.7552594935 -4.2820666498 -4.0864527248 -5.384169306
 -5.3118436623 -5.1194082476 -4.6802328176 -4.5393361777 -4.8471380751
 -5.2154519804 -4.5099687782 -4.6758701928 -4.3513037815 -4.5336333573
 -3.8402638067]
all_f= [0.0019231742 0.0294105649 0.0106186341 0.0882638477 0.0283869627
 0.0039441988 0.0007348205 0.0116669203 0.0040572455 0.0350135158
 0.0108462987 0.00156463   0.007316499  0.1104428863 0.040397394
 0.3314494004 0.1079949936 0.0148113001 0.0003245853 0.0045342765
 0.0017921689 0.0136077867 0.0047910335 0.0006080838 0.0003167732
 0.0062906094 0.0017490346 0.0188787055 0.0046757221 0.0008436225
 0.0012156161 0.0185900763 0.0067119152 0.0557905525 0.0179430693
 0.0024930823]
	collect g,h time= 0.2870817184448242
energy=-4.45864780768718,dE=-0.00026817785948995976,std=0
loss  =-4.45864780768718,dloss=-0.00026817785948995976,std=0
	gnorm= 0.1011459295610201
	collect S matrix time= 1.8835067749023438e-05
	nonzero=11,wmax=1.7043012372098199
	SR solver time= 8.440017700195312e-05
	xnorm=3.369745751609877,dnorm=0.00245880539740816
step= 424

nparam= 15
[0.0019230748 0.0293219004 0.0105785965 0.0880767884 0.0283203431
 0.0039302222 0.0007382609 0.0116829086 0.004061082  0.035092987
 0.0108720694 0.0015659431 0.0073378348 0.1104368039 0.0403645203
 0.3317288057 0.1080613164 0.0148026276 0.0003225518 0.004491733
 0.0017743176 0.0134922161 0.0047500899 0.0006020588 0.000320212
 0.0063285341 0.0017614463 0.0190095782 0.0047156315 0.0008482583
 0.001217849  0.0185690362 0.0066992364 0.0557774581 0.0179347678
 0.0024889395]
[0.0019230748 0.0293219004 0.0105785965 0.0880767884 0.0283203431
 0.0039302222 0.0007382609 0.0116829086 0.004061082  0.035092987
 0.0108720694 0.0015659431 0.0073378348 0.1104368039 0.0403645203
 0.3317288057 0.1080613164 0.0148026276 0.0003225518 0.004491733
 0.0017743176 0.0134922161 0.0047500899 0.0006020588 0.000320212
 0.0063285341 0.0017614463 0.0190095782 0.0047156315 0.0008482583
 0.001217849  0.0185690362 0.0066992364 0.0557774581 0.0179347678
 0.0024889395]
	dense amplitude time= 0.0006721019744873047
	total non-zero amplitudes= 36
	nsamples per process= 36
all_e= [-3.9938681283 -4.4095512738 -4.5645247802 -4.2424193768 -4.4178697194
 -4.8891354116 -4.8408909015 -4.1305457461 -4.7746390718 -4.4818828384
 -5.1492553756 -4.6126210022 -4.5763636741 -4.4103011842 -4.2128219688
 -4.5744087426 -4.3994822656 -4.3353284306 -4.3029849815 -4.2609423745
 -4.7778230539 -3.753718358  -4.2806912344 -4.0852943982 -5.3796338252
 -5.3106659657 -5.116899925  -4.6787431177 -4.5361704898 -4.8457851127
 -5.2148628912 -4.5099704563 -4.6760608734 -4.3510997072 -4.5334729011
 -3.8408607869]
all_f= [0.0019230748 0.0293219004 0.0105785965 0.0880767884 0.0283203431
 0.0039302222 0.0007382609 0.0116829086 0.004061082  0.035092987
 0.0108720694 0.0015659431 0.0073378348 0.1104368039 0.0403645203
 0.3317288057 0.1080613164 0.0148026276 0.0003225518 0.004491733
 0.0017743176 0.0134922161 0.0047500899 0.0006020588 0.000320212
 0.0063285341 0.0017614463 0.0190095782 0.0047156315 0.0008482583
 0.001217849  0.0185690362 0.0066992364 0.0557774581 0.0179347678
 0.0024889395]
	collect g,h time= 0.2885000705718994
energy=-4.458915319465767,dE=-0.00026751177858663766,std=0
loss  =-4.458915319465767,dloss=-0.00026751177858663766,std=0
	gnorm= 0.10090177234611884
	collect S matrix time= 1.8835067749023438e-05
	nonzero=11,wmax=1.7051808661293029
	SR solver time= 8.034706115722656e-05
	xnorm=3.3708673058387815,dnorm=0.0024619567244948976
step= 425

nparam= 15
[0.001922962  0.029233525  0.0105387059 0.0878900471 0.0282537532
 0.0039163226 0.0007417103 0.011698952  0.0040649094 0.0351726807
 0.0108978227 0.0015672715 0.0073591679 0.1104305451 0.0403315857
 0.3320073713 0.1081270017 0.0147940296 0.0003205194 0.0044494255
 0.0017565918 0.0133771147 0.0047093363 0.0005960754 0.0003236632
 0.0063664774 0.0017738212 0.0191406955 0.0047555276 0.0008528968
 0.0012200688 0.0185479024 0.0066865316 0.0557639223 0.017926263
 0.0024848036]
[0.001922962  0.029233525  0.0105387059 0.0878900471 0.0282537532
 0.0039163226 0.0007417103 0.011698952  0.0040649094 0.0351726807
 0.0108978227 0.0015672715 0.0073591679 0.1104305451 0.0403315857
 0.3320073713 0.1081270017 0.0147940296 0.0003205194 0.0044494255
 0.0017565918 0.0133771147 0.0047093363 0.0005960754 0.0003236632
 0.0063664774 0.0017738212 0.0191406955 0.0047555276 0.0008528968
 0.0012200688 0.0185479024 0.0066865316 0.0557639223 0.017926263
 0.0024848036]
	dense amplitude time= 0.0006632804870605469
	total non-zero amplitudes= 36
	nsamples per process= 36
all_e= [-3.9937369264 -4.4100079432 -4.5651423046 -4.2426360913 -4.4180927535
 -4.8899682282 -4.8404056196 -4.13095079   -4.775061879  -4.4820840602
 -5.1493276436 -4.6135615919 -4.5759895482 -4.4104846951 -4.2132152617
 -4.5743840781 -4.3995284266 -4.3360772931 -4.300787251  -4.2597478478
 -4.776989982  -3.7521650592 -4.279307293  -4.0841174843 -5.3751665894
 -5.3094984474 -5.1144323339 -4.6772645295 -4.5330527013 -4.8444510387
 -5.2142772092 -4.5099731239 -4.6762525317 -4.3508969964 -4.5333154334
 -3.8414573336]
all_f= [0.001922962  0.029233525  0.0105387059 0.0878900471 0.0282537532
 0.0039163226 0.0007417103 0.011698952  0.0040649094 0.0351726807
 0.0108978227 0.0015672715 0.0073591679 0.1104305451 0.0403315857
 0.3320073713 0.1081270017 0.0147940296 0.0003205194 0.0044494255
 0.0017565918 0.0133771147 0.0047093363 0.0005960754 0.0003236632
 0.0063664774 0.0017738212 0.0191406955 0.0047555276 0.0008528968
 0.0012200688 0.0185479024 0.0066865316 0.0557639223 0.017926263
 0.0024848036]
	collect g,h time= 0.28688979148864746
energy=-4.459182165912821,dE=-0.0002668464470536591,std=0
loss  =-4.459182165912821,dloss=-0.0002668464470536591,std=0
	gnorm= 0.1006574932245783
	collect S matrix time= 2.1219253540039062e-05
	nonzero=11,wmax=1.7060576618897705
	SR solver time= 8.20159912109375e-05
	xnorm=3.3719932246190143,dnorm=0.002465056599423068
step= 426

nparam= 15
[0.0019228357 0.0291454382 0.0104989618 0.0877036238 0.0281871946
 0.0039024996 0.0007451685 0.0117150498 0.0040687279 0.0352525948
 0.0109235586 0.0015686152 0.0073804982 0.1104241109 0.0402985906
 0.3322850943 0.108192052  0.014785506  0.000318488  0.004407354
 0.0017389907 0.0132624842 0.0046687729 0.0005901334 0.0003271267
 0.0064044385 0.0017861591 0.0192720543 0.0047954089 0.0008575379
 0.0012222755 0.0185266762 0.0066738014 0.0557499472 0.0179175562
 0.0024806746]
[0.0019228357 0.0291454382 0.0104989618 0.0877036238 0.0281871946
 0.0039024996 0.0007451685 0.0117150498 0.0040687279 0.0352525948
 0.0109235586 0.0015686152 0.0073804982 0.1104241109 0.0402985906
 0.3322850943 0.108192052  0.014785506  0.000318488  0.004407354
 0.0017389907 0.0132624842 0.0046687729 0.0005901334 0.0003271267
 0.0064044385 0.0017861591 0.0192720543 0.0047954089 0.0008575379
 0.0012222755 0.0185266762 0.0066738014 0.0557499472 0.0179175562
 0.0024806746]
	dense amplitude time= 0.0006659030914306641
	total non-zero amplitudes= 36
	nsamples per process= 36
all_e= [-3.9936079843 -4.4104641183 -4.5657592694 -4.2428526034 -4.4183171688
 -4.890798955  -4.8399239552 -4.1313524489 -4.7754830087 -4.4822822419
 -5.1494005598 -4.6144981736 -4.5756163117 -4.4106679497 -4.2136068033
 -4.5743594758 -4.3995747698 -4.3368241443 -4.2985753034 -4.2585417674
 -4.7761481817 -3.7505994549 -4.2779146931 -4.0829217897 -5.3707662253
 -5.3083409968 -5.112004675  -4.6757969409 -4.5299818899 -4.8431355679
 -5.213694913  -4.5099767717 -4.6764451635 -4.3506956461 -4.5331609352
 -3.8420534298]
all_f= [0.0019228357 0.0291454382 0.0104989618 0.0877036238 0.0281871946
 0.0039024996 0.0007451685 0.0117150498 0.0040687279 0.0352525948
 0.0109235586 0.0015686152 0.0073804982 0.1104241109 0.0402985906
 0.3322850942 0.108192052  0.014785506  0.000318488  0.004407354
 0.0017389907 0.0132624842 0.0046687729 0.0005901334 0.0003271267
 0.0064044385 0.0017861591 0.0192720543 0.0047954089 0.0008575379
 0.0012222755 0.0185266762 0.0066738014 0.0557499472 0.0179175562
 0.0024806746]
	collect g,h time= 0.2881143093109131
energy=-4.459448347759612,dE=-0.0002661818467917243,std=0
loss  =-4.459448347759612,dloss=-0.0002661818467917243,std=0
	gnorm= 0.10041310096540913
	collect S matrix time= 2.1219253540039062e-05
	nonzero=11,wmax=1.706931610886881
	SR solver time= 8.082389831542969e-05
	xnorm=3.373123485776079,dnorm=0.002468104562552814
step= 427

nparam= 15
[0.001922696  0.0290576394 0.0104593638 0.0875175187 0.028120669
 0.0038887529 0.0007486355 0.0117312015 0.0040725373 0.0353327274
 0.0109492771 0.0015699742 0.0074018254 0.1104175026 0.0402655358
 0.3325619719 0.1082564698 0.0147770566 0.0003164578 0.0043655182
 0.0017215138 0.0131483261 0.0046284001 0.0005842326 0.0003306025
 0.0064424166 0.0017984597 0.0194036519 0.0048352741 0.0008621817
 0.001224469  0.0185053586 0.0066610462 0.0557355347 0.017908649
 0.0024765524]
[0.001922696  0.0290576394 0.0104593638 0.0875175187 0.028120669
 0.0038887529 0.0007486355 0.0117312015 0.0040725373 0.0353327274
 0.0109492771 0.0015699742 0.0074018254 0.1104175026 0.0402655358
 0.3325619719 0.1082564698 0.0147770566 0.0003164578 0.0043655182
 0.0017215138 0.0131483261 0.0046284001 0.0005842326 0.0003306025
 0.0064424166 0.0017984597 0.0194036519 0.0048352741 0.0008621817
 0.001224469  0.0185053586 0.0066610462 0.0557355347 0.017908649
 0.0024765524]
	dense amplitude time= 0.000667572021484375
	total non-zero amplitudes= 36
	nsamples per process= 36
all_e= [-3.9934812852 -4.4109197962 -4.5663756777 -4.2430689163 -4.4185429535
 -4.8916275841 -4.8394458297 -4.1317507465 -4.7759024531 -4.4824774129
 -5.1494740946 -4.6154307417 -4.575243959  -4.4108509437 -4.2139966069
 -4.5743349374 -4.399621294  -4.3375689728 -4.2963489669 -4.2573239955
 -4.7752975514 -3.7490214008 -4.2765133012 -4.0817071177 -5.3664313937
 -5.3071935047 -5.1096161687 -4.6743402411 -4.526957156  -4.8418384195
 -5.2131159816 -4.5099813906 -4.6766387646 -4.3504956529 -4.5330093875
 -3.8426490586]
all_f= [0.001922696  0.0290576394 0.0104593638 0.0875175187 0.028120669
 0.0038887529 0.0007486355 0.0117312015 0.0040725373 0.0353327274
 0.0109492771 0.0015699742 0.0074018254 0.1104175026 0.0402655358
 0.3325619718 0.1082564698 0.0147770566 0.0003164578 0.0043655182
 0.0017215138 0.0131483261 0.0046284001 0.0005842326 0.0003306025
 0.0064424166 0.0017984597 0.0194036519 0.0048352741 0.0008621817
 0.001224469  0.0185053586 0.0066610462 0.0557355347 0.017908649
 0.0024765524]
	collect g,h time= 0.287125825881958
energy=-4.459713865719684,dE=-0.00026551796007190376,std=0
loss  =-4.459713865719684,dloss=-0.00026551796007190376,std=0
	gnorm= 0.1001686044298197
	collect S matrix time= 1.9311904907226562e-05
	nonzero=11,wmax=1.7078026996500677
	SR solver time= 7.82012939453125e-05
	xnorm=3.3742580667465663,dnorm=0.0024711001642702644
step= 428

nparam= 15
[0.001922543  0.028970128  0.0104199117 0.0873317319 0.028054178
 0.0038750819 0.0007521114 0.0117474065 0.0040763378 0.0354130765
 0.0109749785 0.0015713483 0.0074231493 0.1104107211 0.0402324217
 0.3328380014 0.1083202575 0.0147686814 0.000314429  0.004323918
 0.0017041607 0.0130346421 0.0045882182 0.0005783729 0.0003340904
 0.0064804109 0.0018107227 0.0195354853 0.0048751218 0.0008668282
 0.0012266494 0.0184839508 0.0066482666 0.0557206869 0.0178995428
 0.0024724372]
[0.001922543  0.028970128  0.0104199117 0.0873317319 0.028054178
 0.0038750819 0.0007521114 0.0117474065 0.0040763378 0.0354130765
 0.0109749785 0.0015713483 0.0074231493 0.1104107211 0.0402324217
 0.3328380014 0.1083202575 0.0147686814 0.000314429  0.004323918
 0.0017041607 0.0130346421 0.0045882182 0.0005783729 0.0003340904
 0.0064804109 0.0018107227 0.0195354853 0.0048751218 0.0008668282
 0.0012266494 0.0184839508 0.0066482666 0.0557206869 0.0178995428
 0.0024724372]
	dense amplitude time= 0.0006704330444335938
	total non-zero amplitudes= 36
	nsamples per process= 36
all_e= [-3.9933568125 -4.4113749744 -4.5669915323 -4.2432850332 -4.4187700956
 -4.8924541072 -4.8389711659 -4.1321457067 -4.7763202048 -4.4826696025
 -5.1495482189 -4.6163592909 -4.5748724844 -4.4110336725 -4.2143846857
 -4.5743104644 -4.3996679977 -4.3383117671 -4.2941080673 -4.2560943925
 -4.774437988  -3.7474307497 -4.2751029816 -4.0804732689 -5.3621607881
 -5.3060558632 -5.1072660542 -4.672894321  -4.5239776215 -4.8405593172
 -5.2125403938 -4.5099869715 -4.6768333308 -4.3502970138 -4.5328607715
 -3.8432442034]
all_f= [0.001922543  0.028970128  0.0104199117 0.0873317319 0.028054178
 0.0038750819 0.0007521114 0.0117474065 0.0040763378 0.0354130765
 0.0109749785 0.0015713483 0.0074231493 0.1104107211 0.0402324217
 0.3328380014 0.1083202576 0.0147686814 0.000314429  0.004323918
 0.0017041607 0.0130346421 0.0045882182 0.0005783729 0.0003340904
 0.0064804109 0.0018107227 0.0195354853 0.0048751218 0.0008668282
 0.0012266494 0.0184839508 0.0066482666 0.0557206869 0.0178995428
 0.0024724372]
	collect g,h time= 0.28866124153137207
energy=-4.45997872048921,dE=-0.0002648547695258685,std=0
loss  =-4.45997872048921,dloss=-0.0002648547695258685,std=0
	gnorm= 0.09992401256932887
	collect S matrix time= 1.811981201171875e-05
	nonzero=11,wmax=1.7086709148440347
	SR solver time= 7.867813110351562e-05
	xnorm=3.375396944580089,dnorm=0.0024740429650343017
step= 429

nparam= 15
[0.0019223768 0.0288829035 0.010380605  0.0871462634 0.0279877232
 0.0038614863 0.0007555962 0.0117636642 0.0040801295 0.0354936401
 0.0110006628 0.0015727376 0.0074444699 0.1104037677 0.0401992489
 0.3331131801 0.1083834178 0.0147603802 0.0003124015 0.0042825534
 0.0016869308 0.0129214338 0.0045482275 0.000572554  0.0003375904
 0.0065184206 0.0018229479 0.0196675516 0.0049149506 0.0008714772
 0.0012288166 0.0184624538 0.0066354631 0.0557054059 0.017890239
 0.0024683291]
[0.0019223768 0.0288829035 0.010380605  0.0871462634 0.0279877232
 0.0038614863 0.0007555962 0.0117636642 0.0040801295 0.0354936401
 0.0110006628 0.0015727376 0.0074444699 0.1104037677 0.0401992489
 0.3331131801 0.1083834178 0.0147603802 0.0003124015 0.0042825534
 0.0016869308 0.0129214338 0.0045482275 0.000572554  0.0003375904
 0.0065184206 0.0018229479 0.0196675516 0.0049149506 0.0008714772
 0.0012288166 0.0184624538 0.0066354631 0.0557054059 0.017890239
 0.0024683291]
	dense amplitude time= 0.0006725788116455078
	total non-zero amplitudes= 36
	nsamples per process= 36
all_e= [-3.9932345496 -4.41182965   -4.5676068363 -4.2435009576 -4.4189985834
 -4.8932785164 -4.8384998879 -4.132537353  -4.7767362565 -4.4828588397
 -5.1496229039 -4.6172838161 -4.5745018821 -4.4112161319 -4.2147710528
 -4.5742860585 -4.3997148796 -4.339052516  -4.2918524278 -4.2548528161
 -4.773569387  -3.7458273524 -4.2736835974 -4.0792200405 -5.3579531344
 -5.3049279662 -5.1049535891 -4.6714590731 -4.5210424294 -4.8392979889
 -5.2119681286 -4.5099935054 -4.6770288578 -4.3500997256 -4.5327150684
 -3.8438388475]
all_f= [0.0019223768 0.0288829035 0.010380605  0.0871462634 0.0279877232
 0.0038614863 0.0007555962 0.0117636642 0.0040801295 0.0354936401
 0.0110006628 0.0015727376 0.0074444699 0.1104037677 0.0401992489
 0.3331131801 0.1083834178 0.0147603802 0.0003124015 0.0042825534
 0.0016869308 0.0129214338 0.0045482275 0.000572554  0.0003375904
 0.0065184206 0.0018229479 0.0196675516 0.0049149506 0.0008714772
 0.0012288166 0.0184624538 0.0066354631 0.0557054059 0.017890239
 0.0024683291]
	collect g,h time= 0.28670430183410645
energy=-4.460242912747564,dE=-0.00026419225835372373,std=0
loss  =-4.460242912747564,dloss=-0.00026419225835372373,std=0
	gnorm= 0.0996793344238473
	collect S matrix time= 2.002716064453125e-05
	nonzero=11,wmax=1.7095362432702854
	SR solver time= 7.843971252441406e-05
	xnorm=3.3765400959413108,dnorm=0.0024769325354209886
step= 430

nparam= 15
[0.0019221973 0.0287959652 0.0103414434 0.0869611134 0.0279213061
 0.0038479656 0.0007590899 0.011779974  0.0040839124 0.0355744164
 0.01102633   0.0015741419 0.0074657869 0.1103966433 0.0401660181
 0.3333875054 0.1084459531 0.0147521529 0.0003103755 0.004241424
 0.0016698236 0.0128087026 0.0045084283 0.0005667757 0.0003411024
 0.0065564447 0.0018351349 0.0197998479 0.0049547594 0.0008761288
 0.0012309707 0.0184408688 0.0066226362 0.0556896937 0.0178807392
 0.0024642281]
[0.0019221973 0.0287959652 0.0103414434 0.0869611134 0.0279213061
 0.0038479656 0.0007590899 0.011779974  0.0040839124 0.0355744164
 0.01102633   0.0015741419 0.0074657869 0.1103966433 0.0401660181
 0.3333875054 0.1084459531 0.0147521529 0.0003103755 0.004241424
 0.0016698236 0.0128087026 0.0045084283 0.0005667757 0.0003411024
 0.0065564447 0.0018351349 0.0197998479 0.0049547594 0.0008761288
 0.0012309707 0.0184408688 0.0066226362 0.0556896937 0.0178807392
 0.0024642281]
	dense amplitude time= 0.0006594657897949219
	total non-zero amplitudes= 36
	nsamples per process= 36
all_e= [-3.9931144802 -4.4122838205 -4.5682215925 -4.2437166926 -4.4192284052
 -4.894100804  -4.838031921  -4.1329257089 -4.7771506014 -4.4830451533
 -5.1496981216 -4.6182043126 -4.5741321468 -4.4113983175 -4.2151557211
 -4.5742617212 -4.3997619382 -4.3397912084 -4.2895818693 -4.2535991221
 -4.7726916423 -3.7442110567 -4.2722550097 -4.0779472266 -5.3538071891
 -5.3038097088 -5.1026780489 -4.6700343913 -4.518150743  -4.8380541667
 -5.2113991653 -4.5100009834 -4.6772253412 -4.3499037851 -4.5325722596
 -3.8444329746]
all_f= [0.0019221973 0.0287959652 0.0103414434 0.0869611134 0.0279213061
 0.0038479656 0.0007590899 0.011779974  0.0040839124 0.0355744164
 0.01102633   0.0015741419 0.0074657869 0.1103966433 0.0401660181
 0.3333875053 0.1084459531 0.0147521529 0.0003103755 0.004241424
 0.0016698236 0.0128087026 0.0045084283 0.0005667757 0.0003411024
 0.0065564447 0.0018351349 0.0197998479 0.0049547594 0.0008761288
 0.0012309707 0.0184408688 0.0066226362 0.0556896937 0.0178807392
 0.0024642281]
	collect g,h time= 0.2921724319458008
energy=-4.460506443157576,dE=-0.0002635304100122582,std=0
loss  =-4.460506443157576,dloss=-0.0002635304100122582,std=0
	gnorm= 0.09943457911968419
	collect S matrix time= 3.0517578125e-05
	nonzero=11,wmax=1.7103986718685993
	SR solver time= 0.00011944770812988281
	xnorm=3.3776874971120807,dnorm=0.0024797684561662365
step= 431

nparam= 15
[0.0019220048 0.0287093128 0.0103024266 0.086776282  0.0278549285
 0.0038345193 0.0007625925 0.0117963354 0.0040876865 0.0356554033
 0.0110519802 0.0015755611 0.0074871002 0.110389349  0.0401327298
 0.3336609745 0.1085078658 0.0147439993 0.000308351  0.0042005298
 0.0016528386 0.0126964502 0.0044688209 0.0005610379 0.0003446264
 0.0065944826 0.0018472835 0.0199323714 0.0049945467 0.0008807829
 0.0012331116 0.018419197  0.0066097864 0.0556735524 0.0178710448
 0.0024601343]
[0.0019220048 0.0287093128 0.0103024266 0.086776282  0.0278549285
 0.0038345193 0.0007625925 0.0117963354 0.0040876865 0.0356554033
 0.0110519802 0.0015755611 0.0074871002 0.110389349  0.0401327298
 0.3336609745 0.1085078658 0.0147439993 0.000308351  0.0042005298
 0.0016528386 0.0126964502 0.0044688209 0.0005610379 0.0003446264
 0.0065944826 0.0018472835 0.0199323714 0.0049945467 0.0008807829
 0.0012331116 0.018419197  0.0066097864 0.0556735524 0.0178710448
 0.0024601343]
	dense amplitude time= 0.0006999969482421875
	total non-zero amplitudes= 36
	nsamples per process= 36
all_e= [-3.9929965878 -4.4127374832 -4.5688358036 -4.2439322414 -4.4194595492
 -4.8949209619 -4.8375671922 -4.1333107978 -4.7775632328 -4.483228572
 -5.1497738444 -4.6191207755 -4.5737632731 -4.411580225  -4.2155387036
 -4.5742374541 -4.3998091723 -4.3405278333 -4.2872962097 -4.2523331639
 -4.7718046464 -3.7425817081 -4.270817078  -4.0766546181 -5.3497217388
 -5.3027009876 -5.1004387262 -4.6686201709 -4.5153017457 -4.836827587
 -5.210833483  -4.5100093967 -4.6774227769 -4.3497091892 -4.5324323264
 -3.8450265683]
all_f= [0.0019220048 0.0287093128 0.0103024266 0.086776282  0.0278549285
 0.0038345193 0.0007625925 0.0117963354 0.0040876865 0.0356554033
 0.0110519802 0.0015755611 0.0074871002 0.110389349  0.0401327298
 0.3336609745 0.1085078658 0.0147439993 0.000308351  0.0042005298
 0.0016528386 0.0126964502 0.0044688209 0.0005610379 0.0003446264
 0.0065944826 0.0018472835 0.0199323714 0.0049945467 0.0008807829
 0.0012331116 0.018419197  0.0066097864 0.0556735524 0.0178710448
 0.0024601343]
	collect g,h time= 0.28746700286865234
energy=-4.4607693123660495,dE=-0.0002628692084734041,std=0
loss  =-4.4607693123660495,dloss=-0.0002628692084734041,std=0
	gnorm= 0.09918975586752637
	collect S matrix time= 1.9073486328125e-05
	nonzero=11,wmax=1.7112581877184923
	SR solver time= 8.440017700195312e-05
	xnorm=3.3788391239936644,dnorm=0.0024825503182063064
step= 432

nparam= 15
[0.0019217993 0.0286229455 0.0102635541 0.0865917693 0.0277885917
 0.0038211471 0.0007661039 0.0118127477 0.0040914519 0.0357365989
 0.0110776136 0.0015769951 0.0075084096 0.110381886  0.0400993847
 0.3339335849 0.1085691586 0.0147359194 0.0003063282 0.0041598705
 0.0016359751 0.0125846779 0.0044294056 0.0005553404 0.0003481622
 0.0066325335 0.0018593935 0.0200651191 0.0050343114 0.0008854395
 0.0012352392 0.0183974393 0.0065969141 0.055656984  0.0178611572
 0.0024560478]
[0.0019217993 0.0286229455 0.0102635541 0.0865917693 0.0277885917
 0.0038211471 0.0007661039 0.0118127477 0.0040914519 0.0357365989
 0.0110776136 0.0015769951 0.0075084096 0.110381886  0.0400993847
 0.3339335849 0.1085691586 0.0147359194 0.0003063282 0.0041598705
 0.0016359751 0.0125846779 0.0044294056 0.0005553404 0.0003481622
 0.0066325335 0.0018593935 0.0200651191 0.0050343114 0.0008854395
 0.0012352392 0.0183974393 0.0065969141 0.055656984  0.0178611572
 0.0024560478]
	dense amplitude time= 0.0006678104400634766
	total non-zero amplitudes= 36
	nsamples per process= 36
all_e= [-3.9928808562 -4.4131906356 -4.5694494725 -4.2441476073 -4.4196920037
 -4.8957389827 -4.8371056294 -4.1336926427 -4.7779741444 -4.4834091241
 -5.1498500449 -4.6200332005 -4.5733952556 -4.4117618504 -4.215920013
 -4.5742132587 -4.3998565805 -4.3412623799 -4.2849952645 -4.2510547926
 -4.7709082902 -3.7409391495 -4.2693696599 -4.0753420025 -5.3456955996
 -5.3016017004 -5.0982349306 -4.6672163087 -4.5124946398 -4.8356179901
 -5.2102710613 -4.5100187366 -4.6776211605 -4.3495159349 -4.5322952504
 -3.8456196124]
all_f= [0.0019217993 0.0286229455 0.0102635541 0.0865917693 0.0277885918
 0.0038211471 0.0007661039 0.0118127477 0.0040914519 0.0357365989
 0.0110776136 0.0015769951 0.0075084096 0.110381886  0.0400993847
 0.3339335849 0.1085691586 0.0147359194 0.0003063282 0.0041598705
 0.0016359751 0.0125846779 0.0044294056 0.0005553404 0.0003481622
 0.0066325335 0.0018593935 0.0200651191 0.0050343114 0.0008854395
 0.0012352392 0.0183974393 0.0065969141 0.055656984  0.0178611572
 0.0024560478]
	collect g,h time= 0.28737950325012207
energy=-4.461031521003999,dE=-0.0002622086379497901,std=0
loss  =-4.461031521003999,dloss=-0.0002622086379497901,std=0
	gnorm= 0.09894487396034903
	collect S matrix time= 1.8596649169921875e-05
	nonzero=11,wmax=1.7121147780406683
	SR solver time= 8.034706115722656e-05
	xnorm=3.3799949521090795,dnorm=0.002485277722716226
step= 433

nparam= 15
[0.0019215807 0.0285368628 0.0102248256 0.0864075753 0.0277222975
 0.0038078484 0.0007696243 0.0118292104 0.0040952087 0.0358180014
 0.0111032302 0.001578444  0.0075297149 0.1103742553 0.0400659832
 0.3342053341 0.1086298339 0.014727913  0.000304307  0.004119446
 0.0016192328 0.0124733873 0.0043901827 0.0005496829 0.0003517097
 0.0066705965 0.0018714646 0.0201980881 0.0050740523 0.0008900986
 0.0012373537 0.018375597  0.0065840199 0.0556399905 0.017851078
 0.0024519685]
[0.0019215807 0.0285368628 0.0102248256 0.0864075753 0.0277222975
 0.0038078484 0.0007696243 0.0118292104 0.0040952087 0.0358180014
 0.0111032302 0.001578444  0.0075297149 0.1103742553 0.0400659832
 0.3342053341 0.1086298339 0.014727913  0.000304307  0.004119446
 0.0016192328 0.0124733873 0.0043901827 0.0005496829 0.0003517097
 0.0066705965 0.0018714646 0.0201980881 0.0050740523 0.0008900986
 0.0012373537 0.018375597  0.0065840199 0.0556399905 0.017851078
 0.0024519685]
	dense amplitude time= 0.0006582736968994141
	total non-zero amplitudes= 36
	nsamples per process= 36
all_e= [-3.9927672692 -4.4136432752 -4.5700626017 -4.2443627935 -4.4199257571
 -4.8965548587 -4.836647162  -4.1340712666 -4.7783833299 -4.483586838
 -5.1499266966 -4.6209415834 -4.5730280892 -4.4119431893 -4.2162996619
 -4.5741891367 -4.3999041614 -4.3419948375 -4.2826788465 -4.2497638568
 -4.7700024631 -3.7392832208 -4.2679126113 -4.0740091639 -5.3417276155
 -5.3005117466 -5.096065988  -4.6658227029 -4.5097286466 -4.8344251205
 -5.2097118796 -4.5100289945 -4.6778204877 -4.349324019  -4.5321610131
 -3.8462120909]
all_f= [0.0019215807 0.0285368628 0.0102248256 0.0864075753 0.0277222975
 0.0038078484 0.0007696243 0.0118292104 0.0040952087 0.0358180014
 0.0111032302 0.001578444  0.0075297149 0.1103742554 0.0400659832
 0.3342053341 0.1086298339 0.014727913  0.000304307  0.004119446
 0.0016192328 0.0124733873 0.0043901827 0.0005496829 0.0003517097
 0.0066705965 0.0018714646 0.0201980881 0.0050740523 0.0008900986
 0.0012373537 0.018375597  0.0065840199 0.0556399905 0.017851078
 0.0024519685]
	collect g,h time= 0.28789854049682617
energy=-4.4612930696873025,dE=-0.00026154868330330316,std=0
loss  =-4.4612930696873025,dloss=-0.00026154868330330316,std=0
	gnorm= 0.0986999427712942
	collect S matrix time= 2.5272369384765625e-05
	nonzero=11,wmax=1.7129684301984485
	SR solver time= 8.106231689453125e-05
	xnorm=3.3811549566055277,dnorm=0.0024879502811459664
step= 434

nparam= 15
[0.0019213493 0.0284510642 0.0101862408 0.0862237002 0.0276560473
 0.003794623  0.0007731535 0.011845723  0.0040989568 0.0358996086
 0.0111288301 0.0015799076 0.0075510159 0.110366458  0.0400325261
 0.3344762194 0.1086898942 0.01471998   0.0003022877 0.004079256
 0.001602611  0.0123625798 0.0043511523 0.0005440654 0.0003552689
 0.0067086709 0.0018834966 0.0203312756 0.005113768  0.0008947601
 0.001239455  0.018353671  0.0065711044 0.055622574  0.0178408087
 0.0024478965]
[0.0019213493 0.0284510642 0.0101862408 0.0862237002 0.0276560473
 0.003794623  0.0007731535 0.011845723  0.0040989568 0.0358996086
 0.0111288301 0.0015799076 0.0075510159 0.110366458  0.0400325261
 0.3344762194 0.1086898942 0.01471998   0.0003022877 0.004079256
 0.001602611  0.0123625798 0.0043511523 0.0005440654 0.0003552689
 0.0067086709 0.0018834966 0.0203312756 0.005113768  0.0008947601
 0.001239455  0.018353671  0.0065711044 0.055622574  0.0178408087
 0.0024478965]
	dense amplitude time= 0.000667572021484375
	total non-zero amplitudes= 36
	nsamples per process= 36
all_e= [-3.9926558107 -4.4140953995 -4.5706751939 -4.2445778032 -4.4201607979
 -4.8973685823 -4.8361917206 -4.1344466925 -4.7787907835 -4.4837617415
 -5.1500037732 -4.6218459202 -4.5726617688 -4.4121242377 -4.2166776631
 -4.5741650894 -4.3999519138 -4.3427251956 -4.2803467656 -4.2484602027
 -4.7690870528 -3.7376137594 -4.2664457862 -4.0726558829 -5.3378166584
 -5.2994310268 -5.09393124   -4.6644392533 -4.5070030052 -4.8332487264
 -5.2091559176 -4.5100401617 -4.6780207543 -4.3491334386 -4.5320295961
 -3.8468039881]
all_f= [0.0019213493 0.0284510642 0.0101862408 0.0862237002 0.0276560473
 0.003794623  0.0007731535 0.011845723  0.0040989568 0.0358996086
 0.0111288301 0.0015799076 0.0075510159 0.110366458  0.0400325261
 0.3344762193 0.1086898942 0.01471998   0.0003022877 0.004079256
 0.001602611  0.0123625798 0.0043511523 0.0005440654 0.0003552689
 0.0067086709 0.0018834966 0.0203312756 0.005113768  0.0008947601
 0.001239455  0.018353671  0.0065711044 0.055622574  0.0178408087
 0.0024478965]
	collect g,h time= 0.28818225860595703
energy=-4.461553959016828,dE=-0.00026088932952550437,std=0
loss  =-4.461553959016828,dloss=-0.00026088932952550437,std=0
	gnorm= 0.09845497175148595
	collect S matrix time= 2.1457672119140625e-05
	nonzero=11,wmax=1.7138191316991507
	SR solver time= 8.130073547363281e-05
	xnorm=3.3823191122569214,dnorm=0.0024905676152550183
step= 435

nparam= 15
[0.001921105  0.028365549  0.0101477993 0.0860401441 0.0275898426
 0.0037814703 0.0007766916 0.0118622849 0.0041026964 0.0359814188
 0.0111544134 0.0015813858 0.0075723125 0.1103584952 0.0399990138
 0.3347462383 0.1087493421 0.0147121203 0.0003002703 0.0040393004
 0.0015861092 0.0122522567 0.0043123147 0.0005384875 0.0003588398
 0.0067467559 0.0018954893 0.0204646787 0.0051534573 0.000899424
 0.001241543  0.0183316625 0.0065581678 0.0556047367 0.0178303506
 0.002443832 ]
[0.001921105  0.028365549  0.0101477993 0.0860401441 0.0275898426
 0.0037814703 0.0007766916 0.0118622849 0.0041026964 0.0359814188
 0.0111544134 0.0015813858 0.0075723125 0.1103584952 0.0399990138
 0.3347462383 0.1087493421 0.0147121203 0.0003002703 0.0040393004
 0.0015861092 0.0122522567 0.0043123147 0.0005384875 0.0003588398
 0.0067467559 0.0018954893 0.0204646787 0.0051534573 0.000899424
 0.001241543  0.0183316625 0.0065581678 0.0556047367 0.0178303506
 0.002443832 ]
	dense amplitude time= 0.0006723403930664062
	total non-zero amplitudes= 36
	nsamples per process= 36
all_e= [-3.9925464647 -4.414547006  -4.5712872517 -4.2447926395 -4.4203971143
 -4.8981801462 -4.8357392371 -4.134818943  -4.7791964997 -4.4839338625
 -5.1500812488 -4.622746207  -4.5722962894 -4.4123049915 -4.2170540289
 -4.5741411185 -4.3999998361 -4.3434534437 -4.277998829  -4.2471436741
 -4.7681619453 -3.7359305999 -4.2649690368 -4.0712819368 -5.3339616267
 -5.2983594429 -5.0918300436 -4.6630658607 -4.5043169726 -4.8320885601
 -5.208603155  -4.5100522298 -4.6782219558 -4.3489441905 -4.5319009813
 -3.847395288 ]
all_f= [0.001921105  0.028365549  0.0101477993 0.0860401441 0.0275898426
 0.0037814703 0.0007766916 0.0118622849 0.0041026964 0.0359814188
 0.0111544134 0.0015813858 0.0075723125 0.1103584952 0.0399990138
 0.3347462383 0.1087493421 0.0147121203 0.0003002703 0.0040393004
 0.0015861092 0.0122522567 0.0043123147 0.0005384875 0.0003588398
 0.0067467559 0.0018954893 0.0204646787 0.0051534573 0.000899424
 0.001241543  0.0183316625 0.0065581678 0.0556047367 0.0178303506
 0.002443832 ]
	collect g,h time= 0.28632569313049316
energy=-4.461814189578942,dE=-0.00026023056211421647,std=0
loss  =-4.461814189578942,dloss=-0.00026023056211421647,std=0
	gnorm= 0.0982099704278126
	collect S matrix time= 1.8835067749023438e-05
	nonzero=11,wmax=1.7146668701954861
	SR solver time= 8.034706115722656e-05
	xnorm=3.383487393466516,dnorm=0.002493129357143886
step= 436

nparam= 15
[0.001920848  0.0282803167 0.0101095007 0.0858569071 0.0275236849
 0.0037683899 0.0007802386 0.0118788954 0.0041064275 0.03606343
 0.01117998   0.0015828787 0.0075936045 0.1103503678 0.039965447
 0.3350153884 0.1088081801 0.0147043336 0.0002982548 0.0039995789
 0.001569727  0.0121424196 0.0042736703 0.0005329492 0.0003624221
 0.0067848506 0.0019074424 0.0205982944 0.0051931193 0.0009040904
 0.0012436178 0.0183095726 0.0065452109 0.0555864805 0.0178197052
 0.0024397749]
[0.001920848  0.0282803167 0.0101095007 0.0858569071 0.0275236849
 0.0037683899 0.0007802386 0.0118788954 0.0041064275 0.03606343
 0.01117998   0.0015828787 0.0075936045 0.1103503678 0.039965447
 0.3350153884 0.1088081801 0.0147043336 0.0002982548 0.0039995789
 0.001569727  0.0121424196 0.0042736703 0.0005329492 0.0003624221
 0.0067848506 0.0019074424 0.0205982944 0.0051931193 0.0009040904
 0.0012436178 0.0183095726 0.0065452109 0.0555864805 0.0178197052
 0.0024397749]
	dense amplitude time= 0.000659942626953125
	total non-zero amplitudes= 36
	nsamples per process= 36
all_e= [-3.9924392152 -4.4149980925 -4.5718987774 -4.2450073056 -4.420634695
 -4.8989895431 -4.8352896445 -4.1351880406 -4.7796004729 -4.4841032285
 -5.1501590982 -4.6236424404 -4.5719316462 -4.4124854468 -4.2174287717
 -4.5741172253 -4.4000479272 -4.3441795715 -4.2756348411 -4.2458141122
 -4.7672270253 -3.7342335738 -4.2634822133 -4.069887099  -5.3301614447
 -5.2972968981 -5.089761771  -4.6617024274 -4.5016698227 -4.8309443775
 -5.2080535716 -4.5100651904 -4.678424088  -4.3487562718 -4.5317751505
 -3.8479859751]
all_f= [0.001920848  0.0282803167 0.0101095007 0.0858569071 0.0275236849
 0.0037683899 0.0007802386 0.0118788954 0.0041064275 0.03606343
 0.01117998   0.0015828787 0.0075936045 0.1103503678 0.039965447
 0.3350153884 0.1088081801 0.0147043336 0.0002982548 0.0039995789
 0.001569727  0.0121424196 0.0042736703 0.0005329492 0.0003624221
 0.0067848506 0.0019074424 0.0205982944 0.0051931193 0.0009040904
 0.0012436178 0.0183095726 0.0065452109 0.0555864805 0.0178197052
 0.0024397749]
	collect g,h time= 0.28722214698791504
energy=-4.462073761945935,dE=-0.0002595723669926997,std=0
loss  =-4.462073761945935,dloss=-0.0002595723669926997,std=0
	gnorm= 0.09796494840065297
	collect S matrix time= 1.9311904907226562e-05
	nonzero=11,wmax=1.7155116334869083
	SR solver time= 7.939338684082031e-05
	xnorm=3.384659774269632,dnorm=0.002495635149283998
step= 437

nparam= 15
[0.0019205783 0.0281953666 0.0100713447 0.0856739892 0.0274575758
 0.0037553814 0.0007837945 0.0118955542 0.0041101501 0.0361456403
 0.0112055302 0.001584386  0.0076148917 0.110342077  0.0399318264
 0.3352836672 0.1088664107 0.0146966199 0.0002962414 0.0039600912
 0.0015534638 0.0120330697 0.004235219  0.0005274502 0.000366016
 0.0068229544 0.0019193557 0.02073212   0.0052327525 0.0009087591
 0.0012456794 0.0182874023 0.006532234  0.0555678076 0.0178088741
 0.0024357254]
[0.0019205783 0.0281953666 0.0100713447 0.0856739892 0.0274575758
 0.0037553814 0.0007837945 0.0118955542 0.0041101501 0.0361456403
 0.0112055302 0.001584386  0.0076148917 0.110342077  0.0399318264
 0.3352836672 0.1088664107 0.0146966199 0.0002962414 0.0039600912
 0.0015534638 0.0120330697 0.004235219  0.0005274502 0.000366016
 0.0068229544 0.0019193557 0.02073212   0.0052327525 0.0009087591
 0.0012456794 0.0182874023 0.006532234  0.0555678076 0.0178088741
 0.0024357254]
	dense amplitude time= 0.0006735324859619141
	total non-zero amplitudes= 36
	nsamples per process= 36
