
run = 0
step= 49

nparam= 51
        dense amplitude time= 0.0008997917175292969
        total non-zero amplitudes= 36
        nsamples per process= 12
self.n= 0.5996552352416388
        collect g,h time= 0.1604006290435791
E=-4.158841878114723,dE=-6.643574579356937e-12,std=0
L=-4.158841878114723,dL=-6.643574579356937e-12,std=0
        gnorm= 0.0001458655234590966
        collect S matrix time= 9.5367431640625e-05
        nonzero=31,wmax=1.9329467253433081,wmin=0.0020241070227364115
        SR solver time= 0.00037980079650878906
        collect H matrix time= 3.337860107421875e-05
        nonzero=31,smax=2.548311427907582,smin=0.0034456771232564062
        RGN solver time= 0.0004868507385253906
        xnorm=1.7161541711746717,dnorm=1.0159379846230145e-05
        dense amplitude time= 0.0010721683502197266
        total non-zero amplitudes= 36
        nsamples per process= 12
self.n= 0.5996550102178118
        RGN updated loss=-4.158841878115275,dloss=-5.524469770534779e-13
[-0.2745625744  0.1042897238 -0.008399369   0.1092721186  0.2590622144
  0.1028602583 -0.3153837924]
[ 0.2363957458  0.0714637884  0.1429639254  0.0166660308  0.0835702339
  0.0590282774 -0.0520881704  0.2803543413 -0.0116035788 -0.1547921315
 -0.0339525884 -0.0096347188  0.0149838773  0.0441367511 -0.0552366164
 -0.2152300235]
[ 0.0049911713 -0.0023968942 -0.4475209869  0.0145271612  0.5148335664
  0.0194948888  0.024677612  -0.479601002   0.0343291244  0.5842760474
 -0.0770190119 -0.0046091704  0.1892227628 -0.028939566  -0.2288127463
 -0.0219504213 -0.0219486025 -0.4157570618 -0.0502185829 -0.2420133465
 -0.3571654913 -0.0416893139  0.0401516718  0.0253106994  0.7328073702
  0.6171518112 -0.0280786647 -0.0124904123]
