run = 0
step= 99

nparam= 31
        dense amplitude time= 0.0018801689147949219
        total non-zero amplitudes= 36
        nsamples per process= 12
self.n= 0.5815710877459005
        collect g,h time= 0.14373064041137695
E=-4.387304667195574,dE=-7.105427357601002e-15,std=0
L=-4.387304667195574,dL=-7.105427357601002e-15,std=0
        gnorm= 2.5823716971740662e-09
        collect S matrix time= 4.863739013671875e-05
        SR solver time= 6.198883056640625e-05
        collect H matrix time= 2.5033950805664062e-05
        RGN solver time= 3.62396240234375e-05
        xnorm=3.192494484115046,dnorm=1.901453939017026e-06
        dense amplitude time= 0.0008769035339355469
        total non-zero amplitudes= 36
        nsamples per process= 12
self.n= 0.5815710823023708
        RGN updated loss=-4.3873046671955835,dloss=-9.769962616701378e-15
[-0.0602702213  0.4711402901  0.000048691  -1.0549253221  0.8790053132
 -0.943350748 ]
[-0.9375584894  0.1214564638 -0.0004645368  0.6888654826  0.000061875
  0.5348824243 -0.4848665995 -1.3017709229  0.0007861643 -0.3555920873
 -0.0005223954 -0.0003727391 -1.1105598731]
[ 0.0003813569 -1.2694969224  0.0001273574 -0.000258669   0.1591018751
 -0.1326737994  0.0001671471 -0.1517277402 -0.0000048503  0.6945533866
 -0.2951660388 -0.0005747161]
