layer= 0
nparam= 120
hop_ls= [(0, 1), (0, 2), (0, 3), (0, 4), (0, 5), (0, 6), (0, 7), (0, 8), (0, 9), (0, 10), (0, 11), (0, 12), (0, 13), (0, 14), (0, 15), (1, 2), (1, 3), (1, 4), (1, 5), (1, 6), (1, 7), (1, 8), (1, 9), (1, 10), (1, 11), (1, 12), (1, 13), (1, 14), (1, 15), (2, 3), (2, 4), (2, 5), (2, 6), (2, 7), (2, 8), (2, 9), (2, 10), (2, 11), (2, 12), (2, 13), (2, 14), (2, 15), (3, 4), (3, 5), (3, 6), (3, 7), (3, 8), (3, 9), (3, 10), (3, 11), (3, 12), (3, 13), (3, 14), (3, 15), (4, 5), (4, 6), (4, 7), (4, 8), (4, 9), (4, 10), (4, 11), (4, 12), (4, 13), (4, 14), (4, 15), (5, 6), (5, 7), (5, 8), (5, 9), (5, 10), (5, 11), (5, 12), (5, 13), (5, 14), (5, 15), (6, 7), (6, 8), (6, 9), (6, 10), (6, 11), (6, 12), (6, 13), (6, 14), (6, 15), (7, 8), (7, 9), (7, 10), (7, 11), (7, 12), (7, 13), (7, 14), (7, 15), (8, 9), (8, 10), (8, 11), (8, 12), (8, 13), (8, 14), (8, 15), (9, 10), (9, 11), (9, 12), (9, 13), (9, 14), (9, 15), (10, 11), (10, 12), (10, 13), (10, 14), (10, 15), (11, 12), (11, 13), (11, 14), (11, 15), (12, 13), (12, 14), (12, 15), (13, 14), (13, 15), (14, 15)]

update time= 0.13721466064453125
step= 0

nparam= 240
ntotal configs= 4900
	dense amplitude time= 0.3159036636352539
	total non-zero amplitudes= 4900
	nsamples per process= 50
	sample time= 4.634682655334473
self.n= 0.7512434661346834
	collect g,h time= 9.685744524002075
E=-13.63928315378632,dE=0,std=0
L=-13.63928315378632,dL=0,std=0
	gnorm= 0.781307663532985
	collect S matrix time= 0.08100438117980957
	nonzero=140,wmax=3.300232548807224,wmin=0.004608372574131788
	SR solver time= 0.010125160217285156
	collect H matrix time= 0.0035839080810546875
	nonzero=144,smax=7.866165525015169,smin=0.008629055023661165
	RGN solver time= 0.010803461074829102
	xnorm=0.8902237832389844,dnorm=0.7665757786304135
update time= 0.014364480972290039
	dense amplitude time= 0.014938592910766602
	total non-zero amplitudes= 4900
	nsamples per process= 50
	sample time= 4.1037421226501465
self.n= 0.7828280905259563
	RGN updated loss=-13.959398906647262,dloss=-0.32011575286094285
update time= 0.014076948165893555
step= 1

nparam= 240
	dense amplitude time= 0.04902362823486328
	total non-zero amplitudes= 4900
	nsamples per process= 50
	sample time= 4.656494617462158
self.n= 0.7828280905259563
	collect g,h time= 8.687814712524414
E=-13.959398906647262,dE=-0.32011575286094285,std=0
L=-13.959398906647262,dL=-0.32011575286094285,std=0
	gnorm= 0.23236713952928692
	collect S matrix time= 0.01332235336303711
	nonzero=139,wmax=3.333192794223278,wmin=0.0034619989898063185
	SR solver time= 0.00561833381652832
	collect H matrix time= 0.0055162906646728516
	nonzero=140,smax=7.54808131099568,smin=0.007924365513544966
	RGN solver time= 0.010892868041992188
	xnorm=0.8865220020166473,dnorm=0.3339432166551496
update time= 0.014376401901245117
	dense amplitude time= 0.00985264778137207
	total non-zero amplitudes= 4900
	nsamples per process= 50
	sample time= 4.141731262207031
self.n= 0.8264981014459714
	RGN updated loss=-13.988549822080287,dloss=-0.02915091543302495
update time= 0.014242172241210938
step= 2

nparam= 240
	dense amplitude time= 0.024235248565673828
	total non-zero amplitudes= 4900
	nsamples per process= 50
	sample time= 4.621118783950806
self.n= 0.8264981014459714
	collect g,h time= 9.843603610992432
E=-13.988549822080287,dE=-0.02915091543302495,std=0
L=-13.988549822080287,dL=-0.02915091543302495,std=0
	gnorm= 0.08825932896674704
	collect S matrix time= 0.012478351593017578
	nonzero=136,wmax=3.4134713008440927,wmin=0.003531343924807977
	SR solver time= 0.005545616149902344
	collect H matrix time= 0.0053060054779052734
	nonzero=139,smax=7.525519475408624,smin=0.008599078834156513
	RGN solver time= 0.01080179214477539
	xnorm=1.0563549513271373,dnorm=0.2161342426595598
update time= 0.014281749725341797
	dense amplitude time= 0.010102510452270508
	total non-zero amplitudes= 4900
	nsamples per process= 50
	sample time= 3.9715399742126465
self.n= 0.8239790184276881
	RGN updated loss=-13.9954460752659,dloss=-0.006896253185612267
update time= 0.014199495315551758
step= 3

nparam= 240
	dense amplitude time= 0.02574300765991211
	total non-zero amplitudes= 4900
	nsamples per process= 50
	sample time= 4.486858606338501
self.n= 0.8239790184276881
	collect g,h time= 9.698124408721924
E=-13.9954460752659,dE=-0.006896253185612267,std=0
L=-13.9954460752659,dL=-0.006896253185612267,std=0
	gnorm= 0.04097408576552053
	collect S matrix time= 0.012423515319824219
	nonzero=137,wmax=3.4674638876536865,wmin=0.004558736228830596
	SR solver time= 0.005440950393676758
	collect H matrix time= 0.005509614944458008
	nonzero=138,smax=7.543814639005792,smin=0.010568794627752037
	RGN solver time= 0.010080099105834961
	xnorm=1.1355131902247801,dnorm=0.24550350128454132
update time= 0.01583123207092285
	dense amplitude time= 0.011092662811279297
	total non-zero amplitudes= 4900
	nsamples per process= 50
	sample time= 3.9833357334136963
self.n= 0.7776670722328403
	RGN updated loss=-14.000523850679892,dloss=-0.005077775413992569
update time= 0.012523412704467773
step= 4

nparam= 240
	dense amplitude time= 0.07972836494445801
	total non-zero amplitudes= 4900
	nsamples per process= 50
	sample time= 4.460561037063599
self.n= 0.7776670722328403
	collect g,h time= 9.601939678192139
E=-14.000523850679892,dE=-0.005077775413992569,std=0
L=-14.000523850679892,dL=-0.005077775413992569,std=0
	gnorm= 0.02589812058806405
	collect S matrix time= 0.011885881423950195
	nonzero=137,wmax=3.491729348468129,wmin=0.004584770191461641
	SR solver time= 0.005435943603515625
	collect H matrix time= 0.005327939987182617
	nonzero=139,smax=7.552145287370026,smin=0.007594408374852302
	RGN solver time= 0.010918617248535156
	xnorm=1.1743663343898767,dnorm=0.1895028416842638
update time= 0.015931367874145508
	dense amplitude time= 0.01080632209777832
	total non-zero amplitudes= 4900
	nsamples per process= 50
	sample time= 4.222852468490601
self.n= 0.751770845776768
	RGN updated loss=-14.00226751642574,dloss=-0.0017436657458471672
update time= 0.015882253646850586
step= 5

nparam= 240
	dense amplitude time= 0.0746769905090332
	total non-zero amplitudes= 4900
	nsamples per process= 50
	sample time= 4.487298011779785
self.n= 0.751770845776768
	collect g,h time= 9.556529760360718
E=-14.00226751642574,dE=-0.0017436657458471672,std=0
L=-14.00226751642574,dL=-0.0017436657458471672,std=0
	gnorm= 0.016631060172221494
	collect S matrix time= 0.012530326843261719
	nonzero=137,wmax=3.5183454563729426,wmin=0.0037656074204928266
	SR solver time= 0.005511760711669922
	collect H matrix time= 0.0053822994232177734
	nonzero=137,smax=7.566762632960956,smin=0.012433774233570033
	RGN solver time= 0.01012730598449707
	xnorm=1.1776929574635444,dnorm=0.029482740247164393
update time= 0.015956401824951172
	dense amplitude time= 0.010375022888183594
	total non-zero amplitudes= 4900
	nsamples per process= 50
	sample time= 3.9032416343688965
self.n= 0.7401000407488804
	RGN updated loss=-14.002676526364318,dloss=-0.00040900993857917456
update time= 0.015836477279663086
step= 6

nparam= 240
	dense amplitude time= 0.07076859474182129
	total non-zero amplitudes= 4900
	nsamples per process= 50
	sample time= 4.417049407958984
self.n= 0.7401000407488804
	collect g,h time= 9.65358591079712
E=-14.002676526364318,dE=-0.00040900993857917456,std=0
L=-14.002676526364318,dL=-0.00040900993857917456,std=0
	gnorm= 0.010581861347393962
	collect S matrix time= 0.012508153915405273
	nonzero=137,wmax=3.5311050795534706,wmin=0.00402767414778702
	SR solver time= 0.005489826202392578
	collect H matrix time= 0.005575895309448242
	nonzero=137,smax=7.5691176150608905,smin=0.013287708687230665
	RGN solver time= 0.010147571563720703
	xnorm=1.1822990617895868,dnorm=0.01462340968353257
update time= 0.015958786010742188
	dense amplitude time= 0.01256704330444336
	total non-zero amplitudes= 4900
	nsamples per process= 50
	sample time= 3.6563897132873535
self.n= 0.7339338853782125
	RGN updated loss=-14.002814067591848,dloss=-0.00013754122752906994
update time= 0.01609516143798828
step= 7

nparam= 240
	dense amplitude time= 0.012737274169921875
	total non-zero amplitudes= 4900
	nsamples per process= 50
	sample time= 4.139601945877075
self.n= 0.7339338853782125
	collect g,h time= 9.695471048355103
E=-14.002814067591848,dE=-0.00013754122752906994,std=0
L=-14.002814067591848,dL=-0.00013754122752906994,std=0
	gnorm= 0.00689735923100976
	collect S matrix time= 0.012770414352416992
	nonzero=137,wmax=3.540495515396715,wmin=0.00415462199825997
	SR solver time= 0.005483150482177734
	collect H matrix time= 0.005713939666748047
	nonzero=137,smax=7.573020465847905,smin=0.013693228233038635
	RGN solver time= 0.010112524032592773
	xnorm=1.1841358297072084,dnorm=0.0084139669733147
update time= 0.015856266021728516
	dense amplitude time= 0.01099705696105957
	total non-zero amplitudes= 4900
	nsamples per process= 50
	sample time= 3.642876148223877
self.n= 0.730483404880157
	RGN updated loss=-14.002866770839736,dloss=-5.2703247888530314e-05
update time= 0.0159912109375
step= 8

nparam= 240
	dense amplitude time= 0.0317540168762207
	total non-zero amplitudes= 4900
	nsamples per process= 50
	sample time= 4.217983722686768
self.n= 0.730483404880157
	collect g,h time= 9.588273763656616
E=-14.002866770839736,dE=-5.2703247888530314e-05,std=0
L=-14.002866770839736,dL=-5.2703247888530314e-05,std=0
	gnorm= 0.004558217056479107
	collect S matrix time= 0.012201309204101562
	nonzero=137,wmax=3.546882606500314,wmin=0.0042272569416776104
	SR solver time= 0.005624055862426758
	collect H matrix time= 0.005074977874755859
	nonzero=137,smax=7.576296328588066,smin=0.013924411066540432
	RGN solver time= 0.010849237442016602
	xnorm=1.184853784958124,dnorm=0.005194258934082358
update time= 0.016245603561401367
	dense amplitude time= 0.011227130889892578
	total non-zero amplitudes= 4900
	nsamples per process= 50
	sample time= 3.6728758811950684
self.n= 0.7284752144776185
	RGN updated loss=-14.002888084136599,dloss=-2.131329686250183e-05
update time= 0.015929460525512695
step= 9

nparam= 240
	dense amplitude time= 0.046031951904296875
	total non-zero amplitudes= 4900
	nsamples per process= 50
	sample time= 4.143141031265259
self.n= 0.7284752144776185
	collect g,h time= 8.677305698394775
E=-14.002888084136599,dE=-2.131329686250183e-05,std=0
L=-14.002888084136599,dL=-2.131329686250183e-05,std=0
	gnorm= 0.003054949964763246
	collect S matrix time= 0.011957645416259766
	nonzero=137,wmax=3.5510806030163433,wmin=0.004272246296279814
	SR solver time= 0.005480289459228516
	collect H matrix time= 0.00541377067565918
	nonzero=138,smax=7.578620439897681,smin=0.007605081338471099
	RGN solver time= 0.010159015655517578
	xnorm=1.1851556821991127,dnorm=0.056951622326252
update time= 0.015820980072021484
	dense amplitude time= 0.010112524032592773
	total non-zero amplitudes= 4900
	nsamples per process= 50
	sample time= 3.7408108711242676
self.n= 0.7274824118856308
	RGN updated loss=-14.002929896328416,dloss=-4.1812191817314215e-05
update time= 0.015903472900390625
step= 10

nparam= 240
	dense amplitude time= 0.010027885437011719
	total non-zero amplitudes= 4900
	nsamples per process= 50
	sample time= 4.240463972091675
self.n= 0.7274824118856308
	collect g,h time= 9.663081169128418
E=-14.002929896328416,dE=-4.1812191817314215e-05,std=0
L=-14.002929896328416,dL=-4.1812191817314215e-05,std=0
	gnorm= 0.002038755046283333
	collect S matrix time= 0.020009994506835938
	nonzero=137,wmax=3.555786359568749,wmin=0.0041476778213655014
	SR solver time= 0.005540370941162109
	collect H matrix time= 0.005719661712646484
	nonzero=137,smax=7.58063362831285,smin=0.013668097502698004
	RGN solver time= 0.010216236114501953
	xnorm=1.185620095493422,dnorm=0.0022338177700774436
update time= 0.015860795974731445
	dense amplitude time= 0.014375925064086914
	total non-zero amplitudes= 4900
	nsamples per process= 50
	sample time= 3.5447134971618652
self.n= 0.726928572250835
	RGN updated loss=-14.002933914527164,dloss=-4.018198747957058e-06
update time= 0.015868663787841797
step= 11

nparam= 240
	dense amplitude time= 0.07474112510681152
	total non-zero amplitudes= 4900
	nsamples per process= 50
	sample time= 4.1009581089019775
self.n= 0.726928572250835
	collect g,h time= 9.612908124923706
E=-14.002933914527164,dE=-4.018198747957058e-06,std=0
L=-14.002933914527164,dL=-4.018198747957058e-06,std=0
	gnorm= 0.0013838316434590433
	collect S matrix time= 0.012187957763671875
	nonzero=137,wmax=3.5580560760944215,wmin=0.0041638706186496325
	SR solver time= 0.005460262298583984
	collect H matrix time= 0.005925655364990234
	nonzero=137,smax=7.582055999373714,smin=0.013722912630926384
	RGN solver time= 0.01011514663696289
	xnorm=1.1860277582078198,dnorm=0.0012053875930667355
update time= 0.015764474868774414
	dense amplitude time= 0.011572599411010742
	total non-zero amplitudes= 4900
	nsamples per process= 50
	sample time= 3.583451509475708
self.n= 0.7265542068812941
	RGN updated loss=-14.002935503828386,dloss=-1.589301222182371e-06
update time= 0.015268564224243164
step= 12

nparam= 240
	dense amplitude time= 0.05386662483215332
	total non-zero amplitudes= 4900
	nsamples per process= 50
	sample time= 4.040755033493042
self.n= 0.7265542068812941
	collect g,h time= 8.714480638504028
E=-14.002935503828386,dE=-1.589301222182371e-06,std=0
L=-14.002935503828386,dL=-1.589301222182371e-06,std=0
	gnorm= 0.000989539646644508
	collect S matrix time= 0.012376785278320312
	nonzero=137,wmax=3.5594061284576033,wmin=0.00417342780219357
	SR solver time= 0.0054700374603271484
	collect H matrix time= 0.005318403244018555
	nonzero=137,smax=7.582909845041296,smin=0.013754501834426879
	RGN solver time= 0.010872840881347656
	xnorm=1.1862567751606319,dnorm=0.0007714655373080415
update time= 0.016007184982299805
	dense amplitude time= 0.011400938034057617
	total non-zero amplitudes= 4900
	nsamples per process= 50
	sample time= 3.53884220123291
self.n= 0.7263083722152792
	RGN updated loss=-14.002936183728517,dloss=-6.799001308621655e-07
update time= 0.0161592960357666
step= 13

nparam= 240
	dense amplitude time= 0.01059103012084961
	total non-zero amplitudes= 4900
	nsamples per process= 50
	sample time= 4.047903060913086
self.n= 0.7263083722152792
	collect g,h time= 9.649959325790405
E=-14.002936183728517,dE=-6.799001308621655e-07,std=0
L=-14.002936183728517,dL=-6.799001308621655e-07,std=0
	gnorm= 0.0007528393369486515
	collect S matrix time= 0.01181936264038086
	nonzero=137,wmax=3.5602223346619586,wmin=0.004179500927098646
	SR solver time= 0.005468130111694336
	collect H matrix time= 0.008198261260986328
	nonzero=137,smax=7.583415898045083,smin=0.013774371442536812
	RGN solver time= 0.01003885269165039
	xnorm=1.1863756028047716,dnorm=0.0005106106752236101
update time= 0.01597428321838379
	dense amplitude time= 0.01171112060546875
	total non-zero amplitudes= 4900
	nsamples per process= 50
	sample time= 3.528717279434204
self.n= 0.7261487662108996
	RGN updated loss=-14.002936486973143,dloss=-3.0324462585440415e-07
update time= 0.015976428985595703
step= 14

nparam= 240
	dense amplitude time= 0.02811741828918457
	total non-zero amplitudes= 4900
	nsamples per process= 50
	sample time= 4.05049204826355
self.n= 0.7261487662108996
	collect g,h time= 9.635629653930664
E=-14.002936486973143,dE=-3.0324462585440415e-07,std=0
L=-14.002936486973143,dL=-3.0324462585440415e-07,std=0
	gnorm= 0.0006155244164671594
	collect S matrix time= 0.011896848678588867
	nonzero=137,wmax=3.560723773684108,wmin=0.0041834722100399105
	SR solver time= 0.0054779052734375
	collect H matrix time= 0.005440950393676758
	nonzero=137,smax=7.5837178898815125,smin=0.013787294144444165
	RGN solver time= 0.010149955749511719
	xnorm=1.1864361733756796,dnorm=0.00034078465309669045
update time= 0.015942096710205078
	dense amplitude time= 0.010738372802734375
	total non-zero amplitudes= 4900
	nsamples per process= 50
	sample time= 3.7131614685058594
self.n= 0.7260454843088349
	RGN updated loss=-14.002936626822583,dloss=-1.3984944047251702e-07
update time= 0.01593160629272461
step= 15

nparam= 240
	dense amplitude time= 0.03267312049865723
	total non-zero amplitudes= 4900
	nsamples per process= 50
	sample time= 4.060420513153076
self.n= 0.7260454843088349
	collect g,h time= 9.673462390899658
E=-14.002936626822583,dE=-1.3984944047251702e-07,std=0
L=-14.002936626822583,dL=-1.3984944047251702e-07,std=0
	gnorm= 0.0005392597601115428
	collect S matrix time= 0.012180805206298828
	nonzero=137,wmax=3.561036106130229,wmin=0.004186089934986385
	SR solver time= 0.005617856979370117
	collect H matrix time= 0.005376338958740234
	nonzero=137,smax=7.583900290326704,smin=0.01379578344568849
	RGN solver time= 0.010864019393920898
	xnorm=1.186467365718125,dnorm=0.00022832926279601375
update time= 0.01636505126953125
	dense amplitude time= 0.011910200119018555
	total non-zero amplitudes= 4900
	nsamples per process= 50
	sample time= 3.53070068359375
self.n= 0.725978584996956
	RGN updated loss=-14.002936693499047,dloss=-6.667646346159017e-08
update time= 0.016274452209472656
step= 16

nparam= 240
	dense amplitude time= 0.028059005737304688
	total non-zero amplitudes= 4900
	nsamples per process= 50
	sample time= 4.06480860710144
self.n= 0.725978584996956
	collect g,h time= 9.693543910980225
E=-14.002936693499047,dE=-6.667646346159017e-08,std=0
L=-14.002936693499047,dL=-6.667646346159017e-08,std=0
	gnorm= 0.0004983051095830759
	collect S matrix time= 0.01552128791809082
	nonzero=137,wmax=3.5612328493235066,wmin=0.004187816137885985
	SR solver time= 0.005469799041748047
	collect H matrix time= 0.005678415298461914
	nonzero=137,smax=7.584011805788031,smin=0.013801367981955982
	RGN solver time= 0.010191202163696289
	xnorm=1.186483846847374,dnorm=0.00015370943714462638
update time= 0.015891075134277344
	dense amplitude time= 0.0116119384765625
	total non-zero amplitudes= 4900
	nsamples per process= 50
	sample time= 3.57045316696167
self.n= 0.7259351048707525
	RGN updated loss=-14.00293672643469,dloss=-3.293564354578393e-08
update time= 0.015937328338623047
step= 17

nparam= 240
	dense amplitude time= 0.03191423416137695
	total non-zero amplitudes= 4900
	nsamples per process= 50
	sample time= 4.053159952163696
self.n= 0.7259351048707525
	collect g,h time= 9.37331748008728
E=-14.00293672643469,dE=-3.293564354578393e-08,std=0
L=-14.00293672643469,dL=-3.293564354578393e-08,std=0
	gnorm= 0.000476603859567966
	collect S matrix time= 0.009313821792602539
	nonzero=137,wmax=3.5613579104189435,wmin=0.004188952223264929
	SR solver time= 0.0042574405670166016
	collect H matrix time= 0.004269838333129883
	nonzero=137,smax=7.584080709272968,smin=0.013805036442506295
	RGN solver time= 0.007782459259033203
	xnorm=1.186492862103895,dnorm=0.00010424114720951206
update time= 0.01239323616027832
	dense amplitude time= 0.008297920227050781
	total non-zero amplitudes= 4900
	nsamples per process= 50
	sample time= 3.578925132751465
self.n= 0.7259067075172512
	RGN updated loss=-14.002936743324737,dloss=-1.689004669458427e-08
update time= 0.01583719253540039
step= 18

nparam= 240
	dense amplitude time= 0.010300159454345703
	total non-zero amplitudes= 4900
	nsamples per process= 50
	sample time= 4.046730995178223
self.n= 0.7259067075172512
	collect g,h time= 9.650813341140747
E=-14.002936743324737,dE=-1.689004669458427e-08,std=0
L=-14.002936743324737,dL=-1.689004669458427e-08,std=0
	gnorm= 0.00046503377099015286
	collect S matrix time= 0.012308359146118164
	nonzero=137,wmax=3.5614379955906412,wmin=0.004189698187272735
	SR solver time= 0.0054759979248046875
	collect H matrix time= 0.005455970764160156
	nonzero=137,smax=7.5841236524261895,smin=0.01380744130555643
	RGN solver time= 0.010110855102539062
	xnorm=1.1864979903088664,dnorm=7.14531112223673e-05
update time= 0.015852928161621094
	dense amplitude time= 0.011928319931030273
	total non-zero amplitudes= 4900
	nsamples per process= 50
	sample time= 3.5537726879119873
self.n= 0.7258880510063128
	RGN updated loss=-14.002936752321396,dloss=-8.996659417448427e-09
update time= 0.016220808029174805
step= 19

nparam= 240
	dense amplitude time= 0.02910780906677246
	total non-zero amplitudes= 4900
	nsamples per process= 50
	sample time= 4.029080629348755
self.n= 0.7258880510063128
	collect g,h time= 9.684509515762329
E=-14.002936752321396,dE=-8.996659417448427e-09,std=0
L=-14.002936752321396,dL=-8.996659417448427e-09,std=0
	gnorm= 0.0004587459150856943
	collect S matrix time= 0.013048887252807617
	nonzero=137,wmax=3.5614895964303828,wmin=0.004190186996005584
	SR solver time= 0.005469083786010742
	collect H matrix time= 0.005393505096435547
	nonzero=137,smax=7.584150597002764,smin=0.013809014778464015
	RGN solver time= 0.010879278182983398
	xnorm=1.1865010262584192,dnorm=4.967483124923179e-05
update time= 0.01603555679321289
	dense amplitude time= 0.011673927307128906
	total non-zero amplitudes= 4900
	nsamples per process= 50
	sample time= 3.5165886878967285
self.n= 0.725875711276323
	RGN updated loss=-14.002936757290572,dloss=-4.9691752934677424e-09
update time= 0.015981197357177734
step= 20

nparam= 240
	dense amplitude time= 0.02866530418395996
	total non-zero amplitudes= 4900
	nsamples per process= 50
	sample time= 4.042839288711548
self.n= 0.725875711276323
	collect g,h time= 8.674743175506592
E=-14.002936757290572,dE=-4.9691752934677424e-09,std=0
L=-14.002936757290572,dL=-4.9691752934677424e-09,std=0
	gnorm= 0.0004552411186348798
	collect S matrix time= 0.011523008346557617
	nonzero=137,wmax=3.561523021651683,wmin=0.004190506795588913
	SR solver time= 0.005462169647216797
	collect H matrix time= 0.005797624588012695
	nonzero=137,smax=7.584167588704956,smin=0.013810042647102765
	RGN solver time= 0.010134458541870117
	xnorm=1.1865028928707246,dnorm=3.512949308430782e-05
update time= 0.016131877899169922
	dense amplitude time= 0.011397361755371094
	total non-zero amplitudes= 4900
	nsamples per process= 50
	sample time= 3.5482842922210693
self.n= 0.7258674883553762
	RGN updated loss=-14.002936760126067,dloss=-2.8354953940379346e-09
update time= 0.016015052795410156
step= 21

nparam= 240
	dense amplitude time= 0.005715370178222656
	total non-zero amplitudes= 4900
	nsamples per process= 50
	sample time= 4.217851638793945
self.n= 0.7258674883553762
	collect g,h time= 9.659912347793579
E=-14.002936760126067,dE=-2.8354953940379346e-09,std=0
L=-14.002936760126067,dL=-2.8354953940379346e-09,std=0
	gnorm= 0.0004532353457761972
	collect S matrix time= 0.011786222457885742
	nonzero=137,wmax=3.5615447778968288,wmin=0.0041907157937137495
	SR solver time= 0.005492210388183594
	collect H matrix time= 0.005418062210083008
	nonzero=137,smax=7.584178342016777,smin=0.013810713280648168
	RGN solver time= 0.010080575942993164
	xnorm=1.1865040800571136,dnorm=2.531933830450894e-05
update time= 0.01585984230041504
	dense amplitude time= 0.012151718139648438
	total non-zero amplitudes= 4900
	nsamples per process= 50
	sample time= 3.5565812587738037
self.n= 0.7258619637048263
	RGN updated loss=-14.002936761789254,dloss=-1.6631869215189e-09
update time= 0.01588892936706543
step= 22

nparam= 240
	dense amplitude time= 0.02390766143798828
	total non-zero amplitudes= 4900
	nsamples per process= 50
	sample time= 4.031058311462402
self.n= 0.7258619637048263
	collect g,h time= 9.615238666534424
E=-14.002936761789254,dE=-1.6631869215189e-09,std=0
L=-14.002936761789254,dL=-1.6631869215189e-09,std=0
	gnorm= 0.0004520592283154661
	collect S matrix time= 0.012417316436767578
	nonzero=137,wmax=3.5615590038555167,wmin=0.0041908522909631036
	SR solver time= 0.0056304931640625
	collect H matrix time= 0.005148410797119141
	nonzero=137,smax=7.584185162423934,smin=0.013811150450060932
	RGN solver time= 0.010860919952392578
	xnorm=1.1865048574129615,dnorm=1.8606072120577737e-05
update time= 0.016256093978881836
	dense amplitude time= 0.011457681655883789
	total non-zero amplitudes= 4900
	nsamples per process= 50
	sample time= 3.541788339614868
self.n= 0.7258582187102806
	RGN updated loss=-14.002936762786677,dloss=-9.974225889664012e-10
update time= 0.012519359588623047
step= 23

nparam= 240
	dense amplitude time= 0.028660058975219727
	total non-zero amplitudes= 4900
	nsamples per process= 50
	sample time= 4.04320216178894
self.n= 0.7258582187102806
	collect g,h time= 9.18025803565979
E=-14.002936762786677,dE=-9.974225889664012e-10,std=0
L=-14.002936762786677,dL=-9.974225889664012e-10,std=0
	gnorm= 0.0004513552068398706
	collect S matrix time= 0.011701345443725586
	nonzero=137,wmax=3.56156834844562,wmin=0.004190941415377946
	SR solver time= 0.00545954704284668
	collect H matrix time= 0.005529165267944336
	nonzero=137,smax=7.584189492649509,smin=0.013811435264344491
	RGN solver time= 0.010217905044555664
	xnorm=1.1865053789945863,dnorm=1.3924776135853531e-05
update time= 0.016168594360351562
	dense amplitude time= 0.011930704116821289
	total non-zero amplitudes= 4900
	nsamples per process= 50
	sample time= 3.5312018394470215
self.n= 0.7258556556157891
	RGN updated loss=-14.002936763395153,dloss=-6.084768244818406e-10
update time= 0.016154050827026367
step= 24

nparam= 240
	dense amplitude time= 0.01380014419555664
	total non-zero amplitudes= 4900
	nsamples per process= 50
	sample time= 4.237600803375244
self.n= 0.7258556556157891
	collect g,h time= 9.800740718841553
E=-14.002936763395153,dE=-6.084768244818406e-10,std=0
L=-14.002936763395153,dL=-6.084768244818406e-10,std=0
	gnorm= 0.0004509267339817961
	collect S matrix time= 0.011844635009765625
	nonzero=137,wmax=3.561574515756086,wmin=0.004190999615425454
	SR solver time= 0.005472898483276367
	collect H matrix time= 0.00547027587890625
	nonzero=137,smax=7.5841922413726275,smin=0.013811620761730991
	RGN solver time= 0.01018524169921875
	xnorm=1.1865057361461664,dnorm=1.058897616080146e-05
update time= 0.016003847122192383
	dense amplitude time= 0.012188196182250977
	total non-zero amplitudes= 4900
	nsamples per process= 50
	sample time= 3.559492349624634
self.n= 0.7258538833867584
	RGN updated loss=-14.00293676377112,dloss=-3.75965925059063e-10
update time= 0.01592397689819336
step= 25

nparam= 240
	dense amplitude time= 0.011677980422973633
	total non-zero amplitudes= 4900
	nsamples per process= 50
	sample time= 4.047137022018433
self.n= 0.7258538833867584
	collect g,h time= 9.70287275314331
E=-14.00293676377112,dE=-3.75965925059063e-10,std=0
L=-14.00293676377112,dL=-3.75965925059063e-10,std=0
	gnorm= 0.0004506626062980289
	collect S matrix time= 0.01203298568725586
	nonzero=137,wmax=3.5615786068050355,wmin=0.004191037639785593
	SR solver time= 0.005481719970703125
	collect H matrix time= 0.005456447601318359
	nonzero=137,smax=7.584193983771085,smin=0.013811741566784807
	RGN solver time= 0.010155200958251953
	xnorm=1.186505984907834,dnorm=8.158310955537912e-06
update time= 0.016198158264160156
	dense amplitude time= 0.011832475662231445
	total non-zero amplitudes= 4900
	nsamples per process= 50
	sample time= 3.5419888496398926
self.n= 0.7258526447384044
	RGN updated loss=-14.0029367640056,dloss=-2.3448087915767246e-10
update time= 0.016267061233520508
step= 26

nparam= 240
	dense amplitude time= 0.023290634155273438
	total non-zero amplitudes= 4900
	nsamples per process= 50
	sample time= 4.0277485847473145
self.n= 0.7258526447384044
	collect g,h time= 9.645177125930786
E=-14.0029367640056,dE=-2.3448087915767246e-10,std=0
L=-14.0029367640056,dL=-2.3448087915767246e-10,std=0
	gnorm= 0.0004504982218296196
	collect S matrix time= 0.011982917785644531
	nonzero=137,wmax=3.5615813356800308,wmin=0.0041910625039119674
	SR solver time= 0.005482912063598633
	collect H matrix time= 0.005303621292114258
	nonzero=137,smax=7.584195085277905,smin=0.013811820254489685
	RGN solver time= 0.011042594909667969
	xnorm=1.1865061607100966,dnorm=6.349837908513844e-06
update time= 0.016065597534179688
	dense amplitude time= 0.011378049850463867
	total non-zero amplitudes= 4900
	nsamples per process= 50
	sample time= 3.5438013076782227
self.n= 0.7258517693173931
	RGN updated loss=-14.002936764152821,dloss=-1.4722090213581396e-10
update time= 0.01594829559326172
step= 27

nparam= 240
	dense amplitude time= 0.028409481048583984
	total non-zero amplitudes= 4900
	nsamples per process= 50
	sample time= 4.071188449859619
self.n= 0.7258517693173931
	collect g,h time= 9.684027194976807
E=-14.002936764152821,dE=-1.4722090213581396e-10,std=0
L=-14.002936764152821,dL=-1.4722090213581396e-10,std=0
	gnorm= 0.00045039519454330543
	collect S matrix time= 0.011844158172607422
	nonzero=137,wmax=3.5615831671481524,wmin=0.0041910787829029725
	SR solver time= 0.0054814815521240234
	collect H matrix time= 0.0053806304931640625
	nonzero=137,smax=7.584195778676736,smin=0.013811871529683299
	RGN solver time= 0.010218143463134766
	xnorm=1.1865062865344869,dnorm=4.979903415587775e-06
update time= 0.01602005958557129
	dense amplitude time= 0.011451482772827148
	total non-zero amplitudes= 4900
	nsamples per process= 50
	sample time= 3.5655934810638428
self.n= 0.7258511435485735
	RGN updated loss=-14.002936764245685,dloss=-9.28643828501663e-11
update time= 0.015956878662109375
step= 28

nparam= 240
	dense amplitude time= 0.033469438552856445
	total non-zero amplitudes= 4900
	nsamples per process= 50
	sample time= 4.026384592056274
self.n= 0.7258511435485735
	collect g,h time= 8.722463846206665
E=-14.002936764245685,dE=-9.28643828501663e-11,std=0
L=-14.002936764245685,dL=-9.28643828501663e-11,std=0
	gnorm= 0.00045033029526379294
	collect S matrix time= 0.012082815170288086
	nonzero=137,wmax=3.561584404737567,wmin=0.004191089458956509
	SR solver time= 0.005564451217651367
	collect H matrix time= 0.005400657653808594
	nonzero=137,smax=7.584196212498425,smin=0.013811904964301625
	RGN solver time= 0.01025843620300293
	xnorm=1.1865063776103186,dnorm=3.927044373159374e-06
update time= 0.016122817993164062
	dense amplitude time= 0.011419296264648438
	total non-zero amplitudes= 4900
	nsamples per process= 50
	sample time= 3.546661853790283
self.n= 0.7258506911364477
	RGN updated loss=-14.002936764304462,dloss=-5.877609510207549e-11
update time= 0.015988588333129883
step= 29

nparam= 240
	dense amplitude time= 0.030794620513916016
	total non-zero amplitudes= 4900
	nsamples per process= 50
	sample time= 4.0409018993377686
self.n= 0.7258506911364477
	collect g,h time= 9.715742826461792
E=-14.002936764304462,dE=-5.877609510207549e-11,std=0
L=-14.002936764304462,dL=-5.877609510207549e-11,std=0
	gnorm= 0.00045028926598266546
	collect S matrix time= 0.012294530868530273
	nonzero=137,wmax=3.5615852473619767,wmin=0.004191096475614646
	SR solver time= 0.005632162094116211
	collect H matrix time= 0.0051898956298828125
	nonzero=137,smax=7.584196481588222,smin=0.013811926786299897
	RGN solver time= 0.010976552963256836
	xnorm=1.1865064442114246,dnorm=3.108866191740996e-06
update time= 0.016429424285888672
	dense amplitude time= 0.011243820190429688
	total non-zero amplitudes= 4900
	nsamples per process= 50
	sample time= 3.56731915473938
self.n= 0.7258503604032094
	RGN updated loss=-14.002936764341747,dloss=-3.728573005901126e-11
update time= 0.016179800033569336
step= 30

nparam= 240
	dense amplitude time= 0.013335943222045898
	total non-zero amplitudes= 4900
	nsamples per process= 50
	sample time= 4.05014181137085
self.n= 0.7258503604032094
	collect g,h time= 9.633100271224976
E=-14.002936764341747,dE=-3.728573005901126e-11,std=0
L=-14.002936764341747,dL=-3.728573005901126e-11,std=0
	gnorm= 0.0004502632610544409
	collect S matrix time= 0.011818408966064453
	nonzero=137,wmax=3.561585825854154,wmin=0.00419110109963494
	SR solver time= 0.0054666996002197266
	collect H matrix time= 0.005451679229736328
	nonzero=137,smax=7.5841966465052355,smin=0.013811941046876263
	RGN solver time= 0.010284900665283203
	xnorm=1.1865064933735547,dnorm=2.4678525347216573e-06
update time= 0.016170263290405273
	dense amplitude time= 0.011230230331420898
	total non-zero amplitudes= 4900
	nsamples per process= 50
	sample time= 3.772629499435425
self.n= 0.7258501160297808
	RGN updated loss=-14.002936764365439,dloss=-2.369127116708114e-11
update time= 0.01224517822265625
step= 31

nparam= 240
	dense amplitude time= 0.07033419609069824
	total non-zero amplitudes= 4900
	nsamples per process= 50
	sample time= 4.04813289642334
self.n= 0.7258501160297808
	collect g,h time= 9.066512823104858
E=-14.002936764365439,dE=-2.369127116708114e-11,std=0
L=-14.002936764365439,dL=-2.369127116708114e-11,std=0
	gnorm= 0.0004502467492254412
	collect S matrix time= 0.01159977912902832
	nonzero=137,wmax=3.5615862266103275,wmin=0.004191104156966163
	SR solver time= 0.005488157272338867
	collect H matrix time= 0.005497932434082031
	nonzero=137,smax=7.584196745880005,smin=0.013811950381116293
	RGN solver time= 0.01010274887084961
	xnorm=1.186506529978228,dnorm=1.962695436420363e-06
update time= 0.016097068786621094
	dense amplitude time= 0.011331558227539062
	total non-zero amplitudes= 4900
	nsamples per process= 50
	sample time= 3.5473546981811523
self.n= 0.725849933642752
	RGN updated loss=-14.002936764380516,dloss=-1.5077716852829326e-11
update time= 0.01599907875061035
step= 32

nparam= 240
	dense amplitude time= 0.07494211196899414
	total non-zero amplitudes= 4900
	nsamples per process= 50
	sample time= 4.0469348430633545
self.n= 0.725849933642752
	collect g,h time= 9.686245203018188
E=-14.002936764380516,dE=-1.5077716852829326e-11,std=0
L=-14.002936764380516,dL=-1.5077716852829326e-11,std=0
	gnorm= 0.0004502362519531718
	collect S matrix time= 0.012152910232543945
	nonzero=137,wmax=3.561586506935253,wmin=0.004191106186492447
	SR solver time= 0.005491733551025391
	collect H matrix time= 0.005409717559814453
	nonzero=137,smax=7.584196804308628,smin=0.013811956503191307
	RGN solver time= 0.010246515274047852
	xnorm=1.1865065574512623,dnorm=1.5629594370447888e-06
update time= 0.016138315200805664
	dense amplitude time= 0.01146078109741211
	total non-zero amplitudes= 4900
	nsamples per process= 50
	sample time= 3.542637825012207
self.n= 0.7258497962484401
	RGN updated loss=-14.002936764390105,dloss=-9.588774219082552e-12
update time= 0.016338825225830078
step= 33

nparam= 240
	dense amplitude time= 0.061266183853149414
	total non-zero amplitudes= 4900
	nsamples per process= 50
	sample time= 4.045472621917725
self.n= 0.7258497962484401
	collect g,h time= 9.714902639389038
E=-14.002936764390105,dE=-9.588774219082552e-12,std=0
L=-14.002936764390105,dL=-9.588774219082552e-12,std=0
	gnorm= 0.0004502295726471803
	collect S matrix time= 0.012456178665161133
	nonzero=137,wmax=3.561586705027062,wmin=0.004191107540136909
	SR solver time= 0.005545854568481445
	collect H matrix time= 0.0053558349609375
	nonzero=137,smax=7.584196837405248,smin=0.013811960528534239
	RGN solver time= 0.010894298553466797
	xnorm=1.186506578222656,dnorm=1.2457379742067238e-06
update time= 0.015980243682861328
	dense amplitude time= 0.011363744735717773
	total non-zero amplitudes= 4900
	nsamples per process= 50
	sample time= 3.5995938777923584
self.n= 0.7258496918702881
	RGN updated loss=-14.002936764396212,dloss=-6.107114813858061e-12
update time= 0.015959739685058594
step= 34

nparam= 240
	dense amplitude time= 0.023289918899536133
	total non-zero amplitudes= 4900
	nsamples per process= 50
	sample time= 4.054275274276733
self.n= 0.7258496918702881
	collect g,h time= 9.64545726776123
E=-14.002936764396212,dE=-6.107114813858061e-12,std=0
L=-14.002936764396212,dL=-6.107114813858061e-12,std=0
	gnorm= 0.00045022532019450666
	collect S matrix time= 0.02897334098815918
	nonzero=137,wmax=3.5615868464909983,wmin=0.004191108448021552
	SR solver time= 0.005541563034057617
	collect H matrix time= 0.0014183521270751953
	nonzero=137,smax=7.584196855040213,smin=0.013811963183317712
	RGN solver time= 0.010275125503540039
	xnorm=1.1865065940330108,dnorm=9.935010818716893e-07
update time= 0.016169071197509766
	dense amplitude time= 0.011447668075561523
	total non-zero amplitudes= 4900
	nsamples per process= 50
	sample time= 3.5355312824249268
self.n= 0.725849611973589
	RGN updated loss=-14.002936764400111,dloss=-3.89910326248355e-12
update time= 0.01592254638671875
step= 35

nparam= 240
	dense amplitude time= 0.02651691436767578
	total non-zero amplitudes= 4900
	nsamples per process= 50
	sample time= 4.0532050132751465
self.n= 0.725849611973589
	collect g,h time= 9.627693176269531
E=-14.002936764400111,dE=-3.89910326248355e-12,std=0
L=-14.002936764400111,dL=-3.89910326248355e-12,std=0
	gnorm= 0.00045022261178720885
	collect S matrix time= 0.011816978454589844
	nonzero=137,wmax=3.5615869485997953,wmin=0.004191109060872572
	SR solver time= 0.005457639694213867
	collect H matrix time= 0.0055887699127197266
	nonzero=137,smax=7.584196863416551,smin=0.013811964940630998
	RGN solver time= 0.010179996490478516
	xnorm=1.1865066061408283,dnorm=7.926646626750021e-07
update time= 0.01601576805114746
	dense amplitude time= 0.011474609375
	total non-zero amplitudes= 4900
	nsamples per process= 50
	sample time= 3.5662620067596436
self.n= 0.7258495504080145
	RGN updated loss=-14.002936764402595,dloss=-2.48334686148155e-12
update time= 0.01593184471130371
step= 36

nparam= 240
	dense amplitude time= 0.12941503524780273
	total non-zero amplitudes= 4900
	nsamples per process= 50
	sample time= 4.04351282119751
self.n= 0.7258495504080145
	collect g,h time= 8.845784425735474
E=-14.002936764402595,dE=-2.48334686148155e-12,std=0
L=-14.002936764402595,dL=-2.48334686148155e-12,std=0
	gnorm= 0.0004502208863777727
	collect S matrix time= 0.012085199356079102
	nonzero=137,wmax=3.5615870230881996,wmin=0.004191109477619412
	SR solver time= 0.005600452423095703
	collect H matrix time= 0.005072116851806641
	nonzero=137,smax=7.5841968664014185,smin=0.013811966108974564
	RGN solver time= 0.010909795761108398
	xnorm=1.1865066154642647,dnorm=6.326061954817386e-07
update time= 0.016481876373291016
	dense amplitude time= 0.011330127716064453
	total non-zero amplitudes= 4900
	nsamples per process= 50
	sample time= 3.529834508895874
self.n= 0.7258495026922902
	RGN updated loss=-14.002936764404176,dloss=-1.580957587066223e-12
update time= 0.015886306762695312
step= 37

nparam= 240
	dense amplitude time= 0.031392812728881836
	total non-zero amplitudes= 4900
	nsamples per process= 50
	sample time= 4.351209402084351
self.n= 0.7258495026922902
	collect g,h time= 9.655644178390503
E=-14.002936764404176,dE=-1.580957587066223e-12,std=0
L=-14.002936764404176,dL=-1.580957587066223e-12,std=0
	gnorm= 0.0004502197870550937
	collect S matrix time= 0.012140035629272461
	nonzero=137,wmax=3.5615870779916676,wmin=0.004191109763361303
	SR solver time= 0.0054781436920166016
	collect H matrix time= 0.005464315414428711
	nonzero=137,smax=7.584196866379614,smin=0.013811966889760573
	RGN solver time= 0.010155916213989258
	xnorm=1.1865066226790348,dnorm=5.049652778730994e-07
update time= 0.01616048812866211
	dense amplitude time= 0.01154470443725586
	total non-zero amplitudes= 4900
	nsamples per process= 50
	sample time= 3.5710039138793945
self.n= 0.7258494655259863
	RGN updated loss=-14.00293676440518,dloss=-1.0036416142611415e-12
update time= 0.015984058380126953
step= 38

nparam= 240
	dense amplitude time= 0.029511690139770508
	total non-zero amplitudes= 4900
	nsamples per process= 50
	sample time= 4.036235094070435
self.n= 0.7258494655259863
	collect g,h time= 9.565550088882446
E=-14.00293676440518,dE=-1.0036416142611415e-12,std=0
L=-14.00293676440518,dL=-1.0036416142611415e-12,std=0
	gnorm= 0.00045021908660982274
	collect S matrix time= 0.012003898620605469
	nonzero=137,wmax=3.5615871188603294,wmin=0.004191109961073143
	SR solver time= 0.005478858947753906
	collect H matrix time= 0.005544900894165039
	nonzero=137,smax=7.584196864799627,smin=0.013811967414693298
	RGN solver time= 0.010203123092651367
	xnorm=1.186506628286376,dnorm=4.0313209328925143e-07
update time= 0.015979766845703125
	dense amplitude time= 0.011469602584838867
	total non-zero amplitudes= 4900
	nsamples per process= 50
	sample time= 3.5664145946502686
self.n= 0.7258494364535601
	RGN updated loss=-14.002936764405822,dloss=-6.430411758628907e-13
update time= 0.012152433395385742
step= 39

nparam= 240
	dense amplitude time= 0.029611587524414062
	total non-zero amplitudes= 4900
	nsamples per process= 50
	sample time= 4.053057670593262
self.n= 0.7258494364535601
	collect g,h time= 9.009756565093994
E=-14.002936764405822,dE=-6.430411758628907e-13,std=0
L=-14.002936764405822,dL=-6.430411758628907e-13,std=0
	gnorm= 0.00045021864032434764
	collect S matrix time= 0.01198124885559082
	nonzero=137,wmax=3.5615871495637283,wmin=0.004191110099230345
	SR solver time= 0.0054779052734375
	collect H matrix time= 0.0054628849029541016
	nonzero=137,smax=7.58419686252267,smin=0.013811967770056843
	RGN solver time= 0.010260343551635742
	xnorm=1.1865066326612186,dnorm=3.218644650509731e-07
update time= 0.01625204086303711
	dense amplitude time= 0.011454343795776367
	total non-zero amplitudes= 4900
	nsamples per process= 50
	sample time= 3.5385565757751465
self.n= 0.7258494136305629
	RGN updated loss=-14.002936764406233,dloss=-4.1033842990145786e-13
update time= 0.016129016876220703
step= 40

nparam= 240
	dense amplitude time= 0.02428460121154785
	total non-zero amplitudes= 4900
	nsamples per process= 50
	sample time= 4.137797832489014
self.n= 0.7258494136305629
	collect g,h time= 9.64288854598999
E=-14.002936764406233,dE=-4.1033842990145786e-13,std=0
L=-14.002936764406233,dL=-4.1033842990145786e-13,std=0
	gnorm= 0.0004502183560070574
	collect S matrix time= 0.011769533157348633
	nonzero=137,wmax=3.561587172826576,wmin=0.004191110196787627
	SR solver time= 0.005463600158691406
	collect H matrix time= 0.0054018497467041016
	nonzero=137,smax=7.584196860044529,smin=0.013811968012516313
	RGN solver time= 0.010194063186645508
	xnorm=1.18650663608591,dnorm=2.569959002220702e-07
update time= 0.015986919403076172
	dense amplitude time= 0.011413812637329102
	total non-zero amplitudes= 4900
	nsamples per process= 50
	sample time= 3.5434300899505615
self.n= 0.7258493956595521
	RGN updated loss=-14.002936764406495,dloss=-2.6290081223123707e-13
update time= 0.01577281951904297
step= 41

nparam= 240
	dense amplitude time= 0.02730703353881836
	total non-zero amplitudes= 4900
	nsamples per process= 50
	sample time= 4.029756546020508
self.n= 0.7258493956595521
	collect g,h time= 9.616331100463867
E=-14.002936764406495,dE=-2.6290081223123707e-13,std=0
L=-14.002936764406495,dL=-2.6290081223123707e-13,std=0
	gnorm= 0.00045021817490531154
	collect S matrix time= 0.012008190155029297
	nonzero=137,wmax=3.561587190587541,wmin=0.004191110266428669
	SR solver time= 0.005604267120361328
	collect H matrix time= 0.00506281852722168
	nonzero=137,smax=7.584196857636642,smin=0.013811968179389704
	RGN solver time= 0.010977506637573242
	xnorm=1.1865066387746783,dnorm=2.05209969580217e-07
update time= 0.016422748565673828
	dense amplitude time= 0.011463642120361328
	total non-zero amplitudes= 4900
	nsamples per process= 50
	sample time= 3.552863359451294
self.n= 0.72584938147341
	RGN updated loss=-14.002936764406662,dloss=-1.6697754290362354e-13
update time= 0.016080141067504883
step= 42

nparam= 240
	dense amplitude time= 0.020442962646484375
	total non-zero amplitudes= 4900
	nsamples per process= 50
	sample time= 4.034392356872559
self.n= 0.72584938147341
	collect g,h time= 9.71047830581665
E=-14.002936764406662,dE=-1.6697754290362354e-13,std=0
L=-14.002936764406662,dL=-1.6697754290362354e-13,std=0
	gnorm= 0.00045021805957542305
	collect S matrix time= 0.019502639770507812
	nonzero=137,wmax=3.5615872042406562,wmin=0.004191110316693497
	SR solver time= 0.005545377731323242
	collect H matrix time= 0.002058744430541992
	nonzero=137,smax=7.584196855434906,smin=0.013811968295338976
	RGN solver time= 0.01016998291015625
	xnorm=1.1865066408909717,dnorm=1.6386418233154213e-07
update time= 0.016025543212890625
	dense amplitude time= 0.011446952819824219
	total non-zero amplitudes= 4900
	nsamples per process= 50
	sample time= 3.5264084339141846
self.n= 0.7258493702516156
	RGN updated loss=-14.002936764406765,dloss=-1.0302869668521453e-13
update time= 0.015766143798828125
step= 43

nparam= 240
	dense amplitude time= 0.05687856674194336
	total non-zero amplitudes= 4900
	nsamples per process= 50
	sample time= 4.043125867843628
self.n= 0.7258493702516156
	collect g,h time= 9.770336866378784
E=-14.002936764406765,dE=-1.0302869668521453e-13,std=0
L=-14.002936764406765,dL=-1.0302869668521453e-13,std=0
	gnorm= 0.00045021798615256726
	collect S matrix time= 0.012169837951660156
	nonzero=137,wmax=3.561587214799072,wmin=0.004191110353373448
	SR solver time= 0.005457401275634766
	collect H matrix time= 0.005552530288696289
	nonzero=137,smax=7.58419685349535,smin=0.013811968376732054
	RGN solver time= 0.010087013244628906
	xnorm=1.1865066425603492,dnorm=1.3085156817372337e-07
update time= 0.015996456146240234
	dense amplitude time= 0.011406660079956055
	total non-zero amplitudes= 4900
	nsamples per process= 50
	sample time= 3.522386074066162
self.n= 0.7258493613593935
	RGN updated loss=-14.002936764406835,dloss=-6.927791673660977e-14
update time= 0.015865564346313477
step= 44

nparam= 240
	dense amplitude time= 0.04577136039733887
	total non-zero amplitudes= 4900
	nsamples per process= 50
	sample time= 4.04717493057251
self.n= 0.7258493613593935
	collect g,h time= 8.658639430999756
E=-14.002936764406835,dE=-6.927791673660977e-14,std=0
L=-14.002936764406835,dL=-6.927791673660977e-14,std=0
	gnorm= 0.00045021793942886075
	collect S matrix time= 0.011963605880737305
	nonzero=137,wmax=3.5615872230068084,wmin=0.00419111038042703
	SR solver time= 0.005469799041748047
	collect H matrix time= 0.005602359771728516
	nonzero=137,smax=7.584196851828572,smin=0.013811968434483625
	RGN solver time= 0.01013326644897461
	xnorm=1.1865066438795766,dnorm=1.0449136845121358e-07
update time= 0.0160520076751709
	dense amplitude time= 0.011462211608886719
	total non-zero amplitudes= 4900
	nsamples per process= 50
	sample time= 3.549593210220337
self.n= 0.7258493543031139
	RGN updated loss=-14.002936764406885,dloss=-4.973799150320701e-14
update time= 0.015823841094970703
step= 45

nparam= 240
	dense amplitude time= 0.04387998580932617
	total non-zero amplitudes= 4900
	nsamples per process= 50
	sample time= 4.047348737716675
self.n= 0.7258493543031139
	collect g,h time= 9.78889274597168
E=-14.002936764406885,dE=-4.973799150320701e-14,std=0
L=-14.002936764406885,dL=-4.973799150320701e-14,std=0
	gnorm= 0.000450217909709485
	collect S matrix time= 0.011913061141967773
	nonzero=137,wmax=3.561587229415764,wmin=0.004191110400583736
	SR solver time= 0.005465030670166016
	collect H matrix time= 0.0053632259368896484
	nonzero=137,smax=7.584196850420848,smin=0.013811968475915495
	RGN solver time= 0.01023101806640625
	xnorm=1.186506644923831,dnorm=8.344235474355132e-08
update time= 0.016057491302490234
	dense amplitude time= 0.011693716049194336
	total non-zero amplitudes= 4900
	nsamples per process= 50
	sample time= 3.5715246200561523
self.n= 0.7258493486971519
	RGN updated loss=-14.002936764406906,dloss=-2.1316282072803006e-14
update time= 0.015878677368164062
step= 46

nparam= 240
	dense amplitude time= 0.0712435245513916
	total non-zero amplitudes= 4900
	nsamples per process= 50
	sample time= 4.054345607757568
self.n= 0.7258493486971519
	collect g,h time= 9.581372737884521
E=-14.002936764406906,dE=-2.1316282072803006e-14,std=0
L=-14.002936764406906,dL=-2.1316282072803006e-14,std=0
	gnorm= 0.0004502178908204927
	collect S matrix time= 0.012240171432495117
	nonzero=137,wmax=3.561587234439206,wmin=0.004191110415744642
	SR solver time= 0.005626201629638672
	collect H matrix time= 0.005057573318481445
	nonzero=137,smax=7.584196849246776,smin=0.013811968505971628
	RGN solver time= 0.011022329330444336
	xnorm=1.1865066457515192,dnorm=6.663402176049048e-08
update time= 0.016423702239990234
	dense amplitude time= 0.010891914367675781
	total non-zero amplitudes= 4900
	nsamples per process= 50
	sample time= 3.668264627456665
self.n= 0.7258493442391809
	RGN updated loss=-14.002936764406925,dloss=-1.9539925233402755e-14
update time= 0.012381553649902344
step= 47

nparam= 240
	dense amplitude time= 0.01609516143798828
	total non-zero amplitudes= 4900
	nsamples per process= 50
	sample time= 4.0525267124176025
self.n= 0.7258493442391809
	collect g,h time= 8.966631889343262
E=-14.002936764406925,dE=-1.9539925233402755e-14,std=0
L=-14.002936764406925,dL=-1.9539925233402755e-14,std=0
	gnorm= 0.00045021787882326854
	collect S matrix time= 0.011972665786743164
	nonzero=137,wmax=3.5615872383893454,wmin=0.004191110427246593
	SR solver time= 0.005462646484375
	collect H matrix time= 0.005445957183837891
	nonzero=137,smax=7.584196848276748,smin=0.013811968528012636
	RGN solver time= 0.010045051574707031
	xnorm=1.1865066464083525,dnorm=5.3211789355636745e-08
update time= 0.01607489585876465
	dense amplitude time= 0.01140904426574707
	total non-zero amplitudes= 4900
	nsamples per process= 50
	sample time= 3.564422607421875
self.n= 0.7258493406913153
	RGN updated loss=-14.002936764406936,dloss=-1.0658141036401503e-14
update time= 0.015887022018432617
step= 48

nparam= 240
	dense amplitude time= 0.2381150722503662
	total non-zero amplitudes= 4900
	nsamples per process= 50
	sample time= 4.049683094024658
self.n= 0.7258493406913153
	collect g,h time= 9.56236982345581
E=-14.002936764406936,dE=-1.0658141036401503e-14,std=0
L=-14.002936764406936,dL=-1.0658141036401503e-14,std=0
	gnorm= 0.0004502178712126391
	collect S matrix time= 0.01178884506225586
	nonzero=137,wmax=3.561587241503894,wmin=0.004191110436040758
	SR solver time= 0.005476713180541992
	collect H matrix time= 0.005814790725708008
	nonzero=137,smax=7.584196847481003,smin=0.013811968544347552
	RGN solver time= 0.010038614273071289
	xnorm=1.1865066469300494,dnorm=4.249339606907291e-08
update time= 0.015877246856689453
	dense amplitude time= 0.011538267135620117
	total non-zero amplitudes= 4900
	nsamples per process= 50
	sample time= 3.5384762287139893
self.n= 0.7258493378659541
	RGN updated loss=-14.002936764406943,dloss=-7.105427357601002e-15
update time= 0.015833377838134766
step= 49

nparam= 240
	dense amplitude time= 0.06579160690307617
	total non-zero amplitudes= 4900
	nsamples per process= 50
	sample time= 4.0501837730407715
self.n= 0.7258493378659541
	collect g,h time= 9.57968521118164
E=-14.002936764406943,dE=-7.105427357601002e-15,std=0
L=-14.002936764406943,dL=-7.105427357601002e-15,std=0
	gnorm= 0.0004502178663897634
	collect S matrix time= 0.01177072525024414
	nonzero=137,wmax=3.5615872439651453,wmin=0.004191110442810697
	SR solver time= 0.005504608154296875
	collect H matrix time= 0.005391359329223633
	nonzero=137,smax=7.584196846831823,smin=0.013811968556572888
	RGN solver time= 0.01003885269165039
	xnorm=1.186506647344821,dnorm=3.3934100931013554e-08
update time= 0.01592397689819336
	dense amplitude time= 0.011418342590332031
	total non-zero amplitudes= 4900
	nsamples per process= 50
	sample time= 3.72611403465271
self.n= 0.7258493356147804
	RGN updated loss=-14.002936764406948,dloss=-5.329070518200751e-15
update time= 0.01619577407836914
step= 50

nparam= 240
	dense amplitude time= 0.03097081184387207
	total non-zero amplitudes= 4900
	nsamples per process= 50
	sample time= 4.036750555038452
self.n= 0.7258493356147804
	collect g,h time= 9.603250503540039
E=-14.002936764406948,dE=-5.329070518200751e-15,std=0
L=-14.002936764406948,dL=-5.329070518200751e-15,std=0
	gnorm= 0.00045021786333945384
	collect S matrix time= 0.012311697006225586
	nonzero=137,wmax=3.5615872459137687,wmin=0.004191110448053835
	SR solver time= 0.005476713180541992
	collect H matrix time= 0.00533294677734375
	nonzero=137,smax=7.584196846304463,smin=0.013811968565806729
	RGN solver time= 0.01073455810546875
	xnorm=1.1865066476747792,dnorm=2.7098930162914013e-08
update time= 0.0160219669342041
	dense amplitude time= 0.011977434158325195
	total non-zero amplitudes= 4900
	nsamples per process= 50
	sample time= 3.5668299198150635
self.n= 0.7258493338203338
	RGN updated loss=-14.00293676440695,dloss=-1.7763568394002505e-15
update time= 0.015972614288330078
step= 51

nparam= 240
	dense amplitude time= 0.020345449447631836
	total non-zero amplitudes= 4900
	nsamples per process= 50
	sample time= 4.03777551651001
self.n= 0.7258493338203338
	collect g,h time= 9.643256425857544
E=-14.00293676440695,dE=-1.7763568394002505e-15,std=0
L=-14.00293676440695,dL=-1.7763568394002505e-15,std=0
	gnorm= 0.00045021786141376214
	collect S matrix time= 0.011713266372680664
	nonzero=137,wmax=3.5615872474589123,wmin=0.004191110452135644
	SR solver time= 0.005457878112792969
	collect H matrix time= 0.0053975582122802734
	nonzero=137,smax=7.584196845877498,smin=0.013811968572839678
	RGN solver time= 0.010089874267578125
	xnorm=1.1865066479374262,dnorm=2.1640564217589054e-08
update time= 0.015898704528808594
	dense amplitude time= 0.011431455612182617
	total non-zero amplitudes= 4900
	nsamples per process= 50
	sample time= 3.559239387512207
self.n= 0.7258493323894806
	RGN updated loss=-14.002936764406952,dloss=-1.7763568394002505e-15
update time= 0.015740633010864258
step= 52

nparam= 240
	dense amplitude time= 0.06466865539550781
	total non-zero amplitudes= 4900
	nsamples per process= 50
	sample time= 4.042474746704102
self.n= 0.7258493323894806
	collect g,h time= 8.729555606842041
E=-14.002936764406952,dE=-1.7763568394002505e-15,std=0
L=-14.002936764406952,dL=-1.7763568394002505e-15,std=0
	gnorm= 0.000450217860200401
	collect S matrix time= 0.011693239212036133
	nonzero=137,wmax=3.561587248685716,wmin=0.004191110455327015
	SR solver time= 0.0054705142974853516
	collect H matrix time= 0.005396366119384766
	nonzero=137,smax=7.584196845532759,smin=0.013811968578234772
	RGN solver time= 0.010067939758300781
	xnorm=1.1865066481466402,dnorm=1.7281665026795918e-08
update time= 0.015932083129882812
	dense amplitude time= 0.011255264282226562
	total non-zero amplitudes= 4900
	nsamples per process= 50
	sample time= 3.530607223510742
self.n= 0.7258493312482093
	RGN updated loss=-14.002936764406954,dloss=-1.7763568394002505e-15
update time= 0.015950679779052734
step= 53

nparam= 240
	dense amplitude time= 0.05750632286071777
	total non-zero amplitudes= 4900
	nsamples per process= 50
	sample time= 4.138584852218628
self.n= 0.7258493312482093
	collect g,h time= 9.62481689453125
E=-14.002936764406954,dE=-1.7763568394002505e-15,std=0
L=-14.002936764406954,dL=-1.7763568394002505e-15,std=0
	gnorm= 0.00045021785944139386
	collect S matrix time= 0.015275001525878906
	nonzero=137,wmax=3.5615872496607848,wmin=0.004191110457831651
	SR solver time= 0.005603790283203125
	collect H matrix time= 0.005111217498779297
	nonzero=137,smax=7.584196845255012,smin=0.013811968582400316
	RGN solver time= 0.01085805892944336
	xnorm=1.1865066483133098,dnorm=1.3800755341272604e-08
update time= 0.01626300811767578
	dense amplitude time= 0.011674880981445312
	total non-zero amplitudes= 4900
	nsamples per process= 50
	sample time= 3.5473077297210693
self.n= 0.7258493303377096
	RGN updated loss=-14.002936764406956,dloss=-1.7763568394002505e-15
update time= 0.016108036041259766
step= 54

nparam= 240
	dense amplitude time= 0.09846901893615723
	total non-zero amplitudes= 4900
	nsamples per process= 50
