layer= 0
nparam= 120
hop_ls= [(0, 1), (0, 2), (0, 3), (0, 4), (0, 5), (0, 6), (0, 7), (0, 8), (0, 9), (0, 10), (0, 11), (0, 12), (0, 13), (0, 14), (0, 15), (1, 2), (1, 3), (1, 4), (1, 5), (1, 6), (1, 7), (1, 8), (1, 9), (1, 10), (1, 11), (1, 12), (1, 13), (1, 14), (1, 15), (2, 3), (2, 4), (2, 5), (2, 6), (2, 7), (2, 8), (2, 9), (2, 10), (2, 11), (2, 12), (2, 13), (2, 14), (2, 15), (3, 4), (3, 5), (3, 6), (3, 7), (3, 8), (3, 9), (3, 10), (3, 11), (3, 12), (3, 13), (3, 14), (3, 15), (4, 5), (4, 6), (4, 7), (4, 8), (4, 9), (4, 10), (4, 11), (4, 12), (4, 13), (4, 14), (4, 15), (5, 6), (5, 7), (5, 8), (5, 9), (5, 10), (5, 11), (5, 12), (5, 13), (5, 14), (5, 15), (6, 7), (6, 8), (6, 9), (6, 10), (6, 11), (6, 12), (6, 13), (6, 14), (6, 15), (7, 8), (7, 9), (7, 10), (7, 11), (7, 12), (7, 13), (7, 14), (7, 15), (8, 9), (8, 10), (8, 11), (8, 12), (8, 13), (8, 14), (8, 15), (9, 10), (9, 11), (9, 12), (9, 13), (9, 14), (9, 15), (10, 11), (10, 12), (10, 13), (10, 14), (10, 15), (11, 12), (11, 13), (11, 14), (11, 15), (12, 13), (12, 14), (12, 15), (13, 14), (13, 15), (14, 15)]

update time= 0.044556379318237305
step= 0

nparam= 240
ntotal configs= 4900
	dense amplitude time= 0.10025453567504883
	total non-zero amplitudes= 4900
	nsamples per process= 50
	sample time= 4.588264226913452
self.n= 0.7274342270344787
	collect g,h time= 5.143601894378662
E=-13.679423032554931,dE=0,std=0
L=-13.679423032554931,dL=0,std=0
	gnorm= 0.6825951337094173
	collect S matrix time= 0.024065017700195312
	nonzero=141,wmax=3.6203395777937377,wmin=0.004023006180417247
	SR solver time= 0.006674766540527344
	collect H matrix time= 0.0008902549743652344
	nonzero=141,smax=8.847687618383402,smin=0.011633413340296106
	RGN solver time= 0.005808115005493164
	xnorm=0.8700702550893117,dnorm=0.7490747553834826
update time= 0.0077478885650634766
	dense amplitude time= 0.0024154186248779297
	total non-zero amplitudes= 4900
	nsamples per process= 50
	sample time= 4.06623387336731
self.n= 0.7838977109710829
	RGN updated loss=-13.960944330763219,dloss=-0.281521298208288
update time= 0.007839202880859375
step= 1

nparam= 240
	dense amplitude time= 0.004809379577636719
	total non-zero amplitudes= 4900
	nsamples per process= 50
	sample time= 4.5772175788879395
self.n= 0.7838977109710829
	collect g,h time= 5.132042169570923
E=-13.960944330763219,dE=-0.281521298208288,std=0
L=-13.960944330763219,dL=-0.281521298208288,std=0
	gnorm= 0.2133904523875781
	collect S matrix time= 0.006535768508911133
	nonzero=140,wmax=3.295131409356535,wmin=0.003449444687381792
	SR solver time= 0.0031845569610595703
	collect H matrix time= 0.0028629302978515625
	nonzero=141,smax=7.510632245190186,smin=0.007902024549138553
	RGN solver time= 0.005659818649291992
	xnorm=0.8958526463021506,dnorm=0.3576382331359495
update time= 0.008703470230102539
	dense amplitude time= 0.002659320831298828
	total non-zero amplitudes= 4900
	nsamples per process= 50
	sample time= 4.068383693695068
self.n= 0.8179378918071065
	RGN updated loss=-13.988854038956694,dloss=-0.027909708193474714
update time= 0.008881568908691406
step= 2

nparam= 240
	dense amplitude time= 0.0035834312438964844
	total non-zero amplitudes= 4900
	nsamples per process= 50
	sample time= 4.565175771713257
self.n= 0.8179378918071065
	collect g,h time= 5.105725526809692
E=-13.988854038956694,dE=-0.027909708193474714,std=0
L=-13.988854038956694,dL=-0.027909708193474714,std=0
	gnorm= 0.08216345130105515
	collect S matrix time= 0.006656646728515625
	nonzero=138,wmax=3.40491380372928,wmin=0.0035907188680015987
	SR solver time= 0.0031867027282714844
	collect H matrix time= 0.0025572776794433594
	nonzero=139,smax=7.504419271317552,smin=0.008504047060090402
	RGN solver time= 0.0056438446044921875
	xnorm=1.0542710036694787,dnorm=0.2851209562167873
update time= 0.008721351623535156
	dense amplitude time= 0.0027265548706054688
	total non-zero amplitudes= 4900
	nsamples per process= 50
	sample time= 4.039089202880859
self.n= 0.8118791983824223
	RGN updated loss=-13.99400512629719,dloss=-0.005151087340495408
update time= 0.008764028549194336
step= 3

nparam= 240
	dense amplitude time= 0.0045244693756103516
	total non-zero amplitudes= 4900
	nsamples per process= 50
	sample time= 4.6068198680877686
self.n= 0.8118791983824223
	collect g,h time= 5.1496827602386475
E=-13.99400512629719,dE=-0.005151087340495408,std=0
L=-13.99400512629719,dL=-0.005151087340495408,std=0
	gnorm= 0.037913131744593466
	collect S matrix time= 0.0063152313232421875
	nonzero=138,wmax=3.4692844584856353,wmin=0.004226514449824495
	SR solver time= 0.0032663345336914062
	collect H matrix time= 0.002516508102416992
	nonzero=138,smax=7.5357862040420995,smin=0.013137966955326987
	RGN solver time= 0.005866289138793945
	xnorm=1.1856681034143064,dnorm=0.12458650194050398
update time= 0.008834123611450195
	dense amplitude time= 0.0026395320892333984
	total non-zero amplitudes= 4900
	nsamples per process= 50
	sample time= 3.966013193130493
self.n= 0.8174762466239158
	RGN updated loss=-13.995464520607156,dloss=-0.0014593943099665552
update time= 0.008831501007080078
step= 4

nparam= 240
	dense amplitude time= 0.007689952850341797
	total non-zero amplitudes= 4900
	nsamples per process= 50
	sample time= 4.48626184463501
self.n= 0.8174762466239158
	collect g,h time= 5.114031076431274
E=-13.995464520607156,dE=-0.0014593943099665552,std=0
L=-13.995464520607156,dL=-0.0014593943099665552,std=0
	gnorm= 0.019818534216976973
	collect S matrix time= 0.0065402984619140625
	nonzero=138,wmax=3.5119886482846425,wmin=0.004193508807759774
	SR solver time= 0.0029706954956054688
	collect H matrix time= 0.003157377243041992
	nonzero=138,smax=7.59432077644813,smin=0.013180324386526044
	RGN solver time= 0.005411624908447266
	xnorm=1.2280990301077748,dnorm=0.04291901364939799
update time= 0.008694171905517578
	dense amplitude time= 0.002305746078491211
	total non-zero amplitudes= 4900
	nsamples per process= 50
	sample time= 3.9632914066314697
self.n= 0.8207135103142837
	RGN updated loss=-13.99579632684313,dloss=-0.00033180623597495185
update time= 0.008887052536010742
step= 5

nparam= 240
	dense amplitude time= 0.00806570053100586
	total non-zero amplitudes= 4900
	nsamples per process= 50
	sample time= 4.5165934562683105
self.n= 0.8207135103142837
	collect g,h time= 5.150381803512573
E=-13.99579632684313,dE=-0.00033180623597495185,std=0
L=-13.99579632684313,dL=-0.00033180623597495185,std=0
	gnorm= 0.011982335568071248
	collect S matrix time= 0.006451845169067383
	nonzero=138,wmax=3.536879260514247,wmin=0.0044639576991006465
	SR solver time= 0.0031778812408447266
	collect H matrix time= 0.0025925636291503906
	nonzero=138,smax=7.615545528243402,smin=0.013394941530987796
	RGN solver time= 0.005611419677734375
	xnorm=1.246798554358396,dnorm=0.024552532852469857
update time= 0.0086669921875
	dense amplitude time= 0.0027129650115966797
	total non-zero amplitudes= 4900
	nsamples per process= 50
	sample time= 3.9930319786071777
self.n= 0.8213931701993542
	RGN updated loss=-13.995904746067962,dloss=-0.00010841922483173505
update time= 0.008780956268310547
step= 6

nparam= 240
	dense amplitude time= 0.005332231521606445
	total non-zero amplitudes= 4900
	nsamples per process= 50
	sample time= 4.4960174560546875
self.n= 0.8213931701993542
	collect g,h time= 5.110538482666016
E=-13.995904746067962,dE=-0.00010841922483173505,std=0
L=-13.995904746067962,dL=-0.00010841922483173505,std=0
	gnorm= 0.008265508030802688
	collect S matrix time= 0.006639957427978516
	nonzero=138,wmax=3.5502434373217855,wmin=0.0044371818397422064
	SR solver time= 0.0029680728912353516
	collect H matrix time= 0.003254413604736328
	nonzero=138,smax=7.632720265029642,smin=0.013387805477767502
	RGN solver time= 0.005345821380615234
	xnorm=1.2550879298359654,dnorm=0.014961627536035664
update time= 0.008745670318603516
	dense amplitude time= 0.0025310516357421875
	total non-zero amplitudes= 4900
	nsamples per process= 50
	sample time= 4.038235902786255
self.n= 0.8215229123180493
	RGN updated loss=-13.995949918619145,dloss=-4.517255118230423e-05
update time= 0.00893545150756836
step= 7

nparam= 240
	dense amplitude time= 0.007966279983520508
	total non-zero amplitudes= 4900
	nsamples per process= 50
	sample time= 4.591430425643921
self.n= 0.8215229123180493
	collect g,h time= 5.150447845458984
E=-13.995949918619145,dE=-4.517255118230423e-05,std=0
L=-13.995949918619145,dL=-4.517255118230423e-05,std=0
	gnorm= 0.006451648645942584
	collect S matrix time= 0.006471157073974609
	nonzero=138,wmax=3.5576939560556458,wmin=0.004440802470846228
	SR solver time= 0.003195047378540039
	collect H matrix time= 0.0026092529296875
	nonzero=138,smax=7.642244237291229,smin=0.013427089791859477
	RGN solver time= 0.005574226379394531
	xnorm=1.2595254785694516,dnorm=0.010900862099752306
update time= 0.00879979133605957
	dense amplitude time= 0.002657175064086914
	total non-zero amplitudes= 4900
	nsamples per process= 50
	sample time= 3.7987618446350098
self.n= 0.8213756876481882
	RGN updated loss=-13.995973045447078,dloss=-2.3126827933594996e-05
update time= 0.008775711059570312
step= 8

nparam= 240
	dense amplitude time= 0.015094280242919922
	total non-zero amplitudes= 4900
	nsamples per process= 50
	sample time= 4.318607568740845
self.n= 0.8213756876481882
	collect g,h time= 5.100226402282715
E=-13.995973045447078,dE=-2.3126827933594996e-05,std=0
L=-13.995973045447078,dL=-2.3126827933594996e-05,std=0
	gnorm= 0.005554486203729748
	collect S matrix time= 0.007248401641845703
	nonzero=138,wmax=3.56217296286028,wmin=0.004433258724683978
	SR solver time= 0.002976655960083008
	collect H matrix time= 0.0031316280364990234
	nonzero=138,smax=7.648536609244901,smin=0.013459950959699355
	RGN solver time= 0.005615949630737305
	xnorm=1.262091860594649,dnorm=0.008578574127948777
update time= 0.008738040924072266
	dense amplitude time= 0.002331972122192383
	total non-zero amplitudes= 4900
	nsamples per process= 50
	sample time= 3.8869736194610596
self.n= 0.8211334760110333
	RGN updated loss=-13.99598739478828,dloss=-1.434934120148057e-05
update time= 0.008761167526245117
step= 9

nparam= 240
	dense amplitude time= 0.003781557083129883
	total non-zero amplitudes= 4900
	nsamples per process= 50
	sample time= 4.400532484054565
self.n= 0.8211334760110333
	collect g,h time= 5.122368812561035
E=-13.99598739478828,dE=-1.434934120148057e-05,std=0
L=-13.99598739478828,dL=-1.434934120148057e-05,std=0
	gnorm= 0.005094058898897524
	collect S matrix time= 0.006127119064331055
	nonzero=138,wmax=3.5650776700700653,wmin=0.004424003118296996
	SR solver time= 0.002980947494506836
	collect H matrix time= 0.003260374069213867
	nonzero=138,smax=7.652863562970982,smin=0.01349349464338093
	RGN solver time= 0.005408287048339844
	xnorm=1.263808036445226,dnorm=0.007462530238333949
update time= 0.00868844985961914
	dense amplitude time= 0.002413511276245117
	total non-zero amplitudes= 4900
	nsamples per process= 50
	sample time= 3.97926926612854
self.n= 0.8208457707392862
	RGN updated loss=-13.995998025595963,dloss=-1.0630807683043031e-05
update time= 0.008927583694458008
step= 10

nparam= 240
	dense amplitude time= 0.010234355926513672
	total non-zero amplitudes= 4900
	nsamples per process= 50
	sample time= 4.505821466445923
self.n= 0.8208457707392862
	collect g,h time= 5.146484613418579
E=-13.995998025595963,dE=-1.0630807683043031e-05,std=0
L=-13.995998025595963,dL=-1.0630807683043031e-05,std=0
	gnorm= 0.004842887767028713
	collect S matrix time= 0.006364107131958008
	nonzero=138,wmax=3.5671026209573853,wmin=0.004413559958214979
	SR solver time= 0.0031850337982177734
	collect H matrix time= 0.0025472640991210938
	nonzero=138,smax=7.656044996009725,smin=0.013520118746858371
	RGN solver time= 0.005697727203369141
	xnorm=1.2651146210872677,dnorm=0.0069505544042541105
update time= 0.008711576461791992
	dense amplitude time= 0.002460956573486328
	total non-zero amplitudes= 4900
	nsamples per process= 50
	sample time= 3.9605557918548584
self.n= 0.8205374519945068
	RGN updated loss=-13.996007081551186,dloss=-9.055955223047363e-06
update time= 0.00872945785522461
step= 11

nparam= 240
	dense amplitude time= 0.017388582229614258
	total non-zero amplitudes= 4900
	nsamples per process= 50
	sample time= 4.53743052482605
self.n= 0.8205374519945068
	collect g,h time= 5.1341798305511475
E=-13.996007081551186,dE=-9.055955223047363e-06,std=0
L=-13.996007081551186,dL=-9.055955223047363e-06,std=0
	gnorm= 0.004698298938091466
	collect S matrix time= 0.006122112274169922
	nonzero=138,wmax=3.5686062894167137,wmin=0.004403269005748578
	SR solver time= 0.0029916763305664062
	collect H matrix time= 0.0032477378845214844
	nonzero=138,smax=7.658497918696344,smin=0.013540611574117047
	RGN solver time= 0.005357265472412109
	xnorm=1.266189465088992,dnorm=0.006782875043248377
update time= 0.008702754974365234
	dense amplitude time= 0.0025343894958496094
	total non-zero amplitudes= 4900
	nsamples per process= 50
	sample time= 3.9382340908050537
self.n= 0.8202147277900409
	RGN updated loss=-13.996015572364936,dloss=-8.490813749872927e-06
update time= 0.008759737014770508
step= 12

nparam= 240
	dense amplitude time= 0.01585245132446289
	total non-zero amplitudes= 4900
	nsamples per process= 50
	sample time= 4.41232705116272
self.n= 0.8202147277900409
	collect g,h time= 5.140826940536499
E=-13.996015572364936,dE=-8.490813749872927e-06,std=0
L=-13.996015572364936,dL=-8.490813749872927e-06,std=0
	gnorm= 0.00461071019527373
	collect S matrix time= 0.0064697265625
	nonzero=138,wmax=3.569774444901695,wmin=0.004394687139422065
	SR solver time= 0.002978086471557617
	collect H matrix time= 0.0031585693359375
	nonzero=138,smax=7.6604405885448745,smin=0.013558199950507369
	RGN solver time= 0.005414009094238281
	xnorm=1.2671236668806327,dnorm=0.006781062890919991
update time= 0.00868082046508789
	dense amplitude time= 0.0024099349975585938
	total non-zero amplitudes= 4900
	nsamples per process= 50
	sample time= 3.891068696975708
self.n= 0.8198858887961491
	RGN updated loss=-13.99602401359366,dloss=-8.441228724009875e-06
update time= 0.00871896743774414
step= 13

nparam= 240
	dense amplitude time= 0.004107475280761719
	total non-zero amplitudes= 4900
	nsamples per process= 50
	sample time= 4.4279420375823975
self.n= 0.8198858887961491
	collect g,h time= 5.13419246673584
E=-13.99602401359366,dE=-8.441228724009875e-06,std=0
L=-13.99602401359366,dL=-8.441228724009875e-06,std=0
	gnorm= 0.004555243038284882
	collect S matrix time= 0.0058286190032958984
	nonzero=138,wmax=3.5707054095238666,wmin=0.0043888882545017405
	SR solver time= 0.0032684803009033203
	collect H matrix time= 0.0026845932006835938
	nonzero=138,smax=7.661996078937417,smin=0.013575905421428877
	RGN solver time= 0.005716085433959961
	xnorm=1.26793495784101,dnorm=0.006851077693468036
update time= 0.008932352066040039
	dense amplitude time= 0.0026154518127441406
	total non-zero amplitudes= 4900
	nsamples per process= 50
	sample time= 3.9010274410247803
self.n= 0.8195490220582169
	RGN updated loss=-13.996032683460712,dloss=-8.669867051835922e-06
update time= 0.00881052017211914
step= 14

nparam= 240
	dense amplitude time= 0.006276845932006836
	total non-zero amplitudes= 4900
	nsamples per process= 50
	sample time= 4.416114091873169
self.n= 0.8195490220582169
	collect g,h time= 5.100968837738037
E=-13.996032683460712,dE=-8.669867051835922e-06,std=0
L=-13.996032683460712,dL=-8.669867051835922e-06,std=0
	gnorm= 0.004519013308925305
	collect S matrix time= 0.006255388259887695
	nonzero=138,wmax=3.5714529368313834,wmin=0.00438745856648463
	SR solver time= 0.0029714107513427734
	collect H matrix time= 0.0031440258026123047
	nonzero=138,smax=7.663223388692682,smin=0.013588572946809157
	RGN solver time= 0.005403995513916016
	xnorm=1.2686459905001508,dnorm=0.006966566766338419
update time= 0.008777618408203125
	dense amplitude time= 0.002513408660888672
	total non-zero amplitudes= 4900
	nsamples per process= 50
	sample time= 3.901075601577759
self.n= 0.8192088505472445
	RGN updated loss=-13.99604175344334,dloss=-9.06998262806269e-06
update time= 0.009539365768432617
step= 15

nparam= 240
	dense amplitude time= 0.020444393157958984
	total non-zero amplitudes= 4900
	nsamples per process= 50
	sample time= 4.443885326385498
self.n= 0.8192088505472445
	collect g,h time= 6.124551057815552
E=-13.99604175344334,dE=-9.06998262806269e-06,std=0
L=-13.99604175344334,dL=-9.06998262806269e-06,std=0
	gnorm= 0.004494028092910215
	collect S matrix time= 0.005420207977294922
	nonzero=138,wmax=3.5720378843296614,wmin=0.004391044489840675
	SR solver time= 0.0029897689819335938
	collect H matrix time= 0.0032989978790283203
	nonzero=138,smax=7.664145162088466,smin=0.013601725744282752
	RGN solver time= 0.0054171085357666016
	xnorm=1.2692426368735958,dnorm=0.007111740624593101
	dense amplitude time= 0.002431631088256836
	total non-zero amplitudes= 4900
	nsamples per process= 50
update time= 0.009010791778564453
	sample time= 3.903587579727173
self.n= 0.8188649551122622
	RGN updated loss=-13.996051339565854,dloss=-9.586122514448903e-06
update time= 0.00872182846069336
step= 16

nparam= 240
	dense amplitude time= 0.01635575294494629
	total non-zero amplitudes= 4900
	nsamples per process= 50
	sample time= 4.431623935699463
self.n= 0.8188649551122622
	collect g,h time= 5.145596742630005
E=-13.996051339565854,dE=-9.586122514448903e-06,std=0
L=-13.996051339565854,dL=-9.586122514448903e-06,std=0
	gnorm= 0.004475152822060918
	collect S matrix time= 0.0060842037200927734
	nonzero=138,wmax=3.5724678875181928,wmin=0.004400593735567063
	SR solver time= 0.002975940704345703
	collect H matrix time= 0.0029764175415039062
	nonzero=138,smax=7.664762438022355,smin=0.013612437308940174
	RGN solver time= 0.005389690399169922
	xnorm=1.269711463132904,dnorm=0.007299315301137008
	dense amplitude time= 0.002378225326538086
	total non-zero amplitudes= 4900
	nsamples per process= 50
update time= 0.008845806121826172
	sample time= 4.060557126998901
self.n= 0.8185203286976119
	RGN updated loss=-13.99606155256022,dloss=-1.0212994366654016e-05
update time= 0.008716821670532227
step= 17

nparam= 240
	dense amplitude time= 0.0027763843536376953
	total non-zero amplitudes= 4900
	nsamples per process= 50
	sample time= 4.9092631340026855
self.n= 0.8185203286976119
	collect g,h time= 5.509746313095093
E=-13.99606155256022,dE=-1.0212994366654016e-05,std=0
L=-13.99606155256022,dL=-1.0212994366654016e-05,std=0
	gnorm= 0.004459372327118723
	collect S matrix time= 0.006335020065307617
	nonzero=138,wmax=3.572744896741992,wmin=0.004416826630644212
	SR solver time= 0.003364086151123047
	collect H matrix time= 0.0031311511993408203
	nonzero=138,smax=7.665061519762641,smin=0.013622561946114088
	RGN solver time= 0.006049633026123047
	xnorm=1.2700360937003743,dnorm=0.0075524467129177925
update time= 0.009619474411010742
	dense amplitude time= 0.0029947757720947266
	total non-zero amplitudes= 4900
	nsamples per process= 50
	sample time= 4.314622640609741
self.n= 0.8181727151130904
	RGN updated loss=-13.996072522108436,dloss=-1.0969548215555847e-05
update time= 0.008741378784179688
step= 18

nparam= 240
	dense amplitude time= 0.017592191696166992
	total non-zero amplitudes= 4900
	nsamples per process= 50
	sample time= 4.913369417190552
self.n= 0.8181727151130904
	collect g,h time= 5.612999439239502
E=-13.996072522108436,dE=-1.0969548215555847e-05,std=0
L=-13.996072522108436,dL=-1.0969548215555847e-05,std=0
	gnorm= 0.0044449275618245136
	collect S matrix time= 0.006890058517456055
	nonzero=138,wmax=3.572861552018932,wmin=0.00444011021170039
	SR solver time= 0.003664731979370117
	collect H matrix time= 0.003108501434326172
	nonzero=138,smax=7.665027143108032,smin=0.013640797084991442
	RGN solver time= 0.0063059329986572266
	xnorm=1.2702001270281955,dnorm=0.007891309918049953
update time= 0.009786367416381836
	dense amplitude time= 0.0035130977630615234
	total non-zero amplitudes= 4900
	nsamples per process= 50
	sample time= 4.408745765686035
self.n= 0.8178167797838286
	RGN updated loss=-13.996084395234892,dloss=-1.1873126455341776e-05
update time= 0.009503364562988281
step= 19

nparam= 240
	dense amplitude time= 0.010854721069335938
	total non-zero amplitudes= 4900
	nsamples per process= 50
	sample time= 4.993621110916138
self.n= 0.8178167797838286
	collect g,h time= 5.603515386581421
E=-13.996084395234892,dE=-1.1873126455341776e-05,std=0
L=-13.996084395234892,dL=-1.1873126455341776e-05,std=0
	gnorm= 0.004428722253951022
	collect S matrix time= 0.00677037239074707
	nonzero=138,wmax=3.5728061888847096,wmin=0.004470702192708895
	SR solver time= 0.0033409595489501953
	collect H matrix time= 0.0033507347106933594
	nonzero=138,smax=7.664637944639096,smin=0.013643498833784403
	RGN solver time= 0.005985260009765625
	xnorm=1.270204034003509,dnorm=0.0083563979719002
update time= 0.00961446762084961
	dense amplitude time= 0.0028133392333984375
	total non-zero amplitudes= 4900
	nsamples per process= 50
	sample time= 4.294794321060181
self.n= 0.817450765643203
	RGN updated loss=-13.996097427291641,dloss=-1.3032056749295862e-05
update time= 0.009249210357666016
step= 20

nparam= 240
	dense amplitude time= 0.00523686408996582
	total non-zero amplitudes= 4900
	nsamples per process= 50
	sample time= 4.899777889251709
self.n= 0.817450765643203
	collect g,h time= 5.5938780307769775
E=-13.996097427291641,dE=-1.3032056749295862e-05,std=0
L=-13.996097427291641,dL=-1.3032056749295862e-05,std=0
	gnorm= 0.004411250439669776
	collect S matrix time= 0.006230354309082031
	nonzero=138,wmax=3.5725793312661773,wmin=0.0045081592507272145
	SR solver time= 0.0033299922943115234
	collect H matrix time= 0.0032482147216796875
	nonzero=138,smax=7.66385901026757,smin=0.01365435526457003
	RGN solver time= 0.0059812068939208984
	xnorm=1.2699809326454294,dnorm=0.008964452149606906
	dense amplitude time= 0.0029001235961914062
	total non-zero amplitudes= 4900
	nsamples per process= 50
update time= 0.009880542755126953
	sample time= 4.138371706008911
self.n= 0.8170606916382537
	RGN updated loss=-13.99611192910437,dloss=-1.45018127284402e-05
update time= 0.009013652801513672
step= 21

nparam= 240
	dense amplitude time= 0.03264641761779785
	total non-zero amplitudes= 4900
	nsamples per process= 50
	sample time= 4.7068986892700195
self.n= 0.8170606916382537
	collect g,h time= 5.612014293670654
E=-13.99611192910437,dE=-1.45018127284402e-05,std=0
L=-13.99611192910437,dL=-1.45018127284402e-05,std=0
	gnorm= 0.0043909497413178586
	collect S matrix time= 0.00664520263671875
	nonzero=138,wmax=3.5721670535592285,wmin=0.004552137278423125
	SR solver time= 0.003332376480102539
	collect H matrix time= 0.0031104087829589844
	nonzero=138,smax=7.662674175446065,smin=0.013669240795881162
	RGN solver time= 0.005974531173706055
	xnorm=1.2695565316460247,dnorm=0.00975055401350153
	dense amplitude time= 0.002465486526489258
update time= 0.009623527526855469
	total non-zero amplitudes= 4900
	nsamples per process= 50
	sample time= 4.2909417152404785
self.n= 0.8166308768946076
	RGN updated loss=-13.996128336704603,dloss=-1.6407600233137032e-05
update time= 0.009085416793823242
step= 22

nparam= 240
	dense amplitude time= 0.002641439437866211
	total non-zero amplitudes= 4900
	nsamples per process= 50
	sample time= 4.891739845275879
self.n= 0.8166308768946076
	collect g,h time= 5.588473081588745
E=-13.996128336704603,dE=-1.6407600233137032e-05,std=0
L=-13.996128336704603,dL=-1.6407600233137032e-05,std=0
	gnorm= 0.004367145165272738
	collect S matrix time= 0.006262302398681641
	nonzero=138,wmax=3.5715626065319928,wmin=0.00460115468838285
	SR solver time= 0.003384828567504883
	collect H matrix time= 0.003201723098754883
	nonzero=138,smax=7.661052523081103,smin=0.013689267330980161
	RGN solver time= 0.006020784378051758
	xnorm=1.268911985660367,dnorm=0.010744362274425762
	dense amplitude time= 0.0028145313262939453
	total non-zero amplitudes= 4900
	nsamples per process= 50
update time= 0.009638071060180664
	sample time= 4.395775318145752
self.n= 0.8161394363144754
	RGN updated loss=-13.996147245779797,dloss=-1.890907519452867e-05
update time= 0.009109258651733398
step= 23

nparam= 240
	dense amplitude time= 0.01842498779296875
	total non-zero amplitudes= 4900
	nsamples per process= 50
	sample time= 4.979349613189697
self.n= 0.8161394363144754
	collect g,h time= 5.607964992523193
E=-13.996147245779797,dE=-1.890907519452867e-05,std=0
L=-13.996147245779797,dL=-1.890907519452867e-05,std=0
	gnorm= 0.004340167155822598
	collect S matrix time= 0.006712436676025391
	nonzero=138,wmax=3.570764536537177,wmin=0.00465315788106766
	SR solver time= 0.003345966339111328
	collect H matrix time= 0.003232717514038086
	nonzero=138,smax=7.658967620674272,smin=0.013733443156912432
	RGN solver time= 0.0060272216796875
	xnorm=1.2680353347768365,dnorm=0.011915984272553352
update time= 0.009600162506103516
	dense amplitude time= 0.002964019775390625
	total non-zero amplitudes= 4900
	nsamples per process= 50
	sample time= 4.410129070281982
self.n= 0.8155528016623237
	RGN updated loss=-13.996169364973138,dloss=-2.211919334094148e-05
update time= 0.009304046630859375
step= 24

nparam= 240
	dense amplitude time= 0.010050773620605469
	total non-zero amplitudes= 4900
	nsamples per process= 50
	sample time= 4.993116140365601
self.n= 0.8155528016623237
	collect g,h time= 5.618104696273804
E=-13.996169364973138,dE=-2.211919334094148e-05,std=0
L=-13.996169364973138,dL=-2.211919334094148e-05,std=0
	gnorm= 0.004307760119462592
	collect S matrix time= 0.006838321685791016
	nonzero=138,wmax=3.5697651845620832,wmin=0.0047057585248238285
	SR solver time= 0.003592967987060547
	collect H matrix time= 0.0031943321228027344
	nonzero=138,smax=7.656408260579245,smin=0.01377263458162614
	RGN solver time= 0.00636744499206543
	xnorm=1.2669457403611217,dnorm=0.0134218370075791
update time= 0.009605646133422852
	dense amplitude time= 0.0028285980224609375
	total non-zero amplitudes= 4900
	nsamples per process= 50
	sample time= 4.317451000213623
self.n= 0.8148221630715438
	RGN updated loss=-13.996195785235905,dloss=-2.64202627668908e-05
update time= 0.009219884872436523
step= 25

nparam= 240
	dense amplitude time= 0.01886296272277832
	total non-zero amplitudes= 4900
	nsamples per process= 50
	sample time= 4.899407148361206
self.n= 0.8148221630715438
	collect g,h time= 5.6149938106536865
E=-13.996195785235905,dE=-2.64202627668908e-05,std=0
L=-13.996195785235905,dL=-2.64202627668908e-05,std=0
	gnorm= 0.004272007010794824
	collect S matrix time= 0.006802082061767578
	nonzero=138,wmax=3.5686136525671315,wmin=0.004758126684647228
	SR solver time= 0.0033376216888427734
	collect H matrix time= 0.0033152103424072266
	nonzero=138,smax=7.653320703910513,smin=0.013856194742380435
	RGN solver time= 0.00596308708190918
	xnorm=1.2655888891391884,dnorm=0.015004480502877714
	dense amplitude time= 0.0026221275329589844
	total non-zero amplitudes= 4900
	nsamples per process= 50
update time= 0.009606361389160156
	sample time= 4.296161413192749
self.n= 0.8138906817951997
	RGN updated loss=-13.996227498533,dloss=-3.1713297095947723e-05
update time= 0.008907556533813477
step= 26

nparam= 240
	dense amplitude time= 0.014733314514160156
	total non-zero amplitudes= 4900
	nsamples per process= 50
	sample time= 4.910185098648071
self.n= 0.8138906817951997
	collect g,h time= 5.597375154495239
E=-13.996227498533,dE=-3.1713297095947723e-05,std=0
L=-13.996227498533,dL=-3.1713297095947723e-05,std=0
	gnorm= 0.004234002128531616
	collect S matrix time= 0.006649971008300781
	nonzero=138,wmax=3.56733130933962,wmin=0.004810993046393117
	SR solver time= 0.00341033935546875
	collect H matrix time= 0.0031545162200927734
	nonzero=138,smax=7.64977731174536,smin=0.013963727232221898
	RGN solver time= 0.006035327911376953
	xnorm=1.264060156983183,dnorm=0.016673212558145856
	dense amplitude time= 0.0026426315307617188
	total non-zero amplitudes= 4900
	nsamples per process= 50
update time= 0.009702205657958984
	sample time= 4.398014068603516
self.n= 0.8126893020539068
	RGN updated loss=-13.99626549476931,dloss=-3.7996236308401876e-05
update time= 0.00906062126159668
step= 27

nparam= 240
	dense amplitude time= 0.02894139289855957
	total non-zero amplitudes= 4900
	nsamples per process= 50
	sample time= 4.998070478439331
self.n= 0.8126893020539068
	collect g,h time= 5.603700637817383
E=-13.99626549476931,dE=-3.7996236308401876e-05,std=0
L=-13.99626549476931,dL=-3.7996236308401876e-05,std=0
	gnorm= 0.004196359417600045
	collect S matrix time= 0.006585121154785156
	nonzero=138,wmax=3.5659853476302312,wmin=0.004856412477347497
	SR solver time= 0.0033915042877197266
	collect H matrix time= 0.003103494644165039
	nonzero=138,smax=7.64581727801838,smin=0.013857306379578544
	RGN solver time= 0.005987644195556641
	xnorm=1.2624089683808395,dnorm=0.01821226315376983
update time= 0.009650230407714844
	dense amplitude time= 0.0027620792388916016
	total non-zero amplitudes= 4900
	nsamples per process= 50
	sample time= 4.404557466506958
self.n= 0.8111560465093766
	RGN updated loss=-13.996310277964987,dloss=-4.4783195678022025e-05
update time= 0.008931636810302734
step= 28

nparam= 240
	dense amplitude time= 0.005661725997924805
	total non-zero amplitudes= 4900
	nsamples per process= 50
	sample time= 4.974223375320435
self.n= 0.8111560465093766
	collect g,h time= 5.676109075546265
E=-13.996310277964987,dE=-4.4783195678022025e-05,std=0
L=-13.996310277964987,dL=-4.4783195678022025e-05,std=0
	gnorm= 0.004163661828834941
	collect S matrix time= 0.006693840026855469
	nonzero=138,wmax=3.5646831848738074,wmin=0.004841998179594768
	SR solver time= 0.003324747085571289
	collect H matrix time= 0.003373384475708008
	nonzero=138,smax=7.64157025987251,smin=0.01365552701014451
	RGN solver time= 0.005947589874267578
	xnorm=1.2607560337007322,dnorm=0.019411181929313626
	dense amplitude time= 0.0027587413787841797
	total non-zero amplitudes= 4900
	nsamples per process= 50
update time= 0.009642839431762695
	sample time= 4.381091356277466
self.n= 0.8092576245597578
	RGN updated loss=-13.996361398474033,dloss=-5.112050904543253e-05
update time= 0.008938312530517578
step= 29

nparam= 240
	dense amplitude time= 0.017833232879638672
	total non-zero amplitudes= 4900
	nsamples per process= 50
	sample time= 4.984328508377075
self.n= 0.8092576245597578
	collect g,h time= 5.7117273807525635
E=-13.996361398474033,dE=-5.112050904543253e-05,std=0
L=-13.996361398474033,dL=-5.112050904543253e-05,std=0
	gnorm= 0.004142591583246948
	collect S matrix time= 0.006685733795166016
	nonzero=138,wmax=3.5635615057563297,wmin=0.004767375581232657
	SR solver time= 0.003331422805786133
	collect H matrix time= 0.003264904022216797
	nonzero=138,smax=7.637227584557257,smin=0.01341717248254511
	RGN solver time= 0.006012916564941406
	xnorm=1.2592226606456376,dnorm=0.020076983354624003
	dense amplitude time= 0.0027723312377929688
	total non-zero amplitudes= 4900
	nsamples per process= 50
update time= 0.00963139533996582
	sample time= 4.414800405502319
self.n= 0.8070108301788572
	RGN updated loss=-13.996417185960462,dloss=-5.5787486429537125e-05
update time= 0.008982658386230469
step= 30

nparam= 240
	dense amplitude time= 0.03660702705383301
	total non-zero amplitudes= 4900
	nsamples per process= 50
	sample time= 4.981672525405884
self.n= 0.8070108301788572
	collect g,h time= 5.598535537719727
E=-13.996417185960462,dE=-5.5787486429537125e-05,std=0
L=-13.996417185960462,dL=-5.5787486429537125e-05,std=0
	gnorm= 0.0041397735611262065
	collect S matrix time= 0.00618743896484375
	nonzero=138,wmax=3.562754039953543,wmin=0.004669606322324585
	SR solver time= 0.0033447742462158203
	collect H matrix time= 0.003286123275756836
	nonzero=138,smax=7.632999870975778,smin=0.01315219606060878
	RGN solver time= 0.0060176849365234375
	xnorm=1.2579316062959582,dnorm=0.020157879061922616
	dense amplitude time= update time= 0.009537696838378906
0.0029799938201904297
	total non-zero amplitudes= 4900
	nsamples per process= 50
	sample time= 4.303993225097656
self.n= 0.8044874312761361
	RGN updated loss=-13.996474998516089,dloss=-5.7812555626313156e-05
update time= 0.008990287780761719
	dense amplitude time= 0.02355051040649414
	total non-zero amplitudes= 4900
	nsamples per process= 50
step= 31

nparam= 240
	sample time= 4.88611912727356
self.n= 0.8044874312761361
	collect g,h time= 5.607010126113892
E=-13.996474998516089,dE=-5.7812555626313156e-05,std=0
L=-13.996474998516089,dL=-5.7812555626313156e-05,std=0
	gnorm= 0.004161186687244298
	collect S matrix time= 0.006005287170410156
	nonzero=138,wmax=3.562367228409473,wmin=0.004559928859532972
	SR solver time= 0.003688812255859375
	collect H matrix time= 0.002727031707763672
	nonzero=138,smax=7.629080748408816,smin=0.01286337863912157
	RGN solver time= 0.006323575973510742
	xnorm=1.2568903271858087,dnorm=0.019704068464748835
	dense amplitude time= 0.002874612808227539
	total non-zero amplitudes= 4900
	nsamples per process= 50
update time= 0.009999275207519531
	sample time= 4.390601396560669
self.n= 0.8018122876188054
	RGN updated loss=-13.996531849456531,dloss=-5.685094044238781e-05
update time= 0.009607315063476562
step= 32

nparam= 240
	dense amplitude time= 0.00914907455444336
	total non-zero amplitudes= 4900
	nsamples per process= 50
	sample time= 4.98271918296814
self.n= 0.8018122876188054
	collect g,h time= 6.12061333656311
E=-13.996531849456531,dE=-5.685094044238781e-05,std=0
L=-13.996531849456531,dL=-5.685094044238781e-05,std=0
	gnorm= 0.00420990438561264
	collect S matrix time= 0.007252931594848633
	nonzero=138,wmax=3.562431455254908,wmin=0.0044442278986623375
	SR solver time= 0.0033464431762695312
	collect H matrix time= 0.003287076950073242
	nonzero=138,smax=7.625594904220593,smin=0.012558043980760825
	RGN solver time= 0.006026029586791992
	xnorm=1.2561080829620712,dnorm=0.01887388972904513
update time= 0.009617805480957031
	dense amplitude time= 0.0028426647186279297
	total non-zero amplitudes= 4900
	nsamples per process= 50
	sample time= 4.398374080657959
self.n= 0.799115772211632
	RGN updated loss=-13.996585255769089,dloss=-5.3406312558124114e-05
update time= 0.00891733169555664
step= 33

nparam= 240
	dense amplitude time= 0.01887345314025879
	total non-zero amplitudes= 4900
	nsamples per process= 50
	sample time= 4.996978282928467
self.n= 0.799115772211632
	collect g,h time= 5.846948146820068
E=-13.996585255769089,dE=-5.3406312558124114e-05,std=0
L=-13.996585255769089,dL=-5.3406312558124114e-05,std=0
	gnorm= 0.004287192855991936
	collect S matrix time= 0.006080150604248047
	nonzero=138,wmax=3.5629144251095064,wmin=0.004328020661021942
	SR solver time= 0.0033833980560302734
	collect H matrix time= 0.003627777099609375
	nonzero=138,smax=7.622592509731444,smin=0.012250269204351518
	RGN solver time= 0.006017446517944336
	xnorm=1.2555268807888162,dnorm=0.017964135378251343
	dense amplitude time= 0.002850055694580078
	total non-zero amplitudes= 4900
	nsamples per process= 50
update time= 0.009737014770507812
	sample time= 4.390087127685547
self.n= 0.7965271240240144
	RGN updated loss=-13.996633680992936,dloss=-4.842522384684855e-05
update time= 0.009174823760986328
step= 34

nparam= 240
	dense amplitude time= 0.015460968017578125
	total non-zero amplitudes= 4900
	nsamples per process= 50
	sample time= 4.995550155639648
self.n= 0.7965271240240144
	collect g,h time= 5.626301288604736
E=-13.996633680992936,dE=-4.842522384684855e-05,std=0
L=-13.996633680992936,dL=-4.842522384684855e-05,std=0
	gnorm= 0.004395408311631555
	collect S matrix time= 0.0064182281494140625
	nonzero=138,wmax=3.5637041216610363,wmin=0.004214447677915247
	SR solver time= 0.003384828567504883
	collect H matrix time= 0.003423929214477539
	nonzero=138,smax=7.620047623146665,smin=0.01200117125901292
	RGN solver time= 0.006097316741943359
	xnorm=1.2551676036637085,dnorm=0.01770494184290834
	dense amplitude time= 0.0031888484954833984
	total non-zero amplitudes= 4900
	nsamples per process= 50
update time= 0.009672164916992188
	sample time= 4.406527757644653
self.n= 0.7941158669294734
	RGN updated loss=-13.996677217813323,dloss=-4.353682038704676e-05
update time= 0.009040594100952148
step= 35

nparam= 240
	dense amplitude time= 0.014846324920654297
	total non-zero amplitudes= 4900
	nsamples per process= 50
	sample time= 5.014503717422485
self.n= 0.7941158669294734
	collect g,h time= 5.611137390136719
E=-13.996677217813323,dE=-4.353682038704676e-05,std=0
L=-13.996677217813323,dL=-4.353682038704676e-05,std=0
	gnorm= 0.0045285263288880025
	collect S matrix time= 0.006955862045288086
	nonzero=138,wmax=3.5646198502327526,wmin=0.004103483505782209
	SR solver time= 0.0033445358276367188
	collect H matrix time= 0.003686666488647461
	nonzero=138,smax=7.617813022456513,smin=0.011666088260613557
	RGN solver time= 0.005968809127807617
	xnorm=1.2550169374852804,dnorm=0.016556608665409856
update time= 0.00964665412902832
	dense amplitude time= 0.0026710033416748047
	total non-zero amplitudes= 4900
	nsamples per process= 50
	sample time= 4.404202461242676
self.n= 0.7919696386407953
	RGN updated loss=-13.996715078909984,dloss=-3.7861096661373494e-05
update time= 0.00894784927368164
step= 36

nparam= 240
	dense amplitude time= 0.0070912837982177734
	total non-zero amplitudes= 4900
	nsamples per process= 50
	sample time= 4.989291191101074
self.n= 0.7919696386407953
	collect g,h time= 5.609070539474487
E=-13.996715078909984,dE=-3.7861096661373494e-05,std=0
L=-13.996715078909984,dL=-3.7861096661373494e-05,std=0
	gnorm= 0.004675977491550397
	collect S matrix time= 0.0071735382080078125
	nonzero=138,wmax=3.5657028663423773,wmin=0.004001715657754519
	SR solver time= 0.0033354759216308594
	collect H matrix time= 0.003482341766357422
	nonzero=138,smax=7.61599958057694,smin=0.01139519388873892
	RGN solver time= 0.0060307979583740234
	xnorm=1.2551366061294809,dnorm=0.016618282190433452
	dense amplitude time= 0.0027561187744140625
	total non-zero amplitudes= 4900
	nsamples per process= 50
update time= 0.009667396545410156
	sample time= 4.379715919494629
self.n= 0.7900705236908165
	RGN updated loss=-13.996748494249788,dloss=-3.341533980361078e-05
update time= 0.009042024612426758
step= 37

nparam= 240
	dense amplitude time= 0.010075092315673828
	total non-zero amplitudes= 4900
	nsamples per process= 50
	sample time= 4.989664554595947
self.n= 0.7900705236908165
	collect g,h time= 5.59953761100769
E=-13.996748494249788,dE=-3.341533980361078e-05,std=0
L=-13.996748494249788,dL=-3.341533980361078e-05,std=0
	gnorm= 0.00484978420606486
	collect S matrix time= 0.00619196891784668
	nonzero=138,wmax=3.566635993355248,wmin=0.0039030695625917934
	SR solver time= 0.0033559799194335938
	collect H matrix time= 0.0031027793884277344
	nonzero=139,smax=7.614275128920542,smin=0.007666319365428536
	RGN solver time= 0.0060882568359375
	xnorm=1.255383142189941,dnorm=0.5491874197201936
	dense amplitude time= 0.0027434825897216797
	total non-zero amplitudes= 4900
	nsamples per process= 50
update time= 0.009654521942138672
	sample time= 4.320745229721069
self.n= 0.798739820614131
	RGN updated loss=-14.000017429024329,dloss=-0.0032689347745407105
update time= 0.009268760681152344
step= 38

nparam= 240
	dense amplitude time= 0.011745929718017578
	total non-zero amplitudes= 4900
	nsamples per process= 50
	sample time= 4.918103218078613
self.n= 0.798739820614131
	collect g,h time= 5.600477695465088
E=-14.000017429024329,dE=-0.0032689347745407105,std=0
L=-14.000017429024329,dL=-0.0032689347745407105,std=0
	gnorm= 0.015747571299214162
	collect S matrix time= 0.007288932800292969
	nonzero=136,wmax=3.4937693954370332,wmin=0.004725267863200563
	SR solver time= 0.0034072399139404297
	collect H matrix time= 0.003581523895263672
	nonzero=138,smax=7.561449816477702,smin=0.008189345688827331
	RGN solver time= 0.006127595901489258
	xnorm=1.3031094784014805,dnorm=0.20810614229333277
	dense amplitude time= 0.0031468868255615234
	total non-zero amplitudes= 4900
	nsamples per process= 50
update time= 0.009761810302734375
	sample time= 4.199931621551514
self.n= 0.7771043387472087
	RGN updated loss=-14.002084536942434,dloss=-0.002067107918104938
update time= 0.008896112442016602
step= 39

nparam= 240
	dense amplitude time= 0.015168190002441406
	total non-zero amplitudes= 4900
	nsamples per process= 50
	sample time= 4.824812173843384
self.n= 0.7771043387472087
	collect g,h time= 5.597495794296265
E=-14.002084536942434,dE=-0.002067107918104938,std=0
L=-14.002084536942434,dL=-0.002067107918104938,std=0
	gnorm= 0.011349162682615892
	collect S matrix time= 0.006308078765869141
	nonzero=135,wmax=3.514237479482639,wmin=0.005163467151983873
	SR solver time= 0.0033767223358154297
	collect H matrix time= 0.0032303333282470703
	nonzero=137,smax=7.560008549895905,smin=0.010964692665469122
	RGN solver time= 0.006044864654541016
	xnorm=1.3043029350286954,dnorm=0.051339131454864864
update time= 0.009707212448120117
	dense amplitude time= 0.0032579898834228516
	total non-zero amplitudes= 4900
	nsamples per process= 50
	sample time= 4.238715648651123
self.n= 0.7620302870559439
	RGN updated loss=-14.002658491215652,dloss=-0.0005739542732179359
update time= 0.008905172348022461
step= 40

nparam= 240
	dense amplitude time= 0.01691722869873047
	total non-zero amplitudes= 4900
	nsamples per process= 50
	sample time= 4.799587965011597
self.n= 0.7620302870559439
	collect g,h time= 5.725721120834351
E=-14.002658491215652,dE=-0.0005739542732179359,std=0
L=-14.002658491215652,dL=-0.0005739542732179359,std=0
	gnorm= 0.00790213358690746
	collect S matrix time= 0.0066013336181640625
	nonzero=136,wmax=3.5338780421677707,wmin=0.0036083370814759554
	SR solver time= 0.0033957958221435547
	collect H matrix time= 0.0035240650177001953
	nonzero=137,smax=7.565962618937153,smin=0.01119534502660839
	RGN solver time= 0.0061151981353759766
	xnorm=1.305870312745599,dnorm=0.025154367550236627
	dense amplitude time= 0.002812623977661133
	total non-zero amplitudes= 4900
	nsamples per process= 50
update time= 0.009675979614257812
	sample time= 4.222276926040649
self.n= 0.7539267683516818
	RGN updated loss=-14.002847207234309,dloss=-0.00018871601865733112
update time= 0.009838104248046875
	dense amplitude time= 0.01926732063293457
	total non-zero amplitudes= 4900
	nsamples per process= 50
step= 41

nparam= 240
	sample time= 4.829906940460205
self.n= 0.7539267683516818
	collect g,h time= 5.646199703216553
E=-14.002847207234309,dE=-0.00018871601865733112,std=0
L=-14.002847207234309,dL=-0.00018871601865733112,std=0
	gnorm= 0.005403032098930464
	collect S matrix time= 0.0069141387939453125
	nonzero=136,wmax=3.5470032696839144,wmin=0.0037523338052624137
	SR solver time= 0.003651142120361328
	collect H matrix time= 0.0031838417053222656
	nonzero=137,smax=7.571870124024142,smin=0.011580824660624498
	RGN solver time= 0.006360530853271484
	xnorm=1.3061604683871015,dnorm=0.014019449880658187
	dense amplitude time= 0.0032057762145996094
	total non-zero amplitudes= 4900
	nsamples per process= 50
update time= 0.009677886962890625
	sample time= 4.251635551452637
self.n= 0.749336719956645
	RGN updated loss=-14.002917515275533,dloss=-7.030804122365453e-05
update time= 0.009224176406860352
step= 42

nparam= 240
	dense amplitude time= 0.025512218475341797
	total non-zero amplitudes= 4900
	nsamples per process= 50
	sample time= 4.812397480010986
self.n= 0.749336719956645
	collect g,h time= 5.603888750076294
E=-14.002917515275533,dE=-7.030804122365453e-05,std=0
L=-14.002917515275533,dL=-7.030804122365453e-05,std=0
	gnorm= 0.003676177647470153
	collect S matrix time= 0.006854057312011719
	nonzero=137,wmax=3.555622912084203,wmin=0.003597318773909272
	SR solver time= 0.00337982177734375
	collect H matrix time= 0.003556966781616211
	nonzero=137,smax=7.576239538379756,smin=0.01188207174372754
	RGN solver time= 0.006033897399902344
	xnorm=1.3061123002318,dnorm=0.00838495025928091
update time= 0.009683847427368164
	dense amplitude time= 0.0026466846466064453
	total non-zero amplitudes= 4900
	nsamples per process= 50
	sample time= 4.222113609313965
self.n= 0.7466412266644731
	RGN updated loss=-14.00294528985387,dloss=-2.77745783368033e-05
update time= 0.009074926376342773
step= 43

nparam= 240
	dense amplitude time= 0.004672527313232422
	total non-zero amplitudes= 4900
	nsamples per process= 50
	sample time= 4.782594919204712
self.n= 0.7466412266644731
	collect g,h time= 5.615314722061157
E=-14.00294528985387,dE=-2.77745783368033e-05,std=0
L=-14.00294528985387,dL=-2.77745783368033e-05,std=0
	gnorm= 0.0025021371230685937
	collect S matrix time= 0.0066525936126708984
	nonzero=137,wmax=3.561205525828187,wmin=0.0036580585608308415
	SR solver time= 0.0033605098724365234
	collect H matrix time= 0.0032835006713867188
	nonzero=137,smax=7.57920572726217,smin=0.012088959816801352
	RGN solver time= 0.006021261215209961
	xnorm=1.3060095849544024,dnorm=0.005179732813959831
update time= 0.009643316268920898
	dense amplitude time= 0.0028963088989257812
	total non-zero amplitudes= 4900
	nsamples per process= 50
	sample time= 4.215514421463013
self.n= 0.7450182199540906
	RGN updated loss=-14.002956626338973,dloss=-1.133648510354135e-05
update time= 0.008961200714111328
step= 44

nparam= 240
	dense amplitude time= 0.015329122543334961
	total non-zero amplitudes= 4900
	nsamples per process= 50
	sample time= 4.798936367034912
self.n= 0.7450182199540906
	collect g,h time= 5.594108819961548
E=-14.002956626338973,dE=-1.133648510354135e-05,std=0
L=-14.002956626338973,dL=-1.133648510354135e-05,std=0
	gnorm= 0.0017131655472601628
	collect S matrix time= 0.0069158077239990234
	nonzero=137,wmax=3.5647995552161302,wmin=0.0036987297655484636
	SR solver time= 0.0034401416778564453
	collect H matrix time= 0.0036101341247558594
	nonzero=137,smax=7.581148728278629,smin=0.012226287532119488
	RGN solver time= 0.006043672561645508
	xnorm=1.3059248935017072,dnorm=0.0032529759202435554
	dense amplitude time= 0.0026497840881347656
	total non-zero amplitudes= 4900
	nsamples per process= 50
update time= 0.009685277938842773
	sample time= 4.221539497375488
self.n= 0.7440235994845454
	RGN updated loss=-14.00296135347929,dloss=-4.72714031651833e-06
update time= 0.009149312973022461
step= 45

nparam= 240
	dense amplitude time= 0.005995988845825195
	total non-zero amplitudes= 4900
	nsamples per process= 50
	sample time= 4.809802532196045
self.n= 0.7440235994845454
	collect g,h time= 5.569653034210205
E=-14.00296135347929,dE=-4.72714031651833e-06,std=0
L=-14.00296135347929,dL=-4.72714031651833e-06,std=0
	gnorm= 0.00118957160092163
	collect S matrix time= 0.0056116580963134766
	nonzero=137,wmax=3.567109074052292,wmin=0.0037255372886481476
	SR solver time= 0.003163576126098633
	collect H matrix time= 0.0032045841217041016
	nonzero=137,smax=7.5824025957710735,smin=0.012316321024982714
	RGN solver time= 0.006109952926635742
	xnorm=1.3058674640120815,dnorm=0.0020625715656553208
	dense amplitude time= 0.002787351608276367
	total non-zero amplitudes= 4900
	nsamples per process= 50
update time= 0.009952068328857422
	sample time= 4.201397657394409
self.n= 0.7434061333146111
	RGN updated loss=-14.00296335806268,dloss=-2.0045833899473564e-06
update time= 0.008992195129394531
step= 46

nparam= 240
	dense amplitude time= 0.014319419860839844
	total non-zero amplitudes= 4900
	nsamples per process= 50
	sample time= 4.823579788208008
self.n= 0.7434061333146111
	collect g,h time= 5.609711408615112
E=-14.00296335806268,dE=-2.0045833899473564e-06,std=0
L=-14.00296335806268,dL=-2.0045833899473564e-06,std=0
	gnorm= 0.0008481004376216
	collect S matrix time= 0.006414175033569336
	nonzero=137,wmax=3.5685934808767805,wmin=0.00374308437375058
	SR solver time= 0.0034279823303222656
	collect H matrix time= 0.003215789794921875
	nonzero=137,smax=7.583207391098434,smin=0.012375046164197955
	RGN solver time= 0.006134510040283203
	xnorm=1.3058315000552276,dnorm=0.0013162225207004156
update time= 0.009672403335571289
	dense amplitude time= 0.002731800079345703
	total non-zero amplitudes= 4900
	nsamples per process= 50
	sample time= 4.266401529312134
self.n= 0.7430190233045799
	RGN updated loss=-14.002964221787577,dloss=-8.637248978260459e-07
update time= 0.009120702743530273
step= 47

nparam= 240
	dense amplitude time= 0.014007568359375
	total non-zero amplitudes= 4900
	nsamples per process= 50
	sample time= 4.83740234375
self.n= 0.7430190233045799
	collect g,h time= 5.62649130821228
E=-14.002964221787577,dE=-8.637248978260459e-07,std=0
L=-14.002964221787577,dL=-8.637248978260459e-07,std=0
	gnorm= 0.0006312489213715128
	collect S matrix time= 0.007358551025390625
	nonzero=137,wmax=3.569548713587269,wmin=0.003754532155808246
	SR solver time= 0.0033926963806152344
	collect H matrix time= 0.0034825801849365234
	nonzero=137,smax=7.583723556474029,smin=0.01241326527931166
	RGN solver time= 0.006087303161621094
	xnorm=1.305809847950155,dnorm=0.0008441772990194845
update time= 0.009746789932250977
	dense amplitude time= 0.002672910690307617
	total non-zero amplitudes= 4900
	nsamples per process= 50
	sample time= 4.225008964538574
self.n= 0.7427744694964936
	RGN updated loss=-14.002964600536295,dloss=-3.787487177220328e-07
update time= 0.00909566879272461
step= 48

nparam= 240
	dense amplitude time= 0.03661370277404785
	total non-zero amplitudes= 4900
	nsamples per process= 50
	sample time= 4.8028199672698975
self.n= 0.7427744694964936
	collect g,h time= 5.603054523468018
E=-14.002964600536295,dE=-3.787487177220328e-07,std=0
L=-14.002964600536295,dL=-3.787487177220328e-07,std=0
	gnorm= 0.000498662328640866
	collect S matrix time= 0.006582975387573242
	nonzero=137,wmax=3.5701644260038243,wmin=0.0037619887451305753
	SR solver time= 0.003359079360961914
	collect H matrix time= 0.003566265106201172
	nonzero=137,smax=7.584055097779326,smin=0.012438116015270008
	RGN solver time= 0.0060901641845703125
	xnorm=1.3057970762760096,dnorm=0.0005438877722193635
	dense amplitude time= 0.0027742385864257812
	total non-zero amplitudes= 4900
	nsamples per process= 50
update time= 0.00973820686340332
	sample time= 4.219646453857422
self.n= 0.7426190361303908
	RGN updated loss=-14.002964770158796,dloss=-1.696225009339969e-07
update time= 0.009020328521728516
step= 49

nparam= 240
	dense amplitude time= 0.014693975448608398
	total non-zero amplitudes= 4900
	nsamples per process= 50
	sample time= 4.800255537033081
self.n= 0.7426190361303908
	collect g,h time= 5.589818716049194
E=-14.002964770158796,dE=-1.696225009339969e-07,std=0
L=-14.002964770158796,dL=-1.696225009339969e-07,std=0
	gnorm= 0.0004211368398488363
	collect S matrix time= 0.006287813186645508
	nonzero=137,wmax=3.5705619984078445,wmin=0.0037668419178970786
	SR solver time= 0.003358125686645508
	collect H matrix time= 0.0032215118408203125
	nonzero=137,smax=7.584268589988467,smin=0.012454269745012344
	RGN solver time= 0.0060389041900634766
	xnorm=1.3057896119147128,dnorm=0.0003520505379677633
	dense amplitude time= 0.0028727054595947266
	total non-zero amplitudes= 4900
	nsamples per process= 50
update time= 0.009577274322509766
	sample time= 4.215143203735352
self.n= 0.7425197635436389
	RGN updated loss=-14.00296484812962,dloss=-7.797082446359127e-08
update time= 0.008967161178588867
layer= 0
nparam= 120
hop_ls= [(0, 1), (0, 2), (0, 3), (0, 4), (0, 5), (0, 6), (0, 7), (0, 8), (0, 9), (0, 10), (0, 11), (0, 12), (0, 13), (0, 14), (0, 15), (1, 2), (1, 3), (1, 4), (1, 5), (1, 6), (1, 7), (1, 8), (1, 9), (1, 10), (1, 11), (1, 12), (1, 13), (1, 14), (1, 15), (2, 3), (2, 4), (2, 5), (2, 6), (2, 7), (2, 8), (2, 9), (2, 10), (2, 11), (2, 12), (2, 13), (2, 14), (2, 15), (3, 4), (3, 5), (3, 6), (3, 7), (3, 8), (3, 9), (3, 10), (3, 11), (3, 12), (3, 13), (3, 14), (3, 15), (4, 5), (4, 6), (4, 7), (4, 8), (4, 9), (4, 10), (4, 11), (4, 12), (4, 13), (4, 14), (4, 15), (5, 6), (5, 7), (5, 8), (5, 9), (5, 10), (5, 11), (5, 12), (5, 13), (5, 14), (5, 15), (6, 7), (6, 8), (6, 9), (6, 10), (6, 11), (6, 12), (6, 13), (6, 14), (6, 15), (7, 8), (7, 9), (7, 10), (7, 11), (7, 12), (7, 13), (7, 14), (7, 15), (8, 9), (8, 10), (8, 11), (8, 12), (8, 13), (8, 14), (8, 15), (9, 10), (9, 11), (9, 12), (9, 13), (9, 14), (9, 15), (10, 11), (10, 12), (10, 13), (10, 14), (10, 15), (11, 12), (11, 13), (11, 14), (11, 15), (12, 13), (12, 14), (12, 15), (13, 14), (13, 15), (14, 15)]

update time= 0.009312152862548828
step= 50

nparam= 240
ntotal configs= 4900
	dense amplitude time= 0.027928829193115234
	total non-zero amplitudes= 4900
	nsamples per process= 50
	sample time= 4.4750075340271
self.n= 0.7425197635436389
	collect g,h time= 5.356747627258301
E=-14.00296484812962,dE=0,std=0
L=-14.00296484812962,dL=0,std=0
	gnorm= 0.00037754680061074977
	collect S matrix time= 0.00761103630065918
	nonzero=137,wmax=3.5708191654763684,wmin=0.00376999958554915
	SR solver time= 0.003544330596923828
	collect H matrix time= 0.0026884078979492188
	nonzero=137,smax=7.584406472378926,smin=0.01246477046483595
	RGN solver time= 0.0060541629791259766
	xnorm=1.3057852523484332,dnorm=0.00022908572517946416
update time= 0.008849620819091797
	dense amplitude time= 0.002515554428100586
	total non-zero amplitudes= 4900
	nsamples per process= 50
	sample time= 3.931833028793335
self.n= 0.7424561074575999
	RGN updated loss=-14.002964885127273,dloss=-3.69976529412952e-08
update time= 0.008955240249633789
step= 51

nparam= 240
	dense amplitude time= 0.008020401000976562
	total non-zero amplitudes= 4900
	nsamples per process= 50
	sample time= 4.479360818862915
self.n= 0.7424561074575999
	collect g,h time= 5.161828517913818
E=-14.002964885127273,dE=-3.69976529412952e-08,std=0
L=-14.002964885127273,dL=-3.69976529412952e-08,std=0
	gnorm= 0.0003535660381109723
	collect S matrix time= 0.006503105163574219
	nonzero=137,wmax=3.5709857895667403,wmin=0.0037720538720545016
	SR solver time= 0.0035314559936523438
	collect H matrix time= 0.0023810863494873047
	nonzero=137,smax=7.584495799076647,smin=0.012471597758553525
	RGN solver time= 0.006003856658935547
	xnorm=1.3057826871762372,dnorm=0.0001500400056681679
update time= 0.009148836135864258
	dense amplitude time= 0.002801656723022461
	total non-zero amplitudes= 4900
	nsamples per process= 50
	sample time= 3.9302289485931396
self.n= 0.7424151550682964
	RGN updated loss=-14.002964903346191,dloss=-1.8218917929857525e-08
update time= 0.008897542953491211
step= 52

nparam= 240
	dense amplitude time= 0.005362510681152344
	total non-zero amplitudes= 4900
	nsamples per process= 50
	sample time= 4.453696012496948
self.n= 0.7424151550682964
	collect g,h time= 5.147024631500244
E=-14.002964903346191,dE=-1.8218917929857525e-08,std=0
L=-14.002964903346191,dL=-1.8218917929857525e-08,std=0
	gnorm= 0.0003403916050584344
	collect S matrix time= 0.006582975387573242
	nonzero=137,wmax=3.5710939177221745,wmin=0.003773390343503134
	SR solver time= 0.003403902053833008
	collect H matrix time= 0.002751588821411133
	nonzero=137,smax=7.584553850884784,smin=0.01247603789844498
	RGN solver time= 0.005797624588012695
	xnorm=1.305781153338251,dnorm=9.908788765688125e-05
update time= 0.008685827255249023
	dense amplitude time= 0.002827167510986328
	total non-zero amplitudes= 4900
	nsamples per process= 50
	sample time= 3.9555182456970215
self.n= 0.7423887357283285
	RGN updated loss=-14.00296491269039,dloss=-9.344198304006568e-09
update time= 0.008847713470458984
step= 53

nparam= 240
	dense amplitude time= 0.0057866573333740234
	total non-zero amplitudes= 4900
	nsamples per process= 50
	sample time= 4.477297782897949
self.n= 0.7423887357283285
	collect g,h time= 5.160810470581055
E=-14.00296491269039,dE=-9.344198304006568e-09,std=0
L=-14.00296491269039,dL=-9.344198304006568e-09,std=0
	gnorm= 0.000333052093020864
	collect S matrix time= 0.0068285465240478516
	nonzero=137,wmax=3.57116418911817,wmin=0.003774259874063936
	SR solver time= 0.0032875537872314453
	collect H matrix time= 0.0026984214782714844
	nonzero=137,smax=7.584591697190179,smin=0.01247892644620217
	RGN solver time= 0.005636930465698242
	xnorm=1.3057802125929683,dnorm=6.614676488681198e-05
update time= 0.00860738754272461
	dense amplitude time= 0.002460479736328125
	total non-zero amplitudes= 4900
	nsamples per process= 50
	sample time= 3.948129892349243
self.n= 0.7423716513478665
	RGN updated loss=-14.002964917685786,dloss=-4.9953960967741295e-09
update time= 0.008829116821289062
step= 54

nparam= 240
	dense amplitude time= 0.0069615840911865234
	total non-zero amplitudes= 4900
	nsamples per process= 50
	sample time= 4.460356950759888
self.n= 0.7423716513478665
	collect g,h time= 5.220169544219971
E=-14.002964917685786,dE=-4.9953960967741295e-09,std=0
L=-14.002964917685786,dL=-4.9953960967741295e-09,std=0
	gnorm= 0.00032887292682427533
	collect S matrix time= 0.006453037261962891
	nonzero=137,wmax=3.5712099220720055,wmin=0.0037748256473105037
	SR solver time= 0.003291606903076172
	collect H matrix time= 0.002778768539428711
	nonzero=137,smax=7.584616450529323,smin=0.012480806210625731
	RGN solver time= 0.0057294368743896484
	xnorm=1.305779615438167,dnorm=4.476906087079691e-05
update time= 0.00862264633178711
	dense amplitude time= 0.002625703811645508
	total non-zero amplitudes= 4900
	nsamples per process= 50
	sample time= 3.9449329376220703
self.n= 0.7423605803177085
	RGN updated loss=-14.002964920462784,dloss=-2.776998186959645e-09
update time= 0.008745431900024414
step= 55

nparam= 240
	dense amplitude time= 0.026906728744506836
	total non-zero amplitudes= 4900
	nsamples per process= 50
	sample time= 4.462992906570435
self.n= 0.7423605803177085
	collect g,h time= 5.168117523193359
E=-14.002964920462784,dE=-2.776998186959645e-09,std=0
L=-14.002964920462784,dL=-2.776998186959645e-09,std=0
	gnorm= 0.0003264364741346843
	collect S matrix time= 0.006069660186767578
	nonzero=137,wmax=3.5712397263596563,wmin=0.0037751937999815303
	SR solver time= 0.0033721923828125
	collect H matrix time= 0.002653360366821289
	nonzero=137,smax=7.584632695037604,smin=0.012482029895003478
	RGN solver time= 0.005666971206665039
	xnorm=1.3057792204516288,dnorm=3.0819624277060016e-05
update time= 0.008870363235473633
	dense amplitude time= 0.0025539398193359375
	total non-zero amplitudes= 4900
	nsamples per process= 50
	sample time= 3.9350640773773193
self.n= 0.7423533923903757
	RGN updated loss=-14.002964922060263,dloss=-1.5974794820294846e-09
update time= 0.008768081665039062
step= 56

nparam= 240
	dense amplitude time= 0.0059871673583984375
	total non-zero amplitudes= 4900
	nsamples per process= 50
	sample time= 4.455239772796631
self.n= 0.7423533923903757
	collect g,h time= 5.164720058441162
E=-14.002964922060263,dE=-1.5974794820294846e-09,std=0
L=-14.002964922060263,dL=-1.5974794820294846e-09,std=0
	gnorm= 0.0003249849936501778
	collect S matrix time= 0.006168842315673828
	nonzero=137,wmax=3.5712591769707127,wmin=0.0037754333687904313
	SR solver time= 0.003103971481323242
	collect H matrix time= 0.0030226707458496094
	nonzero=137,smax=7.584643393936102,smin=0.012482826745423184
	RGN solver time= 0.005619049072265625
	xnorm=1.3057789474481916,dnorm=2.1641554240299094e-05
update time= 0.008763790130615234
	dense amplitude time= 0.002729654312133789
	total non-zero amplitudes= 4900
	nsamples per process= 50
	sample time= 3.925544261932373
self.n= 0.7423487172497154
	RGN updated loss=-14.002964923005313,dloss=-9.450502602703637e-10
update time= 0.00888824462890625
step= 57

nparam= 240
	dense amplitude time= 0.008409976959228516
	total non-zero amplitudes= 4900
	nsamples per process= 50
	sample time= 4.4607157707214355
self.n= 0.7423487172497154
	collect g,h time= 5.163595676422119
E=-14.002964923005313,dE=-9.450502602703637e-10,std=0
L=-14.002964923005313,dL=-9.450502602703637e-10,std=0
	gnorm= 0.0003241046201297823
	collect S matrix time= 0.0065228939056396484
	nonzero=137,wmax=3.5712718891184148,wmin=0.003775589264152133
	SR solver time= 0.00328826904296875
	collect H matrix time= 0.0026373863220214844
	nonzero=137,smax=7.584650468002957,smin=0.012483345814372621
	RGN solver time= 0.005709171295166016
	xnorm=1.305778750675713,dnorm=1.5527881749268007e-05
update time= 0.008701324462890625
	dense amplitude time= 0.002305269241333008
	total non-zero amplitudes= 4900
	nsamples per process= 50
	sample time= 3.942661762237549
self.n= 0.7423456711828689
	RGN updated loss=-14.002964923576661,dloss=-5.713474138246966e-10
update time= 0.008671760559082031
step= 58

nparam= 240
	dense amplitude time= 0.004338502883911133
	total non-zero amplitudes= 4900
	nsamples per process= 50
	sample time= 4.457334756851196
self.n= 0.7423456711828689
	collect g,h time= 5.164265155792236
E=-14.002964923576661,dE=-5.713474138246966e-10,std=0
L=-14.002964923576661,dL=-5.713474138246966e-10,std=0
	gnorm= 0.00032356310393261427
	collect S matrix time= 0.00632166862487793
	nonzero=137,wmax=3.5712802102707557,wmin=0.003775690705843336
	SR solver time= 0.0030298233032226562
	collect H matrix time= 0.0031735897064208984
	nonzero=137,smax=7.584655165606094,smin=0.012483684046741784
	RGN solver time= 0.0053632259368896484
	xnorm=1.3057786036540893,dnorm=1.1385031305156848e-05
update time= 0.008805513381958008
	dense amplitude time= 0.002353668212890625
	total non-zero amplitudes= 4900
	nsamples per process= 50
	sample time= 3.9396746158599854
self.n= 0.7423436830552423
	RGN updated loss=-14.002964923927681,dloss=-3.510205459633653e-10
update time= 0.008996009826660156
step= 59

nparam= 240
	dense amplitude time= 0.004713535308837891
	total non-zero amplitudes= 4900
	nsamples per process= 50
	sample time= 4.459238052368164
self.n= 0.7423436830552423
	collect g,h time= 5.143067836761475
E=-14.002964923927681,dE=-3.510205459633653e-10,std=0
L=-14.002964923927681,dL=-3.510205459633653e-10,std=0
	gnorm= 0.00032322650975599254
	collect S matrix time= 0.005745887756347656
	nonzero=137,wmax=3.5712856665638504,wmin=0.003775756707682767
	SR solver time= 0.003408670425415039
	collect H matrix time= 0.0025610923767089844
	nonzero=137,smax=7.58465830019507,smin=0.012483904517388537
	RGN solver time= 0.0059282779693603516
	xnorm=1.3057784906810244,dnorm=8.516274434479105e-06
update time= 0.008876562118530273
	dense amplitude time= 0.0050699710845947266
	total non-zero amplitudes= 4900
	nsamples per process= 50
	sample time= 3.9561455249786377
self.n= 0.742342383057192
	RGN updated loss=-14.002964924145857,dloss=-2.1817569972881756e-10
update time= 0.00875711441040039
step= 60

nparam= 240
	dense amplitude time= 0.014716148376464844
	total non-zero amplitudes= 4900
	nsamples per process= 50
	sample time= 4.4686267375946045
self.n= 0.742342383057192
	collect g,h time= 5.167440414428711
E=-14.002964924145857,dE=-2.1817569972881756e-10,std=0
L=-14.002964924145857,dL=-2.1817569972881756e-10,std=0
	gnorm= 0.00032301569399841837
	collect S matrix time= 0.006073713302612305
	nonzero=137,wmax=3.571289251301021,wmin=0.0037757996438835153
	SR solver time= 0.0030312538146972656
	collect H matrix time= 0.0030379295349121094
	nonzero=137,smax=7.584660403196041,smin=0.012484048277681207
	RGN solver time= 0.005500316619873047
	xnorm=1.305778402109097,dnorm=6.480551012205154e-06
update time= 0.008957862854003906
	dense amplitude time= 0.002436399459838867
	total non-zero amplitudes= 4900
	nsamples per process= 50
	sample time= 3.930448293685913
self.n= 0.7423415313395829
	RGN updated loss=-14.002964924282558,dloss=-1.3670131693288567e-10
update time= 0.008811473846435547
step= 61

nparam= 240
	dense amplitude time= 0.030758142471313477
	total non-zero amplitudes= 4900
	nsamples per process= 50
	sample time= 4.458897352218628
self.n= 0.7423415313395829
	collect g,h time= 5.167047023773193
E=-14.002964924282558,dE=-1.3670131693288567e-10,std=0
L=-14.002964924282558,dL=-1.3670131693288567e-10,std=0
	gnorm= 0.0003228829407439786
	collect S matrix time= 0.006105661392211914
	nonzero=137,wmax=3.571291611697685,wmin=0.0037758275684283828
	SR solver time= 0.0030205249786376953
	collect H matrix time= 0.003146648406982422
	nonzero=137,smax=7.58466182271789,smin=0.012484142053532783
	RGN solver time= 0.005419731140136719
	xnorm=1.3057783317345635,dnorm=4.999666937285177e-06
update time= 0.008705377578735352
	dense amplitude time= 0.0027000904083251953
	total non-zero amplitudes= 4900
	nsamples per process= 50
	sample time= 3.923064708709717
self.n= 0.7423409721075849
	RGN updated loss=-14.002964924368705,dloss=-8.614620128355455e-11
update time= 0.00917363166809082
step= 62

nparam= 240
	dense amplitude time= 0.00743865966796875
	total non-zero amplitudes= 4900
	nsamples per process= 50
	sample time= 4.480456113815308
self.n= 0.7423409721075849
	collect g,h time= 5.203115463256836
E=-14.002964924368705,dE=-8.614620128355455e-11,std=0
L=-14.002964924368705,dL=-8.614620128355455e-11,std=0
	gnorm= 0.00032279902783574046
	collect S matrix time= 0.0061604976654052734
	nonzero=137,wmax=3.5712931699301884,wmin=0.0037758457237714858
	SR solver time= 0.0034248828887939453
	collect H matrix time= 0.002600431442260742
	nonzero=137,smax=7.5846627874364145,smin=0.012484203249580633
	RGN solver time= 0.005879640579223633
	xnorm=1.3057782753575233,dnorm=3.897608186516287e-06
update time= 0.00886225700378418
	dense amplitude time= 0.0023665428161621094
	total non-zero amplitudes= 4900
	nsamples per process= 50
	sample time= 3.9505157470703125
self.n= 0.7423406040206193
	RGN updated loss=-14.002964924423189,dloss=-5.448441697808448e-11
update time= 0.008962631225585938
step= 63

nparam= 240
	dense amplitude time= 0.012444496154785156
	total non-zero amplitudes= 4900
	nsamples per process= 50
	sample time= 4.474856376647949
self.n= 0.7423406040206193
	collect g,h time= 5.26294469833374
E=-14.002964924423189,dE=-5.448441697808448e-11,std=0
L=-14.002964924423189,dL=-5.448441697808448e-11,std=0
	gnorm= 0.00032274584802554046
	collect S matrix time= 0.006662607192993164
	nonzero=137,wmax=3.5712942016967366,wmin=0.0037758575224199654
	SR solver time= 0.003028392791748047
	collect H matrix time= 0.0032095909118652344
	nonzero=137,smax=7.584663448035596,smin=0.012484243203409108
	RGN solver time= 0.005391836166381836
	xnorm=1.3057782299855705,dnorm=3.0616115827516946e-06
update time= 0.008678913116455078
	dense amplitude time= 0.002577066421508789
	total non-zero amplitudes= 4900
	nsamples per process= 50
	sample time= 3.949984550476074
self.n= 0.7423403610686796
	RGN updated loss=-14.002964924457748,dloss=-3.455902231053187e-11
update time= 0.008762121200561523
step= 64

nparam= 240
	dense amplitude time= 0.016215801239013672
	total non-zero amplitudes= 4900
	nsamples per process= 50
	sample time= 4.466100692749023
self.n= 0.7423403610686796
	collect g,h time= 5.335259437561035
E=-14.002964924457748,dE=-3.455902231053187e-11,std=0
L=-14.002964924457748,dL=-3.455902231053187e-11,std=0
	gnorm= 0.0003227120852349785
	collect S matrix time= 0.006519794464111328
	nonzero=137,wmax=3.5712948872591657,wmin=0.003775865185681289
	SR solver time= 0.0031337738037109375
	collect H matrix time= 0.003155231475830078
	nonzero=137,smax=7.584663904149294,smin=0.012484269302504588
	RGN solver time= 0.005526304244995117
	xnorm=1.3057781933900923,dnorm=2.4178306421745633e-06
update time= 0.00881195068359375
	dense amplitude time= 0.0026731491088867188
	total non-zero amplitudes= 4900
	nsamples per process= 50
	sample time= 3.9437355995178223
self.n= 0.7423402001954045
	RGN updated loss=-14.002964924479695,dloss=-2.1946888750790094e-11
update time= 0.00887608528137207
step= 65

nparam= 240
	dense amplitude time= 0.0028362274169921875
	total non-zero amplitudes= 4900
	nsamples per process= 50
	sample time= 4.454357385635376
self.n= 0.7423402001954045
	collect g,h time= 5.332200050354004
E=-14.002964924479695,dE=-2.1946888750790094e-11,std=0
L=-14.002964924479695,dL=-2.1946888750790094e-11,std=0
	gnorm= 0.00032269062437156545
	collect S matrix time= 0.0069658756256103516
	nonzero=137,wmax=3.5712953446378655,wmin=0.003775870159396917
	SR solver time= 0.003370046615600586
	collect H matrix time= 0.002711772918701172
	nonzero=137,smax=7.584664221911379,smin=0.012484286361841589
	RGN solver time= 0.005827188491821289
	xnorm=1.3057781638531114,dnorm=1.9164787108841582e-06
update time= 0.008769512176513672
	dense amplitude time= 0.0027921199798583984
	total non-zero amplitudes= 4900
	nsamples per process= 50
	sample time= 3.94942307472229
self.n= 0.7423400932760451
	RGN updated loss=-14.002964924493659,dloss=-1.3963941114525369e-11
update time= 0.008739709854125977
step= 66

nparam= 240
	dense amplitude time= 0.01624441146850586
	total non-zero amplitudes= 4900
	nsamples per process= 50
	sample time= 4.502904415130615
self.n= 0.7423400932760451
	collect g,h time= 5.36871337890625
E=-14.002964924493659,dE=-1.3963941114525369e-11,std=0
L=-14.002964924493659,dL=-1.3963941114525369e-11,std=0
	gnorm= 0.0003226769725691462
	collect S matrix time= 0.007058382034301758
	nonzero=137,wmax=3.571295651219833,wmin=0.0037758733845580476
	SR solver time= 0.003020048141479492
	collect H matrix time= 0.0033686161041259766
	nonzero=137,smax=7.584664445412623,smin=0.012484297520596618
	RGN solver time= 0.00543522834777832
	xnorm=1.3057781400182817,dnorm=1.5228915558938229e-06
update time= 0.008660554885864258
	dense amplitude time= 0.002844572067260742
	total non-zero amplitudes= 4900
	nsamples per process= 50
	sample time= 3.9334678649902344
self.n= 0.7423400219108254
	RGN updated loss=-14.002964924502553,dloss=-8.894218694877054e-12
update time= 0.008819580078125
step= 67

nparam= 240
	dense amplitude time= 0.019898176193237305
	total non-zero amplitudes= 4900
	nsamples per process= 50
	sample time= 4.462778568267822
self.n= 0.7423400219108254
	collect g,h time= 5.426119804382324
E=-14.002964924502553,dE=-8.894218694877054e-12,std=0
L=-14.002964924502553,dL=-8.894218694877054e-12,std=0
	gnorm= 0.00032266828431265466
	collect S matrix time= 0.006718158721923828
	nonzero=137,wmax=3.5712958578365352,wmin=0.0037758754734832935
	SR solver time= 0.003038167953491211
	collect H matrix time= 0.003861665725708008
	nonzero=137,smax=7.584664604194736,smin=0.012484304826008765
	RGN solver time= 0.005465507507324219
	xnorm=1.3057781207985881,dnorm=1.2121665941059174e-06
update time= 0.008716344833374023
	dense amplitude time= 0.0036933422088623047
	total non-zero amplitudes= 4900
	nsamples per process= 50
	sample time= 3.9447193145751953
self.n= 0.7423399740417267
	RGN updated loss=-14.002964924508213,dloss=-5.659472890329198e-12
update time= 0.00888824462890625
step= 68

nparam= 240
	dense amplitude time= 0.022125244140625
	total non-zero amplitudes= 4900
	nsamples per process= 50
	sample time= 4.658069133758545
self.n= 0.7423399740417267
	collect g,h time= 5.459558963775635
E=-14.002964924508213,dE=-5.659472890329198e-12,std=0
L=-14.002964924508213,dL=-5.659472890329198e-12,std=0
	gnorm= 0.0003226627536997007
	collect S matrix time= 0.005990266799926758
	nonzero=137,wmax=3.5712959979438215,wmin=0.00377587682452541
	SR solver time= 0.0033707618713378906
	collect H matrix time= 0.002746105194091797
	nonzero=137,smax=7.584664718163534,smin=0.012484309613644317
	RGN solver time= 0.0057373046875
	xnorm=1.305778105315085,dnorm=9.65915627142477e-07
update time= 0.009134531021118164
	dense amplitude time= 0.0027954578399658203
	total non-zero amplitudes= 4900
	nsamples per process= 50
	sample time= 3.9815733432769775
self.n= 0.7423399417515968
	RGN updated loss=-14.002964924511822,dloss=-3.609557097661309e-12
update time= 0.008762359619140625
step= 69

nparam= 240
	dense amplitude time= 0.005026817321777344
	total non-zero amplitudes= 4900
	nsamples per process= 50
	sample time= 4.473387956619263
self.n= 0.7423399417515968
	collect g,h time= 5.3581154346466064
E=-14.002964924511822,dE=-3.609557097661309e-12,std=0
L=-14.002964924511822,dL=-3.609557097661309e-12,std=0
	gnorm= 0.00032265923299199813
	collect S matrix time= 0.006586790084838867
	nonzero=137,wmax=3.571296093613345,wmin=0.0037758776967541634
	SR solver time= 0.0030472278594970703
	collect H matrix time= 0.0033648014068603516
	nonzero=137,smax=7.584664800818128,smin=0.012484312755106917
	RGN solver time= 0.005444526672363281
	xnorm=1.3057780928544114,dnorm=7.702551261931038e-07
update time= 0.008703947067260742
	dense amplitude time= 0.0027375221252441406
	total non-zero amplitudes= 4900
	nsamples per process= 50
	sample time= 3.9319329261779785
self.n= 0.7423399198306524
	RGN updated loss=-14.00296492451412,dloss=-2.298605750183924e-12
update time= 0.00876307487487793
