layer= 0
nparam= 120
hop_ls= [(0, 1), (0, 2), (0, 3), (0, 4), (0, 5), (0, 6), (0, 7), (0, 8), (0, 9), (0, 10), (0, 11), (0, 12), (0, 13), (0, 14), (0, 15), (1, 2), (1, 3), (1, 4), (1, 5), (1, 6), (1, 7), (1, 8), (1, 9), (1, 10), (1, 11), (1, 12), (1, 13), (1, 14), (1, 15), (2, 3), (2, 4), (2, 5), (2, 6), (2, 7), (2, 8), (2, 9), (2, 10), (2, 11), (2, 12), (2, 13), (2, 14), (2, 15), (3, 4), (3, 5), (3, 6), (3, 7), (3, 8), (3, 9), (3, 10), (3, 11), (3, 12), (3, 13), (3, 14), (3, 15), (4, 5), (4, 6), (4, 7), (4, 8), (4, 9), (4, 10), (4, 11), (4, 12), (4, 13), (4, 14), (4, 15), (5, 6), (5, 7), (5, 8), (5, 9), (5, 10), (5, 11), (5, 12), (5, 13), (5, 14), (5, 15), (6, 7), (6, 8), (6, 9), (6, 10), (6, 11), (6, 12), (6, 13), (6, 14), (6, 15), (7, 8), (7, 9), (7, 10), (7, 11), (7, 12), (7, 13), (7, 14), (7, 15), (8, 9), (8, 10), (8, 11), (8, 12), (8, 13), (8, 14), (8, 15), (9, 10), (9, 11), (9, 12), (9, 13), (9, 14), (9, 15), (10, 11), (10, 12), (10, 13), (10, 14), (10, 15), (11, 12), (11, 13), (11, 14), (11, 15), (12, 13), (12, 14), (12, 15), (13, 14), (13, 15), (14, 15)]

update time= 0.009483575820922852
step= 0

nparam= 240
ntotal configs= 4900
	dense amplitude time= 0.00809931755065918
	total non-zero amplitudes= 4900
	nsamples per process= 50
	sample time= 4.810946464538574
self.n= 0.8388930630544947
	collect g,h time= 5.6455237865448
E=-13.46339459274202,dE=0,std=0
L=-13.46339459274202,dL=0,std=0
	gnorm= 1.1709913899786473
	collect S matrix time= 0.015357017517089844
	nonzero=143,wmax=2.9222724406881517,wmin=0.004240879131689977
	SR solver time= 0.0037682056427001953
	collect H matrix time= 0.004397869110107422
	nonzero=146,smax=7.261313797544073,smin=0.007315868757879981
	RGN solver time= 0.0064814090728759766
	xnorm=0.9480059533706141,dnorm=0.9113544050421958
update time= 0.009925603866577148
	dense amplitude time= 0.0030062198638916016
	total non-zero amplitudes= 4900
	nsamples per process= 50
	sample time= 4.292724847793579
self.n= 0.8542648742767947
	RGN updated loss=-13.945794630023254,dloss=-0.48240003728123426
update time= 0.009199857711791992
step= 1

nparam= 240
	dense amplitude time= 0.02951359748840332
	total non-zero amplitudes= 4900
	nsamples per process= 50
	sample time= 4.809204339981079
self.n= 0.8542648742767947
	collect g,h time= 5.9742186069488525
E=-13.945794630023254,dE=-0.48240003728123426,std=0
L=-13.945794630023254,dL=-0.48240003728123426,std=0
	gnorm= 0.27124454943411164
	collect S matrix time= 0.010179996490478516
	nonzero=140,wmax=3.230876399690917,wmin=0.003370567709130343
	SR solver time= 0.0037364959716796875
	collect H matrix time= 0.0029904842376708984
	nonzero=141,smax=7.6770443756897375,smin=0.008857993112637616
	RGN solver time= 0.006294965744018555
	xnorm=1.055421053673576,dnorm=0.46195997746110323
update time= 0.008662223815917969
	dense amplitude time= 0.002792835235595703
	total non-zero amplitudes= 4900
	nsamples per process= 50
	sample time= 4.300481557846069
self.n= 0.9355058387524666
	RGN updated loss=-13.988984274306,dloss=-0.04318964428274619
update time= 0.008213996887207031
step= 2

nparam= 240
	dense amplitude time= 0.006858110427856445
	total non-zero amplitudes= 4900
	nsamples per process= 50
	sample time= 4.8001868724823
self.n= 0.9355058387524666
	collect g,h time= 5.65346360206604
E=-13.988984274306,dE=-0.04318964428274619,std=0
L=-13.988984274306,dL=-0.04318964428274619,std=0
	gnorm= 0.09297552483890405
	collect S matrix time= 0.008308649063110352
	nonzero=138,wmax=3.340299160815797,wmin=0.003759985186579584
	SR solver time= 0.0036232471466064453
	collect H matrix time= 0.003039836883544922
	nonzero=139,smax=7.469854321120439,smin=0.00976960175656443
	RGN solver time= 0.0061550140380859375
	xnorm=1.1687065541047614,dnorm=0.28963901609375853
update time= 0.009763240814208984
	dense amplitude time= 0.0031266212463378906
	total non-zero amplitudes= 4900
	nsamples per process= 50
	sample time= 4.292986154556274
self.n= 0.9236187398498129
	RGN updated loss=-13.997945074292485,dloss=-0.008960799986484247
update time= 0.009422063827514648
step= 3

nparam= 240
	dense amplitude time= 0.005352020263671875
	total non-zero amplitudes= 4900
	nsamples per process= 50
	sample time= 4.835947751998901
self.n= 0.9236187398498129
	collect g,h time= 5.625886678695679
E=-13.997945074292485,dE=-0.008960799986484247,std=0
L=-13.997945074292485,dL=-0.008960799986484247,std=0
	gnorm= 0.04238078901106448
	collect S matrix time= 0.008173704147338867
	nonzero=137,wmax=3.4302325092516566,wmin=0.003861658855035834
	SR solver time= 0.0036275386810302734
	collect H matrix time= 0.0031015872955322266
	nonzero=138,smax=7.514327127799877,smin=0.007846420484872246
	RGN solver time= 0.00611114501953125
	xnorm=1.2816612801028155,dnorm=0.17790982581700662
update time= 0.009674549102783203
	dense amplitude time= 0.004628658294677734
	total non-zero amplitudes= 4900
	nsamples per process= 50
	sample time= 4.096761703491211
self.n= 0.8950311622397499
	RGN updated loss=-14.001251938472848,dloss=-0.0033068641803630783
update time= 0.008707284927368164
step= 4

nparam= 240
	dense amplitude time= 0.01139974594116211
	total non-zero amplitudes= 4900
	nsamples per process= 50
	sample time= 4.6257264614105225
self.n= 0.8950311622397499
	collect g,h time= 5.955931663513184
E=-14.001251938472848,dE=-0.0033068641803630783,std=0
L=-14.001251938472848,dL=-0.0033068641803630783,std=0
	gnorm= 0.025511297321659205
	collect S matrix time= 0.00832986831665039
	nonzero=137,wmax=3.482670654931361,wmin=0.0035001843559667677
	SR solver time= 0.0037245750427246094
	collect H matrix time= 0.002939462661743164
	nonzero=137,smax=7.554701217262142,smin=0.011751314168666083
	RGN solver time= 0.0062618255615234375
	xnorm=1.316939516823011,dnorm=0.05943069892672632
update time= 0.009928703308105469
	dense amplitude time= 0.0033731460571289062
	total non-zero amplitudes= 4900
	nsamples per process= 50
	sample time= 3.6821558475494385
self.n= 0.8781784839082349
	RGN updated loss=-14.002213813902054,dloss=-0.0009618754292066711
update time= 0.009742021560668945
step= 5

nparam= 240
	dense amplitude time= 0.0039215087890625
	total non-zero amplitudes= 4900
	nsamples per process= 50
	sample time= 4.204028367996216
self.n= 0.8781784839082349
	collect g,h time= 5.663978338241577
E=-14.002213813902054,dE=-0.0009618754292066711,std=0
L=-14.002213813902054,dL=-0.0009618754292066711,std=0
	gnorm= 0.017465758430669803
	collect S matrix time= 0.007968664169311523
	nonzero=137,wmax=3.5106680787681523,wmin=0.00367975866788242
	SR solver time= 0.003307342529296875
	collect H matrix time= 0.0034384727478027344
	nonzero=137,smax=7.567317587386192,smin=0.012195501255530336
	RGN solver time= 0.0059661865234375
	xnorm=1.3321825536837357,dnorm=0.024788503225128468
update time= 0.009768962860107422
	dense amplitude time= 0.003162860870361328
	total non-zero amplitudes= 4900
	nsamples per process= 50
	sample time= 3.585721015930176
self.n= 0.8689097011323508
	RGN updated loss=-14.002563049477203,dloss=-0.0003492355751486542
update time= 0.009230613708496094
step= 6

nparam= 240
	dense amplitude time= 0.009965896606445312
	total non-zero amplitudes= 4900
	nsamples per process= 50
	sample time= 4.081788063049316
self.n= 0.8689097011323508
	collect g,h time= 5.648239374160767
E=-14.002563049477203,dE=-0.0003492355751486542,std=0
L=-14.002563049477203,dL=-0.0003492355751486542,std=0
	gnorm= 0.012707474279264415
	collect S matrix time= 0.008276939392089844
	nonzero=137,wmax=3.528109505831011,wmin=0.0038036537315810463
	SR solver time= 0.0036377906799316406
	collect H matrix time= 0.003103017807006836
	nonzero=137,smax=7.575841473788972,smin=0.01259184900409765
	RGN solver time= 0.006226778030395508
	xnorm=1.3385672314456587,dnorm=0.013582690026654536
update time= 0.009678125381469727
	dense amplitude time= 0.004193305969238281
	total non-zero amplitudes= 4900
	nsamples per process= 50
	sample time= 3.5996663570404053
self.n= 0.8635212849384797
	RGN updated loss=-14.002716023100174,dloss=-0.00015297362297062023
update time= 0.008913040161132812
step= 7

nparam= 240
	dense amplitude time= 0.011063098907470703
	total non-zero amplitudes= 4900
	nsamples per process= 50
	sample time= 4.1036176681518555
self.n= 0.8635212849384797
	collect g,h time= 5.622828483581543
E=-14.002716023100174,dE=-0.00015297362297062023,std=0
L=-14.002716023100174,dL=-0.00015297362297062023,std=0
	gnorm= 0.009507422696656024
	collect S matrix time= 0.00788116455078125
	nonzero=137,wmax=3.539093681353918,wmin=0.0038904978577173474
	SR solver time= 0.0033130645751953125
	collect H matrix time= 0.003452777862548828
	nonzero=137,smax=7.581501761328808,smin=0.012872025808552357
	RGN solver time= 0.00595855712890625
	xnorm=1.3411686663384006,dnorm=0.008325476217883036
update time= 0.009602785110473633
	dense amplitude time= 0.004018306732177734
	total non-zero amplitudes= 4900
	nsamples per process= 50
	sample time= 3.5994832515716553
self.n= 0.860336148458366
	RGN updated loss=-14.002790245647398,dloss=-7.422254722477817e-05
update time= 0.00949716567993164
step= 8

nparam= 240
	dense amplitude time= 0.012132644653320312
	total non-zero amplitudes= 4900
	nsamples per process= 50
	sample time= 4.0807623863220215
self.n= 0.860336148458366
	collect g,h time= 5.607762336730957
E=-14.002790245647398,dE=-7.422254722477817e-05,std=0
L=-14.002790245647398,dL=-7.422254722477817e-05,std=0
	gnorm= 0.007244713331816115
	collect S matrix time= 0.007923603057861328
	nonzero=137,wmax=3.5460023901005506,wmin=0.0039496082274353165
	SR solver time= 0.0036318302154541016
	collect H matrix time= 0.0031468868255615234
	nonzero=137,smax=7.585094051691044,smin=0.013062918199643237
	RGN solver time= 0.006270408630371094
	xnorm=1.3423173967860083,dnorm=0.005398075133476223
update time= 0.009676456451416016
	dense amplitude time= 0.0037550926208496094
	total non-zero amplitudes= 4900
	nsamples per process= 50
	sample time= 3.6111533641815186
self.n= 0.8584358502264051
	RGN updated loss=-14.00282891126312,dloss=-3.866561572074545e-05
update time= 0.008713245391845703
step= 9

nparam= 240
	dense amplitude time= 0.007483005523681641
	total non-zero amplitudes= 4900
	nsamples per process= 50
	sample time= 4.115757465362549
self.n= 0.8584358502264051
	collect g,h time= 5.6149115562438965
E=-14.00282891126312,dE=-3.866561572074545e-05,std=0
L=-14.00282891126312,dL=-3.866561572074545e-05,std=0
	gnorm= 0.005599564927613393
	collect S matrix time= 0.007986783981323242
	nonzero=137,wmax=3.550357395915503,wmin=0.003989212309889521
	SR solver time= 0.004024505615234375
	collect H matrix time= 0.002841949462890625
	nonzero=137,smax=7.587330811212431,smin=0.013190871387386956
	RGN solver time= 0.006028175354003906
	xnorm=1.3428676893119393,dnorm=0.0036199785059475545
update time= 0.009663105010986328
	dense amplitude time= 0.004526615142822266
	total non-zero amplitudes= 4900
	nsamples per process= 50
	sample time= 3.6114425659179688
self.n= 0.8572996316566689
	RGN updated loss=-14.002850177260262,dloss=-2.1265997142805304e-05
update time= 0.008848905563354492
step= 10

nparam= 240
	dense amplitude time= 0.010896921157836914
	total non-zero amplitudes= 4900
	nsamples per process= 50
	sample time= 4.084999322891235
self.n= 0.8572996316566689
	collect g,h time= 5.618837356567383
E=-14.002850177260262,dE=-2.1265997142805304e-05,std=0
L=-14.002850177260262,dL=-2.1265997142805304e-05,std=0
	gnorm= 0.004378990416404671
	collect S matrix time= 0.007819414138793945
	nonzero=137,wmax=3.553110120276158,wmin=0.004015516649172881
	SR solver time= 0.0037240982055664062
	collect H matrix time= 0.0029058456420898438
	nonzero=137,smax=7.588711470035132,smin=0.013275871076931052
	RGN solver time= 0.0062558650970458984
	xnorm=1.343149866488383,dnorm=0.002493056970018043
update time= 0.009863853454589844
	dense amplitude time= 0.004723310470581055
	total non-zero amplitudes= 4900
	nsamples per process= 50
	sample time= 3.6031320095062256
self.n= 0.8566227041457062
	RGN updated loss=-14.002862373693656,dloss=-1.21964333938962e-05
update time= 0.009370803833007812
	dense amplitude time= 0.019195079803466797
	total non-zero amplitudes= 4900
	nsamples per process= 50
step= 11

nparam= 240
	sample time= 4.121286630630493
self.n= 0.8566227041457062
	collect g,h time= 5.627650737762451
E=-14.002862373693656,dE=-1.21964333938962e-05,std=0
L=-14.002862373693656,dL=-1.21964333938962e-05,std=0
	gnorm= 0.0034594988496809667
	collect S matrix time= 0.007927894592285156
	nonzero=137,wmax=3.5548540821795376,wmin=0.004032889544841487
	SR solver time= 0.0033540725708007812
	collect H matrix time= 0.003412008285522461
	nonzero=137,smax=7.5895598959987725,smin=0.013332003671371082
	RGN solver time= 0.006014347076416016
	xnorm=1.3433024739229193,dnorm=0.0017596348700664288
update time= 0.009617090225219727
	dense amplitude time= 0.0028765201568603516
	total non-zero amplitudes= 4900
	nsamples per process= 50
	sample time= 3.6074023246765137
self.n= 0.856223450845823
	RGN updated loss=-14.002869593088585,dloss=-7.21939492898116e-06
update time= 0.008753061294555664
step= 12

nparam= 240
	dense amplitude time= 0.015325307846069336
	total non-zero amplitudes= 4900
	nsamples per process= 50
	sample time= 4.080673694610596
self.n= 0.856223450845823
	collect g,h time= 5.627561807632446
E=-14.002869593088585,dE=-7.21939492898116e-06,std=0
L=-14.002869593088585,dL=-7.21939492898116e-06,std=0
	gnorm= 0.002759548014645191
	collect S matrix time= 0.007894277572631836
	nonzero=137,wmax=3.555960613541848,wmin=0.004044315932317606
	SR solver time= 0.0033981800079345703
	collect H matrix time= 0.0033779144287109375
	nonzero=137,smax=7.590079252582141,smin=0.013368917932270857
	RGN solver time= 0.00607752799987793
	xnorm=1.3433894504105495,dnorm=0.0012726867069143015
update time= 0.009566307067871094
	dense amplitude time= 0.004591941833496094
	total non-zero amplitudes= 4900
	nsamples per process= 50
	sample time= 3.5982046127319336
self.n= 0.8559921240507884
	RGN updated loss=-14.002873966536628,dloss=-4.373448042827022e-06
update time= 0.008872032165527344
step= 13

nparam= 240
	dense amplitude time= 0.010560989379882812
	total non-zero amplitudes= 4900
	nsamples per process= 50
	sample time= 4.096859693527222
self.n= 0.8559921240507884
	collect g,h time= 5.622422933578491
E=-14.002873966536628,dE=-4.373448042827022e-06,std=0
L=-14.002873966536628,dL=-4.373448042827022e-06,std=0
	gnorm= 0.0022238047472160328
	collect S matrix time= 0.007747173309326172
	nonzero=137,wmax=3.5566631006117833,wmin=0.004051808319672475
	SR solver time= 0.003397703170776367
	collect H matrix time= 0.0031752586364746094
	nonzero=137,smax=7.590395434256831,smin=0.013393116929864397
	RGN solver time= 0.005959749221801758
	xnorm=1.3434408402241211,dnorm=0.0009418532268450872
update time= 0.009613275527954102
	dense amplitude time= 0.003741741180419922
	total non-zero amplitudes= 4900
	nsamples per process= 50
	sample time= 3.5850415229797363
self.n= 0.8558620377308351
	RGN updated loss=-14.002876660031175,dloss=-2.6934945474010874e-06
update time= 0.008744001388549805
step= 14

nparam= 240
	dense amplitude time= 0.01555490493774414
	total non-zero amplitudes= 4900
	nsamples per process= 50
	sample time= 4.092231273651123
self.n= 0.8558620377308351
	collect g,h time= 5.60584831237793
E=-14.002876660031175,dE=-2.6934945474010874e-06,std=0
L=-14.002876660031175,dL=-2.6934945474010874e-06,std=0
	gnorm= 0.001813632365704708
	collect S matrix time= 0.007860422134399414
	nonzero=137,wmax=3.557108888624332,wmin=0.004056709782258951
	SR solver time= 0.0036776065826416016
	collect H matrix time= 0.002977609634399414
	nonzero=137,smax=7.590586253240223,smin=0.013408941962451109
	RGN solver time= 0.006282806396484375
	xnorm=1.343472113485487,dnorm=0.0007112079845520344
update time= 0.009911775588989258
	dense amplitude time= 0.003691434860229492
	total non-zero amplitudes= 4900
	nsamples per process= 50
	sample time= 3.6002328395843506
self.n= 0.85579251735902
	RGN updated loss=-14.002878338099118,dloss=-1.6780679423789024e-06
update time= 0.009361505508422852
step= 15

nparam= 240
	dense amplitude time= 0.012555599212646484
	total non-zero amplitudes= 4900
	nsamples per process= 50
	sample time= 4.128535270690918
self.n= 0.85579251735902
	collect g,h time= 5.642440319061279
E=-14.002878338099118,dE=-1.6780679423789024e-06,std=0
L=-14.002878338099118,dL=-1.6780679423789024e-06,std=0
	gnorm= 0.0015012075761426304
	collect S matrix time= 0.00793766975402832
	nonzero=137,wmax=3.5573913573282945,wmin=0.004059910481521307
	SR solver time= 0.0033736228942871094
	collect H matrix time= 0.003469228744506836
	nonzero=137,smax=7.590699842891745,smin=0.013419270760061122
	RGN solver time= 0.0059337615966796875
	xnorm=1.3434916236519876,dnorm=0.0005459667355240701
update time= 0.009618997573852539
	dense amplitude time= 0.0033178329467773438
	total non-zero amplitudes= 4900
	nsamples per process= 50
	sample time= 3.605868339538574
self.n= 0.8557587349218971
	RGN updated loss=-14.002879391846562,dloss=-1.0537474448568673e-06
update time= 0.008777141571044922
step= 16

nparam= 240
	dense amplitude time= 0.015847444534301758
	total non-zero amplitudes= 4900
	nsamples per process= 50
	sample time= 4.081942319869995
self.n= 0.8557587349218971
	collect g,h time= 5.641947984695435
E=-14.002879391846562,dE=-1.0537474448568673e-06,std=0
L=-14.002879391846562,dL=-1.0537474448568673e-06,std=0
	gnorm= 0.001265776445800434
	collect S matrix time= 0.007616996765136719
	nonzero=137,wmax=3.5575698605817823,wmin=0.0040619975437358995
	SR solver time= 0.003329038619995117
	collect H matrix time= 0.003429412841796875
	nonzero=137,smax=7.590766027709157,smin=0.013426001474628513
	RGN solver time= 0.0060045719146728516
	xnorm=1.343504060142003,dnorm=0.0004244467454370726
update time= 0.009622812271118164
	dense amplitude time= 0.003725290298461914
	total non-zero amplitudes= 4900
	nsamples per process= 50
	sample time= 3.5884225368499756
self.n= 0.8557455710460165
	RGN updated loss=-14.002880057111025,dloss=-6.652644621851778e-07
update time= 0.008838176727294922
step= 17

nparam= 240
	dense amplitude time= 0.0068302154541015625
	total non-zero amplitudes= 4900
	nsamples per process= 50
	sample time= 4.1086955070495605
self.n= 0.8557455710460165
	collect g,h time= 5.625278949737549
E=-14.002880057111025,dE=-6.652644621851778e-07,std=0
L=-14.002880057111025,dL=-6.652644621851778e-07,std=0
	gnorm= 0.0010912076857361901
	collect S matrix time= 0.007816314697265625
	nonzero=137,wmax=3.557682203213834,wmin=0.004063356827821956
	SR solver time= 0.0033817291259765625
	collect H matrix time= 0.003381013870239258
	nonzero=137,smax=7.590803305877517,smin=0.013430381523511186
	RGN solver time= 0.006086826324462891
	xnorm=1.3435121409458322,dnorm=0.00033302143621385103
update time= 0.009678125381469727
	dense amplitude time= 0.003325223922729492
	total non-zero amplitudes= 4900
	nsamples per process= 50
	sample time= 3.597827196121216
self.n= 0.8557438738810874
	RGN updated loss=-14.002880478635012,dloss=-4.2152398727068885e-07
update time= 0.008795499801635742
step= 18

nparam= 240
	dense amplitude time= 0.0037145614624023438
	total non-zero amplitudes= 4900
	nsamples per process= 50
	sample time= 4.0726611614227295
self.n= 0.8557438738810874
	collect g,h time= 5.636510133743286
E=-14.002880478635012,dE=-4.2152398727068885e-07,std=0
L=-14.002880478635012,dL=-4.2152398727068885e-07,std=0
	gnorm= 0.0009644140046420804
	collect S matrix time= 0.007935285568237305
	nonzero=137,wmax=3.55775249506792,wmin=0.004064241227279918
	SR solver time= 0.0034203529357910156
	collect H matrix time= 0.0034520626068115234
	nonzero=137,smax=7.590823144734726,smin=0.013433228379465187
	RGN solver time= 0.006026268005371094
	xnorm=1.3435174840300728,dnorm=0.00026297114273078924
update time= 0.009585857391357422
	dense amplitude time= 0.004810333251953125
	total non-zero amplitudes= 4900
	nsamples per process= 50
	sample time= 3.5936806201934814
self.n= 0.8557481627992937
	RGN updated loss=-14.002880746368525,dloss=-2.6773351358144737e-07
update time= 0.009453535079956055
step= 19

nparam= 240
	dense amplitude time= 0.013366222381591797
	total non-zero amplitudes= 4900
	nsamples per process= 50
	sample time= 4.124239683151245
self.n= 0.8557481627992937
	collect g,h time= 5.642893552780151
E=-14.002880746368525,dE=-2.6773351358144737e-07,std=0
L=-14.002880746368525,dL=-2.6773351358144737e-07,std=0
	gnorm= 0.0008744425040905888
	collect S matrix time= 0.007831096649169922
	nonzero=137,wmax=3.557796119759341,wmin=0.004064816140763671
	SR solver time= 0.0036351680755615234
	collect H matrix time= 0.0029914379119873047
	nonzero=137,smax=7.590832634950646,smin=0.01343507659197473
	RGN solver time= 0.0062940120697021484
	xnorm=1.3435210746930164,dnorm=0.00020855898376647124
update time= 0.009726524353027344
	dense amplitude time= 0.0041751861572265625
	total non-zero amplitudes= 4900
	nsamples per process= 50
	sample time= 3.6070830821990967
self.n= 0.855755211898187
	RGN updated loss=-14.002880916696665,dloss=-1.703281391485234e-07
update time= 0.008804559707641602
step= 20

nparam= 240
	dense amplitude time= 0.0149993896484375
	total non-zero amplitudes= 4900
	nsamples per process= 50
	sample time= 4.0836169719696045
self.n= 0.855755211898187
	collect g,h time= 5.609116315841675
E=-14.002880916696665,dE=-1.703281391485234e-07,std=0
L=-14.002880916696665,dL=-1.703281391485234e-07,std=0
	gnorm= 0.0008120824550915453
	collect S matrix time= 0.00800180435180664
	nonzero=137,wmax=3.557822890589193,wmin=0.004065189565198972
	SR solver time= 0.0033140182495117188
	collect H matrix time= 0.003396749496459961
	nonzero=137,smax=7.5908361384902205,smin=0.013436275102292538
	RGN solver time= 0.005933046340942383
	xnorm=1.3435235249219764,dnorm=0.00016587960293756716
	dense amplitude time= 0.0032715797424316406
	total non-zero amplitudes= 4900
	nsamples per process= 50
update time= 0.009598016738891602
	sample time= 3.6008388996124268
self.n= 0.8557631735754243
	RGN updated loss=-14.002881025174014,dloss=-1.0847734976948686e-07
update time= 0.008885622024536133
step= 21

nparam= 240
	dense amplitude time= 0.016128063201904297
	total non-zero amplitudes= 4900
	nsamples per process= 50
	sample time= 4.117382287979126
self.n= 0.8557631735754243
	collect g,h time= 5.634993314743042
E=-14.002881025174014,dE=-1.0847734976948686e-07,std=0
L=-14.002881025174014,dL=-1.0847734976948686e-07,std=0
	gnorm= 0.0007697736162483197
	collect S matrix time= 0.007787227630615234
	nonzero=137,wmax=3.557839061150294,wmin=0.004065431924978506
	SR solver time= 0.0033147335052490234
	collect H matrix time= 0.0034453868865966797
	nonzero=137,smax=7.590836316095212,smin=0.01343705137205271
	RGN solver time= 0.005980730056762695
	xnorm=1.343525221528533,dnorm=0.00013217821440687796
update time= 0.009582281112670898
	dense amplitude time= 0.003118276596069336
	total non-zero amplitudes= 4900
	nsamples per process= 50
	sample time= 3.60811448097229
self.n= 0.8557710357075674
	RGN updated loss=-14.002881094309997,dloss=-6.913598227242801e-08
update time= 0.008839130401611328
step= 22

nparam= 240
	dense amplitude time= 0.015465259552001953
	total non-zero amplitudes= 4900
	nsamples per process= 50
	sample time= 4.0789875984191895
self.n= 0.8557710357075674
	collect g,h time= 5.642519474029541
E=-14.002881094309997,dE=-6.913598227242801e-08,std=0
L=-14.002881094309997,dL=-6.913598227242801e-08,std=0
	gnorm= 0.000741573051272178
	collect S matrix time= 0.007550477981567383
	nonzero=137,wmax=3.5578486091658172,wmin=0.00406558909501196
	SR solver time= 0.003359556198120117
	collect H matrix time= 0.0034906864166259766
	nonzero=137,smax=7.590834769852623,smin=0.013437553501541985
	RGN solver time= 0.00598454475402832
	xnorm=1.343526412872949,dnorm=0.00010544713563569637
update time= 0.00959920883178711
	dense amplitude time= 0.00454401969909668
	total non-zero amplitudes= 4900
	nsamples per process= 50
	sample time= 3.599836587905884
self.n= 0.8557782858362695
	RGN updated loss=-14.002881138393617,dloss=-4.408362030972057e-08
update time= 0.008966207504272461
step= 23

nparam= 240
	dense amplitude time= 0.015929698944091797
	total non-zero amplitudes= 4900
	nsamples per process= 50
	sample time= 4.125201463699341
self.n= 0.8557782858362695
	collect g,h time= 5.633120536804199
E=-14.002881138393617,dE=-4.408362030972057e-08,std=0
L=-14.002881138393617,dL=-4.408362030972057e-08,std=0
	gnorm= 0.0007230308629571616
	collect S matrix time= 0.007850408554077148
	nonzero=137,wmax=3.557854057560438,wmin=0.004065690932307675
	SR solver time= 0.0033736228942871094
	collect H matrix time= 0.0033843517303466797
	nonzero=137,smax=7.590832445728289,smin=0.013437877821331507
	RGN solver time= 0.005999326705932617
	xnorm=1.3435272607363802,dnorm=8.418295079473381e-05
update time= 0.009665727615356445
	dense amplitude time= 0.0035262107849121094
	total non-zero amplitudes= 4900
	nsamples per process= 50
	sample time= 3.6082065105438232
self.n= 0.855784704173775
	RGN updated loss=-14.002881166511907,dloss=-2.811828991866605e-08
update time= 0.00885009765625
step= 24

nparam= 240
	dense amplitude time= 0.019232988357543945
	total non-zero amplitudes= 4900
	nsamples per process= 50
	sample time= 4.080068588256836
self.n= 0.855784704173775
	collect g,h time= 5.637014865875244
E=-14.002881166511907,dE=-2.811828991866605e-08,std=0
L=-14.002881166511907,dL=-2.811828991866605e-08,std=0
	gnorm= 0.0007109592150869519
	collect S matrix time= 0.007380485534667969
	nonzero=137,wmax=3.557857000086291,wmin=0.00406575685430163
	SR solver time= 0.0035779476165771484
	collect H matrix time= 0.0026090145111083984
	nonzero=137,smax=7.590829885788754,smin=0.013438086931635862
	RGN solver time= 0.005865812301635742
	xnorm=1.3435278719352395,dnorm=6.723615257948891e-05
update time= 0.009004831314086914
	dense amplitude time= 0.0025153160095214844
	total non-zero amplitudes= 4900
	nsamples per process= 50
	sample time= 3.5994796752929688
self.n= 0.8557902368616186
	RGN updated loss=-14.002881184450683,dloss=-1.793877579814307e-08
update time= 0.00934457778930664
step= 25

nparam= 240
	dense amplitude time= 0.008994817733764648
	total non-zero amplitudes= 4900
	nsamples per process= 50
	sample time= 4.1194939613342285
self.n= 0.8557902368616186
	collect g,h time= 5.648530960083008
E=-14.002881184450683,dE=-1.793877579814307e-08,std=0
L=-14.002881184450683,dL=-1.793877579814307e-08,std=0
	gnorm= 0.0007031539542473003
	collect S matrix time= 0.008025407791137695
	nonzero=137,wmax=3.5578584379571887,wmin=0.004065799480694052
	SR solver time= 0.003335714340209961
	collect H matrix time= 0.003401041030883789
	nonzero=137,smax=7.590827386020908,smin=0.013438221477925031
	RGN solver time= 0.0059964656829833984
	xnorm=1.343528317910959,dnorm=5.3714464625222696e-05
update time= 0.009568452835083008
	dense amplitude time= 0.0035905838012695312
	total non-zero amplitudes= 4900
	nsamples per process= 50
	sample time= 3.5989160537719727
self.n= 0.8557949191889025
	RGN updated loss=-14.002881195896801,dloss=-1.1446118719504739e-08
update time= 0.008783578872680664
step= 26

nparam= 240
	dense amplitude time= 0.01696491241455078
	total non-zero amplitudes= 4900
	nsamples per process= 50
	sample time= 4.082152605056763
self.n= 0.8557949191889025
	collect g,h time= 5.621575593948364
E=-14.002881195896801,dE=-1.1446118719504739e-08,std=0
L=-14.002881195896801,dL=-1.1446118719504739e-08,std=0
	gnorm= 0.0006981305356946857
	collect S matrix time= 0.007873296737670898
	nonzero=137,wmax=3.5578589954187625,wmin=0.004065827008191657
	SR solver time= 0.0033211708068847656
	collect H matrix time= 0.0034568309783935547
	nonzero=137,smax=7.590825094763129,smin=0.01343830782805773
	RGN solver time= 0.006072044372558594
	xnorm=1.3435286470483494,dnorm=4.291799336229312e-05
update time= 0.009628772735595703
	dense amplitude time= 0.003489255905151367
	total non-zero amplitudes= 4900
	nsamples per process= 50
	sample time= 3.5878207683563232
self.n= 0.8557988298237293
	RGN updated loss=-14.002881203200868,dloss=-7.3040666848100955e-09
update time= 0.00873255729675293
step= 27

nparam= 240
	dense amplitude time= 0.018996238708496094
	total non-zero amplitudes= 4900
	nsamples per process= 50
	sample time= 4.118222713470459
self.n= 0.8557988298237293
	collect g,h time= 5.619346380233765
E=-14.002881203200868,dE=-7.3040666848100955e-09,std=0
L=-14.002881203200868,dL=-7.3040666848100955e-09,std=0
	gnorm= 0.0006949073239598976
	collect S matrix time= 0.007935523986816406
	nonzero=137,wmax=3.5578590577001568,wmin=0.004065844757519768
	SR solver time= 0.0033752918243408203
	collect H matrix time= 0.003369569778442383
	nonzero=137,smax=7.590823073761772,smin=0.013438363072232744
	RGN solver time= 0.0060803890228271484
	xnorm=1.3435288925242566,dnorm=3.4293880783669854e-05
update time= 0.009645462036132812
	dense amplitude time= 0.0035881996154785156
	total non-zero amplitudes= 4900
	nsamples per process= 50
	sample time= 3.612293004989624
self.n= 0.8558020641936757
	RGN updated loss=-14.002881207862082,dloss=-4.661213637291439e-09
update time= 0.008866310119628906
step= 28

nparam= 240
	dense amplitude time= 0.017986536026000977
	total non-zero amplitudes= 4900
	nsamples per process= 50
	sample time= 4.082733869552612
self.n= 0.8558020641936757
	collect g,h time= 5.60200834274292
E=-14.002881207862082,dE=-4.661213637291439e-09,std=0
L=-14.002881207862082,dL=-4.661213637291439e-09,std=0
	gnorm= 0.0006928432681174201
	collect S matrix time= 0.009857177734375
	nonzero=137,wmax=3.5578588591809384,wmin=0.004065856180423475
	SR solver time= 0.003378152847290039
	collect H matrix time= 0.0034329891204833984
	nonzero=137,smax=7.590821335731253,smin=0.013438398276506046
	RGN solver time= 0.006082057952880859
	xnorm=1.3435290773685065,dnorm=2.7403406275190687e-05
update time= 0.00962972640991211
	dense amplitude time= 0.003423452377319336
	total non-zero amplitudes= 4900
	nsamples per process= 50
	sample time= 3.5866901874542236
self.n= 0.855804719590124
	RGN updated loss=-14.00288121083683,dloss=-2.974747559392199e-09
update time= 0.00890970230102539
step= 29

nparam= 240
	dense amplitude time= 0.008322715759277344
	total non-zero amplitudes= 4900
	nsamples per process= 50
	sample time= 4.114440441131592
self.n= 0.855804719590124
	collect g,h time= 5.623674392700195
E=-14.00288121083683,dE=-2.974747559392199e-09,std=0
L=-14.00288121083683,dL=-2.974747559392199e-09,std=0
	gnorm= 0.0006915231723351225
	collect S matrix time= 0.007808208465576172
	nonzero=137,wmax=3.5578585396280538,wmin=0.004065863514723928
	SR solver time= 0.0033111572265625
	collect H matrix time= 0.003438711166381836
	nonzero=137,smax=7.590819867180262,smin=0.013438420598282506
	RGN solver time= 0.006050825119018555
	xnorm=1.3435292177637863,dnorm=2.1897400707071166e-05
	dense amplitude time= 0.003547191619873047
	total non-zero amplitudes= 4900
	nsamples per process= 50
update time= 0.00960993766784668
	sample time= 3.5842673778533936
self.n= 0.8558068873590914
	RGN updated loss=-14.002881212735351,dloss=-1.898522228316324e-09
update time= 0.009451150894165039
step= 30

nparam= 240
	dense amplitude time= 0.013486385345458984
	total non-zero amplitudes= 4900
	nsamples per process= 50
	sample time= 4.08523416519165
self.n= 0.8558068873590914
	collect g,h time= 5.6172935962677
E=-14.002881212735351,dE=-1.898522228316324e-09,std=0
L=-14.002881212735351,dL=-1.898522228316324e-09,std=0
	gnorm= 0.0006906795625353877
	collect S matrix time= 0.007796764373779297
	nonzero=137,wmax=3.5578581799652436,wmin=0.004065868210196217
	SR solver time= 0.0036745071411132812
	collect H matrix time= 0.0030350685119628906
	nonzero=137,smax=7.590818642040319,smin=0.013438434660893015
	RGN solver time= 0.006323099136352539
	xnorm=1.3435293252196574,dnorm=1.749745767821206e-05
	dense amplitude time= 0.0038673877716064453
	total non-zero amplitudes= 4900
	nsamples per process= 50
update time= 0.009706735610961914
	sample time= 3.5990405082702637
self.n= 0.8558086492949871
	RGN updated loss=-14.002881213947028,dloss=-1.211676092793823e-09
update time= 0.008730888366699219
	dense amplitude time= 0.05292844772338867
	total non-zero amplitudes= 4900
	nsamples per process= 50
step= 31

nparam= 240
	sample time= 4.1227686405181885
self.n= 0.8558086492949871
	collect g,h time= 5.621198892593384
E=-14.002881213947028,dE=-1.211676092793823e-09,std=0
L=-14.002881213947028,dL=-1.211676092793823e-09,std=0
	gnorm= 0.0006901407232405551
	collect S matrix time= 0.007876396179199219
	nonzero=137,wmax=3.557857824936255,wmin=0.004065871205306943
	SR solver time= 0.003309488296508789
	collect H matrix time= 0.0034341812133789062
	nonzero=137,smax=7.590817629590489,smin=0.013438443446171483
	RGN solver time= 0.005986452102661133
	xnorm=1.343529408019823,dnorm=1.398134498189475e-05
update time= 0.009683370590209961
	dense amplitude time= 0.0035538673400878906
	total non-zero amplitudes= 4900
	nsamples per process= 50
	sample time= 3.603846549987793
self.n= 0.8558100764566468
	RGN updated loss=-14.002881214720365,dloss=-7.73336950032899e-10
update time= 0.008816957473754883
step= 32

nparam= 240
	dense amplitude time= 0.0035791397094726562
	total non-zero amplitudes= 4900
	nsamples per process= 50
	sample time= 4.080780267715454
self.n= 0.8558100764566468
	collect g,h time= 5.514138460159302
E=-14.002881214720365,dE=-7.73336950032899e-10,std=0
L=-14.002881214720365,dL=-7.73336950032899e-10,std=0
	gnorm= 0.0006897966578853121
	collect S matrix time= 0.006982088088989258
	nonzero=137,wmax=3.5578574973897936,wmin=0.004065873106957417
	SR solver time= 0.003024578094482422
	collect H matrix time= 0.0030210018157958984
	nonzero=137,smax=7.590816798879998,smin=0.013438448873654193
	RGN solver time= 0.0054209232330322266
	xnorm=1.3435294721953615,dnorm=1.1171553933485932e-05
update time= 0.00872182846069336
	dense amplitude time= 0.002573728561401367
	total non-zero amplitudes= 4900
	nsamples per process= 50
	sample time= 3.59187388420105
self.n= 0.8558112293168894
	RGN updated loss=-14.002881215213932,dloss=-4.935678532547172e-10
update time= 0.008798360824584961
step= 33

nparam= 240
	dense amplitude time= 0.010731220245361328
	total non-zero amplitudes= 4900
	nsamples per process= 50
	sample time= 4.108631610870361
self.n= 0.8558112293168894
	collect g,h time= 5.1332221031188965
E=-14.002881215213932,dE=-4.935678532547172e-10,std=0
L=-14.002881215213932,dL=-4.935678532547172e-10,std=0
	gnorm= 0.0006895770039205763
	collect S matrix time= 0.006742238998413086
	nonzero=137,wmax=3.5578572072211263,wmin=0.004065874307175204
	SR solver time= 0.003021717071533203
	collect H matrix time= 0.0029730796813964844
	nonzero=137,smax=7.590816121029981,smin=0.01343845217619578
	RGN solver time= 0.00545811653137207
	xnorm=1.3435295221859342,dnorm=8.926246890412185e-06
update time= 0.008744955062866211
	dense amplitude time= 0.002368927001953125
	total non-zero amplitudes= 4900
	nsamples per process= 50
	sample time= 3.5916457176208496
self.n= 0.8558121585899074
	RGN updated loss=-14.002881215528951,dloss=-3.150191218992404e-10
update time= 0.008779525756835938
step= 34

nparam= 240
	dense amplitude time= 0.016736745834350586
	total non-zero amplitudes= 4900
	nsamples per process= 50
	sample time= 4.075069189071655
self.n= 0.8558121585899074
	collect g,h time= 5.187584638595581
E=-14.002881215528951,dE=-3.150191218992404e-10,std=0
L=-14.002881215528951,dL=-3.150191218992404e-10,std=0
	gnorm= 0.0006894367914668271
	collect S matrix time= 0.007466793060302734
	nonzero=137,wmax=3.557856956916889,wmin=0.0040658750588347435
	SR solver time= 0.0030012130737304688
	collect H matrix time= 0.003039121627807617
	nonzero=137,smax=7.590815570277039,smin=0.013438454143345348
	RGN solver time= 0.005421638488769531
	xnorm=1.3435295612937919,dnorm=7.132067808485333e-06
update time= 0.008760213851928711
	dense amplitude time= 0.0024013519287109375
	total non-zero amplitudes= 4900
	nsamples per process= 50
	sample time= 3.600752592086792
self.n= 0.8558129063502056
	RGN updated loss=-14.002881215730012,dloss=-2.0106050158119615e-10
update time= 0.00872659683227539
step= 35

nparam= 240
	dense amplitude time= 0.011105775833129883
	total non-zero amplitudes= 4900
	nsamples per process= 50
	sample time= 4.127021551132202
self.n= 0.8558129063502056
	collect g,h time= 5.142271041870117
E=-14.002881215730012,dE=-2.0106050158119615e-10,std=0
L=-14.002881215730012,dL=-2.0106050158119615e-10,std=0
	gnorm= 0.0006893472953345638
	collect S matrix time= 0.0069332122802734375
	nonzero=137,wmax=3.5578567449499774,wmin=0.004065875524771128
	SR solver time= 0.0030176639556884766
	collect H matrix time= 0.0030243396759033203
	nonzero=137,smax=7.5908151242927575,smin=0.0134384552789391
	RGN solver time= 0.005432844161987305
	xnorm=1.3435295919988448,dnorm=5.69841585136716e-06
update time= 0.008770227432250977
	dense amplitude time= 0.0025892257690429688
	total non-zero amplitudes= 4900
	nsamples per process= 50
	sample time= 3.6217241287231445
self.n= 0.8558135072231638
	RGN updated loss=-14.002881215858332,dloss=-1.283204653645953e-10
update time= 0.008953094482421875
step= 36

nparam= 240
	dense amplitude time= 0.00735926628112793
	total non-zero amplitudes= 4900
	nsamples per process= 50
	sample time= 4.090466022491455
self.n= 0.8558135072231638
	collect g,h time= 5.161841869354248
E=-14.002881215858332,dE=-1.283204653645953e-10,std=0
L=-14.002881215858332,dL=-1.283204653645953e-10,std=0
	gnorm= 0.0006892901731320193
	collect S matrix time= 0.0067827701568603516
	nonzero=137,wmax=3.5578565678215437,wmin=0.004065875809617582
	SR solver time= 0.0033037662506103516
	collect H matrix time= 0.0026750564575195312
	nonzero=137,smax=7.5908147641059,smin=0.013438455903030848
	RGN solver time= 0.005697727203369141
	xnorm=1.34352961617986,dnorm=4.552876396028886e-06
update time= 0.008819341659545898
	dense amplitude time= 0.0026769638061523438
	total non-zero amplitudes= 4900
	nsamples per process= 50
	sample time= 3.609551191329956
self.n= 0.8558139895281947
	RGN updated loss=-14.002881215940238,dloss=-8.190603750790615e-11
update time= 0.008750438690185547
step= 37

nparam= 240
	dense amplitude time= 0.016815900802612305
	total non-zero amplitudes= 4900
	nsamples per process= 50
	sample time= 4.102662563323975
self.n= 0.8558139895281947
	collect g,h time= 5.139453172683716
E=-14.002881215940238,dE=-8.190603750790615e-11,std=0
L=-14.002881215940238,dL=-8.190603750790615e-11,std=0
	gnorm= 0.0006892537148177375
	collect S matrix time= 0.006705045700073242
	nonzero=137,wmax=3.5578564212581294,wmin=0.004065875980429336
	SR solver time= 0.003005504608154297
	collect H matrix time= 0.002994060516357422
	nonzero=137,smax=7.590814473825075,smin=0.013438456217742539
	RGN solver time= 0.005450248718261719
	xnorm=1.3435296352714219,dnorm=3.6375715980941e-06
update time= 0.008765459060668945
	dense amplitude time= 0.0038690567016601562
	total non-zero amplitudes= 4900
	nsamples per process= 50
	sample time= 3.5823144912719727
self.n= 0.8558143763164927
	RGN updated loss=-14.002881215992518,dloss=-5.227995814038877e-11
update time= 0.00878286361694336
step= 38

nparam= 240
	dense amplitude time= 0.009260177612304688
	total non-zero amplitudes= 4900
	nsamples per process= 50
	sample time= 4.084827899932861
self.n= 0.8558143763164927
	collect g,h time= 5.1558685302734375
E=-14.002881215992518,dE=-5.227995814038877e-11,std=0
L=-14.002881215992518,dL=-5.227995814038877e-11,std=0
	gnorm= 0.0006892304454761494
	collect S matrix time= 0.006851911544799805
	nonzero=137,wmax=3.557856300886556,wmin=0.004065876080036379
	SR solver time= 0.003010988235473633
	collect H matrix time= 0.0030853748321533203
	nonzero=137,smax=7.590814240277164,smin=0.013438456349756
	RGN solver time= 0.005419254302978516
	xnorm=1.3435296503764798,dnorm=2.9062440263947792e-06
update time= 0.008734941482543945
	dense amplitude time= 0.0023360252380371094
	total non-zero amplitudes= 4900
	nsamples per process= 50
	sample time= 3.5972886085510254
self.n= 0.8558146862810512
	RGN updated loss=-14.00288121602588,dloss=-3.3361757800776104e-11
update time= 0.008770227432250977
step= 39

nparam= 240
	dense amplitude time= 0.016055822372436523
	total non-zero amplitudes= 4900
	nsamples per process= 50
	sample time= 4.111870288848877
self.n= 0.8558146862810512
	collect g,h time= 5.143239974975586
E=-14.00288121602588,dE=-3.3361757800776104e-11,std=0
L=-14.00288121602588,dL=-3.3361757800776104e-11,std=0
	gnorm= 0.0006892155939737003
	collect S matrix time= 0.007486581802368164
	nonzero=137,wmax=3.5578562025907647,wmin=0.004065876135680591
	SR solver time= 0.003032207489013672
	collect H matrix time= 0.0030755996704101562
	nonzero=137,smax=7.59081405262813,smin=0.013438456377678702
	RGN solver time= 0.005443572998046875
	xnorm=1.3435296623483557,dnorm=2.321925184050698e-06
update time= 0.008686304092407227
	dense amplitude time= 0.002330303192138672
	total non-zero amplitudes= 4900
	nsamples per process= 50
	sample time= 3.5861129760742188
self.n= 0.8558149345360011
	RGN updated loss=-14.002881216047172,dloss=-2.1291413077051402e-11
update time= 0.008824825286865234
step= 40

nparam= 240
	dense amplitude time= 0.01575922966003418
	total non-zero amplitudes= 4900
	nsamples per process= 50
	sample time= 4.079028129577637
self.n= 0.8558149345360011
	collect g,h time= 5.171620607376099
E=-14.002881216047172,dE=-2.1291413077051402e-11,std=0
L=-14.002881216047172,dL=-2.1291413077051402e-11,std=0
	gnorm= 0.0006892061150883397
	collect S matrix time= 0.00666356086730957
	nonzero=137,wmax=3.5578561226786154,wmin=0.004065876164593992
	SR solver time= 0.0030226707458496094
	collect H matrix time= 0.0029332637786865234
	nonzero=137,smax=7.590813902021371,smin=0.013438456349631
	RGN solver time= 0.0054645538330078125
	xnorm=1.3435296718506429,dnorm=1.855071570745897e-06
update time= 0.008740901947021484
	dense amplitude time= 0.002378702163696289
	total non-zero amplitudes= 4900
	nsamples per process= 50
	sample time= 3.5977160930633545
self.n= 0.8558151332731483
	RGN updated loss=-14.002881216060766,dloss=-1.3594458891930117e-11
update time= 0.008790969848632812
step= 41

nparam= 240
	dense amplitude time= 0.018878459930419922
	total non-zero amplitudes= 4900
	nsamples per process= 50
	sample time= 4.1005859375
self.n= 0.8558151332731483
	collect g,h time= 5.14917778968811
E=-14.002881216060766,dE=-1.3594458891930117e-11,std=0
L=-14.002881216060766,dL=-1.3594458891930117e-11,std=0
	gnorm= 0.0006892000652183386
	collect S matrix time= 0.006922245025634766
	nonzero=137,wmax=3.5578560579382947,wmin=0.004065876177601814
	SR solver time= 0.0030088424682617188
	collect H matrix time= 0.0030069351196289062
	nonzero=137,smax=7.590813781250499,smin=0.013438456294524646
	RGN solver time= 0.0053980350494384766
	xnorm=1.3435296794017557,dnorm=1.4820744331128943e-06
update time= 0.008770227432250977
	dense amplitude time= 0.002450704574584961
	total non-zero amplitudes= 4900
	nsamples per process= 50
	sample time= 3.6114814281463623
self.n= 0.8558152923086835
	RGN updated loss=-14.002881216069442,dloss=-8.675726803630823e-12
update time= 0.008893251419067383
step= 42

nparam= 240
	dense amplitude time= 0.012879133224487305
	total non-zero amplitudes= 4900
	nsamples per process= 50
	sample time= 4.0899574756622314
self.n= 0.8558152923086835
	collect g,h time= 5.218347072601318
E=-14.002881216069442,dE=-8.675726803630823e-12,std=0
L=-14.002881216069442,dL=-8.675726803630823e-12,std=0
	gnorm= 0.0006891962038852497
	collect S matrix time= 0.006658077239990234
	nonzero=137,wmax=3.557856005633717,wmin=0.00406587618144112
	SR solver time= 0.003253459930419922
	collect H matrix time= 0.0026781558990478516
	nonzero=137,smax=7.590813684473305,smin=0.013438456229267735
	RGN solver time= 0.005645036697387695
	xnorm=1.3435296854081549,dnorm=1.1840683342547193e-06
update time= 0.008856773376464844
	dense amplitude time= 0.00246429443359375
	total non-zero amplitudes= 4900
	nsamples per process= 50
	sample time= 3.593808174133301
self.n= 0.8558154195343496
	RGN updated loss=-14.002881216074979,dloss=-5.536904268410581e-12
update time= 0.008779287338256836
step= 43

nparam= 240
	dense amplitude time= 0.014909029006958008
	total non-zero amplitudes= 4900
	nsamples per process= 50
	sample time= 4.10820460319519
self.n= 0.8558154195343496
	collect g,h time= 5.563703536987305
E=-14.002881216074979,dE=-5.536904268410581e-12,std=0
L=-14.002881216074979,dL=-5.536904268410581e-12,std=0
	gnorm= 0.0006891937393705434
	collect S matrix time= 0.008456230163574219
	nonzero=137,wmax=3.5578559634685805,wmin=0.004065876180254101
	SR solver time= 0.003042936325073242
	collect H matrix time= 0.004936695098876953
	nonzero=137,smax=7.590813606967242,smin=0.01343845616334752
	RGN solver time= 0.005425691604614258
	xnorm=1.3435296901896607,dnorm=9.459786939782363e-07
update time= 0.008688688278198242
	dense amplitude time= 0.0036504268646240234
	total non-zero amplitudes= 4900
	nsamples per process= 50
	sample time= 3.6175076961517334
self.n= 0.8558155212870705
	RGN updated loss=-14.002881216078515,dloss=-3.5367264672458987e-12
update time= 0.008761882781982422
step= 44

nparam= 240
	dense amplitude time= 0.014351129531860352
	total non-zero amplitudes= 4900
	nsamples per process= 50
	sample time= 4.078497886657715
self.n= 0.8558155212870705
	collect g,h time= 5.16029167175293
E=-14.002881216078515,dE=-3.5367264672458987e-12,std=0
L=-14.002881216078515,dL=-3.5367264672458987e-12,std=0
	gnorm= 0.0006891921663684765
	collect S matrix time= 0.006872653961181641
	nonzero=137,wmax=3.557855929536685,wmin=0.004065876176542864
	SR solver time= 0.0030035972595214844
	collect H matrix time= 0.003070354461669922
	nonzero=137,smax=7.590813544923596,smin=0.013438456101730278
	RGN solver time= 0.005425930023193359
	xnorm=1.3435296939985695,dnorm=7.557604208201117e-07
update time= 0.008781909942626953
	dense amplitude time= 0.0024368762969970703
	total non-zero amplitudes= 4900
	nsamples per process= 50
	sample time= 3.6156487464904785
self.n= 0.8558156026503649
	RGN updated loss=-14.002881216080768,dloss=-2.2524204723595176e-12
update time= 0.008810043334960938
step= 45

nparam= 240
	dense amplitude time= 0.01421976089477539
	total non-zero amplitudes= 4900
	nsamples per process= 50
	sample time= 4.121927261352539
self.n= 0.8558156026503649
	collect g,h time= 5.181122064590454
E=-14.002881216080768,dE=-2.2524204723595176e-12,std=0
L=-14.002881216080768,dL=-2.2524204723595176e-12,std=0
	gnorm= 0.0006891911623729171
	collect S matrix time= 0.006758213043212891
	nonzero=137,wmax=3.5578559022685825,wmin=0.004065876171784179
	SR solver time= 0.0030069351196289062
	collect H matrix time= 0.003007173538208008
	nonzero=137,smax=7.590813495276225,smin=0.013438456046691633
	RGN solver time= 0.0054187774658203125
	xnorm=1.343529697034338,dnorm=6.03789332726669e-07
update time= 0.008707523345947266
	dense amplitude time= 0.0023758411407470703
	total non-zero amplitudes= 4900
	nsamples per process= 50
	sample time= 3.5974316596984863
self.n= 0.8558156676990923
	RGN updated loss=-14.00288121608221,dloss=-1.4424017535930034e-12
update time= 0.00870513916015625
step= 46

nparam= 240
	dense amplitude time= 0.01671457290649414
	total non-zero amplitudes= 4900
	nsamples per process= 50
	sample time= 4.0820794105529785
self.n= 0.8558156676990923
	collect g,h time= 5.153465747833252
E=-14.00288121608221,dE=-1.4424017535930034e-12,std=0
L=-14.00288121608221,dL=-1.4424017535930034e-12,std=0
	gnorm= 0.000689190521550964
	collect S matrix time= 0.007280588150024414
	nonzero=137,wmax=3.5578558803801936,wmin=0.0040658761668179305
	SR solver time= 0.0030176639556884766
	collect H matrix time= 0.0029516220092773438
	nonzero=137,smax=7.590813455560451,smin=0.013438455998947189
	RGN solver time= 0.005368232727050781
	xnorm=1.343529699454932,dnorm=4.82375770135317e-07
update time= 0.008700847625732422
	dense amplitude time= 0.002418041229248047
	total non-zero amplitudes= 4900
	nsamples per process= 50
	sample time= 3.5946638584136963
self.n= 0.8558157196975527
	RGN updated loss=-14.002881216083129,dloss=-9.183764859699295e-13
update time= 0.00872659683227539
step= 47

nparam= 240
	dense amplitude time= 0.012357711791992188
	total non-zero amplitudes= 4900
	nsamples per process= 50
	sample time= 4.104791164398193
self.n= 0.8558157196975527
	collect g,h time= 5.1688477993011475
E=-14.002881216083129,dE=-9.183764859699295e-13,std=0
L=-14.002881216083129,dL=-9.183764859699295e-13,std=0
	gnorm= 0.0006891901125253095
	collect S matrix time= 0.0068242549896240234
	nonzero=137,wmax=3.5578558628260697,wmin=0.004065876162094113
	SR solver time= 0.0030045509338378906
	collect H matrix time= 0.0029654502868652344
	nonzero=137,smax=7.590813423797358,smin=0.013438455958352816
	RGN solver time= 0.005415439605712891
	xnorm=1.343529701385778,dnorm=3.8537586286485325e-07
update time= 0.008794069290161133
	dense amplitude time= 0.00382232666015625
	total non-zero amplitudes= 4900
	nsamples per process= 50
	sample time= 3.60640549659729
self.n= 0.8558157612593595
	RGN updated loss=-14.002881216083718,dloss=-5.897504706808832e-13
update time= 0.008681535720825195
step= 48

nparam= 240
	dense amplitude time= 0.0058667659759521484
	total non-zero amplitudes= 4900
	nsamples per process= 50
	sample time= 4.086637496948242
self.n= 0.8558157612593595
	collect g,h time= 5.165643930435181
E=-14.002881216083718,dE=-5.897504706808832e-13,std=0
L=-14.002881216083718,dL=-5.897504706808832e-13,std=0
	gnorm= 0.00068918985144738
	collect S matrix time= 0.006792306900024414
	nonzero=137,wmax=3.5578558487582246,wmin=0.004065876157829265
	SR solver time= 0.003482341766357422
	collect H matrix time= 0.002518177032470703
	nonzero=137,smax=7.5908133983995985,smin=0.01343845592433034
	RGN solver time= 0.005892276763916016
	xnorm=1.3435297029263278,dnorm=3.078808525981356e-07
update time= 0.009076595306396484
	dense amplitude time= 0.0033054351806640625
	total non-zero amplitudes= 4900
	nsamples per process= 50
	sample time= 3.6020302772521973
self.n= 0.8558157944762771
	RGN updated loss=-14.00288121608409,dloss=-3.7125857943465235e-13
update time= 0.008788585662841797
step= 49

nparam= 240
	dense amplitude time= 0.012355566024780273
	total non-zero amplitudes= 4900
	nsamples per process= 50
	sample time= 4.110222578048706
self.n= 0.8558157944762771
	collect g,h time= 5.172834396362305
E=-14.00288121608409,dE=-3.7125857943465235e-13,std=0
L=-14.00288121608409,dL=-3.7125857943465235e-13,std=0
	gnorm= 0.0006891896848004116
	collect S matrix time= 0.006725311279296875
	nonzero=137,wmax=3.5578558374909206,wmin=0.004065876154103295
	SR solver time= 0.0031538009643554688
	collect H matrix time= 0.002862691879272461
	nonzero=137,smax=7.59081337809483,smin=0.013438455896117434
	RGN solver time= 0.0055353641510009766
	xnorm=1.3435297041557919,dnorm=2.459688675452886e-07
update time= 0.00887155532836914
	dense amplitude time= 0.003281831741333008
	total non-zero amplitudes= 4900
	nsamples per process= 50
	sample time= 3.583894968032837
self.n= 0.8558158210218907
	RGN updated loss=-14.00288121608433,dloss=-2.398081733190338e-13
update time= 0.008766412734985352
