layer= 0
nparam= 120
hop_ls= [(0, 1), (0, 2), (0, 3), (0, 4), (0, 5), (0, 6), (0, 7), (0, 8), (0, 9), (0, 10), (0, 11), (0, 12), (0, 13), (0, 14), (0, 15), (1, 2), (1, 3), (1, 4), (1, 5), (1, 6), (1, 7), (1, 8), (1, 9), (1, 10), (1, 11), (1, 12), (1, 13), (1, 14), (1, 15), (2, 3), (2, 4), (2, 5), (2, 6), (2, 7), (2, 8), (2, 9), (2, 10), (2, 11), (2, 12), (2, 13), (2, 14), (2, 15), (3, 4), (3, 5), (3, 6), (3, 7), (3, 8), (3, 9), (3, 10), (3, 11), (3, 12), (3, 13), (3, 14), (3, 15), (4, 5), (4, 6), (4, 7), (4, 8), (4, 9), (4, 10), (4, 11), (4, 12), (4, 13), (4, 14), (4, 15), (5, 6), (5, 7), (5, 8), (5, 9), (5, 10), (5, 11), (5, 12), (5, 13), (5, 14), (5, 15), (6, 7), (6, 8), (6, 9), (6, 10), (6, 11), (6, 12), (6, 13), (6, 14), (6, 15), (7, 8), (7, 9), (7, 10), (7, 11), (7, 12), (7, 13), (7, 14), (7, 15), (8, 9), (8, 10), (8, 11), (8, 12), (8, 13), (8, 14), (8, 15), (9, 10), (9, 11), (9, 12), (9, 13), (9, 14), (9, 15), (10, 11), (10, 12), (10, 13), (10, 14), (10, 15), (11, 12), (11, 13), (11, 14), (11, 15), (12, 13), (12, 14), (12, 15), (13, 14), (13, 15), (14, 15)]

update time= 0.009142875671386719
step= 0

nparam= 240
ntotal configs= 4900
	dense amplitude time= 0.028775691986083984
	total non-zero amplitudes= 4900
	nsamples per process= 50
	sample time= 8.475543737411499
self.n= 1.0196678903460856
	collect g,h time= 9.200961351394653
E=-13.659715733387728,dE=0,std=0
L=-13.659715733387728,dL=0,std=0
	gnorm= 0.7600323459448521
	collect S matrix time= 0.02249002456665039
	nonzero=141,wmax=3.0457513105901177,wmin=0.003510902739772565
	SR solver time= 0.003726959228515625
	collect H matrix time= 0.003080606460571289
	nonzero=142,smax=7.131260643550638,smin=0.008005899870277756
	RGN solver time= 0.005992889404296875
	xnorm=0.8528659411031914,dnorm=0.7932264617841205
update time= 0.007814407348632812
	dense amplitude time= 0.003671884536743164
	total non-zero amplitudes= 4900
	nsamples per process= 50
	sample time= 7.372452020645142
self.n= 1.0611862591547916
	RGN updated loss=-13.95275466602565,dloss=-0.2930389326379217
update time= 0.00762486457824707
step= 1

nparam= 240
	dense amplitude time= 0.005228281021118164
	total non-zero amplitudes= 4900
	nsamples per process= 50
	sample time= 8.487735033035278
self.n= 1.0611862591547916
	collect g,h time= 9.233862400054932
E=-13.95275466602565,dE=-0.2930389326379217,std=0
L=-13.95275466602565,dL=-0.2930389326379217,std=0
	gnorm= 0.2505214061805693
	collect S matrix time= 0.016295909881591797
	nonzero=140,wmax=3.1947202385987836,wmin=0.003237453510002002
	SR solver time= 0.0033359527587890625
	collect H matrix time= 0.007180929183959961
	nonzero=141,smax=7.264243002530103,smin=0.008846104954634702
	RGN solver time= 0.005837440490722656
	xnorm=0.8642204852995964,dnorm=0.3426923381899009
update time= 0.007806062698364258
	dense amplitude time= 0.0035538673400878906
	total non-zero amplitudes= 4900
	nsamples per process= 50
	sample time= 7.57451605796814
self.n= 1.1389884175794844
	RGN updated loss=-13.985643700781091,dloss=-0.032889034755442026
update time= 0.007844924926757812
step= 2

nparam= 240
	dense amplitude time= 0.0038008689880371094
	total non-zero amplitudes= 4900
	nsamples per process= 50
	sample time= 8.498425483703613
self.n= 1.1389884175794844
	collect g,h time= 9.216013193130493
E=-13.985643700781091,dE=-0.032889034755442026,std=0
L=-13.985643700781091,dL=-0.032889034755442026,std=0
	gnorm= 0.09975012961136194
	collect S matrix time= 0.014942646026611328
	nonzero=139,wmax=3.3450718783952897,wmin=0.003454860708515874
	SR solver time= 0.0032806396484375
	collect H matrix time= 0.007468461990356445
	nonzero=140,smax=7.407356688490239,smin=0.008544462343688213
	RGN solver time= 0.005686044692993164
	xnorm=1.0354237823057715,dnorm=0.2500376917476861
update time= 0.008636236190795898
	dense amplitude time= 0.004065990447998047
	total non-zero amplitudes= 4900
	nsamples per process= 50
	sample time= 7.515440940856934
self.n= 1.148097923453492
	RGN updated loss=-13.992098801628256,dloss=-0.006455100847164275
update time= 0.009595632553100586
step= 3

nparam= 240
	dense amplitude time= 0.009967565536499023
	total non-zero amplitudes= 4900
	nsamples per process= 50
	sample time= 8.506483793258667
self.n= 1.148097923453492
	collect g,h time= 9.224973917007446
E=-13.992098801628256,dE=-0.006455100847164275,std=0
L=-13.992098801628256,dL=-0.006455100847164275,std=0
	gnorm= 0.04795239998273117
	collect S matrix time= 0.014000892639160156
	nonzero=137,wmax=3.4181208793215365,wmin=0.004046547131923142
	SR solver time= 0.0032927989959716797
	collect H matrix time= 0.007589101791381836
	nonzero=139,smax=7.502655718692201,smin=0.00855311652569023
	RGN solver time= 0.005718231201171875
	xnorm=1.1398573064036426,dnorm=0.22385790151909762
update time= 0.008620977401733398
	dense amplitude time= 0.0047266483306884766
	total non-zero amplitudes= 4900
	nsamples per process= 50
	sample time= 7.557616710662842
self.n= 1.1350230059905084
	RGN updated loss=-13.994425094679853,dloss=-0.0023262930515972613
update time= 0.00866389274597168
step= 4

nparam= 240
	dense amplitude time= 0.00673365592956543
	total non-zero amplitudes= 4900
	nsamples per process= 50
	sample time= 8.536630868911743
self.n= 1.1350230059905084
	collect g,h time= 9.207756996154785
E=-13.994425094679853,dE=-0.0023262930515972613,std=0
L=-13.994425094679853,dL=-0.0023262930515972613,std=0
	gnorm= 0.027950582415869122
	collect S matrix time= 0.013690710067749023
	nonzero=138,wmax=3.470242315434891,wmin=0.0038431220014255936
	SR solver time= 0.0032835006713867188
	collect H matrix time= 0.0074634552001953125
	nonzero=139,smax=7.575035532141365,smin=0.008675488148822883
	RGN solver time= 0.005636453628540039
	xnorm=1.2088779426776564,dnorm=0.1659446599784246
update time= 0.00875544548034668
	dense amplitude time= 0.004303932189941406
	total non-zero amplitudes= 4900
	nsamples per process= 50
	sample time= 7.198631286621094
self.n= 1.1393352226926525
	RGN updated loss=-13.995745318489138,dloss=-0.0013202238092855367
update time= 0.008686304092407227
step= 5

nparam= 240
	dense amplitude time= 0.018401384353637695
	total non-zero amplitudes= 4900
	nsamples per process= 50
	sample time= 8.14540719985962
self.n= 1.1393352226926525
	collect g,h time= 9.257817029953003
E=-13.995745318489138,dE=-0.0013202238092855367,std=0
L=-13.995745318489138,dL=-0.0013202238092855367,std=0
	gnorm= 0.01706190736665321
	collect S matrix time= 0.013844490051269531
	nonzero=138,wmax=3.504141970603497,wmin=0.003948638355900043
	SR solver time= 0.0029993057250976562
	collect H matrix time= 0.007857799530029297
	nonzero=138,smax=7.626019472282166,smin=0.010527597109280865
	RGN solver time= 0.005319833755493164
	xnorm=1.2506768289325962,dnorm=0.06082961891050284
update time= 0.008509159088134766
	dense amplitude time= 0.003894805908203125
	total non-zero amplitudes= 4900
	nsamples per process= 50
	sample time= 7.249445199966431
self.n= 1.1345510431444041
	RGN updated loss=-13.996120849297453,dloss=-0.00037553080831465024
update time= 0.00869894027709961
step= 6

nparam= 240
	dense amplitude time= 0.026378154754638672
	total non-zero amplitudes= 4900
	nsamples per process= 50
	sample time= 8.21253752708435
self.n= 1.1345510431444041
	collect g,h time= 9.242156028747559
E=-13.996120849297453,dE=-0.00037553080831465024,std=0
L=-13.996120849297453,dL=-0.00037553080831465024,std=0
	gnorm= 0.012375590878696349
	collect S matrix time= 0.014495611190795898
	nonzero=138,wmax=3.5354293589924866,wmin=0.003904573801690963
	SR solver time= 0.0033037662506103516
	collect H matrix time= 0.007706403732299805
	nonzero=138,smax=7.667402495474125,smin=0.010387450448367162
	RGN solver time= 0.0056705474853515625
	xnorm=1.2778128390210794,dnorm=0.029403197665395335
update time= 0.008732795715332031
	dense amplitude time= 0.003494739532470703
	total non-zero amplitudes= 4900
	nsamples per process= 50
	sample time= 7.357717037200928
self.n= 1.133279600329742
	RGN updated loss=-13.99628203677254,dloss=-0.00016118747508642173
update time= 0.008671283721923828
step= 7

nparam= 240
	dense amplitude time= 0.006642580032348633
	total non-zero amplitudes= 4900
	nsamples per process= 50
	sample time= 8.384294271469116
self.n= 1.133279600329742
	collect g,h time= 9.265478372573853
E=-13.99628203677254,dE=-0.00016118747508642173,std=0
L=-13.99628203677254,dL=-0.00016118747508642173,std=0
	gnorm= 0.00968381601441148
	collect S matrix time= 0.013446569442749023
	nonzero=138,wmax=3.5498640169984665,wmin=0.0038912868919807097
	SR solver time= 0.002990245819091797
	collect H matrix time= 0.007641792297363281
	nonzero=138,smax=7.6873164748214124,smin=0.010364105961472789
	RGN solver time= 0.005390167236328125
	xnorm=1.2879995666233717,dnorm=0.01904215271578448
update time= 0.008550882339477539
	dense amplitude time= 0.004064798355102539
	total non-zero amplitudes= 4900
	nsamples per process= 50
	sample time= 7.411783933639526
self.n= 1.1319920627217372
	RGN updated loss=-13.996368152100835,dloss=-8.611532829583268e-05
update time= 0.008771419525146484
step= 8

nparam= 240
	dense amplitude time= 0.005387544631958008
	total non-zero amplitudes= 4900
	nsamples per process= 50
	sample time= 8.348327398300171
self.n= 1.1319920627217372
	collect g,h time= 9.247520923614502
E=-13.996368152100835,dE=-8.611532829583268e-05,std=0
L=-13.996368152100835,dL=-8.611532829583268e-05,std=0
	gnorm= 0.008056179215162605
	collect S matrix time= 0.012764453887939453
	nonzero=138,wmax=3.5573820109260845,wmin=0.0038740303697852277
	SR solver time= 0.0032830238342285156
	collect H matrix time= 0.00697636604309082
	nonzero=138,smax=7.697562696902073,smin=0.010327871861779154
	RGN solver time= 0.005606412887573242
	xnorm=1.2936553099895298,dnorm=0.01305182318153064
update time= 0.008790969848632812
	dense amplitude time= 0.004526853561401367
	total non-zero amplitudes= 4900
	nsamples per process= 50
	sample time= 7.5117902755737305
self.n= 1.1312598519213335
	RGN updated loss=-13.996420958186912,dloss=-5.280608607627357e-05
update time= 0.008800506591796875
step= 9

nparam= 240
	dense amplitude time= 0.0037403106689453125
	total non-zero amplitudes= 4900
	nsamples per process= 50
	sample time= 8.317233085632324
self.n= 1.1312598519213335
	collect g,h time= 9.26072096824646
E=-13.996420958186912,dE=-5.280608607627357e-05,std=0
L=-13.996420958186912,dL=-5.280608607627357e-05,std=0
	gnorm= 0.0069591739343137695
	collect S matrix time= 0.014727354049682617
	nonzero=138,wmax=3.5608722593085718,wmin=0.0038611977660881307
	SR solver time= 0.0030128955841064453
	collect H matrix time= 0.007964134216308594
	nonzero=138,smax=7.702247554824354,smin=0.010306635672796579
	RGN solver time= 0.0054628849029541016
	xnorm=1.2961282982931208,dnorm=0.009986969721530839
update time= 0.00861811637878418
	dense amplitude time= 0.003401041030883789
	total non-zero amplitudes= 4900
	nsamples per process= 50
	sample time= 7.354693651199341
self.n= 1.1307996664432558
	RGN updated loss=-13.99645654882413,dloss=-3.559063721780831e-05
update time= 0.008760690689086914
step= 10

nparam= 240
	dense amplitude time= 0.025359153747558594
	total non-zero amplitudes= 4900
	nsamples per process= 50
	sample time= 8.419140815734863
self.n= 1.1307996664432558
	collect g,h time= 9.245331287384033
E=-13.99645654882413,dE=-3.559063721780831e-05,std=0
L=-13.99645654882413,dL=-3.559063721780831e-05,std=0
	gnorm= 0.006182219042315671
	collect S matrix time= 0.013829946517944336
	nonzero=138,wmax=3.5623174432952562,wmin=0.0038505415884068995
	SR solver time= 0.003052949905395508
	collect H matrix time= 0.0070950984954833984
	nonzero=138,smax=7.704051456943907,smin=0.01029148001471222
	RGN solver time= 0.005350351333618164
	xnorm=1.2969991190115304,dnorm=0.008371410272084868
update time= 0.008596658706665039
	dense amplitude time= 0.005009174346923828
	total non-zero amplitudes= 4900
	nsamples per process= 50
	sample time= 7.417008638381958
self.n= 1.1305128510058937
	RGN updated loss=-13.996482260030328,dloss=-2.5711206198764103e-05
update time= 0.008614540100097656
step= 11

nparam= 240
	dense amplitude time= 0.023943662643432617
	total non-zero amplitudes= 4900
	nsamples per process= 50
	sample time= 8.29613208770752
self.n= 1.1305128510058937
	collect g,h time= 9.30909538269043
E=-13.996482260030328,dE=-2.5711206198764103e-05,std=0
L=-13.996482260030328,dL=-2.5711206198764103e-05,std=0
	gnorm= 0.0056112685685983975
	collect S matrix time= 0.013646364212036133
	nonzero=138,wmax=3.562680870972149,wmin=0.0038412887909615046
	SR solver time= 0.00301361083984375
	collect H matrix time= 0.008039712905883789
	nonzero=138,smax=7.704277894449857,smin=0.010281535590114679
	RGN solver time= 0.0053822994232177734
	xnorm=1.2970245003466274,dnorm=0.007597716448120781
update time= 0.00867009162902832
	dense amplitude time= 0.003819704055786133
	total non-zero amplitudes= 4900
	nsamples per process= 50
	sample time= 7.198433876037598
self.n= 1.1303404267812422
	RGN updated loss=-13.996501946081638,dloss=-1.9686051309975028e-05
update time= 0.00890970230102539
step= 12

nparam= 240
	dense amplitude time= 0.010237693786621094
	total non-zero amplitudes= 4900
	nsamples per process= 50
	sample time= 8.132639169692993
self.n= 1.1303404267812422
	collect g,h time= 9.259147644042969
E=-13.996501946081638,dE=-1.9686051309975028e-05,std=0
L=-13.996501946081638,dL=-1.9686051309975028e-05,std=0
	gnorm= 0.005190811104270766
	collect S matrix time= 0.013498783111572266
	nonzero=138,wmax=3.562455783153677,wmin=0.00383251076005905
	SR solver time= 0.003228425979614258
	collect H matrix time= 0.007656097412109375
	nonzero=138,smax=7.703567306126499,smin=0.010268877364009377
	RGN solver time= 0.0056531429290771484
	xnorm=1.2965293556999045,dnorm=0.00716222004194184
update time= 0.008666038513183594
	dense amplitude time= 0.0034198760986328125
	total non-zero amplitudes= 4900
	nsamples per process= 50
	sample time= 7.149561882019043
self.n= 1.1302461453041828
	RGN updated loss=-13.996517810965805,dloss=-1.5864884167271498e-05
update time= 0.00873255729675293
step= 13

nparam= 240
	dense amplitude time= 0.02388477325439453
	total non-zero amplitudes= 4900
	nsamples per process= 50
	sample time= 8.17427110671997
self.n= 1.1302461453041828
	collect g,h time= 9.25638484954834
E=-13.996517810965805,dE=-1.5864884167271498e-05,std=0
L=-13.996517810965805,dL=-1.5864884167271498e-05,std=0
	gnorm= 0.0048719277454136916
	collect S matrix time= 0.013491153717041016
	nonzero=138,wmax=3.5619206592908355,wmin=0.003823955713485738
	SR solver time= 0.0030126571655273438
	collect H matrix time= 0.007445096969604492
	nonzero=138,smax=7.702316285133067,smin=0.010258265012668206
	RGN solver time= 0.005388736724853516
	xnorm=1.2958762551109495,dnorm=0.007122179257583496
update time= 0.008569002151489258
	dense amplitude time= 0.003407001495361328
	total non-zero amplitudes= 4900
	nsamples per process= 50
	sample time= 7.368344068527222
self.n= 1.1302118359878448
	RGN updated loss=-13.996531307180572,dloss=-1.3496214766206549e-05
update time= 0.008593082427978516
step= 14

nparam= 240
	dense amplitude time= 0.020616531372070312
	total non-zero amplitudes= 4900
	nsamples per process= 50
	sample time= 8.345341205596924
self.n= 1.1302118359878448
	collect g,h time= 9.264997959136963
E=-13.996531307180572,dE=-1.3496214766206549e-05,std=0
L=-13.996531307180572,dL=-1.3496214766206549e-05,std=0
	gnorm= 0.0046289403563543755
	collect S matrix time= 0.012674331665039062
	nonzero=138,wmax=3.561185781366457,wmin=0.003814795334850254
	SR solver time= 0.0030014514923095703
	collect H matrix time= 0.007346630096435547
	nonzero=138,smax=7.7006604367049025,smin=0.010247784415649806
	RGN solver time= 0.005383014678955078
	xnorm=1.2950145407612998,dnorm=0.00735113644021183
update time= 0.008574962615966797
	dense amplitude time= 0.00408625602722168
	total non-zero amplitudes= 4900
	nsamples per process= 50
	sample time= 7.482691764831543
self.n= 1.130231264586038
	RGN updated loss=-13.996543423778007,dloss=-1.2116597435607446e-05
update time= 0.008714914321899414
step= 15

nparam= 240
	dense amplitude time= 0.02523660659790039
	total non-zero amplitudes= 4900
	nsamples per process= 50
	sample time= 8.369003057479858
self.n= 1.130231264586038
	collect g,h time= 9.251807451248169
E=-13.996543423778007,dE=-1.2116597435607446e-05,std=0
L=-13.996543423778007,dL=-1.2116597435607446e-05,std=0
	gnorm= 0.004448466838331027
	collect S matrix time= 0.014214515686035156
	nonzero=138,wmax=3.5602982133562184,wmin=0.0038042804784787928
	SR solver time= 0.0033321380615234375
	collect H matrix time= 0.0060939788818359375
	nonzero=138,smax=7.698635477137921,smin=0.010230529672477883
	RGN solver time= 0.0056438446044921875
	xnorm=1.293925053339406,dnorm=0.007681333269533247
update time= 0.008849620819091797
	dense amplitude time= 0.003437042236328125
	total non-zero amplitudes= 4900
	nsamples per process= 50
	sample time= 7.4571850299835205
self.n= 1.1303050003540482
	RGN updated loss=-13.996554916115867,dloss=-1.1492337860019575e-05
update time= 0.008727312088012695
step= 16

nparam= 240
	dense amplitude time= 0.003592967987060547
	total non-zero amplitudes= 4900
	nsamples per process= 50
	sample time= 8.415607929229736
self.n= 1.1303050003540482
	collect g,h time= 9.33352541923523
E=-13.996554916115867,dE=-1.1492337860019575e-05,std=0
L=-13.996554916115867,dL=-1.1492337860019575e-05,std=0
	gnorm= 0.004305958468217475
	collect S matrix time= 0.014480352401733398
	nonzero=138,wmax=3.5592713040818023,wmin=0.0037927725599056616
	SR solver time= 0.003018617630004883
	collect H matrix time= 0.007923364639282227
	nonzero=138,smax=7.696292258792823,smin=0.010212875350113266
	RGN solver time= 0.005349397659301758
	xnorm=1.292694010482405,dnorm=0.008294692856286447
update time= 0.008588552474975586
	dense amplitude time= 0.0041162967681884766
	total non-zero amplitudes= 4900
	nsamples per process= 50
	sample time= 7.396737813949585
self.n= 1.1304192517799176
	RGN updated loss=-13.996566427286691,dloss=-1.1511170823652606e-05
update time= 0.00863790512084961
step= 17

nparam= 240
	dense amplitude time= 0.006733417510986328
	total non-zero amplitudes= 4900
	nsamples per process= 50
	sample time= 8.39070987701416
self.n= 1.1304192517799176
	collect g,h time= 9.311801671981812
E=-13.996566427286691,dE=-1.1511170823652606e-05,std=0
L=-13.996566427286691,dL=-1.1511170823652606e-05,std=0
	gnorm= 0.004193847282230358
	collect S matrix time= 0.013501405715942383
	nonzero=138,wmax=3.558103150957455,wmin=0.0037788349096921437
	SR solver time= 0.0029993057250976562
	collect H matrix time= 0.008049964904785156
	nonzero=138,smax=7.693584550461123,smin=0.010189713165460575
	RGN solver time= 0.00532841682434082
	xnorm=1.2912130406045264,dnorm=0.00916851106063258
update time= 0.00865316390991211
	dense amplitude time= 0.00450587272644043
	total non-zero amplitudes= 4900
	nsamples per process= 50
	sample time= 7.404723405838013
self.n= 1.130581996373953
	RGN updated loss=-13.996578616789174,dloss=-1.2189502482939929e-05
update time= 0.008659124374389648
step= 18

nparam= 240
	dense amplitude time= 0.022249460220336914
	total non-zero amplitudes= 4900
	nsamples per process= 50
	sample time= 7.443118095397949
self.n= 1.130581996373953
	collect g,h time= 8.381404399871826
E=-13.996578616789174,dE=-1.2189502482939929e-05,std=0
L=-13.996578616789174,dL=-1.2189502482939929e-05,std=0
	gnorm= 0.004102960714266587
	collect S matrix time= 0.01286768913269043
	nonzero=138,wmax=3.5567635625342664,wmin=0.00376199828069972
	SR solver time= 0.003002166748046875
	collect H matrix time= 0.007972240447998047
	nonzero=138,smax=7.6904436122663125,smin=0.01016000103613364
	RGN solver time= 0.005357027053833008
	xnorm=1.2894310030015268,dnorm=0.010379646531501497
update time= 0.00857400894165039
	dense amplitude time= 0.004203081130981445
	total non-zero amplitudes= 4900
	nsamples per process= 50
	sample time= 7.514623641967773
self.n= 1.1307933116951872
	RGN updated loss=-13.996592268387955,dloss=-1.3651598781194707e-05
update time= 0.008707523345947266
step= 19

nparam= 240
	dense amplitude time= 0.011774063110351562
	total non-zero amplitudes= 4900
	nsamples per process= 50
	sample time= 8.3341805934906
self.n= 1.1307933116951872
	collect g,h time= 9.214612245559692
E=-13.996592268387955,dE=-1.3651598781194707e-05,std=0
L=-13.996592268387955,dL=-1.3651598781194707e-05,std=0
	gnorm= 0.004027017695750911
	collect S matrix time= 0.012940168380737305
	nonzero=138,wmax=3.5552140262551695,wmin=0.0037413118143689904
	SR solver time= 0.003003835678100586
	collect H matrix time= 0.00798797607421875
	nonzero=138,smax=7.686773032615379,smin=0.01012150749212186
	RGN solver time= 0.005394458770751953
	xnorm=1.2872766490539693,dnorm=0.012059266011016865
update time= 0.008523702621459961
	dense amplitude time= 0.0036008358001708984
	total non-zero amplitudes= 4900
	nsamples per process= 50
	sample time= 7.247454404830933
self.n= 1.1310517167640624
	RGN updated loss=-13.996608460041758,dloss=-1.6191653802621886e-05
update time= 0.008713722229003906
step= 20

nparam= 240
	dense amplitude time= 0.026403188705444336
	total non-zero amplitudes= 4900
	nsamples per process= 50
	sample time= 8.282223224639893
self.n= 1.1310517167640624
	collect g,h time= 9.269964456558228
E=-13.996608460041758,dE=-1.6191653802621886e-05,std=0
L=-13.996608460041758,dL=-1.6191653802621886e-05,std=0
	gnorm= 0.00396213878188721
	collect S matrix time= 0.01267862319946289
	nonzero=138,wmax=3.553400526415225,wmin=0.0037154870939041327
	SR solver time= 0.003011941909790039
	collect H matrix time= 0.007597923278808594
	nonzero=139,smax=7.682432084432532,smin=0.007760288948234413
	RGN solver time= 0.005353450775146484
	xnorm=1.2846539542389286,dnorm=0.07760732101992095
update time= 0.008599519729614258
	dense amplitude time= 0.0037870407104492188
	total non-zero amplitudes= 4900
	nsamples per process= 50
	sample time= 6.877305507659912
self.n= 1.1313779409624272
	RGN updated loss=-13.996688418389887,dloss=-7.995834812923874e-05
update time= 0.008896350860595703
step= 21

nparam= 240
	dense amplitude time= 0.06208157539367676
	total non-zero amplitudes= 4900
	nsamples per process= 50
	sample time= 7.422865867614746
self.n= 1.1313779409624272
	collect g,h time= 8.801797866821289
E=-13.996688418389887,dE=-7.995834812923874e-05,std=0
L=-13.996688418389887,dL=-7.995834812923874e-05,std=0
	gnorm= 0.003929603190050332
	collect S matrix time= 0.012845277786254883
	nonzero=138,wmax=3.549969169098945,wmin=0.0036840888296004798
	SR solver time= 0.0032258033752441406
	collect H matrix time= 0.007575273513793945
	nonzero=139,smax=7.674684749626885,smin=0.007827673027488047
	RGN solver time= 0.005693197250366211
	xnorm=1.2774508340149857,dnorm=0.02276378995842693
update time= 0.00858926773071289
	dense amplitude time= 0.004084587097167969
	total non-zero amplitudes= 4900
	nsamples per process= 50
	sample time= 6.30228853225708
self.n= 1.131478222861813
	RGN updated loss=-13.99672325418683,dloss=-3.4835796942189745e-05
update time= 0.008646011352539062
step= 22

nparam= 240
	dense amplitude time= 0.034302473068237305
	total non-zero amplitudes= 4900
	nsamples per process= 50
	sample time= 7.188257932662964
self.n= 1.131478222861813
	collect g,h time= 9.266353368759155
E=-13.99672325418683,dE=-3.4835796942189745e-05,std=0
L=-13.99672325418683,dL=-3.4835796942189745e-05,std=0
	gnorm= 0.00385073684133509
	collect S matrix time= 0.013010263442993164
	nonzero=138,wmax=3.5474841035239453,wmin=0.0036393455758803395
	SR solver time= 0.003011465072631836
	collect H matrix time= 0.007912635803222656
	nonzero=139,smax=7.6685542936525435,smin=0.007895746725522613
	RGN solver time= 0.005355358123779297
	xnorm=1.2721434328501402,dnorm=0.030458891436418806
update time= 0.008531332015991211
	dense amplitude time= 0.0039103031158447266
	total non-zero amplitudes= 4900
	nsamples per process= 50
	sample time= 7.031166315078735
self.n= 1.1315489749997312
	RGN updated loss=-13.996772221469115,dloss=-4.8967282285872216e-05
update time= 0.008755207061767578
step= 23

nparam= 240
	dense amplitude time= 0.01617717742919922
	total non-zero amplitudes= 4900
	nsamples per process= 50
	sample time= 8.06843113899231
self.n= 1.1315489749997312
	collect g,h time= 9.108097314834595
E=-13.996772221469115,dE=-4.8967282285872216e-05,std=0
L=-13.996772221469115,dL=-4.8967282285872216e-05,std=0
	gnorm= 0.0038424003119426784
	collect S matrix time= 0.010509729385375977
	nonzero=138,wmax=3.54423197279471,wmin=0.0035958985467543472
	SR solver time= 0.0030057430267333984
	collect H matrix time= 0.0058023929595947266
	nonzero=139,smax=7.660074062723972,smin=0.007962308122167276
	RGN solver time= 0.0053708553314208984
	xnorm=1.2668069159859368,dnorm=0.03410263615154485
update time= 0.00859832763671875
	dense amplitude time= 0.0030930042266845703
	total non-zero amplitudes= 4900
	nsamples per process= 50
	sample time= 6.258749008178711
self.n= 1.131315359833103
	RGN updated loss=-13.996844770246167,dloss=-7.254877705165086e-05
update time= 0.008687973022460938
step= 24

nparam= 240
	dense amplitude time= 0.01833796501159668
	total non-zero amplitudes= 4900
	nsamples per process= 50
	sample time= 8.082828998565674
self.n= 1.131315359833103
	collect g,h time= 9.274385929107666
E=-13.996844770246167,dE=-7.254877705165086e-05,std=0
L=-13.996844770246167,dL=-7.254877705165086e-05,std=0
	gnorm= 0.003915772859260253
	collect S matrix time= 0.012476205825805664
	nonzero=138,wmax=3.540214070338291,wmin=0.0035447343382138045
	SR solver time= 0.003023862838745117
	collect H matrix time= 0.007946014404296875
	nonzero=139,smax=7.649228203647857,smin=0.0079691886108671
	RGN solver time= 0.005379915237426758
	xnorm=1.2605341174579214,dnorm=0.04338725954130388
update time= 0.008574724197387695
	dense amplitude time= 0.0036072731018066406
	total non-zero amplitudes= 4900
	nsamples per process= 50
	sample time= 6.900842189788818
self.n= 1.1302185419730628
	RGN updated loss=-13.996959366065035,dloss=-0.00011459581886796855
update time= 0.008681774139404297
step= 25

nparam= 240
	dense amplitude time= 0.023790836334228516
	total non-zero amplitudes= 4900
	nsamples per process= 50
	sample time= 7.886120080947876
self.n= 1.1302185419730628
	collect g,h time= 9.261342287063599
E=-13.996959366065035,dE=-0.00011459581886796855,std=0
L=-13.996959366065035,dL=-0.00011459581886796855,std=0
	gnorm= 0.004150567625631835
	collect S matrix time= 0.013030767440795898
	nonzero=137,wmax=3.5357837531175025,wmin=0.004943699775292617
	SR solver time= 0.0029883384704589844
	collect H matrix time= 0.007965087890625
	nonzero=139,smax=7.635870305862555,smin=0.007836652802911879
	RGN solver time= 0.005430698394775391
	xnorm=1.2540358058718017,dnorm=0.05196566432560562
update time= 0.008559703826904297
	dense amplitude time= 0.003426790237426758
	total non-zero amplitudes= 4900
	nsamples per process= 50
	sample time= 7.231616973876953
self.n= 1.1276205414562874
	RGN updated loss=-13.997132222414496,dloss=-0.00017285634946162531
update time= 0.008677959442138672
step= 26

nparam= 240
	dense amplitude time= 0.013067960739135742
	total non-zero amplitudes= 4900
	nsamples per process= 50
	sample time= 7.309311866760254
self.n= 1.1276205414562874
	collect g,h time= 8.316638708114624
E=-13.997132222414496,dE=-0.00017285634946162531,std=0
L=-13.997132222414496,dL=-0.00017285634946162531,std=0
	gnorm= 0.0046173157859873675
	collect S matrix time= 0.01228475570678711
	nonzero=137,wmax=3.5316779013925332,wmin=0.0047260746775714445
	SR solver time= 0.0030159950256347656
	collect H matrix time= 0.00794219970703125
	nonzero=138,smax=7.620565261305011,smin=0.009823973506187732
	RGN solver time= 0.005338430404663086
	xnorm=1.2485778518237403,dnorm=0.05706322954073891
update time= 0.008577346801757812
	dense amplitude time= 0.0036690235137939453
	total non-zero amplitudes= 4900
	nsamples per process= 50
	sample time= 7.354016304016113
self.n= 1.1227989371872815
	RGN updated loss=-13.997365966181013,dloss=-0.0002337437665165254
update time= 0.008971452713012695
step= 27

nparam= 240
	dense amplitude time= 0.022483348846435547
	total non-zero amplitudes= 4900
	nsamples per process= 50
	sample time= 8.388022661209106
self.n= 1.1227989371872815
	collect g,h time= 9.287566661834717
E=-13.997365966181013,dE=-0.0002337437665165254,std=0
L=-13.997365966181013,dL=-0.0002337437665165254,std=0
	gnorm= 0.005274741738092692
	collect S matrix time= 0.016567707061767578
	nonzero=137,wmax=3.529289379838127,wmin=0.004445188310397318
	SR solver time= 0.003295421600341797
	collect H matrix time= 0.00420832633972168
	nonzero=138,smax=7.605057618927435,smin=0.010000095813720553
	RGN solver time= 0.005640268325805664
	xnorm=1.2464976379799186,dnorm=0.0637147318984773
update time= 0.008814096450805664
	dense amplitude time= 0.0038192272186279297
	total non-zero amplitudes= 4900
	nsamples per process= 50
	sample time= 7.334697723388672
self.n= 1.1162074927363697
	RGN updated loss=-13.997663819076067,dloss=-0.0002978528950539072
update time= 0.009348154067993164
step= 28

nparam= 240
	dense amplitude time= 0.02276754379272461
	total non-zero amplitudes= 4900
	nsamples per process= 50
	sample time= 8.38437008857727
self.n= 1.1162074927363697
	collect g,h time= 9.243679761886597
E=-13.997663819076067,dE=-0.0002978528950539072,std=0
L=-13.997663819076067,dL=-0.0002978528950539072,std=0
	gnorm= 0.006138396096282728
	collect S matrix time= 0.012367725372314453
	nonzero=137,wmax=3.528681365579541,wmin=0.004135022859011059
	SR solver time= 0.0031557083129882812
	collect H matrix time= 0.007769346237182617
	nonzero=139,smax=7.5894927376624,smin=0.007707935619121331
	RGN solver time= 0.0055582523345947266
	xnorm=1.247856597266852,dnorm=0.4459941584238095
update time= 0.008790254592895508
	dense amplitude time= 0.003990650177001953
	total non-zero amplitudes= 4900
	nsamples per process= 50
	sample time= 6.520399570465088
self.n= 1.0792562778889851
	RGN updated loss=-14.001061296346146,dloss=-0.003397477270079108
update time= 0.008662700653076172
step= 29

nparam= 240
	dense amplitude time= 0.0295560359954834
	total non-zero amplitudes= 4900
	nsamples per process= 50
	sample time= 8.473243474960327
self.n= 1.0792562778889851
	collect g,h time= 9.23557710647583
E=-14.001061296346146,dE=-0.003397477270079108,std=0
L=-14.001061296346146,dL=-0.003397477270079108,std=0
	gnorm= 0.014395383664027405
	collect S matrix time= 0.01320958137512207
	nonzero=137,wmax=3.4864889939904335,wmin=0.0036651861854566843
	SR solver time= 0.0030052661895751953
	collect H matrix time= 0.00767064094543457
	nonzero=137,smax=7.4911178107450835,smin=0.011995859705516513
	RGN solver time= 0.005442380905151367
	xnorm=1.25213627863605,dnorm=0.10466682051912433
update time= 0.00865936279296875
	dense amplitude time= 0.003906965255737305
	total non-zero amplitudes= 4900
	nsamples per process= 50
	sample time= 7.43341064453125
self.n= 1.0461179640281348
	RGN updated loss=-14.00235959047048,dloss=-0.0012982941243340207
update time= 0.009048938751220703
step= 30

nparam= 240
	dense amplitude time= 0.011363506317138672
	total non-zero amplitudes= 4900
	nsamples per process= 50
	sample time= 8.180373668670654
self.n= 1.0461179640281348
	collect g,h time= 9.298541784286499
E=-14.00235959047048,dE=-0.0012982941243340207,std=0
L=-14.00235959047048,dL=-0.0012982941243340207,std=0
	gnorm= 0.009685765362681656
	collect S matrix time= 0.01333928108215332
	nonzero=136,wmax=3.510005087726783,wmin=0.003971757463297505
	SR solver time= 0.003010988235473633
	collect H matrix time= 0.00698399543762207
	nonzero=137,smax=7.518612809349211,smin=0.010631342083073996
	RGN solver time= 0.0053691864013671875
	xnorm=1.2555593778596672,dnorm=0.046919301074725125
update time= 0.008681774139404297
	dense amplitude time= 0.003994941711425781
	total non-zero amplitudes= 4900
	nsamples per process= 50
	sample time= 7.182275772094727
self.n= 1.0285245692015752
	RGN updated loss=-14.002733319358025,dloss=-0.0003737288875456102
update time= 0.008643627166748047
step= 31

nparam= 240
	dense amplitude time= 0.0035436153411865234
	total non-zero amplitudes= 4900
	nsamples per process= 50
	sample time= 7.704447984695435
self.n= 1.0285245692015752
	collect g,h time= 8.501725435256958
E=-14.002733319358025,dE=-0.0003737288875456102,std=0
L=-14.002733319358025,dL=-0.0003737288875456102,std=0
	gnorm= 0.006572559889293445
	collect S matrix time= 0.010829687118530273
	nonzero=136,wmax=3.5244568324029797,wmin=0.0041091243330682635
	SR solver time= 0.0032148361206054688
	collect H matrix time= 0.005281925201416016
	nonzero=137,smax=7.52950133977833,smin=0.010701837295747234
	RGN solver time= 0.005715847015380859
	xnorm=1.2565189655702333,dnorm=0.024142538477756874
update time= 0.009105205535888672
	dense amplitude time= 0.00458216667175293
	total non-zero amplitudes= 4900
	nsamples per process= 50
	sample time= 7.096175670623779
self.n= 1.018991369541754
	RGN updated loss=-14.002859278253203,dloss=-0.00012595889517719172
update time= 0.008655309677124023
step= 32

nparam= 240
	dense amplitude time= 0.02014899253845215
	total non-zero amplitudes= 4900
	nsamples per process= 50
	sample time= 8.17286729812622
self.n= 1.018991369541754
	collect g,h time= 9.252075910568237
E=-14.002859278253203,dE=-0.00012595889517719172,std=0
L=-14.002859278253203,dL=-0.00012595889517719172,std=0
	gnorm= 0.0044384246460528855
	collect S matrix time= 0.011931419372558594
	nonzero=136,wmax=3.5339492951272495,wmin=0.004212584298826907
	SR solver time= 0.0032072067260742188
	collect H matrix time= 0.007693767547607422
	nonzero=137,smax=7.535639925807681,smin=0.01104322541725317
	RGN solver time= 0.005690097808837891
	xnorm=1.2568377979833636,dnorm=0.013133355577010574
update time= 0.008995294570922852
	dense amplitude time= 0.003973245620727539
	total non-zero amplitudes= 4900
	nsamples per process= 50
	sample time= 7.196150064468384
self.n= 1.0136467078841647
	RGN updated loss=-14.002905897836474,dloss=-4.661958327112359e-05
update time= 0.008696556091308594
step= 33

nparam= 240
	dense amplitude time= 0.024049043655395508
	total non-zero amplitudes= 4900
	nsamples per process= 50
	sample time= 8.218884944915771
self.n= 1.0136467078841647
	collect g,h time= 9.261646747589111
E=-14.002905897836474,dE=-4.661958327112359e-05,std=0
L=-14.002905897836474,dL=-4.661958327112359e-05,std=0
	gnorm= 0.002998070212307898
	collect S matrix time= 0.014242887496948242
	nonzero=136,wmax=3.540253034690997,wmin=0.004282541356932896
	SR solver time= 0.0030164718627929688
	collect H matrix time= 0.00697779655456543
	nonzero=137,smax=7.53953513871003,smin=0.011320327867362909
	RGN solver time= 0.0053920745849609375
	xnorm=1.2569087038283968,dnorm=0.007507989002229703
update time= 0.00872659683227539
	dense amplitude time= 0.004032611846923828
	total non-zero amplitudes= 4900
	nsamples per process= 50
	sample time= 7.1796159744262695
self.n= 1.0105448214246633
	RGN updated loss=-14.002924060555298,dloss=-1.8162718824044077e-05
update time= 0.008611202239990234
step= 34

nparam= 240
	dense amplitude time= 0.040812015533447266
	total non-zero amplitudes= 4900
	nsamples per process= 50
	sample time= 7.4891321659088135
self.n= 1.0105448214246633
	collect g,h time= 8.504209280014038
E=-14.002924060555298,dE=-1.8162718824044077e-05,std=0
L=-14.002924060555298,dL=-1.8162718824044077e-05,std=0
	gnorm= 0.0020421251320089447
	collect S matrix time= 0.013584136962890625
	nonzero=136,wmax=3.54440166700401,wmin=0.004329095886456506
	SR solver time= 0.003255605697631836
	collect H matrix time= 0.006150245666503906
	nonzero=137,smax=7.542054964895707,smin=0.01150767656441724
	RGN solver time= 0.005846261978149414
	xnorm=1.25691112295519,dnorm=0.004440351534392093
update time= 0.00887918472290039
	dense amplitude time= 0.005174398422241211
	total non-zero amplitudes= 4900
	nsamples per process= 50
	sample time= 7.233065366744995
self.n= 1.0086978358262104
	RGN updated loss=-14.00293137176504,dloss=-7.311209742510982e-06
update time= 0.008693218231201172
step= 35

nparam= 240
	dense amplitude time= 0.007621049880981445
	total non-zero amplitudes= 4900
	nsamples per process= 50
	sample time= 8.258666515350342
self.n= 1.0086978358262104
	collect g,h time= 9.243184328079224
E=-14.00293137176504,dE=-7.311209742510982e-06,std=0
L=-14.00293137176504,dL=-7.311209742510982e-06,std=0
	gnorm= 0.001418708219736449
	collect S matrix time= 0.012677431106567383
	nonzero=136,wmax=3.547108415618483,wmin=0.004359817703994061
	SR solver time= 0.0030193328857421875
	collect H matrix time= 0.006546974182128906
	nonzero=137,smax=7.5436790777076945,smin=0.011629299409585124
	RGN solver time= 0.005458354949951172
	xnorm=1.2568991209015048,dnorm=0.002690831108205097
update time= 0.008645057678222656
	dense amplitude time= 0.003610372543334961
	total non-zero amplitudes= 4900
	nsamples per process= 50
	sample time= 7.086772203445435
self.n= 1.0075766581807335
	RGN updated loss=-14.002934387347729,dloss=-3.0155826884481485e-06
update time= 0.008718013763427734
step= 36

nparam= 240
	dense amplitude time= 0.06941032409667969
	total non-zero amplitudes= 4900
	nsamples per process= 50
	sample time= 8.044677495956421
self.n= 1.0075766581807335
	collect g,h time= 9.311675310134888
E=-14.002934387347729,dE=-3.0155826884481485e-06,std=0
L=-14.002934387347729,dL=-3.0155826884481485e-06,std=0
	gnorm= 0.0010221335540767389
	collect S matrix time= 0.023079872131347656
	nonzero=137,wmax=3.548864453610677,wmin=0.0035564505498901005
	SR solver time= 0.003363370895385742
	collect H matrix time= 0.0063436031341552734
	nonzero=137,smax=7.544720317810657,smin=0.011707547550258197
	RGN solver time= 0.005747079849243164
	xnorm=1.2568874319088585,dnorm=0.001660882565078361
update time= 0.008861780166625977
	dense amplitude time= 0.0034110546112060547
	total non-zero amplitudes= 4900
	nsamples per process= 50
	sample time= 6.212700843811035
self.n= 1.006886024891215
	RGN updated loss=-14.002935657300064,dloss=-1.269952335292146e-06
update time= 0.008715629577636719
step= 37

nparam= 240
	dense amplitude time= 0.05434679985046387
	total non-zero amplitudes= 4900
	nsamples per process= 50
	sample time= 8.06860065460205
self.n= 1.006886024891215
	collect g,h time= 9.274187564849854
E=-14.002935657300064,dE=-1.269952335292146e-06,std=0
L=-14.002935657300064,dL=-1.269952335292146e-06,std=0
	gnorm= 0.0007793409151564258
	collect S matrix time= 0.013843059539794922
	nonzero=137,wmax=3.5500002527358836,wmin=0.003572239528397825
	SR solver time= 0.002997159957885742
	collect H matrix time= 0.006297111511230469
	nonzero=137,smax=7.545385982200287,smin=0.011757862341432218
	RGN solver time= 0.0054471492767333984
	xnorm=1.256878906846657,dnorm=0.0010400597401703138
update time= 0.00856924057006836
	dense amplitude time= 0.003987550735473633
	total non-zero amplitudes= 4900
	nsamples per process= 50
	sample time= 7.118833780288696
self.n= 1.006455805329379
	RGN updated loss=-14.002936202984781,dloss=-5.456847169682533e-07
update time= 0.008718013763427734
step= 38

nparam= 240
	dense amplitude time= 0.02472972869873047
	total non-zero amplitudes= 4900
	nsamples per process= 50
	sample time= 8.080538988113403
self.n= 1.006455805329379
	collect g,h time= 9.220868825912476
E=-14.002936202984781,dE=-5.456847169682533e-07,std=0
L=-14.002936202984781,dL=-5.456847169682533e-07,std=0
	gnorm= 0.0006381962098134536
	collect S matrix time= 0.013359308242797852
	nonzero=137,wmax=3.5507339478910707,wmin=0.0035823749509930505
	SR solver time= 0.0030083656311035156
	collect H matrix time= 0.007666587829589844
	nonzero=137,smax=7.545811339286615,smin=0.011790269418151957
	RGN solver time= 0.005417823791503906
	xnorm=1.256873261134023,dnorm=0.0006589745603355989
update time= 0.0085601806640625
	dense amplitude time= 0.0036666393280029297
	total non-zero amplitudes= 4900
	nsamples per process= 50
	sample time= 7.206381559371948
self.n= 1.006185485843389
	RGN updated loss=-14.002936442598946,dloss=-2.3961416495410504e-07
update time= 0.008689641952514648
step= 39

nparam= 240
	dense amplitude time= 0.014539480209350586
	total non-zero amplitudes= 4900
	nsamples per process= 50
	sample time= 7.122792720794678
self.n= 1.006185485843389
	collect g,h time= 8.330854415893555
E=-14.002936442598946,dE=-2.3961416495410504e-07,std=0
L=-14.002936442598946,dL=-2.3961416495410504e-07,std=0
	gnorm= 0.0005604596810274828
	collect S matrix time= 0.013317584991455078
	nonzero=137,wmax=3.5512077862081854,wmin=0.003588894849542048
	SR solver time= 0.0030090808868408203
	collect H matrix time= 0.007709980010986328
	nonzero=137,smax=7.546083425803194,smin=0.011811183357620741
	RGN solver time= 0.005378007888793945
	xnorm=1.2568696757886093,dnorm=0.0004216917461598204
update time= 0.008604764938354492
	dense amplitude time= 0.004000663757324219
	total non-zero amplitudes= 4900
	nsamples per process= 50
	sample time= 7.062361240386963
self.n= 1.0060145058842545
	RGN updated loss=-14.002936550487295,dloss=-1.0788834892139221e-07
update time= 0.008650541305541992
step= 40

nparam= 240
	dense amplitude time= 0.015731334686279297
	total non-zero amplitudes= 4900
	nsamples per process= 50
	sample time= 7.998478412628174
self.n= 1.0060145058842545
	collect g,h time= 9.249651908874512
E=-14.002936550487295,dE=-1.0788834892139221e-07,std=0
L=-14.002936550487295,dL=-1.0788834892139221e-07,std=0
	gnorm= 0.0005192919926892196
	collect S matrix time= 0.011894464492797852
	nonzero=137,wmax=3.5515139006920613,wmin=0.003593097076812913
	SR solver time= 0.0030853748321533203
	collect H matrix time= 0.007956743240356445
	nonzero=137,smax=7.546257792191747,smin=0.011824703574337788
	RGN solver time= 0.005580425262451172
	xnorm=1.2568674477109683,dnorm=0.00027227696943578057
update time= 0.008862733840942383
	dense amplitude time= 0.003823518753051758
	total non-zero amplitudes= 4900
	nsamples per process= 50
	sample time= 7.103232145309448
self.n= 1.0059058088166797
	RGN updated loss=-14.002936600534401,dloss=-5.004710601497209e-08
update time= 0.008662223815917969
step= 41

nparam= 240
	dense amplitude time= 0.018686294555664062
	total non-zero amplitudes= 4900
	nsamples per process= 50
	sample time= 8.095355749130249
self.n= 1.0059058088166797
	collect g,h time= 9.215360164642334
E=-14.002936600534401,dE=-5.004710601497209e-08,std=0
L=-14.002936600534401,dL=-5.004710601497209e-08,std=0
	gnorm= 0.0004978073664703233
	collect S matrix time= 0.01422739028930664
	nonzero=137,wmax=3.55171176977396,wmin=0.003595809868090698
	SR solver time= 0.002995729446411133
	collect H matrix time= 0.00684046745300293
	nonzero=137,smax=7.546369777248954,smin=0.011833456179589022
	RGN solver time= 0.0054399967193603516
	xnorm=1.2568660835116963,dnorm=0.00017734801872184867
update time= 0.008599519729614258
	dense amplitude time= 0.004139423370361328
	total non-zero amplitudes= 4900
	nsamples per process= 50
	sample time= 6.201950311660767
self.n= 1.0058364415147962
	RGN updated loss=-14.002936624576645,dloss=-2.4042243751409842e-08
update time= 0.008678436279296875
step= 42

nparam= 240
	dense amplitude time= 0.028720855712890625
	total non-zero amplitudes= 4900
	nsamples per process= 50
	sample time= 8.017319917678833
self.n= 1.0058364415147962
	collect g,h time= 9.257476568222046
E=-14.002936624576645,dE=-2.4042243751409842e-08,std=0
L=-14.002936624576645,dL=-2.4042243751409842e-08,std=0
	gnorm= 0.00048650558159049926
	collect S matrix time= 0.012626171112060547
	nonzero=137,wmax=3.551839745999128,wmin=0.003597563372787922
	SR solver time= 0.003100156784057617
	collect H matrix time= 0.00795435905456543
	nonzero=137,smax=7.546441857309054,smin=0.01183912850589082
	RGN solver time= 0.005569934844970703
	xnorm=1.2568652604728963,dnorm=0.00011659887019797645
update time= 0.008946418762207031
	dense amplitude time= 0.0037674903869628906
	total non-zero amplitudes= 4900
	nsamples per process= 50
	sample time= 7.084315538406372
self.n= 1.0057920486876533
	RGN updated loss=-14.002936636590166,dloss=-1.2013520844789127e-08
update time= 0.00863504409790039
step= 43

nparam= 240
	dense amplitude time= 0.013928413391113281
	total non-zero amplitudes= 4900
	nsamples per process= 50
	sample time= 7.988266706466675
self.n= 1.0057920486876533
	collect g,h time= 9.258642435073853
E=-14.002936636590166,dE=-1.2013520844789127e-08,std=0
L=-14.002936636590166,dL=-1.2013520844789127e-08,std=0
	gnorm= 0.00048042392313521763
	collect S matrix time= 0.01181173324584961
	nonzero=137,wmax=3.551922560146609,wmin=0.0035986979184449443
	SR solver time= 0.003123760223388672
	collect H matrix time= 0.007877111434936523
	nonzero=137,smax=7.5464883494253865,smin=0.011842807609301849
	RGN solver time= 0.005549192428588867
	xnorm=1.2568647733377227,dnorm=7.748397068285617e-05
update time= 0.008977651596069336
	dense amplitude time= 0.003565073013305664
	total non-zero amplitudes= 4900
	nsamples per process= 50
	sample time= 7.105818271636963
self.n= 1.0057635833330938
	RGN updated loss=-14.002936642848505,dloss=-6.258339624309883e-09
update time= 0.008614540100097656
step= 44

nparam= 240
	dense amplitude time= 0.011428356170654297
	total non-zero amplitudes= 4900
	nsamples per process= 50
	sample time= 7.347079515457153
self.n= 1.0057635833330938
	collect g,h time= 8.350437641143799
E=-14.002936642848505,dE=-6.258339624309883e-09,std=0
L=-14.002936642848505,dL=-6.258339624309883e-09,std=0
	gnorm= 0.0004770534740044243
	collect S matrix time= 0.011961936950683594
	nonzero=137,wmax=3.551976169443448,wmin=0.0035994325146270394
	SR solver time= 0.003003358840942383
	collect H matrix time= 0.007311820983886719
	nonzero=137,smax=7.5465183946382135,smin=0.011845195349937939
	RGN solver time= 0.005429983139038086
	xnorm=1.2568644930537383,dnorm=5.2154140041047215e-05
update time= 0.008704900741577148
	dense amplitude time= 0.0037775039672851562
	total non-zero amplitudes= 4900
	nsamples per process= 50
	sample time= 7.150084733963013
self.n= 1.0057453092231574
	RGN updated loss=-14.002936646245177,dloss=-3.3966713886002253e-09
update time= 0.008625268936157227
step= 45

nparam= 240
	dense amplitude time= 0.0059053897857666016
	total non-zero amplitudes= 4900
	nsamples per process= 50
	sample time= 8.033821821212769
self.n= 1.0057453092231574
	collect g,h time= 9.233640670776367
E=-14.002936646245177,dE=-3.3966713886002253e-09,std=0
L=-14.002936646245177,dL=-3.3966713886002253e-09,std=0
	gnorm= 0.0004751283091790346
	collect S matrix time= 0.013884782791137695
	nonzero=137,wmax=3.5520108793525433,wmin=0.00359990838263016
	SR solver time= 0.002983570098876953
	collect H matrix time= 0.006101846694946289
	nonzero=137,smax=7.546537844579795,smin=0.01184674566340689
	RGN solver time= 0.005404949188232422
	xnorm=1.2568643389135166,dnorm=3.564911647718665e-05
update time= 0.00860595703125
	dense amplitude time= 0.003582477569580078
	total non-zero amplitudes= 4900
	nsamples per process= 50
	sample time= 7.109744310379028
self.n= 1.005733571927583
	RGN updated loss=-14.002936648159015,dloss=-1.913837976985633e-09
update time= 0.009155035018920898
step= 46

nparam= 240
	dense amplitude time= 0.04268455505371094
	total non-zero amplitudes= 4900
	nsamples per process= 50
	sample time= 7.995137929916382
self.n= 1.005733571927583
	collect g,h time= 9.252526044845581
E=-14.002936648159015,dE=-1.913837976985633e-09,std=0
L=-14.002936648159015,dL=-1.913837976985633e-09,std=0
	gnorm= 0.00047399831703330146
	collect S matrix time= 0.014011383056640625
	nonzero=137,wmax=3.5520333516912492,wmin=0.003600216731417318
	SR solver time= 0.003035306930541992
	collect H matrix time= 0.00832819938659668
	nonzero=137,smax=7.546550454954979,smin=0.011847752530123806
	RGN solver time= 0.005407094955444336
	xnorm=1.2568642606373925,dnorm=2.4810492156497262e-05
update time= 0.008595705032348633
	dense amplitude time= 0.004060506820678711
	total non-zero amplitudes= 4900
	nsamples per process= 50
	sample time= 6.829824209213257
self.n= 1.0057260345959618
	RGN updated loss=-14.002936649272266,dloss=-1.113251713036334e-09
update time= 0.008939981460571289
step= 47

nparam= 240
	dense amplitude time= 0.015282392501831055
	total non-zero amplitudes= 4900
	nsamples per process= 50
	sample time= 7.704778432846069
self.n= 1.0057260345959618
	collect g,h time= 8.874267578125
E=-14.002936649272266,dE=-1.113251713036334e-09,std=0
L=-14.002936649272266,dL=-1.113251713036334e-09,std=0
	gnorm= 0.00047331992904302284
	collect S matrix time= 0.01216888427734375
	nonzero=137,wmax=3.552047896752613,wmin=0.0036004165449765578
	SR solver time= 0.0030777454376220703
	collect H matrix time= 0.008288383483886719
	nonzero=137,smax=7.5465586421404,smin=0.011848406537845836
	RGN solver time= 0.005491495132446289
	xnorm=1.2568642270475159,dnorm=1.7617287772024882e-05
update time= 0.008602380752563477
	dense amplitude time= 0.0035703182220458984
	total non-zero amplitudes= 4900
	nsamples per process= 50
	sample time= 7.049619197845459
self.n= 1.0057211986299104
	RGN updated loss=-14.002936649936556,dloss=-6.642899563757965e-10
update time= 0.008872032165527344
step= 48

nparam= 240
	dense amplitude time= 0.0042724609375
	total non-zero amplitudes= 4900
	nsamples per process= 50
	sample time= 8.083662986755371
self.n= 1.0057211986299104
	collect g,h time= 9.227280378341675
E=-14.002936649936556,dE=-6.642899563757965e-10,std=0
L=-14.002936649936556,dL=-6.642899563757965e-10,std=0
	gnorm= 0.0004729054366593486
	collect S matrix time= 0.012796163558959961
	nonzero=137,wmax=3.5520573055096314,wmin=0.003600546006702155
	SR solver time= 0.0032503604888916016
	collect H matrix time= 0.006863832473754883
	nonzero=137,smax=7.546563964226978,smin=0.011848831345334914
	RGN solver time= 0.005675792694091797
	xnorm=1.2568642189439567,dnorm=1.2774046861322948e-05
update time= 0.00862264633178711
	dense amplitude time= 0.0039806365966796875
	total non-zero amplitudes= 4900
	nsamples per process= 50
	sample time= 7.058773517608643
self.n= 1.0057181009393343
	RGN updated loss=-14.002936650340725,dloss=-4.041691425982208e-10
update time= 0.00859212875366211
step= 49

nparam= 240
	dense amplitude time= 0.026257753372192383
	total non-zero amplitudes= 4900
	nsamples per process= 50
	sample time= 7.948218584060669
self.n= 1.0057181009393343
	collect g,h time= 8.856740951538086
E=-14.002936650340725,dE=-4.041691425982208e-10,std=0
L=-14.002936650340725,dL=-4.041691425982208e-10,std=0
	gnorm= 0.00047264883735856605
	collect S matrix time= 0.010854959487915039
	nonzero=137,wmax=3.5520633862624154,wmin=0.003600629854461802
	SR solver time= 0.0030443668365478516
	collect H matrix time= 0.003643035888671875
	nonzero=137,smax=7.546567427833803,smin=0.011849107236745829
	RGN solver time= 0.005460500717163086
	xnorm=1.25686422462565,dnorm=9.451689297049546e-06
update time= 0.00852346420288086
	dense amplitude time= 0.0028858184814453125
	total non-zero amplitudes= 4900
	nsamples per process= 50
	sample time= 6.651817083358765
self.n= 1.0057161216508856
	RGN updated loss=-14.002936650590167,dloss=-2.4944135645910137e-10
update time= 0.008759021759033203
