layer= 0
nparam= 120
hop_ls= [(0, 1), (0, 2), (0, 3), (0, 4), (0, 5), (0, 6), (0, 7), (0, 8), (0, 9), (0, 10), (0, 11), (0, 12), (0, 13), (0, 14), (0, 15), (1, 2), (1, 3), (1, 4), (1, 5), (1, 6), (1, 7), (1, 8), (1, 9), (1, 10), (1, 11), (1, 12), (1, 13), (1, 14), (1, 15), (2, 3), (2, 4), (2, 5), (2, 6), (2, 7), (2, 8), (2, 9), (2, 10), (2, 11), (2, 12), (2, 13), (2, 14), (2, 15), (3, 4), (3, 5), (3, 6), (3, 7), (3, 8), (3, 9), (3, 10), (3, 11), (3, 12), (3, 13), (3, 14), (3, 15), (4, 5), (4, 6), (4, 7), (4, 8), (4, 9), (4, 10), (4, 11), (4, 12), (4, 13), (4, 14), (4, 15), (5, 6), (5, 7), (5, 8), (5, 9), (5, 10), (5, 11), (5, 12), (5, 13), (5, 14), (5, 15), (6, 7), (6, 8), (6, 9), (6, 10), (6, 11), (6, 12), (6, 13), (6, 14), (6, 15), (7, 8), (7, 9), (7, 10), (7, 11), (7, 12), (7, 13), (7, 14), (7, 15), (8, 9), (8, 10), (8, 11), (8, 12), (8, 13), (8, 14), (8, 15), (9, 10), (9, 11), (9, 12), (9, 13), (9, 14), (9, 15), (10, 11), (10, 12), (10, 13), (10, 14), (10, 15), (11, 12), (11, 13), (11, 14), (11, 15), (12, 13), (12, 14), (12, 15), (13, 14), (13, 15), (14, 15)]

update time= 0.009015798568725586
step= 0

nparam= 240
ntotal configs= 4900
	dense amplitude time= 0.3493988513946533
	total non-zero amplitudes= 4900
	nsamples per process= 50
	sample time= 5.422688961029053
self.n= 0.8405148297783682
	collect g,h time= 9.724776268005371
E=-13.719319894164792,dE=0,std=0
L=-13.719319894164792,dL=0,std=0
	gnorm= 0.6407414517660875
	collect S matrix time= 0.02245783805847168
	nonzero=141,wmax=3.368044619827395,wmin=0.004438691398879363
	SR solver time= 0.003567934036254883
	collect H matrix time= 0.008113622665405273
	nonzero=141,smax=8.462647123466759,smin=0.013870010252966906
	RGN solver time= 0.005789756774902344
	xnorm=0.8795101311048499,dnorm=0.6465693557530391
update time= 0.008860349655151367
	dense amplitude time= 0.008959770202636719
	total non-zero amplitudes= 4900
	nsamples per process= 50
	sample time= 4.9323890209198
self.n= 0.8948576109244804
	RGN updated loss=-13.958064124785041,dloss=-0.23874423062024874
update time= 0.008955001831054688
step= 1

nparam= 240
	dense amplitude time= 0.010568380355834961
	total non-zero amplitudes= 4900
	nsamples per process= 50
	sample time= 5.373922348022461
self.n= 0.8948576109244804
	collect g,h time= 9.471823930740356
E=-13.958064124785041,dE=-0.23874423062024874,std=0
L=-13.958064124785041,dL=-0.23874423062024874,std=0
	gnorm= 0.21806427197210387
	collect S matrix time= 0.05402255058288574
	nonzero=140,wmax=3.247935476041478,wmin=0.0033973211537934767
	SR solver time= 0.003373384475708008
	collect H matrix time= 0.005169391632080078
	nonzero=141,smax=7.461708616875448,smin=0.01098627528332971
	RGN solver time= 0.0057811737060546875
	xnorm=0.8533959476496785,dnorm=0.37854973257059815
update time= 0.008914709091186523
	dense amplitude time= 0.016964197158813477
	total non-zero amplitudes= 4900
	nsamples per process= 50
	sample time= 4.557718515396118
self.n= 0.9450684061990118
	RGN updated loss=-13.986714338863056,dloss=-0.028650214078014713
update time= 0.008782625198364258
step= 2

nparam= 240
	dense amplitude time= 0.010004997253417969
	total non-zero amplitudes= 4900
	nsamples per process= 50
	sample time= 5.265718221664429
self.n= 0.9450684061990118
	collect g,h time= 9.590855598449707
E=-13.986714338863056,dE=-0.028650214078014713,std=0
L=-13.986714338863056,dL=-0.028650214078014713,std=0
	gnorm= 0.08717597102534615
	collect S matrix time= 0.013616323471069336
	nonzero=138,wmax=3.3951552241266696,wmin=0.004280894603107393
	SR solver time= 0.0030171871185302734
	collect H matrix time= 0.008071184158325195
	nonzero=139,smax=7.500992270127346,smin=0.010892932034324483
	RGN solver time= 0.005465507507324219
	xnorm=1.0409921192510323,dnorm=0.21252161063363786
update time= 0.008696556091308594
	dense amplitude time= 0.010299444198608398
	total non-zero amplitudes= 4900
	nsamples per process= 50
	sample time= 4.635852336883545
self.n= 0.9689780756902775
	RGN updated loss=-13.992419803324262,dloss=-0.005705464461206233
update time= 0.00872659683227539
step= 3

nparam= 240
	dense amplitude time= 0.01569366455078125
	total non-zero amplitudes= 4900
	nsamples per process= 50
	sample time= 5.556750059127808
self.n= 0.9689780756902775
	collect g,h time= 9.55492639541626
E=-13.992419803324262,dE=-0.005705464461206233,std=0
L=-13.992419803324262,dL=-0.005705464461206233,std=0
	gnorm= 0.03973226707683633
	collect S matrix time= 0.014299869537353516
	nonzero=138,wmax=3.452723160566833,wmin=0.00384327053319614
	SR solver time= 0.003371000289916992
	collect H matrix time= 0.00737309455871582
	nonzero=139,smax=7.544545875290299,smin=0.009297806656989292
	RGN solver time= 0.005697965621948242
	xnorm=1.1608593917058032,dnorm=0.3373237751117455
update time= 0.008785009384155273
	dense amplitude time= 0.010465621948242188
	total non-zero amplitudes= 4900
	nsamples per process= 50
	sample time= 4.629464626312256
self.n= 0.9320753543363895
	RGN updated loss=-13.997119067331159,dloss=-0.004699264006896797
update time= 0.00882720947265625
step= 4

nparam= 240
	dense amplitude time= 0.00796055793762207
	total non-zero amplitudes= 4900
	nsamples per process= 50
	sample time= 5.5533246994018555
self.n= 0.9320753543363895
	collect g,h time= 8.656792163848877
E=-13.997119067331159,dE=-0.004699264006896797,std=0
L=-13.997119067331159,dL=-0.004699264006896797,std=0
	gnorm= 0.028247397110949906
	collect S matrix time= 0.013296842575073242
	nonzero=136,wmax=3.5293070818403796,wmin=0.004125666351209383
	SR solver time= 0.0030319690704345703
	collect H matrix time= 0.007846593856811523
	nonzero=138,smax=7.634340442622551,smin=0.00764137313125443
	RGN solver time= 0.005475759506225586
	xnorm=1.2643812727810466,dnorm=0.22206034072840108
update time= 0.00875997543334961
	dense amplitude time= 0.010353565216064453
	total non-zero amplitudes= 4900
	nsamples per process= 50
	sample time= 4.621777534484863
self.n= 0.8812751803320161
	RGN updated loss=-14.001412156476713,dloss=-0.004293089145553708
update time= 0.008736610412597656
step= 5

nparam= 240
	dense amplitude time= 0.008882999420166016
	total non-zero amplitudes= 4900
	nsamples per process= 50
	sample time= 5.398624897003174
self.n= 0.8812751803320161
	collect g,h time= 9.562280893325806
E=-14.001412156476713,dE=-0.004293089145553708,std=0
L=-14.001412156476713,dL=-0.004293089145553708,std=0
	gnorm= 0.016992926768353463
	collect S matrix time= 0.03399801254272461
	nonzero=136,wmax=3.531164436019751,wmin=0.003876042196418104
	SR solver time= 0.003080606460571289
	collect H matrix time= 0.007638692855834961
	nonzero=137,smax=7.604495813995127,smin=0.010776162674052504
	RGN solver time= 0.005458354949951172
	xnorm=1.2686467247239215,dnorm=0.08759431063897889
update time= 0.008605003356933594
	dense amplitude time= 0.013862133026123047
	total non-zero amplitudes= 4900
	nsamples per process= 50
	sample time= 4.5850207805633545
self.n= 0.8510284550230527
	RGN updated loss=-14.002481857726904,dloss=-0.0010697012501914571
update time= 0.008744955062866211
step= 6

nparam= 240
	dense amplitude time= 0.005649566650390625
	total non-zero amplitudes= 4900
	nsamples per process= 50
	sample time= 5.2121899127960205
self.n= 0.8510284550230527
	collect g,h time= 9.55057668685913
E=-14.002481857726904,dE=-0.0010697012501914571,std=0
L=-14.002481857726904,dL=-0.0010697012501914571,std=0
	gnorm= 0.010357972320737438
	collect S matrix time= 0.015130996704101562
	nonzero=137,wmax=3.5351754425017927,wmin=0.0036470557588883963
	SR solver time= 0.003057718276977539
	collect H matrix time= 0.007691383361816406
	nonzero=137,smax=7.584549635468541,smin=0.011957941394042004
	RGN solver time= 0.005502462387084961
	xnorm=1.2555685107793209,dnorm=0.03785287792073599
update time= 0.008723735809326172
	dense amplitude time= 0.010256290435791016
	total non-zero amplitudes= 4900
	nsamples per process= 50
	sample time= 4.5813634395599365
self.n= 0.8362258375357627
	RGN updated loss=-14.002772115142141,dloss=-0.00029025741523724946
update time= 0.008720874786376953
step= 7

nparam= 240
	dense amplitude time= 0.00945734977722168
	total non-zero amplitudes= 4900
	nsamples per process= 50
	sample time= 5.082634210586548
self.n= 0.8362258375357627
	collect g,h time= 9.554285764694214
E=-14.002772115142141,dE=-0.00029025741523724946,std=0
L=-14.002772115142141,dL=-0.00029025741523724946,std=0
	gnorm= 0.006722365139585709
	collect S matrix time= 0.013493537902832031
	nonzero=137,wmax=3.5425885966687023,wmin=0.0038415382732884906
	SR solver time= 0.0033919811248779297
	collect H matrix time= 0.007478237152099609
	nonzero=137,smax=7.582787710715173,smin=0.012563512798612609
	RGN solver time= 0.0058019161224365234
	xnorm=1.2488127616295899,dnorm=0.019545765180873427
update time= 0.009087324142456055
	dense amplitude time= 0.010729789733886719
	total non-zero amplitudes= 4900
	nsamples per process= 50
	sample time= 4.484628915786743
self.n= 0.8284374428150509
	RGN updated loss=-14.00287113773787,dloss=-9.902259572847072e-05
update time= 0.008875846862792969
step= 8

nparam= 240
	dense amplitude time= 0.008382081985473633
	total non-zero amplitudes= 4900
	nsamples per process= 50
	sample time= 5.10382080078125
self.n= 0.8284374428150509
	collect g,h time= 9.55504822731018
E=-14.00287113773787,dE=-9.902259572847072e-05,std=0
L=-14.00287113773787,dL=-9.902259572847072e-05,std=0
	gnorm= 0.004507992632098266
	collect S matrix time= 0.012702465057373047
	nonzero=137,wmax=3.549375419798935,wmin=0.003954610977425124
	SR solver time= 0.0031311511993408203
	collect H matrix time= 0.007734537124633789
	nonzero=137,smax=7.585070331407902,smin=0.012915160713255
	RGN solver time= 0.00550532341003418
	xnorm=1.2456124630954808,dnorm=0.010812061050037956
update time= 0.00867152214050293
	dense amplitude time= 0.011088132858276367
	total non-zero amplitudes= 4900
	nsamples per process= 50
	sample time= 4.455735683441162
self.n= 0.8241071332268126
	RGN updated loss=-14.002908500382734,dloss=-3.736264486420282e-05
update time= 0.008779764175415039
step= 9

nparam= 240
	dense amplitude time= 0.00909113883972168
	total non-zero amplitudes= 4900
	nsamples per process= 50
	sample time= 5.129316806793213
self.n= 0.8241071332268126
	collect g,h time= 8.649581909179688
E=-14.002908500382734,dE=-3.736264486420282e-05,std=0
L=-14.002908500382734,dL=-3.736264486420282e-05,std=0
	gnorm= 0.003105033871532674
	collect S matrix time= 0.012717723846435547
	nonzero=137,wmax=3.5544878229529484,wmin=0.004022893615609702
	SR solver time= 0.003088235855102539
	collect H matrix time= 0.007730960845947266
	nonzero=137,smax=7.587663948802485,smin=0.013127920357677113
	RGN solver time= 0.005529642105102539
	xnorm=1.2441007072884276,dnorm=0.006262129407407033
update time= 0.00870513916015625
	dense amplitude time= 0.009644031524658203
	total non-zero amplitudes= 4900
	nsamples per process= 50
	sample time= 4.4757044315338135
self.n= 0.8215998968228784
	RGN updated loss=-14.002923529068774,dloss=-1.5028686039642025e-05
update time= 0.00911855697631836
step= 10

nparam= 240
	dense amplitude time= 0.020838260650634766
	total non-zero amplitudes= 4900
	nsamples per process= 50
	sample time= 5.039957046508789
self.n= 0.8215998968228784
	collect g,h time= 9.587288618087769
E=-14.002923529068774,dE=-1.5028686039642025e-05,std=0
L=-14.002923529068774,dL=-1.5028686039642025e-05,std=0
	gnorm= 0.0021997186883742316
	collect S matrix time= 0.014100790023803711
	nonzero=137,wmax=3.558038266118746,wmin=0.004065268038926767
	SR solver time= 0.003095865249633789
	collect H matrix time= 0.007809162139892578
	nonzero=137,smax=7.589677648879816,smin=0.013260330853015001
	RGN solver time= 0.005570411682128906
	xnorm=1.243384081376117,dnorm=0.0037498797166357093
update time= 0.008695840835571289
	dense amplitude time= 0.010409832000732422
	total non-zero amplitudes= 4900
	nsamples per process= 50
	sample time= 4.405690431594849
self.n= 0.820105574536481
	RGN updated loss=-14.002929886422907,dloss=-6.35735413290206e-06
update time= 0.009209871292114258
step= 11

nparam= 240
	dense amplitude time= 0.017938613891601562
	total non-zero amplitudes= 4900
	nsamples per process= 50
	sample time= 4.8941895961761475
self.n= 0.820105574536481
	collect g,h time= 9.581047296524048
E=-14.002929886422907,dE=-6.35735413290206e-06,std=0
L=-14.002929886422907,dL=-6.35735413290206e-06,std=0
	gnorm= 0.0016087168403399086
	collect S matrix time= 0.02617025375366211
	nonzero=137,wmax=3.560411916814486,wmin=0.004091992106262091
	SR solver time= 0.0030972957611083984
	collect H matrix time= 0.007747650146484375
	nonzero=137,smax=7.591073486316852,smin=0.013344124100082759
	RGN solver time= 0.00549769401550293
	xnorm=1.2430413368395425,dnorm=0.0023031609291840607
update time= 0.008715391159057617
	dense amplitude time= 0.00944209098815918
	total non-zero amplitudes= 4900
	nsamples per process= 50
	sample time= 4.271846294403076
self.n= 0.8191963337070981
	RGN updated loss=-14.002932704166755,dloss=-2.817743848027021e-06
update time= 0.008653402328491211
step= 12

nparam= 240
	dense amplitude time= 0.013662099838256836
	total non-zero amplitudes= 4900
	nsamples per process= 50
	sample time= 4.983652114868164
self.n= 0.8191963337070981
	collect g,h time= 9.558852910995483
E=-14.002932704166755,dE=-2.817743848027021e-06,std=0
L=-14.002932704166755,dL=-2.817743848027021e-06,std=0
	gnorm= 0.0012200358041499532
	collect S matrix time= 0.01759052276611328
	nonzero=137,wmax=3.5619690904838768,wmin=0.00410901238627287
	SR solver time= 0.0034155845642089844
	collect H matrix time= 0.007533073425292969
	nonzero=137,smax=7.5919983943082,smin=0.013397685284887117
	RGN solver time= 0.005896091461181641
	xnorm=1.2428754124722043,dnorm=0.0014435549691567441
update time= 0.009119510650634766
	dense amplitude time= 0.010827302932739258
	total non-zero amplitudes= 4900
	nsamples per process= 50
	sample time= 4.424251079559326
self.n= 0.8186347665270435
	RGN updated loss=-14.00293401320659,dloss=-1.309039834751502e-06
update time= 0.009035110473632812
step= 13

nparam= 240
	dense amplitude time= 0.008892536163330078
	total non-zero amplitudes= 4900
	nsamples per process= 50
	sample time= 4.993951082229614
self.n= 0.8186347665270435
	collect g,h time= 9.53015947341919
E=-14.00293401320659,dE=-1.309039834751502e-06,std=0
L=-14.00293401320659,dL=-1.309039834751502e-06,std=0
	gnorm= 0.000963689463442258
	collect S matrix time= 0.0209352970123291
	nonzero=137,wmax=3.5629809640217522,wmin=0.004119918052053367
	SR solver time= 0.0032346248626708984
	collect H matrix time= 0.00757288932800293
	nonzero=137,smax=7.592599826532292,smin=0.013432133911603578
	RGN solver time= 0.005722999572753906
	xnorm=1.2427939252010205,dnorm=0.0009206607399746743
update time= 0.008970022201538086
	dense amplitude time= 0.010130882263183594
	total non-zero amplitudes= 4900
	nsamples per process= 50
	sample time= 4.495750427246094
self.n= 0.818284107182113
	RGN updated loss=-14.002934651523914,dloss=-6.383173243307283e-07
update time= 0.008739709854125977
step= 14

nparam= 240
	dense amplitude time= 0.0035800933837890625
	total non-zero amplitudes= 4900
	nsamples per process= 50
	sample time= 5.06760835647583
self.n= 0.818284107182113
	collect g,h time= 8.625815868377686
E=-14.002934651523914,dE=-6.383173243307283e-07,std=0
L=-14.002934651523914,dL=-6.383173243307283e-07,std=0
	gnorm= 0.0007949729443297117
	collect S matrix time= 0.02238774299621582
	nonzero=137,wmax=3.563635460457127,wmin=0.00412693184679043
	SR solver time= 0.0032167434692382812
	collect H matrix time= 0.007683277130126953
	nonzero=138,smax=7.592988212665102,smin=0.007597372269765782
	RGN solver time= 0.005709171295166016
	xnorm=1.2427532592253805,dnorm=0.0550425424963291
update time= 0.0089874267578125
	dense amplitude time= 0.011412858963012695
	total non-zero amplitudes= 4900
	nsamples per process= 50
	sample time= 4.662272930145264
self.n= 0.8190579065525203
	RGN updated loss=-14.002966012965759,dloss=-3.1361441845234594e-05
update time= 0.008744239807128906
step= 15

nparam= 240
	dense amplitude time= 0.009201288223266602
	total non-zero amplitudes= 4900
	nsamples per process= 50
	sample time= 5.363290071487427
self.n= 0.8190579065525203
	collect g,h time= 9.530927181243896
E=-14.002966012965759,dE=-3.1361441845234594e-05,std=0
L=-14.002966012965759,dL=-3.1361441845234594e-05,std=0
	gnorm= 0.0006717247011619038
	collect S matrix time= 0.012830972671508789
	nonzero=137,wmax=3.5659145092675053,wmin=0.004145595677230062
	SR solver time= 0.003549814224243164
	collect H matrix time= 0.0073659420013427734
	nonzero=137,smax=7.593309256591841,smin=0.013602370872198904
	RGN solver time= 0.005831241607666016
	xnorm=1.2423973591200195,dnorm=0.0013387324972151647
update time= 0.008873939514160156
	dense amplitude time= 0.010191202163696289
	total non-zero amplitudes= 4900
	nsamples per process= 50
	sample time= 4.875976800918579
self.n= 0.819079658283707
	RGN updated loss=-14.002966566833509,dloss=-5.538677498861944e-07
update time= 0.008827447891235352
step= 16

nparam= 240
	dense amplitude time= 0.009340286254882812
	total non-zero amplitudes= 4900
	nsamples per process= 50
	sample time= 5.298534870147705
self.n= 0.819079658283707
	collect g,h time= 9.52527141571045
E=-14.002966566833509,dE=-5.538677498861944e-07,std=0
L=-14.002966566833509,dL=-5.538677498861944e-07,std=0
	gnorm= 0.0004976348400719355
	collect S matrix time= 0.03278803825378418
	nonzero=137,wmax=3.566667140127336,wmin=0.004144557301783445
	SR solver time= 0.0034148693084716797
	collect H matrix time= 0.0075092315673828125
	nonzero=137,smax=7.593891455246514,smin=0.013594514460818536
	RGN solver time= 0.0058672428131103516
	xnorm=1.242718045750124,dnorm=0.0005391480493850718
update time= 0.008932352066040039
	dense amplitude time= 0.01078653335571289
	total non-zero amplitudes= 4900
	nsamples per process= 50
	sample time= 4.5331947803497314
self.n= 0.819061803692674
	RGN updated loss=-14.002966716069842,dloss=-1.4923633351315857e-07
update time= 0.008763551712036133
step= 17

nparam= 240
	dense amplitude time= 0.012130260467529297
	total non-zero amplitudes= 4900
	nsamples per process= 50
	sample time= 5.150974750518799
self.n= 0.819061803692674
	collect g,h time= 9.442752122879028
E=-14.002966716069842,dE=-1.4923633351315857e-07,std=0
L=-14.002966716069842,dL=-1.4923633351315857e-07,std=0
	gnorm= 0.000421962847143311
	collect S matrix time= 0.013553142547607422
	nonzero=137,wmax=3.567043263055001,wmin=0.004143798873084428
	SR solver time= 0.003142118453979492
	collect H matrix time= 0.007746458053588867
	nonzero=137,smax=7.5941965829439235,smin=0.013590586576689838
	RGN solver time= 0.0057070255279541016
	xnorm=1.2428956851454576,dnorm=0.0002521304692790526
update time= 0.009022712707519531
	dense amplitude time= 0.014214754104614258
	total non-zero amplitudes= 4900
	nsamples per process= 50
	sample time= 4.656017541885376
self.n= 0.8190398106210561
	RGN updated loss=-14.002966778331674,dloss=-6.22618312462464e-08
update time= 0.00897836685180664
step= 18

nparam= 240
	dense amplitude time= 0.008154630661010742
	total non-zero amplitudes= 4900
	nsamples per process= 50
	sample time= 5.179646730422974
self.n= 0.8190398106210561
	collect g,h time= 9.540506362915039
E=-14.002966778331674,dE=-6.22618312462464e-08,std=0
L=-14.002966778331674,dL=-6.22618312462464e-08,std=0
	gnorm= 0.000379732270638321
	collect S matrix time= 0.011921405792236328
	nonzero=137,wmax=3.567235268930756,wmin=0.004143432755267414
	SR solver time= 0.0031621456146240234
	collect H matrix time= 0.007699012756347656
	nonzero=137,smax=7.5943548982712965,smin=0.013588842782598825
	RGN solver time= 0.0056607723236083984
	xnorm=1.2429855038260238,dnorm=0.0001368163014209428
update time= 0.008860349655151367
	dense amplitude time= 0.009640693664550781
	total non-zero amplitudes= 4900
	nsamples per process= 50
	sample time= 4.58574366569519
self.n= 0.8190222677483358
	RGN updated loss=-14.002966811320643,dloss=-3.298896977810273e-08
update time= 0.008756875991821289
step= 19

nparam= 240
	dense amplitude time= 0.002832651138305664
	total non-zero amplitudes= 4900
	nsamples per process= 50
	sample time= 5.292542219161987
self.n= 0.8190222677483358
	collect g,h time= 8.697419166564941
E=-14.002966811320643,dE=-3.298896977810273e-08,std=0
L=-14.002966811320643,dL=-3.298896977810273e-08,std=0
	gnorm= 0.0003534911621753983
	collect S matrix time= 0.011937618255615234
	nonzero=137,wmax=3.567336070780284,wmin=0.004143301616348092
	SR solver time= 0.003190755844116211
	collect H matrix time= 0.0075681209564208984
	nonzero=137,smax=7.594438371807287,smin=0.013588175764602453
	RGN solver time= 0.005471944808959961
	xnorm=1.2430291893855343,dnorm=8.655948335757301e-05
update time= 0.008726835250854492
	dense amplitude time= 0.00988316535949707
	total non-zero amplitudes= 4900
	nsamples per process= 50
	sample time= 4.506914854049683
self.n= 0.8190099300242546
	RGN updated loss=-14.002966830724317,dloss=-1.9403673334750238e-08
update time= 0.008809089660644531
step= 20

nparam= 240
	dense amplitude time= 0.024600982666015625
	total non-zero amplitudes= 4900
	nsamples per process= 50
	sample time= 5.311793088912964
self.n= 0.8190099300242546
	collect g,h time= 9.536271095275879
E=-14.002966830724317,dE=-1.9403673334750238e-08,std=0
L=-14.002966830724317,dL=-1.9403673334750238e-08,std=0
	gnorm= 0.0003366282349167747
	collect S matrix time= 0.012048959732055664
	nonzero=137,wmax=3.5673906071272508,wmin=0.004143281450215335
	SR solver time= 0.0030770301818847656
	collect H matrix time= 0.007848024368286133
	nonzero=137,smax=7.594483642668674,smin=0.013587993840980419
	RGN solver time= 0.005486011505126953
	xnorm=1.243050059850482,dnorm=6.154821914724148e-05
update time= 0.008762359619140625
	dense amplitude time= 0.011370658874511719
	total non-zero amplitudes= 4900
	nsamples per process= 50
	sample time= 4.4612414836883545
self.n= 0.8190016933555931
	RGN updated loss=-14.00296684264177,dloss=-1.1917453690557522e-08
update time= 0.008731842041015625
step= 21

nparam= 240
	dense amplitude time= 0.02150249481201172
	total non-zero amplitudes= 4900
	nsamples per process= 50
	sample time= 5.469713449478149
self.n= 0.8190016933555931
	collect g,h time= 9.526056051254272
E=-14.00296684264177,dE=-1.1917453690557522e-08,std=0
L=-14.00296684264177,dL=-1.1917453690557522e-08,std=0
	gnorm= 0.0003257186368290287
	collect S matrix time= 0.012824773788452148
	nonzero=137,wmax=3.567420996712051,wmin=0.004143303987658068
	SR solver time= 0.003127574920654297
	collect H matrix time= 0.007779598236083984
	nonzero=137,smax=7.594509047371885,smin=0.013588007067707073
	RGN solver time= 0.005524635314941406
	xnorm=1.2430599350250886,dnorm=4.66095296690457e-05
update time= 0.008685827255249023
	dense amplitude time= 0.010320186614990234
	total non-zero amplitudes= 4900
	nsamples per process= 50
	sample time= 4.570465564727783
self.n= 0.8189963259552393
	RGN updated loss=-14.002966850098252,dloss=-7.456481654344316e-09
update time= 0.008817434310913086
step= 22

nparam= 240
	dense amplitude time= 0.0049495697021484375
	total non-zero amplitudes= 4900
	nsamples per process= 50
	sample time= 5.393277406692505
self.n= 0.8189963259552393
	collect g,h time= 9.4234459400177
E=-14.002966850098252,dE=-7.456481654344316e-09,std=0
L=-14.002966850098252,dL=-7.456481654344316e-09,std=0
	gnorm= 0.0003186712317321967
	collect S matrix time= 0.013646602630615234
	nonzero=137,wmax=3.5674384003431077,wmin=0.0041433371798979025
	SR solver time= 0.0032536983489990234
	collect H matrix time= 0.008011102676391602
	nonzero=137,smax=7.594523838344177,smin=0.013588083057839739
	RGN solver time= 0.0068149566650390625
	xnorm=1.2430645696148264,dnorm=3.629724327812673e-05
update time= 0.009669780731201172
	dense amplitude time= 0.010282754898071289
	total non-zero amplitudes= 4900
	nsamples per process= 50
	sample time= 4.766146421432495
self.n= 0.818992869001951
	RGN updated loss=-14.00296685480361,dloss=-4.705357881107375e-09
update time= 0.009319782257080078
step= 23

nparam= 240
	dense amplitude time= 0.019273042678833008
	total non-zero amplitudes= 4900
	nsamples per process= 50
	sample time= 5.2943115234375
self.n= 0.818992869001951
	collect g,h time= 9.514258861541748
E=-14.00296685480361,dE=-4.705357881107375e-09,std=0
L=-14.00296685480361,dL=-4.705357881107375e-09,std=0
	gnorm= 0.00031413365454965766
	collect S matrix time= 0.012241363525390625
	nonzero=137,wmax=3.567448611094422,wmin=0.004143368067784701
	SR solver time= 0.003055572509765625
	collect H matrix time= 0.007848978042602539
	nonzero=137,smax=7.5945327776254725,smin=0.013588166474182897
	RGN solver time= 0.005472660064697266
	xnorm=1.2430667188352462,dnorm=2.8607342679543083e-05
update time= 0.008822917938232422
	dense amplitude time= 0.01111602783203125
	total non-zero amplitudes= 4900
	nsamples per process= 50
	sample time= 4.655025243759155
self.n= 0.8189906552547968
	RGN updated loss=-14.002966857785577,dloss=-2.9819666735875217e-09
update time= 0.008809804916381836
step= 24

nparam= 240
	dense amplitude time= 0.012678146362304688
	total non-zero amplitudes= 4900
	nsamples per process= 50
	sample time= 5.261279106140137
self.n= 0.8189906552547968
	collect g,h time= 8.727984428405762
E=-14.002966857785577,dE=-2.9819666735875217e-09,std=0
L=-14.002966857785577,dL=-2.9819666735875217e-09,std=0
	gnorm= 0.0003112209037331599
	collect S matrix time= 0.012489557266235352
	nonzero=137,wmax=3.567454726014849,wmin=0.004143392657946218
	SR solver time= 0.0031211376190185547
	collect H matrix time= 0.0076274871826171875
	nonzero=137,smax=7.594538379953592,smin=0.013588237583024054
	RGN solver time= 0.005562782287597656
	xnorm=1.2430676936627232,dnorm=2.2671857770369335e-05
update time= 0.008762836456298828
	dense amplitude time= 0.010640382766723633
	total non-zero amplitudes= 4900
	nsamples per process= 50
	sample time= 4.704502105712891
self.n= 0.818989241759601
	RGN updated loss=-14.002966859679747,dloss=-1.8941701540597933e-09
update time= 0.008697032928466797
step= 25

nparam= 240
	dense amplitude time= 0.009499311447143555
	total non-zero amplitudes= 4900
	nsamples per process= 50
	sample time= 5.241010904312134
self.n= 0.818989241759601
	collect g,h time= 9.528523206710815
E=-14.002966859679747,dE=-1.8941701540597933e-09,std=0
L=-14.002966859679747,dL=-1.8941701540597933e-09,std=0
	gnorm= 0.00030935545615731004
	collect S matrix time= 0.012392520904541016
	nonzero=137,wmax=3.5674584500288957,wmin=0.004143410717816919
	SR solver time= 0.0030667781829833984
	collect H matrix time= 0.00777435302734375
	nonzero=137,smax=7.59454201241457,smin=0.013588291984500199
	RGN solver time= 0.005533456802368164
	xnorm=1.2430681168029019,dnorm=1.8019977421260056e-05
update time= 0.008748769760131836
	dense amplitude time= 0.009572267532348633
	total non-zero amplitudes= 4900
	nsamples per process= 50
	sample time= 4.665918588638306
self.n= 0.8189883407887593
	RGN updated loss=-14.002966860884536,dloss=-1.2047891573274683e-09
update time= 0.009439706802368164
step= 26

nparam= 240
	dense amplitude time= 0.014904022216796875
	total non-zero amplitudes= 4900
	nsamples per process= 50
	sample time= 5.227993011474609
self.n= 0.8189883407887593
	collect g,h time= 9.544838428497314
E=-14.002966860884536,dE=-1.2047891573274683e-09,std=0
L=-14.002966860884536,dL=-1.2047891573274683e-09,std=0
	gnorm= 0.0003081626587436877
	collect S matrix time= 0.01237344741821289
	nonzero=137,wmax=3.5674607481602623,wmin=0.004143423323020935
	SR solver time= 0.0031943321228027344
	collect H matrix time= 0.0076596736907958984
	nonzero=137,smax=7.594544441558366,smin=0.013588331147413717
	RGN solver time= 0.005747556686401367
	xnorm=1.2430682838388152,dnorm=1.4346862309700422e-05
update time= 0.00919342041015625
	dense amplitude time= 0.009999275207519531
	total non-zero amplitudes= 4900
	nsamples per process= 50
	sample time= 4.634303331375122
self.n= 0.8189877673328047
	RGN updated loss=-14.002966861651469,dloss=-7.669331836268611e-10
update time= 0.00937795639038086
step= 27

nparam= 240
	dense amplitude time= 0.018873929977416992
	total non-zero amplitudes= 4900
	nsamples per process= 50
	sample time= 5.176928997039795
self.n= 0.8189877673328047
	collect g,h time= 9.390537977218628
E=-14.002966861651469,dE=-7.669331836268611e-10,std=0
L=-14.002966861651469,dL=-7.669331836268611e-10,std=0
	gnorm= 0.00030740077143737166
	collect S matrix time= 0.013300418853759766
	nonzero=137,wmax=3.5674621806502014,wmin=0.004143431799001134
	SR solver time= 0.0031821727752685547
	collect H matrix time= 0.007615804672241211
	nonzero=137,smax=7.594546111125782,smin=0.013588358234261114
	RGN solver time= 0.0056400299072265625
	xnorm=1.2430683347921108,dnorm=1.1434617420960423e-05
update time= 0.009087085723876953
	dense amplitude time= 0.010088682174682617
	total non-zero amplitudes= 4900
	nsamples per process= 50
	sample time= 4.564201593399048
self.n= 0.8189874029616642
	RGN updated loss=-14.002966862139914,dloss=-4.884448401298869e-10
update time= 0.00892496109008789
step= 28

nparam= 240
	dense amplitude time= 0.02053380012512207
	total non-zero amplitudes= 4900
	nsamples per process= 50
	sample time= 5.2892467975616455
self.n= 0.8189874029616642
	collect g,h time= 9.562395334243774
E=-14.002966862139914,dE=-4.884448401298869e-10,std=0
L=-14.002966862139914,dL=-4.884448401298869e-10,std=0
	gnorm= 0.0003069144488998741
	collect S matrix time= 0.01182413101196289
	nonzero=137,wmax=3.5674630800456613,wmin=0.004143437322561915
	SR solver time= 0.0032470226287841797
	collect H matrix time= 0.007833480834960938
	nonzero=137,smax=7.594547286314235,smin=0.013588376419402729
	RGN solver time= 0.005502462387084961
	xnorm=1.243068335609036,dnorm=9.119813746467188e-06
update time= 0.00878453254699707
	dense amplitude time= 0.010016202926635742
	total non-zero amplitudes= 4900
	nsamples per process= 50
	sample time= 4.696828842163086
self.n= 0.8189871719923518
	RGN updated loss=-14.00296686245111,dloss=-3.111964019808511e-10
update time= 0.00893402099609375
step= 29

nparam= 240
	dense amplitude time= 0.00895380973815918
	total non-zero amplitudes= 4900
	nsamples per process= 50
	sample time= 5.403483152389526
self.n= 0.8189871719923518
	collect g,h time= 8.730533123016357
E=-14.00296686245111,dE=-3.111964019808511e-10,std=0
L=-14.00296686245111,dL=-3.111964019808511e-10,std=0
	gnorm= 0.00030660414738206926
	collect S matrix time= 0.020620346069335938
	nonzero=137,wmax=3.5674636474742747,wmin=0.004143440814689289
	SR solver time= 0.003435373306274414
	collect H matrix time= 0.004848003387451172
	nonzero=137,smax=7.594548130617864,smin=0.013588388328433816
	RGN solver time= 0.00583195686340332
	xnorm=1.243068316947446,dnorm=7.27688922586888e-06
update time= 0.008845329284667969
	dense amplitude time= 0.005581855773925781
	total non-zero amplitudes= 4900
	nsamples per process= 50
	sample time= 4.700010061264038
self.n= 0.8189870260785657
	RGN updated loss=-14.002966862649412,dloss=-1.9830181940960756e-10
update time= 0.00885152816772461
step= 30

nparam= 240
	dense amplitude time= 0.008984565734863281
	total non-zero amplitudes= 4900
	nsamples per process= 50
	sample time= 5.322629451751709
self.n= 0.8189870260785657
	collect g,h time= 9.542561531066895
E=-14.002966862649412,dE=-1.9830181940960756e-10,std=0
L=-14.002966862649412,dL=-1.9830181940960756e-10,std=0
	gnorm= 0.000306406200884818
	collect S matrix time= 0.012088537216186523
	nonzero=137,wmax=3.567464006455502,wmin=0.004143442949317498
	SR solver time= 0.0030884742736816406
	collect H matrix time= 0.009231328964233398
	nonzero=137,smax=7.594548747852143,smin=0.013588395947013304
	RGN solver time= 0.0055196285247802734
	xnorm=1.2430682926894427,dnorm=5.808070632551305e-06
update time= 0.008764982223510742
	dense amplitude time= 0.010261774063110352
	total non-zero amplitudes= 4900
	nsamples per process= 50
	sample time= 4.707692384719849
self.n= 0.8189869343346861
	RGN updated loss=-14.002966862775795,dloss=-1.2638246005280962e-10
update time= 0.008836746215820312
step= 31

nparam= 240
	dense amplitude time= 0.011171102523803711
	total non-zero amplitudes= 4900
	nsamples per process= 50
	sample time= 5.282994031906128
self.n= 0.8189869343346861
	collect g,h time= 9.513671875
E=-14.002966862775795,dE=-1.2638246005280962e-10,std=0
L=-14.002966862775795,dL=-1.2638246005280962e-10,std=0
	gnorm= 0.0003062799398032874
	collect S matrix time= 0.012732267379760742
	nonzero=137,wmax=3.5674642337705866,wmin=0.00414344419921518
	SR solver time= 0.003204345703125
	collect H matrix time= 0.007589578628540039
	nonzero=137,smax=7.5945492057765485,smin=0.01358840070132866
	RGN solver time= 0.005533695220947266
	xnorm=1.2430682687950463,dnorm=4.636583528932804e-06
update time= 0.008707761764526367
	dense amplitude time= 0.010994195938110352
	total non-zero amplitudes= 4900
	nsamples per process= 50
	sample time= 4.582108736038208
self.n= 0.818986877028433
	RGN updated loss=-14.00296686285635,dloss=-8.055600630996196e-11
update time= 0.008766651153564453
step= 32

nparam= 240
	dense amplitude time= 0.014976739883422852
	total non-zero amplitudes= 4900
	nsamples per process= 50
	sample time= 5.3476972579956055
self.n= 0.818986877028433
	collect g,h time= 9.316198110580444
E=-14.00296686285635,dE=-8.055600630996196e-11,std=0
L=-14.00296686285635,dL=-8.055600630996196e-11,std=0
	gnorm= 0.0003061994045038512
	collect S matrix time= 0.011916399002075195
	nonzero=137,wmax=3.567464377592638,wmin=0.00414344488629317
	SR solver time= 0.00308990478515625
	collect H matrix time= 0.008068561553955078
	nonzero=137,smax=7.59454954974636,smin=0.013588403581692884
	RGN solver time= 0.0055103302001953125
	xnorm=1.2430682475375128,dnorm=3.7018054070040718e-06
update time= 0.008713483810424805
	dense amplitude time= 0.009701967239379883
	total non-zero amplitudes= 4900
	nsamples per process= 50
	sample time= 4.563925743103027
self.n= 0.8189868415561068
	RGN updated loss=-14.00296686290769,dloss=-5.134026537234604e-11
update time= 0.008842229843139648
step= 33

nparam= 240
	dense amplitude time= 0.014109134674072266
	total non-zero amplitudes= 4900
	nsamples per process= 50
	sample time= 5.2746617794036865
self.n= 0.8189868415561068
	collect g,h time= 9.55588150024414
E=-14.00296686290769,dE=-5.134026537234604e-11,std=0
L=-14.00296686290769,dL=-5.134026537234604e-11,std=0
	gnorm= 0.00030614803257509866
	collect S matrix time= 0.011992216110229492
	nonzero=137,wmax=3.5674644683540793,wmin=0.0041434452246833725
	SR solver time= 0.003041982650756836
	collect H matrix time= 0.008084297180175781
	nonzero=137,smax=7.594549810821538,smin=0.013588405259198157
	RGN solver time= 0.005525112152099609
	xnorm=1.243068229523432,dnorm=2.9556851221066384e-06
update time= 0.008745670318603516
	dense amplitude time= 0.010088205337524414
	total non-zero amplitudes= 4900
	nsamples per process= 50
	sample time= 4.6701226234436035
self.n= 0.8189868198731944
	RGN updated loss=-14.002966862940424,dloss=-3.2732927479628415e-11
update time= 0.008849382400512695
step= 34

nparam= 240
	dense amplitude time= 0.0155487060546875
	total non-zero amplitudes= 4900
	nsamples per process= 50
	sample time= 5.153207540512085
self.n= 0.8189868198731944
	collect g,h time= 9.428541898727417
E=-14.002966862940424,dE=-3.2732927479628415e-11,std=0
L=-14.002966862940424,dL=-3.2732927479628415e-11,std=0
	gnorm= 0.0003061152599597628
	collect S matrix time= 0.025812864303588867
	nonzero=137,wmax=3.5674645253734427,wmin=0.004143445353961677
	SR solver time= 0.003086566925048828
	collect H matrix time= 0.007838964462280273
	nonzero=137,smax=7.594550010713214,smin=0.013588406179946687
	RGN solver time= 0.005464076995849609
	xnorm=1.2430682146493375,dnorm=2.36003683278304e-06
update time= 0.008680582046508789
	dense amplitude time= 0.010828495025634766
	total non-zero amplitudes= 4900
	nsamples per process= 50
	sample time= 4.759678602218628
self.n= 0.818986806852078
	RGN updated loss=-14.002966862961289,dloss=-2.0865087435595342e-11
update time= 0.008779525756835938
step= 35

nparam= 240
	dense amplitude time= 0.019112586975097656
	total non-zero amplitudes= 4900
	nsamples per process= 50
	sample time= 5.300423622131348
self.n= 0.818986806852078
	collect g,h time= 9.54022741317749
E=-14.002966862961289,dE=-2.0865087435595342e-11,std=0
L=-14.002966862961289,dL=-2.0865087435595342e-11,std=0
	gnorm= 0.0003060943495338266
	collect S matrix time= 0.012200593948364258
	nonzero=137,wmax=3.567464560952808,wmin=0.004143445363335113
	SR solver time= 0.003040790557861328
	collect H matrix time= 0.00787663459777832
	nonzero=137,smax=7.594550164877679,smin=0.013588406635599192
	RGN solver time= 0.005434751510620117
	xnorm=1.2430682025465931,dnorm=1.8844611784565083e-06
update time= 0.00874948501586914
	dense amplitude time= 0.01132345199584961
	total non-zero amplitudes= 4900
	nsamples per process= 50
	sample time= 4.636379718780518
self.n= 0.8189867992315929
	RGN updated loss=-14.002966862974592,dloss=-1.3303136370268476e-11
update time= 0.008757352828979492
step= 36

nparam= 240
	dense amplitude time= 0.009625673294067383
	total non-zero amplitudes= 4900
	nsamples per process= 50
	sample time= 5.419080018997192
self.n= 0.8189867992315929
	collect g,h time= 9.525068998336792
E=-14.002966862974592,dE=-1.3303136370268476e-11,std=0
L=-14.002966862974592,dL=-1.3303136370268476e-11,std=0
	gnorm= 0.00030608100501226197
	collect S matrix time= 0.012041568756103516
	nonzero=137,wmax=3.5674645829395706,wmin=0.004143445308621159
	SR solver time= 0.003025054931640625
	collect H matrix time= 0.007951498031616211
	nonzero=137,smax=7.594550284498722,smin=0.013588406813862986
	RGN solver time= 0.005484580993652344
	xnorm=1.2430681927820368,dnorm=1.5047292329958405e-06
update time= 0.008758783340454102
	dense amplitude time= 0.010980606079101562
	total non-zero amplitudes= 4900
	nsamples per process= 50
	sample time= 4.673447847366333
self.n= 0.8189867949443235
	RGN updated loss=-14.00296686298307,dloss=-8.478551194457395e-12
update time= 0.00887918472290039
step= 37

nparam= 240
	dense amplitude time= 0.00928807258605957
	total non-zero amplitudes= 4900
	nsamples per process= 50
	sample time= 5.33242654800415
self.n= 0.8189867949443235
	collect g,h time= 9.537280082702637
E=-14.00296686298307,dE=-8.478551194457395e-12,std=0
L=-14.00296686298307,dL=-8.478551194457395e-12,std=0
	gnorm= 0.00030607248665852783
	collect S matrix time= 0.011860847473144531
	nonzero=137,wmax=3.5674645963417015,wmin=0.0041434452238696155
	SR solver time= 0.0030384063720703125
	collect H matrix time= 0.008083581924438477
	nonzero=137,smax=7.594550377785534,smin=0.013588406833567216
	RGN solver time= 0.005475282669067383
	xnorm=1.243068184943209,dnorm=1.201515312591024e-06
update time= 0.008798599243164062
	dense amplitude time= 0.009817838668823242
	total non-zero amplitudes= 4900
	nsamples per process= 50
	sample time= 4.771340847015381
self.n= 0.8189867926854157
	RGN updated loss=-14.00296686298847,dloss=-5.4001247917767614e-12
update time= 0.00885462760925293
step= 38

nparam= 240
	dense amplitude time= 0.0070629119873046875
	total non-zero amplitudes= 4900
	nsamples per process= 50
	sample time= 5.234973669052124
self.n= 0.8189867926854157
	collect g,h time= 9.545212507247925
E=-14.00296686298847,dE=-5.4001247917767614e-12,std=0
L=-14.00296686298847,dL=-5.4001247917767614e-12,std=0
	gnorm= 0.00030606704727160236
	collect S matrix time= 0.012136459350585938
	nonzero=137,wmax=3.567464604352678,wmin=0.004143445129168212
	SR solver time= 0.0030488967895507812
	collect H matrix time= 0.007894039154052734
	nonzero=137,smax=7.594550450840341,smin=0.013588406768536598
	RGN solver time= 0.0054399967193603516
	xnorm=1.2430681786684903,dnorm=9.593971354713818e-07
update time= 0.008747339248657227
	dense amplitude time= 0.01038360595703125
	total non-zero amplitudes= 4900
	nsamples per process= 50
	sample time= 4.644874811172485
self.n= 0.818986791636355
	RGN updated loss=-14.00296686299192,dloss=-3.4496849821152864e-12
update time= 0.008774518966674805
step= 39

nparam= 240
	dense amplitude time= 0.009469747543334961
	total non-zero amplitudes= 4900
	nsamples per process= 50
	sample time= 5.426150321960449
self.n= 0.818986791636355
	collect g,h time= 9.484234094619751
E=-14.00296686299192,dE=-3.4496849821152864e-12,std=0
L=-14.00296686299192,dL=-3.4496849821152864e-12,std=0
	gnorm= 0.00030606357254896644
	collect S matrix time= 0.012194156646728516
	nonzero=137,wmax=3.5674646090049253,wmin=0.004143445035802381
	SR solver time= 0.003045797348022461
	collect H matrix time= 0.007862329483032227
	nonzero=137,smax=7.594550508249408,smin=0.013588406663566597
	RGN solver time= 0.00551152229309082
	xnorm=1.2430681736541362,dnorm=7.660636984059872e-07
update time= 0.008692264556884766
	dense amplitude time= 0.011499881744384766
	total non-zero amplitudes= 4900
	nsamples per process= 50
	sample time= 4.474745750427246
self.n= 0.8189867912879603
	RGN updated loss=-14.002966862994116,dloss=-2.1955770534987096e-12
update time= 0.00884389877319336
step= 40

nparam= 240
	dense amplitude time= 0.018261432647705078
	total non-zero amplitudes= 4900
	nsamples per process= 50
	sample time= 5.243910789489746
self.n= 0.8189867912879603
	collect g,h time= 9.627062559127808
E=-14.002966862994116,dE=-2.1955770534987096e-12,std=0
L=-14.002966862994116,dL=-2.1955770534987096e-12,std=0
	gnorm= 0.00030606135174743505
	collect S matrix time= 0.01262211799621582
	nonzero=137,wmax=3.56746461158774,wmin=0.004143444949618822
	SR solver time= 0.0030722618103027344
	collect H matrix time= 0.007831335067749023
	nonzero=137,smax=7.59455055349258,smin=0.01358840654499048
	RGN solver time= 0.00550079345703125
	xnorm=1.2430681696506813,dnorm=6.116858436818155e-07
update time= 0.008725404739379883
	dense amplitude time= 0.00983428955078125
	total non-zero amplitudes= 4900
	nsamples per process= 50
	sample time= 4.661149501800537
self.n= 0.8189867913271132
	RGN updated loss=-14.002966862995514,dloss=-1.3979928326079971e-12
update time= 0.008786201477050781
step= 41

nparam= 240
	dense amplitude time= 0.014507770538330078
	total non-zero amplitudes= 4900
	nsamples per process= 50
	sample time= 5.329576730728149
self.n= 0.8189867913271132
	collect g,h time= 9.575225591659546
E=-14.002966862995514,dE=-1.3979928326079971e-12,std=0
L=-14.002966862995514,dL=-1.3979928326079971e-12,std=0
	gnorm= 0.00030605993147703127
	collect S matrix time= 0.012367010116577148
	nonzero=137,wmax=3.5674646129151095,wmin=0.004143444873190633
	SR solver time= 0.003054380416870117
	collect H matrix time= 0.008000850677490234
	nonzero=137,smax=7.594550589232037,smin=0.013588406427571196
	RGN solver time= 0.0054819583892822266
	xnorm=1.2430681664558993,dnorm=4.884150913197192e-07
update time= 0.008799314498901367
	dense amplitude time= 0.010218620300292969
	total non-zero amplitudes= 4900
	nsamples per process= 50
	sample time= 4.616783142089844
self.n= 0.8189867915642564
	RGN updated loss=-14.002966862996413,dloss=-8.988365607365267e-13
update time= 0.008789777755737305
step= 42

nparam= 240
	dense amplitude time= 0.023810863494873047
	total non-zero amplitudes= 4900
	nsamples per process= 50
	sample time= 5.125935077667236
self.n= 0.8189867915642564
	collect g,h time= 9.554203033447266
E=-14.002966862996413,dE=-8.988365607365267e-13,std=0
L=-14.002966862996413,dL=-8.988365607365267e-13,std=0
	gnorm= 0.0003060590224614119
	collect S matrix time= 0.013283491134643555
	nonzero=137,wmax=3.567464613497573,wmin=0.004143444807188476
	SR solver time= 0.003080129623413086
	collect H matrix time= 0.007550954818725586
	nonzero=137,smax=7.594550617518961,smin=0.01358840631896068
	RGN solver time= 0.005525827407836914
	xnorm=1.2430681639070016,dnorm=3.8998418485207326e-07
update time= 0.008804798126220703
	dense amplitude time= 0.010222434997558594
	total non-zero amplitudes= 4900
	nsamples per process= 50
	sample time= 4.6471264362335205
self.n= 0.8189867918871646
	RGN updated loss=-14.002966862996978,dloss=-5.648814749292796e-13
update time= 0.008817672729492188
step= 43

nparam= 240
	dense amplitude time= 0.014863729476928711
	total non-zero amplitudes= 4900
	nsamples per process= 50
	sample time= 5.0964179039001465
self.n= 0.8189867918871646
	collect g,h time= 9.63126826286316
E=-14.002966862996978,dE=-5.648814749292796e-13,std=0
L=-14.002966862996978,dL=-5.648814749292796e-13,std=0
	gnorm= 0.00030605844010444307
	collect S matrix time= 0.012958526611328125
	nonzero=137,wmax=3.567464613652409,wmin=0.004143444751239025
	SR solver time= 0.003077268600463867
	collect H matrix time= 0.007701396942138672
	nonzero=137,smax=7.594550639943013,smin=0.013588406222548984
	RGN solver time= 0.005527973175048828
	xnorm=1.2430681618735042,dnorm=3.1138842042466306e-07
update time= 0.008785009384155273
	dense amplitude time= 0.009721994400024414
	total non-zero amplitudes= 4900
	nsamples per process= 50
	sample time= 4.88972806930542
self.n= 0.8189867922317406
	RGN updated loss=-14.002966862997342,dloss=-3.6415315207705135e-13
update time= 0.008870601654052734
step= 44

nparam= 240
	dense amplitude time= 0.016202449798583984
	total non-zero amplitudes= 4900
	nsamples per process= 50
	sample time= 5.174331903457642
self.n= 0.8189867922317406
	collect g,h time= 9.544462442398071
E=-14.002966862997342,dE=-3.6415315207705135e-13,std=0
L=-14.002966862997342,dL=-3.6415315207705135e-13,std=0
	gnorm= 0.0003060580665746535
	collect S matrix time= 0.01177525520324707
	nonzero=137,wmax=3.5674646135744172,wmin=0.0041434447044448736
	SR solver time= 0.0030412673950195312
	collect H matrix time= 0.007809162139892578
	nonzero=137,smax=7.594550657742624,smin=0.01358840613924926
	RGN solver time= 0.0054895877838134766
	xnorm=1.2430681602512492,dnorm=2.486312691811396e-07
update time= 0.008797645568847656
	dense amplitude time= 0.009479284286499023
	total non-zero amplitudes= 4900
	nsamples per process= 50
	sample time= 4.711685657501221
self.n= 0.8189867925631341
	RGN updated loss=-14.002966862997573,dloss=-2.3092638912203256e-13
update time= 0.008988618850708008
step= 45

nparam= 240
	dense amplitude time= 0.010323047637939453
	total non-zero amplitudes= 4900
	nsamples per process= 50
	sample time= 5.314581394195557
self.n= 0.8189867925631341
	collect g,h time= 9.616208553314209
E=-14.002966862997573,dE=-2.3092638912203256e-13,std=0
L=-14.002966862997573,dL=-2.3092638912203256e-13,std=0
	gnorm= 0.0003060578266340336
	collect S matrix time= 0.01257944107055664
	nonzero=137,wmax=3.5674646133810315,wmin=0.00414344466569953
	SR solver time= 0.003361940383911133
	collect H matrix time= 0.00730443000793457
	nonzero=137,smax=7.5945506718866325,smin=0.013588406068623889
	RGN solver time= 0.005820512771606445
	xnorm=1.2430681589569317,dnorm=1.9852131709469327e-07
update time= 0.008783578872680664
	dense amplitude time= 0.009898662567138672
	total non-zero amplitudes= 4900
	nsamples per process= 50
	sample time= 4.568292140960693
self.n= 0.8189867928642687
	RGN updated loss=-14.00296686299772,dloss=-1.474376176702208e-13
update time= 0.008936882019042969
step= 46

nparam= 240
	dense amplitude time= 0.00953221321105957
	total non-zero amplitudes= 4900
	nsamples per process= 50
	sample time= 5.39826512336731
self.n= 0.8189867928642687
	collect g,h time= 9.51818299293518
E=-14.00296686299772,dE=-1.474376176702208e-13,std=0
L=-14.00296686299772,dL=-1.474376176702208e-13,std=0
	gnorm= 0.0003060576722253061
	collect S matrix time= 0.012473821640014648
	nonzero=137,wmax=3.5674646131413743,wmin=0.004143444633862162
	SR solver time= 0.003040790557861328
	collect H matrix time= 0.007718086242675781
	nonzero=137,smax=7.594550683135638,smin=0.013588406009555501
	RGN solver time= 0.00549006462097168
	xnorm=1.2430681579241756,dnorm=1.5851010083458432e-07
update time= 0.008809089660644531
	dense amplitude time= 0.010338306427001953
	total non-zero amplitudes= 4900
	nsamples per process= 50
	sample time= 4.577928304672241
self.n= 0.8189867931284557
	RGN updated loss=-14.002966862997818,dloss=-9.769962616701378e-14
update time= 0.00875234603881836
step= 47

nparam= 240
	dense amplitude time= 0.009279012680053711
	total non-zero amplitudes= 4900
	nsamples per process= 50
	sample time= 5.235998868942261
self.n= 0.8189867931284557
	collect g,h time= 9.620325803756714
E=-14.002966862997818,dE=-9.769962616701378e-14,std=0
L=-14.002966862997818,dL=-9.769962616701378e-14,std=0
	gnorm= 0.0003060575726388486
	collect S matrix time= 0.012897968292236328
	nonzero=137,wmax=3.5674646128945975,wmin=0.004143444607854443
	SR solver time= 0.0030488967895507812
	collect H matrix time= 0.007920026779174805
	nonzero=137,smax=7.594550692088632,smin=0.013588405960649468
	RGN solver time= 0.005477190017700195
	xnorm=1.2430681571001012,dnorm=1.2656258856152629e-07
update time= 0.00882101058959961
	dense amplitude time= 0.010221481323242188
	total non-zero amplitudes= 4900
	nsamples per process= 50
	sample time= 4.5429487228393555
self.n= 0.8189867933547827
	RGN updated loss=-14.002966862997871,dloss=-5.3290705182007514e-14
update time= 0.008750438690185547
step= 48

nparam= 240
	dense amplitude time= 0.016815662384033203
	total non-zero amplitudes= 4900
	nsamples per process= 50
	sample time= 5.169943332672119
self.n= 0.8189867933547827
	collect g,h time= 9.597835540771484
E=-14.002966862997871,dE=-5.3290705182007514e-14,std=0
L=-14.002966862997871,dL=-5.3290705182007514e-14,std=0
	gnorm= 0.0003060575082319936
	collect S matrix time= 0.0169527530670166
	nonzero=137,wmax=3.5674646126614986,wmin=0.004143444586706631
	SR solver time= 0.0030274391174316406
	collect H matrix time= 0.007821321487426758
	nonzero=137,smax=7.594550699218427,smin=0.013588405920468685
	RGN solver time= 0.00545811653137207
	xnorm=1.2430681564424735,dnorm=1.0105379283345572e-07
update time= 0.008826971054077148
	dense amplitude time= 0.011582136154174805
	total non-zero amplitudes= 4900
	nsamples per process= 50
	sample time= 4.755112886428833
self.n= 0.818986793545516
	RGN updated loss=-14.00296686299791,dloss=-3.907985046680551e-14
update time= 0.008967161178588867
step= 49

nparam= 240
	dense amplitude time= 0.00845479965209961
	total non-zero amplitudes= 4900
	nsamples per process= 50
	sample time= 5.201469659805298
self.n= 0.818986793545516
	collect g,h time= 9.352722644805908
E=-14.00296686299791,dE=-3.907985046680551e-14,std=0
L=-14.00296686299791,dL=-3.907985046680551e-14,std=0
	gnorm= 0.00030605746644064245
	collect S matrix time= 0.012719392776489258
	nonzero=137,wmax=3.5674646124519342,wmin=0.004143444569572653
	SR solver time= 0.0030367374420166016
	collect H matrix time= 0.00790858268737793
	nonzero=137,smax=7.59455070489904,smin=0.013588405887649988
	RGN solver time= 0.005522727966308594
	xnorm=1.2430681559176386,dnorm=8.068613648971291e-08
update time= 0.008814096450805664
	dense amplitude time= 0.009568452835083008
	total non-zero amplitudes= 4900
	nsamples per process= 50
	sample time= 4.685964107513428
self.n= 0.8189867937042963
	RGN updated loss=-14.002966862997935,dloss=-2.4868995751603507e-14
update time= 0.0089874267578125
