run = 0
step= 29

nparam= 38
        dense amplitude time= 0.0017518997192382812
        total non-zero amplitudes= 36
        nsamples per process= 36
self.n= 0.6642673024680936
        collect g,h time= 0.29857921600341797
E=-4.187743373682386,dE=-0.0008511691010291145,std=0
L=-4.187743373682386,dL=-0.0008511691010291145,std=0
        gnorm= 0.05348603916603957
        collect S matrix time= 8.296966552734375e-05
        nonzero=19,wmax=1.5881433396523559,wmin=0.06270300641114179
        SR solver time= 0.00022935867309570312
        xnorm=0.8654825241355469,dnorm=0.00923060399072318
[ 0.2569584932  0.0019096187  0.0685661635 -0.0943789995  0.0876385467
 -0.0604551091]
[ 0.0278157396  0.07671239    0.3011200547 -0.2952925368]
[ 0.0178431968 -0.0057232825 -0.0588716756  0.0047644506  0.0473550514
 -0.0174728698  0.0144547114  0.0054703494  0.0236333462  0.0977421092
 -0.0306092197  0.0279004885  0.0000615325  0.0007596003 -0.0184707253
  0.0230829861 -0.0170388487 -0.0893458764  0.0049065493  0.0142615334
 -0.061941965  -0.0147349262 -0.0027862035  0.0019281462  0.5139107532
  0.4270437436 -0.0093678495  0.0544713302]
step= 49

nparam= 38
        dense amplitude time= 0.0017650127410888672
        total non-zero amplitudes= 36
        nsamples per process= 36
self.n= 0.47842005970501955
        collect g,h time= 0.2942478656768799
E=-4.255259889411193,dE=-6.107331440574626e-08,std=0
L=-4.255259889411193,dL=-6.107331440574626e-08,std=0
        gnorm= 0.00026401247583094343
        collect S matrix time= 6.794929504394531e-05
        xnorm=1.5757166895460903,dnorm=0.0
        nonzero=17,wmax=3.046721748144866,wmin=0.30674889789841486
        SR solver time= 0.00022792816162109375
        collect H matrix time= 2.9087066650390625e-05
        nonzero=18,smax=2.829391460088452,smin=0.003555521444992335
        RGN solver time= 0.000274658203125
        xnorm=1.5757166895460903,dnorm=0.00030164390460430746
        dense amplitude time= 0.0017311573028564453
        total non-zero amplitudes= 36
        nsamples per process= 36
self.n= 0.47840036389962165
        RGN updated loss=-4.255259950119051,dloss=-6.070785740774909e-08
[ 0.0643365723 -0.2774689838  0.415619249  -0.441432085   0.0864759847
  0.2860006033]
[ 0.0814462269  0.1747539172  0.5574006267 -0.4979837628]
[ 0.0139109659 -0.0329843515 -0.5100918984  0.009695248   0.2274467467
 -0.0824883256  0.0230409695 -0.4507369596  0.0363951962  0.3330574214
 -0.0361016612  0.0265393623 -0.0632927746 -0.0175445479 -0.0640482775
  0.0177382794 -0.0273179591 -0.261932358  -0.0040187138 -0.0736008987
 -0.2919102473 -0.0012753325  0.0176664445  0.0218804654  0.5579517289
  0.4773429215 -0.0176076828  0.0439173067]

run = 1
step= 29

nparam= 38
        dense amplitude time= 0.001888275146484375
        total non-zero amplitudes= 36
        nsamples per process= 36
self.n= 0.8763485650088404
        collect g,h time= 0.3016021251678467
E=-4.184371658427112,dE=-0.0005068599716091526,std=0
L=-4.184371658427112,dL=-0.0005068599716091526,std=0
        gnorm= 0.05949582059573193
        collect S matrix time= 6.771087646484375e-05
        nonzero=20,wmax=2.9817894843458923,wmin=0.02444060997222085
        SR solver time= 0.000232696533203125
        xnorm=1.5712204274235118,dnorm=0.011234907712981428
[ 0.2800734018 -0.0341927074  0.0533563324 -0.0479746199  0.053499058
 -0.0276568755]
[ 0.1630762453  0.8769560049  0.825918842  -0.8772044477]
[ 0.1626214815 -0.0170405185 -0.0032668574 -0.007760863  -0.0128459453
  0.025413704   0.1034300466  0.023708665   0.0318655818 -0.0088800866
  0.031904612  -0.1245569816 -0.0147328206 -0.1558423866  0.0107960396
 -0.0928847109 -0.0368327363  0.0000178471  0.120402788  -0.0107391023
  0.0056918002  0.0333788779 -0.1707605556 -0.0014300364 -0.0270131092
  0.000371572   0.011368199   0.1073651305]
step= 49

nparam= 38
        dense amplitude time= 0.0017480850219726562
        total non-zero amplitudes= 36
        nsamples per process= 36
self.n= 0.5782901082371895
        collect g,h time= 0.2947251796722412
E=-4.2552244910319645,dE=-3.2333078481272537e-06,std=0
L=-4.2552244910319645,dL=-3.2333078481272537e-06,std=0
        gnorm= 0.0005093416560594347
        collect S matrix time= 6.29425048828125e-05
        xnorm=2.045281603115737,dnorm=0.0
        nonzero=17,wmax=2.8330121940745325,wmin=0.08737976341496032
        SR solver time= 0.000232696533203125
        collect H matrix time= 2.956390380859375e-05
        nonzero=17,smax=2.8896973710197753,smin=0.06694097981284558
        RGN solver time= 0.00027441978454589844
        xnorm=2.045281603115737,dnorm=0.002416582574621063
        dense amplitude time= 0.001683950424194336
        total non-zero amplitudes= 36
        nsamples per process= 36
self.n= 0.5774297530825272
        RGN updated loss=-4.255226276700324,dloss=-1.7856683598438394e-06
[-0.0169502787  0.067794171   0.0917662296 -0.0863845171  0.1304233005
 -0.2177420323]
[-0.0155968197  0.9518333866  0.7860520881 -0.904850708 ]
[ 0.1007042011 -0.3920548719  0.4065379159  0.2460234134 -0.1604766739
  0.0292684096 -0.053208371   0.4575827713  0.3773332868 -0.1076344345
 -0.1870132217  0.1196886307 -0.0031893588  0.1079106831  0.03789642
 -0.0844220787 -0.2508261257  0.1343831698  0.0894493151 -0.0445119322
  0.1019971274  0.3111858575  0.133464079   0.3784648709 -0.4335618414
 -0.4322936352 -0.399453758   0.0967760269]
