run = 0
step= 199

nparam= 31
        dense amplitude time= 0.0019059181213378906
        total non-zero amplitudes= 36
        nsamples per process= 12
self.n= 0.4904944088344049
        collect g,h time= 0.14643216133117676
E=-4.2988442096354635,dE=-1.2373142510568869e-09,std=0
L=-4.2988442096354635,dL=-1.2373142510568869e-09,std=0
        gnorm= 2.447772202027294e-06
        collect S matrix time= 2.47955322265625e-05
        SR solver time= 5.8650970458984375e-05
        collect H matrix time= 2.1696090698242188e-05
        RGN solver time= 3.4332275390625e-05
        xnorm=2.8644478087867253,dnorm=0.0007298687320033266
        dense amplitude time= 0.0008740425109863281
        total non-zero amplitudes= 36
        nsamples per process= 12
self.n= 0.49042649377203923
        RGN updated loss=-4.298844210778034,dloss=-1.142570482670635e-09
[ 0.4140870895  0.4163131276  0.0005613882 -0.0149769023 -0.0150174047
 -0.1700721323]
[ 0.3317909938  0.9809089317  0.055235347   0.290629732  -0.8118146833
 -0.5199597465 -0.1267454113 -0.2481994954  0.6273736063  1.2499900467
 -0.2296762851  0.3983447408 -0.0001804651]
[ 0.9559839717 -0.1239784043  0.4332953199  0.123577688   0.4918395532
 -0.3619705564  0.1286364158 -0.3862822708 -0.4040346016  1.1778486237
  0.3693219266 -0.3738869511]
