R=1.00,ecore=0.52917721092
hcore:
0 0 -0.5891210037060828
1 1 -1.110844179883727
eri:
0 0 0 0 0.6530707469425734
0 0 1 1 0.6217067631197131
0 1 0 1 0.19679058348547007
0 1 1 0 0.19679058348547007
1 0 0 1 0.19679058348547007
1 0 1 0 0.19679058348547007
1 1 0 0 0.6217067631197126
1 1 1 1 0.6264024995295174
R=1.01,ecore=0.5239378325940595
hcore:
0 0 -0.5920209024769473
1 1 -1.1059273439520385
eri:
0 0 0 0 0.6514752147106077
0 0 1 1 0.6202244296433942
0 1 0 1 0.19742532758978762
0 1 1 0 0.19742532758978762
1 0 0 1 0.19742532758978762
1 0 1 0 0.19742532758978762
1 1 0 0 0.6202244296433939
1 1 1 1 0.6246337830192915
R=1.02,ecore=0.5188011871764706
hcore:
0 0 -0.5948403300715064
1 1 -1.1010493844270246
eri:
0 0 0 0 0.6498878339411353
0 0 1 1 0.6187521372217869
0 1 0 1 0.1980621406556489
0 1 1 0 0.1980621406556489
1 0 0 1 0.1980621406556489
1 0 1 0 0.1980621406556489
1 1 0 0 0.618752137221787
1 1 1 1 0.6228745757371309
R=1.03,ecore=0.513764282446602
hcore:
0 0 -0.5975815696720503
1 1 -1.0962099976689168
eri:
0 0 0 0 0.6483085758577333
0 0 1 1 0.6172898891218817
0 1 0 1 0.19870095062479265
0 1 1 0 0.19870095062479265
1 0 0 1 0.19870095062479265
1 0 1 0 0.19870095062479265
1 1 0 0 0.6172898891218817
1 1 1 1 0.6211251278610644
R=1.04,ecore=0.5088242412692309
hcore:
0 0 -0.6002468032409142
1 1 -1.09140888690577
eri:
0 0 0 0 0.6467374171804857
0 0 1 1 0.6158376874301865
0 1 0 1 0.19934168412065
0 1 1 0 0.19934168412065
1 0 0 1 0.19934168412065
1 0 1 0 0.19934168412065
1 1 0 0 0.6158376874301861
1 1 1 1 0.6193856821435593
R=1.05,ecore=0.5039782961142857
hcore:
0 0 -0.6028381163108592
1 1 -1.0866457627656483
eri:
0 0 0 0 0.6451743398813239
0 0 1 1 0.61439553309292
0 1 0 1 0.1999842665359667
0 1 1 0 0.1999842665359667
1 0 0 1 0.1999842665359667
1 0 1 0 0.1999842665359667
1 1 0 0 0.6143955330929204
1 1 1 1 0.6176564737701732
R=1.06,ecore=0.4992237838867925
hcore:
0 0 -0.6053575027769992
1 1 -1.0819203436815
eri:
0 0 0 0 0.6436193309247991
0 0 1 1 0.6129634259440323
0 1 0 1 0.20062862212352636
0 1 1 0 0.20062862212352636
1 0 0 1 0.20062862212352636
1 0 1 0 0.20062862212352636
1 1 0 0 0.6129634259440319
1 1 1 1 0.6159377302296951
R=1.07,ecore=0.49455814104672896
hcore:
0 0 -0.607806869655411
1 1 -1.0772323561762476
eri:
0 0 0 0 0.6420723819971548
0 0 1 1 0.6115413647226773
0 1 0 1 0.20127467408936017
0 1 1 0 0.20127467408936017
1 0 0 1 0.20127467408936017
1 0 1 0 0.20127467408936017
1 1 0 0 0.6115413647226768
1 1 1 1 0.6142296711962982
R=1.08,ecore=0.4899788990000001
hcore:
0 0 -0.6101880417781486
1 1 -1.0725815350366465
eri:
0 0 0 0 0.6405334892264233
0 0 1 1 0.6101293470816956
0 1 0 1 0.20192234468782122
0 1 1 0 0.20192234468782122
1 0 0 1 0.20192234468782122
1 0 1 0 0.20192234468782122
1 1 0 0 0.6101293470816953
1 1 1 1 0.612532508424139
R=1.09,ecore=0.4854836797431193
hcore:
0 0 -0.6125027663971591
1 1 -1.0679676233846842
eri:
0 0 0 0 0.639002652896024
0 0 1 1 0.6087273695885145
0 1 0 1 0.20257155531795762
0 1 1 0 0.20257155531795762
1 0 0 1 0.20257155531795762
1 0 1 0 0.20257155531795762
1 1 0 0 0.6087273695885145
1 1 1 1 0.6108464456547138
R=1.10,ecore=0.4810701917454545
hcore:
0 0 -0.6147527176739525
1 1 -1.0633903726559355
eri:
0 0 0 0 0.6374798771540351
0 0 1 1 0.6073354277197847
0 1 0 1 0.20322222662064954
0 1 1 0 0.20322222662064954
1 0 0 1 0.20322222662064954
1 0 1 0 0.20322222662064954
1 1 0 0 0.6073354277197847
1 1 1 1 0.6091716785372365
R=1.11,ecore=0.4767362260540541
hcore:
0 0 -0.6169395010345752
1 1 -1.0588495424941904
eri:
0 0 0 0 0.6359651697201667
0 0 1 1 0.6059535158509051
0 1 0 1 0.20387427857602847
0 1 1 0 0.20387427857602847
1 0 0 1 0.20387427857602847
1 0 1 0 0.20387427857602847
1 1 0 0 0.6059535158509051
1 1 1 1 0.607508394562142
R=1.12,ecore=0.4724796526071428
hcore:
0 0 -0.619064657373037
1 1 -1.0543449005718286
eri:
0 0 0 0 0.6344585415923834
0 0 1 1 0.6045816272415754
0 1 0 1 0.20452763060068332
0 1 1 0 0.20452763060068332
1 0 0 1 0.20452763060068332
1 0 1 0 0.20452763060068332
1 1 0 0 0.6045816272415757
1 1 1 1 0.6058567730078105
R=1.13,ecore=0.4682984167433629
hcore:
0 0 -0.6211296670893507
1 1 -1.049876222345308
eri:
0 0 0 0 0.6329600067546781
0 0 1 1 0.603219754018312
0 1 0 1 0.20518220164425882
0 1 1 0 0.20518220164425882
1 0 0 1 0.20518220164425882
1 0 1 0 0.20518220164425882
1 1 0 0 0.6032197540183117
1 1 1 1 0.6042169849005018
R=1.14,ecore=0.4641905358947369
hcore:
0 0 -0.6231359539512762
1 1 -1.0454432907548816
eri:
0 0 0 0 0.6314695818875946
0 0 1 1 0.6018678871548215
0 1 0 1 0.20583791028503357
0 1 1 0 0.20583791028503357
1 0 0 1 0.20583791028503357
1 0 1 0 0.20583791028503357
1 1 0 0 0.6018678871548215
1 1 1 1 0.6025891929874104
R=1.15,ecore=0.46015409645217403
hcore:
0 0 -0.6250848887715184
1 1 -1.0410458958773945
eri:
0 0 0 0 0.6299872860826785
0 0 1 1 0.6005260164510049
0 1 0 1 0.20649467482415518
0 1 1 0 0.20649467482415518
1 0 0 1 0.20649467482415518
1 0 1 0 0.20649467482415518
1 1 0 0 0.6005260164510047
1 1 1 1 0.6009735517227209
R=1.16,ecore=0.4561872507931035
hcore:
0 0 -0.62697779289466
1 1 -1.036683834540585
eri:
0 0 0 0 0.6285131405620865
0 0 1 1 0.5991941305112752
0 1 0 1 0.20715241337819026
0 1 1 0 0.20715241337819026
1 0 0 1 0.20715241337819026
1 0 1 0 0.20715241337819026
1 1 0 0 0.5991941305112756
1 1 1 1 0.5993702072664602
R=1.17,ecore=0.4522882144615385
hcore:
0 0 -0.6288159414903924
1 1 -1.0323569099068968
eri:
0 0 0 0 0.6270471684044107
0 0 1 1 0.5978722167228496
0 1 0 1 0.20781104396967987
0 1 1 0 0.20781104396967987
1 0 0 1 0.20781104396967987
1 0 1 0 0.20781104396967987
1 1 0 0 0.5978722167228495
1 1 1 1 0.5977792974959353
R=1.18,ecore=0.4484552634915255
hcore:
0 0 -0.6306005666516463
1 1 -1.0280649310342755
eri:
0 0 0 0 0.625589394277404
0 0 1 1 0.5965602612344401
0 1 0 1 0.20847048461552578
0 1 1 0 0.20847048461552578
1 0 0 1 0.20847048461552578
1 0 1 0 0.20847048461552578
1 1 0 0 0.5965602612344401
1 1 1 1 0.5962009520294296
R=1.19,ecore=0.44468673186554625
hcore:
0 0 -0.6323328602981158
1 1 -1.0238077124209153
eri:
0 0 0 0 0.6241398441785981
0 0 1 1 0.5952582489359117
0 1 0 1 0.20913065341288328
0 1 1 0 0.20913065341288328
1 0 0 1 0.20913065341288328
1 0 1 0 0.20913065341288328
1 1 0 0 0.595258248935912
1 1 1 1 0.5946352922618806
R=1.20,ecore=0.44098100910000004
hcore:
0 0 -0.6340139768872501
1 1 -1.0195850735403225
eri:
0 0 0 0 0.6226985451842453
0 0 1 1 0.5939661634392067
0 1 0 1 0.20979146862244544
0 1 1 0 0.20979146862244544
1 0 0 1 0.20979146862244544
1 0 1 0 0.20979146862244544
1 1 0 0 0.5939661634392067
1 1 1 1 0.5930824314121549
R=1.21,ecore=0.4373365379504133
hcore:
0 0 -0.6356450359362682
1 1 -1.0153968383725107
eri:
0 0 0 0 0.6212655252072292
0 0 1 1 0.5926839870608962
0 1 0 1 0.21045284874892012
0 1 1 0 0.21045284874892012
1 0 0 1 0.21045284874892012
1 0 1 0 0.21045284874892012
1 1 0 0 0.5926839870608961
1 1 1 1 0.5915424745815451
R=1.22,ecore=0.43375181222950826
hcore:
0 0 -0.6372271243599296
1 1 -1.0112428349365312
eri:
0 0 0 0 0.6198408127643371
0 0 1 1 0.5914117008066144
0 1 0 1 0.21111471261856127
0 1 1 0 0.21111471261856127
1 0 0 1 0.21111471261856127
1 0 1 0 0.21111471261856127
1 1 0 0 0.5914117008066145
1 1 1 1 0.5900155188230733
R=1.23,ecore=0.43022537473170736
hcore:
0 0 -0.6387612986298745
1 1 -1.0071228948289763
eri:
0 0 0 0 0.6184244367532575
0 0 1 1 0.5901492843575928
0 1 0 1 0.21177697945364604
0 1 1 0 0.21177697945364604
1 0 0 1 0.21177697945364604
1 0 1 0 0.21177697945364604
1 1 0 0 0.590149284357593
1 1 1 1 0.5885016532211734
R=1.24,ecore=0.4267558152580646
hcore:
0 0 -0.6402485867621699
1 1 -1.003036852772505
eri:
0 0 0 0 0.617016426239543
0 0 1 1 0.588896716059442
0 1 0 1 0.2124395689438084
0 1 1 0 0.2124395689438084
1 0 0 1 0.2124395689438084
1 0 1 0 0.2124395689438084
1 1 0 0 0.5888967160594419
1 1 1 1 0.587000958981287
R=1.25,ecore=0.42334176873600005
hcore:
0 0 -0.6416899901404145
1 1 -0.99898454617791
eri:
0 0 0 0 0.6156168102537678
0 0 1 1 0.5876539729133293
0 1 0 1 0.21310240131415084
0 1 1 0 0.21310240131415084
1 0 0 1 0.21310240131415084
1 0 1 0 0.21310240131415084
1 1 0 0 0.5876539729133294
1 1 1 1 0.5855135095289282
R=1.26,ecore=0.41998191342857144
hcore:
0 0 -0.6430864851822775
1 1 -0.9949658147226669
eri:
0 0 0 0 0.6142256175989813
0 0 1 1 0.5864210305696066
0 1 0 1 0.21376539739009529
0 1 1 0 0.21376539739009529
1 0 0 1 0.21376539739009529
1 0 1 0 0.21376539739009529
1 1 0 0 0.5864210305696066
1 1 1 1 0.5840393706177018
R=1.27,ecore=0.4166749692283465
hcore:
0 0 -0.644439024857751
1 1 -0.9909804999484626
eri:
0 0 0 0 0.6128428766685345
0 0 1 1 0.585197863323962
0 1 0 1 0.21442847865893402
0 1 1 0 0.21442847865893402
1 0 0 1 0.21442847865893402
1 0 1 0 0.21442847865893402
1 1 0 0 0.5851978633239621
1 1 1 1 0.5825786004458263
R=1.28,ecore=0.41341969603125
hcore:
0 0 -0.6457485400676719
1 1 -0.9870284448796578
eri:
0 0 0 0 0.6114686152743075
0 0 1 1 0.583984444116099
0 1 0 1 0.21509156732807255
0 1 1 0 0.21509156732807255
1 0 0 1 0.21509156732807255
1 0 1 0 0.21509156732807255
1 1 0 0 0.5839844441160993
1 1 1 1 0.5811312497806256
R=1.29,ecore=0.41021489218604656
hcore:
0 0 -0.6470159408911993
1 1 -0.9831094936642506
eri:
0 0 0 0 0.6101028604852875
0 0 1 1 0.582780744530943
0 1 0 1 0.21575458637996317
0 1 1 0 0.21575458637996317
1 0 0 1 0.21575458637996317
1 0 1 0 0.21575458637996317
1 1 0 0 0.582780744530943
1 1 1 1 0.5796973620905128
R=1.30,ecore=0.40705939301538463
hcore:
0 0 -0.6482421177110167
1 1 -0.979223491238455
eri:
0 0 0 0 0.6087456384764405
0 0 1 1 0.5815867348023436
0 1 0 1 0.2164174596237472
0 1 1 0 0.2164174596237472
1 0 0 1 0.2164174596237472
1 0 1 0 0.2164174596237472
1 1 0 0 0.5815867348023434
1 1 1 1 0.5782769736839475
R=1.31,ecore=0.40395206940458017
hcore:
0 0 -0.649427942224935
1 1 -0.9753702830156774
eri:
0 0 0 0 0.6073969743877454
0 0 1 1 0.5804023838192198
0 1 0 1 0.2170801117436391
0 1 1 0 0.2170801117436391
1 0 0 1 0.2170801117436391
1 0 1 0 0.2170801117436391
1 1 0 0 0.5804023838192199
1 1 1 1 0.5768701138548611
R=1.32,ecore=0.40089182645454546
hcore:
0 0 -0.6505742683524148
1 1 -0.9715497146003201
eri:
0 0 0 0 0.6060568921932927
0 0 1 1 0.5792276591341008
0 1 0 1 0.21774246834407207
0 1 1 0 0.21774246834407207
1 0 0 1 0.21774246834407207
1 0 1 0 0.21774246834407207
1 1 0 0 0.5792276591341006
1 1 1 1 0.5754768050340534
R=1.33,ecore=0.3978776021954888
hcore:
0 0 -0.6516819330446062
1 1 -0.9677616315264171
eri:
0 0 0 0 0.6047254145802681
0 0 1 1 0.5780625269739789
0 1 0 1 0.21840445599166275
0 1 1 0 0.21840445599166275
1 0 0 1 0.21840445599166275
1 0 1 0 0.21840445599166275
1 1 0 0 0.5780625269739791
1 1 1 1 0.574097062946056
R=1.34,ecore=0.394908366358209
hcore:
0 0 -0.6527517570058492
1 1 -0.9640058790211399
eri:
0 0 0 0 0.6034025628375195
0 0 1 1 0.5769069522533388
0 1 0 1 0.21906600225409917
0 1 1 0 0.21906600225409917
1 0 0 1 0.21906600225409917
1 0 1 0 0.21906600225409917
1 1 0 0 0.5769069522533388
1 1 1 1 0.5727308967709344
R=1.35,ecore=0.39198311919999995
hcore:
0 0 -0.653784545334672
1 1 -0.9602823017926566
eri:
0 0 0 0 0.6020883567536588
0 0 1 1 0.5757608985893408
0 1 0 1 0.21972703573593877
0 1 1 0 0.21972703573593877
1 0 0 1 0.21972703573593877
1 0 1 0 0.21972703573593877
1 1 0 0 0.5757608985893408
1 1 1 1 0.5713783093105835
R=1.36,ecore=0.38910089038235296
hcore:
0 0 -0.6547810880915935
1 1 -0.9565907438417356
eri:
0 0 0 0 0.6007828145243493
0 0 1 1 0.5746243283189937
0 1 0 1 0.22038748611145512
0 1 1 0 0.22038748611145512
1 0 0 1 0.22038748611145512
1 0 1 0 0.22038748611145512
1 1 0 0 0.5746243283189936
1 1 1 1 0.5700392971589846
R=1.37,ecore=0.3862607378978102
hcore:
0 0 -0.6557421608011789
1 1 -0.9529310482964427
eri:
0 0 0 0 0.599485952668549
0 0 1 1 0.5734972025182288
0 1 0 1 0.22104728415458094
0 1 1 0 0.22104728415458094
1 0 0 1 0.22104728415458094
1 0 1 0 0.22104728415458094
1 1 0 0 0.5734972025182287
1 1 1 1 0.5687138508759688
R=1.38,ecore=0.38346174704347835
hcore:
0 0 -0.6566685248949673
1 1 -0.9493030572689503
eri:
0 0 0 0 0.5981977859534662
0 0 1 1 0.5723794810227605
0 1 0 1 0.221706361766044
0 1 1 0 0.221706361766044
1 0 0 1 0.221706361766044
1 0 1 0 0.221706361766044
1 1 0 0 0.5723794810227605
1 1 1 1 0.5674019551640089
R=1.39,ecore=0.380703029438849
hcore:
0 0 -0.6575609281017192
1 1 -0.9457066117334473
eri:
0 0 0 0 0.5969183273279183
0 0 1 1 0.5712711224506033
0 1 0 1 0.22236465199777927
0 1 1 0 0.22236465199777927
1 0 0 1 0.22236465199777927
1 0 1 0 0.22236465199777927
1 1 0 0 0.5712711224506035
1 1 1 1 0.5661035890475749
R=1.40,ecore=0.37798372208571435
hcore:
0 0 -0.658420104790995
1 1 -0.942141551424057
eri:
0 0 0 0 0.5956475878638571
0 0 1 1 0.5701720842261441
0 1 0 1 0.22302208907471469
0 1 1 0 0.22302208907471469
1 0 0 1 0.22302208907471469
1 0 1 0 0.22302208907471469
1 1 0 0 0.5701720842261442
1 1 1 1 0.5648187260546015
R=1.41,ecore=0.37530298646808513
hcore:
0 0 -0.6592467762756482
1 1 -0.9386077147515758
eri:
0 0 0 0 0.5943855767057045
0 0 1 1 0.5690823226056346
0 1 0 1 0.22367860841402132
0 1 1 0 0.22367860841402132
1 0 0 1 0.22367860841402132
1 0 1 0 0.22367860841402132
1 1 0 0 0.5690823226056343
1 1 1 1 0.5635473343996358
R=1.42,ecore=0.37266000769014085
hcore:
0 0 -0.6600416510784223
1 1 -0.9351049387378091
eri:
0 0 0 0 0.5931323010272651
0 0 1 1 0.5680017927040011
0 1 0 1 0.2243341466419238
0 1 1 0 0.2243341466419238
1 0 0 1 0.2243341466419238
1 0 1 0 0.2243341466419238
1 1 0 0 0.568001792704001
1 1 1 1 0.5622893771682312
R=1.43,ecore=0.3700539936503497
hcore:
0 0 -0.6608054251674377
1 1 -0.9316330589662482
eri:
0 0 0 0 0.5918877659958726
0 0 1 1 0.5669304485228428
0 1 0 1 0.22498864160817403
0 1 1 0 0.22498864160817403
1 0 0 1 0.22498864160817403
1 0 1 0 0.22498864160817403
1 1 0 0 0.5669304485228428
1 1 1 1 0.5610448125021688
R=1.44,ecore=0.36748417425
hcore:
0 0 -0.6615387821649625
1 1 -0.9281919095478273
eri:
0 0 0 0 0.5906519747434732
0 0 1 1 0.5658682429795141
0 1 0 1 0.22564203239828268
0 1 1 0 0.22564203239828268
1 0 0 1 0.22564203239828268
1 0 1 0 0.22564203239828268
1 1 0 0 0.565868242979514
1 1 1 1 0.559813593785122
R=1.45,ecore=0.3649498006344828
hcore:
0 0 -0.6622423935334767
1 1 -0.9247813231004935
eri:
0 0 0 0 0.5894249283443704
0 0 1 1 0.564815127937173
0 1 0 1 0.22629425934361336
0 1 1 0 0.22629425934361336
1 0 0 1 0.22629425934361336
1 0 1 0 0.22629425934361336
1 1 0 0 0.5648151279371729
1 1 1 1 0.5585956698283532
R=1.46,ecore=0.36245014446575347
hcore:
0 0 -0.6629169187426807
1 1 -0.9214011307413366
eri:
0 0 0 0 0.5882066257992968
0 0 1 1 0.5637710542357
0 1 0 1 0.22694526402942372
0 1 1 0 0.22694526402942372
1 0 0 1 0.22694526402942372
1 0 1 0 0.22694526402942372
1 1 0 0 0.5637710542357
1 1 1 1 0.5573909850560934
R=1.47,ecore=0.35998449722448983
hcore:
0 0 -0.6635630054207367
1 1 -0.9180511620900711
eri:
0 0 0 0 0.5869970640255427
0 0 1 1 0.5627359717233815
0 1 0 1 0.22759498930096378
0 1 1 0 0.22759498930096378
1 0 0 1 0.22759498930096378
1 0 1 0 0.22759498930096378
1 1 0 0 0.5627359717233813
1 1 1 1 0.556199479690245
R=1.48,ecore=0.3575521695405406
hcore:
0 0 -0.6641812894927017
1 1 -0.9147312452826665
eri:
0 0 0 0 0.5857962378527782
0 0 1 1 0.5617098292892296
0 1 0 1 0.22824337926774227
0 1 1 0 0.22824337926774227
1 0 0 1 0.22824337926774227
1 0 1 0 0.22824337926774227
1 1 0 0 0.5617098292892296
1 1 1 1 0.5550210899340391
R=1.49,ecore=0.3551524905503356
hcore:
0 0 -0.6647723953087945
1 1 -0.9114412069939954
eri:
0 0 0 0 0.5846041400243553
0 0 1 1 0.5606925748958917
0 1 0 1 0.22889037930602735
0 1 1 0 0.22889037930602735
1 0 0 1 0.22889037930602735
1 0 1 0 0.22889037930602735
1 1 0 0 0.5606925748958916
1 1 1 1 0.5538557481543624
R=1.50,ecore=0.35278480728
hcore:
0 0 -0.6653369357648331
1 1 -0.9081808724683997
eri:
0 0 0 0 0.5834207612037239
0 0 1 1 0.559684155613012
0 1 0 1 0.22953593605970182
0 1 1 0 0.22953593605970182
1 0 0 1 0.22953593605970182
1 0 1 0 0.22953593605970182
1 1 0 0 0.559684155613012
1 1 1 1 0.5527033830624131
R=1.51,ecore=0.3504484840529801
hcore:
0 0 -0.6658755124169176
1 1 -0.9049500655571412
eri:
0 0 0 0 0.5822460899857305
0 0 1 1 0.5586845176509967
0 1 0 1 0.23017999743954728
0 1 1 0 0.23017999743954728
1 0 0 1 0.23017999743954728
1 0 1 0 0.23017999743954728
1 1 0 0 0.5586845176509967
1 1 1 1 0.551563919892413
R=1.52,ecore=0.3481429019210527
hcore:
0 0 -0.6663887155921016
1 1 -0.9017486087617268
eri:
0 0 0 0 0.5810801129124635
0 0 1 1 0.5576936063950716
0 1 0 1 0.23082251262106485
0 1 1 0 0.23082251262106485
1 0 0 1 0.23082251262106485
1 0 1 0 0.23082251262106485
1 1 0 0 0.5576936063950716
1 1 1 1 0.5504372805780904
R=1.53,ecore=0.3458674581176471
hcore:
0 0 -0.6668771244967435
1 1 -0.8985763232822597
eri:
0 0 0 0 0.579922814493393
0 0 1 1 0.5567113664395622
0 1 0 1 0.23146343204091335
0 1 1 0 0.23146343204091335
1 0 0 1 0.23146343204091335
1 0 1 0 0.23146343204091335
1 1 0 0 0.5567113664395622
1 1 1 1 0.5493233839266689
R=1.54,ecore=0.3436215655324676
hcore:
0 0 -0.667341307323706
1 1 -0.8954330290698661
eri:
0 0 0 0 0.578774177229535
0 0 1 1 0.5557377416223304
0 1 0 1 0.23210270739205063
0 1 1 0 0.23210270739205063
1 0 0 1 0.23210270739205063
1 0 1 0 0.23210270739205063
1 1 0 0 0.5557377416223306
1 1 1 1 0.5482221457901324
R=1.55,ecore=0.3414046522064516
hcore:
0 0 -0.6677818213596375
1 1 -0.8923185448824653
eri:
0 0 0 0 0.5776341816413479
0 0 1 1 0.5547726750592893
0 1 0 1 0.23274029161766469
0 1 1 0 0.23274029161766469
1 0 0 1 0.23274029161766469
1 0 1 0 0.23274029161766469
1 1 0 0 0.5547726750592894
1 1 1 1 0.5471334792335378
R=1.56,ecore=0.33921616084615386
hcore:
0 0 -0.6681992130932438
1 1 -0.8892326883431237
eri:
0 0 0 0 0.5765028063001181
0 0 1 1 0.5538161091789303
0 1 0 1 0.233376138903979
0 1 1 0 0.233376138903979
1 0 0 1 0.233376138903979
1 0 1 0 0.233376138903979
1 1 0 0 0.5538161091789302
1 1 1 1 0.5460572947001573
R=1.57,ecore=0.3370555483566879
hcore:
0 0 -0.6685940183253325
1 1 -0.8861752760003422
eri:
0 0 0 0 0.575380027862574
0 0 1 1 0.5528679857568067
0 1 0 1 0.23401020467200515
0 1 1 0 0.23401020467200515
1 0 0 1 0.23401020467200515
1 0 1 0 0.23401020467200515
1 1 0 0 0.5528679857568066
1 1 1 1 0.5449935001732696
R=1.58,ecore=0.3349222853924051
hcore:
0 0 -0.6689667622812396
1 1 -0.8831461233896578
eri:
0 0 0 0 0.574265821108475
0 0 1 1 0.551928245949909
0 1 0 1 0.2346424455683258
0 1 1 0 0.2346424455683258
1 0 0 1 0.2346424455683258
1 0 1 0 0.2346424455683258
1 1 0 0 0.5519282459499091
1 1 1 1 0.5439420013344187
R=1.59,ecore=0.33281585592452834
hcore:
0 0 -0.6693179597261448
1 1 -0.8801450450960342
eri:
0 0 0 0 0.5731601589809375
0 0 1 1 0.5509968303308833
0 1 0 1 0.23527281945497833
0 1 1 0 0.23527281945497833
1 0 0 1 0.23527281945497833
1 0 1 0 0.23527281945497833
1 1 0 0 0.5509968303308833
1 1 1 1 0.5429027017179833
R=1.60,ecore=0.330735756825
hcore:
0 0 -0.6696481150835148
1 1 -0.8771718548164864
eri:
0 0 0 0 0.5720630126292587
0 0 1 1 0.5500736789220394
0 1 0 1 0.23590128539850813
0 1 1 0 0.23590128539850813
1 0 0 1 0.23590128539850813
1 0 1 0 0.23590128539850813
1 1 0 0 0.5500736789220392
1 1 1 1 0.5418755028619169
R=1.61,ecore=0.3286814974658385
hcore:
0 0 -0.669957722557094
1 1 -0.8742263654226071
eri:
0 0 0 0 0.5709743514540192
0 0 1 1 0.5491587312291035
0 1 0 1 0.23652780365826817
0 1 1 0 0.23652780365826817
1 0 0 1 0.23652780365826817
1 0 1 0 0.23652780365826817
1 1 0 0 0.5491587312291034
1 1 1 1 0.5408603044545265
R=1.62,ecore=0.32665259933333335
hcore:
0 0 -0.6702472662564392
1 1 -0.871308389022533
eri:
0 0 0 0 0.5698941431542279
0 0 1 1 0.5482519262746696
0 1 0 1 0.23715233567401905
0 1 1 0 0.23715233567401905
1 0 0 1 0.23715233567401905
1 0 1 0 0.23715233567401905
1 1 0 0 0.5482519262746693
1 1 1 1 0.5398570044771857
R=1.63,ecore=0.3246485956564418
hcore:
0 0 -0.670517220326123
1 1 -0.8684177370220607
eri:
0 0 0 0 0.568822353776314
0 0 1 1 0.5473532026313113
0 1 0 1 0.23777484405290178
0 1 1 0 0.23777484405290178
1 0 0 1 0.23777484405290178
1 0 1 0 0.23777484405290178
1 1 0 0 0.5473532026313112
1 1 1 1 0.5388654993428827
R=1.64,ecore=0.32266903104878053
hcore:
0 0 -0.670768049078576
1 1 -0.8655542201846214
eri:
0 0 0 0 0.5677589477647461
0 0 1 1 0.5464624984543163
0 1 0 1 0.23839529255583777
0 1 1 0 0.23839529255583777
1 0 0 1 0.23839529255583777
1 0 1 0 0.23839529255583777
1 1 0 0 0.5464624984543163
1 1 1 1 0.5378856840305253
R=1.65,ecore=0.3207134611636364
hcore:
0 0 -0.6710002071304739
1 1 -0.8627176486898971
eri:
0 0 0 0 0.5667038880140947
0 0 1 1 0.5455797515140126
0 1 0 1 0.23901364608341247
0 1 1 0 0.23901364608341247
1 0 0 1 0.23901364608341247
1 0 1 0 0.23901364608341247
1 1 0 0 0.5455797515140126
1 1 1 1 0.5369174522149406
R=1.66,ecore=0.31878145236144584
hcore:
0 0 -0.6712141395425737
1 1 -0.8599078321908322
eri:
0 0 0 0 0.565657135922328
0 0 1 1 0.5447048992276449
0 1 0 1 0.23962987066130303
0 1 1 0 0.23962987066130303
1 0 0 1 0.23962987066130303
1 0 1 0 0.23962987066130303
1 1 0 0 0.544704899227645
1 1 1 1 0.5359606963925085
R=1.67,ecore=0.3168725813892216
hcore:
0 0 -0.6714102819627612
1 1 -0.8571245798689564
eri:
0 0 0 0 0.5646186514451789
0 0 1 1 0.5438378786907833
0 1 0 1 0.24024393342529643
0 1 1 0 0.24024393342529643
1 0 0 1 0.24024393342529643
1 0 1 0 0.24024393342529643
1 1 0 0 0.5438378786907833
1 1 1 1 0.5350153080024029
R=1.68,ecore=0.3149864350714286
hcore:
0 0 -0.6715890607721269
1 1 -0.8543677004878385
eri:
0 0 0 0 0.5635883931513836
0 0 1 1 0.5429786267082335
0 1 0 1 0.240855802605948
0 1 1 0 0.240855802605948
1 0 0 1 0.240855802605948
1 0 1 0 0.240855802605948
1 1 0 0 0.5429786267082335
1 1 1 1 0.5340811775434153
R=1.69,ecore=0.31312261001183433
hcore:
0 0 -0.6717508932338155
1 1 -0.8516370024446133
eri:
0 0 0 0 0.5625663182786562
0 0 1 1 0.5421270798244194
0 1 0 1 0.2414654475129292
0 1 1 0 0.2414654475129292
1 0 0 1 0.2414654475129292
1 0 1 0 0.2414654475129292
1 1 0 0 0.5421270798244195
1 1 1 1 0.5331581946863311
R=1.70,ecore=0.3112807123058824
hcore:
0 0 -0.6718961876443488
1 1 -0.8489322938195325
eri:
0 0 0 0 0.5615523827901984
0 0 1 1 0.5412831743532247
0 1 0 1 0.2420728385191092
0 1 1 0 0.2420728385191092
1 0 0 1 0.2420728385191092
1 0 1 0 0.2420728385191092
1 1 0 0 0.5412831743532247
1 1 1 1 0.5322462483818906
R=1.71,ecore=0.3094603572631579
hcore:
0 0 -0.672025343487148
1 1 -0.84625338242348
eri:
0 0 0 0 0.5605465414316345
0 0 1 1 0.5404468464072701
0 1 0 1 0.24267794704440454
0 1 1 0 0.24267794704440454
1 0 0 1 0.24267794704440454
1 0 1 0 0.24267794704440454
1 1 0 0 0.54044684640727
1 1 1 1 0.5313452269643189
R=1.72,ecore=0.30766116913953495
hcore:
0 0 -0.6721387515879602
1 1 -0.8436000758434671
eri:
0 0 0 0 0.5595487477881985
0 0 1 1 0.5396180319266166
0 1 0 1 0.24328074553943616
0 1 1 0 0.24328074553943616
1 0 0 1 0.24328074553943616
1 0 1 0 0.24328074553943616
1 1 0 0 0.5396180319266165
1 1 1 1 0.5304550182504719
R=1.73,ecore=0.30588278087861276
hcore:
0 0 -0.672236794271828
1 1 -0.8409721814861146
eri:
0 0 0 0 0.5585589543420212
0 0 1 1 0.5387966667068483
0 1 0 1 0.2438812074690554
0 1 1 0 0.2438812074690554
1 0 0 1 0.2438812074690554
1 0 1 0 0.2438812074690554
1 1 0 0 0.5387966667068483
1 1 1 1 0.5295755096345998
R=1.74,ecore=0.304124833862069
hcore:
0 0 -0.6723198455213203
1 1 -0.8383695066191639
eri:
0 0 0 0 0.5575771125294252
0 0 1 1 0.5379826864265668
0 1 0 1 0.24447930729573458
0 1 1 0 0.24447930729573458
1 0 0 1 0.24447930729573458
1 0 1 0 0.24447930729573458
1 1 0 0 0.5379826864265669
1 1 1 1 0.5287065881788111
R=1.75,ecore=0.3023869776685715
hcore:
0 0 -0.6723882711356848
1 1 -0.8357918584110567
eri:
0 0 0 0 0.5566031727980814
0 0 1 1 0.5371760266742533
0 1 0 1 0.2450750204628788
0 1 1 0 0.2450750204628788
1 0 0 1 0.2450750204628788
1 0 1 0 0.2450750204628788
1 1 0 0 0.5371760266742531
1 1 1 1 0.5278481406992626
R=1.76,ecore=0.30066886984090907
hcore:
0 0 -0.6724424288906002
1 1 -0.8332390439686518
eri:
0 0 0 0 0.5556370846638968
0 0 1 1 0.5363766229744926
0 1 0 1 0.24566832337808714
0 1 1 0 0.24566832337808714
1 0 0 1 0.24566832337808714
1 0 1 0 0.24566832337808714
1 1 0 0 0.5363766229744926
1 1 1 1 0.5270000538481427
R=1.77,ecore=0.29897017566101697
hcore:
0 0 -0.6724826686982239
1 1 -0.8307108703731587
eri:
0 0 0 0 0.5546787967675513
0 0 1 1 0.5355844108135598
0 1 0 1 0.24625919339638516
0 1 1 0 0.24625919339638516
1 0 0 1 0.24625919339638516
1 0 1 0 0.24625919339638516
1 1 0 0 0.5355844108135599
1 1 1 1 0.5261622141915233
R=1.78,ecore=0.2972905679325843
hcore:
0 0 -0.6725093327672149
1 1 -0.8282071447143723
eri:
0 0 0 0 0.5537282569305554
0 0 1 1 0.5347993256643535
0 1 0 1 0.24684760880345735
0 1 1 0 0.24684760880345735
1 0 0 1 0.24684760880345735
1 0 1 0 0.24684760880345735
1 1 0 0 0.5347993256643533
1 1 1 1 0.5253345082831534
R=1.79,ecore=0.29562972677094973
hcore:
0 0 -0.6725227557624416
1 1 -0.8257276741232973
eri:
0 0 0 0 0.5527854122107505
0 0 1 1 0.5340213030106756
0 1 0 1 0.24743354879890075
0 1 1 0 0.24743354879890075
1 0 0 1 0.24743354879890075
1 0 1 0 0.24743354879890075
1 1 0 0 0.5340213030106755
1 1 1 1 0.5245168227342787
R=1.80,ecore=0.2939873394
hcore:
0 0 -0.6725232649640847
1 1 -0.8232722658032725
eri:
0 0 0 0 0.5518502089571298
0 0 1 1 0.5332502783708379
0 1 0 1 0.2480169934795392
0 1 1 0 0.2480169934795392
1 0 0 1 0.2480169934795392
1 0 1 0 0.2480169934795392
1 1 0 0 0.5332502783708379
1 1 1 1 0.5237090442795677
R=1.81,ecore=0.2923630999558011
hcore:
0 0 -0.6725111804258656
1 1 -0.820840727059694
eri:
0 0 0 0 0.5509225928639397
0 0 1 1 0.5324861873206188
0 1 0 1 0.24859792382278847
0 1 1 0 0.24859792382278847
1 0 0 1 0.24859792382278847
1 0 1 0 0.24859792382278847
1 1 0 0 0.5324861873206186
1 1 1 1 0.5229110598392626
R=1.82,ecore=0.29075670929670333
hcore:
0 0 -0.6724868151321333
1 1 -0.8184328653284427
eri:
0 0 0 0 0.550002509023942
0 0 1 1 0.5317289655155404
0 1 0 1 0.24917632167011755
0 1 1 0 0.24917632167011755
1 0 0 1 0.24917632167011755
1 0 1 0 0.24917632167011755
1 1 0 0 0.5317289655155404
1 1 1 1 0.5221227565776289
R=1.83,ecore=0.28916787481967215
hcore:
0 0 -0.6724504751535605
1 1 -0.8160484882031402
eri:
0 0 0 0 0.5490899019807869
0 0 1 1 0.5309785487124831
0 1 0 1 0.2497521697106108
0 1 1 0 0.2497521697106108
1 0 0 1 0.2497521697106108
1 0 1 0 0.2497521697106108
1 1 0 0 0.5309785487124831
1 1 1 1 0.5213440219578263
R=1.84,ecore=0.2875963102826087
hcore:
0 0 -0.6724024598012777
1 1 -0.8136874034613041
eri:
0 0 0 0 0.5481847157804236
0 0 1 1 0.5302348727906271
0 1 0 1 0.2503254514646516
0 1 1 0 0.2503254514646516
1 0 0 1 0.2503254514646516
1 0 1 0 0.2503254514646516
1 1 0 0 0.530234872790627
1 1 1 1 0.5205747437932997
R=1.85,ecore=0.2860417356324324
hcore:
0 0 -0.6723430617790909
1 1 -0.8113494190895585
eri:
0 0 0 0 0.5472868940214815
0 0 1 1 0.5294978737717282
0 1 0 1 0.25089615126773823
0 1 1 0 0.25089615126773823
1 0 0 1 0.25089615126773823
1 0 1 0 0.25089615126773823
1 1 0 0 0.5294978737717282
1 1 1 1 0.5198148102958118
R=1.86,ecore=0.2845038768387097
hcore:
0 0 -0.672272567333784
1 1 -0.809034343308003
eri:
0 0 0 0 0.5463963799045732
0 0 1 1 0.5287674878397262
0 1 0 1 0.2514642542544489
0 1 1 0 0.2514642542544489
1 0 0 1 0.2514642542544489
1 0 1 0 0.2514642542544489
1 1 0 0 0.5287674878397262
1 1 1 1 0.5190641101202219
R=1.87,ecore=0.2829824657326203
hcore:
0 0 -0.6721912564031455
1 1 -0.8067419845937881
eri:
0 0 0 0 0.5455131162804678
0 0 1 1 0.5280436513596842
0 1 0 1 0.2520297463425656
0 1 1 0 0.2520297463425656
1 0 0 1 0.2520297463425656
1 0 1 0 0.2520297463425656
1 1 0 0 0.5280436513596843
1 1 1 1 0.5183225324061248
R=1.88,ecore=0.2814772398510639
hcore:
0 0 -0.6720994027616638
1 1 -0.804472151704066
eri:
0 0 0 0 0.5446370456970805
0 0 1 1 0.5273263008960744
0 1 0 1 0.2525926142173675
0 1 1 0 0.2525926142173675
1 0 0 1 0.2525926142173675
1 0 1 0 0.2525926142173675
1 1 0 0 0.5273263008960742
1 1 1 1 0.5175899668164883
R=1.89,ecore=0.27998794228571433
hcore:
0 0 -0.6719972741637261
1 1 -0.8022246536983784
eri:
0 0 0 0 0.5437681104452616
0 0 1 1 0.5266153732304092
0 1 0 1 0.2531528453160956
0 1 1 0 0.2531528453160956
1 0 0 1 0.2531528453160956
1 0 1 0 0.2531528453160956
1 1 0 0 0.5266153732304092
1 1 1 1 0.5168663035733909
R=1.90,ecore=0.27851432153684214
hcore:
0 0 -0.6718851324841211
1 1 -0.7999992999605496
eri:
0 0 0 0 0.5429062526033086
0 0 1 1 0.5259108053782128
0 1 0 1 0.25371042781261416
0 1 1 0 0.25371042781261416
1 0 0 1 0.25371042781261416
1 0 1 0 0.25371042781261416
1 1 0 0 0.5259108053782127
1 1 1 1 0.5161514334909796
R=1.91,ecore=0.2770561313717278
hcore:
0 0 -0.671763233855881
1 1 -0.7977959002202548
eri:
0 0 0 0 0.5420514140802026
0 0 1 1 0.5252125346053487
0 1 0 1 0.25426535060226624
0 1 1 0 0.25426535060226624
1 0 0 1 0.25426535060226624
1 0 1 0 0.25426535060226624
1 1 0 0 0.5252125346053486
1 1 1 1 0.5154452480057766
R=1.92,ecore=0.27561313068750004
hcore:
0 0 -0.6716318288052043
1 1 -0.7956142645742453
eri:
0 0 0 0 0.5412035366575365
0 0 1 1 0.5245204984437141
0 1 0 1 0.25481760328692
0 1 1 0 0.25481760328692
1 0 0 1 0.25481760328692
1 0 1 0 0.25481760328692
1 1 0 0 0.5245204984437141
1 1 1 1 0.514747639204458
R=1.93,ecore=0.2741850833782384
hcore:
0 0 -0.6714911623834706
1 1 -0.7934542035073551
eri:
0 0 0 0 0.5403625620301012
0 0 1 1 0.5238346347062977
0 1 0 1 0.25536717616022664
0 1 1 0 0.25536717616022664
1 0 0 1 0.25536717616022664
1 0 1 0 0.25536717616022664
1 1 0 0 0.5238346347062977
1 1 1 1 0.5140584998492134
R=1.94,ecore=0.2727717582061856
hcore:
0 0 -0.6713414742962533
1 1 -0.7913155279133512
eri:
0 0 0 0 0.53952843184512
0 0 1 1 0.5231548815016129
0 1 0 1 0.2559140601930864
0 1 1 0 0.2559140601930864
1 0 0 1 0.2559140601930864
1 0 1 0 0.2559140601930864
1 1 0 0 0.5231548815016128
1 1 1 1 0.5133777234008166
R=1.95,ecore=0.2713729286769231
hcore:
0 0 -0.6711829990292827
1 1 -0.789198049115688
eri:
0 0 0 0 0.5387010877401162
0 0 1 1 0.522481177247518
0 1 0 1 0.25645824701932685
0 1 1 0 0.25645824701932685
1 0 0 1 0.25645824701932685
1 0 1 0 0.25645824701932685
1 1 0 0 0.522481177247518
1 1 1 1 0.5127052040395215
R=1.96,ecore=0.26998837291836736
hcore:
0 0 -0.6710159659713143
1 1 -0.7871015788882074
eri:
0 0 0 0 0.537880471379395
0 0 1 1 0.5218134606844242
0 1 0 1 0.25699972892159645
0 1 1 0 0.25699972892159645
1 0 0 1 0.25699972892159645
1 0 1 0 0.25699972892159645
1 1 0 0 0.5218134606844242
1 1 1 1 0.5120408366838964
R=1.97,ecore=0.2686178735634518
hcore:
0 0 -0.670840599533882
1 1 -0.7850259294758533
eri:
0 0 0 0 0.5370665244891438
0 0 1 1 0.5211516708879091
0 1 0 1 0.2575384988174767
0 1 1 0 0.2575384988174767
1 0 0 1 0.2575384988174767
1 0 1 0 0.2575384988174767
1 1 0 0 0.5211516708879091
1 1 1 1 0.5113845170077214
R=1.98,ecore=0.2672612176363637
hcore:
0 0 -0.6706571192679146
1 1 -0.7829709136154208
eri:
0 0 0 0 0.5362591888911357
0 0 1 1 0.5204957472807391
0 1 0 1 0.2580745502458117
0 1 1 0 0.2580745502458117
1 0 0 1 0.2580745502458117
1 0 1 0 0.2580745502458117
1 1 0 0 0.5204957472807392
1 1 1 1 0.5107361414550526
R=1.99,ecore=0.2659181964422111
hcore:
0 0 -0.67046573997722
1 1 -0.7809363445563833
eri:
0 0 0 0 0.5354584065350438
0 0 1 1 0.5198456296443129
0 1 0 1 0.2586078773532587
0 1 1 0 0.2586078773532587
1 0 0 1 0.2586078773532587
1 0 1 0 0.2586078773532587
1 1 0 0 0.5198456296443128
1 1 1 1 0.5100956072535665
R=2.00,ecore=0.26458860546
hcore:
0 0 -0.6702666718288367
1 1 -0.7789220360818256
eri:
0 0 0 0 0.5346641195293595
0 0 1 1 0.5192012581295364
0 1 0 1 0.2591384748810566
0 1 1 0 0.2591384748810566
1 0 0 1 0.2591384748810566
1 0 1 0 0.2591384748810566
1 1 0 0 0.5192012581295363
1 1 1 1 0.5094628124262982
