step= 99

nparam= 49
        dense amplitude time= 0.0010178089141845703
        total non-zero amplitudes= 36
        nsamples per process= 12
self.n= 0.4982448674621968
        collect g,h time= 0.15384626388549805
E=-4.471275931100551,dE=-7.92005572236576e-10,std=0
L=-4.471275931100551,dL=-7.92005572236576e-10,std=0
        gnorm= 9.5470860210429e-07
        collect S matrix time= 4.291534423828125e-05
        SR solver time= 8.869171142578125e-05
        collect H matrix time= 3.0517578125e-05
        RGN solver time= 5.1021575927734375e-05
        xnorm=1.496108303913144,dnorm=0.0006059816718700556
        dense amplitude time= 0.0008618831634521484
        total non-zero amplitudes= 36
        nsamples per process= 12
self.n= 0.4982358680227888
        RGN updated loss=-4.471275931853748,dloss=-7.531975043661987e-10
[-0.0133729157 -0.2726820841 -0.0021121359  0.3839398415 -0.2136766202
  0.4868369769]
[ 0.3183647966  0.0138635152 -0.1102717238  0.007664157   0.107980415
  0.8749796315  0.011131756  -0.0580245462  0.0100514193 -0.1516310645
  0.0058207351  0.0742213923 -0.2998833343  0.0057731061 -0.0447970447
 -0.3359981669]
[-0.0568207172  0.0063077298  0.1490403389  0.0068611969  0.0246379419
  0.0011681786 -0.0056526056  0.1520956999 -0.0074080843  0.1707162019
 -0.0106136555 -0.0285834266 -0.0632527578 -0.0949542207  0.0041327534
 -0.0040829019 -0.1528252272 -0.0007308698  0.1149575436 -0.191775429
  0.0055792678 -0.0543060033  0.0220628849  0.4379777682  0.4938908083
 -0.019499888  -0.0165694661]
