run = 0
step= 49

nparam= 56
        dense amplitude time= 0.0007178783416748047
        total non-zero amplitudes= 36
        nsamples per process= 36
self.n= 1.0146092811236704
        collect g,h time= 0.2649538516998291
E=-3.951262150256498,dE=-0.001680532588294703,std=0
L=-3.951262150256498,dL=-0.001680532588294703,std=0
        gnorm= 0.08837741809878197
        collect S matrix time= 0.00023221969604492188
        nonzero=27,wmax=2.0156392819629096,wmin=0.002092644824137439
        SR solver time= 0.0003006458282470703
        xnorm=1.0142722036361858,dnorm=0.017775741438495772
[ 0.0320287514 -0.0795006126  0.220740421   0.0573477821 -0.1582545782
  0.0201622272 -0.036394782   0.1809887518  0.0122699301 -0.1724575444
 -0.0221434396  0.0442108788 -0.0109962323  0.0753028658 -0.005353161
  0.0065241194 -0.0036198893  0.1754398851 -0.0012823892 -0.0190647351
  0.180261926   0.0151129221  0.0310609643  0.0517506442 -0.1932400388
 -0.1514007808  0.0497494484 -0.0142741505]
step= 99

nparam= 56
        dense amplitude time= 0.0007321834564208984
        total non-zero amplitudes= 36
        nsamples per process= 36
self.n= 0.1520455676112455
        collect g,h time= 0.2618887424468994
E=-4.117358276360239,dE=-0.00014992373343591936,std=0
L=-4.117358276360239,dL=-0.00014992373343591936,std=0
        gnorm= 0.21465946599686836
        collect S matrix time= 0.0002574920654296875
        xnorm=2.334222972363008,dnorm=0.0
        nonzero=28,wmax=6.498607708954689,wmin=0.006567327028133607
        SR solver time= 0.0003116130828857422
        collect H matrix time= 3.504753112792969e-05
        nonzero=28,smax=37.58790342934966,smin=0.03841222714496865
        RGN solver time= 0.0004374980926513672
        xnorm=2.334222972363008,dnorm=0.02754382054943658
        dense amplitude time= 0.0006499290466308594
        total non-zero amplitudes= 36
        nsamples per process= 36
self.n= 0.1477267562178409
        RGN updated loss=-4.117446627910243,dloss=-8.835155000408434e-05
[ 0.070136053  -0.3289093835  0.4631566471 -0.1976297605 -0.3141155426
 -0.0202388919 -0.0368318838  0.424354121  -0.1974389039 -0.3485313224
 -0.3136521961 -0.0054057722  0.0070786731  0.0473070237  0.039118498
  0.0098219632  0.2577655803  0.3479784712  0.0490924239 -0.0126468775
  0.3536211118  0.3138645061  0.0280633269  0.3389616304 -0.4275147989
 -0.3997711527  0.2817103587 -0.031263158 ]

run = 1
step= 49

nparam= 56
        dense amplitude time= 0.0007429122924804688
        total non-zero amplitudes= 36
        nsamples per process= 36
self.n= 1.002016381959646
        collect g,h time= 0.2631645202636719
E=-3.9604914109760307,dE=-0.0018305497173933816,std=0
L=-3.9604914109760307,dL=-0.0018305497173933816,std=0
        gnorm= 0.1037688333901865
        collect S matrix time= 0.000247955322265625
        nonzero=29,wmax=2.0574278480283925,wmin=0.0021133357768282402
        SR solver time= 0.00029397010803222656
        xnorm=1.0198271535374717,dnorm=0.03846401752957344
[-0.0022117669 -0.0225393638 -0.2245210947  0.0128676852  0.173940003
 -0.0297268417 -0.0077436837 -0.2229876697 -0.0530765312  0.1965112047
 -0.0033259376 -0.0272307438 -0.026958042   0.0058428733 -0.0082889083
 -0.01087853    0.0164612898 -0.2143410667 -0.0076852893 -0.0345063024
 -0.1929731578  0.0036073774 -0.015814625   0.0508836179  0.2514196918
  0.2250874006 -0.0160583245 -0.0267737939]
step= 99

nparam= 56
        dense amplitude time= 0.0007226467132568359
        total non-zero amplitudes= 36
        nsamples per process= 36
self.n= 0.8858412624699517
        collect g,h time= 0.26169729232788086
E=-4.148845250169344,dE=-1.9489880592082898e-05,std=0
L=-4.148845250169344,dL=-1.9489880592082898e-05,std=0
        gnorm= 0.007321489956417737
        collect S matrix time= 0.00025582313537597656
        xnorm=2.1168702676385185,dnorm=0.0
        nonzero=30,wmax=1.9487136056275969,wmin=0.0024284497989153836
        SR solver time= 0.00029659271240234375
        collect H matrix time= 3.170967102050781e-05
        nonzero=31,smax=4.276234566449195,smin=0.005126305522737512
        RGN solver time= 0.00043582916259765625
        xnorm=2.1168702676385185,dnorm=0.004044694962076323
        dense amplitude time= 0.0006797313690185547
        total non-zero amplitudes= 36
        nsamples per process= 36
self.n= 0.8867107872806421
        RGN updated loss=-4.148861658536764,dloss=-1.6408367420339687e-05
[ 0.0397122102 -0.1583361817 -0.4121800135 -0.1252685211  0.5377397947
  0.0035232889 -0.0344372641 -0.4245149306 -0.1789331514  0.535535981
 -0.1653479398 -0.0491019535 -0.0248376615 -0.0230255926 -0.0328577671
  0.0138660622  0.1612375666 -0.5878860386  0.0145049526 -0.0308031772
 -0.5455523126  0.1543327458  0.0161085047  0.0097311163  0.5042457565
  0.5038795209 -0.0800181446 -0.0611798204]
step= 149

nparam= 56
        dense amplitude time= 0.0007052421569824219
        total non-zero amplitudes= 36
        nsamples per process= 36
self.n= 0.8602725155808792
        collect g,h time= 0.2622945308685303
E=-4.148945964042693,dE=-2.0469832051617232e-07,std=0
L=-4.148945964042693,dL=-2.0469832051617232e-07,std=0
        gnorm= 0.002729736120412312
        collect S matrix time= 0.00024175643920898438
        xnorm=2.139537485859791,dnorm=0.0
        nonzero=30,wmax=1.9637306033303623,wmin=0.002181774909923349
        SR solver time= 0.00030684471130371094
        collect H matrix time= 3.2901763916015625e-05
        nonzero=30,smax=10.20506301519013,smin=0.014177142246078434
        RGN solver time= 0.00042247772216796875
        xnorm=2.139537485859791,dnorm=0.0023782794310106196
        dense amplitude time= 0.0006620883941650391
        total non-zero amplitudes= 36
        nsamples per process= 36
self.n= 0.8593440219643471
        RGN updated loss=-4.148946153655207,dloss=-1.8961251413429636e-07
[ 0.0378300888 -0.1459782778 -0.426652121  -0.1505541339  0.5431339679
  0.0001432467 -0.030770231  -0.4390914068 -0.1660001235  0.5387866171
 -0.1957784789 -0.0466498113 -0.028682036  -0.0195889745 -0.0388954334
  0.0303488548  0.1847135894 -0.5923360027  0.0300290265 -0.0394036653
 -0.5488677404  0.17591643    0.0124785677  0.0199278333  0.5204207339
  0.5200020507 -0.0667025682 -0.0600506133]
