run = 0
step= 49

nparam= 56
        dense amplitude time= 0.0007166862487792969
        total non-zero amplitudes= 36
        nsamples per process= 36
self.n= 0.9944751574851033
        collect g,h time= 0.2618546485900879
E=-4.092782226360655,dE=-0.0011386908721151556,std=0
L=-4.092782226360655,dL=-0.0011386908721151556,std=0
        gnorm= 0.07483946114363323
        collect S matrix time= 0.00023794174194335938
        nonzero=28,wmax=2.018769787408547,wmin=0.0022095743997357898
        SR solver time= 0.00029277801513671875
        xnorm=0.9281769320050516,dnorm=0.010757840555293703
[-0.0049917341 -0.0503608317  0.2116946204  0.0268522162 -0.1873806887
 -0.0270947681 -0.0106936611  0.2256070161 -0.0760066371 -0.1814642866
  0.0148548095 -0.0237826332 -0.0274357149  0.0248646699 -0.0220386232
 -0.0165316614  0.025443919   0.1753183952 -0.0236177943 -0.0134781778
  0.150906529  -0.0079885293  0.013255591   0.0362862325 -0.2109663504
 -0.1679860288  0.032260354   0.0127087066]
step= 99

nparam= 56
        dense amplitude time= 0.0007505416870117188
        total non-zero amplitudes= 36
        nsamples per process= 36
self.n= 0.15661559812371048
        collect g,h time= 0.26741862297058105
E=-4.198050916412283,dE=-2.0245332222224022e-05,std=0
L=-4.198050916412283,dL=-2.0245332222224022e-05,std=0
        gnorm= 0.134630815627221
        collect S matrix time= 0.0002562999725341797
        xnorm=2.2486053473295184,dnorm=0.0
        nonzero=28,wmax=6.371714307165072,wmin=0.009491478431608963
        SR solver time= 0.00030159950256347656
        collect H matrix time= 3.314018249511719e-05
        nonzero=28,smax=17.676339495703463,smin=0.027321442074699914
        RGN solver time= 0.0004363059997558594
        xnorm=2.2486053473295184,dnorm=0.029523709130362456
        dense amplitude time= 0.0006422996520996094
        total non-zero amplitudes= 36
        nsamples per process= 36
self.n= 0.15211112944102395
        RGN updated loss=-4.197949916918427,dloss=0.00010099949385633522
        xnorm=2.2486053473295184,dnorm=0.0037622964755497246
[-0.0179045882 -0.3224308034  0.3685086717 -0.2448700965 -0.3531128967
 -0.0389485745  0.0155555228  0.3883958989 -0.3425561253 -0.3583316759
 -0.2556343623 -0.0396805016 -0.0285243847  0.0289314554  0.0002305728
 -0.0358275416  0.2957340155  0.3471117276 -0.0090442739 -0.0166538416
  0.3252841212  0.2617627478  0.0379175063  0.2312004521 -0.4779870525
 -0.4377882375  0.2330510765 -0.0089151562]

run = 1
step= 49

nparam= 56
        dense amplitude time= 0.0007660388946533203
        total non-zero amplitudes= 36
        nsamples per process= 36
self.n= 1.0000591340041929
        collect g,h time= 0.2631385326385498
E=-4.091711135908505,dE=-0.001178998304572687,std=0
L=-4.091711135908505,dL=-0.001178998304572687,std=0
        gnorm= 0.07619911664668474
        collect S matrix time= 0.00021457672119140625
        nonzero=27,wmax=2.022489696481008,wmin=0.0024365320943030037
        SR solver time= 0.0003266334533691406
        xnorm=0.9166444501919672,dnorm=0.011709335607583237
[-0.0006230382 -0.0350284267 -0.1554101093  0.0074889817  0.1675556454
  0.0210387537  0.0128391191 -0.2246171067  0.0352118009  0.1806758324
  0.0386474846 -0.0249962906 -0.0222319932 -0.003313095  -0.0087311317
  0.0055532402 -0.0129007986 -0.1893959297  0.0027004397  0.0054879402
 -0.1648747063  0.0499169462 -0.0179487519  0.039811364   0.190548818
  0.2252293014  0.0004822798 -0.0094097075]
step= 99

nparam= 56
        dense amplitude time= 0.0008122920989990234
        total non-zero amplitudes= 36
        nsamples per process= 36
self.n= 0.7600150211422002
        collect g,h time= 0.26295018196105957
E=-4.212115499139811,dE=-1.1725440888454841e-05,std=0
L=-4.212115499139811,dL=-1.1725440888454841e-05,std=0
        gnorm= 0.004583765627404234
        collect S matrix time= 0.0002593994140625
        xnorm=1.5117161596341158,dnorm=0.0
        nonzero=28,wmax=2.2210415446380876,wmin=0.005884353538152994
        SR solver time= 0.00034427642822265625
        collect H matrix time= 3.147125244140625e-05
        nonzero=29,smax=4.772027751352598,smin=0.004885079467868428
        RGN solver time= 0.00045299530029296875
        xnorm=1.5117161596341158,dnorm=0.0066114477254438754
        dense amplitude time= 0.0006756782531738281
        total non-zero amplitudes= 36
        nsamples per process= 36
self.n= 0.7609678546112615
        RGN updated loss=-4.212125516347913,dloss=-1.0017208102119923e-05
[ 0.0042633229 -0.0659807928 -0.5061866652 -0.0475084292  0.3774666948
  0.0154350383 -0.0117799477 -0.5819089737  0.0741639723  0.3844248982
 -0.0529934711 -0.0172356612 -0.0203783515  0.0028618762 -0.0095302301
  0.0174359086  0.0341655009 -0.4001157167  0.0180308654  0.0011572434
 -0.3686769606  0.1415088972  0.0056723089  0.1567628651  0.5075033427
  0.550196811   0.0136592811 -0.0033660549]
step= 149

nparam= 56
        dense amplitude time= 0.0007512569427490234
        total non-zero amplitudes= 36
        nsamples per process= 36
self.n= 0.7760668260278047
        collect g,h time= 0.2615499496459961
E=-4.2121974695509685,dE=-9.224720542988507e-08,std=0
L=-4.2121974695509685,dL=-9.224720542988507e-08,std=0
        gnorm= 0.0005543852695293152
        collect S matrix time= 0.000263214111328125
        xnorm=1.530602264936999,dnorm=0.0
        nonzero=28,wmax=2.1868347059456874,wmin=0.006327625518503774
        SR solver time= 0.0003037452697753906
        collect H matrix time= 3.1948089599609375e-05
        nonzero=28,smax=4.706675793219769,smin=0.019668126437185796
        RGN solver time= 0.00044345855712890625
        xnorm=1.530602264936999,dnorm=0.0004826399953515929
        dense amplitude time= 0.0006616115570068359
        total non-zero amplitudes= 36
        nsamples per process= 36
self.n= 0.7760628135256608
        RGN updated loss=-4.212197558909321,dloss=-8.935835271728365e-08
[ 0.0048650447 -0.0732005536 -0.5101497334 -0.0545226457  0.3820336703
  0.016339568  -0.0177741556 -0.5858655632  0.0775566132  0.3880924302
 -0.0562921057 -0.0215355185 -0.0184251299  0.0063500417 -0.0096383338
  0.0185577543  0.0381635365 -0.4042571949  0.0205862036  0.0009774922
 -0.3718926563  0.1395664606  0.0066242351  0.1568806117  0.5123529179
  0.5550676138  0.0033550381 -0.0005947873]
