full autodiff
layer= 0
nparam= 120
hop_ls= [(0, 1), (0, 2), (0, 3), (0, 4), (0, 5), (0, 6), (0, 7), (0, 8), (0, 9), (0, 10), (0, 11), (0, 12), (0, 13), (0, 14), (0, 15), (1, 2), (1, 3), (1, 4), (1, 5), (1, 6), (1, 7), (1, 8), (1, 9), (1, 10), (1, 11), (1, 12), (1, 13), (1, 14), (1, 15), (2, 3), (2, 4), (2, 5), (2, 6), (2, 7), (2, 8), (2, 9), (2, 10), (2, 11), (2, 12), (2, 13), (2, 14), (2, 15), (3, 4), (3, 5), (3, 6), (3, 7), (3, 8), (3, 9), (3, 10), (3, 11), (3, 12), (3, 13), (3, 14), (3, 15), (4, 5), (4, 6), (4, 7), (4, 8), (4, 9), (4, 10), (4, 11), (4, 12), (4, 13), (4, 14), (4, 15), (5, 6), (5, 7), (5, 8), (5, 9), (5, 10), (5, 11), (5, 12), (5, 13), (5, 14), (5, 15), (6, 7), (6, 8), (6, 9), (6, 10), (6, 11), (6, 12), (6, 13), (6, 14), (6, 15), (7, 8), (7, 9), (7, 10), (7, 11), (7, 12), (7, 13), (7, 14), (7, 15), (8, 9), (8, 10), (8, 11), (8, 12), (8, 13), (8, 14), (8, 15), (9, 10), (9, 11), (9, 12), (9, 13), (9, 14), (9, 15), (10, 11), (10, 12), (10, 13), (10, 14), (10, 15), (11, 12), (11, 13), (11, 14), (11, 15), (12, 13), (12, 14), (12, 15), (13, 14), (13, 15), (14, 15)]

step= 0

nparam= 240
ntotal configs= 4900
        dense amplitude time= 0.006077766418457031
        total non-zero amplitudes= 4900
        nsamples per process= 159
        sample time= 22.151298761367798
self.n= 0.7512434661346838
        collect g,h time= 28.90578866004944
E=-13.63928315378632,dE=0,std=0
L=-13.63928315378632,dL=0,std=0
        gnorm= 0.7813076635329868
        collect S matrix time= 0.02654123306274414
        nonzero=140,wmax=3.300232548807221,wmin=0.004608372574131771
        SR solver time= 0.005022764205932617
        collect H matrix time= 0.02005171775817871
        nonzero=144,smax=7.866165525015174,smin=0.008629055023660978
        RGN solver time= 0.008509635925292969
        xnorm=0.8902237832389844,dnorm=0.7665757786304118
        dense amplitude time= 0.006651639938354492
        total non-zero amplitudes= 4900
        nsamples per process= 159
        sample time= 14.836139678955078
self.n= 0.7828280905258902
        RGN updated loss=-13.959398906647266,dloss=-0.3201157528609464
step= 1

nparam= 240
        dense amplitude time= 0.006577253341674805
        total non-zero amplitudes= 4900
        nsamples per process= 159
        sample time= 22.90852952003479
self.n= 0.7828280905258906
        collect g,h time= 29.693276166915894
E=-13.959398906647264,dE=-0.3201157528609446,std=0
L=-13.959398906647264,dL=-0.3201157528609446,std=0
        gnorm= 0.23236713952928728
        collect S matrix time= 0.025124073028564453
        nonzero=139,wmax=3.3331927942232817,wmin=0.00346199898980639
        SR solver time= 0.0046880245208740234
        collect H matrix time= 0.02025127410888672
        nonzero=140,smax=7.548081310995689,smin=0.00792436551354446
        RGN solver time= 0.008423805236816406
        xnorm=0.8865220020166616,dnorm=0.3339432166551506
        dense amplitude time= 0.006163120269775391
        total non-zero amplitudes= 4900
        nsamples per process= 159
        sample time= 16.147838592529297
self.n= 0.8264981014458246
        RGN updated loss=-13.988549822080287,dloss=-0.029150915433023172
step= 2

nparam= 240
        dense amplitude time= 0.006455421447753906
        total non-zero amplitudes= 4900
        nsamples per process= 159

frechet
layer= 0
nparam= 120
hop_ls= [(0, 1), (0, 2), (0, 3), (0, 4), (0, 5), (0, 6), (0, 7), (0, 8), (0, 9), (0, 10), (0, 11), (0, 12), (0, 13), (0, 14), (0, 15), (1, 2), (1, 3), (1, 4), (1, 5), (1, 6), (1, 7), (1, 8), (1, 9), (1, 10), (1, 11), (1, 12), (1, 13), (1, 14), (1, 15), (2, 3), (2, 4), (2, 5), (2, 6), (2, 7), (2, 8), (2, 9), (2, 10), (2, 11), (2, 12), (2, 13), (2, 14), (2, 15), (3, 4), (3, 5), (3, 6), (3, 7), (3, 8), (3, 9), (3, 10), (3, 11), (3, 12), (3, 13), (3, 14), (3, 15), (4, 5), (4, 6), (4, 7), (4, 8), (4, 9), (4, 10), (4, 11), (4, 12), (4, 13), (4, 14), (4, 15), (5, 6), (5, 7), (5, 8), (5, 9), (5, 10), (5, 11), (5, 12), (5, 13), (5, 14), (5, 15), (6, 7), (6, 8), (6, 9), (6, 10), (6, 11), (6, 12), (6, 13), (6, 14), (6, 15), (7, 8), (7, 9), (7, 10), (7, 11), (7, 12), (7, 13), (7, 14), (7, 15), (8, 9), (8, 10), (8, 11), (8, 12), (8, 13), (8, 14), (8, 15), (9, 10), (9, 11), (9, 12), (9, 13), (9, 14), (9, 15), (10, 11), (10, 12), (10, 13), (10, 14), (10, 15), (11, 12), (11, 13), (11, 14), (11, 15), (12, 13), (12, 14), (12, 15), (13, 14), (13, 15), (14, 15)]

update time= 0.010918617248535156
step= 0

nparam= 240
ntotal configs= 4900
        dense amplitude time= 0.0067348480224609375
        total non-zero amplitudes= 4900
        nsamples per process= 159
        sample time= 17.38823699951172
self.n= 0.7512434661346834
        collect g,h time= 19.66075873374939
E=-13.63928315378632,dE=0,std=0
L=-13.63928315378632,dL=0,std=0
        gnorm= 0.7813076635329861
        collect S matrix time= 0.025684595108032227
        nonzero=140,wmax=3.300232548807221,wmin=0.004608372574131793
        SR solver time= 0.004925251007080078
        collect H matrix time= 0.019608497619628906
        nonzero=144,smax=7.866165525015167,smin=0.00862905502366118
        RGN solver time= 0.00869894027709961
        xnorm=0.8902237832389844,dnorm=0.76657577863039
update time= 0.01051473617553711
        dense amplitude time= 0.006854534149169922
        total non-zero amplitudes= 4900
        nsamples per process= 159
        sample time= 16.163402318954468
self.n= 0.7828280905258824
        RGN updated loss=-13.959398906647264,dloss=-0.3201157528609446
update time= 0.009499788284301758
step= 1

nparam= 240
        dense amplitude time= 0.006334543228149414
        total non-zero amplitudes= 4900
        nsamples per process= 159
        sample time= 17.520334482192993
self.n= 0.7828280905258824
        collect g,h time= 19.645118474960327
E=-13.959398906647264,dE=-0.3201157528609446,std=0
L=-13.959398906647264,dL=-0.3201157528609446,std=0
        gnorm= 0.2323671395292887
        collect S matrix time= 0.025019407272338867
        nonzero=139,wmax=3.333192794223288,wmin=0.0034619989898063805
        SR solver time= 0.00478053092956543
        collect H matrix time= 0.02053976058959961
        nonzero=140,smax=7.54808131099571,smin=0.007924365513544605
        RGN solver time= 0.00856924057006836
        xnorm=0.886522002016644,dnorm=0.3339432166551081
update time= 0.010411262512207031
        dense amplitude time= 0.007129192352294922
        total non-zero amplitudes= 4900
        nsamples per process= 159
