run = 0
step= 99

nparam= 31
        dense amplitude time= 0.0015549659729003906
        total non-zero amplitudes= 36
        nsamples per process= 12
self.n= 0.24721673938388963
        collect g,h time= 0.14591169357299805
E=-4.339387157945972,dE=-3.735496072465594e-07,std=0
L=-4.339387157945972,dL=-3.735496072465594e-07,std=0
        gnorm= 6.0379917613466805e-05
        collect S matrix time= 4.315376281738281e-05
        SR solver time= 5.8650970458984375e-05
        collect H matrix time= 2.47955322265625e-05
        RGN solver time= 3.4809112548828125e-05
        xnorm=3.19047206873688,dnorm=0.013338301633936352
        dense amplitude time= 0.0008268356323242188
        total non-zero amplitudes= 36
        nsamples per process= 12
self.n= 0.24690123501326178
        RGN updated loss=-4.339387518298449,dloss=-3.6035247674703896e-07
[-0.0190608432  1.1048199487 -0.0003144998 -0.0491968117 -0.0299147501
 -0.0678621413]
[ 0.4296502937  1.113723069  -0.0002661277 -0.7955989504  0.0000431251
 -0.31031957   -0.3575037374 -0.1657124436  0.0004266375  1.1141952735
 -0.0003448119 -0.0002272967 -0.0322072779]
[-0.0002093665  0.0086155896  0.0007577593  0.0003595041  0.3763295697
 -0.6785897118  0.000080271   0.7479769003  0.0004571994  2.0572301692
  0.0770456377 -0.0001686769]
step= 199

nparam= 31
        dense amplitude time= 0.0015213489532470703
        total non-zero amplitudes= 36
        nsamples per process= 12
self.n= 0.1984222596668365
        collect g,h time= 0.14553403854370117
E=-4.339401924537944,dE=-4.5710403462351223e-08,std=0
L=-4.339401924537944,dL=-4.5710403462351223e-08,std=0
        gnorm= 1.3053287941030074e-05
        collect S matrix time= 5.316734313964844e-05
        SR solver time= 5.936622619628906e-05
        collect H matrix time= 2.002716064453125e-05
        RGN solver time= 3.528594970703125e-05
        xnorm=3.2500879033704355,dnorm=0.004678939730898049
        dense amplitude time= 0.0009179115295410156
        total non-zero amplitudes= 36
        nsamples per process= 12
self.n= 0.1981897740162942
        RGN updated loss=-4.339401969065406,dloss=-4.452746260596996e-08
[-0.0815695182  1.1701797841 -0.0000737405 -0.0453807572 -0.0451885715
 -0.0581635162]
[ 0.5313987471  0.862878864  -0.0000704478 -0.5333907561  0.0000132753
 -0.6261186523 -0.6463439463 -0.2304536932  0.0000751941  0.9596542756
 -0.0000264915 -0.0000443744 -0.0343504419]
[-0.000029155  -0.0804551371  0.0001101838  0.0000100982  0.6841605186
 -1.0166704436  0.0000141645  0.6366242859  0.000077441   2.0398884219
 -0.1126254923 -0.0000422939]
