run = 0
step= 49

nparam= 56
        dense amplitude time= 0.0007367134094238281
        total non-zero amplitudes= 36
        nsamples per process= 36
self.n= 0.9015441033004622
        collect g,h time= 0.2620391845703125
E=-4.240697047958128,dE=-0.0006654544743378565,std=0
L=-4.240697047958128,dL=-0.0006654544743378565,std=0
        gnorm= 0.049240934840064275
        collect S matrix time= 0.000217437744140625
        nonzero=25,wmax=2.1014117250213786,wmin=0.004408856142278053
        SR solver time= 0.0002944469451904297
        xnorm=0.7889827069663118,dnorm=0.010138013124151747
[ 0.0087203352  0.0626531879  0.1317430178 -0.0542395342 -0.1129750627
 -0.0281841186  0.0731856607  0.1249874663 -0.0020995118 -0.1321425523
  0.0387174758 -0.0345420099 -0.0056101437 -0.046321408  -0.0355506376
  0.003350952  -0.0050430118  0.1440052943  0.0306096371 -0.0202139088
  0.1482288454  0.0340729721  0.0006740319 -0.0210527275 -0.1407902498
 -0.1545399427 -0.0390018232  0.023692087 ]
step= 99

nparam= 56
        dense amplitude time= 0.0007295608520507812
        total non-zero amplitudes= 36
        nsamples per process= 36
self.n= 0.23035248683677476
        collect g,h time= 0.26578617095947266
E=-4.297751931599283,dE=-3.879110745597103e-05,std=0
L=-4.297751931599283,dL=-3.879110745597103e-05,std=0
        gnorm= 0.031237147484798986
        collect S matrix time= 0.0002605915069580078
        xnorm=1.7797966670541516,dnorm=0.0
        nonzero=28,wmax=4.406016036733687,wmin=0.007233663482934899
        SR solver time= 0.0003101825714111328
        collect H matrix time= 3.361701965332031e-05
        nonzero=28,smax=11.066360644979953,smin=0.022306711745849056
        RGN solver time= 0.0004432201385498047
        xnorm=1.7797966670541516,dnorm=0.004415468337369681
        dense amplitude time= 0.0006959438323974609
        total non-zero amplitudes= 36
        nsamples per process= 36
self.n= 0.22962056205993753
        RGN updated loss=-4.29778904621932,dloss=-3.7114620036859947e-05
[ 0.0090376113  0.2977658585  0.4010486947  0.1409088727 -0.2666703919
 -0.0280983898  0.0572545828  0.3984247177  0.2082571319 -0.3041042241
  0.2381513063 -0.0031845192 -0.0111822794 -0.0588419787 -0.0387453871
  0.0193557614 -0.1904930314  0.3047586412 -0.0029031945 -0.0089082338
  0.3202310437 -0.1784626249  0.073818552  -0.2556269615 -0.402790182
 -0.4290786737 -0.2399414331 -0.0334986758]
step= 149

nparam= 56
        dense amplitude time= 0.0007128715515136719
        total non-zero amplitudes= 36
        nsamples per process= 36
self.n= 0.21867555005414085
        collect g,h time= 0.2611689567565918
E=-4.2986617018394995,dE=-7.03401652657476e-06,std=0
L=-4.2986617018394995,dL=-7.03401652657476e-06,std=0
        gnorm= 0.01213498741416557
        collect S matrix time= 0.0002498626708984375
        xnorm=1.8517327376021375,dnorm=0.0
        nonzero=28,wmax=4.540816131298901,wmin=0.008690130682958026
        SR solver time= 0.0003037452697753906
        collect H matrix time= 3.2901763916015625e-05
        nonzero=28,smax=11.839542592222882,smin=0.02651552561842324
        RGN solver time= 0.00044274330139160156
        xnorm=1.8517327376021375,dnorm=0.001304831159217026
        dense amplitude time= 0.0006566047668457031
        total non-zero amplitudes= 36
        nsamples per process= 36
self.n= 0.21860896468042573
        RGN updated loss=-4.298668482466767,dloss=-6.7806272676662616e-06
[ 0.0176949675  0.291859186   0.4228841534  0.164557082  -0.2887136407
 -0.0242149374  0.0559442431  0.421663073   0.1855118384 -0.3281321195
  0.2641316279 -0.0013280987 -0.0159416    -0.061543036  -0.0414354259
  0.0159104435 -0.214115808   0.326044919  -0.0011136951 -0.0037451507
  0.3451833308 -0.2039633677  0.0834975572 -0.2458344898 -0.4256176
 -0.4552999691 -0.2180726719 -0.0380259774]
step= 199

nparam= 56
        dense amplitude time= 0.0007214546203613281
        total non-zero amplitudes= 36
        nsamples per process= 36
self.n= 0.21653213834143906
        collect g,h time= 0.2617216110229492
E=-4.298841871168534,dE=-2.572089838892566e-07,std=0
L=-4.298841871168534,dL=-2.572089838892566e-07,std=0
        gnorm= 0.0011086226512521673
        collect S matrix time= 0.0002491474151611328
        xnorm=1.8795622076506968,dnorm=0.0
        nonzero=28,wmax=4.599459660959916,wmin=0.00892176430691057
        SR solver time= 0.000308990478515625
        collect H matrix time= 3.314018249511719e-05
        nonzero=28,smax=5.211559176773361,smin=0.013360794373058604
        RGN solver time= 0.00044274330139160156
        xnorm=1.8795622076506968,dnorm=0.00031322119320956865
        dense amplitude time= 0.0006439685821533203
        total non-zero amplitudes= 36
        nsamples per process= 36
self.n= 0.21652494872299632
        RGN updated loss=-4.298842095860608,dloss=-2.2469207383579715e-07
[ 0.0194504273  0.2872617123  0.4352374242  0.175328997  -0.3011285261
 -0.0235322893  0.0554479742  0.4346124833  0.171334361  -0.3416069509
  0.2759146574 -0.0006034252 -0.0166971673 -0.0604989617 -0.0415291129
  0.0147102725 -0.226095051   0.3378362187 -0.0005575053 -0.0031442724
  0.3589148116 -0.2142231182  0.0851407143 -0.2391019879 -0.438327448
 -0.4695269478 -0.2049598429 -0.0376778543]
