full autodiff
layer= 0
nparam= 35
hop_ls= [(1, 2), (1, 5), (1, 6), (1, 9), (1, 10), (1, 13), (1, 14), (2, 5), (2, 6), (2, 9), (2, 10), (2, 13), (2, 14), (5, 6), (5, 9), (5, 10), (5, 13), (5, 14), (6, 9), (6, 10), (6, 13), (6, 14), (9, 10), (9, 13), (9, 14), (10, 13), (10, 14), (13, 14)]

layer= 1
nparam= 92
hop_ls= [(4, 9), (3, 13), (5, 10), (8, 9), (0, 5), (0, 14), (2, 11), (11, 14), (1, 15), (6, 11), (7, 10), (3, 6), (5, 12), (14, 15), (9, 10), (2, 4), (1, 8), (6, 13), (5, 14), (9, 12), (0, 9), (1, 10), (7, 14), (12, 13), (3, 10), (5, 7), (0, 2), (9, 14), (1, 3), (10, 15), (1, 12), (13, 14), (5, 9), (1, 5), (1, 14), (2, 13), (7, 9), (3, 5), (3, 14), (5, 11), (4, 13), (8, 13), (1, 7), (2, 6), (2, 15), (6, 15), (4, 6), (5, 13), (10, 12), (1, 9), (2, 8), (6, 8), (3, 9), (5, 6), (1, 2), (10, 14), (1, 11), (0, 13), (2, 10), (11, 13), (6, 10), (12, 14), (4, 10), (8, 10), (1, 4), (0, 6), (2, 3), (1, 13), (2, 12), (6, 12), (1, 6), (2, 5), (9, 11), (2, 14), (6, 14), (7, 13), (4, 5), (4, 14), (0, 1), (5, 15), (8, 14), (10, 11), (9, 13), (0, 10), (2, 7), (6, 7), (5, 8), (10, 13), (9, 15), (2, 9), (13, 15), (6, 9)]

step= 0

nparam= 127
ntotal configs= 4900
        dense amplitude time= 0.06240034103393555
        total non-zero amplitudes= 4900
        nsamples per process= 159
        sample time= 22.70384907722473
self.n= 0.8843549933586901
        collect g,h time= 29.98483943939209
E=-13.791321628567442,dE=0,std=0
L=-13.791321628567442,dL=0,std=0
        gnorm= 0.43305018755182256
        collect S matrix time= 0.006405830383300781
        SR solver time= 0.00040793418884277344
        collect H matrix time= 0.00644683837890625
        RGN solver time= 0.0002453327178955078
        xnorm=0.6275697427425017,dnorm=0.6219280018586574
        dense amplitude time= 0.012802839279174805
        total non-zero amplitudes= 4900
        nsamples per process= 159
        sample time= 14.41501235961914
self.n= 0.9099225892150987
        RGN updated loss=-13.911403548127996,dloss=-0.1200819195605547
step= 1

nparam= 127
        dense amplitude time= 0.012471675872802734
        total non-zero amplitudes= 4900
        nsamples per process= 159
        sample time= 22.724682331085205
self.n= 0.9099225892150993
        collect g,h time= 29.98454236984253
E=-13.911403548127995,dE=-0.12008191956055292,std=0
L=-13.911403548127995,dL=-0.12008191956055292,std=0
        gnorm= 0.13346785407525869
        collect S matrix time= 0.006693124771118164
        SR solver time= 0.0003428459167480469
        collect H matrix time= 0.006554365158081055
        RGN solver time= 0.0002224445343017578
        xnorm=0.6809258982136599,dnorm=0.4867565330146484
        dense amplitude time= 0.012531518936157227
        total non-zero amplitudes= 4900
        nsamples per process= 159
        sample time= 14.402356147766113
self.n= 0.8506989577211607
        RGN updated loss=-13.930089722722872,dloss=-0.01868617459487787
step= 2

nparam= 127
        dense amplitude time= 0.012608528137207031
        total non-zero amplitudes= 4900
        nsamples per process= 159

frechet
layer= 0
nparam= 35
hop_ls= [(1, 2), (1, 5), (1, 6), (1, 9), (1, 10), (1, 13), (1, 14), (2, 5), (2, 6), (2, 9), (2, 10), (2, 13), (2, 14), (5, 6), (5, 9), (5, 10), (5, 13), (5, 14), (6, 9), (6, 10), (6, 13), (6, 14), (9, 10), (9, 13), (9, 14), (10, 13), (10, 14), (13, 14)]

layer= 1
nparam= 92
hop_ls= [(4, 9), (3, 13), (5, 10), (8, 9), (0, 5), (0, 14), (2, 11), (11, 14), (1, 15), (6, 11), (7, 10), (3, 6), (5, 12), (14, 15), (9, 10), (2, 4), (1, 8), (6, 13), (5, 14), (9, 12), (0, 9), (1, 10), (7, 14), (12, 13), (3, 10), (5, 7), (0, 2), (9, 14), (1, 3), (10, 15), (1, 12), (13, 14), (5, 9), (1, 5), (1, 14), (2, 13), (7, 9), (3, 5), (3, 14), (5, 11), (4, 13), (8, 13), (1, 7), (2, 6), (2, 15), (6, 15), (4, 6), (5, 13), (10, 12), (1, 9), (2, 8), (6, 8), (3, 9), (5, 6), (1, 2), (10, 14), (1, 11), (0, 13), (2, 10), (11, 13), (6, 10), (12, 14), (4, 10), (8, 10), (1, 4), (0, 6), (2, 3), (1, 13), (2, 12), (6, 12), (1, 6), (2, 5), (9, 11), (2, 14), (6, 14), (7, 13), (4, 5), (4, 14), (0, 1), (5, 15), (8, 14), (10, 11), (9, 13), (0, 10), (2, 7), (6, 7), (5, 8), (10, 13), (9, 15), (2, 9), (13, 15), (6, 9)]

update time= 0.0027163028717041016
update time= 0.00760340690612793
step= 0

nparam= 127
ntotal configs= 4900
        dense amplitude time= 0.007956743240356445
        total non-zero amplitudes= 4900
        nsamples per process= 159
        sample time= 16.06327176094055
self.n= 0.8843549933586901
        collect g,h time= 18.754631996154785
E=-13.791321628567442,dE=0,std=0
L=-13.791321628567442,dL=0,std=0
        gnorm= 0.4330501875518225
        collect S matrix time= 0.0066471099853515625
        SR solver time= 0.0003590583801269531
        collect H matrix time= 0.006505250930786133
        RGN solver time= 0.00022459030151367188
        xnorm=0.6275697427425017,dnorm=0.6219280018586646
update time= 0.002774953842163086
update time= 0.00792384147644043
        dense amplitude time= 0.007021665573120117
        total non-zero amplitudes= 4900
        nsamples per process= 159
        sample time= 14.143110036849976
self.n= 0.9099225892150917
        RGN updated loss=-13.911403548127996,dloss=-0.1200819195605547
update time= 0.0023317337036132812
update time= 0.007753133773803711
step= 1

nparam= 127
        dense amplitude time= 0.017209768295288086
        total non-zero amplitudes= 4900
        nsamples per process= 159
        sample time= 16.118568420410156
self.n= 0.9099225892150915
        collect g,h time= 18.823460340499878
E=-13.911403548128,dE=-0.12008191956055825,std=0
L=-13.911403548128,dL=-0.12008191956055825,std=0
        gnorm= 0.13346785407526224
        collect S matrix time= 0.00665593147277832
        SR solver time= 0.0003535747528076172
        collect H matrix time= 0.006508827209472656
        RGN solver time= 0.00028443336486816406
        xnorm=0.6809258982136143,dnorm=0.48675653301463623
update time= 0.0027840137481689453
update time= 0.008061408996582031
        dense amplitude time= 0.007939577102661133
        total non-zero amplitudes= 4900
        nsamples per process= 159
