run = 0
step= 49

nparam= 56
        dense amplitude time= 0.0007700920104980469
        total non-zero amplitudes= 36
        nsamples per process= 36
self.n= 1.1097376441957278
        collect g,h time= 0.27724313735961914
E=-4.05396388554695,dE=-0.0005467666455754028,std=0
L=-4.05396388554695,dL=-0.0005467666455754028,std=0
        gnorm= 0.03721930023462286
        collect S matrix time= 0.00020647048950195312
        nonzero=25,wmax=1.9261221871472791,wmin=0.014160757070998656
        SR solver time= 0.0003082752227783203
        xnorm=1.0016977077599445,dnorm=0.009554013385286803
[-0.1420012007  0.026558446  -0.018677667  -0.0519461859  0.0283082822
 -0.0140168896 -0.1092132352  0.0359317439 -0.04131046    0.0287375931
 -0.0117981001  0.1656332434 -0.019402943   0.160394045  -0.0256463713
  0.0657456696  0.0004023509  0.0344285334 -0.1686167488 -0.0197245993
  0.0510695627 -0.0264112458  0.1666306397 -0.0568938135  0.0017582661
 -0.0165539575 -0.002589728  -0.1394769377]
step= 99

nparam= 56
        dense amplitude time= 0.000713348388671875
        total non-zero amplitudes= 36
        nsamples per process= 36
self.n= 1.2165639926343819
        collect g,h time= 0.2644329071044922
E=-4.091751523866449,dE=-0.0016663766588029816,std=0
L=-4.091751523866449,dL=-0.0016663766588029816,std=0
        gnorm= 0.05891185329673734
        collect S matrix time= 0.0002467632293701172
        xnorm=1.3934055582437688,dnorm=0.0
        nonzero=29,wmax=1.8287616882940279,wmin=0.003224240648983279
        SR solver time= 0.00030803680419921875
        collect H matrix time= 3.337860107421875e-05
        nonzero=29,smax=9.803711431471497,smin=0.019560303465548608
        RGN solver time= 0.00041413307189941406
        xnorm=1.3934055582437688,dnorm=0.016807046106240904
        dense amplitude time= 0.0006387233734130859
        total non-zero amplitudes= 36
        nsamples per process= 36
self.n= 1.2219282714623076
        RGN updated loss=-4.093468755134626,dloss=-0.0017172312681763557
[-0.2032998231  0.1336744744 -0.0053189749 -0.1832322867  0.0298858041
 -0.012024568  -0.1652185675  0.0273670595 -0.1891473419  0.0297445075
  0.1350134986  0.1937026407 -0.0170388661  0.2255964166 -0.0148246986
  0.1176231512  0.1326694852  0.0329194339 -0.1928958553 -0.0214505081
  0.049659484  -0.1737245407  0.1958685572 -0.1949835567 -0.0034512442
 -0.0030650837  0.1226024504 -0.1653233768]
step= 149

nparam= 56
        dense amplitude time= 0.0007169246673583984
        total non-zero amplitudes= 36
        nsamples per process= 36
self.n= 1.3811834277913664
        collect g,h time= 0.26830005645751953
E=-4.137255403786278,dE=-0.000863136326182179,std=0
L=-4.137255403786278,dL=-0.000863136326182179,std=0
        gnorm= 0.050382951712796525
        collect S matrix time= 0.00026416778564453125
        xnorm=1.6191916894497917,dnorm=0.0
        nonzero=28,wmax=1.465794750594343,wmin=0.0022135691839941926
        SR solver time= 0.00029659271240234375
        collect H matrix time= 3.314018249511719e-05
        nonzero=28,smax=15.474272355188473,smin=0.02491914181817325
        RGN solver time= 0.00042319297790527344
        xnorm=1.6191916894497917,dnorm=0.05139298396177466
        dense amplitude time= 0.0006611347198486328
        total non-zero amplitudes= 36
        nsamples per process= 36
self.n= 1.3947586439055324
        RGN updated loss=-4.138108424917603,dloss=-0.0008530211313253488
[-0.2077217189  0.2158172514  0.0084137457 -0.2807228685  0.0264282735
  0.0252061102 -0.3032928424 -0.0024661717 -0.2579137191  0.051115391
  0.2983516245  0.0909477836 -0.0235165644  0.238249424   0.0147155473
  0.2508193817  0.2289609465  0.0250856194 -0.0843569701 -0.0311922603
  0.0692234994 -0.3338549394  0.1626947504 -0.3919540109 -0.0480437835
  0.0477575076  0.1780377478 -0.1300787806]

run = 1
step= 49

nparam= 56
        dense amplitude time= 0.0007619857788085938
        total non-zero amplitudes= 36
        nsamples per process= 36
self.n= 1.0452569239150495
        collect g,h time= 0.2648806571960449
E=-4.054101918296207,dE=-0.0005237859608744344,std=0
L=-4.054101918296207,dL=-0.0005237859608744344,std=0
        gnorm= 0.035732374135256484
        collect S matrix time= 0.000240325927734375
        nonzero=25,wmax=1.9986782011588395,wmin=0.014482833918678394
        SR solver time= 0.00029778480529785156
        xnorm=1.0184840657487,dnorm=0.009346071371714311
[ 0.1323058461  0.0232316756 -0.0036878667 -0.0172079397  0.0037078568
 -0.0340792749  0.1235764989  0.0141205031  0.0150884422 -0.0392838499
 -0.013224471  -0.1568095684 -0.0081947577 -0.1076312445 -0.0310117797
 -0.0947489631 -0.0004620788  0.0130848806  0.1324760736  0.0179190997
 -0.0296063028 -0.0089642075 -0.1664261113  0.0410833729  0.0277634688
 -0.0331155949  0.0191895091  0.2270198329]
step= 99

nparam= 56
        dense amplitude time= 0.0007178783416748047
        total non-zero amplitudes= 36
        nsamples per process= 36
self.n= 0.6349623857700952
        collect g,h time= 0.26142406463623047
E=-4.077565111204974,dE=-0.0005198869437661457,std=0
L=-4.077565111204974,dL=-0.0005198869437661457,std=0
        gnorm= 0.05817861328833699
        collect S matrix time= 0.0002503395080566406
        xnorm=2.0448437829988895,dnorm=0.0
        nonzero=27,wmax=2.4256275521254933,wmin=0.0046425333264124066
        SR solver time= 0.0003097057342529297
        collect H matrix time= 3.218650817871094e-05
        nonzero=27,smax=5.875554466157429,smin=0.014895347929685186
        RGN solver time= 0.00043129920959472656
        xnorm=2.0448437829988895,dnorm=0.05008010036520362
        dense amplitude time= 0.0006539821624755859
        total non-zero amplitudes= 36
        nsamples per process= 36
self.n= 0.613105270859556
        RGN updated loss=-4.077992724105039,dloss=-0.00042761290006509967
[ 0.0804086901 -0.200119313  -0.0185134952  0.031360743  -0.0013462242
 -0.0692631277  0.057314084   0.0276172698 -0.1930690751  0.0700194066
 -0.1840638663 -0.379163772   0.0439661731 -0.0600661609 -0.083840598
 -0.0267528635 -0.0470076797  0.0038459783  0.355503765   0.0390327909
  0.0596768406  0.1680635343 -0.3041489339  0.2514524968 -0.0403573048
  0.0478522409  0.0710159506  0.3656926876]

run = 2
step= 49

nparam= 56
        dense amplitude time= 0.0007219314575195312
        total non-zero amplitudes= 36
        nsamples per process= 36
self.n= 1.2753998728919462
        collect g,h time= 0.26341891288757324
E=-4.054481752275618,dE=-0.0005508631775814621,std=0
L=-4.054481752275618,dL=-0.0005508631775814621,std=0
        gnorm= 0.03705076885459212
        collect S matrix time= 0.0002505779266357422
        nonzero=25,wmax=1.8300284744838202,wmin=0.013710843443348887
        SR solver time= 0.00029158592224121094
        xnorm=1.0170976321585201,dnorm=0.009597167050802956
[ 0.1227734967  0.0074048853  0.020669352   0.0032187271 -0.0045365441
  0.0266452032  0.0992049579 -0.0336166276 -0.0085485289  0.0130689391
  0.050758677  -0.1671507514  0.0173142468 -0.1340967579  0.0274657583
 -0.1085274234  0.0365730793 -0.0092117085  0.1422307449 -0.0108360714
  0.0310650179  0.0207479262 -0.1975451134  0.0337595219  0.0241492772
 -0.0079306833  0.0196084005  0.1907326845]
step= 99

nparam= 56
        dense amplitude time= 0.0007076263427734375
        total non-zero amplitudes= 36
        nsamples per process= 36
self.n= 1.1592060627524094
        collect g,h time= 0.2619755268096924
E=-4.081985109352636,dE=-0.0009134466335805058,std=0
L=-4.081985109352636,dL=-0.0009134466335805058,std=0
        gnorm= 0.05333844672711189
        collect S matrix time= 0.00024700164794921875
        xnorm=1.6701125849487024,dnorm=0.0
        nonzero=28,wmax=1.867366079737085,wmin=0.002654976899255445
        SR solver time= 0.00030040740966796875
        collect H matrix time= 3.218650817871094e-05
        nonzero=28,smax=9.89191962182633,smin=0.0157123042528433
        RGN solver time= 0.00041985511779785156
        xnorm=1.6701125849487024,dnorm=0.029741092792024644
        dense amplitude time= 0.0006549358367919922
        total non-zero amplitudes= 36
        nsamples per process= 36
self.n= 1.1469140789933405
        RGN updated loss=-4.082928729993574,dloss=-0.0009436206409381143
[ 0.0825980589  0.2233845201  0.0327392695 -0.0658237575  0.0226046039
 -0.0018243225  0.0602801053 -0.0689516878  0.025346915  -0.0177014817
  0.191692632  -0.2968621705  0.0120358171 -0.0920286017 -0.0055562679
 -0.0724538707  0.101788894  -0.0028109704  0.2693652064  0.0055194674
 -0.0048331781 -0.1208944844 -0.3398593969 -0.0986928625  0.0624524753
 -0.0243910449  0.053236621   0.3317123929]

run = 3
step= 49

nparam= 56
        dense amplitude time= 0.0007429122924804688
        total non-zero amplitudes= 36
        nsamples per process= 36
self.n= 0.9407020956413822
        collect g,h time= 0.26204466819763184
E=-4.074959347091608,dE=-0.0013318765016290257,std=0
L=-4.074959347091608,dL=-0.0013318765016290257,std=0
        gnorm= 0.09005481360259929
        collect S matrix time= 0.0002281665802001953
        nonzero=29,wmax=2.102573147860804,wmin=0.002167024461101469
        SR solver time= 0.0002903938293457031
        xnorm=0.9529062779323627,dnorm=0.03991363366801493
[ 0.0092249208  0.0590807282  0.2009544147  0.0477693773 -0.2212712222
 -0.0221671833 -0.0356647632  0.2538982904  0.0746286095 -0.1459573583
 -0.0253368806 -0.0021595162 -0.0277314384  0.0249594618 -0.0209092487
 -0.0373425519  0.0015453632  0.1797085066 -0.0167423271 -0.0117376926
  0.2079595645  0.025737084   0.0178322578 -0.0166171761 -0.2222942985
 -0.2550733286 -0.0549111234  0.025407603 ]
step= 99

nparam= 56
        dense amplitude time= 0.0007336139678955078
        total non-zero amplitudes= 36
        nsamples per process= 36
self.n= 0.6208142914748621
        collect g,h time= 0.2612330913543701
E=-4.200121162614162,dE=-8.900264006594938e-05,std=0
L=-4.200121162614162,dL=-8.900264006594938e-05,std=0
        gnorm= 0.018915437231014437
        collect S matrix time= 0.00024628639221191406
        xnorm=1.943388847873717,dnorm=0.0
        nonzero=31,wmax=2.342084650435423,wmin=0.002461969540497751
        SR solver time= 0.00030612945556640625
        collect H matrix time= 3.1948089599609375e-05
        nonzero=31,smax=5.058654367475249,smin=0.008960660199559633
        RGN solver time= 0.0004374980926513672
        xnorm=1.943388847873717,dnorm=0.010242520017673925
        dense amplitude time= 0.0006749629974365234
        total non-zero amplitudes= 36
        nsamples per process= 36
self.n= 0.6250835455203559
        RGN updated loss=-4.200199765049715,dloss=-7.860243555235513e-05
[ 0.0248371852  0.2429068262  0.3421407568  0.194743929  -0.5006996914
  0.0211334624 -0.065621177   0.4063507832  0.2453164112 -0.4511069253
  0.1089021359 -0.0154094053 -0.0299720183  0.0261115648 -0.0280943988
 -0.0419442507 -0.1468332615  0.4638810331 -0.0115173657 -0.0069480167
  0.5146852672 -0.1069481639  0.0397532809  0.0787473968 -0.4644220341
 -0.5095957997  0.013019768   0.0090941765]
step= 149

nparam= 56
        dense amplitude time= 0.0007460117340087891
        total non-zero amplitudes= 36
        nsamples per process= 36
self.n= 0.6664405626527068
        collect g,h time= 0.2807598114013672
E=-4.200772506248638,dE=-1.8012384384036295e-07,std=0
L=-4.200772506248638,dL=-1.8012384384036295e-07,std=0
        gnorm= 0.0030059528448388682
        collect S matrix time= 0.00024819374084472656
        xnorm=1.9394855933076334,dnorm=0.0
        nonzero=31,wmax=2.263877301406493,wmin=0.0024102125227621015
        SR solver time= 0.00030231475830078125
        collect H matrix time= 3.361701965332031e-05
        nonzero=31,smax=4.924843466676546,smin=0.00866700332146708
        RGN solver time= 0.00043463706970214844
        xnorm=1.9394855933076334,dnorm=0.00436826419581721
        dense amplitude time= 0.0006535053253173828
        total non-zero amplitudes= 36
        nsamples per process= 36
self.n= 0.6657709599416616
        RGN updated loss=-4.2007726649892945,dloss=-1.5874065617538236e-07
[ 0.027372972   0.2004395621  0.3807705043  0.2187536317 -0.5140452209
  0.0091607732 -0.0474795616  0.4456820832  0.1900840014 -0.4671457951
  0.1388938512  0.0051934722 -0.0455137222  0.0315691797 -0.0433048309
 -0.0164189099 -0.1705415261  0.4772448238  0.0194803414 -0.0229651296
  0.5317035864 -0.1307489974  0.0356143434  0.0693350053 -0.4909309759
 -0.5352873022 -0.0123423598  0.009028087 ]
