R = 1.19
step= 19

nparam= 49
        dense amplitude time= 0.0008833408355712891
        total non-zero amplitudes= 36
        nsamples per process= 12
self.n= 0.42466802493460015
        collect g,h time= 0.15386605262756348
E=-4.339403426394659,dE=-8.209433133288258e-12,std=0
L=-4.339403426394659,dL=-8.209433133288258e-12,std=0
        gnorm= 1.9243808498310173e-06
        collect S matrix time= 0.00010323524475097656
        nonzero=30,wmax=4.183734544683786,wmin=0.00867942326766377
        SR solver time= 0.00029540061950683594
        collect H matrix time= 3.6716461181640625e-05
        nonzero=31,smax=5.816370333393455,smin=0.007891406354421777
        RGN solver time= 0.0003635883331298828
        xnorm=1.661851926398051,dnorm=2.280647992042379e-06
        dense amplitude time= 0.0008442401885986328
        total non-zero amplitudes= 36
        nsamples per process= 12
self.n= 0.42466803017205906
        RGN updated loss=-4.339403426388203,dloss=6.45616893280021e-12
        xnorm=1.661851926398051,dnorm=1.2185472195288763e-07
[ 0.0829314444  0.2240872708 -0.0000101008 -0.049073018   0.0956776271
 -0.0814647741]
[ 0.0147216243 -0.0000282024  0.0129136144 -0.0000258259  0.1622710949
  0.184315925  -0.0000125129  0.0444151395  0.0000063638 -0.149589678
  0.0000297999  0.0760872454  0.2724492107 -0.0000047311  0.0806800101
  1.0702017026]
[ 0.1099246121  0.0491286825 -0.4207291019  0.0190130737  0.2579592923
  0.0617710466 -0.024590553  -0.4496642758 -0.0401904502  0.3068413596
 -0.0422157136  0.0000012127  0.0901201289 -0.1648152491 -0.0144149649
  0.0425649551 -0.207835027  -0.0310645672 -0.1359555333 -0.2456820831
 -0.0536985129 -0.0431433009  0.0404529408  0.5544277891  0.5727057362
 -0.0315366341 -0.0625685042]

R = 1.21
step= 49

nparam= 49
        dense amplitude time= 0.01883983612060547
        total non-zero amplitudes= 36
        nsamples per process= 12
self.n= 0.417252137104704
        collect g,h time= 0.15649199485778809
E=-4.318183316228001,dE=-4.3520742565306136e-14,std=0
L=-4.318183316228001,dL=-4.3520742565306136e-14,std=0
        gnorm= 0.00018028547456028216
        collect S matrix time= 0.00014638900756835938
        nonzero=30,wmax=4.236120714218258,wmin=0.009042840630174735
        SR solver time= 0.00027489662170410156
        collect H matrix time= 3.695487976074219e-05
        nonzero=31,smax=5.840251885400894,smin=0.008792645365961489
        RGN solver time= 0.0003814697265625
        xnorm=1.6846246785560883,dnorm=1.6581549413352855e-07
        dense amplitude time= 0.0009648799896240234
        total non-zero amplitudes= 36
        nsamples per process= 12
self.n= 0.4172521357079882
        RGN updated loss=-4.318183316228775,dloss=-7.744915819785092e-13
[ 0.0845513569  0.2200478111  0.0000928707 -0.035390266   0.0881702482
 -0.0820533028]
[ 0.0200235163 -0.0000392356  0.0090446695 -0.0000154439  0.1613419372
  0.1961130255 -0.0000427024  0.0426885928  0.000040657  -0.1443465546
  0.0001065632  0.0719722512  0.2632719216 -0.0000511554  0.0861591859
  1.0703191153]
[ 0.1100238907  0.0511519052 -0.4355336722  0.0189560085  0.271053224
  0.0608178509 -0.0243581098 -0.4635494092 -0.0417617311  0.3133678409
 -0.0415234093  0.0009241001  0.0892214836 -0.1694820057 -0.0143538527
  0.0426842855 -0.223155178  -0.0314425083 -0.1338666796 -0.2547105453
 -0.0543150375 -0.0426919891  0.0415245623  0.5687029378  0.5875610164
 -0.0320339793 -0.0628447764]

R = 1.23
nparam= 49
        dense amplitude time= 0.0008437633514404297
        total non-zero amplitudes= 36
        nsamples per process= 12
self.n= 0.41359900256246185
        collect g,h time= 0.1540989875793457
E=-4.298777068110407,dE=-2.6645352591003757e-15,std=0
L=-4.298777068110407,dL=-2.6645352591003757e-15,std=0
        gnorm= 0.0003623445562229291
        collect S matrix time= 0.00019693374633789062
        nonzero=31,wmax=4.281031283281767,wmin=0.004406108591798907
        SR solver time= 0.0002918243408203125
        collect H matrix time= 2.8848648071289062e-05
        nonzero=31,smax=5.854935585160897,smin=0.009359715928466206
        RGN solver time= 0.0003685951232910156
        xnorm=1.7082644996817968,dnorm=2.5066346427930348e-08
        dense amplitude time= 0.0009675025939941406
        total non-zero amplitudes= 36
        nsamples per process= 12
self.n= 0.4135990021576456
        RGN updated loss=-4.29877706811117,dloss=-7.629452625224076e-13
[ 0.0858548768  0.2160257659  0.0001584787 -0.020002985   0.0812404201
 -0.0823261552]
[ 0.025458389  -0.0000451424  0.0049795999 -0.0000178093  0.1615795417
  0.2076018726 -0.0000883905  0.0414863716  0.0000708586 -0.1401219116
  0.0001981442  0.0674601992  0.2537272721 -0.0001037406  0.0920842231
  1.0701538291]
[ 0.1101000234  0.0531808093 -0.4504891297  0.0188939216  0.2836884562
  0.0601785327 -0.0241280269 -0.4776011569 -0.043336133   0.320068553
 -0.0408551051  0.0016655655  0.0883268246 -0.174111173  -0.0142894903
  0.0428328875 -0.2379704109 -0.0318602532 -0.1319373954 -0.2638837091
 -0.0548777019 -0.0422364068  0.0426217578  0.58311716    0.6024393455
 -0.0325621414 -0.0630817752]
