run  = 0
step= 99

nparam= 49
        dense amplitude time= 0.0008902549743652344
        total non-zero amplitudes= 36
        nsamples per process= 12
self.n= 0.574854433293505
        collect g,h time= 0.15406560897827148
E=-4.212223151346669,dE=-7.093011511472014e-09,std=0
L=-4.212223151346669,dL=-7.093011511472014e-09,std=0
        gnorm= 2.971398697847781e-06
        collect S matrix time= 5.173683166503906e-05
        SR solver time= 7.867813110351562e-05
        collect H matrix time= 3.075599670410156e-05
        RGN solver time= 5.245208740234375e-05
        xnorm=1.9890498328264115,dnorm=0.0018251512455354853
        dense amplitude time= 0.0009114742279052734
        total non-zero amplitudes= 36
        nsamples per process= 12
self.n= 0.5749040586102203
        RGN updated loss=-4.2122231581370695,dloss=-6.790400242095984e-09
[ 0.164515256  -0.1090762836  0.0062647655 -0.221687277  -0.552908974
 -0.0784926986]
[-0.2740700639 -0.0273984377 -0.8203588334 -0.0243136575 -0.2025617737
  0.0359842158 -0.0250052487 -0.7383001721 -0.0090747429 -0.5705784825
  0.057229561  -0.3481515803 -0.1547703914 -0.02221349    0.441033967
  0.1068513167]
[-0.0573248647 -0.0521593599 -0.607296383  -0.0090976922 -0.041046116
 -0.2307442173  0.0390432281 -0.5132028362  0.0375250175  0.0557465216
 -0.0593187471 -0.130463742  -0.025883271   0.4749406614 -0.0132685293
 -0.039394833  -0.0596130397 -0.0450301816  0.0651705753 -0.1281837546
 -0.0111776107 -0.0575523335  0.0420374821  0.4872958942  0.561845066
 -0.0372875608 -0.0885363595]
