run = 0
step= 29

nparam= 38
        dense amplitude time= 0.001796722412109375
        total non-zero amplitudes= 36
        nsamples per process= 36
self.n= 0.6908152992722113
        collect g,h time= 0.2975013256072998
E=-4.42381424973833,dE=-0.0003055533834990243,std=0
L=-4.42381424973833,dL=-0.0003055533834990243,std=0
        gnorm= 0.028718389824074906
        collect S matrix time= 7.176399230957031e-05
        nonzero=19,wmax=1.446093352784609,wmin=0.044452770099717535
        SR solver time= 0.00023674964904785156
        xnorm=0.7020127581958974,dnorm=0.005939299367065845
[ 0.199457745  -0.0504527621  0.0739176111 -0.097935466   0.0668029943
 -0.0885017526]
[ 0.0184170849 -0.0411786079 -0.0152739478  0.0170201579]
[-0.0479113817  0.0071446248  0.0518055295  0.0144800084 -0.0715445464
  0.0276141124  0.0126207087  0.0167260442 -0.0070673019 -0.0341131873
 -0.0181296604 -0.0041913024 -0.0111280429 -0.0403513644  0.0315842979
 -0.0021108893  0.0142010817  0.072768322   0.0054549075 -0.0171954143
  0.0971203585 -0.0085865362  0.0436840155  0.0249273652 -0.4586918301
 -0.4240636428 -0.0280819779 -0.0041358063]
step= 49

nparam= 38
        dense amplitude time= 0.0018985271453857422
        total non-zero amplitudes= 36
        nsamples per process= 36
self.n= 0.5675485880111031
        collect g,h time= 0.2947874069213867
E=-4.4339836547758,dE=-1.3499900397562214e-06,std=0
L=-4.4339836547758,dL=-1.3499900397562214e-06,std=0
        gnorm= 0.0012043570599422253
        collect S matrix time= 5.4836273193359375e-05
        xnorm=0.9802812615609796,dnorm=0.0
        nonzero=19,wmax=1.979953745864385,wmin=0.01523914537831273
        SR solver time= 0.00025773048400878906
        collect H matrix time= 3.314018249511719e-05
        nonzero=19,smax=2.906203670798761,smin=0.029093743676357985
        RGN solver time= 0.00029540061950683594
        xnorm=0.9802812615609796,dnorm=0.0010993030736724519
        dense amplitude time= 0.0017392635345458984
        total non-zero amplitudes= 36
        nsamples per process= 36
self.n= 0.5672498958929769
        RGN updated loss=-4.433984489725345,dloss=-8.349495450588051e-07
[ 0.1320278562 -0.33523725    0.1405638697 -0.1645817246  0.2306712795
  0.1141478777]
[ 0.0288006473 -0.0412599674 -0.0209375198  0.0201174422]
[-0.0555434025  0.0106414524  0.2790656533  0.0115863902 -0.1742224104
  0.0024742371  0.0090566677  0.2448736814 -0.0080741752 -0.1423275622
 -0.0108050376 -0.0046605491 -0.0397022565 -0.0313659129 -0.0007078705
 -0.0030724642  0.0130710861  0.1716037018  0.0109310573 -0.0515858516
  0.2036940866 -0.0097795291  0.0412219792  0.0162872808 -0.4880307834
 -0.454489833  -0.0147568865  0.0117436888]

run = 1
step= 29

nparam= 38
        dense amplitude time= 0.0010061264038085938
        total non-zero amplitudes= 36
        nsamples per process= 12
self.n= 0.6182811212976731
        collect g,h time= 0.14815211296081543
E=-4.439387644877804,dE=-1.3914076735233039e-07,std=0
L=-4.439387644877804,dL=-1.3914076735233039e-07,std=0
        gnorm= 0.0011672775589629107
        collect S matrix time= 0.0001595020294189453
        nonzero=20,wmax=2.653215848299077,wmin=0.008778501954684654
        SR solver time= 0.0002522468566894531
        collect H matrix time= 2.956390380859375e-05
        nonzero=20,smax=7.8474637742663385,smin=0.026622326921723193
        RGN solver time= 0.0002307891845703125
        xnorm=1.499918922548919,dnorm=0.000287612412561904
        dense amplitude time= 0.0010461807250976562
        total non-zero amplitudes= 36
        nsamples per process= 12
self.n= 0.6181652401934704
        RGN updated loss=-4.439387756185528,dloss=-1.1130772481493523e-07
[ 0.1550260974  0.0180775229  0.133680658  -0.1477838211  0.0600053637
 -0.071989189 ]
[ 0.1032714641  0.6698399495  0.7690181992 -0.7444311217]
[ 0.0099600582  0.0064226607 -0.3480513478 -0.000915942   0.1830956466
  0.0289748489 -0.0022262948 -0.289830271  -0.0036682608  0.1770451785
  0.0020477863 -0.0137781257 -0.0230448339  0.0199726838  0.0151385928
 -0.0083580209  0.0060038952 -0.2091547547 -0.0068638934 -0.0149159318
 -0.2419256461 -0.0057822709  0.0294804706 -0.0054928935  0.2989006989
  0.3259244526  0.0089822945  0.0177378063]
