update time= 0.059795379638671875
step= 34

nparam= 218
        dense amplitude time= 0.02138233184814453
        total non-zero amplitudes= 4900
        nsamples per process= 159
        sample time= 17.21485733985901
self.n= 0.6118091202332276
        collect g,h time= 19.991748332977295
E=-13.98581722707029,dE=-6.226502069495155e-07,std=0
L=-13.98581722707029,dL=-6.226502069495155e-07,std=0
        gnorm= 0.00026735456840605814
        collect S matrix time= 0.02042675018310547
        SR solver time= 0.0007431507110595703
        collect H matrix time= 0.019428253173828125
        RGN solver time= 0.0007832050323486328
        xnorm=2.9886429157601837,dnorm=0.01248187505132389
update time= 0.003819704055786133
update time= 0.007262468338012695
update time= 0.06016111373901367
        dense amplitude time= 0.023403406143188477
        total non-zero amplitudes= 4900
        nsamples per process= 159
        sample time= 14.121315002441406
self.n= 0.6115497413450659
        RGN updated loss=-13.985817640442377,dloss=-4.133720867827151e-07
update time= 0.002992868423461914
update time= 0.006853342056274414
update time= 0.050484418869018555
step= 35

nparam= 218
        dense amplitude time= 0.024974346160888672
        total non-zero amplitudes= 4900
        nsamples per process= 159
        sample time= 17.248610734939575
self.n= 0.611549741345065
        collect g,h time= 19.964585304260254
E=-13.985817640442377,dE=-4.133720867827151e-07,std=0
L=-13.985817640442377,dL=-4.133720867827151e-07,std=0
        gnorm= 0.0001907228480746563
        collect S matrix time= 0.02050328254699707
        SR solver time= 0.0007827281951904297
        collect H matrix time= 0.019234418869018555
        RGN solver time= 0.0007493495941162109
        xnorm=2.9932706544429677,dnorm=0.010357948811191666
update time= 0.004051923751831055
update time= 0.007294654846191406
update time= 0.06011819839477539
        dense amplitude time= 0.02817535400390625
        total non-zero amplitudes= 4900
        nsamples per process= 159
        sample time= 14.080129623413086
self.n= 0.6113487899077574
        RGN updated loss=-13.985817913932374,dloss=-2.734899968714899e-07
update time= 0.0029497146606445312
update time= 0.00687098503112793
update time= 0.061907291412353516
step= 36

nparam= 218
        dense amplitude time= 0.017417430877685547
        total non-zero amplitudes= 4900
        nsamples per process= 159
        sample time= 17.193787336349487
self.n= 0.6113487899077565
        collect g,h time= 20.069923877716064
E=-13.985817913932374,dE=-2.734899968714899e-07,std=0
L=-13.985817913932374,dL=-2.734899968714899e-07,std=0
        gnorm= 0.0001372116936217952
        collect S matrix time= 0.02043771743774414
        SR solver time= 0.0007104873657226562
        collect H matrix time= 0.019596576690673828
        RGN solver time= 0.0007181167602539062
        xnorm=2.9970293638363956,dnorm=0.008480557169851171
update time= 0.0038309097290039062
update time= 0.007197141647338867
update time= 0.052550554275512695
        dense amplitude time= 0.03347301483154297
        total non-zero amplitudes= 4900
        nsamples per process= 159
        sample time= 14.176272869110107
self.n= 0.6111848519371721
        RGN updated loss=-13.985818096482106,dloss=-1.8254973177533884e-07
update time= 0.003046751022338867
update time= 0.006958723068237305
update time= 0.0599668025970459
step= 37

nparam= 218
        dense amplitude time= 0.016967296600341797
        total non-zero amplitudes= 4900
        nsamples per process= 159
        sample time= 17.282470703125
self.n= 0.6111848519371714
        collect g,h time= 20.011486530303955
E=-13.985818096482104,dE=-1.82549729998982e-07,std=0
L=-13.985818096482104,dL=-1.82549729998982e-07,std=0
        gnorm= 9.663633239984e-05
        collect S matrix time= 0.020457744598388672
        SR solver time= 0.0006878376007080078
        collect H matrix time= 0.019338607788085938
        RGN solver time= 0.0007388591766357422
        xnorm=3.000004966442191,dnorm=0.007135867679974515
update time= 0.0038499832153320312
update time= 0.007324695587158203
update time= 0.05995464324951172
        dense amplitude time= 0.025320053100585938
        total non-zero amplitudes= 4900
        nsamples per process= 159
        sample time= 14.138019323348999
self.n= 0.6110680065240249
        RGN updated loss=-13.985818217784715,dloss=-1.2130261062281988e-07
update time= 0.0029959678649902344
update time= 0.006944179534912109
update time= 0.050476789474487305
step= 38

nparam= 218
        dense amplitude time= 0.04738736152648926
        total non-zero amplitudes= 4900
        nsamples per process= 159
        sample time= 17.280370712280273
self.n= 0.6110680065240237
        collect g,h time= 20.20415425300598
E=-13.985818217784713,dE=-1.2130260884646304e-07,std=0
L=-13.985818217784713,dL=-1.2130260884646304e-07,std=0
        gnorm= 7.07954689263277e-05
        collect S matrix time= 0.020317792892456055
        SR solver time= 0.0007474422454833984
        collect H matrix time= 0.019367218017578125
        RGN solver time= 0.0007524490356445312
        xnorm=3.002450071361352,dnorm=0.005779656834901069
update time= 0.0038514137268066406
update time= 0.007226467132568359
update time= 0.05257129669189453
        dense amplitude time= 0.02241659164428711
        total non-zero amplitudes= 4900
        nsamples per process= 159
        sample time= 14.193970680236816
self.n= 0.6109625652842061
        RGN updated loss=-13.98581829935681,dloss=-8.157209663295362e-08
update time= 0.0030062198638916016
update time= 0.007012128829956055
update time= 0.0601348876953125
step= 39

nparam= 218
        dense amplitude time= 0.02335977554321289
        total non-zero amplitudes= 4900
        nsamples per process= 159
        sample time= 17.297271251678467
self.n= 0.6109625652842052
        collect g,h time= 20.069939374923706
E=-13.98581829935681,dE=-8.157209663295362e-08,std=0
L=-13.98581829935681,dL=-8.157209663295362e-08,std=0
        gnorm= 4.9386208531052944e-05
        collect S matrix time= 0.020824909210205078
        SR solver time= 0.0007686614990234375
        collect H matrix time= 0.019296884536743164
        RGN solver time= 0.0008082389831542969
        xnorm=3.004319205794678,dnorm=0.005051606397835983
update time= 0.003765106201171875
update time= 0.007339000701904297
update time= 0.06063699722290039
        dense amplitude time= 0.025830507278442383
        total non-zero amplitudes= 4900
        nsamples per process= 159
        sample time= 14.148073196411133
self.n= 0.6109004400781908
        RGN updated loss=-13.985818354067913,dloss=-5.4711103203430866e-08
update time= 0.0029783248901367188
update time= 0.006897687911987305
update time= 0.05040431022644043
step= 40

nparam= 218
        dense amplitude time= 0.0321660041809082
        total non-zero amplitudes= 4900
        nsamples per process= 159
        sample time= 17.26632571220398
self.n= 0.61090044007819
        collect g,h time= 19.96223473548889
E=-13.985818354067913,dE=-5.4711103203430866e-08,std=0
L=-13.985818354067913,dL=-5.4711103203430866e-08,std=0
        gnorm= 4.093206861313007e-05
        collect S matrix time= 0.02053380012512207
        SR solver time= 0.0007822513580322266
        collect H matrix time= 0.019477128982543945
        RGN solver time= 0.0007503032684326172
        xnorm=3.005953643358868,dnorm=0.0039550565580907734
update time= 0.004050016403198242
update time= 0.007256031036376953
update time= 0.0600895881652832
        dense amplitude time= 0.025264263153076172
        total non-zero amplitudes= 4900
        nsamples per process= 159
        sample time= 14.183188199996948
self.n= 0.6108227640946591
        RGN updated loss=-13.985818390383935,dloss=-3.631602218945318e-08
update time= 0.002992391586303711
update time= 0.00687098503112793
update time= 0.061242103576660156
step= 41

nparam= 218
        dense amplitude time= 0.1092844009399414
        total non-zero amplitudes= 4900
        nsamples per process= 159
        sample time= 17.259065866470337
self.n= 0.6108227640946579
        collect g,h time= 19.94289779663086
E=-13.985818390383933,dE=-3.631602041309634e-08,std=0
L=-13.985818390383933,dL=-3.631602041309634e-08,std=0
        gnorm= 3.219678885491434e-05
        collect S matrix time= 0.02063441276550293
        SR solver time= 0.0007357597351074219
        collect H matrix time= 0.019461631774902344
        RGN solver time= 0.0007679462432861328
        xnorm=3.0070574814716746,dnorm=0.0039043553909985547
update time= 0.003824949264526367
update time= 0.007200717926025391
update time= 0.05244088172912598
        dense amplitude time= 0.029372215270996094
        total non-zero amplitudes= 4900
        nsamples per process= 159
        sample time= 14.161683320999146
self.n= 0.6108095186275444
        RGN updated loss=-13.985818411704528,dloss=-2.132059506720907e-08
update time= 0.0029458999633789062
update time= 0.006953001022338867
update time= 0.05173850059509277
step= 42

nparam= 218
        dense amplitude time= 0.014250755310058594
        total non-zero amplitudes= 4900
        nsamples per process= 159
        sample time= 17.258504152297974
self.n= 0.6108095186275433
        collect g,h time= 19.985142707824707
E=-13.985818411704527,dE=-2.132059329085223e-08,std=0
L=-13.985818411704527,dL=-2.132059329085223e-08,std=0
        gnorm= 4.264042287558083e-05
        collect S matrix time= 0.020410537719726562
        SR solver time= 0.0008397102355957031
        collect H matrix time= 0.019043684005737305
        RGN solver time= 0.0007300376892089844
        xnorm=3.0082699297450524,dnorm=0.0030292591015582534
update time= 0.004092216491699219
update time= 0.007306814193725586
update time= 0.05982565879821777
        dense amplitude time= 0.023101806640625
        total non-zero amplitudes= 4900
        nsamples per process= 159
        sample time= 14.149451494216919
self.n= 0.6107275671666113
        RGN updated loss=-13.98581841770793,dloss=-6.003403996146517e-09
update time= 0.0029757022857666016
update time= 0.006853580474853516
update time= 0.05997419357299805
step= 43

nparam= 218
        dense amplitude time= 0.025306224822998047
        total non-zero amplitudes= 4900
        nsamples per process= 159
        sample time= 17.277291774749756
self.n= 0.6107275671666101
        collect g,h time= 20.391403675079346
E=-13.985818417707929,dE=-6.0034022197896775e-09,std=0
L=-13.985818417707929,dL=-6.0034022197896775e-09,std=0
        gnorm= 5.559597415106398e-05
        collect S matrix time= 0.020335912704467773
        SR solver time= 0.0007610321044921875
        collect H matrix time= 0.019478797912597656
        RGN solver time= 0.0007331371307373047
        xnorm=3.0087428937892207,dnorm=0.0041913099384578234
update time= 0.003895282745361328
update time= 0.007236480712890625
update time= 0.053070068359375
        dense amplitude time= 0.031264305114746094
        total non-zero amplitudes= 4900
        nsamples per process= 159
        sample time= 14.150654792785645
self.n= 0.6107789853824261
        RGN updated loss=-13.985818398453139,dloss=1.9254789762612745e-08
update time= 0.0032558441162109375
update time= 0.006788492202758789
update time= 0.0602414608001709
        xnorm=3.0087428937892207,dnorm=0.0006850823503731633
update time= 0.003093719482421875
update time= 0.006718158721923828
update time= 0.054430246353149414
step= 44

nparam= 218
        dense amplitude time= 0.013464689254760742
        total non-zero amplitudes= 4900
        nsamples per process= 159
        sample time= 17.260119199752808
self.n= 0.6107489737774072
        collect g,h time= 20.027658700942993
E=-13.985818436818786,dE=-1.911085689698666e-08,std=0
L=-13.985818436818786,dL=-1.911085689698666e-08,std=0
        gnorm= 2.3571112584594264e-05
        collect S matrix time= 0.02051854133605957
        SR solver time= 0.0007367134094238281
        collect H matrix time= 0.01958465576171875
        RGN solver time= 0.0007128715515136719
        xnorm=3.0088759827412486,dnorm=0.0029260495980818263
update time= 0.0038290023803710938
update time= 0.007248401641845703
update time= 0.061342716217041016
        dense amplitude time= 0.027007102966308594
        total non-zero amplitudes= 4900
        nsamples per process= 159
        sample time= 14.13902997970581
self.n= 0.6107482734178004
        RGN updated loss=-13.985818444989814,dloss=-8.171028298420424e-09
update time= 0.002981424331665039
update time= 0.006873130798339844
update time= 0.04946398735046387
step= 45

nparam= 218
        dense amplitude time= 0.03562521934509277
        total non-zero amplitudes= 4900
        nsamples per process= 159
        sample time= 17.311007738113403
self.n= 0.6107482734177995
        collect g,h time= 20.06839370727539
E=-13.985818444989812,dE=-8.171026522063585e-09,std=0
L=-13.985818444989812,dL=-8.171026522063585e-09,std=0
        gnorm= 3.714298890522427e-05
        collect S matrix time= 0.020112037658691406
        SR solver time= 0.0008056163787841797
        collect H matrix time= 0.019260168075561523
        RGN solver time= 0.0007719993591308594
        xnorm=3.0097489586513415,dnorm=0.0024061407666796566
update time= 0.004065275192260742
update time= 0.007257938385009766
update time= 0.059136390686035156
        dense amplitude time= 0.028035879135131836
        total non-zero amplitudes= 4900
        nsamples per process= 159
        sample time= 14.156407594680786
self.n= 0.6106826500544289
        RGN updated loss=-13.98581844220858,dloss=2.781233021664775e-09
update time= 0.0030303001403808594
update time= 0.006620645523071289
update time= 0.062117576599121094
        xnorm=3.0097489586513415,dnorm=0.00042594893864124713
update time= 0.0030601024627685547
update time= 0.006649494171142578
update time= 0.05426621437072754
step= 46

nparam= 218
        dense amplitude time= 0.019208908081054688
        total non-zero amplitudes= 4900
        nsamples per process= 159
        sample time= 17.292574644088745
self.n= 0.6107287265637396
        collect g,h time= 19.989221811294556
E=-13.98581845350436,dE=-8.514547289451002e-09,std=0
L=-13.98581845350436,dL=-8.514547289451002e-09,std=0
        gnorm= 1.6528781018169258e-05
        collect S matrix time= 0.020334959030151367
        SR solver time= 0.0007390975952148438
        collect H matrix time= 0.019439697265625
        RGN solver time= 0.0007574558258056641
        xnorm=3.0097723902638536,dnorm=0.0019962923064000227
update time= 0.003843069076538086
update time= 0.007276296615600586
update time= 0.05242323875427246
        dense amplitude time= 0.03245115280151367
        total non-zero amplitudes= 4900
        nsamples per process= 159
        sample time= 14.218250274658203
self.n= 0.6106966646731382
        RGN updated loss=-13.985818460966108,dloss=-7.461748552373137e-09
update time= 0.0030281543731689453
update time= 0.006911754608154297
update time= 0.04977989196777344
step= 47

nparam= 218
        dense amplitude time= 0.016315937042236328
        total non-zero amplitudes= 4900
        nsamples per process= 159
        sample time= 17.25325298309326
self.n= 0.6106966646731373
        collect g,h time= 20.058436393737793
E=-13.985818460966112,dE=-7.461752105086816e-09,std=0
L=-13.985818460966112,dL=-7.461752105086816e-09,std=0
        gnorm= 1.961214287573456e-05
        collect S matrix time= 0.020093917846679688
        SR solver time= 0.0008471012115478516
        collect H matrix time= 0.01925349235534668
        RGN solver time= 0.0007243156433105469
        xnorm=3.010168665767985,dnorm=0.0021550233845055657
update time= 0.004062175750732422
update time= 0.00733494758605957
update time= 0.06008791923522949
        dense amplitude time= 0.027151823043823242
        total non-zero amplitudes= 4900
        nsamples per process= 159
        sample time= 14.166298627853394
self.n= 0.6107085453843681
        RGN updated loss=-13.985818463501523,dloss=-2.5354118804443715e-09
update time= 0.002960681915283203
update time= 0.006979942321777344
update time= 0.061276912689208984
step= 48

nparam= 218
        dense amplitude time= 0.02616262435913086
        total non-zero amplitudes= 4900
        nsamples per process= 159
        sample time= 17.23313331604004
self.n= 0.6107085453843675
        collect g,h time= 19.961493492126465
E=-13.985818463501523,dE=-2.5354118804443715e-09,std=0
L=-13.985818463501523,dL=-2.5354118804443715e-09,std=0
        gnorm= 3.169278451821337e-05
        collect S matrix time= 0.020340681076049805
        SR solver time= 0.0007290840148925781
        collect H matrix time= 0.01952219009399414
        RGN solver time= 0.0007441043853759766
        xnorm=3.0107622398056297,dnorm=0.001948079370218946
update time= 0.003843545913696289
update time= 0.0073087215423583984
update time= 0.052266597747802734
        dense amplitude time= 0.027225255966186523
        total non-zero amplitudes= 4900
        nsamples per process= 159
        sample time= 14.160962581634521
self.n= 0.6106569959062338
        RGN updated loss=-13.985818458599221,dloss=4.902302563891681e-09
update time= 0.0032393932342529297
update time= 0.006657838821411133
update time= 0.059258460998535156
        xnorm=3.0107622398056297,dnorm=0.0003631818333945538
update time= 0.0030488967895507812
update time= 0.006675004959106445
update time= 0.054174184799194336
step= 49

nparam= 218
        dense amplitude time= 0.011892318725585938
        total non-zero amplitudes= 4900
        nsamples per process= 159
        sample time= 17.23305058479309
self.n= 0.6106925132687319
        collect g,h time= 19.97219944000244
E=-13.985818469749468,dE=-6.247944384085713e-09,std=0
L=-13.985818469749468,dL=-6.247944384085713e-09,std=0
        gnorm= 1.3290186245719906e-05
        collect S matrix time= 0.020372629165649414
        SR solver time= 0.0007860660552978516
        collect H matrix time= 0.019217252731323242
        RGN solver time= 0.0007565021514892578
        xnorm=3.0107677192142006,dnorm=0.0014706310566538776
update time= 0.003881216049194336
update time= 0.0072557926177978516
update time= 0.059702396392822266
        dense amplitude time= 0.02742290496826172
        total non-zero amplitudes= 4900
        nsamples per process= 159
        sample time= 14.106223821640015
self.n= 0.6106701434047996
        RGN updated loss=-13.985818473102812,dloss=-3.353344268930414e-09
update time= 0.0029900074005126953
update time= 0.0068721771240234375
update time= 0.05000782012939453
step= 50

nparam= 218
        dense amplitude time= 0.02117323875427246
        total non-zero amplitudes= 4900
        nsamples per process= 159
        sample time= 17.25517511367798
self.n= 0.610670143404799
        collect g,h time= 19.993682861328125
E=-13.985818473102809,dE=-3.353340716216735e-09,std=0
L=-13.985818473102809,dL=-3.353340716216735e-09,std=0
        gnorm= 1.736692417825527e-05
        collect S matrix time= 0.020210742950439453
        SR solver time= 0.0008771419525146484
        collect H matrix time= 0.01910543441772461
        RGN solver time= 0.0007457733154296875
        xnorm=3.010992858974017,dnorm=0.001659073981856151
update time= 0.004119873046875
update time= 0.0072574615478515625
update time= 0.059814453125
        dense amplitude time= 0.028411388397216797
        total non-zero amplitudes= 4900
        nsamples per process= 159
        sample time= 14.164671182632446
self.n= 0.6106859558301028
        RGN updated loss=-13.985818473200535,dloss=-9.772627151960478e-11
update time= 0.0029363632202148438
update time= 0.006937503814697266
update time= 0.061772823333740234
step= 51

nparam= 218
        dense amplitude time= 0.028188705444335938
        total non-zero amplitudes= 4900
        nsamples per process= 159
        sample time= 17.260139226913452
self.n= 0.6106859558301019
        collect g,h time= 20.128345251083374
E=-13.985818473200535,dE=-9.772627151960478e-11,std=0
L=-13.985818473200535,dL=-9.772627151960478e-11,std=0
        gnorm= 2.8268238449822124e-05
        collect S matrix time= 0.020189762115478516
        SR solver time= 0.0007350444793701172
        collect H matrix time= 0.019297122955322266
        RGN solver time= 0.0007307529449462891
        xnorm=3.0114247350815475,dnorm=0.001649399075959956
update time= 0.0038318634033203125
update time= 0.007282257080078125
update time= 0.05185818672180176
        dense amplitude time= 0.02955770492553711
        total non-zero amplitudes= 4900
        nsamples per process= 159
        sample time= 14.130880117416382
self.n= 0.6106431624212468
        RGN updated loss=-13.98581846769949,dloss=5.501044952893608e-09
update time= 0.0029997825622558594
update time= 0.006628751754760742
update time= 0.05276155471801758
        xnorm=3.0114247350815475,dnorm=0.00032122780395333933
update time= 0.0031061172485351562
update time= 0.006711006164550781
update time= 0.04911327362060547
step= 52

nparam= 218
        dense amplitude time= 0.012973785400390625
        total non-zero amplitudes= 4900
        nsamples per process= 159
        sample time= 17.241296768188477
self.n= 0.6106721754461012
        collect g,h time= 20.11541724205017
E=-13.985818478139722,dE=-4.9391868373049874e-09,std=0
L=-13.985818478139722,dL=-4.9391868373049874e-09,std=0
        gnorm= 1.1398751138858288e-05
        collect S matrix time= 0.020439624786376953
        SR solver time= 0.0007762908935546875
        collect H matrix time= 0.01960301399230957
        RGN solver time= 0.0007600784301757812
        xnorm=3.0114198453470045,dnorm=0.0011198780639590058
update time= 0.004022836685180664
update time= 0.007277488708496094
update time= 0.06015586853027344
        dense amplitude time= 0.026518821716308594
        total non-zero amplitudes= 4900
        nsamples per process= 159
        sample time= 14.185579299926758
self.n= 0.6106555742253306
        RGN updated loss=-13.985818479553625,dloss=-1.4139036608185052e-09
update time= 0.002943754196166992
update time= 0.0068683624267578125
update time= 0.061330556869506836
step= 53

nparam= 218
        dense amplitude time= 0.021910905838012695
        total non-zero amplitudes= 4900
        nsamples per process= 159
        sample time= 17.259568691253662
self.n= 0.6106555742253297
        collect g,h time= 19.991625785827637
E=-13.985818479553629,dE=-1.413907213532184e-09,std=0
L=-13.985818479553629,dL=-1.413907213532184e-09,std=0
        gnorm= 1.5881492687585644e-05
        collect S matrix time= 0.020540237426757812
        SR solver time= 0.0007352828979492188
        collect H matrix time= 0.019316911697387695
        RGN solver time= 0.0007228851318359375
        xnorm=3.011540484379691,dnorm=0.001326613843022203
update time= 0.0038449764251708984
update time= 0.007306575775146484
update time= 0.052545785903930664
        dense amplitude time= 0.029747724533081055
        total non-zero amplitudes= 4900
        nsamples per process= 159
        sample time= 14.166340827941895
self.n= 0.610673024996353
        RGN updated loss=-13.985818478598215,dloss=9.554135260714247e-10
update time= 0.0032291412353515625
update time= 0.0067327022552490234
update time= 0.06131124496459961
        xnorm=3.011540484379691,dnorm=0.00020491550753898343
update time= 0.0030341148376464844
update time= 0.00667572021484375
update time= 0.05417919158935547
step= 54

nparam= 218
        dense amplitude time= 0.02096390724182129
        total non-zero amplitudes= 4900
        nsamples per process= 159
        sample time= 17.29387378692627
self.n= 0.6106622439518783
        collect g,h time= 19.97197723388672
E=-13.985818481203259,dE=-1.6496297661205972e-09,std=0
L=-13.985818481203259,dL=-1.6496297661205972e-09,std=0
        gnorm= 6.4751114394245945e-06
        collect S matrix time= 0.020601749420166016
        SR solver time= 0.000720977783203125
        collect H matrix time= 0.019574642181396484
        RGN solver time= 0.0007927417755126953
        xnorm=3.011575942009514,dnorm=0.0010174247409900688
update time= 0.003832101821899414
update time= 0.007275581359863281
update time= 0.06055283546447754
        dense amplitude time= 0.02577996253967285
        total non-zero amplitudes= 4900
        nsamples per process= 159
        sample time= 14.140307664871216
self.n= 0.6106649235396897
        RGN updated loss=-13.985818482574128,dloss=-1.3708696400271947e-09
update time= 0.0029599666595458984
update time= 0.006862640380859375
update time= 0.05094146728515625
step= 55

nparam= 218
        dense amplitude time= 0.020826339721679688
        total non-zero amplitudes= 4900
        nsamples per process= 159
        sample time= 17.29974603652954
self.n= 0.6106649235396888
        collect g,h time= 20.031044244766235
E=-13.985818482574127,dE=-1.3708678636703553e-09,std=0
L=-13.985818482574127,dL=-1.3708678636703553e-09,std=0
        gnorm= 1.0139136915079645e-05
        collect S matrix time= 0.020296096801757812
        SR solver time= 0.0008213520050048828
        collect H matrix time= 0.019147872924804688
        RGN solver time= 0.0007100105285644531
        xnorm=3.011818218837181,dnorm=0.0008844025873814851
update time= 0.004014253616333008
update time= 0.007293701171875
update time= 0.0600738525390625
        dense amplitude time= 0.020534753799438477
        total non-zero amplitudes= 4900
        nsamples per process= 159
        sample time= 14.154314756393433
self.n= 0.6106487916899254
        RGN updated loss=-13.985818482975905,dloss=-4.0177816629238805e-10
update time= 0.0029916763305664062
update time= 0.006916046142578125
update time= 0.06155133247375488
step= 56

nparam= 218
        dense amplitude time= 0.024607419967651367
        total non-zero amplitudes= 4900
        nsamples per process= 159
        sample time= 17.240726232528687
self.n= 0.6106487916899244
        collect g,h time= 20.03511667251587
E=-13.985818482975905,dE=-4.0177816629238805e-10,std=0
L=-13.985818482975905,dL=-4.0177816629238805e-10,std=0
        gnorm= 1.532687203573493e-05
        collect S matrix time= 0.02055525779724121
        SR solver time= 0.0007762908935546875
        collect H matrix time= 0.0192720890045166
        RGN solver time= 0.0007295608520507812
        xnorm=3.0118831470243923,dnorm=0.0011388975177960016
update time= 0.0038461685180664062
update time= 0.007341861724853516
update time= 0.05284881591796875
        dense amplitude time= 0.0350039005279541
        total non-zero amplitudes= 4900
        nsamples per process= 159
        sample time= 14.160788297653198
self.n= 0.610667185494398
        RGN updated loss=-13.985818481412357,dloss=1.563547513683261e-09
update time= 0.0029878616333007812
update time= 0.006683826446533203
update time= 0.05278587341308594
        xnorm=3.0118831470243923,dnorm=0.0001885298359305641
update time= 0.0030622482299804688
update time= 0.006684780120849609
update time= 0.04864859580993652
step= 57

nparam= 218
        dense amplitude time= 0.007145404815673828
        total non-zero amplitudes= 4900
        nsamples per process= 159
        sample time= 17.245710611343384
self.n= 0.610655540257989
        collect g,h time= 20.004659175872803
E=-13.985818484454093,dE=-1.4781882384795608e-09,std=0
L=-13.985818484454093,dL=-1.4781882384795608e-09,std=0
        gnorm= 6.140785611991055e-06
        collect S matrix time= 0.020666837692260742
        SR solver time= 0.0008203983306884766
        collect H matrix time= 0.019022703170776367
        RGN solver time= 0.0007314682006835938
        xnorm=3.0119126521278883,dnorm=0.000808104490498463
update time= 0.003922224044799805
update time= 0.007512092590332031
update time= 0.059470176696777344
        dense amplitude time= 0.022435426712036133
        total non-zero amplitudes= 4900
        nsamples per process= 159
        sample time= 14.159085035324097
self.n= 0.6106595509428878
        RGN updated loss=-13.985818485109855,dloss=-6.557616671898359e-10
update time= 0.0029528141021728516
update time= 0.006810665130615234
update time= 0.06071662902832031
step= 58

nparam= 218
        dense amplitude time= 0.014261007308959961
        total non-zero amplitudes= 4900
        nsamples per process= 159
        sample time= 17.291611433029175
self.n= 0.6106595509428872
        collect g,h time= 20.001941680908203
E=-13.985818485109856,dE=-6.557634435466753e-10,std=0
L=-13.985818485109856,dL=-6.557634435466753e-10,std=0
        gnorm= 9.651926489257026e-06
        collect S matrix time= 0.020450592041015625
        SR solver time= 0.0007638931274414062
        collect H matrix time= 0.019531965255737305
        RGN solver time= 0.00072479248046875
        xnorm=3.0121021437665285,dnorm=0.0007354891796791908
update time= 0.0038552284240722656
update time= 0.007257938385009766
update time= 0.05248308181762695
        dense amplitude time= 0.029059171676635742
        total non-zero amplitudes= 4900
        nsamples per process= 159
        sample time= 14.20401930809021
self.n= 0.6106450657674181
        RGN updated loss=-13.985818485024348,dloss=8.550848917820986e-11
update time= 0.003250598907470703
update time= 0.006875753402709961
update time= 0.06091618537902832
        xnorm=3.0121021437665285,dnorm=0.00012091683278130966
update time= 0.003056049346923828
update time= 0.0066776275634765625
update time= 0.0538785457611084
step= 59

nparam= 218
        dense amplitude time= 0.015053749084472656
        total non-zero amplitudes= 4900
        nsamples per process= 159
        sample time= 17.249770641326904
self.n= 0.6106549044594812
        collect g,h time= 20.114527940750122
E=-13.985818485751292,dE=-6.414353492800728e-10,std=0
L=-13.985818485751292,dL=-6.414353492800728e-10,std=0
        gnorm= 3.8561156173913585e-06
        collect S matrix time= 0.020408153533935547
        SR solver time= 0.0007805824279785156
        collect H matrix time= 0.019205570220947266
        RGN solver time= 0.0007536411285400391
        xnorm=3.0121038825663455,dnorm=0.0006184844361257811
update time= 0.0038504600524902344
update time= 0.007231473922729492
update time= 0.060685157775878906
        dense amplitude time= 0.02282404899597168
        total non-zero amplitudes= 4900
        nsamples per process= 159
        sample time= 14.14786958694458
self.n= 0.6106493988354215
        RGN updated loss=-13.985818486436676,dloss=-6.853841938436744e-10
update time= 0.0030336380004882812
update time= 0.006980419158935547
update time= 0.05106091499328613
step= 60

nparam= 218
        dense amplitude time= 0.02088308334350586
        total non-zero amplitudes= 4900
        nsamples per process= 159
        sample time= 17.229729890823364
self.n= 0.6106493988354207
        collect g,h time= 20.01264977455139
E=-13.98581848643667,dE=-6.853788647731562e-10,std=0
L=-13.98581848643667,dL=-6.853788647731562e-10,std=0
        gnorm= 5.322944808446271e-06
        collect S matrix time= 0.02024221420288086
        SR solver time= 0.0008203983306884766
        collect H matrix time= 0.019130229949951172
        RGN solver time= 0.000728607177734375
        xnorm=3.0121797962169405,dnorm=0.000643082600451005
update time= 0.004082441329956055
update time= 0.007300615310668945
update time= 0.060411691665649414
        dense amplitude time= 0.025538206100463867
        total non-zero amplitudes= 4900
        nsamples per process= 159
        sample time= 14.13777470588684
self.n= 0.6106551478657842
        RGN updated loss=-13.98581848673826,dloss=-3.015898641933745e-10
update time= 0.002958059310913086
update time= 0.006940126419067383
update time= 0.05302691459655762
step= 61

nparam= 218
        dense amplitude time= 0.023146629333496094
        total non-zero amplitudes= 4900
        nsamples per process= 159
        sample time= 17.294954538345337
self.n= 0.6106551478657833
        collect g,h time= 20.033653259277344
E=-13.98581848673826,dE=-3.015898641933745e-10,std=0
L=-13.98581848673826,dL=-3.015898641933745e-10,std=0
        gnorm= 8.701794953103055e-06
        collect S matrix time= 0.02057647705078125
        SR solver time= 0.0007519721984863281
        collect H matrix time= 0.01934361457824707
        RGN solver time= 0.0007345676422119141
        xnorm=3.01232007031666,dnorm=0.0006249870571563558
update time= 0.0038154125213623047
update time= 0.007348775863647461
update time= 0.06001996994018555
        dense amplitude time= 0.029227018356323242
        total non-zero amplitudes= 4900
        nsamples per process= 159
        sample time= 14.190824747085571
self.n= 0.6106426365786016
        RGN updated loss=-13.98581848650213,dloss=2.361311146614753e-10
update time= 0.0030426979064941406
update time= 0.006682634353637695
update time= 0.05403017997741699
        xnorm=3.01232007031666,dnorm=0.0001063565616774727
update time= 0.0030863285064697266
update time= 0.006678104400634766
update time= 0.04978370666503906
step= 62

nparam= 218
        dense amplitude time= 0.027539491653442383
        total non-zero amplitudes= 4900
        nsamples per process= 159
        sample time= 17.276984930038452
self.n= 0.6106510356346364
        collect g,h time= 20.052720546722412
E=-13.985818487244307,dE=-5.06046760051504e-10,std=0
L=-13.985818487244307,dL=-5.06046760051504e-10,std=0
        gnorm= 3.4827698818483436e-06
        collect S matrix time= 0.02022409439086914
        SR solver time= 0.0008461475372314453
        collect H matrix time= 0.019316673278808594
        RGN solver time= 0.0007205009460449219
        xnorm=3.0123191065896906,dnorm=0.0004998707406466059
update time= 0.004025459289550781
update time= 0.007261514663696289
update time= 0.06017470359802246
        dense amplitude time= 0.027701854705810547
        total non-zero amplitudes= 4900
        nsamples per process= 159
        sample time= 14.243088483810425
self.n= 0.6106466247185132
        RGN updated loss=-13.985818487652244,dloss=-4.079367954545887e-10
update time= 0.0029535293579101562
update time= 0.006813526153564453
update time= 0.06145191192626953
step= 63

nparam= 218
        dense amplitude time= 0.020737886428833008
        total non-zero amplitudes= 4900
        nsamples per process= 159
        sample time= 17.24472165107727
self.n= 0.6106466247185125
        collect g,h time= 19.92798686027527
E=-13.985818487652244,dE=-4.079367954545887e-10,std=0
L=-13.985818487652244,dL=-4.079367954545887e-10,std=0
        gnorm= 4.9176242759374505e-06
        collect S matrix time= 0.02043890953063965
        SR solver time= 0.0007424354553222656
        collect H matrix time= 0.019524335861206055
        RGN solver time= 0.0007059574127197266
        xnorm=3.012365186945932,dnorm=0.0005326088304368422
update time= 0.003784656524658203
update time= 0.0073223114013671875
update time= 0.05335736274719238
        dense amplitude time= 0.03095078468322754
        total non-zero amplitudes= 4900
        nsamples per process= 159
        sample time= 14.112887382507324
self.n= 0.6106524631992392
        RGN updated loss=-13.985818487778282,dloss=-1.2603784682596597e-10
update time= 0.0030412673950195312
update time= 0.006994962692260742
update time= 0.06051778793334961
step= 64

nparam= 218
        dense amplitude time= 0.023879051208496094
        total non-zero amplitudes= 4900
        nsamples per process= 159
        sample time= 17.26411747932434
self.n= 0.6106524631992385
        collect g,h time= 19.95101284980774
E=-13.985818487778278,dE=-1.2603429411228717e-10,std=0
L=-13.985818487778278,dL=-1.2603429411228717e-10,std=0
        gnorm= 7.98951545809873e-06
        collect S matrix time= 0.020355701446533203
        SR solver time= 0.0007097721099853516
        collect H matrix time= 0.019292831420898438
        RGN solver time= 0.0007724761962890625
        xnorm=3.012475337520491,dnorm=0.0005483634714058891
update time= 0.0038399696350097656
update time= 0.00728917121887207
update time= 0.05929374694824219
        dense amplitude time= 0.019964218139648438
        total non-zero amplitudes= 4900
        nsamples per process= 159
        sample time= 14.19852066040039
self.n= 0.6106413227220437
        RGN updated loss=-13.985818487484174,dloss=2.9410429647214187e-10
update time= 0.002909421920776367
update time= 0.006762027740478516
update time= 0.0544888973236084
        xnorm=3.012475337520491,dnorm=9.590063986719926e-05
update time= 0.0030775070190429688
update time= 0.006682395935058594
update time= 0.05081319808959961
step= 65

nparam= 218
        dense amplitude time= 0.03357577323913574
        total non-zero amplitudes= 4900
        nsamples per process= 159
        sample time= 17.297181844711304
self.n= 0.6106487388517449
        collect g,h time= 20.003005743026733
E=-13.985818488196854,dE=-4.185753965657568e-10,std=0
L=-13.985818488196854,dL=-4.185753965657568e-10,std=0
        gnorm= 3.167920230805813e-06
        collect S matrix time= 0.020100116729736328
        SR solver time= 0.0008158683776855469
        collect H matrix time= 0.019374608993530273
        RGN solver time= 0.0008101463317871094
        xnorm=3.01247274651081,dnorm=0.000418510130007686
update time= 0.004037380218505859
update time= 0.007325172424316406
update time= 0.05802464485168457
        dense amplitude time= 0.02225041389465332
        total non-zero amplitudes= 4900
        nsamples per process= 159
        sample time= 14.221566438674927
self.n= 0.6106450423224394
        RGN updated loss=-13.985818488454528,dloss=-2.5767477040972153e-10
update time= 0.0030295848846435547
update time= 0.006925821304321289
update time= 0.04981708526611328
step= 66

nparam= 218
        dense amplitude time= 0.016130447387695312
        total non-zero amplitudes= 4900
        nsamples per process= 159
        sample time= 17.210641622543335
self.n= 0.6106450423224383
        collect g,h time= 19.94699454307556
E=-13.985818488454532,dE=-2.5767832312340033e-10,std=0
L=-13.985818488454532,dL=-2.5767832312340033e-10,std=0
        gnorm= 4.5802080243541945e-06
        collect S matrix time= 0.020397424697875977
        SR solver time= 0.0007269382476806641
        collect H matrix time= 0.019444704055786133
        RGN solver time= 0.0007886886596679688
        xnorm=3.0124994053742356,dnorm=0.000455464177779915
update time= 0.003805875778198242
update time= 0.007292747497558594
update time= 0.06053805351257324
        dense amplitude time= 0.03179764747619629
        total non-zero amplitudes= 4900
        nsamples per process= 159
        sample time= 14.159570932388306
self.n= 0.6106507795908857
        RGN updated loss=-13.98581848849166,dloss=-3.7127634300304635e-11
update time= 0.0029544830322265625
update time= 0.0069239139556884766
update time= 0.049782514572143555
step= 67

nparam= 218
        dense amplitude time= 0.026184797286987305
        total non-zero amplitudes= 4900
        nsamples per process= 159
        sample time= 17.28208017349243
self.n= 0.6106507795908849
        collect g,h time= 20.114784717559814
E=-13.985818488491658,dE=-3.7125857943465235e-11,std=0
L=-13.985818488491658,dL=-3.7125857943465235e-11,std=0
        gnorm= 7.407974452743589e-06
        collect S matrix time= 0.020239830017089844
        SR solver time= 0.0008256435394287109
        collect H matrix time= 0.019291162490844727
        RGN solver time= 0.0007600784301757812
        xnorm=3.01258854136271,dnorm=0.0004932421924108915
update time= 0.004076957702636719
update time= 0.007380962371826172
update time= 0.06058359146118164
        dense amplitude time= 0.025412797927856445
        total non-zero amplitudes= 4900
        nsamples per process= 159
        sample time= 14.193043947219849
self.n= 0.6106406528009198
        RGN updated loss=-13.985818488186803,dloss=3.048548080641922e-10
update time= 0.0030107498168945312
update time= 0.006700992584228516
update time= 0.06117701530456543
        xnorm=3.01258854136271,dnorm=8.784918939410936e-05
update time= 0.0030531883239746094
update time= 0.0066394805908203125
update time= 0.05419039726257324
step= 68

nparam= 218
        dense amplitude time= 0.017351865768432617
        total non-zero amplitudes= 4900
        nsamples per process= 159
        sample time= 17.20684003829956
self.n= 0.6106473552999614
        collect g,h time= 20.019264936447144
E=-13.985818488847066,dE=-3.554081473566839e-10,std=0
L=-13.985818488847066,dL=-3.554081473566839e-10,std=0
        gnorm= 2.9218500014617453e-06
        collect S matrix time= 0.020341873168945312
        SR solver time= 0.0007414817810058594
        collect H matrix time= 0.01933431625366211
        RGN solver time= 0.0007183551788330078
        xnorm=3.0125849723372102,dnorm=0.00036204936279389576
update time= 0.003865480422973633
update time= 0.0072057247161865234
update time= 0.05223512649536133
        dense amplitude time= 0.031830549240112305
        total non-zero amplitudes= 4900
        nsamples per process= 159
        sample time= 14.155485391616821
self.n= 0.6106441336392827
        RGN updated loss=-13.985818489020794,dloss=-1.737276988933445e-10
update time= 0.0030434131622314453
update time= 0.006892204284667969
update time= 0.06050300598144531
step= 69

nparam= 218
        dense amplitude time= 0.014658451080322266
        total non-zero amplitudes= 4900
        nsamples per process= 159
        sample time= 17.269537687301636
self.n= 0.6106441336392818
        collect g,h time= 19.987321615219116
E=-13.985818489020794,dE=-1.737276988933445e-10,std=0
L=-13.985818489020794,dL=-1.737276988933445e-10,std=0
        gnorm= 4.288968442578592e-06
        collect S matrix time= 0.020694255828857422
        SR solver time= 0.0007190704345703125
        collect H matrix time= 0.019728660583496094
        RGN solver time= 0.0007987022399902344
        xnorm=3.0125986871207386,dnorm=0.00040014047589386793
update time= 0.0038738250732421875
update time= 0.007331132888793945
update time= 0.06154799461364746
        dense amplitude time= 0.026624441146850586
        total non-zero amplitudes= 4900
        nsamples per process= 159
        sample time= 14.179064989089966
self.n= 0.6106496745360221
        RGN updated loss=-13.98581848901347,dloss=7.323919248847233e-12
update time= 0.0030226707458496094
update time= 0.006686687469482422
update time= 0.053093671798706055
        xnorm=3.0125986871207386,dnorm=5.7840883979123565e-05
update time= 0.0030798912048339844
update time= 0.0066950321197509766
update time= 0.049540042877197266
step= 70

nparam= 218
        dense amplitude time= 0.01703643798828125
        total non-zero amplitudes= 4900
        nsamples per process= 159
        sample time= 17.34727954864502
self.n= 0.6106460857494221
        collect g,h time= 19.96313738822937
E=-13.98581848914538,dE=-1.2458656328817597e-10,std=0
L=-13.98581848914538,dL=-1.2458656328817597e-10,std=0
        gnorm= 1.7134798427179963e-06
        collect S matrix time= 0.020052671432495117
        SR solver time= 0.0008711814880371094
        collect H matrix time= 0.019227266311645508
        RGN solver time= 0.0007848739624023438
        xnorm=3.0126064719718304,dnorm=0.0003346615754227782
update time= 0.004041433334350586
update time= 0.007313966751098633
update time= 0.06001400947570801
        dense amplitude time= 0.024743080139160156
        total non-zero amplitudes= 4900
        nsamples per process= 159
        sample time= 14.172616481781006
self.n= 0.6106476219309294
        RGN updated loss=-13.98581848931696,dloss=-1.715800834745096e-10
update time= 0.0030078887939453125
update time= 0.0070154666900634766
update time= 0.05220532417297363
step= 71

nparam= 218
        dense amplitude time= 0.02418684959411621
        total non-zero amplitudes= 4900
        nsamples per process= 159
        sample time= 17.28633737564087
self.n= 0.6106476219309285
        collect g,h time= 19.94638228416443
E=-13.98581848931696,dE=-1.715800834745096e-10,std=0
L=-13.98581848931696,dL=-1.715800834745096e-10,std=0
        gnorm= 2.634418737205515e-06
        collect S matrix time= 0.020887136459350586
        SR solver time= 0.0008103847503662109
        collect H matrix time= 0.019608736038208008
        RGN solver time= 0.0007455348968505859
        xnorm=3.0126576564660907,dnorm=0.0003199146654825825
update time= 0.0038487911224365234
update time= 0.007359504699707031
update time= 0.06027817726135254
        dense amplitude time= 0.028522253036499023
        total non-zero amplitudes= 4900
        nsamples per process= 159
        sample time= 14.202048540115356
self.n= 0.6106439824276009
        RGN updated loss=-13.985818489438499,dloss=-1.2153833495176514e-10
update time= 0.0029599666595458984
update time= 0.007000446319580078
update time= 0.048692941665649414
step= 72

nparam= 218
        dense amplitude time= 0.019330978393554688
        total non-zero amplitudes= 4900
        nsamples per process= 159
        sample time= 17.28920817375183
self.n= 0.6106439824275998
        collect g,h time= 19.967520236968994
E=-13.9858184894385,dE=-1.2154011130860454e-10,std=0
L=-13.9858184894385,dL=-1.2154011130860454e-10,std=0
        gnorm= 4.096536458346515e-06
        collect S matrix time= 0.02031397819519043
        SR solver time= 0.0008671283721923828
        collect H matrix time= 0.01913309097290039
        RGN solver time= 0.0007789134979248047
        xnorm=3.012665877728202,dnorm=0.0003641425734576479
update time= 0.004097938537597656
update time= 0.00737452507019043
update time= 0.061066389083862305
        dense amplitude time= 0.023634910583496094
        total non-zero amplitudes= 4900
        nsamples per process= 159
        sample time= 14.23709225654602
self.n= 0.6106493000084293
        RGN updated loss=-13.985818489402892,dloss=3.560884920261742e-11
update time= 0.0029909610748291016
update time= 0.006746530532836914
update time= 0.058110952377319336
        xnorm=3.012665877728202,dnorm=5.3983465654826935e-05
update time= 0.003097057342529297
update time= 0.006688594818115234
update time= 0.0568537712097168
step= 73

nparam= 218
        dense amplitude time= 0.02050471305847168
        total non-zero amplitudes= 4900
        nsamples per process= 159
        sample time= 17.242127656936646
self.n= 0.6106458518952901
        collect g,h time= 20.078953504562378
E=-13.985818489549073,dE=-1.1057288418214739e-10,std=0
L=-13.985818489549073,dL=-1.1057288418214739e-10,std=0
        gnorm= 1.642614587128239e-06
        collect S matrix time= 0.020360231399536133
        SR solver time= 0.0007512569427490234
        collect H matrix time= 0.019338130950927734
        RGN solver time= 0.0007226467132568359
        xnorm=3.012672875764917,dnorm=0.00029890008891672425
update time= 0.0038683414459228516
update time= 0.00726318359375
update time= 0.05277228355407715
        dense amplitude time= 0.032251596450805664
        total non-zero amplitudes= 4900
        nsamples per process= 159
        sample time= 14.162285089492798
self.n= 0.6106473430811437
        RGN updated loss=-13.98581848967899,dloss=-1.2991741016321612e-10
update time= 0.0030286312103271484
update time= 0.007046222686767578
update time= 0.0601348876953125
step= 74

nparam= 218
        dense amplitude time= 0.013135194778442383
        total non-zero amplitudes= 4900
        nsamples per process= 159
        sample time= 17.219393491744995
self.n= 0.6106473430811427
        collect g,h time= 20.026374578475952
E=-13.98581848967899,dE=-1.2991741016321612e-10,std=0
L=-13.98581848967899,dL=-1.2991741016321612e-10,std=0
        gnorm= 2.522060224213671e-06
        collect S matrix time= 0.020355701446533203
        SR solver time= 0.0007157325744628906
        collect H matrix time= 0.019438505172729492
        RGN solver time= 0.0007967948913574219
        xnorm=3.012716640036126,dnorm=0.0002905240878442322
update time= 0.003756999969482422
update time= 0.007332563400268555
update time= 0.0609133243560791
        dense amplitude time= 0.026103496551513672
        total non-zero amplitudes= 4900
        nsamples per process= 159
        sample time= 14.181776523590088
self.n= 0.6106438603492954
        RGN updated loss=-13.985818489769247,dloss=-9.025669100992673e-11
update time= 0.0029747486114501953
update time= 0.006903171539306641
update time= 0.047528982162475586
step= 75

nparam= 218
        dense amplitude time= 0.017215967178344727
        total non-zero amplitudes= 4900
        nsamples per process= 159
        sample time= 17.261816024780273
self.n= 0.6106438603492945
        collect g,h time= 20.02998423576355
E=-13.985818489769247,dE=-9.025669100992673e-11,std=0
L=-13.985818489769247,dL=-9.025669100992673e-11,std=0
        gnorm= 3.933348039087866e-06
        collect S matrix time= 0.020331859588623047
        SR solver time= 0.0006844997406005859
        collect H matrix time= 0.01948237419128418
        RGN solver time= 0.0007781982421875
        xnorm=3.0127196549430497,dnorm=0.0003357862386950989
update time= 0.0038309097290039062
update time= 0.007308483123779297
update time= 0.05034470558166504
        dense amplitude time= 0.01960015296936035
        total non-zero amplitudes= 4900
        nsamples per process= 159
        sample time= 14.143017530441284
self.n= 0.6106489730131088
        RGN updated loss=-13.985818489718135,dloss=5.111289169690281e-11
update time= 0.0032813549041748047
update time= 0.0067136287689208984
update time= 0.05826878547668457
        xnorm=3.0127196549430497,dnorm=5.087936747598048e-05
update time= 0.003073453903198242
update time= 0.0064544677734375
update time= 0.05406808853149414
step= 76

nparam= 218
        dense amplitude time= 0.015354394912719727
        total non-zero amplitudes= 4900
        nsamples per process= 159
        sample time= 17.251949310302734
self.n= 0.6106456527424378
        collect g,h time= 19.96874475479126
E=-13.98581848986923,dE=-9.99822447056431e-11,std=0
L=-13.98581848986923,dL=-9.99822447056431e-11,std=0
        gnorm= 1.5678590336799396e-06
        collect S matrix time= 0.02046799659729004
        SR solver time= 0.0007312297821044922
        collect H matrix time= 0.019533395767211914
        RGN solver time= 0.0007612705230712891
        xnorm=3.0127259797292307,dnorm=0.00027144471771132285
update time= 0.003866434097290039
update time= 0.007323265075683594
update time= 0.06098604202270508
        dense amplitude time= 0.027321815490722656
        total non-zero amplitudes= 4900
        nsamples per process= 159
        sample time= 14.233169794082642
self.n= 0.6106470893623939
        RGN updated loss=-13.985818489971715,dloss=-1.0248513149235805e-10
update time= 0.003046751022338867
update time= 0.006838083267211914
update time= 0.046445369720458984
step= 77

nparam= 218
        dense amplitude time= 0.021106958389282227
        total non-zero amplitudes= 4900
        nsamples per process= 159
        sample time= 17.307240962982178
self.n= 0.610647089362393
        collect g,h time= 20.042969703674316
E=-13.985818489971715,dE=-1.0248513149235805e-10,std=0
L=-13.985818489971715,dL=-1.0248513149235805e-10,std=0
        gnorm= 2.411496303759729e-06
        collect S matrix time= 0.01999688148498535
        SR solver time= 0.0008225440979003906
        collect H matrix time= 0.01925039291381836
        RGN solver time= 0.0007967948913574219
        xnorm=3.0127637120107567,dnorm=0.0002678791643554763
update time= 0.004029750823974609
update time= 0.007430076599121094
update time= 0.06043052673339844
        dense amplitude time= 0.0234222412109375
        total non-zero amplitudes= 4900
        nsamples per process= 159
        sample time= 14.16477084159851
self.n= 0.6106437570073981
        RGN updated loss=-13.985818490041801,dloss=-7.008615909853688e-11
update time= 0.0029630661010742188
update time= 0.006865739822387695
update time= 0.061472415924072266
step= 78

nparam= 218
        dense amplitude time= 0.020366668701171875
        total non-zero amplitudes= 4900
        nsamples per process= 159
        sample time= 17.30921721458435
self.n= 0.6106437570073974
        collect g,h time= 20.05195665359497
E=-13.985818490041794,dE=-7.007905367117928e-11,std=0
L=-13.985818490041794,dL=-7.007905367117928e-11,std=0
        gnorm= 3.771941424081785e-06
        collect S matrix time= 0.021020889282226562
        SR solver time= 0.0007383823394775391
        collect H matrix time= 0.019434213638305664
        RGN solver time= 0.0007174015045166016
        xnorm=3.012762947851782,dnorm=0.00031248501735320756
update time= 0.003757476806640625
update time= 0.007291555404663086
update time= 0.053815603256225586
        dense amplitude time= 0.032462120056152344
        total non-zero amplitudes= 4900
        nsamples per process= 159
        sample time= 14.201107263565063
self.n= 0.6106486635995375
        RGN updated loss=-13.985818489983542,dloss=5.825206983445241e-11
update time= 0.003231525421142578
update time= 0.006765842437744141
update time= 0.0612185001373291
        xnorm=3.012762947851782,dnorm=4.8153162555339704e-05
update time= 0.003065824508666992
update time= 0.0067746639251708984
update time= 0.053664445877075195
step= 79

nparam= 218
        dense amplitude time= 0.026890039443969727
        total non-zero amplitudes= 4900
        nsamples per process= 159
        sample time= 17.261106491088867
self.n= 0.6106454735137256
        collect g,h time= 20.002565383911133
E=-13.985818490132498,dE=-9.070433293345559e-11,std=0
L=-13.985818490132498,dL=-9.070433293345559e-11,std=0
        gnorm= 1.4975489766259515e-06
        collect S matrix time= 0.020246505737304688
        SR solver time= 0.0007414817810058594
        collect H matrix time= 0.019396305084228516
        RGN solver time= 0.0007359981536865234
        xnorm=3.0127687116645796,dnorm=0.00024967206867108465
update time= 0.003852367401123047
update time= 0.007411956787109375
update time= 0.06148028373718262
        dense amplitude time= 0.02485966682434082
        total non-zero amplitudes= 4900
        nsamples per process= 159
        sample time= 14.174204587936401
self.n= 0.6106468539777115
        RGN updated loss=-13.985818490216133,dloss=-8.363443271264259e-11
update time= 0.0029723644256591797
update time= 0.006805419921875
update time= 0.04981088638305664
step= 80

nparam= 218
        dense amplitude time= 0.02944636344909668
        total non-zero amplitudes= 4900
        nsamples per process= 159
        sample time= 17.21987223625183
self.n= 0.6106468539777108
        collect g,h time= 19.954862117767334
E=-13.985818490216127,dE=-8.362910364212439e-11,std=0
L=-13.985818490216127,dL=-8.362910364212439e-11,std=0
        gnorm= 2.3024848516719934e-06
        collect S matrix time= 0.020329952239990234
        SR solver time= 0.0007469654083251953
        collect H matrix time= 0.019292831420898438
        RGN solver time= 0.0007374286651611328
        xnorm=3.0128016754843805,dnorm=0.00024949768591383273
update time= 0.003875255584716797
update time= 0.00730443000793457
update time= 0.051629066467285156
        dense amplitude time= 0.025162935256958008
        total non-zero amplitudes= 4900
        nsamples per process= 159
        sample time= 14.309213876724243
self.n= 0.6106436710362412
        RGN updated loss=-13.985818490272697,dloss=-5.6569859907540376e-11
update time= 0.003047466278076172
update time= 0.006953001022338867
update time= 0.06019854545593262
step= 81

nparam= 218
        dense amplitude time= 0.03397488594055176
        total non-zero amplitudes= 4900
        nsamples per process= 159
        sample time= 17.288443088531494
self.n= 0.6106436710362404
        collect g,h time= 20.029459714889526
E=-13.985818490272697,dE=-5.6569859907540376e-11,std=0
L=-13.985818490272697,dL=-5.6569859907540376e-11,std=0
        gnorm= 3.61117444061621e-06
        collect S matrix time= 0.020593643188476562
        SR solver time= 0.0007104873657226562
        collect H matrix time= 0.01917862892150879
        RGN solver time= 0.0007288455963134766
        xnorm=3.012798228842573,dnorm=0.00029267078332092237
update time= 0.0037393569946289062
update time= 0.007531642913818359
update time= 0.05972433090209961
        dense amplitude time= 0.027973651885986328
        total non-zero amplitudes= 4900
        nsamples per process= 159
        sample time= 14.16362452507019
self.n= 0.6106483719382103
        RGN updated loss=-13.985818490212214,dloss=6.048317402473913e-11
update time= 0.0029599666595458984
update time= 0.006627321243286133
update time= 0.053761959075927734
        xnorm=3.012798228842573,dnorm=4.5674496250080955e-05
update time= 0.003063678741455078
update time= 0.006741762161254883
update time= 0.05120396614074707
step= 82

nparam= 218
        dense amplitude time= 0.021798133850097656
        total non-zero amplitudes= 4900
        nsamples per process= 159
        sample time= 17.271231651306152
self.n= 0.6106453128886247
        collect g,h time= 20.036341428756714
E=-13.985818490354987,dE=-8.22897305852166e-11,std=0
L=-13.985818490354987,dL=-8.22897305852166e-11,std=0
        gnorm= 1.4302222414984365e-06
        collect S matrix time= 0.020365476608276367
        SR solver time= 0.000804901123046875
        collect H matrix time= 0.019105911254882812
        RGN solver time= 0.0007479190826416016
        xnorm=3.0128035197740948,dnorm=0.00023181257070852424
update time= 0.004084348678588867
update time= 0.007414340972900391
update time= 0.06038093566894531
        dense amplitude time= 0.02915215492248535
        total non-zero amplitudes= 4900
        nsamples per process= 159
        sample time= 14.136147022247314
self.n= 0.6106466377084601
        RGN updated loss=-13.985818490425054,dloss=-7.006661917330348e-11
update time= 0.0030159950256347656
update time= 0.006808042526245117
update time= 0.0569002628326416
step= 83

nparam= 218
        dense amplitude time= 0.014995813369750977
        total non-zero amplitudes= 4900
        nsamples per process= 159
        sample time= 17.228821516036987
self.n= 0.6106466377084592
        collect g,h time= 19.93800115585327
E=-13.985818490425054,dE=-7.006661917330348e-11,std=0
L=-13.985818490425054,dL=-7.006661917330348e-11,std=0
        gnorm= 2.1961541457667696e-06
        collect S matrix time= 0.020581722259521484
        SR solver time= 0.0007407665252685547
        collect H matrix time= 0.019508838653564453
        RGN solver time= 0.0007653236389160156
        xnorm=3.0128326797779312,dnorm=0.000233971881711456
update time= 0.0037910938262939453
update time= 0.0073964595794677734
update time= 0.05052971839904785
        dense amplitude time= 0.031639814376831055
        total non-zero amplitudes= 4900
        nsamples per process= 159
        sample time= 14.142033576965332
self.n= 0.6106436022658362
        RGN updated loss=-13.98581849047221,dloss=-4.715694501555845e-11
update time= 0.0030663013458251953
update time= 0.006903648376464844
update time= 0.057131052017211914
step= 84

nparam= 218
        dense amplitude time= 0.015615224838256836
        total non-zero amplitudes= 4900
        nsamples per process= 159
        sample time= 17.260590314865112
self.n= 0.6106436022658355
        collect g,h time= 20.021965742111206
E=-13.985818490472209,dE=-4.715516865871905e-11,std=0
L=-13.985818490472209,dL=-4.715516865871905e-11,std=0
        gnorm= 3.4521239570192958e-06
        collect S matrix time= 0.020471572875976562
        SR solver time= 0.0007479190826416016
        collect H matrix time= 0.019582509994506836
        RGN solver time= 0.0007257461547851562
        xnorm=3.0128273669583945,dnorm=0.00027537382915822817
update time= 0.0038518905639648438
update time= 0.00735926628112793
update time= 0.06064653396606445
        dense amplitude time= 0.02896881103515625
        total non-zero amplitudes= 4900
        nsamples per process= 159
        sample time= 14.220760107040405
self.n= 0.6106480997124435
        RGN updated loss=-13.985818490412381,dloss=5.982769835100044e-11
update time= 0.002989530563354492
update time= 0.0066890716552734375
update time= 0.05282711982727051
        xnorm=3.0128273669583945,dnorm=4.337868162217553e-05
update time= 0.0030863285064697266
update time= 0.00648808479309082
update time= 0.049314022064208984
step= 85

nparam= 218
        dense amplitude time= 0.0212857723236084
        total non-zero amplitudes= 4900
        nsamples per process= 159
        sample time= 17.31919264793396
self.n= 0.610645170974092
        collect g,h time= 20.011755228042603
E=-13.985818490546835,dE=-7.462652718004392e-11,std=0
L=-13.985818490546835,dL=-7.462652718004392e-11,std=0
        gnorm= 1.3651601828351676e-06
        collect S matrix time= 0.020394325256347656
        SR solver time= 0.0006966590881347656
        collect H matrix time= 0.019486427307128906
        RGN solver time= 0.0007653236389160156
        xnorm=3.0128322542038197,dnorm=0.0002167392256084831
update time= 0.003858327865600586
update time= 0.007312774658203125
update time= 0.05197858810424805
        dense amplitude time= 0.024424076080322266
        total non-zero amplitudes= 4900
        nsamples per process= 159
        sample time= 14.202075242996216
self.n= 0.610646441048502
        RGN updated loss=-13.985818490606732,dloss=-5.989697626773705e-11
update time= 0.0030574798583984375
update time= 0.006944179534912109
update time= 0.06003999710083008
step= 86

nparam= 218
        dense amplitude time= 0.021838903427124023
        total non-zero amplitudes= 4900
        nsamples per process= 159
        sample time= 17.216672658920288
self.n= 0.6106464410485011
        collect g,h time= 19.981970071792603
E=-13.985818490606732,dE=-5.989697626773705e-11,std=0
L=-13.985818490606732,dL=-5.989697626773705e-11,std=0
        gnorm= 2.093176560336729e-06
        collect S matrix time= 0.020370960235595703
        SR solver time= 0.0007472038269042969
        collect H matrix time= 0.01909613609313965
        RGN solver time= 0.0007343292236328125
        xnorm=3.012858343017535,dnorm=0.00022047448308691
update time= 0.0038068294525146484
update time= 0.0073511600494384766
update time= 0.060378074645996094
        dense amplitude time= 0.02308368682861328
        total non-zero amplitudes= 4900
        nsamples per process= 159
        sample time= 14.19716763496399
self.n= 0.6106435495626434
        RGN updated loss=-13.985818490647096,dloss=-4.036415646169189e-11
update time= 0.002979755401611328
update time= 0.006809234619140625
update time= 0.0519254207611084
step= 87

nparam= 218
        dense amplitude time= 0.03606605529785156
        total non-zero amplitudes= 4900
        nsamples per process= 159
        sample time= 17.28168797492981
self.n= 0.6106435495626423
        collect g,h time= 20.07429790496826
E=-13.985818490647102,dE=-4.036948553221009e-11,std=0
L=-13.985818490647102,dL=-4.036948553221009e-11,std=0
        gnorm= 3.296059577482643e-06
        collect S matrix time= 0.020352602005004883
        SR solver time= 0.0008111000061035156
        collect H matrix time= 0.019169092178344727
        RGN solver time= 0.000720977783203125
        xnorm=3.012851766242578,dnorm=0.00025998442415105976
update time= 0.003985166549682617
update time= 0.007414579391479492
update time= 0.0603334903717041
        dense amplitude time= 0.019991159439086914
        total non-zero amplitudes= 4900
        nsamples per process= 159
        sample time= 14.155259132385254
self.n= 0.6106478472159582
        RGN updated loss=-13.98581849058959,dloss=5.751132903242251e-11
update time= 0.003006458282470703
update time= 0.00677180290222168
update time= 0.06120443344116211
        xnorm=3.012851766242578,dnorm=4.123070129470422e-05
update time= 0.003042459487915039
update time= 0.006673574447631836
update time= 0.05481076240539551
step= 88

nparam= 218
        dense amplitude time= 0.017676115036010742
        total non-zero amplitudes= 4900
        nsamples per process= 159
        sample time= 17.24172854423523
self.n= 0.6106450469418805
        collect g,h time= 19.935985803604126
E=-13.985818490714715,dE=-6.761347037809173e-11,std=0
L=-13.985818490714715,dL=-6.761347037809173e-11,std=0
        gnorm= 1.3022036545302468e-06
        collect S matrix time= 0.020298242568969727
        SR solver time= 0.0006935596466064453
        collect H matrix time= 0.019591331481933594
        RGN solver time= 0.0007805824279785156
        xnorm=3.012856304315789,dnorm=0.00020373307945317578
update time= 0.0038068294525146484
update time= 0.0072536468505859375
update time= 0.05292367935180664
        dense amplitude time= 0.03293967247009277
        total non-zero amplitudes= 4900
        nsamples per process= 159
        sample time= 14.16456913948059
self.n= 0.6106462632310006
        RGN updated loss=-13.985818490766743,dloss=-5.2027715469193936e-11
update time= 0.003111124038696289
update time= 0.006859302520751953
update time= 0.06039285659790039
step= 89

nparam= 218
        dense amplitude time= 0.026128053665161133
        total non-zero amplitudes= 4900
        nsamples per process= 159
        sample time= 17.30902647972107
self.n= 0.6106462632309998
        collect g,h time= 20.040205717086792
E=-13.98581849076674,dE=-5.2024162755515135e-11,std=0
L=-13.98581849076674,dL=-5.2024162755515135e-11,std=0
        gnorm= 1.9939039698912663e-06
        collect S matrix time= 0.020293235778808594
        SR solver time= 0.0007140636444091797
        collect H matrix time= 0.019523143768310547
        RGN solver time= 0.0007772445678710938
        xnorm=3.01287987895296,dnorm=0.0002085058982945484
update time= 0.003813505172729492
update time= 0.007289886474609375
update time= 0.06193828582763672
        dense amplitude time= 0.026456356048583984
        total non-zero amplitudes= 4900
        nsamples per process= 159
        sample time= 14.174675941467285
self.n= 0.6106435110058568
        RGN updated loss=-13.985818490802089,dloss=-3.5349501104064984e-11
update time= 0.003011465072631836
update time= 0.006813526153564453
update time= 0.048615455627441406
step= 90

nparam= 218
        dense amplitude time= 0.020407676696777344
        total non-zero amplitudes= 4900
        nsamples per process= 159
        sample time= 17.253600597381592
self.n= 0.6106435110058559
        collect g,h time= 20.01197838783264
E=-13.98581849080209,dE=-3.5351277460904384e-11,std=0
L=-13.98581849080209,dL=-3.5351277460904384e-11,std=0
        gnorm= 3.144020366553008e-06
        collect S matrix time= 0.020514726638793945
        SR solver time= 0.0007474422454833984
        collect H matrix time= 0.01970386505126953
        RGN solver time= 0.0008006095886230469
        xnorm=3.0128724794791695,dnorm=0.00024610752585424233
update time= 0.0038640499114990234
update time= 0.0072901248931884766
update time= 0.052016258239746094
        dense amplitude time= 0.029309749603271484
        total non-zero amplitudes= 4900
        nsamples per process= 159
        sample time= 14.147250890731812
self.n= 0.6106476136831349
        RGN updated loss=-13.985818490747828,dloss=5.426237237315945e-11
update time= 0.003310680389404297
update time= 0.006655216217041016
update time= 0.06128525733947754
        xnorm=3.0128724794791695,dnorm=3.921033180307098e-05
update time= 0.0030775070190429688
update time= 0.0067250728607177734
update time= 0.05326581001281738
step= 91

nparam= 218
        dense amplitude time= 0.02994537353515625
        total non-zero amplitudes= 4900
        nsamples per process= 159
        sample time= 17.248713493347168
self.n= 0.6106449391511848
        collect g,h time= 19.953272104263306
E=-13.98581849086331,dE=-6.121858575625083e-11,std=0
L=-13.98581849086331,dL=-6.121858575625083e-11,std=0
        gnorm= 1.241395953235448e-06
        collect S matrix time= 0.02055048942565918
        SR solver time= 0.0007147789001464844
        collect H matrix time= 0.019745588302612305
        RGN solver time= 0.0007340908050537109
        xnorm=3.012876711554941,dnorm=0.00019232510890272896
update time= 0.0038144588470458984
update time= 0.007460355758666992
update time= 0.06094861030578613
        dense amplitude time= 0.026384592056274414
        total non-zero amplitudes= 4900
        nsamples per process= 159
        sample time= 14.153442859649658
self.n= 0.6106461027355583
        RGN updated loss=-13.985818490909079,dloss=-4.5769610323986853e-11
update time= 0.0029993057250976562
update time= 0.006799936294555664
update time= 0.049666404724121094
step= 92

nparam= 218
        dense amplitude time= 0.02659153938293457
        total non-zero amplitudes= 4900
        nsamples per process= 159
        sample time= 17.247909545898438
self.n= 0.6106461027355572
        collect g,h time= 20.061042308807373
E=-13.985818490909084,dE=-4.5774939394505054e-11,std=0
L=-13.985818490909084,dL=-4.5774939394505054e-11,std=0
        gnorm= 1.898514453839353e-06
        collect S matrix time= 0.020437240600585938
        SR solver time= 0.0007963180541992188
        collect H matrix time= 0.01927924156188965
        RGN solver time= 0.0007307529449462891
        xnorm=3.0128981970052053,dnorm=0.00019775200361963827
update time= 0.004060268402099609
update time= 0.0073926448822021484
update time= 0.05821800231933594
        dense amplitude time= 0.026767492294311523
        total non-zero amplitudes= 4900
        nsamples per process= 159
        sample time= 14.185434103012085
self.n= 0.6106434844287969
        RGN updated loss=-13.985818490940616,dloss=-3.1532110256193846e-11
update time= 0.0029687881469726562
update time= 0.006898164749145508
update time= 0.05667471885681152
step= 93

nparam= 218
        dense amplitude time= 0.013463973999023438
        total non-zero amplitudes= 4900
        nsamples per process= 159
        sample time= 17.276445865631104
self.n= 0.6106434844287961
        collect g,h time= 19.969971179962158
E=-13.985818490940613,dE=-3.1528557542515045e-11,std=0
L=-13.985818490940613,dL=-3.1528557542515045e-11,std=0
        gnorm= 2.996749161866323e-06
        collect S matrix time= 0.020895719528198242
        SR solver time= 0.0007650852203369141
        collect H matrix time= 0.019672870635986328
        RGN solver time= 0.0007243156433105469
        xnorm=3.0128902962921638,dnorm=0.00023347630191737794
update time= 0.0038433074951171875
update time= 0.007370471954345703
update time= 0.056696414947509766
        dense amplitude time= 0.03097987174987793
        total non-zero amplitudes= 4900
        nsamples per process= 159
        sample time= 14.16430377960205
self.n= 0.6106473978390585
        RGN updated loss=-13.985818490890093,dloss=5.051958851254312e-11
update time= 0.003027200698852539
update time= 0.0067174434661865234
update time= 0.049831390380859375
        xnorm=3.0128902962921638,dnorm=3.730484068752107e-05
update time= 0.003102540969848633
update time= 0.006757259368896484
update time= 0.048648834228515625
step= 94

nparam= 218
        dense amplitude time= 0.014189720153808594
        total non-zero amplitudes= 4900
        nsamples per process= 159
        sample time= 17.292123556137085
self.n= 0.6106448456536403
        collect g,h time= 20.000664472579956
E=-13.985818490996007,dE=-5.539391167985741e-11,std=0
L=-13.985818490996007,dL=-5.539391167985741e-11,std=0
        gnorm= 1.1828215988304276e-06
        collect S matrix time= 0.020788192749023438
        SR solver time= 0.0008008480072021484
        collect H matrix time= 0.019010543823242188
        RGN solver time= 0.0008025169372558594
        xnorm=3.0128942568680146,dnorm=0.00018219808169535706
update time= 0.004076957702636719
update time= 0.007473945617675781
update time= 0.060364484786987305
        dense amplitude time= 0.019550561904907227
        total non-zero amplitudes= 4900
        nsamples per process= 159
        sample time= 14.200014352798462
self.n= 0.6106459577908478
        RGN updated loss=-13.985818491036722,dloss=-4.071587511589314e-11
update time= 0.002992391586303711
update time= 0.006845235824584961
update time= 0.06160545349121094
step= 95

nparam= 218
        dense amplitude time= 0.022646188735961914
        total non-zero amplitudes= 4900
        nsamples per process= 159
        sample time= 17.244683265686035
self.n= 0.6106459577908468
        collect g,h time= 20.092896223068237
E=-13.985818491036724,dE=-4.071765147273254e-11,std=0
L=-13.985818491036724,dL=-4.071765147273254e-11,std=0
        gnorm= 1.8070811688880508e-06
        collect S matrix time= 0.020593881607055664
        SR solver time= 0.0007917881011962891
        collect H matrix time= 0.019655466079711914
        RGN solver time= 0.0007348060607910156
        xnorm=3.0129139794292366,dnorm=0.0001880041041292577
update time= 0.0037970542907714844
update time= 0.007288694381713867
update time= 0.05234193801879883
        dense amplitude time= 0.03206133842468262
        total non-zero amplitudes= 4900
        nsamples per process= 159
        sample time= 14.119564771652222
self.n= 0.6106434677674386
        RGN updated loss=-13.985818491065302,dloss=-2.857802883227123e-11
update time= 0.0029981136322021484
update time= 0.006864309310913086
update time= 0.06038689613342285
step= 96

nparam= 218
        dense amplitude time= 0.018974781036376953
        total non-zero amplitudes= 4900
        nsamples per process= 159
        sample time= 17.236249208450317
self.n= 0.6106434677674377
        collect g,h time= 19.982733488082886
E=-13.985818491065306,dE=-2.858158154595003e-11,std=0
L=-13.985818491065306,dL=-2.858158154595003e-11,std=0
        gnorm= 2.854727311746581e-06
        collect S matrix time= 0.020251750946044922
        SR solver time= 0.0007588863372802734
        collect H matrix time= 0.01932978630065918
        RGN solver time= 0.0007624626159667969
        xnorm=3.0129058104443587,dnorm=0.00022190147754334703
update time= 0.003843545913696289
update time= 0.00736546516418457
update time= 0.06028628349304199
        dense amplitude time= 0.022626876831054688
        total non-zero amplitudes= 4900
        nsamples per process= 159
        sample time= 14.142564296722412
self.n= 0.6106471982533408
        RGN updated loss=-13.985818491018723,dloss=4.658318175643217e-11
update time= 0.0030155181884765625
update time= 0.006659269332885742
update time= 0.05464982986450195
        xnorm=3.0129058104443587,dnorm=3.5505289969626537e-05
update time= 0.0031299591064453125
update time= 0.006672859191894531
update time= 0.0501711368560791
step= 97

nparam= 218
        dense amplitude time= 0.019077062606811523
        total non-zero amplitudes= 4900
        nsamples per process= 159
        sample time= 17.270674228668213
self.n= 0.610644764532794
        collect g,h time= 19.999879360198975
E=-13.9858184911154,dE=-5.0095039227926463e-11,std=0
L=-13.9858184911154,dL=-5.0095039227926463e-11,std=0
        gnorm= 1.1265474526253667e-06
        collect S matrix time= 0.02001166343688965
        SR solver time= 0.0008478164672851562
        collect H matrix time= 0.019207477569580078
        RGN solver time= 0.0007283687591552734
        xnorm=3.0129095274165016,dnorm=0.00017312762291278008
update time= 0.004060268402099609
update time= 0.007372379302978516
update time= 0.06077766418457031
        dense amplitude time= 0.024560213088989258
        total non-zero amplitudes= 4900
        nsamples per process= 159
        sample time= 14.170109748840332
self.n= 0.6106458266579962
        RGN updated loss=-13.985818491151964,dloss=-3.6562752825375355e-11
update time= 0.0030183792114257812
update time= 0.006987810134887695
update time= 0.06213808059692383
step= 98

nparam= 218
        dense amplitude time= 0.021731853485107422
        total non-zero amplitudes= 4900
        nsamples per process= 159
        sample time= 17.21837306022644
self.n= 0.6106458266579953
        collect g,h time= 19.958037853240967
E=-13.985818491151967,dE=-3.6566305539054156e-11,std=0
L=-13.985818491151967,dL=-3.6566305539054156e-11,std=0
        gnorm= 1.7196065235248899e-06
        collect S matrix time= 0.020337343215942383
        SR solver time= 0.0007588863372802734
        collect H matrix time= 0.019420862197875977
        RGN solver time= 0.0007233619689941406
        xnorm=3.012927739856024,dnorm=0.00017911431060084322
update time= 0.003866910934448242
update time= 0.0072784423828125
update time= 0.0526890754699707
        dense amplitude time= 0.03466176986694336
        total non-zero amplitudes= 4900
        nsamples per process= 159
        sample time= 14.224542617797852
self.n= 0.6106434592090084
        RGN updated loss=-13.985818491178225,dloss=-2.6258106800014502e-11
update time= 0.0029544830322265625
update time= 0.00678253173828125
update time= 0.0487821102142334
step= 99

nparam= 218
        dense amplitude time= 0.014202594757080078
        total non-zero amplitudes= 4900
        nsamples per process= 159
        sample time= 17.259886741638184
self.n= 0.6106434592090074
        collect g,h time= 19.988917112350464
E=-13.985818491178222,dE=-2.6254554086335702e-11,std=0
L=-13.985818491178222,dL=-2.6254554086335702e-11,std=0
        gnorm= 2.718230458352929e-06
        collect S matrix time= 0.020296812057495117
        SR solver time= 0.000789642333984375
        collect H matrix time= 0.019425630569458008
        RGN solver time= 0.0007872581481933594
        xnorm=3.0129194705317346,dnorm=0.00021124185872710272
update time= 0.0040204524993896484
update time= 0.0072748661041259766
update time= 0.06011390686035156
        dense amplitude time= 0.025320053100585938
        total non-zero amplitudes= 4900
        nsamples per process= 159
        sample time= 14.168156623840332
self.n= 0.6106470135199839
        RGN updated loss=-13.985818491135621,dloss=4.2600589722496807e-11
update time= 0.00299835205078125
update time= 0.006725788116455078
update time= 0.06254291534423828
        xnorm=3.0129194705317346,dnorm=3.3804673142542544e-05
update time= 0.003087759017944336
update time= 0.006680965423583984
update time= 0.053791046142578125
