run = 0
step= 49

nparam= 56
        dense amplitude time= 0.0007483959197998047
        total non-zero amplitudes= 36
        nsamples per process= 36
self.n= 1.1651878811227163
        collect g,h time= 0.2651956081390381
E=-4.182912963010411,dE=-0.0003500221578072171,std=0
L=-4.182912963010411,dL=-0.0003500221578072171,std=0
        gnorm= 0.030206158552271913
        collect S matrix time= 0.0002357959747314453
        nonzero=25,wmax=1.8639233240598299,wmin=0.01179487134974039
        SR solver time= 0.00029921531677246094
        xnorm=0.9083697909630075,dnorm=0.007647521324429677
[ 0.1062813603  0.022339767   0.018940119   0.0249090179 -0.0795878004
 -0.0107044339  0.1102187927  0.0301423419 -0.0656342689 -0.023246536
  0.0263639665 -0.1359072996  0.0039540668 -0.1883549806  0.0183370936
 -0.1277097939  0.0336833428 -0.0236948682  0.1012462012 -0.0180456266
  0.0429831694 -0.0164916099 -0.1525768727 -0.0296711209 -0.0218993739
 -0.0294180597 -0.0187337285  0.1329353327]
step= 99

nparam= 56
        dense amplitude time= 0.0007295608520507812
        total non-zero amplitudes= 36
        nsamples per process= 36
self.n= 1.2915267667715966
        collect g,h time= 0.2638833522796631
E=-4.234981023002936,dE=-0.0014443955226486338,std=0
L=-4.234981023002936,dL=-0.0014443955226486338,std=0
        gnorm= 0.029734756432217294
        collect S matrix time= 0.00023865699768066406
        xnorm=1.4761174733777485,dnorm=0.0
        nonzero=28,wmax=1.5297227372284494,wmin=0.0025072987827905614
        SR solver time= 0.0003237724304199219
        collect H matrix time= 3.2901763916015625e-05
        nonzero=28,smax=3.9680578922146297,smin=0.007909985380094325
        RGN solver time= 0.0004267692565917969
        xnorm=1.4761174733777485,dnorm=0.14186483154429164
        dense amplitude time= 0.0006594657897949219
        total non-zero amplitudes= 36
        nsamples per process= 36
self.n= 1.3173832449277247
        RGN updated loss=-4.23625014052832,dloss=-0.0012691175253838338
[ 0.06199149    0.1606967528 -0.0313324855 -0.2863046151 -0.1006795068
  0.0141878934  0.2292062934  0.0554648818 -0.4361957141  0.0363683135
  0.2122730767 -0.0804812969 -0.0379386235 -0.1434187252 -0.0118954234
 -0.2442680579  0.3457760503 -0.0467706387  0.0430974405 -0.0241461793
  0.0495564093 -0.2098110099 -0.2329864739 -0.1671679158 -0.0465563587
 -0.0263244369  0.2368817235  0.2083126746]
step= 149

nparam= 56
        dense amplitude time= 0.0006968975067138672
        total non-zero amplitudes= 36
        nsamples per process= 36
self.n= 1.2774572844704617
        collect g,h time= 0.2624835968017578
E=-4.247445944357402,dE=-0.00018148841976106667,std=0
L=-4.247445944357402,dL=-0.00018148841976106667,std=0
        gnorm= 0.026482773714965338
        collect S matrix time= 0.0003712177276611328
        nonzero=29,wmax=1.4219514974152592,wmin=0.002163729426250373
        SR solver time= 0.0002994537353515625
        collect H matrix time= 6.723403930664062e-05
        xnorm=1.9144854630490395,dnorm=0.0
        nonzero=29,smax=15.112189295404221,smin=0.024426464220361745
        RGN solver time= 0.0004107952117919922
        xnorm=1.9144854630490395,dnorm=0.019317121785228625
        dense amplitude time= 0.0007090568542480469
        total non-zero amplitudes= 36
        nsamples per process= 36
self.n= 1.2781383057293854
        RGN updated loss=-4.2476121997748235,dloss=-0.00016625541742154581
[-0.0416486967  0.282647713   0.0633277574 -0.3062687113 -0.2854074609
  0.0176815123  0.1278817437  0.0941725251 -0.3666286266 -0.1478513083
  0.2734717771 -0.1692350401  0.0735238024 -0.1893548055 -0.0961441633
 -0.0378706595  0.3917731565  0.0878164686 -0.0061020222 -0.0607297922
  0.2231001554 -0.2202770948 -0.2677587935 -0.1857834618 -0.1983240349
 -0.0599026808  0.4655430665  0.1299172605]
step= 199

nparam= 56
        dense amplitude time= 0.0007073879241943359
        total non-zero amplitudes= 36
        nsamples per process= 36
self.n= 1.2083852707993914
        collect g,h time= 0.2604086399078369
E=-4.25277292319422,dE=-1.582656976584218e-05,std=0
L=-4.25277292319422,dL=-1.582656976584218e-05,std=0
        gnorm= 0.02942892460736271
        collect S matrix time= 0.0002548694610595703
        xnorm=1.8663583911477821,dnorm=0.0
        nonzero=30,wmax=1.360923103822412,wmin=0.0017311223322559106
        SR solver time= 0.0003020763397216797
        collect H matrix time= 3.24249267578125e-05
        nonzero=30,smax=14.34973550665071,smin=0.019840440508427818
        RGN solver time= 0.0004162788391113281
        xnorm=1.8663583911477821,dnorm=0.014952706634447206
        dense amplitude time= 0.0006489753723144531
        total non-zero amplitudes= 36
        nsamples per process= 36
self.n= 1.2095892982556982
        RGN updated loss=-4.252780026601109,dloss=-7.103406889363839e-06
[-0.1296431428  0.318208706   0.206286394  -0.3689241251 -0.3053869161
  0.0301972206  0.1940194431  0.2270542649 -0.2825836685 -0.2145386648
  0.384953634  -0.2466745757  0.0870314812 -0.2104183236 -0.106879746
 -0.0015151577  0.4502806557  0.1255457284 -0.0420908326 -0.0759915165
  0.278323019  -0.3231205419 -0.2734285095 -0.2108504635 -0.3225822976
 -0.1865114651  0.4289717423  0.0428851471]

run = 1
step= 49

nparam= 56
        dense amplitude time= 0.0007529258728027344
        total non-zero amplitudes= 36
        nsamples per process= 36
self.n= 1.1436451659328917
        collect g,h time= 0.26294374465942383
E=-4.189937012938078,dE=-0.0008891839482148001,std=0
L=-4.189937012938078,dL=-0.0008891839482148001,std=0
        gnorm= 0.055752124215284256
        collect S matrix time= 0.00024008750915527344
        nonzero=26,wmax=1.885950254942479,wmin=0.0023412562075546565
        SR solver time= 0.0003018379211425781
        xnorm=0.8336702506897291,dnorm=0.009683679823540235
[ 0.0077990818 -0.0237477484  0.168698975   0.0328053364 -0.1580763034
  0.0063840974 -0.0199518721  0.1652598624 -0.0045492424 -0.1443985081
 -0.0373812442  0.0156661908  0.0026891929  0.035453593   0.0028067418
 -0.0088490019  0.0328856339  0.1602393413  0.0003853792 -0.0243550857
  0.1613635934 -0.0340764095 -0.0382352093 -0.0605373103 -0.166131953
 -0.1967101171  0.0597481183 -0.0435687358]
step= 99

nparam= 56
        dense amplitude time= 0.00069427490234375
        total non-zero amplitudes= 36
        nsamples per process= 36
self.n= 0.6577349629487028
        collect g,h time= 0.263322114944458
E=-4.265041421507691,dE=-1.8990055584033882e-05,std=0
L=-4.265041421507691,dL=-1.8990055584033882e-05,std=0
        gnorm= 0.006289502985153254
        collect S matrix time= 0.000263214111328125
        xnorm=1.4391174897891756,dnorm=0.0
        nonzero=28,wmax=2.4470446577857494,wmin=0.002664450031192648
        SR solver time= 0.0003046989440917969
        collect H matrix time= 3.2901763916015625e-05
        nonzero=29,smax=5.209358984487438,smin=0.007376551744874733
        RGN solver time= 0.00045037269592285156
        xnorm=1.4391174897891756,dnorm=0.002394658721917875
        dense amplitude time= 0.0006470680236816406
        total non-zero amplitudes= 36
        nsamples per process= 36
self.n= 0.658055946260045
        RGN updated loss=-4.265058082143279,dloss=-1.6660635587584238e-05
[ 0.0132104382 -0.1341602578  0.4746774278 -0.0811837423 -0.3301522567
  0.0096887172 -0.0130258268  0.4672949887 -0.1501019144 -0.3350770711
 -0.1230114812  0.0193581362 -0.0022665559  0.0526737394  0.0006857609
 -0.0080321845  0.1457734884  0.3364679313  0.0244346824 -0.0158749014
  0.3553146349  0.0539661763 -0.0645968586 -0.0656048022 -0.482696684
 -0.5111991035  0.1375610337 -0.0300361977]
step= 149

nparam= 56
        dense amplitude time= 0.0008177757263183594
        total non-zero amplitudes= 36
        nsamples per process= 36
self.n= 0.6541220858147773
        collect g,h time= 0.2633342742919922
E=-4.265176553478568,dE=-3.6572380679444905e-09,std=0
L=-4.265176553478568,dL=-3.6572380679444905e-09,std=0
        gnorm= 0.0009112299982593686
        collect S matrix time= 0.00022149085998535156
        xnorm=1.4563215326127827,dnorm=0.0
        nonzero=28,wmax=2.4334877683224265,wmin=0.002642156666499702
        SR solver time= 0.0003540515899658203
        collect H matrix time= 3.3855438232421875e-05
        nonzero=29,smax=5.1932238865036044,smin=0.005775111848257317
        RGN solver time= 0.00046706199645996094
        xnorm=1.4563215326127827,dnorm=0.00160827955294416
        dense amplitude time= 0.0006947517395019531
        total non-zero amplitudes= 36
        nsamples per process= 36
self.n= 0.6538696775584845
        RGN updated loss=-4.2651765536092485,dloss=-1.3068035542573853e-10
[ 0.0188013535 -0.1085033134  0.4873554658 -0.0873810268 -0.3350385031
  0.006917401  -0.0230738513  0.4803662473 -0.1465123341 -0.3405252357
 -0.1300658672  0.0185198104 -0.0046237662  0.0591861713 -0.0032649888
 -0.016396509   0.1524939537  0.3409586198  0.0246667152 -0.0185673572
  0.3604268512  0.0619885312 -0.0589935737 -0.0692470127 -0.489320256
 -0.5175553958  0.1567398813 -0.0230957782]
