
run = 0
step= 49

nparam= 56
        dense amplitude time= 0.0007038116455078125
        total non-zero amplitudes= 36
        nsamples per process= 36
self.n= 1.1903880872430788
        collect g,h time= 0.25891709327697754
E=-4.589071017904411,dE=-3.7411613806881405e-07,std=0
L=-4.589071017904411,dL=-3.7411613806881405e-07,std=0
        gnorm= 0.001403597949182239
        collect S matrix time= 0.00022149085998535156
        nonzero=18,wmax=1.853297938735334,wmin=0.005283527154241392
        SR solver time= 0.0002944469451904297
        xnorm=0.5521947642602153,dnorm=0.00021915242716295019
[-0.000812975  -0.0052206547 -0.0088668485 -0.0016083633 -0.000370541
 -0.0025320655  0.0046089199 -0.0019912564 -0.0099561785 -0.0066762021
  0.0016717581  0.0038294378  0.0005440878  0.0044187567 -0.0023907025
  0.0021933803 -0.0015927041  0.0098229461 -0.005880125   0.0016281057
 -0.0046681637  0.0021255964 -0.008526085   0.0064992378 -0.0115537237
 -0.0061045551 -0.0026562827 -0.006024714 ]
step= 59

nparam= 56
        dense amplitude time= 0.0007238388061523438
        total non-zero amplitudes= 36
        nsamples per process= 36
self.n= 1.191444774642605
        collect g,h time= 0.25931215286254883
E=-4.589073613112036,dE=-2.6774429784381937e-08,std=0
L=-4.589073613112036,dL=-2.6774429784381937e-08,std=0
        gnorm= 0.00046745310454988166
        collect S matrix time= 0.0002799034118652344
        nonzero=18,wmax=1.8539924798664824,wmin=0.005333007808546259
        xnorm=0.5536096440885556,dnorm=0.0
        SR solver time= 0.00030303001403808594
        collect H matrix time= 4.029273986816406e-05
        nonzero=18,smax=1.8428291978049232,smin=0.012204811282821252
        RGN solver time= 0.00043082237243652344
        xnorm=0.5536096440885556,dnorm=0.0008153091898555906
        dense amplitude time= 0.0006737709045410156
        total non-zero amplitudes= 36
        nsamples per process= 36
self.n= 1.1914473017890124
        RGN updated loss=-4.58907363135257,dloss=-1.8240534416236187e-08
[-0.000811901  -0.0043913302 -0.008891569  -0.0014507055 -0.0003770631
 -0.002405718   0.0046239486 -0.0020005246 -0.0064351145 -0.0066694776
  0.0009259313  0.0038180716  0.0010238857  0.0044284924 -0.0025170633
  0.0021873077 -0.0017488905  0.0098383196 -0.0058760619  0.0011387904
 -0.0046553146  0.0028743439 -0.0085283562  0.0054891031 -0.0115863486
 -0.0061463228 -0.0060611973 -0.0060469911]
step= 99

nparam= 56
        dense amplitude time= 0.0007364749908447266
        total non-zero amplitudes= 36
        nsamples per process= 36
self.n= 1.2470058624213816
        collect g,h time= 0.26215696334838867
E=-4.600729583933653,dE=-6.208675618069037e-08,std=0
L=-4.600729583933653,dL=-6.208675618069037e-08,std=0
        gnorm= 0.00027566016709918903
        collect S matrix time= 0.0002429485321044922
        SR solver time= 8.749961853027344e-05
        collect H matrix time= 0.00015687942504882812
        xnorm=1.0777366354110207,dnorm=0.0
        RGN solver time= 5.91278076171875e-05
        xnorm=1.0777366354110207,dnorm=0.0009132796650912375
        dense amplitude time= 0.0006182193756103516
        total non-zero amplitudes= 36
        nsamples per process= 36
self.n= 1.2466863514843343
        RGN updated loss=-4.600729635423004,dloss=-5.148935144916322e-08
[ 0.0011811821 -0.0154081052  0.256739556  -0.0060034823 -0.2270346314
 -0.0062287717  0.0022208479  0.2631958998 -0.0166701435 -0.2385272538
 -0.0014741513 -0.0007759002 -0.0030704857  0.0024393799 -0.0062524171
  0.0019726827  0.0014835518  0.2366995105  0.0002968865 -0.002665179
  0.2269607236  0.003569605  -0.0048572286  0.0088934934 -0.2648495363
 -0.2596700677  0.00423334   -0.0052698726]
step= 129

nparam= 56
        dense amplitude time= 0.0006673336029052734
        total non-zero amplitudes= 36
        nsamples per process= 36
self.n= 1.2434325609470358
        collect g,h time= 0.2612452507019043
E=-4.600729895022678,dE=-5.210090137097723e-10,std=0
L=-4.600729895022678,dL=-5.210090137097723e-10,std=0
        gnorm= 0.000354761401353085
        collect S matrix time= 0.00022554397583007812
        SR solver time= 8.535385131835938e-05
        collect H matrix time= 0.00016927719116210938
        xnorm=1.077828848034479,dnorm=0.0
        RGN solver time= 5.793571472167969e-05
        xnorm=1.077828848034479,dnorm=0.0012918781413977514
        dense amplitude time= 0.0006127357482910156
        total non-zero amplitudes= 36
        nsamples per process= 36
self.n= 1.2432635197282187
        RGN updated loss=-4.600729876351953,dloss=1.8670724521996362e-08
        xnorm=1.077828848034479,dnorm=0.000324896372706853
[ 0.0016303309 -0.0221299503  0.2569226631 -0.0074963667 -0.2269312917
 -0.0062087447  0.0021824914  0.2633535148 -0.0229432366 -0.2384058932
 -0.0030632504 -0.0002190201 -0.0030671404  0.0018809034 -0.0062549988
  0.0023891844  0.0030736254  0.23658992    0.0002963052 -0.0026616655
  0.2268452231  0.0050351453 -0.0047373181  0.0128559453 -0.2651055632
 -0.2599217345  0.0093080524 -0.0050818064]

run = 1
step= 49

nparam= 56
        dense amplitude time= 0.0007154941558837891
        total non-zero amplitudes= 36
        nsamples per process= 36
self.n= 1.555928575911841
        collect g,h time= 0.2631797790527344
E=-4.564645742850816,dE=-0.0020591842104371594,std=0
L=-4.564645742850816,dL=-0.0020591842104371594,std=0
        gnorm= 0.10978077660058894
        collect S matrix time= 0.00020003318786621094
        nonzero=27,wmax=1.525453452973957,wmin=0.002728878639127886
        SR solver time= 0.0003247261047363281
        xnorm=3.9546066937770044,dnorm=0.06215460804523443
[ 0.0526563956  0.5460100923 -0.0401980354 -0.128761531  -0.6834448443
 -0.528735131   1.1982750638  0.6567936817  0.371793811  -0.6756319465
  0.7425800956 -1.1029023829 -0.1670835301 -0.0624874493 -0.1512311629
  0.4237446481  0.1147030497 -0.7764378525  0.2248235105 -0.3476955415
  0.7445848362  0.1749993812 -0.2083139958  0.4852446168  0.3113464627
  0.0121817827  1.394576601   0.9671525036]
step= 69

nparam= 56
        dense amplitude time= 0.0006620883941650391
        total non-zero amplitudes= 36
        nsamples per process= 36
self.n= 1.2083982030419085
        collect g,h time= 0.2637181282043457
E=-4.586571456505436,dE=-0.00034168207253859606,std=0
L=-4.586571456505436,dL=-0.00034168207253859606,std=0
        gnorm= 0.06948540627840635
        collect S matrix time= 0.00024366378784179688
        nonzero=27,wmax=1.6661478048440925,wmin=0.003449503635908519
        SR solver time= 0.0003147125244140625
        xnorm=3.906793345022258,dnorm=0.022896363998069207
[ 0.0714043555  0.4804349713  0.0195127581 -0.1509985651 -0.7772289011
 -0.5634681363  1.1825683242  0.7184296294  0.4356398248 -0.7337365558
  0.7858166447 -1.0706184684 -0.1842627415 -0.098399952  -0.1398106917
  0.4325008129  0.1313740919 -0.7101399474  0.2072800251 -0.376713902
  0.8609365586  0.1087006689 -0.1950007747  0.5177237312  0.2806857588
 -0.0292756552  1.2820395616  0.9289312212]
step= 89

nparam= 56
        dense amplitude time= 0.0007386207580566406
        total non-zero amplitudes= 36
        nsamples per process= 36
self.n= 1.3050358722732556
        collect g,h time= 0.26441121101379395
E=-4.600315221943868,dE=-3.18112864805542e-05,std=0
L=-4.600315221943868,dL=-3.18112864805542e-05,std=0
        gnorm= 0.008098626120307192
        collect S matrix time= 0.0002243518829345703
        SR solver time= 9.655952453613281e-05
        collect H matrix time= 0.00014972686767578125
        xnorm=4.1047904886204405,dnorm=0.0
        RGN solver time= 5.9604644775390625e-05
        xnorm=4.1047904886204405,dnorm=0.0427302789206467
        dense amplitude time= 0.0006263256072998047
        total non-zero amplitudes= 36
        nsamples per process= 36
self.n= 1.2777486021877382
        RGN updated loss=-4.600341020965124,dloss=-2.579902125621203e-05
[ 0.1690812712  0.5492159676  0.0770777908 -0.0954227275 -0.7279868193
 -0.4932538916  1.0698613178  0.6537336158  0.3798660105 -0.7386845517
  0.9284804361 -1.0494710072 -0.1837854629 -0.2158904852 -0.2070514761
  0.3934662113  0.0483522137 -0.7507446405  0.1301009856 -0.3628999059
  1.0218100027  0.0974705315 -0.0449123379  0.4198984693  0.3194840639
 -0.1030708506  1.3034452354  1.0114852696]
