run = 0
step= 99

nparam= 45
        dense amplitude time= 0.0009033679962158203
        total non-zero amplitudes= 36
        nsamples per process= 12
self.n= 3.502898955850777e-05
        collect g,h time= 0.12348484992980957
E=-4.565416549472233,dE=-1.1527250984855186e-05,std=0
L=-4.565416549472233,dL=-1.1527250984855186e-05,std=0
        gnorm= 0.8494849422783557
        collect S matrix time= 6.604194641113281e-05
        SR solver time= 7.891654968261719e-05
        collect H matrix time= 2.8848648071289062e-05
        RGN solver time= 4.982948303222656e-05
        xnorm=2.2247188865053475,dnorm=0.0441558437202959
        dense amplitude time= 0.0008490085601806641
        total non-zero amplitudes= 36
        nsamples per process= 12
self.n= 1.9481083438737367e-05
        RGN updated loss=-4.563608954148792,dloss=0.0018075953234406583
        xnorm=2.2247188865053475,dnorm=0.003640551284787872
[0.5938515147 0.5904878504 0.1697869576 0.2094247854 0.6041946676
 0.9812391427 0.0422568221 0.0055986462]
[-0.0060869124  0.0010355781  0.0034681578 -0.0098693043  0.0115996051
 -0.0173703023 -0.0376631263 -0.0365470631 -0.085961116  -0.3868355045
 -0.1378847209 -0.5539583013 -0.4299040785  0.3323313627]
[ 0.45295687    0.2715157594 -0.0638576108  0.0395618689  0.202580351
  0.0026010857  0.200685711   0.0262305384 -0.0945019145 -0.0808075562
 -0.0938879034  0.0850991229 -0.0115882302 -0.0623233591 -0.0194403987
  0.3503360368 -0.154020889  -1.1530836322 -0.127662857  -0.0762629969
  0.0325421703 -0.2561992264  0.30996693  ]
step= 199

nparam= 45
        dense amplitude time= 0.0009171962738037109
        total non-zero amplitudes= 36
        nsamples per process= 12
self.n= 2.568600951269142e-06
        collect g,h time= 0.08765387535095215
E=-4.565835136166493,dE=-1.3285370323856682e-06,std=0
L=-4.565835136166493,dL=-1.3285370323856682e-06,std=0
        gnorm= 1.2484303425092313
        collect S matrix time= 5.221366882324219e-05
        SR solver time= 7.867813110351562e-05
        collect H matrix time= 3.314018249511719e-05
        RGN solver time= 5.173683166503906e-05
        xnorm=2.2251234247280385,dnorm=0.01328705303214652
        dense amplitude time= 0.0008440017700195312
        total non-zero amplitudes= 36
        nsamples per process= 12
self.n= 1.8307024458310399e-06
        RGN updated loss=-4.565455429868664,dloss=0.00037970629782879683
        xnorm=2.2251234247280385,dnorm=0.000982616767669922
[ 0.5965689987  0.5959366634  0.0575956949  0.0737758943  0.5994166979
  1.0069885406  0.0020043465 -0.0025102404]
[-0.0018559273  0.0032396243  0.0024701841  0.005604232   0.0038072448
 -0.0043411879 -0.0139076276 -0.0114998377 -0.0769480495 -0.3966639276
 -0.1348231669 -0.5566311726 -0.427193751   0.336460543 ]
[ 0.4571494028  0.2794622251 -0.0652601456  0.0364127476  0.1996626463
  0.0264560218  0.2028245979  0.0177366743 -0.0788323378 -0.0689462706
 -0.1001301004  0.0467411227 -0.0133198715 -0.0700186596 -0.0115655709
  0.35472836   -0.1591597841 -1.1524376058 -0.1306868473 -0.0758407103
  0.0331440097 -0.259557887   0.3118337573]

run = 1
step= 199

nparam= 45
        dense amplitude time= 0.0009360313415527344
        total non-zero amplitudes= 36
        nsamples per process= 12
self.n= 0.09000456787019388
        collect g,h time= 0.0876913070678711
E=-4.566782541582153,dE=-3.787192781601334e-11,std=0
L=-4.566782541582153,dL=-3.787192781601334e-11,std=0
        gnorm= 2.9691766313726614e-06
        collect S matrix time= 5.221366882324219e-05
        SR solver time= 7.891654968261719e-05
        collect H matrix time= 2.9802322387695312e-05
        RGN solver time= 5.14984130859375e-05
        xnorm=3.2089502609028693,dnorm=0.00012168919164400745
        dense amplitude time= 0.0008983612060546875
        total non-zero amplitudes= 36
        nsamples per process= 12
self.n= 0.08999647889507789
        RGN updated loss=-4.566782541580478,dloss=1.6751044995544362e-12
        xnorm=3.2089502609028693,dnorm=1.2529317288027523e-05
[ 0.1532635927 -0.1855153659  0.0958220558 -0.1812496425  0.6965215986
  0.8101994163 -0.5783839983 -0.8259567227]
[ 0.0297839099 -0.0155396156  0.5505009856  0.0757974643  0.5922915188
  0.3258580536  0.6471084841  0.1335409054  0.2546950237 -1.1488539692
  0.6182944606 -0.0583875077  0.5430002058  0.449208859 ]
[ 0.4586927846  0.1132215369 -0.6666999463  0.1319615369  0.0596425139
 -0.3873796287 -0.0713389427  0.7262727943  0.5911344077 -0.3399786428
  0.5661830792 -0.6542022954  0.7608135552  0.263723175  -0.3578456638
  0.1753928183 -0.2396955946  0.0820087843 -0.8467071152  0.5879690052
 -0.1074268086  0.1470722252  0.1285980297]
