
######################## r=1.6 (bohr), R=0.8466835374448 (angstrom) ###########################
building molecule...
ecore= 109.35016682630688

nelec= (25, 25)
running unrestricted Hartree Fock...
converged SCF energy = -26.0622531101533  <S^2> = 3.8462424e-09  2S+1 = 1
Hartree Fock total energy= -26.062253110153264
Hartree Fock electronic energy= -135.41241993646014
mo energies= [[-0.812074 -0.809222 -0.804351 -0.797572 -0.788872 -0.778226 -0.765593 -0.750924 -0.734162 -0.715241 -0.694085 -0.670612 -0.644729 -0.616334 -0.585313 -0.551542 -0.514883 -0.475184 -0.43228  -0.386003 -0.336197 -0.282792 -0.226019 -0.167187 -0.111921  0.105008  0.164798  0.234242  0.307087  0.381866  0.458274  0.536307  0.616024  0.697459  0.780586  0.86529   0.951351  1.038422  1.126012  1.213467  1.299961  1.384485  1.465856  1.542737  1.613667  1.677122  1.731589  1.775652  1.808105  1.828161]
 [-0.812073 -0.809222 -0.804352 -0.797571 -0.788872 -0.778226 -0.765593 -0.750924 -0.734162 -0.715241 -0.694085 -0.670612 -0.644729 -0.616334 -0.585313 -0.551542 -0.514883 -0.475183 -0.43228  -0.386003 -0.336198 -0.282793 -0.226018 -0.167188 -0.111924  0.105007  0.164798  0.234244  0.307086  0.381866  0.458274  0.536307  0.616024  0.697459  0.780586  0.86529   0.951351  1.038422  1.126012  1.213467  1.299961  1.384485  1.465857  1.542737  1.613667  1.677122  1.731589  1.775652  1.808106  1.828162]]
[[[ 0.005269  0.01055  -0.016157 ... -0.076687  0.051438 -0.025716]
  [ 0.011183  0.022255 -0.033726 ...  0.173932 -0.117776  0.059218]
  [ 0.019343  0.038087 -0.056663 ... -0.269052  0.184968 -0.093849]
  ...
  [ 0.019343 -0.038087 -0.056663 ...  0.269052  0.184968  0.093849]
  [ 0.011183 -0.022255 -0.033726 ... -0.173932 -0.117776 -0.059218]
  [ 0.005269 -0.01055  -0.016157 ...  0.076687  0.051438  0.025716]]

 [[ 0.005269  0.010552 -0.016158 ... -0.076687  0.051437 -0.025715]
  [ 0.011184  0.022258 -0.033726 ...  0.173931 -0.117774  0.059217]
  [ 0.019345  0.038093 -0.056664 ... -0.269051  0.184964 -0.093847]
  ...
  [ 0.019345 -0.038093 -0.056664 ...  0.269051  0.184964  0.093847]
  [ 0.011184 -0.022258 -0.033726 ... -0.173931 -0.117774 -0.059217]
  [ 0.005269 -0.010552 -0.016158 ...  0.076687  0.051437  0.025715]]]
mo
[[ 0.009746  0.019422 -0.029504 ... -0.029368  0.019497 -0.009687]
 [ 0.019372  0.038357 -0.057628 ...  0.062295 -0.041768  0.020875]
 [ 0.031273  0.061341 -0.090666 ... -0.09714   0.066149 -0.033368]
 ...
 [ 0.031273 -0.061341 -0.090666 ...  0.09714   0.066149  0.033368]
 [ 0.019372 -0.038357 -0.057628 ... -0.062295 -0.041768 -0.020875]
 [ 0.009746 -0.019422 -0.029504 ...  0.029368  0.019497  0.009687]]
[[ 0.009747  0.019426 -0.029504 ... -0.029368  0.019497 -0.009686]
 [ 0.019374  0.038363 -0.057629 ...  0.062295 -0.041767  0.020875]
 [ 0.031277  0.06135  -0.090668 ... -0.097139  0.066147 -0.033367]
 ...
 [ 0.031277 -0.06135  -0.090668 ...  0.097139  0.066147  0.033367]
 [ 0.019374 -0.038363 -0.057629 ... -0.062295 -0.041767 -0.020875]
 [ 0.009747 -0.019426 -0.029504 ...  0.029368  0.019497  0.009686]]

######################## r=1.8 (bohr), R=0.9525189796254 (angstrom) ###########################
building molecule...
ecore= 97.20014829004968

nelec= (25, 25)
running unrestricted Hartree Fock...
converged SCF energy = -26.2659828213386  <S^2> = 1.0267959e-07  2S+1 = 1.0000002
Hartree Fock total energy= -26.265982821338625
Hartree Fock electronic energy= -123.46613111138831
mo energies= [[-0.737366 -0.734973 -0.730818 -0.725008 -0.717535 -0.708381 -0.697515 -0.684902 -0.670499 -0.654255 -0.636113 -0.616008 -0.593868 -0.569612 -0.54315  -0.514385 -0.483207 -0.449501 -0.413146 -0.374029 -0.33207  -0.287312 -0.240144 -0.192081 -0.148614  0.056334  0.103515  0.159816  0.219427  0.280685  0.343112  0.406581  0.471057  0.536506  0.602855  0.669969  0.737636  0.805555  0.873321  0.940423  1.006234  1.070015  1.130921  1.188019  1.240316  1.286794  1.326463  1.358408  1.381866  1.396372]
 [-0.737367 -0.734967 -0.730818 -0.725008 -0.717535 -0.70838  -0.697515 -0.684902 -0.670499 -0.654255 -0.636113 -0.616008 -0.593868 -0.569612 -0.54315  -0.514384 -0.483207 -0.449501 -0.413146 -0.374029 -0.332071 -0.287308 -0.240137 -0.192101 -0.148614  0.056335  0.1035    0.159824  0.21943   0.280685  0.343112  0.406581  0.471057  0.536506  0.602855  0.669969  0.737637  0.805555  0.873322  0.940424  1.006234  1.070015  1.130921  1.188019  1.240316  1.286795  1.326462  1.358408  1.381872  1.396371]]
[[[ 0.006686  0.013175 -0.019847 ... -0.069824  0.046712  0.023286]
  [ 0.013201  0.025868 -0.038595 ...  0.150747 -0.101844 -0.051071]
  [ 0.022219  0.043085 -0.063107 ... -0.229215  0.157295  0.07962 ]
  ...
  [ 0.022219 -0.043085 -0.063107 ...  0.229215  0.157295 -0.07962 ]
  [ 0.013201 -0.025868 -0.038595 ... -0.150747 -0.101844  0.051071]
  [ 0.006686 -0.013175 -0.019847 ...  0.069824  0.046712 -0.023286]]

 [[ 0.006677 -0.013182 -0.019861 ...  0.069815  0.046708 -0.023292]
  [ 0.013182 -0.025881 -0.03862  ... -0.15073  -0.101835  0.051084]
  [ 0.022188 -0.043107 -0.06315  ...  0.229188  0.157281 -0.07964 ]
  ...
  [ 0.022188  0.043107 -0.06315  ... -0.229188  0.157281  0.07964 ]
  [ 0.013182  0.025881 -0.03862  ...  0.15073  -0.101835 -0.051084]
  [ 0.006677  0.013182 -0.019861 ... -0.069815  0.046708  0.023292]]]
mo
[[ 0.010951  0.021506 -0.032212 ... -0.032016  0.021234  0.010529]
 [ 0.021291  0.041557 -0.061585 ...  0.064729 -0.043362 -0.021632]
 [ 0.033875  0.065502 -0.095478 ... -0.099334  0.067621  0.03406 ]
 ...
 [ 0.033875 -0.065502 -0.095478 ...  0.099334  0.067621 -0.03406 ]
 [ 0.021291 -0.041557 -0.061585 ... -0.064729 -0.043362  0.021632]
 [ 0.010951 -0.021506 -0.032212 ...  0.032016  0.021234 -0.010529]]
[[ 0.010936 -0.021518 -0.032234 ...  0.032012  0.021232 -0.010532]
 [ 0.02126  -0.041578 -0.061625 ... -0.064722 -0.043358  0.021638]
 [ 0.033827 -0.065533 -0.09554  ...  0.099322  0.067614 -0.034068]
 ...
 [ 0.033827  0.065533 -0.09554  ... -0.099322  0.067614  0.034068]
 [ 0.02126   0.041578 -0.061625 ...  0.064722 -0.043358 -0.021638]
 [ 0.010936  0.021518 -0.032234 ... -0.032012  0.021232  0.010532]]


######################## r=2.0 (bohr), R=1.058354421806 (angstrom) ###########################
building molecule...
ecore= 87.48013346104489

nelec= (25, 25)
running unrestricted Hartree Fock...
converged SCF energy = -26.0082020132748  <S^2> = 1.433677e-05  2S+1 = 1.0000287
Hartree Fock total energy= -26.00820201327481
Hartree Fock electronic energy= -113.4883354743197
mo energies= [[-0.673951 -0.671828 -0.668255 -0.663153 -0.656614 -0.648603 -0.639095 -0.628061 -0.615468 -0.601275 -0.585435 -0.567899 -0.548607 -0.527495 -0.504492 -0.47952  -0.452496 -0.423335 -0.391951 -0.35828  -0.322308 -0.284167 -0.244261 -0.204647 -0.170029  0.026557  0.064321  0.110765  0.16024   0.211321  0.263297  0.315942  0.369149  0.422837  0.476903  0.531204  0.585543  0.63966   0.693225  0.745837  0.79702   0.846229  0.892856  0.936247  0.975717  1.010578  1.04017   1.063877  1.0813    1.091993]
 [-0.673954 -0.671855 -0.668181 -0.663127 -0.656595 -0.648587 -0.639081 -0.628049 -0.615457 -0.601265 -0.585426 -0.56789  -0.548598 -0.527486 -0.504483 -0.479511 -0.452488 -0.423326 -0.391942 -0.358272 -0.322304 -0.284168 -0.244511 -0.204612 -0.170027  0.02656   0.064345  0.110563  0.160251  0.211332  0.263309  0.315954  0.369161  0.422849  0.476914  0.531215  0.585554  0.63967   0.693235  0.745847  0.797031  0.84624   0.892868  0.93626   0.975732  1.010597  1.040196  1.06395   1.081273  1.091991]]
[[[ 0.007699  0.015327 -0.022883 ... -0.06479   0.043251  0.021592]
  [ 0.014534  0.028779 -0.042575 ...  0.134136 -0.090451 -0.04543 ]
  [ 0.024031  0.047075 -0.068377 ... -0.201383  0.137999  0.069979]
    ...
  [ 0.024039 -0.047079 -0.068379 ...  0.201382  0.137997 -0.069974]
  [ 0.014539 -0.028781 -0.042576 ... -0.134135 -0.09045   0.045427]
  [ 0.007701 -0.015328 -0.022884 ...  0.064789  0.043251 -0.021591]]

[[ 0.007673 -0.015075 -0.022808 ...  0.064839  0.043402 -0.021607]
 [ 0.014455 -0.028248 -0.042338 ... -0.134282 -0.090789  0.045473]
 [ 0.023933 -0.046275 -0.068063 ...  0.201588  0.138493 -0.070035]
   ...
 [ 0.023925  0.046272 -0.06806  ... -0.20159   0.138496  0.07004 ]
 [ 0.01445   0.028246 -0.042337 ...  0.134283 -0.090791 -0.045476]
 [ 0.00767   0.015074 -0.022807 ... -0.06484   0.043403  0.021608]]]
mo
[[ 0.011565  0.022965 -0.034138 ... -0.03432   0.022746  0.011305]
 [ 0.022089  0.043598 -0.064149 ...  0.066712 -0.044663 -0.022335]
 [ 0.034828  0.068076 -0.09852  ... -0.101229  0.068904  0.034798]
  ...
 [ 0.03484  -0.068081 -0.098523 ...  0.101228  0.068903 -0.034796]
 [ 0.022097 -0.043601 -0.064151 ... -0.066712 -0.044663  0.022333]
 [ 0.011569 -0.022966 -0.034139 ...  0.03432   0.022745 -0.011305]]
[[ 0.011518 -0.022572 -0.034    ...  0.034337  0.02282  -0.01131 ]
 [ 0.021982 -0.042819 -0.063819 ... -0.066794 -0.044838  0.022359]
 [ 0.034671 -0.066891 -0.098015 ...  0.101314  0.069141 -0.034821]
  ...
 [ 0.034659  0.066887 -0.098012 ... -0.101315  0.069142  0.034823]
 [ 0.021974  0.042816 -0.063817 ...  0.066795 -0.044839 -0.022361]
 [ 0.011514  0.022571 -0.033999 ... -0.034337  0.02282   0.011311]]

######################## r=2.5 (bohr), R=1.3229430272574998 (angstrom) ###########################
building molecule...
ecore= 69.98410676883663

nelec= (25, 25)
running unrestricted Hartree Fock...
SCF not converged.
SCF energy = -24.4784034025474 after 50 cycles  <S^2> = 2.6386493e-05  2S+1 = 1.0000528
Hartree Fock total energy= -24.4784034025474
Hartree Fock electronic energy= -94.46251017138403
mo energies= [[-0.548901 -0.547183 -0.544415 -0.540566 -0.535587 -0.529607 -0.522448 -0.514124 -0.504637 -0.493963 -0.482076 -0.468945 -0.454536 -0.438814 -0.421741 -0.40328  -0.383392 -0.362043 -0.33921  -0.314948 -0.289592 -0.26305  -0.23626  -0.210924 -0.190918 -0.006193  0.016162  0.045393  0.077751  0.111499  0.146038  0.180642  0.21528   0.249822  0.28412   0.318032  0.351404  0.384064  0.415817  0.446442  0.4757    0.503333  0.529068  0.552628  0.573756  0.592229  0.607631  0.619881  0.628766  0.634118]
 [-0.548901 -0.547185 -0.54442  -0.540576 -0.535672 -0.529552 -0.522363 -0.514051 -0.504576 -0.493912 -0.482032 -0.468906 -0.454503 -0.438786 -0.421721 -0.403269 -0.3834   -0.362094 -0.339358 -0.315202 -0.289526 -0.263037 -0.236255 -0.21092  -0.190919 -0.006194  0.016166  0.045398  0.077763  0.111558  0.145822  0.180517  0.215239  0.249816  0.28413   0.318051  0.351429  0.384094  0.415851  0.446482  0.475747  0.50339   0.529138  0.552713  0.57382   0.59215   0.607619  0.619876  0.628764  0.634118]]
[[[ 0.008845 -0.018216  0.027995 ...  0.057294  0.038521 -0.019412]
  [ 0.015653 -0.032055  0.048817 ... -0.109347 -0.074282  0.037663]
  [ 0.025418 -0.051443  0.076842 ...  0.161349  0.111476 -0.057086]
  ...
  [ 0.025418  0.051443  0.076842 ... -0.161349  0.111476  0.057086]
  [ 0.015653  0.032055  0.048817 ...  0.109347 -0.074282 -0.037663]
  [ 0.008845  0.018216  0.027995 ... -0.057294  0.038521  0.019412]]

 [[ 0.008847  0.018213  0.027988 ... -0.05731   0.038528  0.019412]
  [ 0.015592  0.031917  0.048601 ...  0.109494 -0.074374 -0.037704]
  [ 0.0254    0.051385  0.07675  ... -0.161432  0.111524  0.057101]
  ...
  [ 0.0254   -0.051385  0.07675  ...  0.161432  0.111524 -0.057101]
  [ 0.015592 -0.031917  0.048601 ... -0.109494 -0.074374  0.037704]
  [ 0.008847 -0.018213  0.027988 ...  0.05731   0.038528 -0.019412]]]
mo
[[ 0.011524 -0.023696  0.036325 ...  0.039022  0.026121 -0.013128]
 [ 0.021196 -0.04331   0.065716 ... -0.070552 -0.047705  0.024121]
 [ 0.033185 -0.067072  0.09998  ...  0.105467  0.072576 -0.037076]
 ...
 [ 0.033185  0.067072  0.09998  ... -0.105467  0.072576  0.037076]
 [ 0.021196  0.04331   0.065716 ...  0.070552 -0.047705 -0.024121]
 [ 0.011524  0.023696  0.036325 ... -0.039022  0.026121  0.013128]]
[[ 0.011516  0.02367   0.036281 ... -0.039013  0.026113  0.013122]
 [ 0.021135  0.043167  0.065493 ...  0.070676 -0.047784 -0.024157]
 [ 0.033188  0.067053  0.099944 ... -0.10557   0.07264   0.037103]
 ...
 [ 0.033188 -0.067053  0.099944 ...  0.10557   0.07264  -0.037103]
 [ 0.021135 -0.043167  0.065493 ... -0.070676 -0.047784  0.024157]
 [ 0.011516 -0.02367   0.036281 ...  0.039013  0.026113 -0.013122]]
