run = 0
step= 49

nparam= 51
        dense amplitude time= 0.0008974075317382812
        total non-zero amplitudes= 36
        nsamples per process= 12
self.n= 0.6360736125032082
        collect g,h time= 0.15794897079467773
E=-4.599361584888496,dE=-8.589435829264858e-09,std=0
L=-4.599361584888496,dL=-8.589435829264858e-09,std=0
        gnorm= 0.0013072646796590576
        collect S matrix time= 0.00012993812561035156
        nonzero=28,wmax=2.211865121562364,wmin=0.004408577437071321
        SR solver time= 0.00030112266540527344
        collect H matrix time= 3.266334533691406e-05
        nonzero=28,smax=4.678954377565551,smin=0.01197227918995925
        RGN solver time= 0.0004017353057861328
        xnorm=0.9596397337538113,dnorm=8.097004521340899e-05
        dense amplitude time= 0.0009379386901855469
        total non-zero amplitudes= 36
        nsamples per process= 12
self.n= 0.636074531553877
        RGN updated loss=-4.599361591929971,dloss=-7.041474958668914e-09
[ 0.085153217  -0.2171152673  0.0805724537  0.0027443121  0.0691486075
  0.0460449698 -0.2602240098]
[ 0.1735120983 -0.1213729471  0.0588948256 -0.027322953   0.0236823697
 -0.2022523015 -0.0827301321  0.0673178318 -0.0202546977 -0.1243668054
 -0.1995488702 -0.1238967791  0.0890264998  0.0156489641  0.0461174645
 -0.1756042051]
[-0.0154849804  0.0305560627 -0.0454069989 -0.0173456188 -0.2453913961
 -0.0735903781 -0.0267165392  0.0632924917  0.0122509492  0.031859532
  0.047105971  -0.0555824503 -0.0971049284 -0.0969759153 -0.0258121591
  0.1298916024  0.0019602188  0.0796597741 -0.0160423821 -0.0868956301
 -0.0559814812 -0.1594833663 -0.1637575741 -0.0482094407 -0.4866649799
 -0.3752019727  0.0713974709 -0.0042330687]

run = 1
step= 49

nparam= 51
        dense amplitude time= 0.0009627342224121094
        total non-zero amplitudes= 36
        nsamples per process= 12
self.n= 0.656082193625207
        collect g,h time= 0.16309452056884766
E=-4.598905235321843,dE=-8.309701371445044e-09,std=0
L=-4.598905235321843,dL=-8.309701371445044e-09,std=0
        gnorm= 0.001210028876866979
        collect S matrix time= 8.726119995117188e-05
        nonzero=27,wmax=2.1534233070010926,wmin=0.0044573450377767285
        SR solver time= 0.00033283233642578125
        collect H matrix time= 3.123283386230469e-05
        nonzero=27,smax=4.69699036649429,smin=0.010454761444141236
        RGN solver time= 0.00044274330139160156
        xnorm=1.1950071930215027,dnorm=6.000123262875834e-05
        dense amplitude time= 0.0009591579437255859
        total non-zero amplitudes= 36
        nsamples per process= 12
self.n= 0.6560801210122
        RGN updated loss=-4.598905242151579,dloss=-6.829735887947663e-09
[-0.1667566866 -0.1749548994 -0.0020034562  0.2507758901 -0.1275779649
  0.3787667205 -0.0626722639]
[ 0.3252178658  0.0924531324  0.0165055273 -0.105253974  -0.0037728511
  0.1003111998 -0.008135234   0.0196107789  0.1114459733  0.1708096722
 -0.1831715595 -0.0021094352  0.0262299658 -0.904519058   0.0608724827
  0.094110196 ]
[ 0.0768662665 -0.0135661354  0.1056195575  0.0586962871  0.020819873
 -0.1132646985  0.0005552704 -0.0273448075  0.0063297859 -0.0206131247
  0.0777639995  0.0687308224 -0.0129677313 -0.0726314731 -0.0798621536
  0.0025721355  0.0198177709  0.0426849796 -0.1189928454 -0.097615966
  0.0900679756 -0.0371036966 -0.0352948515  0.0560008455  0.0277253572
 -0.0368840666  0.0254244105 -0.0034524493]


run = 2
step= 49

nparam= 51
        dense amplitude time= 0.0009129047393798828
        total non-zero amplitudes= 36
        nsamples per process= 12
self.n= 0.6566349834135109
        collect g,h time= 0.1607069969177246
E=-4.598913589945971,dE=-2.2364332608049153e-12,std=0
L=-4.598913589945971,dL=-2.2364332608049153e-12,std=0
        gnorm= 0.0008232095247856007
        collect S matrix time= 4.363059997558594e-05
        nonzero=28,wmax=2.1077234604946904,wmin=0.002372210852982862
        SR solver time= 0.0003268718719482422
        collect H matrix time= 3.147125244140625e-05
        nonzero=28,smax=3.5145777112467687,smin=0.004421274999318654
        RGN solver time= 0.00044226646423339844
        xnorm=1.1404460991843655,dnorm=1.4452613079362625e-06
        dense amplitude time= 0.0010225772857666016
        total non-zero amplitudes= 36
        nsamples per process= 12
self.n= 0.6566350139747423
        RGN updated loss=-4.598913589947483,dloss=-1.5125678487493133e-12
[-0.0055000147 -0.4715043517  0.0700019782  0.1150553346 -0.2326345414
  0.1697437831 -0.1699432779]
[ 0.1547741049 -0.0310863609  0.1363858692 -0.0209051629 -0.120129198
 -0.2435511236  0.0239209196 -0.2740395249  0.0717247318  0.0045807983
  0.1916108134 -0.0894630499 -0.0798977039 -0.0013276714  0.0583255337
 -0.1677259522]
[-0.0064601454  0.0042896569 -0.3346765635 -0.0473998958  0.1708416543
  0.0286365301 -0.0037716941 -0.1738014005 -0.0075318202  0.0025971521
 -0.1890908594  0.0702192564 -0.0233609497 -0.06196313    0.0588320259
  0.0154754351 -0.0240920926  0.0315919485  0.0073919014  0.0161485894
 -0.0505298782 -0.028433147  -0.0759944076 -0.0331079945  0.3996370921
  0.5019544837  0.0135987422  0.1406450975]

run = 3
step= 49

nparam= 51
        dense amplitude time= 0.0009162425994873047
        total non-zero amplitudes= 36
        nsamples per process= 12
self.n= 0.6620129268570908
        collect g,h time= 0.15880131721496582
E=-4.600716237445161,dE=-3.4940939031002927e-12,std=0
L=-4.600716237445161,dL=-3.4940939031002927e-12,std=0
        gnorm= 0.00022455660944187524
        collect S matrix time= 4.220008850097656e-05
        nonzero=31,wmax=2.0302073659533075,wmin=0.002241711053343904
        SR solver time= 0.00034427642822265625
        collect H matrix time= 3.838539123535156e-05
        nonzero=31,smax=3.1244943529909013,smin=0.004735231679573159
        RGN solver time= 0.0004470348358154297
        xnorm=1.0901443279601992,dnorm=2.2677519322218725e-06
        dense amplitude time= 0.0009560585021972656
        total non-zero amplitudes= 36
        nsamples per process= 12
self.n= 0.6620129944855294
        RGN updated loss=-4.600716237447508,dloss=-2.347455563267431e-12
[ 0.2163921221 -0.4113093371 -0.0154080546  0.2692724004 -0.0813708266
 -0.0813522271 -0.2786016331]
[ 0.0485753478  0.0217394306  0.17835324    0.063244099  -0.0100701726
 -0.0920788946  0.0678844247 -0.0696479955  0.0436547515 -0.1254179407
  0.0092514674 -0.1717651771 -0.0590811731 -0.0021068094  0.0121043037
 -0.3349551542]
[ 0.0181948171 -0.0039419005 -0.1851423224 -0.0861044827  0.1005424517
  0.0052841601  0.0255131931 -0.1120223729 -0.0129958336 -0.0632777033
  0.0634302634  0.0311346203  0.1275506686  0.0186910795 -0.0588111886
  0.036803893  -0.1077820757 -0.2680833386  0.042987204  -0.0887903572
 -0.0856160457  0.047694068  -0.1294261461  0.0315903326  0.4668633987
  0.3914913476 -0.0305871363 -0.0190303034]

run = 4 
step= 49

nparam= 51
        dense amplitude time= 0.0009024143218994141
        total non-zero amplitudes= 36
        nsamples per process= 12
self.n= 0.6231089403576089
        collect g,h time= 0.16090607643127441
E=-4.600754787511087,dE=-1.7763568394002505e-15,std=0
L=-4.600754787511087,dL=-1.7763568394002505e-15,std=0
        gnorm= 2.0625626411917664e-05
        collect S matrix time= 8.153915405273438e-05
        nonzero=30,wmax=2.0615248967899844,wmin=0.0030348454595668563
        SR solver time= 0.0003483295440673828
        collect H matrix time= 3.62396240234375e-05
        nonzero=31,smax=3.0709797391356033,smin=0.0032516941799880027
        RGN solver time= 0.0004532337188720703
        xnorm=1.094263963326083,dnorm=2.889693318667043e-08
        dense amplitude time= 0.0009450912475585938
        total non-zero amplitudes= 36
        nsamples per process= 12
self.n= 0.623108942195948
        RGN updated loss=-4.600754787511085,dloss=1.7763568394002505e-15
        xnorm=1.094263963326083,dnorm=1.7095379748403643e-06
[ 0.1291077736 -0.289794679  -0.0058382775  0.3194017002 -0.0556592158
 -0.004614225  -0.4235861054]
[ 0.0822579508 -0.0102057586  0.1619550058 -0.0437286128 -0.0744833806
  0.0562707547  0.0405746259 -0.0398715124 -0.0202085412  0.0959243774
  0.0350061409 -0.2637425687  0.0200082423  0.0171217561 -0.0473098689
 -0.249067333 ]
[ 0.0369071205 -0.0006235253  0.0747017814  0.0531759307 -0.2285233006
 -0.0066457864 -0.0370291359  0.1681815897  0.0007296091  0.0302449907
  0.0310470821  0.0156266018  0.0410844833 -0.0399880841 -0.026429703
  0.0258323969  0.0512264078  0.2383943756  0.02359542   -0.2174616538
 -0.0526261786  0.0634698577 -0.118749855  -0.0120912553 -0.4494964344
 -0.430068377   0.0142196033  0.0762751595]
