run = 0
step= 49

nparam= 51
        dense amplitude time= 0.013899087905883789
        total non-zero amplitudes= 36
        nsamples per process= 12
self.n= 0.5791142353147354
        collect g,h time= 0.15997982025146484
E=-4.44184973743326,dE=-2.6645352591003757e-15,std=0
L=-4.44184973743326,dL=-2.6645352591003757e-15,std=0
        gnorm= 2.1115335452844295e-05
        collect S matrix time= 4.100799560546875e-05
        nonzero=31,wmax=2.157787056143158,wmin=0.0025685832550705946
        SR solver time= 0.0003790855407714844
        collect H matrix time= 4.315376281738281e-05
        nonzero=31,smax=3.068808353732916,smin=0.005029743984820476
        RGN solver time= 0.0004584789276123047
        xnorm=1.1183311337222235,dnorm=3.373729194702955e-08
        dense amplitude time= 0.0009241104125976562
        total non-zero amplitudes= 36
        nsamples per process= 12
self.n= 0.5791142337341869
        RGN updated loss=-4.441849737433261,dloss=-8.881784197001252e-16
[ 0.0758650728 -0.2294405282 -0.0021692714  0.2101418562 -0.0588031358
  0.0602265209 -0.3459202304]
[ 0.1399914983  0.0057605277  0.1305798627 -0.0476077858 -0.1126557124
  0.0211766733  0.0423471726 -0.0539661008 -0.0179728493  0.1097337258
  0.0438356025 -0.2854079399  0.0854360788  0.0290410029 -0.0754351429
 -0.2322049281]
[ 0.0419685589  0.0012186756  0.1397681385  0.0510192316 -0.2525956844
 -0.0103226018 -0.0301490833  0.2317604619  0.0123646373 -0.0000449481
  0.023080868   0.0251541459  0.0393796319 -0.0446853256 -0.0152901689
  0.0185457957  0.0491845395  0.2737575312  0.0164262025 -0.2447770688
 -0.0183435454  0.0621700887 -0.1114586988 -0.0115325861 -0.5080129262
 -0.4854458763  0.0145761447  0.0702538986]

run = 1
step= 49

nparam= 51
        dense amplitude time= 0.0008742809295654297
        total non-zero amplitudes= 36
        nsamples per process= 12
self.n= 0.5933139916638771
        collect g,h time= 0.15949034690856934
E=-4.441252856764326,dE=-2.6465508007333938e-08,std=0
L=-4.441252856764326,dL=-2.6465508007333938e-08,std=0
        gnorm= 0.0008962217557640637
        collect S matrix time= 4.982948303222656e-05
        nonzero=28,wmax=2.7062887832997964,wmin=0.0071866202273927786
        SR solver time= 0.0003228187561035156
        collect H matrix time= 3.1948089599609375e-05
        nonzero=28,smax=4.38795272857587,smin=0.014201922752547528
        RGN solver time= 0.00042819976806640625
        xnorm=1.3867976048007897,dnorm=0.00014513393363481313
        dense amplitude time= 0.0009903907775878906
        total non-zero amplitudes= 36
        nsamples per process= 12
self.n= 0.5933151689877578
        RGN updated loss=-4.441252877790709,dloss=-2.1026383301148144e-08
[-0.1304798398  0.3373620592 -0.01267352   -0.2066770491  0.0395956252
 -0.234615573   0.1737195661]
[ 0.3334679595 -0.2684130515 -0.333530294   0.2185182515  0.1326923789
  0.0369511971  0.0337225317  0.1187178005 -0.3248117253  0.0979278187
 -0.1030740052 -0.0861470932 -0.0396795769  0.9940161121  0.0119046673
 -0.1104439009]
[-0.0518692159 -0.0357238242  0.0149107728  0.0557151754  0.0460161758
  0.0123824299 -0.0315170858  0.0483357677 -0.0128443452 -0.0377616858
  0.0455068476 -0.0235999708  0.112439616   0.1560563733  0.0349166555
  0.2344067919  0.0021910075 -0.0041098113  0.0860699299 -0.1103552462
  0.0494220818 -0.0545275097 -0.0648421177  0.0073954199  0.0146940264
  0.0074140622 -0.0463037445  0.0957219784]

run = 2
step= 49

nparam= 51
        dense amplitude time= 0.0009002685546875
        total non-zero amplitudes= 36
        nsamples per process= 12
self.n= 0.6001108345098624
        collect g,h time= 0.15941691398620605
E=-4.441811058750765,dE=-2.1503172575876306e-09,std=0
L=-4.441811058750765,dL=-2.1503172575876306e-09,std=0
        gnorm= 0.0002029001453159287
        collect S matrix time= 4.220008850097656e-05
        nonzero=30,wmax=2.2825146016309654,wmin=0.002325241530452954
        SR solver time= 0.0003173351287841797
        collect H matrix time= 3.409385681152344e-05
        nonzero=30,smax=3.021827234608724,smin=0.005326318042561964
        RGN solver time= 0.00043272972106933594
        xnorm=1.0622463754172156,dnorm=5.0274241793726554e-05
        dense amplitude time= 0.0009963512420654297
        total non-zero amplitudes= 36
        nsamples per process= 12
self.n= 0.600110633291802
        RGN updated loss=-4.441811060484465,dloss=-1.7337002944373126e-09
[ 0.0742081608 -0.2566320711 -0.000025457   0.3016988678 -0.1403083234
  0.2213482115 -0.1292818631]
[ 0.2255414463 -0.0114581455  0.1012386326 -0.0276516505  0.083675668
  0.2718395123 -0.0245241681  0.1032220381 -0.0218431587 -0.0921091549
 -0.0241184238 -0.1122730979 -0.1508776022 -0.0018411368 -0.0339840689
 -0.2712969718]
[ 0.0324790754  0.0084085758 -0.0369004287  0.0535181446  0.1424716627
  0.0346523148 -0.0369805465 -0.1543918291  0.0040443845  0.1218226439
 -0.0233922458 -0.0549844446  0.0052874148  0.041933821  -0.043015735
 -0.0294388086  0.0598909811 -0.2187959156 -0.060420034  -0.0205417964
 -0.0251974972 -0.0043793929  0.0192793885  0.0176353995  0.4269392085
  0.5381005671 -0.0017319553 -0.0552799818]
