run= 0
step= 99

nparam= 49
        dense amplitude time= 0.0010323524475097656
        total non-zero amplitudes= 36
        nsamples per process= 12
self.n= 0.5625526217761732
        collect g,h time= 0.15318727493286133
E=-4.265185658194753,dE=-7.625278186651485e-11,std=0
L=-4.265185658194753,dL=-7.625278186651485e-11,std=0
        gnorm= 4.9604819529335726e-06
        collect S matrix time= 4.7206878662109375e-05
        SR solver time= 8.440017700195312e-05
        collect H matrix time= 3.218650817871094e-05
        RGN solver time= 5.4836273193359375e-05
        xnorm=3.070833968698926,dnorm=5.5711889201480665e-05
        dense amplitude time= 0.0009167194366455078
        total non-zero amplitudes= 36
        nsamples per process= 12
self.n= 0.5625572118530957
        RGN updated loss=-4.265185658258306,dloss=-6.355360682164246e-11
[ 0.1373589963 -0.1113408025  0.003839253   0.6696402164 -1.0115663121
 -2.0923926214]
[-0.334049679  -0.2169366847  0.2760521491  0.1222089194  0.167673826
 -0.4190394445  0.0890025171  0.0693313129 -0.3377629559  0.0347452228
 -0.1378921822  0.0215219156 -0.3654408315 -0.1439315635  0.0673017025
 -0.9227391636]
[ 0.1278130575  0.1349258213 -0.6763935804  0.0676353838  0.2904541256
  0.0292189197 -0.163501267  -0.6104815091 -0.0575302103  0.3422631427
  0.0707817884 -0.0399167664  0.0037588953 -0.0630306859  0.0179412856
  0.0599291858 -0.1995974133 -0.0604937781  0.0049710148 -0.3908622301
  0.0204384979  0.0573029907 -0.0523299421  0.5610337613  0.5121630206
  0.1113600872  0.171339428 ]
