R = 1.01
step= 49

nparam= 49
        dense amplitude time= 0.0008640289306640625
        total non-zero amplitudes= 36
        nsamples per process= 12
self.n= 0.02331105922957684
        collect g,h time= 0.15425515174865723
E=-4.600752969887507,dE=-1.7763568394002505e-15,std=0
L=-4.600752969887507,dL=-1.7763568394002505e-15,std=0
        gnorm= 2.519579527483066e-05
        collect S matrix time= 6.341934204101562e-05
        nonzero=24,wmax=93.53867474925997,wmin=0.09644613245098782
        SR solver time= 0.0003075599670410156
        collect H matrix time= 3.0279159545898438e-05
        nonzero=24,smax=145.68749822398613,smin=0.1499479620112767
        RGN solver time= 0.00034737586975097656
        xnorm=2.7679374534050303,dnorm=1.3712432479883121e-08
        dense amplitude time= 0.0009186267852783203
        total non-zero amplitudes= 36
        nsamples per process= 12
self.n= 0.0233110591895123
        RGN updated loss=-4.600752969887506,dloss=8.881784197001252e-16
        xnorm=2.7679374534050303,dnorm=2.032179395228717e-06
[ 0.0245856196  0.4444599008 -0.1867395358 -0.4359887096  0.1432559548
 -0.986793197 ]
[ 0.5036432036 -0.3607488854 -0.4731251171 -0.3931002833 -0.811076023
 -1.0473129182  0.0311676162 -0.4154226728  0.1603501903 -0.0778185102
 -0.4350630841 -0.2824399854 -0.4642721276 -1.0439999252 -0.1067005242
 -0.540897494 ]
[ 0.3918083932 -0.0123034926 -0.2055944923 -0.0256199486  0.1167512095
 -0.1458390859  0.2068394152 -0.321907216   0.0792051964 -0.2487852681
  0.1969517669  0.1154102397 -0.2056391889  0.1351377939 -0.1233705329
 -0.3786899786  0.0472242939  0.3844787209 -0.2289937907  0.299320153
 -0.2557842579  0.4371886319 -0.1513237513  0.2755258199  0.2031094817
 -0.1396227368 -0.4667414599]

R = 1.03
step= 49

nparam= 49
        dense amplitude time= 0.002117633819580078
        total non-zero amplitudes= 36
        nsamples per process= 12
self.n= 0.02282563297102588
        collect g,h time= 0.15689849853515625
E=-4.566717096677203,dE=-1.687538997430238e-14,std=0
L=-4.566717096677203,dL=-1.687538997430238e-14,std=0
        gnorm= 0.0012928497512790607
        collect S matrix time= 0.00015974044799804688
        nonzero=23,wmax=96.09702917222371,wmin=0.11838080354032211
        SR solver time= 0.0002651214599609375
        collect H matrix time= 3.075599670410156e-05
        nonzero=23,smax=147.19113795905966,smin=0.17760426176829072
        RGN solver time= 0.00035381317138671875
        xnorm=2.7730056011155098,dnorm=6.094064707169757e-08
        dense amplitude time= 0.0009589195251464844
        total non-zero amplitudes= 36
        nsamples per process= 12
self.n= 0.02282563265123379
        RGN updated loss=-4.566717096677213,dloss=-9.769962616701378e-15
[ 0.0330922536  0.4442799962 -0.1890652253 -0.4343662537  0.1529516218
 -0.9886918175]
[ 0.5075640265 -0.3585985599 -0.4721269012 -0.3939169892 -0.8083119584
 -1.0508832618  0.0301069043 -0.4177753938  0.1601376215 -0.0750635528
 -0.431924171  -0.2838208671 -0.4594085687 -1.0510801595 -0.1045185267
 -0.540210988 ]
[ 0.3928236663 -0.0117806542 -0.2068309282 -0.0249752935  0.1154488415
 -0.146157136   0.2078542545 -0.3228458006  0.0785670036 -0.248586688
  0.1980028635  0.1140181898 -0.2068387341  0.135854815  -0.1253819837
 -0.3787398767  0.0477804711  0.3855054742 -0.227241133   0.2991326883
 -0.2576733689  0.4400803453 -0.1524183909  0.2735749699  0.2012059933
 -0.1394139693 -0.4697885322]

R = 1.05
step= 49

nparam= 49
        dense amplitude time= 0.0008971691131591797
        total non-zero amplitudes= 36
        nsamples per process= 12
self.n= 0.0224028783541093
        collect g,h time= 0.1607954502105713
E=-4.5335472194491615,dE=-1.9273471707492718e-13,std=0
L=-4.5335472194491615,dL=-1.9273471707492718e-13,std=0
        gnorm= 0.002721955307008484
        collect S matrix time= 8.940696716308594e-05
        nonzero=23,wmax=98.51729853150906,wmin=0.12057263880144607
        SR solver time= 0.0002872943878173828
        collect H matrix time= 3.0040740966796875e-05
        nonzero=23,smax=148.43756124512308,smin=0.1798996523926049
        RGN solver time= 0.00037360191345214844
        xnorm=2.777702583681036,dnorm=1.9556600321926285e-07
        dense amplitude time= 0.0009455680847167969
        total non-zero amplitudes= 36
        nsamples per process= 12
self.n= 0.022402877854949647
        RGN updated loss=-4.533547219449267,dloss=-1.056932319443149e-13
[ 0.0420615394  0.4438238712 -0.1910546408 -0.4332004406  0.1604374846
 -0.9901570448]
[ 0.5114356068 -0.3556394665 -0.4710970914 -0.394697562  -0.8056655542
 -1.0548533183  0.0287945213 -0.4201246348  0.1598132396 -0.0718704569
 -0.4286569884 -0.2852037526 -0.4549053145 -1.057536239  -0.1020554364
 -0.5395395877]
[ 0.3938557441 -0.0120304903 -0.2082366276 -0.0241725103  0.1140316153
 -0.146227116   0.2088554881 -0.3238685147  0.0779522762 -0.2483499536
  0.19910413    0.1125696966 -0.2079145416  0.1362882143 -0.1273489275
 -0.3788245072  0.0482640435  0.3864095313 -0.2252691382  0.2989398936
 -0.2596592905  0.4429731428 -0.1534568977  0.2717103891  0.1991275433
 -0.1388519    -0.4728699061]

R = 1.07
step= 49

nparam= 49
        dense amplitude time= 0.000865936279296875
        total non-zero amplitudes= 36
        nsamples per process= 12
self.n= 0.022052243193436422
        collect g,h time= 0.155961275100708
E=-4.501249094140151,dE=-2.7959856652159942e-12,std=0
L=-4.501249094140151,dL=-2.7959856652159942e-12,std=0
        gnorm= 0.004268829768028033
        collect S matrix time= 0.00012087821960449219
        nonzero=23,wmax=100.70849122802674,wmin=0.12265754604805922
        SR solver time= 0.00028014183044433594
        collect H matrix time= 2.8848648071289062e-05
        nonzero=23,smax=149.36810829257544,smin=0.18210220526441692
        RGN solver time= 0.00036644935607910156
        xnorm=2.781987763174557,dnorm=7.117625858567165e-07
        dense amplitude time= 0.0009083747863769531
        total non-zero amplitudes= 36
        nsamples per process= 12
self.n= 0.022052251542787983
        RGN updated loss=-4.501249094141212,dloss=-1.0604850331219495e-12
[ 0.0506524707  0.4429431973 -0.1927006418 -0.4322187379  0.1676722429
 -0.9912734271]
[ 0.5150570813 -0.3529220152 -0.4698861618 -0.3958928362 -0.8029868804
 -1.058440992   0.0277755797 -0.4224649248  0.159679968  -0.0689158228
 -0.4251280365 -0.2865359657 -0.4507665912 -1.0635598784 -0.099356639
 -0.5388698003]
[ 0.3949256838 -0.0122686748 -0.2096572056 -0.0232024613  0.1125386887
 -0.1462718781  0.2097987538 -0.324893472   0.0771537673 -0.2480464537
  0.2002138205  0.111114003  -0.2090929321  0.1367990851 -0.1293442442
 -0.3789845904  0.0486597774  0.3872683127 -0.2231693497  0.2986933086
 -0.2617538756  0.4458111452 -0.1544826633  0.2699091884  0.1968622982
 -0.137934366  -0.4759741958]
