run = 0
step= 29

nparam= 38
        dense amplitude time= 0.0010898113250732422
        total non-zero amplitudes= 36
        nsamples per process= 12
self.n= 0.6079527419620618
        collect g,h time= 0.1037757396697998
E=-4.090249937722708,dE=-0.0011874358296699583,std=0
L=-4.090249937722708,dL=-0.0011874358296699583,std=0
        gnorm= 0.08659913483812723
        collect S matrix time= 3.62396240234375e-05
        nonzero=19,wmax=3.028284238168655,wmin=0.059189575490985184
        SR solver time= 0.00021648406982421875
        xnorm=1.2676245762767608,dnorm=0.009456773555389507
[ 0.26957774   -0.0371799038  0.0451682381 -0.1178761165  0.0557178654
 -0.0942483627]
[ 0.0171221637  0.2320267845 -0.6552880477  0.6429290747]
[-0.0193335584  0.0014361241  0.06448729   -0.00029579   -0.118852662
 -0.0459515818  0.020317341   0.0359928465 -0.0194960579 -0.0831217064
 -0.0524352557 -0.0164016197 -0.0112630637 -0.0034833055 -0.0166634164
  0.0068428355  0.0189503554  0.038131817   0.027035002   0.0154086986
  0.1061012957 -0.061824745   0.044952262   0.0167552238 -0.560253144
 -0.4987205926 -0.0100134673  0.013122591 ]
step= 49

nparam= 38
        dense amplitude time= 0.0183713436126709
        total non-zero amplitudes= 36
        nsamples per process= 12
self.n= 0.48534441424372576
        collect g,h time= 0.1473851203918457
E=-4.194145872686355,dE=-3.167182488361675e-05,std=0
L=-4.194145872686355,dL=-3.167182488361675e-05,std=0
        gnorm= 0.002391917007323617
        collect S matrix time= 7.987022399902344e-05
        nonzero=17,wmax=3.0844870087222294,wmin=0.17836332100365174
        SR solver time= 0.0002143383026123047
        collect H matrix time= 2.9802322387695312e-05
        nonzero=17,smax=2.7949999906839795,smin=0.17795951365303037
        RGN solver time= 0.0002586841583251953
        xnorm=1.8698468527425,dnorm=0.007576896042060184
        dense amplitude time= 0.0009243488311767578
        total non-zero amplitudes= 36
        nsamples per process= 12
self.n= 0.48618454629706775
        RGN updated loss=-4.1941806342311265,dloss=-3.4761544771555464e-05
[ 0.0250567161 -0.3162939391  0.4149703312 -0.4876782097 -0.0042789558
  0.413209563 ]
[ 0.0333345104  0.2424571871 -0.6626723328  0.647974481 ]
[-0.0110303857  0.0606350973  0.5758244938 -0.0116534737 -0.3231764758
 -0.1161693385 -0.0193374016  0.5564156967 -0.0665903667 -0.309815975
 -0.0350765717  0.00432844   -0.0758779169  0.029028017  -0.0763189945
  0.0061070488  0.0275846987  0.2206766446  0.0436876325 -0.0624493146
  0.3231319594 -0.07089636    0.0636509029 -0.0256994881 -0.6754273052
 -0.6241029593  0.0329023505  0.063229682 ]

run = 1
step= 29

nparam= 38
        dense amplitude time= 0.0010693073272705078
        total non-zero amplitudes= 36
        nsamples per process= 12
self.n= 0.613530194617058
        collect g,h time= 0.10273075103759766
E=-4.0938473847960175,dE=-0.0012387442207897337,std=0
L=-4.0938473847960175,dL=-0.0012387442207897337,std=0
        gnorm= 0.07044061068311866
        collect S matrix time= 3.838539123535156e-05
        nonzero=20,wmax=1.6226873165344673,wmin=0.0030595894558762033
        SR solver time= 0.00022792816162109375
        xnorm=0.83420802493215,dnorm=0.015076156377030085
[ 0.2679955499 -0.0671162802  0.0638880638 -0.1034899802  0.1246943564
 -0.0223781746]
[ 0.0186930203 -0.0310424022 -0.0171864902  0.0473604023]
[-0.0400323399  0.0051147014 -0.0750528821 -0.0112555035  0.1081657654
  0.0105094613  0.0088572454 -0.0739262574 -0.0122685375  0.1119200272
  0.0132312112  0.0328627211 -0.0467693709 -0.0353599469  0.0098745363
  0.0085532787  0.0136044677 -0.0944822236  0.0422072042 -0.0008227174
 -0.0878171017  0.0083432582  0.0157064172 -0.0213570112  0.531269124
  0.5012181286 -0.0070537012 -0.0085910178]
step= 49

nparam= 38
        dense amplitude time= 0.0010690689086914062
        total non-zero amplitudes= 36
        nsamples per process= 12
self.n= 0.4821250500673556
        collect g,h time= 0.145890474319458
E=-4.195524730558646,dE=-2.2403086319400245e-07,std=0
L=-4.195524730558646,dL=-2.2403086319400245e-07,std=0
        gnorm= 0.0008647899134316126
        collect S matrix time= 0.00010585784912109375
        nonzero=17,wmax=2.675853696974435,wmin=0.25858335345074096
        SR solver time= 0.00022125244140625
        collect H matrix time= 2.956390380859375e-05
        nonzero=17,smax=2.3438956053594344,smin=0.21240684173136018
        RGN solver time= 0.0002493858337402344
        xnorm=1.5634099269334776,dnorm=0.0005719434728861292
        dense amplitude time= 0.000985860824584961
        total non-zero amplitudes= 36
        nsamples per process= 12
self.n= 0.4821102761813209
        RGN updated loss=-4.195524943665011,dloss=-2.1310636455496024e-07
[ 0.0557831096 -0.2034096133  0.3511500233 -0.3907519397  0.0476649097
  0.3621431149]
[ 0.0764243825  0.0199599062  0.4418088861 -0.3435912629]
[-0.0378425643 -0.0064545545 -0.5357968879 -0.010777788   0.3064765985
 -0.05637968    0.007839821  -0.5451788871 -0.0136565725  0.3395119327
  0.0237092886  0.0345326082 -0.1131880568 -0.0218682714 -0.0366207716
  0.0093236863  0.0146144833 -0.2751758859  0.0471004577 -0.0882207107
 -0.3077410451 -0.0055311562  0.0049644586 -0.0320210551  0.5895290394
  0.5712561289  0.0112075907 -0.0109714655]

run = 2
step= 29

nparam= 38
        dense amplitude time= 0.001088857650756836
        total non-zero amplitudes= 36
        nsamples per process= 12
self.n= 0.6395874442841147
        collect g,h time= 0.10512161254882812
E=-3.9581424315448688,dE=-0.013072317963461089,std=0
L=-3.9581424315448688,dL=-0.013072317963461089,std=0
        gnorm= 0.22245353298766243
        collect S matrix time= 5.650520324707031e-05
        nonzero=20,wmax=3.9938573422045667,wmin=0.010655690218499315
        SR solver time= 0.00023865699768066406
        xnorm=3.516894255899549,dnorm=0.06466179665809581
[-0.1325432297  1.9298823232 -0.6090242113  0.7459216954  0.280403861
  0.7282403661]
[ 0.8940523033 -0.4315304436  0.0057107439  1.032477624 ]
[-0.4074039229  0.3539698075 -0.3008131589 -0.1634385251 -0.0568751991
 -1.0540449712 -0.3113209076  0.3655770067 -0.0844554216 -0.2193308303
 -0.5811893191  0.3816020961 -0.3872392007  0.0333390085 -0.5391230077
  0.0057910716  0.5421522622 -0.1626777645 -0.7197897408 -0.1426419396
  0.5844579986 -0.5832358924 -0.7203230533  0.5725264169  0.2000260743
 -0.0415972046  0.0370932904  0.1121748191]
step= 49

nparam= 38
        dense amplitude time= 0.004227399826049805
        total non-zero amplitudes= 36
        nsamples per process= 12
self.n= 0.6034017437168203
        collect g,h time= 0.15026402473449707
E=-4.096427716327399,dE=-0.0019287037611768199,std=0
L=-4.096427716327399,dL=-0.0019287037611768199,std=0
        gnorm= 0.040314376125984645
        collect S matrix time= 5.91278076171875e-05
        nonzero=19,wmax=5.024597900143482,wmin=0.03118650450956694
        SR solver time= 0.00022530555725097656
        collect H matrix time= 2.956390380859375e-05
        nonzero=19,smax=13.413905445094683,smin=0.08951513732446285
        RGN solver time= 0.0002932548522949219
        xnorm=3.785973876945196,dnorm=0.038959840878841565
        dense amplitude time= 0.001010894775390625
        total non-zero amplitudes= 36
        nsamples per process= 12
self.n= 0.6068548587926825
        RGN updated loss=-4.098508859692764,dloss=-0.0020811433653644684
[-0.0532028617  1.9189519345 -0.7036367693  0.8405342534  0.5822985858
  0.5782279596]
[ 1.0500628687 -0.3558522924  0.1164327353  1.2546254546]
[-0.6428521475  0.4655004327 -0.1802752871 -0.2654770348 -0.3750916456
 -1.0979078575 -0.311655616   0.2035106129 -0.0352946336 -0.4567862719
 -0.7366075832 -0.1012140289 -0.5039234726  0.1883419498 -0.6427921057
 -0.0248358842  0.6083254091 -0.2145915041 -0.6014337336 -0.0426728687
  0.5834169511 -0.4460902627 -0.6624335788  0.6253723778  0.2912680125
 -0.0452996984  0.06143992    0.2372576781]
step= 99

nparam= 38
        dense amplitude time= 0.001003265380859375
        total non-zero amplitudes= 36
        nsamples per process= 12
self.n= 0.6053119283338239
        collect g,h time= 0.1564469337463379
E=-4.177045142749096,dE=-8.8901693150234e-05,std=0
L=-4.177045142749096,dL=-8.8901693150234e-05,std=0
        gnorm= 0.00644813483292884
        collect S matrix time= 5.936622619628906e-05
        nonzero=18,wmax=5.159963336903083,wmin=0.03586623872990743
        SR solver time= 0.00021457672119140625
        collect H matrix time= 3.1948089599609375e-05
        nonzero=18,smax=14.21909206090035,smin=0.11084272227270626
        RGN solver time= 0.00022554397583007812
        xnorm=3.8776431411561574,dnorm=0.012599150073851767
        dense amplitude time= 0.0010151863098144531
        total non-zero amplitudes= 36
        nsamples per process= 12
self.n= 0.606096435636209
        RGN updated loss=-4.177130230472904,dloss=-8.508772380810825e-05
[-0.0081487805  1.9249461049 -0.7272893009  0.8641867851  0.6653243434
  0.6085529503]
[ 0.5063806135 -0.4953554483  0.0622969284  0.6627862753]
[-0.7388918919  0.5208054782 -0.4759478595 -0.1522132354 -0.6035420718
 -1.5332709    -0.1808494344  0.2467836147  0.0336859128 -0.3457620606
 -0.7916914721 -0.1970945108 -0.6542001932  0.6247911191 -0.6664828864
  0.2411934959  1.0437782336 -0.2203385151  0.1189924766  0.0957437791
  0.1541296963 -0.3937442131 -0.7488136284  0.3463138437  0.1494780189
 -0.1987422594  0.0509896062  0.486225218 ]

run = 3
step= 49

nparam= 38
        dense amplitude time= 0.0010211467742919922
        total non-zero amplitudes= 36
        nsamples per process= 12
self.n= 0.7430958680150425
        collect g,h time= 0.1492633819580078
E=-4.133430048574285,dE=-0.002917612290675997,std=0
L=-4.133430048574285,dL=-0.002917612290675997,std=0
        gnorm= 0.05373697236741875
        collect S matrix time= 6.747245788574219e-05
        nonzero=20,wmax=5.121960438190887,wmin=0.005417432277295235
        SR solver time= 0.0003032684326171875
        collect H matrix time= 3.361701965332031e-05
        nonzero=20,smax=14.855823811603933,smin=0.015527729520682626
        RGN solver time= 0.0002491474151611328
        xnorm=2.206940543291113,dnorm=0.04262908577517566
        dense amplitude time= 0.0011532306671142578
        total non-zero amplitudes= 36
        nsamples per process= 12
self.n= 0.7499140748226547
        RGN updated loss=-4.136334841547665,dloss=-0.00290479297338031
[ 0.2945319104 -0.1228376012 -0.045589661   0.1803880726 -0.2604520879
  0.3059508235]
[-0.1361479433  1.1584714293 -1.0078690231  1.2076598435]
[-0.182208876  -0.1300109345 -0.0995593441  0.186132739   0.0224144512
 -0.0627500751 -0.3170211807 -0.1162031584  0.3260169566  0.1035338306
 -0.137247981   0.0829914128 -0.0160356875  0.1864660876 -0.052675586
  0.3048319985 -0.1583861356 -0.1158934677  0.00632079    0.0179953197
 -0.01493571    0.2098016463  0.1140899318  0.336341502   0.0738048682
  0.0457860494 -0.1623472128 -0.0629921609]
step= 99

nparam= 38
        dense amplitude time= 0.0009603500366210938
        total non-zero amplitudes= 36
        nsamples per process= 12
self.n= 0.7032682031354477
        collect g,h time= 0.14659905433654785
E=-4.17602533250258,dE=-0.00012280487926652484,std=0
L=-4.17602533250258,dL=-0.00012280487926652484,std=0
        gnorm= 0.008151018783097394
        collect S matrix time= 5.7220458984375e-05
        nonzero=18,wmax=4.2961510330596395,wmin=0.010404137433542855
        SR solver time= 0.00021982192993164062
        collect H matrix time= 2.956390380859375e-05
        nonzero=18,smax=12.18567218581693,smin=0.03128011997767893
        RGN solver time= 0.00023102760314941406
        xnorm=2.420606638581943,dnorm=0.013481890604719321
        dense amplitude time= 0.001071929931640625
        total non-zero amplitudes= 36
        nsamples per process= 12
self.n= 0.7025928677250238
        RGN updated loss=-4.176110836540906,dloss=-8.550403832607856e-05
[ 0.2366312378 -0.0469780965  0.0401125737  0.094685838  -0.2638546714
  0.2063259717]
[-0.0051627212  1.1763300207 -0.9993274786  1.2044377526]
[-0.2526239483 -0.2636314507 -0.2039964623  0.3404354926  0.0586475701
 -0.0399681979 -0.2439985457 -0.2724062335  0.5328374333  0.1103931281
 -0.2473271143  0.067290945   0.0395826639  0.2100015374 -0.0099206634
  0.2562739569 -0.2643734016 -0.2793745283 -0.0086208264  0.0653833587
 -0.0722824215  0.3523555287 -0.1596056514  0.5483598323  0.1671129536
  0.1541371082 -0.5076216007  0.1626269975]
step= 149

nparam= 38
        dense amplitude time= 0.00093841552734375
        total non-zero amplitudes= 36
        nsamples per process= 12
self.n= 0.5885041136566235
        collect g,h time= 0.14651751518249512
E=-4.19529674597368,dE=-5.276688908040228e-05,std=0
L=-4.19529674597368,dL=-5.276688908040228e-05,std=0
        gnorm= 0.006578528003160965
        collect S matrix time= 4.100799560546875e-05
        nonzero=18,wmax=4.005955422508651,wmin=0.005282833289828753
        SR solver time= 0.00023245811462402344
        collect H matrix time= 2.956390380859375e-05
        nonzero=18,smax=11.407976913836785,smin=0.015419889747852288
        RGN solver time= 0.00023031234741210938
        xnorm=2.5754121503203664,dnorm=0.009034191395679023
        dense amplitude time= 0.0009503364562988281
        total non-zero amplitudes= 36
        nsamples per process= 12
self.n= 0.5874761258133133
        RGN updated loss=-4.195343330746411,dloss=-4.658477273089545e-05
[-0.114293401  -0.1659798796  0.1607509646 -0.025952553  -0.1480375149
  0.2386741768]
[ 0.0987515499  1.1757369176 -0.921099253   1.2690732487]
[-0.1003326272 -0.5556930667 -0.3892883817  0.3683670396 -0.0242437036
 -0.0631237655 -0.0125211683 -0.5629952149  0.4781290218  0.1820599983
 -0.2540774577 -0.1188749995  0.1014161686 -0.0819900751  0.0184846284
  0.0262004511 -0.2739176844 -0.0658301156 -0.0377839146  0.0197410935
 -0.0308052934  0.3997217969 -0.2055730714  0.5018428121  0.4589192398
  0.4804249619 -0.5915077835 -0.1289434139]
step= 199

nparam= 38
        dense amplitude time= 0.0010535717010498047
        total non-zero amplitudes= 36
        nsamples per process= 12
self.n= 0.5642259300696424
        collect g,h time= 0.14705514907836914
E=-4.1959771714907035,dE=-1.5979290308720806e-06,std=0
L=-4.1959771714907035,dL=-1.5979290308720806e-06,std=0
        gnorm= 0.001793004300572312
        collect S matrix time= 5.7697296142578125e-05
        nonzero=18,wmax=3.840461764766892,wmin=0.0063916650566687066
        SR solver time= 0.00021696090698242188
        collect H matrix time= 2.574920654296875e-05
        nonzero=18,smax=10.875674076252453,smin=0.01907684439694721
        RGN solver time= 0.0002300739288330078
        xnorm=2.535698668086707,dnorm=0.0018057997659360245
        dense amplitude time= 0.0009984970092773438
        total non-zero amplitudes= 36
        nsamples per process= 12
self.n= 0.5640376528261605
        RGN updated loss=-4.1959786682889595,dloss=-1.4967982560065707e-06
[-0.1077099958 -0.1192324578 -0.007961907   0.1427603186 -0.0305979948
  0.0250104294]
[ 0.0712198886  1.1788380678 -0.9698071984  1.2299895795]
[-0.1316550687 -0.4870698371 -0.3943970449  0.3616221704  0.0097811422
 -0.0614868801  0.0211260984 -0.5669783345  0.4714955584  0.1958360769
 -0.2426691096 -0.1364450127  0.0946222366 -0.1328166948  0.0187839754
  0.0675763539 -0.2744097309 -0.0989451641 -0.0603808774  0.0279667015
 -0.04366632    0.3940963497 -0.2303552424  0.4949400201  0.4545452278
  0.4739815712 -0.5415568328 -0.1666449107]
step= 249

nparam= 38
        dense amplitude time= 0.0010461807250976562
        total non-zero amplitudes= 36
        nsamples per process= 12
self.n= 0.5580330503456385
        collect g,h time= 0.14983630180358887
E=-4.1960062986347495,dE=-1.5227120009342343e-08,std=0
L=-4.1960062986347495,dL=-1.5227120009342343e-08,std=0
        gnorm= 0.0012719174852160353
        collect S matrix time= 3.528594970703125e-05
        nonzero=18,wmax=3.7958002927533947,wmin=0.005925206100882327
        SR solver time= 0.00027060508728027344
        collect H matrix time= 3.504753112792969e-05
        nonzero=18,smax=6.958081310523309,smin=0.011554678078062541
        RGN solver time= 0.00024962425231933594
        xnorm=2.533089098663306,dnorm=0.00023086051361635818
        dense amplitude time= 0.0010120868682861328
        total non-zero amplitudes= 36
        nsamples per process= 12
self.n= 0.5580088978243941
        RGN updated loss=-4.196006312354744,dloss=-1.3719994917948952e-08
[-0.1009997674 -0.1231687166 -0.0324283335  0.1672267451  0.0021906789
  0.0007879119]
[ 0.0641582035  1.1799479141 -0.9669934495  1.2316527254]
[-0.1394496204 -0.4732410771 -0.3956798562  0.3597290414  0.0191006005
 -0.0599239859  0.0278600786 -0.5669844167  0.4678981987  0.2010540534
 -0.2407663862 -0.1421457813  0.0927762463 -0.1448988584  0.0169663131
  0.0793343999 -0.2739041439 -0.1070802965 -0.0663454128  0.0298466971
 -0.0477239584  0.3922606681 -0.237272989   0.4919039779  0.4533101084
  0.4714400309 -0.528456582  -0.176584889 ]

run = 4
step= 99

nparam= 38
        dense amplitude time= 0.000982522964477539
        total non-zero amplitudes= 36
        nsamples per process= 12
self.n= 0.48864280917698205
        collect g,h time= 0.14559698104858398
E=-4.194761962558366,dE=-1.4670759718171666e-07,std=0
L=-4.194761962558366,dL=-1.4670759718171666e-07,std=0
        gnorm= 0.0010245458782924032
        collect S matrix time= 3.0994415283203125e-05
        nonzero=17,wmax=3.9604377087448346,wmin=0.21835539196890935
        SR solver time= 0.0002257823944091797
        collect H matrix time= 3.1948089599609375e-05
        nonzero=17,smax=6.893408717971438,smin=0.34844530820467834
        RGN solver time= 0.0002999305725097656
        xnorm=1.9313858554408494,dnorm=0.0002438466387410964
        dense amplitude time= 0.0009882450103759766
        total non-zero amplitudes= 36
        nsamples per process= 12
self.n= 0.4886123808928077
        RGN updated loss=-4.194762109299885,dloss=-1.4674151849192185e-07
[ 0.0544691658 -0.1540020556  0.3538859561 -0.3362772631  0.1236403986
  0.242162087 ]
[ 0.0382466274 -0.0110066423  0.8766724318 -0.9535351014]
[-0.0735976052 -0.1230729652 -0.480427582   0.0447061574  0.2656429974
  0.0938166995  0.0452317599 -0.6137806976  0.1541388555  0.2346450399
 -0.1485448026 -0.0324567446 -0.0406516683 -0.0483951227 -0.0255822904
 -0.0159855041 -0.1356010501 -0.3175618145 -0.0702307685 -0.0129159354
 -0.3459685374  0.0290657465  0.0103070587  0.1238591204  0.4459034765
  0.6515114246 -0.093394249  -0.0350205694]

run = 5
step= 99

nparam= 38
        dense amplitude time= 0.0010061264038085938
        total non-zero amplitudes= 36
        nsamples per process= 12
self.n= 0.4822231605384371
        collect g,h time= 0.1464095115661621
E=-4.1954341380384355,dE=-4.192202140984591e-12,std=0
L=-4.1954341380384355,dL=-4.192202140984591e-12,std=0
        gnorm= 0.0008627362997446267
        collect S matrix time= 3.266334533691406e-05
        nonzero=17,wmax=2.9474218727335226,wmin=0.25637420414065076
        SR solver time= 0.00022530555725097656
        collect H matrix time= 3.314018249511719e-05
        nonzero=17,smax=4.941607325339687,smin=0.41305515145171273
        RGN solver time= 0.00024580955505371094
        xnorm=1.7050579476865906,dnorm=1.206222282617841e-06
        dense amplitude time= 0.0009455680847167969
        total non-zero amplitudes= 36
        nsamples per process= 12
self.n= 0.4822231595902509
        RGN updated loss=-4.195434138044678,dloss=-6.24211793365248e-12
[ 0.0553475341 -0.2764549776  0.4888143315 -0.5029174946  0.1972674438
  0.339896827 ]
[ 0.0711076467  0.12025552    0.4829134679 -0.548557708 ]
[ 0.0106160459  0.0114157847 -0.5854790893 -0.003500127   0.2776870473
  0.033440872  -0.0029480253 -0.5298942937 -0.0067388113  0.3010225645
  0.004600692  -0.0132628563 -0.0084343426  0.0175171704  0.0107937466
 -0.0056048872  0.0081832192 -0.29732622   -0.0093047447 -0.0302786178
 -0.3593600923 -0.0080107434  0.0279127766 -0.0112804155  0.5387374587
  0.5691823169  0.0164525262  0.0165468074]
