run = 0
step= 29

nparam= 38
        dense amplitude time= 0.0017931461334228516
        total non-zero amplitudes= 36
        nsamples per process= 36
self.n= 0.647923963070599
        collect g,h time= 0.2996506690979004
E=-4.162435858182817,dE=-0.0008833373868757377,std=0
L=-4.162435858182817,dL=-0.0008833373868757377,std=0
        gnorm= 0.05378395355976878
        collect S matrix time= 9.775161743164062e-05
        nonzero=19,wmax=1.545294359635362,wmin=0.06048485724539649
        SR solver time= 0.00022792816162109375
        xnorm=0.7821569573422819,dnorm=0.009129776207340744
[ 0.2567283972 -0.0440916257  0.0934518877 -0.07145404    0.0589980177
 -0.0879080246]
[ 0.0230935086  0.0171211075  0.1077483116 -0.0628058314]
[-0.0077204872 -0.0068618157 -0.0330164579  0.0052995976  0.0725629788
 -0.0090357165 -0.0021266448 -0.0321334322  0.0213709915  0.1094874787
 -0.0294792373  0.0060004124 -0.0320748278 -0.0199640818 -0.0271091814
 -0.0004719329 -0.0006195065 -0.0710584162 -0.0018201332  0.0058740044
 -0.0467963132 -0.0248338841 -0.0052739029 -0.0056393612  0.5032230003
  0.4748450552  0.0099678134 -0.0094666805]
step= 49

nparam= 38
        dense amplitude time= 0.0017898082733154297
        total non-zero amplitudes= 36
        nsamples per process= 36
self.n= 0.4729635555556419
        collect g,h time= 0.2960968017578125
E=-4.238367119180649,dE=-2.5395972969022296e-07,std=0
L=-4.238367119180649,dL=-2.5395972969022296e-07,std=0
        gnorm= 0.0011699246060611933
        collect S matrix time= 5.221366882324219e-05
        xnorm=1.4958193697071993,dnorm=0.0
        nonzero=17,wmax=3.29760877475435,wmin=0.31140752528644716
        SR solver time= 0.00024962425231933594
        collect H matrix time= 3.0279159545898438e-05
        nonzero=17,smax=3.0130908741421836,smin=0.2939836396224622
        RGN solver time= 0.00029778480529785156
        xnorm=1.4958193697071993,dnorm=0.0006337423617331706
        dense amplitude time= 0.0017430782318115234
        total non-zero amplitudes= 36
        nsamples per process= 36
self.n= 0.4729814995250204
        RGN updated loss=-4.238367385661231,dloss=-2.664805824892369e-07
[ 0.0505979549 -0.2998201361  0.4552155886 -0.4332177409  0.005892797
  0.4378950798]
[ 0.0844921496  0.0148068091  0.1058656032 -0.0794606036]
[-0.0135807777 -0.0219449014 -0.5058657796  0.0132650999  0.2597711009
 -0.084003228   0.001942035  -0.51468787    0.0265977659  0.343697312
 -0.0369410129  0.0112724409 -0.1023934639 -0.0200549584 -0.0631628424
 -0.0124671132 -0.0056135799 -0.2505494799 -0.0033429993 -0.0762613178
 -0.279481958  -0.0181073863  0.011760041   0.0148291491  0.5806087279
  0.5632615949 -0.010843494  -0.0018526717]

run = 1
step= 29

nparam= 38
        dense amplitude time= 0.001074075698852539
        total non-zero amplitudes= 36
        nsamples per process= 12
self.n= 0.6369970632058685
        collect g,h time= 0.11089849472045898
E=-4.164194276171985,dE=-0.0008826676155138102,std=0
L=-4.164194276171985,dL=-0.0008826676155138102,std=0
        gnorm= 0.05676408388995937
        collect S matrix time= 8.988380432128906e-05
        nonzero=19,wmax=1.564648700469566,wmin=0.04622673640672968
        SR solver time= 0.00023555755615234375
        xnorm=0.8435330619262625,dnorm=0.00889190217289273
[ 0.2273743451 -0.1551898489  0.067885566  -0.1179937451  0.1219660503
 -0.0429122398]
[ 0.0222672185 -0.0629914229 -0.0084717057  0.0853252763]
[-0.072753594   0.0106701738  0.0155606536 -0.0311812965  0.0837033007
  0.0006879018 -0.1124799029 -0.0967543053  0.0036168486  0.034924816
 -0.0657490299  0.0227871307 -0.0789432897 -0.073666415  -0.0041069085
 -0.1159248975  0.0238848016 -0.0820140758 -0.0033192571 -0.0793696608
 -0.1025640692 -0.0557818514  0.0092335921  0.0031393521  0.5333338182
  0.46621601    0.0016555652 -0.0125336551]
step= 49

nparam= 38
        dense amplitude time= 0.0010104179382324219
        total non-zero amplitudes= 36
        nsamples per process= 12
        xnorm=1.548805137936843,dnorm=0.0
        xnorm=1.548805137936843,dnorm=0.0
self.n= 0.4713546158811046
        collect g,h time= 0.14696002006530762
E=-4.237871995335785,dE=-6.983986962083577e-07,std=0
L=-4.237871995335785,dL=-6.983986962083577e-07,std=0
        gnorm= 0.001320292763669293
        collect S matrix time= 4.1484832763671875e-05
        nonzero=17,wmax=3.3250668511233545,wmin=0.33171308515737497
        SR solver time= 0.00023794174194335938
        collect H matrix time= 3.0517578125e-05
        nonzero=17,smax=3.0476194471993954,smin=0.31619588302961465
        RGN solver time= 0.0002663135528564453
        xnorm=1.548805137936843,dnorm=0.0010758768564700886
        xnorm=1.548805137936843,dnorm=0.0
        dense amplitude time= 0.001005411148071289
        total non-zero amplitudes= 36
        nsamples per process= 12
self.n= 0.4713821221715363
        RGN updated loss=-4.237872757832771,dloss=-7.62496986439487e-07
[ 0.047085558  -0.3454083087  0.4290761309 -0.47918431    0.0345749727
  0.4457441245]
[ 0.0703976605 -0.0650191245 -0.0156531242  0.0834801619]
[-0.0619057818 -0.0165733014 -0.4490984871 -0.0218837476  0.2859966322
 -0.0471194762 -0.0973136595 -0.5645184171  0.0493238505  0.2501075844
 -0.0425558726  0.0295455115 -0.1465424233 -0.0715527939 -0.0725848235
 -0.1362477681  0.0197711545 -0.2724864372 -0.0074261107 -0.1527507156
 -0.3135661271 -0.0779333816  0.0115115334  0.0089215939  0.6258550329
  0.5619094596  0.0210734669 -0.0162366422]

run = 2
step= 29

nparam= 38
        dense amplitude time= 0.0010650157928466797
        total non-zero amplitudes= 36
        nsamples per process= 12
self.n= 0.6374354960362568
        collect g,h time= 0.10324501991271973
E=-4.164120493213813,dE=-0.0009179964341887725,std=0
L=-4.164120493213813,dL=-0.0009179964341887725,std=0
        gnorm= 0.05728598086461849
        collect S matrix time= 5.221366882324219e-05
        nonzero=20,wmax=1.5646263505150615,wmin=0.0015848268284896997
        SR solver time= 0.0002288818359375
        xnorm=0.7998676653133371,dnorm=0.029982343000463412
[ 0.237009431  -0.1016197219  0.1165392612 -0.0608075832  0.0687334208
 -0.0979639139]
[ 0.019493059  -0.0217279073 -0.0008325948 -0.0691457942]
[-0.0541266852 -0.0030437931  0.039636776  -0.0410035868 -0.0911738347
 -0.034784261  -0.017379407   0.0555144845  0.0108668237 -0.0804622316
 -0.0420098638  0.0521548602 -0.0054634365 -0.0671116854 -0.0278416538
  0.0165617649 -0.0396903195  0.0581299192  0.0513199578  0.018548563
  0.101072427  -0.0068726546 -0.0251425792  0.0100989249 -0.4656693672
 -0.5214174831 -0.0084532042  0.0458400284]
step= 49

nparam= 38
        dense amplitude time= 0.0010116100311279297
        total non-zero amplitudes= 36
        nsamples per process= 12
self.n= 0.47087873056238233
        collect g,h time= 0.14847183227539062
E=-4.238202658291629,dE=-7.516066435897528e-07,std=0
L=-4.238202658291629,dL=-7.516066435897528e-07,std=0
        gnorm= 0.0012543089442273976
        collect S matrix time= 6.151199340820312e-05
        nonzero=17,wmax=3.4105275860486928,wmin=0.32074625751300184
        SR solver time= 0.00023555755615234375
        collect H matrix time= 2.8371810913085938e-05
        nonzero=17,smax=3.127593742541823,smin=0.30720787428602225
        RGN solver time= 0.00029540061950683594
        xnorm=1.5141191871443838,dnorm=0.0010994310812564875
        dense amplitude time= 0.0009799003601074219
        total non-zero amplitudes= 36
        nsamples per process= 12
self.n= 0.47091878207062454
        RGN updated loss=-4.238203458752332,dloss=-8.004607030542843e-07
[ 0.0479931476 -0.3186760405  0.4903414524 -0.4346097743 -0.0220847376
  0.4263697838]
[ 0.0788465508 -0.0237015873 -0.0010365485 -0.079043961 ]
[-0.0379393696  0.0165852779  0.5044139245 -0.0205500487 -0.2702859953
 -0.0815174291 -0.0230663201  0.5239916291  0.0061692436 -0.3090965703
 -0.0471915685  0.0377084508 -0.0815882507 -0.0801265447 -0.0893747337
  0.0266797728 -0.049926266   0.2220113324  0.0605666456 -0.0528475871
  0.3261192265 -0.0108732371 -0.0219210091  0.0421489502 -0.545390763
 -0.6053999595 -0.0194755599  0.0209095836]

run = 3
step= 29

nparam= 38
        dense amplitude time= 0.0009765625
        total non-zero amplitudes= 36
        nsamples per process= 12
self.n= 0.8526095946431895
        collect g,h time= 0.10439801216125488
E=-4.159845798912025,dE=-0.000629206312760644,std=0
L=-4.159845798912025,dL=-0.000629206312760644,std=0
        gnorm= 0.05777832614196539
        collect S matrix time= 3.314018249511719e-05
        nonzero=20,wmax=2.7235632256416697,wmin=0.022470230755580065
        SR solver time= 0.0002243518829345703
        xnorm=1.5503563744930375,dnorm=0.013937667466996576
[ 0.2587239965 -0.0718215364  0.05529382   -0.0889314494  0.0705103998
 -0.0630810569]
[ 0.1658999358  0.8543597381  0.7874382548 -0.8281640381]
[ 0.140276066   0.0114853497 -0.0813961622  0.0026215872  0.0875966997
  0.0307278077  0.0241798304 -0.1624040281 -0.0340285689  0.0736024308
  0.1257459599 -0.0676155144 -0.1212308692 -0.0981751891 -0.0046625506
 -0.0770014155  0.0124864331 -0.1242156753  0.130472101  -0.115104247
 -0.0793934158  0.1076164264 -0.221768154   0.0012984338  0.0867789105
  0.1448391511 -0.015933793   0.0014470465]
step= 49

nparam= 38
        dense amplitude time= 0.0010335445404052734
        total non-zero amplitudes= 36
        nsamples per process= 12
self.n= 0.47665659180610737
        collect g,h time= 0.14781761169433594
E=-4.2388326758303645,dE=-3.495953482257619e-08,std=0
L=-4.2388326758303645,dL=-3.495953482257619e-08,std=0
        gnorm= 0.0004499894105928196
        collect S matrix time= 4.0531158447265625e-05
        nonzero=17,wmax=3.0267874826845005,wmin=0.296544672388889
        SR solver time= 0.00022482872009277344
        collect H matrix time= 2.86102294921875e-05
        nonzero=17,smax=2.7863319454636493,smin=0.23110627529757935
        RGN solver time= 0.0002620220184326172
        xnorm=1.6952814431160568,dnorm=0.0002300246242632926
        dense amplitude time= 0.0009512901306152344
        total non-zero amplitudes= 36
        nsamples per process= 12
self.n= 0.4766407351892895
        RGN updated loss=-4.238832710636608,dloss=-3.4806243220941724e-08
[ 0.061466223  -0.243486288   0.4684028715 -0.5020405009  0.124931683
  0.2492486128]
[ 0.0710179222  0.142091723   0.5761348658 -0.6387835069]
[-0.012006442   0.0575150321 -0.4582310281 -0.0221894345  0.2776065127
  0.0368877956 -0.0530423486 -0.5416539357 -0.0658229444  0.2789074265
  0.1442212256 -0.0072831193 -0.1357661079  0.0631399259  0.0013925463
 -0.0055011227  0.0361158599 -0.3071165263  0.077723403  -0.1083198852
 -0.2790390049  0.0868264266 -0.0991580051  0.0052337782  0.4983267562
  0.5588943931 -0.0163830402 -0.1135796029]
