nparam= 6
((0, 2), (0, 4), (2, 4))
  0       1       2
ctr = 1,3,5,6
        3,4,5

nparam= 16
[(0, 2), (0, 3), (0, 4), (0, 5), (0, 7), (2, 3), (2, 4), (2, 5), (2, 7), (3, 4), (3, 5), (3, 7), (4, 5), (4, 7), (5, 7)]
  6       7       8       9       10      11      12      13      14      15      16      17      18      19      20
ctr = 1,6
        21

nparam= 27
[(0, 1), (0, 2), (0, 3), (0, 4), (0, 5), (0, 6), (0, 7), (1, 2), (1, 3), (1, 4), (1, 5), (1, 7), (2, 3), (2, 4), (2, 5), (2, 6), (2, 7), (3, 4), (3, 5), (3, 6), (3, 7), (4, 5), (4, 6), (4, 7), (5, 6), (5, 7), (6, 7)]
step= 0

nparam= 49
ntotal configs= 36
        dense amplitude time= 0.0017666816711425781
        total non-zero amplitudes= 36
        nsamples per process= 36
self.n= 0.4172521357071416
        collect g,h time= 0.3008582592010498
E=-4.2979803117894315,dE=0,std=0
L=-4.2979803117894315,dL=0,std=0
        gnorm= 0.022653931819093705
        collect S matrix time= 0.0001595020294189453
check S= 3.630863805909986e-15
[ 0  1  2  3  4  
6  7  8  9 11 12 13 14 15 16 17 18 19 20 
22 23 25 28 29 30 31 33 35 38 39 42 44 45 47 48]
[ 5 
10 21 
24 26 27 32 34 36 37 40 41 43 46]
