run = 0
step= 99

nparam= 45
        dense amplitude time= 0.0009307861328125
        total non-zero amplitudes= 36
        nsamples per process= 12
self.n= 0.4192734569686374
        collect g,h time= 0.12555146217346191
E=-4.600756794686268,dE=-1.5680088338854148e-09,std=0
L=-4.600756794686268,dL=-1.5680088338854148e-09,std=0
        gnorm= 7.195523658178012e-06
        collect S matrix time= 5.269050598144531e-05
        SR solver time= 7.82012939453125e-05
        collect H matrix time= 3.075599670410156e-05
        RGN solver time= 4.935264587402344e-05
        xnorm=2.9831990253588105,dnorm=0.0008031153053360609
        dense amplitude time= 0.0009088516235351562
        total non-zero amplitudes= 36
        nsamples per process= 12
self.n= 0.4194633728647652
        RGN updated loss=-4.600756796080951,dloss=-1.3946825916377747e-09
[ 0.4078708543  0.0991534509  0.5746089127 -0.1538165742 -0.0122444726
 -1.3645078268 -0.3809675988 -1.2383825458]
[ 0.8554102768 -0.4961256468  0.4967979639  0.1950022444  0.1603682634
 -0.496949385   0.285511351   0.5434692681  0.6445575817  0.2466273858
  0.1197085765  0.8382738053 -0.0222377888 -0.4435107385]
[-0.3664742736  0.0378112605  0.3655766625 -0.2046766477  0.3284988941
  0.1057492266  0.3680791823 -0.3925626642 -0.1211997004 -0.030731219
 -0.0960520803  0.143210052  -0.0580133666  0.13514134    0.0929005087
  0.3356580092 -0.0457205121  0.6091276596 -0.2317893735 -0.2356570519
 -0.0631006391 -0.1321531834  0.3395000148]
step= 149

nparam= 45
        dense amplitude time= 0.0009641647338867188
        total non-zero amplitudes= 36
        nsamples per process= 12
self.n= 0.42309575672685057
        collect g,h time= 0.10577678680419922
E=-4.600756810600637,dE=-5.936584557275637e-12,std=0
L=-4.600756810600637,dL=-5.936584557275637e-12,std=0
        gnorm= 1.5834378496869242e-06
        collect S matrix time= 9.632110595703125e-05
        SR solver time= 7.581710815429688e-05
        collect H matrix time= 3.647804260253906e-05
        RGN solver time= 4.9591064453125e-05
        xnorm=2.9878118574096915,dnorm=8.569452242329069e-05
        dense amplitude time= 0.0009400844573974609
        total non-zero amplitudes= 36
        nsamples per process= 12
self.n= 0.4231170513338506
        RGN updated loss=-4.600756810613183,dloss=-1.2546408356683969e-11
[ 0.4078453093  0.0975085856  0.5738767756 -0.1532597514 -0.0116116149
 -1.3667104505 -0.378105698  -1.2444361062]
[ 0.8571011677 -0.4960392901  0.495044327   0.1988323738  0.1602261519
 -0.4952416381  0.2865627846  0.5417026266  0.6443114451  0.246432323
  0.1206931735  0.8405768992 -0.0195304523 -0.4453022297]
[-0.3743534833  0.0357119426  0.3627926762 -0.2060940236  0.3265119867
  0.1036359377  0.3711254634 -0.3958107385 -0.1207008189 -0.0311687665
 -0.0973270732  0.1440361515 -0.058200216   0.1346612242  0.0933414201
  0.3376274772 -0.0459131972  0.605828925  -0.2319367688 -0.2356038878
 -0.0641267722 -0.1282160623  0.3393785012]
