nparam= 9
[(0, 2), (0, 4), (0, 7), (2, 4), (2, 7), (4, 7)]
nparam= 10
[(3, 4), (3, 7), (0, 3), (5, 7), (2, 3), (4, 5), (0, 5), (2, 5), (3, 5)]
nparam= 12
[(0, 1), (1, 2), (1, 5), (4, 6), (1, 4), (0, 6), (6, 7), (1, 7), (2, 6), (5, 6), (3, 6), (1, 3)]
(0, 0, 0, 0) 0.001996357975612867
[[ 0.4729759097 -0.0384675993  0.4802464734 -0.0716676021  0.0126340162 -0.0742740313 -0.0418671936  0.0677341119]
 [-0.0384675993  0.4546633806  0.056267843   0.4874137137 -0.0438563623 -0.0357703091  0.0080249026  0.0495917505]
 [ 0.4802464734  0.056267843   0.5097953908  0.0302391605  0.0321839847 -0.0724563766 -0.0112970616  0.0936671719]
 [-0.0716676021  0.4874137137  0.0302391605  0.5261568072 -0.0218354103 -0.0451731282  0.0393401196  0.0403484756]
 [ 0.0126340162 -0.0438563623  0.0321839847 -0.0218354103  0.4644936731 -0.0119925636  0.4941944777  0.0277795701]
 [-0.0742740313 -0.0357703091 -0.0724563766 -0.0451731282 -0.0119925636  0.5701074766 -0.024685763   0.479838565 ]
 [-0.0418671936  0.0080249026 -0.0112970616  0.0393401196  0.4941944777 -0.024685763   0.5383740312  0.0140476154]
 [ 0.0677341119  0.0495917505  0.0936671719  0.0403484756  0.0277795701  0.479838565   0.0140476154  0.4634333309]]
[[ 1.  0. -0.  0.]
 [ 0.  1.  0. -0.]
 [-0.  0.  1. -0.]
 [-0.  0. -0.  1.]]
(0, 0, 0, 1) 0.0033223706221878757
[[ 0.4738420722 -0.0356494665  0.481921069  -0.0686541964  0.013566951  -0.0715849235 -0.040481423   0.0643144922]
 [-0.0356494665  0.4546633806  0.054614455   0.4883279754 -0.0405528757 -0.0330100202  0.0080249026  0.0492763637]
 [ 0.481921069   0.054614455   0.5101716649  0.0283367151  0.0320996206 -0.0691043312 -0.0122297196  0.0889244181]
 [-0.0686541964  0.4883279754  0.0283367151  0.5279863083 -0.0208662144 -0.0453785501  0.0367329574  0.0373130678]
 [ 0.013566951  -0.0405528757  0.0320996206 -0.0208662144  0.4645153581 -0.0114476118  0.4945948858  0.0262927535]
 [-0.0715849235 -0.0330100202 -0.0691043312 -0.0453785501 -0.0114476118  0.5646398507 -0.0231089591  0.4817758128]
 [-0.040481423   0.0080249026 -0.0122297196  0.0367329574  0.4945948858 -0.0231089591  0.5383740312  0.012933979 ]
 [ 0.0643144922  0.0492763637  0.0889244181  0.0373130678  0.0262927535  0.4817758128  0.012933979   0.465807334 ]]
[[ 0.763843636   0.1934030018  0.3778056755 -0.0156424495]
 [ 0.1934030018  0.8416103615 -0.3094083534  0.012810566 ]
 [ 0.3778056755 -0.3094083534  0.395582122   0.0250249712]
 [-0.0156424495  0.012810566   0.0250249712  0.9989638804]]
(0, 0, 1, 0) 0.006437939532765141
[[ 0.4703223521 -0.03863502    0.4788892153 -0.0718751916  0.0087734039 -0.0778782648 -0.0454028742  0.0701586136]
 [-0.03863502    0.4546633806  0.0556528144  0.4874137137 -0.0448647248 -0.0357703091  0.0080249026  0.0492524572]
 [ 0.4788892153  0.0556528144  0.5105876689  0.029769604   0.0343401645 -0.0752781705 -0.0082375429  0.0982631606]
 [-0.0718751916  0.4874137137  0.029769604   0.5261568072 -0.0228339375 -0.0451731282  0.0393401196  0.0397715407]
 [ 0.0087734039 -0.0448647248  0.0343401645 -0.0228339375  0.4637845023 -0.0157010567  0.4938352297  0.0278967509]
 [-0.0778782648 -0.0357703091 -0.0752781705 -0.0451731282 -0.0157010567  0.5701074766 -0.024685763   0.4787244281]
 [-0.0454028742  0.0080249026 -0.0082375429  0.0393401196  0.4938352297 -0.024685763   0.5383740312  0.0174209807]
 [ 0.0701586136  0.0492524572  0.0982631606  0.0397715407  0.0278967509  0.4787244281  0.0174209807  0.4660037812]]
[[ 0.7976661913  0.281290514   0.0087245971 -0.2866955994]
 [ 0.281290514   0.6089415122 -0.0121291959  0.3985727992]
 [ 0.0087245971 -0.0121291959  0.999623797   0.0123622622]
 [-0.2866955994  0.3985727992  0.0123622622  0.5937684996]]
(0, 0, 1, 1) 0.00792970789234476
[[ 0.4712245097 -0.0358351406  0.4806274483 -0.0688418884  0.0097390516 -0.0752133633 -0.0440097873  0.0667615432]
 [-0.0358351406  0.4546633806  0.0540267401  0.4883279754 -0.0415288488 -0.0330100202  0.0080249026  0.0489757866]
 [ 0.4806274483  0.0540267401  0.5110201399  0.027894616   0.0343110692 -0.0719294198 -0.0091594167  0.0935084402]
 [-0.0688418884  0.4883279754  0.027894616   0.5279863083 -0.0218084052 -0.0453785501  0.0367329574  0.0367574524]
 [ 0.0097390516 -0.0415288488  0.0343110692 -0.0218084052  0.4638428264 -0.0151742775  0.4942597668  0.0264070553]
 [-0.0752133633 -0.0330100202 -0.0719294198 -0.0453785501 -0.0151742775  0.5646398507 -0.0231089591  0.4807053581]
 [-0.0440097873  0.0080249026 -0.0091594167  0.0367329574  0.4942597668 -0.0231089591  0.5383740312  0.0163164675]
 [ 0.0667615432  0.0489757866  0.0935084402  0.0367574524  0.0264070553  0.4807053581  0.0163164675  0.4682489532]]
[[ 0.6996702011  0.3157830081  0.2743057358 -0.1875347059]
 [ 0.3157830081  0.6007377479 -0.0990205162  0.3610096056]
 [ 0.2743057358 -0.0990205162  0.2158972686 -0.2902360051]
 [-0.1875347059  0.3610096056 -0.2902360051  0.4836947825]]
(0, 1, 0, 0) 0.10526061488654215
[[ 0.4708724972 -0.0386010827  0.4791792207 -0.0718330346  0.0095783241 -0.077132069  -0.0446653722  0.0696616018]
 [-0.0386010827  0.4546633806  0.0557810965  0.4874137137 -0.0446555157 -0.0357703091  0.0080249026  0.0493240225]
 [ 0.4791792207  0.0557810965  0.5104251069  0.0298675323  0.0338968488 -0.0746895516 -0.0088715327  0.0973075631]
 [-0.0718330346  0.4874137137  0.0298675323  0.5261568072 -0.022626822  -0.0451731282  0.0393401196  0.0398924706]
 [ 0.0095783241 -0.0446555157  0.0338968488 -0.022626822   0.4639388045 -0.0149301517  0.4939157005  0.0278770998]
 [-0.077132069  -0.0357703091 -0.0746895516 -0.0451731282 -0.0149301517  0.5701074766 -0.024685763   0.4789620378]
 [-0.0446653722  0.0080249026 -0.0088715327  0.0393401196  0.4939157005 -0.024685763   0.5383740312  0.0167207641]
 [ 0.0696616018  0.0493240225  0.0973075631  0.0398924706  0.0278770998  0.4789620378  0.0167207641  0.4654618959]]
[[ 0.4805781608  0.4984841052 -0.0295645267 -0.0161965369]
 [ 0.4984841052  0.5216096353  0.0283727898  0.0155436595]
 [-0.0295645267  0.0283727898  0.998317242  -0.0009218768]
 [-0.0161965369  0.0155436595 -0.0009218768  0.9994949619]]
(0, 1, 0, 1) 0.12424208215061555
[[ 0.4717672532 -0.035797361   0.4809042414 -0.0688038191  0.0105372239 -0.0744621169 -0.0432737854  0.0662596831]
 [-0.035797361   0.4546633806  0.0541493455  0.4883279754 -0.0413263246 -0.0330100202  0.0080249026  0.0490392815]
 [ 0.4809042414  0.0541493455  0.5108458084  0.0279868124  0.0338562238 -0.0713400835 -0.0097956584  0.0925551697]
 [-0.0688038191  0.4883279754  0.0279868124  0.5279863083 -0.0216129863 -0.0453785501  0.0367329574  0.0368738889]
 [ 0.0105372239 -0.0413263246  0.0338562238 -0.0216129863  0.4639895292 -0.0143995546  0.4943352282  0.0263878333]
 [-0.0744621169 -0.0330100202 -0.0713400835 -0.0453785501 -0.0143995546  0.5646398507 -0.0231089591  0.4809339143]
 [-0.0432737854  0.0080249026 -0.0097956584  0.0367329574  0.4943352282 -0.0231089591  0.5383740312  0.0156143292]
 [ 0.0662596831  0.0490392815  0.0925551697  0.0368738889  0.0263878333  0.4809339143  0.0156143292  0.4677338385]]
[[ 0.4758480171  0.4972545952  0.0429925367 -0.0174983164]
 [ 0.4972545952  0.5207425026  0.0455925571  0.0151305947]
 [ 0.0429925367  0.0455925571  0.004280911   0.0183178961]
 [-0.0174983164  0.0151305947  0.0183178961  0.9991285693]]
(0, 1, 1, 0) 0.13798223379113955
[[ 0.46823461   -0.0387600934  0.4777470654 -0.072030945   0.0056968978 -0.0807054545 -0.0482236737  0.0720177189]
 [-0.0387600934  0.4546633806  0.0551621902  0.4874137137 -0.0456595171 -0.0357703091  0.0080249026  0.0489749427]
 [ 0.4777470654  0.0551621902  0.5111962833  0.0293951321  0.0360048085 -0.0775296538 -0.0058327155  0.1019030404]
 [-0.072030945   0.4874137137  0.0293951321  0.5261568072 -0.02362052   -0.0451731282  0.0393401196  0.0393061934]
 [ 0.0056968978 -0.0456595171  0.0360048085 -0.02362052    0.4631640316 -0.0186368699  0.4935009079  0.0279483646]
 [-0.0807054545 -0.0357703091 -0.0775296538 -0.0451731282 -0.0186368699  0.5701074766 -0.024685763   0.4777906213]
 [-0.0482236737  0.0080249026 -0.0058327155  0.0393401196  0.4935009079 -0.024685763   0.5383740312  0.0200826642]
 [ 0.0720177189  0.0489749427  0.1019030404  0.0393061934  0.0279483646  0.4777906213  0.0200826642  0.4681033795]]
[[ 0.4506175675  0.4722727114 -0.0514048273  0.1479101254]
 [ 0.4722727114  0.5007395999  0.0214743296  0.1627783532]
 [-0.0514048273  0.0214743296  0.9896581573  0.0844469415]
 [ 0.1479101254  0.1627783532  0.0844469415  0.0589846753]]
(0, 1, 1, 1) 0.1581653125744951
[[ 0.4691645633 -0.0359750779  0.4795355312 -0.0689823089  0.0066879857 -0.078059878  -0.0468249736  0.0686398798]
 [-0.0359750779  0.4546633806  0.0535577288  0.4883279754 -0.0422984134 -0.0330100202  0.0080249026  0.0487291143]
 [ 0.4795355312  0.0535577288  0.5116739972  0.0275420883  0.0360198124 -0.0741837918 -0.0067459645  0.097140235 ]
 [-0.0689823089  0.4883279754  0.0275420883  0.5279863083 -0.0225505125 -0.0453785501  0.0367329574  0.0363095147]
 [ 0.0066879857 -0.0422984134  0.0360198124 -0.0225505125  0.4632512062 -0.0181248245  0.4939444925  0.0264578492]
 [-0.078059878  -0.0330100202 -0.0741837918 -0.0453785501 -0.0181248245  0.5646398507 -0.0231089591  0.4798059011]
 [-0.0468249736  0.0080249026 -0.0067459645  0.0367329574  0.4939444925 -0.0231089591  0.5383740312  0.0189855906]
 [ 0.0686398798  0.0487291143  0.097140235   0.0363095147  0.0264578492  0.4798059011  0.0189855906  0.4702466625]]
[[0.4445161002 0.4722098591 0.0424297366 0.1487921479]
 [0.4722098591 0.5016289645 0.045073148  0.1580620346]
 [0.0424297366 0.045073148  0.0040499828 0.0142024364]
 [0.1487921479 0.1580620346 0.0142024364 0.0498049526]]
(1, 0, 0, 0) 0.1133655635281224
[[ 0.5135308411  0.0421217719  0.4763115931 -0.0064838707  0.0752770099  0.0921741927  0.0370976699 -0.0747592889]
 [ 0.0421217719  0.4546633806 -0.0000176995  0.4923822215  0.0332698627  0.041876154   0.0080249026  0.0283760425]
 [ 0.4763115931 -0.0000176995  0.4768473619 -0.0371884753 -0.0491301022  0.0654977967 -0.0950445316 -0.0739665286]
 [-0.0064838707  0.4923822215 -0.0371884753  0.5520264099 -0.0134498063 -0.0320390662 -0.0323266661 -0.0342865126]
 [ 0.0752770099  0.0332698627 -0.0491301022 -0.0134498063  0.4419710519  0.0760234899  0.481097921  -0.0054483348]
 [ 0.0921741927  0.041876154   0.0654977967 -0.0320390662  0.0760234899  0.4449513634  0.011720899   0.4748542302]
 [ 0.0370976699  0.0080249026 -0.0950445316 -0.0323266661  0.481097921   0.011720899   0.5383740312 -0.0735916582]
 [-0.0747592889  0.0283760425 -0.0739665286 -0.0342865126 -0.0054483348  0.4748542302 -0.0735916582  0.5776355602]]
[[ 0.5314812866  0.4815621748  0.130791593   0.0005996632]
 [ 0.4815621748  0.5050312366 -0.1344328031 -0.0006163577]
 [ 0.130791593  -0.1344328031  0.9634882443 -0.0001674019]
 [ 0.0005996632 -0.0006163577 -0.0001674019  0.9999992325]]
(1, 0, 0, 1) 0.13411241142988253
[[ 0.5128131679  0.0448229817  0.4747310883 -0.0046766763  0.0750924668  0.0965773608  0.0376179329 -0.0778079141]
 [ 0.0448229817  0.4546633806 -0.0029179131  0.4917878659  0.0350611234  0.0449882584  0.0080249026  0.0274599186]
 [ 0.4747310883 -0.0029179131  0.4761461048 -0.0405365859 -0.0508772464  0.0690581537 -0.0959937146 -0.0764024899]
 [-0.0046766763  0.4917878659 -0.0405365859  0.5520155757 -0.0142521677 -0.0309578394 -0.035160372  -0.0370975046]
 [ 0.0750924668  0.0350611234 -0.0508772464 -0.0142521677  0.4409489457  0.0770278407  0.4805029303 -0.0060695374]
 [ 0.0965773608  0.0449882584  0.0690581537 -0.0309578394  0.0770278407  0.4412047153  0.012879646   0.4726154828]
 [ 0.0376179329  0.0080249026 -0.0959937146 -0.035160372   0.4805029303  0.012879646   0.5383740312 -0.0744844244]
 [-0.0778079141  0.0274599186 -0.0764024899 -0.0370975046 -0.0060695374  0.4726154828 -0.0744844244  0.5838340788]]
[[ 0.5247402042  0.4967382233  0.0503883473  0.0100037121]
 [ 0.4967382233  0.4712276135  0.0440948321 -0.0218845394]
 [ 0.0503883473  0.0440948321  0.017869774   0.1143114404]
 [ 0.0100037121 -0.0218845394  0.1143114404  0.9861624083]]
(1, 0, 1, 0) 0.09187208523617843
[[ 0.51226391    0.0416629689  0.4781516201 -0.0060637743  0.0733379825  0.0877841505  0.0344654804 -0.0719421038]
 [ 0.0416629689  0.4546633806  0.0001035134  0.4923822215  0.0333410292  0.041876154   0.0080249026  0.0289635912]
 [ 0.4781516201  0.0001035134  0.4784295915 -0.0370951812 -0.0453520212  0.0635124749 -0.0914688224 -0.0712214625]
 [-0.0060637743  0.4923822215 -0.0370951812  0.5520264099 -0.0129887417 -0.0320390662 -0.0323266661 -0.034640385 ]
 [ 0.0733379825  0.0333410292 -0.0453520212 -0.0129887417  0.4437041105  0.0725948125  0.4825008217 -0.0061746228]
 [ 0.0877841505  0.041876154   0.0635124749 -0.0320390662  0.0725948125  0.4449513634  0.011720899   0.4764895127]
 [ 0.0344654804  0.0080249026 -0.0914688224 -0.0323266661  0.4825008217  0.011720899   0.5383740312 -0.0701368956]
 [-0.0719421038  0.0289635912 -0.0712214625 -0.034640385  -0.0061746228  0.4764895127 -0.0701368956  0.575587203 ]]
[[ 0.4961809389  0.4604025443  0.0929933957 -0.1713684345]
 [ 0.4604025443  0.4883610141 -0.1506512347 -0.1232811288]
 [ 0.0929933957 -0.1506512347  0.9353965974 -0.1705468758]
 [-0.1713684345 -0.1232811288 -0.1705468758  0.0800614496]]
(1, 0, 1, 1) 0.10656411723565845
[[ 0.51160197    0.0443630548  0.4766186189 -0.004223924   0.0731970339  0.0921925652  0.0349983204 -0.0750466983]
 [ 0.0443630548  0.4546633806 -0.0027759951  0.4917878659  0.0351767123  0.0449882584  0.0080249026  0.0280669832]
 [ 0.4766186189 -0.0027759951  0.4777281435 -0.0404302509 -0.0470897118  0.0670979774 -0.092416148  -0.0737293782]
 [-0.004223924   0.4917878659 -0.0404302509  0.5520155757 -0.0137352414 -0.0309578394 -0.035160372  -0.0374610685]
 [ 0.0731970339  0.0351767123 -0.0470897118 -0.0137352414  0.4427124217  0.0736233578  0.4819224827 -0.0068666274]
 [ 0.0921925652  0.0449882584  0.0670979774 -0.0309578394  0.0736233578  0.4412047153  0.012879646   0.4743130733]
 [ 0.0349983204  0.0080249026 -0.092416148  -0.035160372   0.4819224827  0.012879646   0.5383740312 -0.0710351424]
 [-0.0750466983  0.0280669832 -0.0737293782 -0.0374610685 -0.0068666274  0.4743130733 -0.0710351424  0.581699762 ]]
[[ 0.4888847444  0.4700107098  0.027400955  -0.1679749132]
 [ 0.4700107098  0.4518653319  0.0263431053 -0.1614900221]
 [ 0.027400955   0.0263431053  0.0015357655 -0.0094146383]
 [-0.1679749132 -0.1614900221 -0.0094146383  0.0577141582]]
(1, 1, 0, 0) 0.003921173419809864
[[ 0.5125292395  0.0417588018  0.4777756543 -0.0061510765  0.0737455895  0.0886957888  0.0350162531 -0.0725280371]
 [ 0.0417588018  0.4546633806  0.0000785932  0.4923822215  0.0333269286  0.041876154   0.0080249026  0.0288416307]
 [ 0.4777756543  0.0000785932  0.4780986078 -0.0371150355 -0.0461370372  0.0639283605 -0.0922111523 -0.0717973752]
 [-0.0061510765  0.4923822215 -0.0371150355  0.5520264099 -0.0130850174 -0.0320390662 -0.0323266661 -0.0345674157]
 [ 0.0737455895  0.0333269286 -0.0461370372 -0.0130850174  0.4433491275  0.0733101647  0.482214723  -0.0060265491]
 [ 0.0886957888  0.041876154   0.0639283605 -0.0320390662  0.0733101647  0.4449513634  0.011720899   0.4761554322]
 [ 0.0350162531  0.0080249026 -0.0922111523 -0.0323266661  0.482214723   0.011720899   0.5383740312 -0.0708559679]
 [-0.0725280371  0.0288416307 -0.0717973752 -0.0345674157 -0.0060265491  0.4761554322 -0.0708559679  0.5760078402]]
[[ 0.3923552795  0.4055354714 -0.086543715  -0.2578057039]
 [ 0.4055354714  0.4608929258 -0.2498149639 -0.1469833392]
 [-0.086543715  -0.2498149639  0.6352850283 -0.4022444907]
 [-0.2578057039 -0.1469833392 -0.4022444907  0.5114667664]]
(1, 1, 0, 1) 0.0037886904204917794
[[ 0.5118557     0.044459162   0.4762326794 -0.0043179888  0.0735955078  0.0931031703  0.0355464843 -0.0756211854]
 [ 0.044459162   0.4546633806 -0.002805235   0.4917878659  0.0351533995  0.0449882584  0.0080249026  0.0279409284]
 [ 0.4762326794 -0.002805235   0.4773971129 -0.0404528548 -0.0478768193  0.0675086493 -0.093158877  -0.0742903616]
 [-0.0043179888  0.4917878659 -0.0404528548  0.5520155757 -0.0138431495 -0.0309578394 -0.035160372  -0.0373861465]
 [ 0.0735955078  0.0351533995 -0.0478768193 -0.0138431495  0.4423509859  0.0743337292  0.4816329122 -0.0067039456]
 [ 0.0931031703  0.0449882584  0.0675086493 -0.0309578394  0.0743337292  0.4412047153  0.012879646   0.4739660079]
 [ 0.0355464843  0.0080249026 -0.093158877  -0.035160372   0.4816329122  0.012879646   0.5383740312 -0.0717530948]
 [-0.0756211854  0.0279409284 -0.0742903616 -0.0373861465 -0.0067039456  0.4739660079 -0.0717530948  0.5821384984]]
[[ 0.3797657989  0.3701708509  0.0010384911 -0.3138729035]
 [ 0.3701708509  0.3608183234  0.0010122532 -0.3059427682]
 [ 0.0010384911  0.0010122532  0.0000028398 -0.0008583032]
 [-0.3138729035 -0.3059427682 -0.0008583032  0.2594130379]]
(1, 1, 1, 0) 0.0007900003990304671
[[ 0.5112441555  0.0412957948  0.4795518866 -0.005731425   0.0717639153  0.0843168537  0.0323505841 -0.0697094936]
 [ 0.0412957948  0.4546633806  0.0001970789  0.4923822215  0.0333913985  0.041876154   0.0080249026  0.0294272074]
 [ 0.4795518866  0.0001970789  0.4796999173 -0.0370173503 -0.0423643881  0.061913274  -0.0886464194 -0.0690028196]
 [-0.005731425   0.4923822215 -0.0370173503  0.5520264099 -0.0126200152 -0.0320390662 -0.0323266661 -0.0349154303]
 [ 0.0717639153  0.0333913985 -0.0423643881 -0.0126200152  0.4450304166  0.0698579823  0.4835637805 -0.0067250399]
 [ 0.0843168537  0.041876154   0.061913274  -0.0320390662  0.0698579823  0.4449513634  0.011720899   0.4777336403]
 [ 0.0323505841  0.0080249026 -0.0886464194 -0.0323266661  0.4835637805  0.011720899   0.5383740312 -0.067394095 ]
 [-0.0697094936  0.0294272074 -0.0690028196 -0.0349154303 -0.0067250399  0.4777336403 -0.067394095   0.5740103256]]
[[ 0.3178172523  0.3770929383 -0.2669089041 -0.0580516943]
 [ 0.3770929383  0.4474240561 -0.3166897398 -0.0688788409]
 [-0.2669089041 -0.3166897398  0.2241551162  0.0487529044]
 [-0.0580516943 -0.0688788409  0.0487529044  0.0106035754]]
(1, 1, 1, 1) 0.0002493389051230452
[[ 0.5106264481  0.0439946397  0.4780573411 -0.0038659449  0.0716580807  0.088728928   0.0328933323 -0.0728567693]
 [ 0.0439946397  0.4546633806 -0.0026659031  0.4917878659  0.0352620584  0.0449882584  0.0080249026  0.0285463709]
 [ 0.4780573411 -0.0026659031  0.4789990686 -0.0403417623 -0.0440935049  0.0655185669 -0.0895921627 -0.0715674454]
 [-0.0038659449  0.4917878659 -0.0403417623  0.5520155757 -0.0133221183 -0.0309578394 -0.035160372  -0.0377432521]
 [ 0.0716580807  0.0352620584 -0.0440935049 -0.0133221183  0.4440639213  0.0709052616  0.4829987131 -0.0074721367]
 [ 0.088728928   0.0449882584  0.0655185669 -0.0309578394  0.0709052616  0.4412047153  0.012879646   0.4756068088]
 [ 0.0328933323  0.0080249026 -0.0895921627 -0.035160372   0.4829987131  0.012879646   0.5383740312 -0.0682965141]
 [-0.0728567693  0.0285463709 -0.0715674454 -0.0377432521 -0.0074721367  0.4756068088 -0.0682965141  0.5800528593]]
[[-0. -0. -0.  0.]
 [-0. -0. -0.  0.]
 [-0. -0. -0.  0.]
 [ 0.  0.  0. -0.]]
(0, 0, 0, 0) 1.0
[[ 0.4729759097-0.j -0.0384675993+0.j  0.4802464734-0.j -0.0716676021+0.j  0.0126340162+0.j -0.0742740313-0.j -0.0418671936+0.j  0.0677341119-0.j]
 [-0.0384675993+0.j  0.4546633806+0.j  0.056267843 +0.j  0.4874137137+0.j -0.0438563623-0.j -0.0357703091-0.j  0.0080249026-0.j  0.0495917505-0.j]
 [ 0.4802464734-0.j  0.056267843 +0.j  0.5097953908-0.j  0.0302391605+0.j  0.0321839847+0.j -0.0724563766-0.j -0.0112970616+0.j  0.0936671719-0.j]
 [-0.0716676021+0.j  0.4874137137+0.j  0.0302391605+0.j  0.5261568072+0.j -0.0218354103-0.j -0.0451731282-0.j  0.0393401196-0.j  0.0403484756-0.j]
 [ 0.0126340162-0.j -0.0438563623+0.j  0.0321839847-0.j -0.0218354103+0.j  0.4644936731-0.j -0.0119925636+0.j  0.4941944777-0.j  0.0277795701+0.j]
 [-0.0742740313-0.j -0.0357703091-0.j -0.0724563766-0.j -0.0451731282-0.j -0.0119925636+0.j  0.5701074766+0.j -0.024685763 +0.j  0.479838565 +0.j]
 [-0.0418671936-0.j  0.0080249026+0.j -0.0112970616+0.j  0.0393401196+0.j  0.4941944777-0.j -0.024685763 +0.j  0.5383740312-0.j  0.0140476154+0.j]
 [ 0.0677341119-0.j  0.0495917505+0.j  0.0936671719+0.j  0.0403484756+0.j  0.0277795701+0.j  0.479838565 +0.j  0.0140476154+0.j  0.4634333309+0.j]]
(0, 0, 0, 0) 2.1888532548055626e-05
[[ 1.          +0.j -4.808170601 -0.j -0.          -0.j -5.229904904 -0.j  0.          +0.j  0.8149648756+0.j -0.6635575752-0.j -0.          +0.j]
 [ 0.          +0.j  0.          +0.j  0.          +0.j  0.          +0.j -0.          +0.j  0.          +0.j  0.          +0.j  0.          +0.j]
 [ 0.          -0.j  4.6794777863+0.j  1.          +0.j  5.0291310567+0.j -0.          -0.j -1.1176834716-0.j  0.545230978 +0.j  0.          -0.j]
 [ 0.          +0.j  0.          +0.j  0.          +0.j  0.          +0.j  0.          +0.j  0.          +0.j  0.          +0.j -0.          +0.j]
 [ 0.          +0.j -0.2807411957-0.j -0.          -0.j -0.2442247327-0.j  1.          -0.j -0.0389924601+0.j  1.0469434522-0.j -0.          +0.j]
 [-0.          +0.j  0.          +0.j  0.          +0.j  0.          +0.j  0.          +0.j  0.          +0.j  0.          +0.j  0.          +0.j]
 [ 0.          +0.j  0.          +0.j  0.          +0.j  0.          +0.j  0.          +0.j  0.          +0.j  0.          +0.j  0.          -0.j]
 [ 0.          +0.j -0.1192095194-0.j -0.          -0.j -0.1503745654-0.j -0.          +0.j  1.1445251157+0.j -0.0456609029-0.j  1.          +0.j]]
[[ 1.+0.j  0.-0.j  0.+0.j -0.+0.j]
 [ 0.-0.j  1.+0.j -0.-0.j  0.-0.j]
 [ 0.+0.j -0.-0.j  1.-0.j -0.+0.j]
 [ 0.+0.j -0.-0.j  0.+0.j  1.+0.j]]
(0.001996357975612878-2.26479543078242e-17j)
(0, 0, 0, 1) 1.0
[[ 0.4738420722+0.j -0.0356494665+0.j  0.481921069 +0.j -0.0686541964+0.j  0.013566951 +0.j -0.0715849235-0.j -0.040481423 +0.j  0.0643144922-0.j]
 [-0.0356494665-0.j  0.4546633806-0.j  0.054614455 -0.j  0.4883279754-0.j -0.0405528757-0.j -0.0330100202-0.j  0.0080249026-0.j  0.0492763637-0.j]
 [ 0.481921069 +0.j  0.054614455 +0.j  0.5101716649+0.j  0.0283367151+0.j  0.0320996206+0.j -0.0691043312-0.j -0.0122297196+0.j  0.0889244181-0.j]
 [-0.0686541964-0.j  0.4883279754-0.j  0.0283367151-0.j  0.5279863083-0.j -0.0208662144-0.j -0.0453785501-0.j  0.0367329574-0.j  0.0373130678-0.j]
 [ 0.013566951 -0.j -0.0405528757+0.j  0.0320996206-0.j -0.0208662144+0.j  0.4645153581+0.j -0.0114476118-0.j  0.4945948858+0.j  0.0262927535+0.j]
 [-0.0715849235-0.j -0.0330100202+0.j -0.0691043312-0.j -0.0453785501+0.j -0.0114476118-0.j  0.5646398507-0.j -0.0231089591-0.j  0.4817758128-0.j]
 [-0.040481423 -0.j  0.0080249026+0.j -0.0122297196-0.j  0.0367329574+0.j  0.4945948858+0.j -0.0231089591+0.j  0.5383740312+0.j  0.012933979 +0.j]
 [ 0.0643144922-0.j  0.0492763637+0.j  0.0889244181-0.j  0.0373130678+0.j  0.0262927535-0.j  0.4817758128-0.j  0.012933979 -0.j  0.465807334 -0.j]]
(0, 0, 0, 1) 5.559890221176381e-05
[[ 0.763843636 -0.j -3.0148877261+0.j  0.1934030018+0.j -3.2736558884+0.j  0.3778056755-0.j  0.3862766566-0.j -0.          +0.j -0.0156424495-0.j]
 [-0.          +0.j  0.          +0.j -0.          +0.j  0.          +0.j -0.          +0.j  0.          +0.j -0.          +0.j  0.          +0.j]
 [ 0.1934030018+0.j  3.2503927888-0.j  0.8416103615-0.j  3.4720629487-0.j -0.3094083534+0.j -0.7514297473+0.j  0.          +0.j  0.012810566 +0.j]
 [ 0.          +0.j  0.          +0.j  0.          +0.j  0.          +0.j -0.          +0.j  0.          +0.j  0.          +0.j -0.          +0.j]
 [ 0.3778056755-0.j -3.5478127684+0.j -0.3094083534+0.j -3.8240651286+0.j  0.395582122 -0.j  0.6718762043-0.j -0.          -0.j  0.0250249712-0.j]
 [ 0.          +0.j  0.          +0.j  0.          +0.j  0.          +0.j  0.          +0.j -0.          +0.j  0.          +0.j -0.          +0.j]
 [-0.360071448 +0.j  3.1209966792-0.j  0.2948847015-0.j  3.4142830677-0.j  0.5760464563+0.j -0.6747409335+0.j  1.          -0.j -0.0238502971+0.j]
 [-0.0156424495-0.j  0.0151412616+0.j  0.012810566 +0.j -0.0096813783+0.j  0.0250249712-0.j  1.105209495 -0.j  0.          -0.j  0.9989638804-0.j]]
[[ 0.763843636 -0.j  0.1934030018+0.j  0.3778056755-0.j -0.0156424495+0.j]
 [ 0.1934030018+0.j  0.8416103615-0.j -0.3094083534+0.j  0.012810566 -0.j]
 [ 0.3778056755-0.j -0.3094083534+0.j  0.395582122 -0.j  0.0250249712+0.j]
 [-0.0156424495-0.j  0.012810566 +0.j  0.0250249712-0.j  0.9989638804-0.j]]
(0.0033223706221878623+2.356756126262212e-17j)
(0, 0, 1, 0) 1.0
[[ 0.4703223521-0.j -0.03863502  -0.j  0.4788892153-0.j -0.0718751916-0.j  0.0087734039+0.j -0.0778782648+0.j -0.0454028742+0.j  0.0701586136-0.j]
 [-0.03863502  +0.j  0.4546633806+0.j  0.0556528144+0.j  0.4874137137+0.j -0.0448647248-0.j -0.0357703091-0.j  0.0080249026-0.j  0.0492524572-0.j]
 [ 0.4788892153-0.j  0.0556528144-0.j  0.5105876689-0.j  0.029769604 -0.j  0.0343401645+0.j -0.0752781705+0.j -0.0082375429+0.j  0.0982631606-0.j]
 [-0.0718751916+0.j  0.4874137137+0.j  0.029769604 +0.j  0.5261568072+0.j -0.0228339375-0.j -0.0451731282-0.j  0.0393401196-0.j  0.0397715407-0.j]
 [ 0.0087734039-0.j -0.0448647248+0.j  0.0343401645-0.j -0.0228339375+0.j  0.4637845023-0.j -0.0157010567+0.j  0.4938352297-0.j  0.0278967509+0.j]
 [-0.0778782648+0.j -0.0357703091+0.j -0.0752781705+0.j -0.0451731282+0.j -0.0157010567-0.j  0.5701074766+0.j -0.024685763 -0.j  0.4787244281+0.j]
 [-0.0454028742-0.j  0.0080249026+0.j -0.0082375429-0.j  0.0393401196+0.j  0.4938352297-0.j -0.024685763 +0.j  0.5383740312-0.j  0.0174209807+0.j]
 [ 0.0701586136-0.j  0.0492524572+0.j  0.0982631606+0.j  0.0397715407+0.j  0.0278967509-0.j  0.4787244281+0.j  0.0174209807-0.j  0.4660037812+0.j]]
(0, 0, 1, 0) 0.00018970639784457715
[[ 0.7976661913+0.j -2.4888410737-0.j  0.281290514 -0.j -2.7178007952-0.j  0.0087245971+0.j  0.          +0.j -0.3598385106-0.j -0.2866955994-0.j]
 [ 0.          -0.j  0.          +0.j  0.          +0.j  0.          +0.j  0.          -0.j -0.          +0.j  0.          +0.j  0.          +0.j]
 [ 0.281290514 -0.j  1.441532559 -0.j  0.6089415122-0.j  1.5222683363-0.j -0.0121291959-0.j -0.          +0.j  0.1183219872-0.j  0.3985727992-0.j]
 [-0.          +0.j  0.          +0.j  0.          +0.j  0.          +0.j  0.          +0.j  0.          -0.j  0.          +0.j  0.          +0.j]
 [ 0.0087245971-0.j -0.4436649965+0.j -0.0121291959+0.j -0.4204363934+0.j  0.999623797 -0.j  0.          -0.j  1.02565334  +0.j  0.0123622622+0.j]
 [ 0.2504840007+0.j -2.8758481599-0.j -0.3482303515+0.j -3.115113622 -0.j -0.0108008246+0.j  1.          -0.j -0.3855241981+0.j  0.3549217068-0.j]
 [ 0.          +0.j  0.          +0.j  0.          +0.j  0.          +0.j  0.          +0.j  0.          +0.j  0.          +0.j  0.          +0.j]
 [-0.2866955994-0.j  3.1573394632+0.j  0.3985727992+0.j  3.3988470452+0.j  0.0123622622-0.j -0.          +0.j  0.4012575056-0.j  0.5937684996+0.j]]
[[ 0.7976661913+0.j  0.281290514 -0.j  0.0087245971+0.j -0.2866955994-0.j]
 [ 0.281290514 -0.j  0.6089415122+0.j -0.0121291959-0.j  0.3985727992-0.j]
 [ 0.0087245971-0.j -0.0121291959+0.j  0.999623797 -0.j  0.0123622622+0.j]
 [-0.2866955994-0.j  0.3985727992+0.j  0.0123622622-0.j  0.5937684996+0.j]]
(0.00643793953276517-1.143924635778356e-17j)
(0, 0, 1, 1) 1.0
[[ 0.4712245097-0.j -0.0358351406-0.j  0.4806274483-0.j -0.0688418884-0.j  0.0097390516-0.j -0.0752133633+0.j -0.0440097873-0.j  0.0667615432+0.j]
 [-0.0358351406+0.j  0.4546633806+0.j  0.0540267401+0.j  0.4883279754+0.j -0.0415288488-0.j -0.0330100202-0.j  0.0080249026-0.j  0.0489757866-0.j]
 [ 0.4806274483-0.j  0.0540267401-0.j  0.5110201399-0.j  0.027894616 -0.j  0.0343110692-0.j -0.0719294198+0.j -0.0091594167-0.j  0.0935084402+0.j]
 [-0.0688418884+0.j  0.4883279754+0.j  0.027894616 +0.j  0.5279863083+0.j -0.0218084052-0.j -0.0453785501-0.j  0.0367329574-0.j  0.0367574524-0.j]
 [ 0.0097390516-0.j -0.0415288488-0.j  0.0343110692-0.j -0.0218084052-0.j  0.4638428264-0.j -0.0151742775+0.j  0.4942597668-0.j  0.0264070553+0.j]
 [-0.0752133633-0.j -0.0330100202+0.j -0.0719294198-0.j -0.0453785501+0.j -0.0151742775-0.j  0.5646398507-0.j -0.0231089591-0.j  0.4807053581-0.j]
 [-0.0440097873-0.j  0.0080249026-0.j -0.0091594167-0.j  0.0367329574-0.j  0.4942597668-0.j -0.0231089591+0.j  0.5383740312-0.j  0.0163164675+0.j]
 [ 0.0667615432-0.j  0.0489757866+0.j  0.0935084402-0.j  0.0367574524+0.j  0.0264070553-0.j  0.4807053581-0.j  0.0163164675-0.j  0.4682489532-0.j]]
(0, 0, 1, 1) 0.0002290513048140275
[[ 0.6996702011+0.j -2.0589610043-0.j  0.3157830081-0.j -2.2407860578-0.j  0.2743057358+0.j  0.          +0.j -0.          -0.j -0.1875347059-0.j]
 [ 0.          +0.j  0.          +0.j -0.          +0.j  0.          +0.j  0.          +0.j  0.          +0.j  0.          +0.j -0.          +0.j]
 [ 0.3157830081+0.j  1.3391647445+0.j  0.6007377479+0.j  1.4075844477+0.j -0.0990205162-0.j -0.          -0.j  0.          +0.j  0.3610096056+0.j]
 [-0.          -0.j  0.          +0.j  0.          +0.j  0.          +0.j -0.          +0.j  0.          +0.j  0.          +0.j -0.          +0.j]
 [ 0.2743057358-0.j -1.9103240421-0.j -0.0990205162-0.j -2.0547862579-0.j  0.2158972686-0.j  0.          +0.j -0.          -0.j -0.2902360051-0.j]
 [ 0.1566673836-0.j -2.5029639894+0.j -0.315306634 -0.j -2.7038919666+0.j  0.2811087474-0.j  1.          +0.j -0.          -0.j  0.4647500516-0.j]
 [-0.2585990766+0.j  1.4321444205-0.j  0.085452824 -0.j  1.589856478 -0.j  0.7614545525+0.j -0.          +0.j  1.          +0.j  0.2928622355-0.j]
 [-0.1875347059+0.j  2.758102674 +0.j  0.3610096056+0.j  2.9531942806+0.j -0.2902360051-0.j -0.          -0.j  0.          +0.j  0.4836947825+0.j]]
[[ 0.6996702011+0.j  0.3157830081-0.j  0.2743057358+0.j -0.1875347059-0.j]
 [ 0.3157830081-0.j  0.6007377479+0.j -0.0990205162-0.j  0.3610096056+0.j]
 [ 0.2743057358+0.j -0.0990205162-0.j  0.2158972686+0.j -0.2902360051-0.j]
 [-0.1875347059-0.j  0.3610096056+0.j -0.2902360051-0.j  0.4836947825+0.j]]
(0.007929707892344736-1.041715647622972e-17j)
(0, 1, 0, 0) 1.0
[[ 0.4708724972-0.j -0.0386010827+0.j  0.4791792207-0.j -0.0718330346+0.j  0.0095783241+0.j -0.077132069 -0.j -0.0446653722+0.j  0.0696616018-0.j]
 [-0.0386010827+0.j  0.4546633806+0.j  0.0557810965+0.j  0.4874137137+0.j -0.0446555157-0.j -0.0357703091-0.j  0.0080249026-0.j  0.0493240225-0.j]
 [ 0.4791792207-0.j  0.0557810965+0.j  0.5104251069-0.j  0.0298675323+0.j  0.0338968488+0.j -0.0746895516-0.j -0.0088715327+0.j  0.0973075631-0.j]
 [-0.0718330346+0.j  0.4874137137+0.j  0.0298675323+0.j  0.5261568072+0.j -0.022626822 -0.j -0.0451731282-0.j  0.0393401196-0.j  0.0398924706-0.j]
 [ 0.0095783241-0.j -0.0446555157-0.j  0.0338968488-0.j -0.022626822 -0.j  0.4639388045+0.j -0.0149301517+0.j  0.4939157005+0.j  0.0278770998-0.j]
 [-0.077132069 +0.j -0.0357703091+0.j -0.0746895516+0.j -0.0451731282+0.j -0.0149301517-0.j  0.5701074766-0.j -0.024685763 -0.j  0.4789620378-0.j]
 [-0.0446653722-0.j  0.0080249026-0.j -0.0088715327-0.j  0.0393401196-0.j  0.4939157005+0.j -0.024685763 +0.j  0.5383740312+0.j  0.0167207641-0.j]
 [ 0.0696616018+0.j  0.0493240225+0.j  0.0973075631+0.j  0.0398924706+0.j  0.0278770998-0.j  0.4789620378-0.j  0.0167207641-0.j  0.4654618959-0.j]]
(0, 1, 0, 0) 0.09439314143420241
[[ 0.4805781608-0.j  0.029102253 -0.j  0.4984841052-0.j -0.          -0.j -0.0295645267-0.j -0.1878082606+0.j -0.0777490703-0.j -0.0161965369+0.j]
 [ 0.          +0.j  0.          +0.j  0.          +0.j  0.          +0.j -0.          +0.j  0.          +0.j  0.          -0.j  0.          +0.j]
 [ 0.4984841052-0.j  0.0277095968-0.j  0.5216096353-0.j  0.          -0.j  0.0283727898+0.j -0.1650011885-0.j -0.0180302677+0.j  0.0155436595-0.j]
 [-0.0992536213+0.j  0.9248980315+0.j  0.0952527385+0.j  1.          +0.j -0.0056493318+0.j -0.1905262776+0.j  0.1131039964+0.j -0.0030949121+0.j]
 [-0.0295645267-0.j -0.0549624043-0.j  0.0283727898-0.j -0.          -0.j  0.998317242 +0.j -0.0924466926+0.j  1.0744174477+0.j -0.0009218768+0.j]
 [ 0.          +0.j  0.          +0.j  0.          +0.j  0.          +0.j -0.          +0.j  0.          +0.j  0.          +0.j -0.          +0.j]
 [ 0.          +0.j  0.          +0.j  0.          +0.j  0.          +0.j  0.          +0.j  0.          +0.j  0.          +0.j -0.          -0.j]
 [-0.0161965369+0.j  0.019842837 +0.j  0.0155436595+0.j -0.          +0.j -0.0009218768-0.j  1.1134716717-0.j -0.0227135026-0.j  0.9994949619-0.j]]
[[ 0.4805781608-0.j  0.4984841052-0.j -0.0295645267+0.j -0.0161965369+0.j]
 [ 0.4984841052-0.j  0.5216096353-0.j  0.0283727898+0.j  0.0155436595+0.j]
 [-0.0295645267-0.j  0.0283727898-0.j  0.998317242 +0.j -0.0009218768+0.j]
 [-0.0161965369+0.j  0.0155436595+0.j -0.0009218768-0.j  0.9994949619-0.j]]
(0.10526061488654215+2.136437394668019e-17j)
(0, 1, 0, 1) 0.9999999999999999
[[ 0.4717672532-0.j -0.035797361 +0.j  0.4809042414-0.j -0.0688038191+0.j  0.0105372239-0.j -0.0744621169-0.j -0.0432737854-0.j  0.0662596831-0.j]
 [-0.035797361 +0.j  0.4546633806-0.j  0.0541493455+0.j  0.4883279754-0.j -0.0413263246-0.j -0.0330100202-0.j  0.0080249026-0.j  0.0490392815-0.j]
 [ 0.4809042414-0.j  0.0541493455+0.j  0.5108458084-0.j  0.0279868124+0.j  0.0338562238-0.j -0.0713400835-0.j -0.0097956584-0.j  0.0925551697-0.j]
 [-0.0688038191+0.j  0.4883279754-0.j  0.0279868124+0.j  0.5279863083-0.j -0.0216129863-0.j -0.0453785501-0.j  0.0367329574-0.j  0.0368738889+0.j]
 [ 0.0105372239-0.j -0.0413263246+0.j  0.0338562238-0.j -0.0216129863+0.j  0.4639895292-0.j -0.0143995546+0.j  0.4943352282-0.j  0.0263878333+0.j]
 [-0.0744621169-0.j -0.0330100202+0.j -0.0713400835-0.j -0.0453785501+0.j -0.0143995546+0.j  0.5646398507+0.j -0.0231089591+0.j  0.4809339143+0.j]
 [-0.0432737854-0.j  0.0080249026+0.j -0.0097956584-0.j  0.0367329574+0.j  0.4943352282-0.j -0.0231089591+0.j  0.5383740312-0.j  0.0156143292+0.j]
 [ 0.0662596831-0.j  0.0490392815+0.j  0.0925551697-0.j  0.0368738889+0.j  0.0263878333+0.j  0.4809339143+0.j  0.0156143292+0.j  0.4677338385+0.j]]
(0, 1, 0, 1) 0.10397972615195557
[[ 0.4758480171-0.j  0.0245350002+0.j  0.4972545952-0.j  0.          +0.j  0.0429925367+0.j -0.1854817055+0.j  0.          +0.j -0.0174983164+0.j]
 [ 0.          +0.j  0.          +0.j -0.          +0.j  0.          +0.j -0.          +0.j  0.          +0.j  0.          +0.j  0.          +0.j]
 [ 0.4972545952-0.j  0.0264860994-0.j  0.5207425026-0.j  0.          -0.j  0.0455925571-0.j -0.157181236 -0.j  0.          -0.j  0.0151305947-0.j]
 [-0.0870806436+0.j  0.9285098473-0.j  0.0922192842+0.j  1.          -0.j -0.1032114866+0.j -0.1725749689+0.j -0.          +0.j -0.001029377 +0.j]
 [ 0.0429925367-0.j  0.0027213143-0.j  0.0455925571-0.j  0.          -0.j  0.004280911 +0.j  0.0050632367+0.j  0.          +0.j  0.0183178961-0.j]
 [-0.          +0.j  0.          +0.j  0.          +0.j  0.          +0.j  0.          +0.j  0.          +0.j -0.          +0.j  0.          +0.j]
 [-0.0661099415+0.j -0.0491987704-0.j -0.0173453803+0.j  0.          -0.j  0.9250656506+0.j -0.0855211392+0.j  1.          +0.j -0.0178551828+0.j]
 [-0.0174983164-0.j  0.0244173098+0.j  0.0151305947-0.j -0.          +0.j  0.0183178961-0.j  1.1017741813+0.j -0.          -0.j  0.9991285693+0.j]]
[[ 0.4758480171-0.j  0.4972545952-0.j  0.0429925367-0.j -0.0174983164-0.j]
 [ 0.4972545952-0.j  0.5207425026-0.j  0.0455925571-0.j  0.0151305947-0.j]
 [ 0.0429925367-0.j  0.0455925571-0.j  0.004280911 -0.j  0.0183178961-0.j]
 [-0.0174983164-0.j  0.0151305947-0.j  0.0183178961+0.j  0.9991285693+0.j]]
(0.12424208215061562-3.058061713143538e-17j)
(0, 1, 1, 0) 0.9999999999999998
[[ 0.46823461  -0.j -0.0387600934+0.j  0.4777470654-0.j -0.072030945 +0.j  0.0056968978+0.j -0.0807054545-0.j -0.0482236737+0.j  0.0720177189-0.j]
 [-0.0387600934-0.j  0.4546633806-0.j  0.0551621902-0.j  0.4874137137-0.j -0.0456595171+0.j -0.0357703091-0.j  0.0080249026+0.j  0.0489749427-0.j]
 [ 0.4777470654-0.j  0.0551621902-0.j  0.5111962833-0.j  0.0293951321+0.j  0.0360048085+0.j -0.0775296538-0.j -0.0058327155+0.j  0.1019030404-0.j]
 [-0.072030945 -0.j  0.4874137137-0.j  0.0293951321-0.j  0.5261568072-0.j -0.02362052  +0.j -0.0451731282-0.j  0.0393401196+0.j  0.0393061934-0.j]
 [ 0.0056968978-0.j -0.0456595171-0.j  0.0360048085-0.j -0.02362052  -0.j  0.4631640316-0.j -0.0186368699+0.j  0.4935009079-0.j  0.0279483646+0.j]
 [-0.0807054545-0.j -0.0357703091-0.j -0.0775296538-0.j -0.0451731282-0.j -0.0186368699+0.j  0.5701074766+0.j -0.024685763 +0.j  0.4777906213-0.j]
 [-0.0482236737-0.j  0.0080249026-0.j -0.0058327155-0.j  0.0393401196-0.j  0.4935009079-0.j -0.024685763 +0.j  0.5383740312-0.j  0.0200826642+0.j]
 [ 0.0720177189-0.j  0.0489749427-0.j  0.1019030404-0.j  0.0393061934-0.j  0.0279483646+0.j  0.4777906213-0.j  0.0200826642+0.j  0.4681033795-0.j]]
(0, 1, 1, 0) 0.11552483652888586
[[ 0.4506175675-0.j  0.0318446558+0.j  0.4722727114-0.j  0.          +0.j -0.0514048273-0.j  0.          +0.j -0.1010069175-0.j  0.1479101254+0.j]
 [-0.          +0.j  0.          +0.j  0.          +0.j  0.          -0.j  0.          +0.j  0.          +0.j  0.          -0.j  0.          +0.j]
 [ 0.4722727114+0.j  0.0295351533+0.j  0.5007395999+0.j -0.          +0.j  0.0214743296+0.j -0.          -0.j -0.02511071  +0.j  0.1627783532-0.j]
 [-0.1277715361-0.j  0.9273889064-0.j  0.0700860028+0.j  1.          +0.j -0.0216362924+0.j -0.          -0.j  0.0975463205+0.j  0.1579620212-0.j]
 [-0.0514048273+0.j -0.0537673624+0.j  0.0214743296+0.j  0.          +0.j  0.9896581573-0.j -0.          -0.j  1.0658311059-0.j  0.0844469415-0.j]
 [-0.1493103641+0.j  0.0130736552+0.j -0.1312037773+0.j  0.          +0.j -0.0771816362+0.j  1.          -0.j -0.0816563264+0.j  0.8469895327-0.j]
 [-0.          +0.j  0.          +0.j  0.          +0.j  0.          +0.j -0.          +0.j  0.          +0.j -0.          -0.j  0.          +0.j]
 [ 0.1479101254-0.j  0.0052893308-0.j  0.1627783532-0.j -0.          -0.j  0.0844469415-0.j  0.          +0.j  0.0754278377-0.j  0.0589846753+0.j]]
[[ 0.4506175675-0.j  0.4722727114-0.j -0.0514048273+0.j  0.1479101254-0.j]
 [ 0.4722727114-0.j  0.5007395999-0.j  0.0214743296+0.j  0.1627783532-0.j]
 [-0.0514048273-0.j  0.0214743296-0.j  0.9896581573-0.j  0.0844469415-0.j]
 [ 0.1479101254-0.j  0.1627783532-0.j  0.0844469415-0.j  0.0589846753-0.j]]
(0.13798223379113958-2.6766457241715774e-18j)
(0, 1, 1, 1) 1.0000000000000004
[[ 0.4691645633-0.j -0.0359750779+0.j  0.4795355312-0.j -0.0689823089+0.j  0.0066879857+0.j -0.078059878 -0.j -0.0468249736+0.j  0.0686398798-0.j]
 [-0.0359750779-0.j  0.4546633806-0.j  0.0535577288-0.j  0.4883279754-0.j -0.0422984134-0.j -0.0330100202+0.j  0.0080249026-0.j  0.0487291143+0.j]
 [ 0.4795355312-0.j  0.0535577288+0.j  0.5116739972-0.j  0.0275420883+0.j  0.0360198124-0.j -0.0741837918-0.j -0.0067459645+0.j  0.097140235 -0.j]
 [-0.0689823089-0.j  0.4883279754-0.j  0.0275420883-0.j  0.5279863083-0.j -0.0225505125-0.j -0.0453785501+0.j  0.0367329574-0.j  0.0363095147+0.j]
 [ 0.0066879857-0.j -0.0422984134+0.j  0.0360198124-0.j -0.0225505125+0.j  0.4632512062+0.j -0.0181248245+0.j  0.4939444925+0.j  0.0264578492-0.j]
 [-0.078059878 -0.j -0.0330100202+0.j -0.0741837918-0.j -0.0453785501+0.j -0.0181248245+0.j  0.5646398507+0.j -0.0231089591+0.j  0.4798059011+0.j]
 [-0.0468249736-0.j  0.0080249026-0.j -0.0067459645-0.j  0.0367329574-0.j  0.4939444925+0.j -0.0231089591+0.j  0.5383740312+0.j  0.0189855906+0.j]
 [ 0.0686398798-0.j  0.0487291143+0.j  0.097140235 -0.j  0.0363095147+0.j  0.0264578492+0.j  0.4798059011+0.j  0.0189855906+0.j  0.4702466625+0.j]]
(0, 1, 1, 1) 0.14560054573246706
[[ 0.4445161002-0.j  0.0270562892+0.j  0.4722098591-0.j  0.          +0.j  0.0424297366-0.j -0.          -0.j  0.          -0.j  0.1487921479-0.j]
 [ 0.          +0.j  0.          -0.j -0.          +0.j  0.          +0.j -0.          +0.j  0.          +0.j -0.          +0.j  0.          +0.j]
 [ 0.4722098591-0.j  0.0287419207-0.j  0.5016289645-0.j -0.          -0.j  0.045073148 +0.j  0.          +0.j  0.          +0.j  0.1580620346+0.j]
 [-0.1127823053+0.j  0.9309773625+0.j  0.0692652285+0.j  1.          +0.j -0.1048884876-0.j  0.          +0.j  0.          -0.j  0.1470253501+0.j]
 [ 0.0424297366-0.j  0.0025825639+0.j  0.045073148 -0.j -0.          +0.j  0.0040499828+0.j -0.          +0.j  0.          +0.j  0.0142024364+0.j]
 [-0.1523888436-0.j  0.0142982222+0.j -0.1284104414-0.j -0.          +0.j -0.00284151  +0.j  1.          +0.j  0.          +0.j  0.8635975572+0.j]
 [-0.0854175105-0.j -0.0479759702+0.j -0.0223396023-0.j  0.          +0.j  0.9245475979-0.j -0.          -0.j  1.          -0.j  0.0624369509-0.j]
 [ 0.1487921479-0.j  0.0090565075-0.j  0.1580620346-0.j -0.          -0.j  0.0142024364-0.j -0.          -0.j -0.          -0.j  0.0498049526-0.j]]
[[0.4445161002-0.j 0.4722098591-0.j 0.0424297366-0.j 0.1487921479-0.j]
 [0.4722098591-0.j 0.5016289645-0.j 0.045073148 -0.j 0.1580620346-0.j]
 [0.0424297366-0.j 0.045073148 -0.j 0.0040499828-0.j 0.0142024364-0.j]
 [0.1487921479-0.j 0.1580620346-0.j 0.0142024364-0.j 0.0498049526-0.j]]
(0.15816531257449506+5.973007735087421e-18j)
(1, 0, 0, 0) 1.0
[[ 0.5135308411-0.j  0.0421217719+0.j  0.4763115931-0.j -0.0064838707+0.j  0.0752770099+0.j  0.0921741927-0.j  0.0370976699+0.j -0.0747592889-0.j]
 [ 0.0421217719-0.j  0.4546633806+0.j -0.0000176995-0.j  0.4923822215+0.j  0.0332698627-0.j  0.041876154 -0.j  0.0080249026-0.j  0.0283760425-0.j]
 [ 0.4763115931-0.j -0.0000176995+0.j  0.4768473619-0.j -0.0371884753+0.j -0.0491301022+0.j  0.0654977967+0.j -0.0950445316+0.j -0.0739665286+0.j]
 [-0.0064838707+0.j  0.4923822215+0.j -0.0371884753+0.j  0.5520264099+0.j -0.0134498063-0.j -0.0320390662+0.j -0.0323266661-0.j -0.0342865126+0.j]
 [ 0.0752770099-0.j  0.0332698627+0.j -0.0491301022-0.j -0.0134498063+0.j  0.4419710519+0.j  0.0760234899-0.j  0.481097921 +0.j -0.0054483348-0.j]
 [ 0.0921741927-0.j  0.041876154 +0.j  0.0654977967-0.j -0.0320390662+0.j  0.0760234899-0.j  0.4449513634-0.j  0.011720899 -0.j  0.4748542302-0.j]
 [ 0.0370976699-0.j  0.0080249026+0.j -0.0950445316-0.j -0.0323266661+0.j  0.481097921 +0.j  0.011720899 -0.j  0.5383740312+0.j -0.0735916582-0.j]
 [-0.0747592889+0.j  0.0283760425+0.j -0.0739665286+0.j -0.0342865126+0.j -0.0054483348-0.j  0.4748542302-0.j -0.0735916582-0.j  0.5776355602-0.j]]
(1, 0, 0, 0) 0.09411422301588596
[[ 0.5314812866-0.j  0.          +0.j  0.4815621748-0.j -0.0701826084+0.j  0.130791593 +0.j  0.1694441773-0.j  0.0889921926+0.j  0.0005996632-0.j]
 [ 0.0338160671-0.j  1.          -0.j -0.0347574992-0.j  1.1053683301-0.j -0.0094400867-0.j  0.0105639681-0.j -0.0597119019+0.j -0.0000432816+0.j]
 [ 0.4815621748+0.j  0.          -0.j  0.5050312366+0.j -0.0388982631-0.j -0.1344328031-0.j  0.1186574713+0.j -0.1995498279-0.j -0.0006163577+0.j]
 [ 0.          -0.j -0.          +0.j  0.          +0.j  0.          +0.j  0.          +0.j  0.          +0.j  0.          +0.j  0.          +0.j]
 [ 0.130791593 -0.j -0.          +0.j -0.1344328031-0.j -0.1075966313+0.j  0.9634882443-0.j  0.166149556 -0.j  1.0540987125+0.j -0.0001674019-0.j]
 [ 0.          +0.j  0.          +0.j  0.          +0.j  0.          +0.j -0.          -0.j -0.          +0.j  0.          +0.j  0.          +0.j]
 [ 0.          +0.j  0.          +0.j  0.          -0.j  0.          +0.j -0.          +0.j  0.          +0.j  0.          +0.j -0.          +0.j]
 [ 0.0005996632-0.j -0.          -0.j -0.0006163577+0.j -0.1287363353+0.j -0.0001674019-0.j  0.8602377462-0.j -0.1285606498-0.j  0.9999992325-0.j]]
[[ 0.5314812866-0.j  0.4815621748-0.j  0.130791593 +0.j  0.0005996632-0.j]
 [ 0.4815621748-0.j  0.5050312366-0.j -0.1344328031+0.j -0.0006163577-0.j]
 [ 0.130791593 -0.j -0.1344328031-0.j  0.9634882443+0.j -0.0001674019-0.j]
 [ 0.0005996632-0.j -0.0006163577+0.j -0.0001674019-0.j  0.9999992325-0.j]]
(0.11336556352812244+1.4008342156078214e-17j)
(1, 0, 0, 1) 0.9999999999999997
[[ 0.5128131679-0.j  0.0448229817-0.j  0.4747310883-0.j -0.0046766763-0.j  0.0750924668-0.j  0.0965773608+0.j  0.0376179329-0.j -0.0778079141+0.j]
 [ 0.0448229817-0.j  0.4546633806-0.j -0.0029179131-0.j  0.4917878659-0.j  0.0350611234+0.j  0.0449882584-0.j  0.0080249026+0.j  0.0274599186-0.j]
 [ 0.4747310883-0.j -0.0029179131-0.j  0.4761461048-0.j -0.0405365859-0.j -0.0508772464-0.j  0.0690581537+0.j -0.0959937146-0.j -0.0764024899+0.j]
 [-0.0046766763-0.j  0.4917878659-0.j -0.0405365859-0.j  0.5520155757-0.j -0.0142521677-0.j -0.0309578394-0.j -0.035160372 +0.j -0.0370975046-0.j]
 [ 0.0750924668-0.j  0.0350611234+0.j -0.0508772464-0.j -0.0142521677+0.j  0.4409489457+0.j  0.0770278407+0.j  0.4805029303+0.j -0.0060695374+0.j]
 [ 0.0965773608-0.j  0.0449882584+0.j  0.0690581537-0.j -0.0309578394+0.j  0.0770278407+0.j  0.4412047153+0.j  0.012879646 +0.j  0.4726154828+0.j]
 [ 0.0376179329-0.j  0.0080249026+0.j -0.0959937146-0.j -0.035160372 +0.j  0.4805029303+0.j  0.012879646 +0.j  0.5383740312+0.j -0.0744844244-0.j]
 [-0.0778079141+0.j  0.0274599186+0.j -0.0764024899+0.j -0.0370975046+0.j -0.0060695374+0.j  0.4726154828+0.j -0.0744844244+0.j  0.5838340788+0.j]]
(1, 0, 0, 1) 0.13411241142988242
[[ 0.5247402042-0.j -0.          -0.j  0.4967382233-0.j -0.0646793496-0.j  0.0503883473-0.j  0.1710705136+0.j  0.          -0.j  0.0100037121+0.j]
 [ 0.0441831178-0.j  1.          +0.j -0.0514318226-0.j  1.0995469793+0.j  0.0483334379+0.j  0.0214530507-0.j -0.          +0.j -0.0071921438-0.j]
 [ 0.4967382233-0.j -0.          +0.j  0.4712276135-0.j -0.0567313136-0.j  0.0440948321-0.j  0.1348000137+0.j -0.          -0.j -0.0218845394+0.j]
 [-0.          +0.j  0.          -0.j  0.          -0.j  0.          +0.j  0.          +0.j  0.          +0.j  0.          +0.j -0.          +0.j]
 [ 0.0503883473-0.j -0.          -0.j  0.0440948321-0.j -0.0224664313-0.j  0.017869774 -0.j  0.1145478888-0.j  0.          -0.j  0.1143114404+0.j]
 [ 0.          +0.j -0.          +0.j  0.          +0.j  0.          -0.j -0.          +0.j  0.          +0.j  0.          +0.j  0.          +0.j]
 [ 0.0775313127+0.j -0.          +0.j -0.1706064992+0.j -0.0869756906+0.j  0.8959947834+0.j  0.0519833675+0.j  1.          +0.j -0.1084321395+0.j]
 [ 0.0100037121+0.j  0.          +0.j -0.0218845394+0.j -0.1426306755+0.j  0.1143114404+0.j  0.8567558871+0.j  0.          -0.j  0.9861624083+0.j]]
[[ 0.5247402042-0.j  0.4967382233-0.j  0.0503883473+0.j  0.0100037121+0.j]
 [ 0.4967382233-0.j  0.4712276135-0.j  0.0440948321+0.j -0.0218845394+0.j]
 [ 0.0503883473-0.j  0.0440948321-0.j  0.017869774 +0.j  0.1143114404+0.j]
 [ 0.0100037121+0.j -0.0218845394+0.j  0.1143114404+0.j  0.9861624083+0.j]]
(0.1341124114298826-1.302200748421105e-17j)
(1, 0, 1, 0) 1.0
[[ 0.51226391  +0.j  0.0416629689-0.j  0.4781516201+0.j -0.0060637743-0.j  0.0733379825-0.j  0.0877841505-0.j  0.0344654804-0.j -0.0719421038-0.j]
 [ 0.0416629689-0.j  0.4546633806-0.j  0.0001035134-0.j  0.4923822215-0.j  0.0333410292-0.j  0.041876154 -0.j  0.0080249026-0.j  0.0289635912-0.j]
 [ 0.4781516201+0.j  0.0001035134-0.j  0.4784295915+0.j -0.0370951812-0.j -0.0453520212-0.j  0.0635124749-0.j -0.0914688224-0.j -0.0712214625-0.j]
 [-0.0060637743-0.j  0.4923822215-0.j -0.0370951812-0.j  0.5520264099-0.j -0.0129887417-0.j -0.0320390662-0.j -0.0323266661+0.j -0.034640385 -0.j]
 [ 0.0733379825-0.j  0.0333410292+0.j -0.0453520212-0.j -0.0129887417+0.j  0.4437041105+0.j  0.0725948125-0.j  0.4825008217+0.j -0.0061746228-0.j]
 [ 0.0877841505-0.j  0.041876154 -0.j  0.0635124749-0.j -0.0320390662-0.j  0.0725948125-0.j  0.4449513634-0.j  0.011720899 -0.j  0.4764895127+0.j]
 [ 0.0344654804-0.j  0.0080249026+0.j -0.0914688224-0.j -0.0323266661+0.j  0.4825008217+0.j  0.011720899 -0.j  0.5383740312+0.j -0.0701368956-0.j]
 [-0.0719421038-0.j  0.0289635912-0.j -0.0712214625-0.j -0.034640385 -0.j -0.0061746228-0.j  0.4764895127-0.j -0.0701368956-0.j  0.575587203 +0.j]]
(1, 0, 1, 0) 0.09187208523617849
[[ 0.4961809389-0.j  0.          -0.j  0.4604025443-0.j -0.0394681456-0.j  0.0929933957-0.j -0.          +0.j  0.0718182067-0.j -0.1713684345+0.j]
 [ 0.0318287816-0.j  1.          +0.j -0.0362696622+0.j  1.1072601406+0.j -0.0110641444-0.j -0.          -0.j -0.0604411866-0.j -0.0112897241+0.j]
 [ 0.4604025443-0.j  0.          -0.j  0.4883610141-0.j -0.0183496864-0.j -0.1506512347+0.j -0.          -0.j -0.19984018  +0.j -0.1232811288-0.j]
 [ 0.          +0.j  0.          +0.j  0.          +0.j  0.          +0.j  0.          +0.j -0.          +0.j  0.          +0.j  0.          -0.j]
 [ 0.0929933957-0.j -0.          +0.j -0.1506512347-0.j -0.0781898258+0.j  0.9353965974+0.j -0.          +0.j  1.0458766564+0.j -0.1705468758+0.j]
 [ 0.1990275506+0.j -0.          +0.j  0.1422108445+0.j -0.1790814316+0.j  0.1973741115-0.j  1.          +0.j  0.0690351125-0.j  1.0654377565+0.j]
 [ 0.          +0.j  0.          +0.j  0.          +0.j  0.          +0.j  0.          +0.j  0.          -0.j  0.          +0.j  0.          -0.j]
 [-0.1713684345-0.j -0.          -0.j -0.1232811288-0.j  0.0243068354-0.j -0.1705468758+0.j -0.          -0.j -0.1804923241+0.j  0.0800614496-0.j]]
[[ 0.4961809389+0.j  0.4604025443+0.j  0.0929933957-0.j -0.1713684345+0.j]
 [ 0.4604025443+0.j  0.4883610141+0.j -0.1506512347-0.j -0.1232811288+0.j]
 [ 0.0929933957-0.j -0.1506512347-0.j  0.9353965974+0.j -0.1705468758-0.j]
 [-0.1713684345-0.j -0.1232811288+0.j -0.1705468758-0.j  0.0800614496+0.j]]
(0.09187208523617843-3.6068820886136234e-17j)
(1, 0, 1, 1) 0.9999999999999998
[[ 0.51160197  -0.j  0.0443630548-0.j  0.4766186189+0.j -0.004223924 -0.j  0.0731970339-0.j  0.0921925652+0.j  0.0349983204-0.j -0.0750466983+0.j]
 [ 0.0443630548-0.j  0.4546633806-0.j -0.0027759951-0.j  0.4917878659-0.j  0.0351767123+0.j  0.0449882584+0.j  0.0080249026+0.j  0.0280669832+0.j]
 [ 0.4766186189-0.j -0.0027759951-0.j  0.4777281435-0.j -0.0404302509-0.j -0.0470897118-0.j  0.0670979774-0.j -0.092416148 -0.j -0.0737293782+0.j]
 [-0.004223924 -0.j  0.4917878659-0.j -0.0404302509-0.j  0.5520155757-0.j -0.0137352414+0.j -0.0309578394+0.j -0.035160372 +0.j -0.0374610685+0.j]
 [ 0.0731970339+0.j  0.0351767123-0.j -0.0470897118+0.j -0.0137352414-0.j  0.4427124217-0.j  0.0736233578+0.j  0.4819224827-0.j -0.0068666274+0.j]
 [ 0.0921925652+0.j  0.0449882584-0.j  0.0670979774+0.j -0.0309578394-0.j  0.0736233578-0.j  0.4412047153+0.j  0.012879646 -0.j  0.4743130733+0.j]
 [ 0.0349983204+0.j  0.0080249026+0.j -0.092416148 +0.j -0.035160372 +0.j  0.4819224827-0.j  0.012879646 +0.j  0.5383740312-0.j -0.0710351424+0.j]
 [-0.0750466983+0.j  0.0280669832+0.j -0.0737293782+0.j -0.0374610685+0.j -0.0068666274-0.j  0.4743130733+0.j -0.0710351424-0.j  0.581699762 +0.j]]
(1, 0, 1, 1) 0.08731468535111973
[[ 0.4888847444-0.j -0.          +0.j  0.4700107098-0.j -0.0338214927+0.j  0.027400955 +0.j -0.          -0.j  0.          +0.j -0.1679749132-0.j]
 [ 0.0395678214-0.j  1.          +0.j -0.0545516463+0.j  1.1034209322+0.j  0.0461014261-0.j  0.          -0.j -0.          -0.j -0.0299600132-0.j]
 [ 0.4700107098-0.j  0.          -0.j  0.4518653319-0.j -0.0325157697-0.j  0.0263431053+0.j -0.          -0.j -0.          +0.j -0.1614900221-0.j]
 [ 0.          +0.j  0.          +0.j -0.          +0.j -0.          +0.j  0.          +0.j  0.          -0.j  0.          +0.j  0.          -0.j]
 [ 0.027400955 -0.j -0.          -0.j  0.0263431053-0.j -0.0018956231-0.j  0.0015357655-0.j -0.          -0.j  0.          -0.j -0.0094146383+0.j]
 [ 0.2054935198-0.j  0.          -0.j  0.1649635071+0.j -0.1805781847+0.j  0.1362816902-0.j  1.          -0.j  0.          -0.j  1.0818967368-0.j]
 [ 0.0617104152+0.j  0.          -0.j -0.1726676548+0.j -0.0775886285-0.j  0.8913206921+0.j -0.          +0.j  1.          +0.j -0.1581386635+0.j]
 [-0.1679749132+0.j -0.          +0.j -0.1614900221+0.j  0.0116206578-0.j -0.0094146383-0.j -0.          +0.j  0.          -0.j  0.0577141582+0.j]]
[[ 0.4888847444-0.j  0.4700107098-0.j  0.027400955 -0.j -0.1679749132+0.j]
 [ 0.4700107098-0.j  0.4518653319-0.j  0.0263431053-0.j -0.1614900221+0.j]
 [ 0.027400955 -0.j  0.0263431053-0.j  0.0015357655-0.j -0.0094146383+0.j]
 [-0.1679749132+0.j -0.1614900221+0.j -0.0094146383+0.j  0.0577141582-0.j]]
(0.10656411723565844-1.7829151986384106e-17j)
(1, 1, 0, 0) 1.0
[[ 0.5125292395+0.j  0.0417588018-0.j  0.4777756543+0.j -0.0061510765-0.j  0.0737455895-0.j  0.0886957888+0.j  0.0350162531-0.j -0.0725280371+0.j]
 [ 0.0417588018-0.j  0.4546633806-0.j  0.0000785932-0.j  0.4923822215-0.j  0.0333269286+0.j  0.041876154 -0.j  0.0080249026+0.j  0.0288416307-0.j]
 [ 0.4777756543-0.j  0.0000785932-0.j  0.4780986078+0.j -0.0371150355-0.j -0.0461370372-0.j  0.0639283605+0.j -0.0922111523-0.j -0.0717973752+0.j]
 [-0.0061510765-0.j  0.4923822215-0.j -0.0371150355-0.j  0.5520264099-0.j -0.0130850174+0.j -0.0320390662-0.j -0.0323266661+0.j -0.0345674157-0.j]
 [ 0.0737455895+0.j  0.0333269286+0.j -0.0461370372+0.j -0.0130850174+0.j  0.4433491275-0.j  0.0733101647+0.j  0.482214723 -0.j -0.0060265491+0.j]
 [ 0.0886957888+0.j  0.041876154 +0.j  0.0639283605+0.j -0.0320390662+0.j  0.0733101647-0.j  0.4449513634-0.j  0.011720899 -0.j  0.4761554322-0.j]
 [ 0.0350162531+0.j  0.0080249026+0.j -0.0922111523+0.j -0.0323266661+0.j  0.482214723 -0.j  0.011720899 +0.j  0.5383740312-0.j -0.0708559679+0.j]
 [-0.0725280371+0.j  0.0288416307+0.j -0.0717973752+0.j -0.0345674157+0.j -0.0060265491+0.j  0.4761554322-0.j -0.0708559679+0.j  0.5760078402-0.j]]
(1, 1, 0, 0) 7.36601565178238e-05
[[ 0.3923552795+0.j  0.          +0.j  0.4055354714+0.j  0.          +0.j -0.086543715 -0.j -0.1254095582-0.j -0.1052617883-0.j -0.2578057039-0.j]
 [ 2.2304648285-0.j  1.          -0.j  1.2106519452-0.j -0.          -0.j  3.4102126939+0.j  4.6485036759+0.j  2.9874503302+0.j  4.1541535608+0.j]
 [ 0.4055354714+0.j  0.          +0.j  0.4608929258+0.j  0.          +0.j -0.2498149639-0.j -0.0475532561-0.j -0.3009066176-0.j -0.1469833392-0.j]
 [-1.9871722012+0.j  0.          +0.j -1.1266991017+0.j  1.          +0.j -3.0933469018-0.j -4.1958319064-0.j -2.7566939899-0.j -3.7581954482-0.j]
 [-0.086543715 +0.j  0.          +0.j -0.2498149639+0.j  0.          +0.j  0.6352850283-0.j -0.2876868045-0.j  0.7613925159-0.j -0.4022444907-0.j]
 [ 0.          +0.j  0.          +0.j  0.          -0.j -0.          +0.j -0.          -0.j -0.          +0.j  0.          +0.j  0.          +0.j]
 [ 0.          +0.j -0.          +0.j  0.          -0.j -0.          +0.j  0.          -0.j  0.          +0.j  0.          +0.j  0.          -0.j]
 [-0.2578057039+0.j  0.          +0.j -0.1469833392+0.j  0.          +0.j -0.4022444907-0.j  0.3173607389-0.j -0.4808282831-0.j  0.5114667664-0.j]]
[[ 0.3923552795-0.j  0.4055354714-0.j -0.086543715 -0.j -0.2578057039+0.j]
 [ 0.4055354714-0.j  0.4608929258-0.j -0.2498149639-0.j -0.1469833392+0.j]
 [-0.086543715 +0.j -0.2498149639+0.j  0.6352850283-0.j -0.4022444907+0.j]
 [-0.2578057039-0.j -0.1469833392-0.j -0.4022444907+0.j  0.5114667664-0.j]]
(0.0039211734198098674+1.9369666186451676e-19j)
skew-symmetry gxy_= 2.9345157014686366e-09
skew-symmetry gxy_= 3.266406728939187e-09
skew-symmetry gxy_= 1.285976528971508e-09
(1, 1, 0, 1) 1.0000000000000002
[[ 0.5118557   -0.j  0.044459162 -0.j  0.4762326794-0.j -0.0043179888-0.j  0.0735955078+0.j  0.0931031703-0.j  0.0355464843+0.j -0.0756211854-0.j]
 [ 0.044459162 -0.j  0.4546633806+0.j -0.002805235 -0.j  0.4917878659+0.j  0.0351533995-0.j  0.0449882584+0.j  0.0080249026-0.j  0.0279409284+0.j]
 [ 0.4762326794-0.j -0.002805235 +0.j  0.4773971129-0.j -0.0404528548+0.j -0.0478768193+0.j  0.0675086493-0.j -0.093158877 +0.j -0.0742903616-0.j]
 [-0.0043179888-0.j  0.4917878659+0.j -0.0404528548-0.j  0.5520155757+0.j -0.0138431495-0.j -0.0309578394+0.j -0.035160372 -0.j -0.0373861465+0.j]
 [ 0.0735955078+0.j  0.0351533995-0.j -0.0478768193+0.j -0.0138431495-0.j  0.4423509859-0.j  0.0743337292-0.j  0.4816329122+0.j -0.0067039456-0.j]
 [ 0.0931031703-0.j  0.0449882584-0.j  0.0675086493-0.j -0.0309578394+0.j  0.0743337292-0.j  0.4412047153-0.j  0.012879646 -0.j  0.4739660079-0.j]
 [ 0.0355464843+0.j  0.0080249026-0.j -0.093158877 +0.j -0.035160372 -0.j  0.4816329122+0.j  0.012879646 -0.j  0.5383740312+0.j -0.0717530948-0.j]
 [-0.0756211854-0.j  0.0279409284-0.j -0.0742903616-0.j -0.0373861465+0.j -0.0067039456-0.j  0.4739660079-0.j -0.0717530948-0.j  0.5821384984-0.j]]
(1, 1, 0, 1) 4.820436352613269e-05
[[ 0.3797657989-0.j  0.          +0.j  0.3701708509-0.j -0.          +0.j  0.0010384911+0.j -0.1580914524-0.j -0.          +0.j -0.3138729035-0.j]
 [ 2.5191455954+0.j  1.          -0.j  2.1402095437+0.j  0.          -0.j  0.8920257844-0.j  5.6061671421-0.j  0.          -0.j  5.575042855 -0.j]
 [ 0.3701708509-0.j -0.          +0.j  0.3608183234-0.j -0.          +0.j  0.0010122532+0.j -0.1540972031+0.j -0.          +0.j -0.3059427682+0.j]
 [-2.2510412182-0.j -0.          +0.j -1.9929203159-0.j  1.          +0.j -0.766810242 +0.j -5.0791045737+0.j -0.          +0.j -5.0765318805+0.j]
 [ 0.0010384911-0.j  0.          +0.j  0.0010122532-0.j -0.          +0.j  0.0000028398+0.j -0.00043231  -0.j -0.          +0.j -0.0008583032-0.j]
 [-0.          +0.j  0.          +0.j -0.          -0.j  0.          +0.j -0.          -0.j  0.          +0.j  0.          +0.j -0.          +0.j]
 [-0.1223183483+0.j  0.          +0.j -0.338780061 -0.j -0.          +0.j  0.8312206103+0.j -0.3897752605+0.j  1.          +0.j -0.5447925309+0.j]
 [-0.3138729035-0.j  0.          +0.j -0.3059427682-0.j  0.          +0.j -0.0008583032+0.j  0.1306611162+0.j -0.          +0.j  0.2594130379+0.j]]
[[ 0.3797657989+0.j  0.3701708509+0.j  0.0010384911+0.j -0.3138729035-0.j]
 [ 0.3701708509+0.j  0.3608183234+0.j  0.0010122532+0.j -0.3059427682-0.j]
 [ 0.0010384911+0.j  0.0010122532+0.j  0.0000028398+0.j -0.0008583032-0.j]
 [-0.3138729035-0.j -0.3059427682-0.j -0.0008583032-0.j  0.2594130379+0.j]]
(0.0037886904204917794-3.964463804946973e-19j)
(1, 1, 1, 0) 0.9999999999999998
[[ 0.5112441555-0.j  0.0412957948-0.j  0.4795518866-0.j -0.005731425 -0.j  0.0717639153-0.j  0.0843168537+0.j  0.0323505841-0.j -0.0697094936+0.j]
 [ 0.0412957948-0.j  0.4546633806-0.j  0.0001970789+0.j  0.4923822215-0.j  0.0333913985-0.j  0.041876154 +0.j  0.0080249026-0.j  0.0294272074+0.j]
 [ 0.4795518866-0.j  0.0001970789+0.j  0.4796999173-0.j -0.0370173503+0.j -0.0423643881-0.j  0.061913274 +0.j -0.0886464194-0.j -0.0690028196+0.j]
 [-0.005731425 -0.j  0.4923822215-0.j -0.0370173503+0.j  0.5520264099-0.j -0.0126200152-0.j -0.0320390662+0.j -0.0323266661-0.j -0.0349154303+0.j]
 [ 0.0717639153+0.j  0.0333913985-0.j -0.0423643881+0.j -0.0126200152-0.j  0.4450304166-0.j  0.0698579823+0.j  0.4835637805-0.j -0.0067250399+0.j]
 [ 0.0843168537+0.j  0.041876154 -0.j  0.061913274 +0.j -0.0320390662-0.j  0.0698579823+0.j  0.4449513634+0.j  0.011720899 -0.j  0.4777336403+0.j]
 [ 0.0323505841+0.j  0.0080249026-0.j -0.0886464194+0.j -0.0323266661-0.j  0.4835637805-0.j  0.011720899 +0.j  0.5383740312-0.j -0.067394095 +0.j]
 [-0.0697094936+0.j  0.0294272074-0.j -0.0690028196+0.j -0.0349154303-0.j -0.0067250399+0.j  0.4777336403+0.j -0.067394095 +0.j  0.5740103256+0.j]]
(1, 1, 1, 0) 3.0137796734962085e-06
[[ 0.3178172523+0.j  0.          +0.j  0.3770929383+0.j -0.          -0.j -0.2669089041+0.j -0.          -0.j -0.3212590114+0.j -0.0580516943-0.j]
 [ 5.075414127 -0.j  1.          -0.j  2.3977239377-0.j  0.          -0.j 10.0917506797-0.j  0.          +0.j 10.9274919845-0.j -3.0379677966+0.j]
 [ 0.3770929383+0.j  0.          +0.j  0.4474240561+0.j -0.          +0.j -0.3166897398+0.j  0.          -0.j -0.3811766154+0.j -0.0688788409-0.j]
 [-4.5548577606+0.j -0.          +0.j -2.1981856547+0.j  1.          -0.j -9.1237679828+0.j -0.          -0.j -9.9235335655+0.j  2.7334645496-0.j]
 [-0.2669089041+0.j -0.          +0.j -0.3166897398+0.j -0.          +0.j  0.2241551162+0.j -0.          -0.j  0.2697993581+0.j  0.0487529044-0.j]
 [-0.624609399 +0.j -0.          +0.j -0.2548362373+0.j -0.          +0.j -1.4426305692+0.j  1.          -0.j -1.7080854847+0.j  1.5579623816-0.j]
 [ 0.          +0.j -0.          +0.j  0.          +0.j  0.          +0.j  0.          +0.j -0.          +0.j  0.          +0.j -0.          +0.j]
 [-0.0580516943-0.j -0.          -0.j -0.0688788409-0.j  0.          -0.j  0.0487529044-0.j  0.          +0.j  0.0586803573-0.j  0.0106035754+0.j]]
[[ 0.3178172523-0.j  0.3770929383-0.j -0.2669089041+0.j -0.0580516943+0.j]
 [ 0.3770929383-0.j  0.4474240561-0.j -0.3166897398+0.j -0.0688788409+0.j]
 [-0.2669089041+0.j -0.3166897398+0.j  0.2241551162-0.j  0.0487529044-0.j]
 [-0.0580516943+0.j -0.0688788409+0.j  0.0487529044-0.j  0.0106035754-0.j]]
(0.0007900003990304663-8.860088363820234e-20j)
skew-symmetry gxy_= 3.934424194992638e-10
skew-symmetry gxy_= 2.7090078425551154e-10
(1, 1, 1, 1) 0.9999999999999999
[[ 0.5106264481-0.j  0.0439946397+0.j  0.4780573411-0.j -0.0038659449+0.j  0.0716580807-0.j  0.088728928 +0.j  0.0328933323-0.j -0.0728567693+0.j]
 [ 0.0439946397-0.j  0.4546633806+0.j -0.0026659031+0.j  0.4917878659+0.j  0.0352620584-0.j  0.0449882584+0.j  0.0080249026-0.j  0.0285463709+0.j]
 [ 0.4780573411-0.j -0.0026659031+0.j  0.4789990686-0.j -0.0403417623-0.j -0.0440935049-0.j  0.0655185669+0.j -0.0895921627-0.j -0.0715674454+0.j]
 [-0.0038659449-0.j  0.4917878659+0.j -0.0403417623+0.j  0.5520155757+0.j -0.0133221183-0.j -0.0309578394+0.j -0.035160372 -0.j -0.0377432521+0.j]
 [ 0.0716580807-0.j  0.0352620584+0.j -0.0440935049-0.j -0.0133221183+0.j  0.4440639213+0.j  0.0709052616-0.j  0.4829987131+0.j -0.0074721367-0.j]
 [ 0.088728928 +0.j  0.0449882584-0.j  0.0655185669+0.j -0.0309578394-0.j  0.0709052616-0.j  0.4412047153+0.j  0.012879646 -0.j  0.4756068088-0.j]
 [ 0.0328933323-0.j  0.0080249026+0.j -0.0895921627-0.j -0.035160372 +0.j  0.4829987131+0.j  0.012879646 -0.j  0.5383740312+0.j -0.0682965141-0.j]
 [-0.0728567693+0.j  0.0285463709-0.j -0.0715674454+0.j -0.0377432521-0.j -0.0074721367-0.j  0.4756068088-0.j -0.0682965141-0.j  0.5800528593-0.j]]
skew-symmetry gxy_= 1.2696144748383297e-10
(1, 1, 1, 1) 3.1508573771319655e-07
[[ -0.          -0.j   0.          +0.j  -0.          -0.j   0.          +0.j  -0.          -0.j   0.          +0.j   0.          +0.j   0.          +0.j]
 [ 16.0004095372+0.j   1.          -0.j  15.3265193293+0.j  -0.          -0.j   0.9819514178+0.j  -0.          -0.j  -0.          -0.j  -5.3373595607-0.j]
 [ -0.          -0.j  -0.          +0.j  -0.          -0.j   0.          +0.j  -0.          -0.j   0.          +0.j   0.          +0.j   0.          +0.j]
 [-14.4648749831-0.j  -0.          +0.j -13.939065685 -0.j   1.          +0.j  -0.8475212409-0.j   0.          +0.j   0.          +0.j   4.8102171177+0.j]
 [ -0.          -0.j  -0.          -0.j  -0.          -0.j  -0.          +0.j  -0.          +0.j  -0.          +0.j   0.          +0.j   0.          +0.j]
 [ -2.414287003 -0.j  -0.          +0.j  -2.3558984926-0.j  -0.          +0.j  -0.0230483288-0.j   1.          +0.j   0.          +0.j   1.9532977786+0.j]
 [ -1.0643225446-0.j  -0.          +0.j  -1.2488447519-0.j   0.          +0.j   0.827707718 -0.j   0.          +0.j   1.          +0.j   0.2201193016+0.j]
 [  0.          +0.j   0.          -0.j   0.          +0.j   0.          -0.j   0.          +0.j  -0.          -0.j  -0.          -0.j  -0.          -0.j]]
[[ 0.+0.j  0.+0.j  0.-0.j -0.-0.j]
 [ 0.+0.j  0.+0.j  0.-0.j -0.-0.j]
 [-0.+0.j -0.+0.j -0.+0.j  0.-0.j]
 [ 0.+0.j  0.+0.j  0.+0.j -0.-0.j]]
(0.0002493389051230638+3.3383464447273045e-20j)
skew-symmetry gxy_= 3.142794095228778e-10
skew-symmetry gxy_= 2.7324153905747077e-10
skew-symmetry gxy_= 2.0111049702028778e-10
