
layer=1,number of nodes=4
	node 0= (0,)
	hop_ls_left= [(1, 5), (1, 7), (2, 4), (3, 5), (2, 6), (3, 7)]
	node 1= (1,)
	hop_ls_left= [(0, 4), (0, 6), (2, 4), (3, 5), (2, 6), (3, 7)]
	node 2= (6,)
	hop_ls_left= [(0, 4), (1, 5), (1, 7), (2, 4), (3, 5), (3, 7)]
	node 3= (7,)
	hop_ls_left= [(0, 4), (1, 5), (0, 6), (2, 4), (3, 5), (2, 6)]

layer=2,number of nodes=6
	node 0= (0, 1)
	hop_ls_left= [(2, 4), (3, 5), (2, 6), (3, 7)]
	node 1= (0, 6)
	hop_ls_left= [(1, 5), (1, 7), (2, 4), (3, 5), (3, 7)]
	node 2= (0, 7)
	hop_ls_left= [(1, 5), (2, 4), (3, 5), (2, 6)]
	node 3= (1, 6)
	hop_ls_left= [(0, 4), (2, 4), (3, 5), (3, 7)]
	node 4= (1, 7)
	hop_ls_left= [(0, 4), (0, 6), (2, 4), (3, 5), (2, 6)]
	node 5= (6, 7)
	hop_ls_left= [(0, 4), (1, 5), (2, 4), (3, 5)]

layer=3,number of nodes=4
	node 0= (0, 1, 6)
	hop_ls_left= [(2, 4), (3, 5), (3, 7)]
	node 1= (0, 1, 7)
	hop_ls_left= [(2, 4), (3, 5), (2, 6)]
	node 2= (0, 6, 7)
	hop_ls_left= [(1, 5), (2, 4), (3, 5)]
	node 3= (1, 6, 7)
	hop_ls_left= [(0, 4), (2, 4), (3, 5)]

layer=4,number of nodes=1
	node 0= (0, 1, 6, 7)
	hop_ls_left= [(2, 4), (3, 5)]
