hop_ls= [(2, 4), (3, 5)]
ctr_ls= [(0,), (1,), (6,), (7,)]
hop_ls= [(1, 5)]
ctr_ls= [(0,), (6,), (7,)]
hop_ls= [(3, 7), (1, 7)]
ctr_ls= [(0,), (6,)]
hop_ls= [(2, 6)]
ctr_ls= [(0,)]
nparam= 24

run = 0
step= 99

nparam= 24
        dense amplitude time= 0.002182483673095703
        total non-zero amplitudes= 36
        nsamples per process= 36
all_e= [ -4.4205046245  -1.8997909011  -7.3223044186  -5.343217838
  -7.1676221544  -0.9640454274  -6.2632679706  -3.3159408641
  -2.9613719478  -3.2162928766  -5.7926034313 -11.6402850247
  92.0783017614  -2.1238031761  -4.5861621281 -20.5836632647
  -3.4212241443  -4.2260870899  -3.5543122089  -3.3345946739
 -15.7074983729  -4.6568325475  -3.8623424031  -4.4462488984
  -8.2532208932   2.3897581334  -3.9203947324  -3.1699299982
  -4.062086016   -3.6777492482  -3.6674021762  -5.4721475274
  -4.1219940002  -4.6257499737  -4.3538485523  -4.5230750413]
all_f= [0.0000176932 0.0000323398 0.0000111731 0.000065952  0.0000618055
 0.0000081603 0.0003403724 0.0006221345 0.0002854809 0.0004124816
 0.0004594518 0.000060662  0.0000000424 0.0000793655 0.005895889
 0.0000082149 0.0003627406 0.0083602273 0.0009636341 0.00017531
 0.0000165829 0.0051091643 0.0023151203 0.0018620451 0.0001741009
 0.0000753328 0.0026718002 0.0000322992 0.0270167745 0.0108371487
 0.0014971684 0.000647819  0.0191477069 0.0010650301 0.6489839911
 0.2603247851]
        collect g,h time= 0.25290870666503906
energy=-4.377358078314941,dE=-0.002774269361092152,std=0
loss  =-4.377358078314941,dloss=-0.002774269361092152,std=0
        gnorm= 0.23977065778930393
        collect S matrix time= 2.8848648071289062e-05
        nonzero=15,wmax=5.278108033563189,wmin=0.007870580963780955
        SR solver time= 0.000118255615234375
        xnorm=3.4287732588023867,dnorm=0.020377958457076562
[ 0.1169257264  0.7008646183 -0.6969930365 -1.2625380758 -0.1313007163]
[ 0.2544192998  0.1707967387 -0.6902978122]
[-1.5635599932  0.2789160055 -0.2692380555]
[-0.0457983215]
[ 0.8366153965  0.114011566  -0.065895918   0.0548579592  0.0343668037
  0.0785820525 -0.5582039082  0.3485892744 -1.0744881723 -0.654003799
 -1.7955519232 -0.0589487188]
nparam= 24
        dense amplitude time= 0.0022246837615966797
        total non-zero amplitudes= 36
        nsamples per process= 36
all_e= [ -5.3473487222  -8.5774700366  -4.8648062578  -5.039666263
  -7.0703262104  44.1850914023  -3.501624572   -6.4673676091
  -2.984142392   -2.9343098622  -5.9474046865  14.6060629154
  -3.6945480831  -2.6137307974  -4.9665239843 -20.6252925795
  -3.7982226221  -4.201904156   -4.000774686   -2.8319973182
  32.5481276328  -5.9619897333  -3.7208936962  -4.2439225583
  -6.2380387522 -10.5350672377  -3.6277771402  -3.7112415672
  -4.7556793797  -4.4933348116  -4.2167106599  -4.6804108776
  -4.361841091   -4.2178068066  -4.4381422842  -4.5419719554]
all_f= [0.0001031667 0.0000218494 0.000053513  0.0000432065 0.000125595
 0.0000007413 0.0013126303 0.0002779983 0.0006799616 0.0005202438
 0.0015103069 0.0000089143 0.0002024134 0.0000163937 0.00333908
 0.0000450598 0.0012611964 0.0035484795 0.0001153178 0.0002548881
 0.0000103931 0.0013765553 0.0007781148 0.0018571941 0.0002801263
 0.0001905369 0.0001643892 0.0002631837 0.0129902053 0.0713145581
 0.0031105493 0.0021157401 0.001823102  0.0027740491 0.1367531459
 0.7507572008]
        collect g,h time= 0.252032995223999
energy=-4.525772542608798,dE=-0.00014612431412164284,std=0
loss  =-4.525772542608798,dloss=-0.00014612431412164284,std=0
        gnorm= 0.042101095252177964
        collect S matrix time= 2.7418136596679688e-05
        nonzero=15,wmax=4.794239995346948,wmin=0.004799019850975981
        SR solver time= 0.00011754035949707031
        xnorm=3.379138531976681,dnorm=0.09174527440717986
[-0.0288255456  0.4766122792 -0.9188000398 -1.0147183937  0.0225716104]
[ 0.3245267154  0.1660237795 -0.7030640828]
[-1.5899895465  0.2865263441 -0.1879908825]
[0.0078235889]
[ 0.8163198953 -0.0182257231 -0.0928970651  0.2876435622  0.0545939244
  0.0801752624 -0.6732012366  0.3412174757 -0.9818188024 -0.7151514017
 -1.7922463154 -0.0216344011]
step= 279

nparam= 24
        dense amplitude time= 0.0021491050720214844
        total non-zero amplitudes= 36
        nsamples per process= 36
all_e= [ -4.3504204849  -3.0834266234   0.1365550046 -27.7552986985
   4.8801809129   0.9139694703  -3.0445766554 -73.1925163114
  23.6297157253   3.0495895453 -26.2707030191  -2.3636200856
  -2.6920551748  -3.0331458716  -4.6523276862  -4.4921245938
  -3.7897270333  -4.5172298279  -2.8580801074  -2.9822860131
  -4.7005666883  -4.5208701236  -3.7107320764  -3.9412266042
 -40.909176971   -4.5855906033  -4.5223909445   5.0137106341
 -64.983517085   -4.4794098922 490.954838785   -5.4006657237
  -4.7428682956  -4.4851873466  -4.4265438563  -4.5698708599]
all_f= [0.0009452636 0.0000229913 0.0000001309 0.000000002  0.0000003444
 0.0000006378 0.0000498416 0.0000012123 0.0000000281 0.0000006596
 0.0000144314 0.0000267261 0.0000064021 0.0001207785 0.0126099084
 0.0105715856 0.0000382139 0.0000015134 0.0000326556 0.0001082723
 0.0074769803 0.0145993173 0.0000204733 0.0000273079 0.0000000238
 0.0056724722 0.0000459903 0.0000002912 0.0000017173 0.0009315846
 0.           0.0000095691 0.0000029786 0.0000048824 0.0017418647
 0.944912948 ]
        collect g,h time= 0.24938416481018066
energy=-4.569730031536541,dE=-5.991528118087786e-07,std=0
loss  =-4.569730031536541,dloss=-5.991528118087786e-07,std=0
        gnorm= 0.0017977340162699113
        collect S matrix time= 3.0517578125e-05
        collect H matrix time= 1.7881393432617188e-05
        nonzero=15,smax=9.318830464793706,smin=0.031282327133437864
        RGN solver time= 0.000156402587890625
        xnorm=3.759580470053126,dnorm=0.000631086261743051
[-0.5930041506  0.3053038715 -1.0887079371 -0.7664468279  0.1759183831]
[ 0.801243164   0.9575312243 -0.9559089739]
[-1.164409703   0.0730769191 -0.9107121914]
[0.0241527478]
[ 0.8653489364  0.2627137856 -0.0750494505 -0.1747174659  0.1698619991
 -0.0144824944 -0.3452337645  0.4755553914 -1.2395492043 -0.8275048032
 -1.935687749   0.1625111441]

run = 1
step= 99

nparam= 24
        dense amplitude time= 0.002205371856689453
        total non-zero amplitudes= 36
        nsamples per process= 36
all_e= [ -3.9020802227  -5.235676686  -15.1620846163  -5.5525045258
  -4.8031434994 -12.2671456015  -3.5175368465 -10.8252471873
  -2.3605087167  -2.8143110238  -5.9782103479 -24.896338137
  -3.3426493072  -3.286194338   -4.6714915322  -5.4621758895
  -3.6531125231  -4.2131352455  -3.365364533   -2.8308988742
  -4.6522716896  -5.4281841366  -4.0373252438  -4.1631350449
  -9.5402135134  -6.5797716565  -3.7926604317  -3.7454859452
  -5.1932572659  -4.4963965501  -4.3755010304  -4.3047097176
  -4.31258474    -4.4210718817  -4.4513236212  -4.5632831985]
all_f= [0.0010550358 0.0000942694 0.0000068555 0.0001569893 0.0005706685
 0.0000029865 0.0010144603 0.0000906439 0.0000135522 0.0001331533
 0.0009893339 0.0000051775 0.0023076356 0.0001599544 0.0075162374
 0.0031515132 0.0001101278 0.0102448943 0.0018259953 0.0000775886
 0.0081884084 0.0030684279 0.0001453665 0.0093484094 0.0000498463
 0.0006406021 0.0006563531 0.0011977778 0.0062245559 0.0550701073
 0.0002699058 0.0034687085 0.0120909444 0.0054835578 0.0877982481
 0.776771708 ]
        collect g,h time= 0.2560231685638428
energy=-4.543671078352412,dE=-0.0006082584210966857,std=0
loss  =-4.543671078352412,dloss=-0.0006082584210966857,std=0
        gnorm= 0.05827464604671814
        collect S matrix time= 2.7894973754882812e-05
        nonzero=17,wmax=6.866762480452212,wmin=0.011528458132349218
        SR solver time= 0.00011539459228515625
        xnorm=3.7391363471786607,dnorm=0.018860815816576563
[-0.9824967009 -1.0418721649  0.0145667347  0.4703171586  0.0928381482]
[ 0.9568937998  0.6133375501 -0.1535370655]
[-0.2436262108 -1.3402866599  0.1452884805]
[-0.1276996981]
[-0.4194186605  0.1264107474 -0.0259796853 -0.1858728864 -0.2974383907
  0.1940349209 -0.6512093092 -1.4672916267  0.8776301253  1.1589646321
  1.543644999  -1.0685261085]
step= 199

nparam= 24
        dense amplitude time= 0.002171754837036133
        total non-zero amplitudes= 36
        nsamples per process= 36
all_e= [  -3.9359204552   -3.7267288104   -3.5857637943   -4.0184785422
  -37.8723292922 -164.1098575635   -3.2477803875  -10.735705741
   -9.4901025707   -3.8513974791   -7.4704796097  -28.2726092122
   -5.4714028425   -2.9635096297   -4.5459245804   -4.8825050372
   -3.8980837666   -4.1038163683   -2.6246761997   -2.9300541428
   -4.5909639602   -4.8531773794   -3.7747468474   -4.0339998755
   -4.4956888473   -4.603642737    -5.0504303327   -8.0965564414
   -7.3602953634   -4.4797927201   -4.0307878096   -4.3234665893
  -17.1232996729   -4.5115039818   -4.4762608483   -4.5699424809]
all_f= [0.0014616522 0.0002149527 0.0000498779 0.0000167498 0.0000004885
 0.0000000013 0.0006411893 0.0000942942 0.0000015703 0.0001065887
 0.0004774837 0.0000013145 0.0000003    0.0003334826 0.0138026133
 0.005733347  0.0010589198 0.0004661039 0.0000506138 0.0000311864
 0.0085709042 0.0083767267 0.0027428982 0.0005446917 0.0004523356
 0.0056380669 0.0000497087 0.000004145  0.0006486486 0.0229326216
 0.0001102262 0.0013738981 0.0000001203 0.0000630635 0.0254150152
 0.8985341997]
        collect g,h time= 0.27167272567749023
energy=-4.566956368267548,dE=-9.157119507108291e-13,std=0
loss  =-4.566956368267548,dloss=-9.157119507108291e-13,std=0
        gnorm= 0.002123029743014672
        collect S matrix time= 2.5987625122070312e-05
        collect H matrix time= 1.6450881958007812e-05
        nonzero=16,smax=4.522004684486291,smin=0.005219935681639264
        RGN solver time= 0.0001475811004638672
        xnorm=4.757366560284033,dnorm=3.272790230312804e-06
[-1.4807158408 -1.1581794783 -0.6005126119 -0.2279985732  0.1382398766]
[ 0.6215828651  1.4701818876 -1.5095356246]
[-1.293866884  -0.2382805326  0.2509045015]
[0.2872702768]
[-0.3446442075  0.0076176021 -0.0621869003 -0.8819638182 -0.1114596103
  0.3556393731 -0.283969828  -2.2763067146  0.9063223499  0.690789387
  2.0379006442 -0.4590915825]

run = 2
step= 99

nparam= 24
        dense amplitude time= 0.002203226089477539
        total non-zero amplitudes= 36
        nsamples per process= 36
all_e= [ -2.9750306864  24.3794423044   2.4162045123  -4.7252480979
  -9.4742343992  -4.0555697788  -2.8899106169  -2.6634632954
  -3.676841014   -4.31053946     5.4351228855  -6.5129913811
  -7.7254185663 -16.2968162614  -4.3425679768  -4.7402522613
  -4.0246254694  -4.1295245139 -29.2437361508 -16.4589571122
   2.8875433694  -4.4177915111  -4.4867915481  -4.4374814626
  -4.351123102   -5.1583479172  -4.0036425387  -4.1565407935
  -4.1696570236  -4.3511368091  -6.7775259524   7.4852579281
  -4.2220505679  -4.281164893   -3.6358236638  -4.5198825231]
all_f= [0.0000672916 0.000006176  0.0000565978 0.0005744728 0.0001037012
 0.0017516435 0.000185331  0.0000170095 0.000481708  0.0001918702
 0.0000136896 0.0002312339 0.0000428357 0.0000018105 0.0080518818
 0.0001852942 0.0113156129 0.0792920982 0.0000025914 0.0000031213
 0.0000087606 0.0062422939 0.0008839963 0.0090656295 0.0006323407
 0.0003670933 0.0079296803 0.0017364163 0.0500196898 0.6387748436
 0.0000522479 0.0000303315 0.0401134011 0.0183825518 0.0089455749
 0.1142391774]
        collect g,h time= 0.25093960762023926
energy=-4.325013383349294,dE=-0.0023803420040291456,std=0
loss  =-4.325013383349294,dloss=-0.0023803420040291456,std=0
        gnorm= 0.12991729512165817
        collect S matrix time= 2.9802322387695312e-05
        nonzero=18,wmax=3.18443790645151,wmin=0.00394694557699317
        SR solver time= 0.00011205673217773438
        xnorm=3.1279802399341445,dnorm=0.022811966885287437
[ 0.6269233486 -0.1884833936  1.2454448841  0.8194710609  0.6993003606]
[ 0.2598033809 -0.3979254065 -0.0862169843]
[-1.5161511948  0.075290578   0.8637521697]
[0.4973966057]
[-0.1965166136  0.5905612109  0.1178064248  1.4302233213 -0.2153679091
  0.0800187495  0.3468050733  0.0957125338  0.1378017695  0.2534007727
 -0.2945162518  0.5785520797]
step= 149

nparam= 24
        dense amplitude time= 0.0022165775299072266
        total non-zero amplitudes= 36
        nsamples per process= 36
        collect g,h time= 0.24654507637023926
E=-4.569508352170327,dE=-7.403678292661198e-08,std=0
E=-4.569508352170327,dL=-7.403678292661198e-08,std=0
        gnorm= 0.0009349295312010593
        collect S matrix time= 2.86102294921875e-05
        xnorm=4.594727467282106,dnorm=0.0
        nonzero=16,wmax=8.661141726002501,wmin=0.011719554218482312
        SR solver time= 0.0001361370086669922
        collect H matrix time= 2.0742416381835938e-05
        nonzero=16,smax=11.931064578972414,smin=0.015277860074632369
        RGN solver time= 0.0001342296600341797
        xnorm=4.594727467282106,dnorm=0.0003986863445872828
        dense amplitude time= 0.0021648406982421875
        total non-zero amplitudes= 36
        nsamples per process= 36
        RGN updated loss=-4.569508415305775,dloss=-6.313544798075554e-08
[ 1.0480377083 -0.0742463525  1.6024325419  0.0477176983  0.8457378948]
[-0.7827085061 -0.9899077609  0.9936768202]
[-2.7912908067  0.1929589854  0.7196369366]
[0.6893724803]
[-0.2828623338  0.5920511226  0.0687173332  1.7398239543 -0.140623293
 -0.0392621159  0.5471120328 -0.7668342466  0.1668552647 -0.1656604241
 -0.7700527198  0.5487566246]

run = 3
step= 99

nparam= 24
        dense amplitude time= 0.0022482872009277344
        total non-zero amplitudes= 36
        nsamples per process= 36
        collect g,h time= 0.25524210929870605
E=-4.533384091127719,dE=-0.0002902978866430317,std=0
E=-4.533384091127719,dL=-0.0002902978866430317,std=0
        gnorm= 0.0909763292859465
        collect S matrix time= 3.123283386230469e-05
        nonzero=14,wmax=11.057784511302234,wmin=0.016247978241419145
        SR solver time= 0.00013566017150878906
        xnorm=3.900239104768732,dnorm=0.007605803097158106
[-0.9730084838 -0.2858673711 -0.2639652094 -0.8898405912 -0.3659662574]
[ 0.5860609822 -0.2454295552 -1.9457774428]
[-0.6712209627 -0.7720166102 -0.5039899103]
[-0.4834196831]
[-1.157283484   0.4343810421 -0.2305073287  0.7505430398  0.0516777299
  0.7386671951 -1.1613245536 -1.1380176827 -1.0832671266  0.7663474091
 -0.6048409188 -0.0796633112]
step= 199

nparam= 24
        dense amplitude time= 0.0020859241485595703
        total non-zero amplitudes= 36
        nsamples per process= 36
        collect g,h time= 0.24888205528259277
E=-4.566479278678115,dE=-8.30731572420973e-09,std=0
L=-4.566479278678115,dL=-8.30731572420973e-09,std=0
        gnorm= 0.00223463151991672
        collect S matrix time= 2.1696090698242188e-05
        xnorm=4.517738589598791,dnorm=0.0
        nonzero=14,wmax=17.62864337587048,wmin=0.023115145417007172
        SR solver time= 0.00011682510375976562
        collect H matrix time= 2.5987625122070312e-05
        nonzero=15,smax=13.626187788223012,smin=0.014319941691991928
        RGN solver time= 0.0001270771026611328
        xnorm=4.517738589598791,dnorm=0.0001332582826239641
        dense amplitude time= 0.0021097660064697266
        total non-zero amplitudes= 36
        nsamples per process= 36
        RGN updated loss=-4.5664792857797565,dloss=-7.10164105299782e-09
[-1.0209186447 -0.0712149538  0.1407400585 -0.887609688  -0.5787707228]
[ 0.5084597608 -1.131032241  -2.0557484567]
[-1.2314242366 -0.1152181393 -0.9224524743]
[-0.0108833197]
[-1.2256260402  0.1167272265  0.119479192   0.4190336434  0.2852377008
  0.6659918663 -0.6291830333 -0.6357955969 -1.78216536    0.5860412637
 -1.6586459456 -0.8798309939]

run = 4
step= 99

nparam= 24
        dense amplitude time= 0.0021734237670898438
        total non-zero amplitudes= 36
        nsamples per process= 36
        collect g,h time= 0.24700641632080078
E=-4.51724044249909,dE=-0.0009169316544488382,std=0
L=-4.51724044249909,dL=-0.0009169316544488382,std=0
        gnorm= 0.12831227754044747
        collect S matrix time= 2.5987625122070312e-05
        nonzero=14,wmax=5.267459695523913,wmin=0.006534592561160718
        SR solver time= 0.00011491775512695312
        xnorm=3.00080526092316,dnorm=0.0071506218162658754
[-1.0079850576 -0.0624011506 -0.8153748934 -0.4819175738  0.7859039038]
[-0.0471649618 -0.8902849496  0.2454595122]
[ 0.6322668702  0.3373561363 -1.0842550271]
[-0.1733102009]
[ 0.5478221183 -0.1391391052 -0.0048897282  0.7255130252 -0.3257190332
 -0.2544666276  0.0741390303  0.2531176193 -0.5145788781  0.4631074797
 -1.5298611535 -0.0440187875]
step= 199

nparam= 24
        dense amplitude time= 0.002153158187866211
        total non-zero amplitudes= 36
        nsamples per process= 36
        collect g,h time= 0.2505521774291992
E=-4.5698032766551,dE=-3.80850018188994e-10,std=0
L=-4.5698032766551,dL=-3.80850018188994e-10,std=0
        gnorm= 0.0013148657258898247
        collect S matrix time= 2.5272369384765625e-05
        xnorm=3.345168966301424,dnorm=0.0
        nonzero=16,wmax=5.955305853033489,wmin=0.016184733197521447
        SR solver time= 0.00012111663818359375
        collect H matrix time= 2.5510787963867188e-05
        nonzero=16,smax=8.247301461983566,smin=0.01991521228200914
        RGN solver time= 0.00012826919555664062
        xnorm=3.345168966301424,dnorm=2.5044590164636794e-05
        dense amplitude time= 0.002107381820678711
        total non-zero amplitudes= 36
        nsamples per process= 36
        RGN updated loss=-4.569803276964402,dloss=-3.093019174116307e-10
[-1.093023479  -0.001424159  -1.0421378318 -0.2259409438  1.045342728 ]
[ 0.7837057069 -1.0001008993  1.0037175896]
[ 1.2212757313  0.0457014577 -0.9224244111]
[0.2279627011]
[ 0.5715490622 -0.1213545835  0.0645023703  0.9685972313 -0.1957104668
 -0.3380245938 -0.2200236603  0.7759426788  0.0468052751 -0.0017752997
 -0.7937407281  0.1684063935]
