run = 0
step= 199

nparam= 31
        dense amplitude time= 0.0017924308776855469
        total non-zero amplitudes= 36
        nsamples per process= 12
self.n= 0.14695172560457298
        collect g,h time= 0.14425086975097656
E=-4.2648833704177775,dE=-8.012085395137092e-08,std=0
L=-4.2648833704177775,dL=-8.012085395137092e-08,std=0
        gnorm= 1.1479048991387458e-05
        collect S matrix time= 2.4080276489257812e-05
        SR solver time= 5.745887756347656e-05
        collect H matrix time= 2.1457672119140625e-05
        RGN solver time= 3.600120544433594e-05
        xnorm=4.2248967332993805,dnorm=0.006302106473955553
        dense amplitude time= 0.0008556842803955078
        total non-zero amplitudes= 36
        nsamples per process= 12
self.n= 0.1469924898241114
        RGN updated loss=-4.264883449722999,dloss=-7.930522105681348e-08
[ 0.0703674462  0.0806189473 -0.0003259516  0.3969470694  0.6923169916
 -2.5439987123]
[-0.7557125708 -0.0164666527 -0.0002612717 -0.0523754169  0.0003632661
 -0.2060862551 -0.7372310828 -0.6280104995 -0.000358412   0.2365409406
  0.000079464  -0.0000227824  1.4972096698]
[-0.000871817  -1.5821674136  0.0001876929 -0.000334533   1.2541261462
  1.2941598841  0.0000356298 -1.0153629838  0.0000959769 -0.3455972031
  0.0996656175  0.0005749678]

run = 1
step= 199

nparam= 31
        dense amplitude time= 0.0015549659729003906
        total non-zero amplitudes= 36
        nsamples per process= 12
self.n= 0.48326441497999223
        collect g,h time= 0.14409708976745605
E=-4.264940169049647,dE=-3.0213271884349524e-09,std=0
L=-4.264940169049647,dL=-3.0213271884349524e-09,std=0
        gnorm= 1.3392576924444298e-05
        collect S matrix time= 2.574920654296875e-05
        SR solver time= 5.793571472167969e-05
        collect H matrix time= 2.09808349609375e-05
        RGN solver time= 8.082389831542969e-05
        xnorm=3.173658810972162,dnorm=0.0010216335141102798
        dense amplitude time= 0.0008652210235595703
        total non-zero amplitudes= 36
        nsamples per process= 12
self.n= 0.48326509600050355
        RGN updated loss=-4.2649401719411815,dloss=-2.8915341232504943e-09
[ 0.2134550167  0.1726833355  0.0183594748  0.2546905268  0.258357135
 -0.7575194765]
[-0.2669720558  0.2407047833 -0.1831113728  0.6174092693  0.2037740206
 -0.7175208744 -0.381092476   0.0743297699 -0.4540528965  0.1696493059
 -0.0175577384 -0.8716040709  1.0161381802]
[-0.026627362  -0.8121256681  0.1002140853  0.0398133028  0.1111635803
  1.1664731221  0.1566163981 -1.7057550505 -0.1173511257  0.5694467925
 -0.8267835784  0.1143763645]

run = 7
step= 199

nparam= 31
        dense amplitude time= 0.0013136863708496094
        total non-zero amplitudes= 36
        nsamples per process= 12
self.n= 0.5458324805664365
        collect g,h time= 0.1456913948059082
E=-4.265184694217791,dE=-1.612284972196676e-08,std=0
L=-4.265184694217791,dL=-1.612284972196676e-08,std=0
        gnorm= 3.2490858331440004e-06
        collect S matrix time= 2.6226043701171875e-05
        SR solver time= 6.103515625e-05
        collect H matrix time= 2.2172927856445312e-05
        RGN solver time= 3.528594970703125e-05
        xnorm=3.409838008901197,dnorm=0.0027999710949247977
        dense amplitude time= 0.0008425712585449219
        total non-zero amplitudes= 36
        nsamples per process= 12
self.n= 0.5458318583508326
        RGN updated loss=-4.265184709988965,dloss=-1.5771173700329655e-08
[ 0.4547495746  0.3187197404  0.0001943654  0.0084529609 -0.0440747189
 -0.2003227727]
[-0.0009960286  0.0002342292  1.3685261462  0.9891207292 -0.0887787199
  0.3060064192 -0.0021415971 -0.0005227579  1.0178075343 -0.0017493248
  0.0835357717  0.001719862  -0.0533643965]
[ 0.7756602649 -0.5693601369 -0.6736218052  0.03898081    1.2494008278
  0.8412782383 -0.6945459028  0.0647525596 -0.9116022271 -0.0392385781
  1.4133883312 -0.5595981756]
step= 299

nparam= 31
        dense amplitude time= 0.0016987323760986328
        total non-zero amplitudes= 36
        nsamples per process= 12
self.n= 0.5457094306400531
        collect g,h time= 0.14660882949829102
E=-4.265185403829239,dE=-2.805778720471608e-09,std=0
L=-4.265185403829239,dL=-2.805778720471608e-09,std=0
        gnorm= 1.2196032866097466e-06
        collect S matrix time= 5.245208740234375e-05
        SR solver time= 5.8650970458984375e-05
        collect H matrix time= 2.1696090698242188e-05
        RGN solver time= 3.528594970703125e-05
        xnorm=3.426129190656039,dnorm=0.0011735286366455465
        dense amplitude time= 0.0008192062377929688
        total non-zero amplitudes= 36
        nsamples per process= 12
self.n= 0.5457081437543396
        RGN updated loss=-4.265185406595139,dloss=-2.765899509427072e-09
[ 0.464422963   0.3342896751  0.0001774352  0.007597825  -0.045065504
 -0.189840589 ]
[ 0.0001964543 -0.0005253614  1.2847203052  1.0672745843 -0.0653125953
  0.2737771055  0.0015543081 -0.0006490873  1.0330195408  0.0010311697
  0.0933824009 -0.0015843589 -0.0519804999]
[ 0.8203799781 -0.5385330826 -0.6753800555  0.0177091638  1.255404043
  0.8387725598 -0.7120365942 -0.0011134669 -0.955432544  -0.1093710287
  1.3912653624 -0.5996693077]
