run = 0
step= 99

nparam= 49
        dense amplitude time= 0.0009806156158447266
        total non-zero amplitudes= 36
        nsamples per process= 12
self.n= 0.49904122017762254
        collect g,h time= 0.15790987014770508
E=-4.250483065100104,dE=-7.265299473147024e-13,std=0
L=-4.250483065100104,dL=-7.265299473147024e-13,std=0
        gnorm= 4.7394345932836574e-07
        collect S matrix time= 7.104873657226562e-05
        SR solver time= 8.511543273925781e-05
        collect H matrix time= 3.62396240234375e-05
        RGN solver time= 5.030632019042969e-05
        xnorm=1.6851776561841847,dnorm=7.2053945894731495e-06
        dense amplitude time= 0.0008869171142578125
        total non-zero amplitudes= 36
        nsamples per process= 12
self.n= 0.49904118326820107
        RGN updated loss=-4.250483065100717,dloss=-6.128431095930864e-13
[-0.3295063075  0.0817995012 -0.0006112439  0.8417767282  0.3215365152
 -0.1383679209]
[ 0.3733241068 -0.0012021239 -0.0352215305 -0.0012887791 -0.0859670742
 -0.4799100434  0.0006161896 -0.4122268356 -0.000541858   0.045080006
  0.0030037571 -0.0412085513  0.3303613123  0.0000685366 -0.1130024902
 -0.1730846381]
[-0.0057941394 -0.0161650821  0.0565726134  0.0626103886 -0.3848974607
  0.0583268863 -0.0090545298  0.2359230873  0.0058019267 -0.2100740555
 -0.0434146361  0.1220668923  0.027694215  -0.0587590057 -0.0372172427
  0.0416702273  0.39068596    0.0155139734 -0.0174276927  0.265643295
 -0.0306339352 -0.0149266097  0.0064739462 -0.6342584499 -0.5281920076
 -0.0154428777  0.011382449 ]
