step= 49

nparam= 56
        dense amplitude time= 0.0007355213165283203
        total non-zero amplitudes= 36
        nsamples per process= 36
self.n= 1.2616277993460117
        collect g,h time= 0.2628767490386963
E=-4.395025284747781,dE=-0.0004024328860845472,std=0
L=-4.395025284747781,dL=-0.0004024328860845472,std=0
        gnorm= 0.0390206199619419
        collect S matrix time= 0.00019860267639160156
        SR solver time= 9.441375732421875e-05
        xnorm=0.9434342752281435,dnorm=0.02139560023857936
[ 0.0192190036  0.0089833001 -0.2360060761 -0.0215821866  0.1758502707
  0.0217851876 -0.0033620731 -0.1867780392  0.0069914568  0.1577915274
  0.0018137883  0.0270152869  0.0197856473  0.0341565409  0.0339053013
 -0.0212907269 -0.0353352034 -0.1418909405  0.0173255257 -0.00198649
 -0.1719001939 -0.0051317735  0.012972081   0.0096591466  0.1315936004
  0.1751530136 -0.0725323421  0.0276784478]
step= 99

nparam= 56
        dense amplitude time= 0.0007417201995849609
        total non-zero amplitudes= 36
        nsamples per process= 36
self.n= 0.7557153688844653
        collect g,h time= 0.2620110511779785
E=-4.413790209110924,dE=-5.872010966356811e-07,std=0
L=-4.413790209110924,dL=-5.872010966356811e-07,std=0
        gnorm= 0.0012536902945035242
        collect S matrix time= 0.0002300739288330078
        SR solver time= 9.226799011230469e-05
        collect H matrix time= 0.00015163421630859375
        xnorm=1.2521200057334267,dnorm=0.0
        RGN solver time= 6.031990051269531e-05
        xnorm=1.2521200057334267,dnorm=0.005735875279547074
        dense amplitude time= 0.0006346702575683594
        total non-zero amplitudes= 36
        nsamples per process= 36
self.n= 0.7531631202907932
        RGN updated loss=-4.413790699882878,dloss=-4.907719546309863e-07
[ 0.0160004563  0.0899652164 -0.3693024067  0.0214224562  0.3045488515
  0.0259363286  0.0018490211 -0.3152685608  0.0724793371  0.2805037624
  0.0573761201  0.0175699732  0.0163507513  0.0271839943  0.0373730932
 -0.0124689361 -0.0826956568 -0.2721645698  0.0040699758  0.0168583695
 -0.297304979  -0.0584495143  0.0029320117 -0.1133931419  0.2988740805
  0.3368065477 -0.1612579281  0.0078430865]
