run = 0
step= 49

nparam= 51
        dense amplitude time= 0.0008921623229980469
        total non-zero amplitudes= 36
        nsamples per process= 12
self.n= 0.5680856148280906
        collect g,h time= 0.15769243240356445
E=-4.413814074348332,dE=-8.260059303211165e-14,std=0
L=-4.413814074348332,dL=-8.260059303211165e-14,std=0
        gnorm= 1.0917224664981386e-05
        collect S matrix time= 5.507469177246094e-05
        nonzero=31,wmax=2.1800783489889626,wmin=0.0028443587165258495
        SR solver time= 0.00033092498779296875
        collect H matrix time= 3.528594970703125e-05
        nonzero=31,smax=3.0862805987435533,smin=0.005479550685228032
        RGN solver time= 0.0004379749298095703
        xnorm=1.1337966338212704,dnorm=2.8568739084971536e-07
        dense amplitude time= 0.0009987354278564453
        total non-zero amplitudes= 36
        nsamples per process= 12
self.n= 0.568085603178481
        RGN updated loss=-4.413814074348402,dloss=-6.927791673660977e-14
[ 0.0580637718 -0.215660392  -0.0014069632  0.1819741387 -0.0608918256
  0.0754716883 -0.3233927083]
[ 0.1552263636  0.0091058624  0.1224331668 -0.0482039124 -0.1230534219
  0.0190300842  0.0424253631 -0.0553382987 -0.0172462009  0.1113907697
  0.0458419826 -0.2868309188  0.1040297698  0.0320427777 -0.0832246277
 -0.2213266187]
[ 0.0429571406  0.0013953846  0.1594167653  0.0505341078 -0.2627650609
 -0.0127698901 -0.0287761451  0.2505305061  0.0153933262 -0.0098332814
  0.0214047299  0.0277604627  0.038731328  -0.0455137884 -0.0126207643
  0.0170636294  0.0490183205  0.2875671813  0.014689965  -0.2526231697
 -0.0075550729  0.0614826051 -0.1095779496 -0.0116652627 -0.5232117118
 -0.4997663904  0.0147846499  0.0690196679]
