run = 0
step= 49

nparam= 56
        dense amplitude time= 0.0007293224334716797
        total non-zero amplitudes= 36
        nsamples per process= 36
self.n= 0.968782471247996
        collect g,h time= 0.2631669044494629
E=-4.0459672961970226,dE=-0.0013477609366621124,std=0
L=-4.0459672961970226,dL=-0.0013477609366621124,std=0
        gnorm= 0.08603058959251479
        collect S matrix time= 0.00022029876708984375
        nonzero=28,wmax=2.049937889616588,wmin=0.002601532470495955
        SR solver time= 0.00029397010803222656
        xnorm=0.9526171823850297,dnorm=0.011180047251730647
[-0.0255721078 -0.0618467813 -0.1917997733  0.007982655   0.1676208513
  0.0101814388  0.0494614327 -0.2068774945  0.0571397223  0.2067344766
 -0.0170457755 -0.0146939798 -0.0189246364 -0.0334048943 -0.0064308967
  0.0496950839 -0.016464757  -0.181894001  -0.0184145636 -0.0118215201
 -0.1458431364  0.0357920775 -0.0146194635  0.0378909072  0.21976621
  0.2273805886 -0.0606964442  0.0028170118]
step= 99

nparam= 56
        dense amplitude time= 0.0007395744323730469
        total non-zero amplitudes= 36
        nsamples per process= 36
self.n= 0.8447628645137839
        collect g,h time= 0.26230716705322266
E=-4.189765226662037,dE=-7.66657774153856e-06,std=0
L=-4.189765226662037,dL=-7.66657774153856e-06,std=0
        gnorm= 0.0030554747379705903
        collect S matrix time= 0.00026607513427734375
        xnorm=1.5474819966317965,dnorm=0.0
        nonzero=28,wmax=2.0765218901805698,wmin=0.004036066621179155
        SR solver time= 0.0003139972686767578
        collect H matrix time= 3.314018249511719e-05
        nonzero=28,smax=4.499205167675304,smin=0.014107278128803684
        RGN solver time= 0.0004391670227050781
        xnorm=1.5474819966317965,dnorm=0.0024332696808075805
        dense amplitude time= 0.0006563663482666016
        total non-zero amplitudes= 36
        nsamples per process= 36
self.n= 0.8465134091019706
        RGN updated loss=-4.189771738892219,dloss=-6.5122301817766015e-06
[-0.0117743433 -0.1840709651 -0.5393614152  0.0855686588  0.3699374025
 -0.0012064799  0.0228169904 -0.5575269567  0.137724049   0.406840754
 -0.0249568715 -0.0027925372 -0.0235430906 -0.0077865363  0.0013693665
  0.0310974833 -0.0969307389 -0.3885032683 -0.0044376107 -0.0121035972
 -0.3506882653  0.0418202689  0.0044475892  0.0735742089  0.5515257124
  0.5616530585 -0.1774260422  0.0249345522]
step= 149

nparam= 56
        dense amplitude time= 0.0007541179656982422
        total non-zero amplitudes= 36
        nsamples per process= 36
self.n= 0.8621332425113531
        collect g,h time= 0.26456570625305176
E=-4.189818051658633,dE=-1.1312833514409704e-07,std=0
L=-4.189818051658633,dL=-1.1312833514409704e-07,std=0
        gnorm= 0.0005580022407259897
        collect S matrix time= 0.0002503395080566406
        xnorm=1.5658088233156509,dnorm=0.0
        nonzero=28,wmax=2.0459881475700494,wmin=0.00393755332219717
        SR solver time= 0.00031113624572753906
        collect H matrix time= 3.1948089599609375e-05
        nonzero=28,smax=4.43578601174233,smin=0.013605672239830254
        RGN solver time= 0.00042128562927246094
        xnorm=1.5658088233156509,dnorm=0.0003005390468312618
        dense amplitude time= 0.0006353855133056641
        total non-zero amplitudes= 36
        nsamples per process= 36
self.n= 0.8620943586744542
        RGN updated loss=-4.189818160033323,dloss=-1.0837469055502424e-07
[-0.01034619   -0.1888205046 -0.5396266641  0.0828211069  0.3744959054
 -0.0008028436  0.0222814861 -0.5577899444  0.1422805274  0.4127913326
 -0.0217850533 -0.003462931  -0.0236783467 -0.0066684881  0.0019152525
  0.0326131939 -0.0954090506 -0.3930660462 -0.0035874943 -0.0124451596
 -0.3566043749  0.0375883949  0.0062543715  0.080121838   0.5522995007
  0.5624326718 -0.1819518332  0.0268176373]
