run = 0
step= 49

nparam= 51
        dense amplitude time= 0.0009179115295410156
        total non-zero amplitudes= 36
        nsamples per process= 12
self.n= 0.6055986715083964
        collect g,h time= 0.15851354598999023
E=-4.1392663405339345,dE=-6.217248937900877e-15,std=0
L=-4.1392663405339345,dL=-6.217248937900877e-15,std=0
        gnorm= 0.00014893554790544982
        collect S matrix time= 4.0531158447265625e-05
        nonzero=30,wmax=1.9166709737281826,wmin=0.0021646969452066202
        SR solver time= 0.00032138824462890625
        collect H matrix time= 3.647804260253906e-05
        nonzero=31,smax=3.4197355445706097,smin=0.00416125911478634
        RGN solver time= 0.0005116462707519531
        xnorm=1.7467887222044742,dnorm=1.099599052685876e-07
        dense amplitude time= 0.0010540485382080078
        total non-zero amplitudes= 36
        nsamples per process= 12
self.n= 0.6055986735350697
        RGN updated loss=-4.139266340533942,dloss=-7.105427357601002e-15
[-0.2916748393  0.1161439368 -0.0106151165  0.1111844941  0.2754689779
  0.105666562  -0.3302085723]
[ 0.2417589524  0.0730853682  0.1342845033  0.0273061569  0.0772633207
  0.0664848729 -0.0496216841  0.2808043076 -0.0097522458 -0.1514431698
 -0.0320577656 -0.0085489083  0.0031221838  0.0447237434 -0.0493931582
 -0.2207135282]
[ 0.0035194389 -0.0000044456 -0.4496600212  0.0144092964  0.5263526294
  0.0221394018  0.0251015491 -0.4851700164  0.0348564344  0.5995480612
 -0.0768574042 -0.004491222   0.1964406503 -0.0284748861 -0.2307461084
 -0.0228002376 -0.0220882186 -0.4223685114 -0.0492445614 -0.2530129564
 -0.366460311  -0.0409977032  0.0441313227  0.0269033286  0.7371537952
  0.6231598147 -0.0311534409 -0.0135312339]
