run = 0
step= 199

nparam= 31
        dense amplitude time= 0.0010077953338623047
        total non-zero amplitudes= 36
        nsamples per process= 12
self.n= 0.11686449857895671
        collect g,h time= 0.1439356803894043
E=-4.281201136676128,dE=-2.9426461267689774e-09,std=0
L=-4.281201136676128,dL=-2.9426461267689774e-09,std=0
        gnorm= 1.3615683425830887e-06
        collect S matrix time= 2.9325485229492188e-05
        SR solver time= 6.628036499023438e-05
        collect H matrix time= 2.1219253540039062e-05
        RGN solver time= 3.6716461181640625e-05
        xnorm=2.575432815200508,dnorm=0.0012105686813629155
        dense amplitude time= 0.0008852481842041016
        total non-zero amplitudes= 36
        nsamples per process= 12
self.n= 0.11675786682924975
        RGN updated loss=-4.281201139613841,dloss=-2.937713183825963e-09
[ 0.0566719891  0.0396702463 -0.0000892562 -0.0406054557 -0.196196798
 -1.5178056313]
[ 0.1300717777  0.2751635208 -0.6584736481 -0.1587157713 -0.4512403604
  0.1168878134 -0.0519023959 -0.5500545262  0.3203443212  0.7472684749
  1.0896614896  0.2327311364  0.0119004153]
[-0.459302898   0.6625610828 -0.2837371661  0.3205209904 -0.4115958285
  0.2210159113  0.0255103697  0.0469816206 -0.4494115995  0.0505861102
 -0.1937836408 -0.1024967078]

run = 1
step= 199

nparam= 31
        dense amplitude time= 0.0016107559204101562
        total non-zero amplitudes= 36
        nsamples per process= 12
self.n= 0.5512654841209644
        collect g,h time= 0.14487695693969727
E=-4.281230842023529,dE=-1.6470709240934411e-09,std=0
L=-4.281230842023529,dL=-1.6470709240934411e-09,std=0
        gnorm= 9.450552590675409e-07
        collect S matrix time= 2.5987625122070312e-05
        SR solver time= 5.7697296142578125e-05
        collect H matrix time= 2.288818359375e-05
        RGN solver time= 3.504753112792969e-05
        xnorm=2.493391325028259,dnorm=0.0009059136889526605
        dense amplitude time= 0.0008170604705810547
        total non-zero amplitudes= 36
        nsamples per process= 12
self.n= 0.5512574686010576
        RGN updated loss=-4.281230843667135,dloss=-1.643606140078191e-09
[-0.2653210285 -0.2446416887 -0.0001432428  0.0254539609  0.0681009079
  0.237496485 ]
[ 0.1399933076 -0.6323780991  0.0001752676 -0.3758026611 -0.0008360295
  0.1282099386 -1.0444542562  0.1419953919  0.0003752011  0.5165382464
 -0.000018954   0.000350836   0.0232276212]
[ 0.0000100019 -1.5272767291 -0.0000080784  0.0000341581 -0.134724882
  0.3738889717  0.0001578259 -0.4960067498  0.0002510787 -0.8156528152
 -0.8179894723 -0.0003748462]
