run = 0
step= 99

nparam= 49
        dense amplitude time= 0.0008733272552490234
        total non-zero amplitudes= 36
        nsamples per process= 12
self.n= 0.681927640787739
        collect g,h time= 0.15305042266845703
E=-4.387304684530194,dE=-8.58513260482141e-12,std=0
L=-4.387304684530194,dL=-8.58513260482141e-12,std=0
        gnorm= 5.643626414198262e-07
        collect S matrix time= 4.410743713378906e-05
        SR solver time= 8.511543273925781e-05
        collect H matrix time= 3.170967102050781e-05
        RGN solver time= 5.2928924560546875e-05
        xnorm=1.6796701941004353,dnorm=5.5384087686162134e-05
        dense amplitude time= 0.0008788108825683594
        total non-zero amplitudes= 36
        nsamples per process= 12
self.n= 0.6819300646760293
        RGN updated loss=-4.387304684537926,dloss=-7.73248132190929e-12
[ 0.0716885257 -0.4049182515  0.0002586758  0.3395134252 -0.5887993759
 -0.3626787932]
[ 0.0021155895 -0.006798172   0.3387020104 -0.0012124209  0.1840227626
 -0.5159602553 -0.0021385341  0.1274019506  0.0003297463 -0.0116618748
  0.0021610406 -0.0135424789 -0.1816879542 -0.000095006   0.031504045
 -0.834602151 ]
[-0.0661150979 -0.0343381202 -0.3647538751 -0.0273975443  0.0618390793
  0.0042986501  0.0384405848 -0.4829958816  0.0291486324  0.0796363474
 -0.0260079873 -0.1196726812 -0.0643903928  0.0748342907  0.0141083426
 -0.0620360775 -0.1103869851 -0.0244037183 -0.0285568912 -0.1097190985
  0.0079612333 -0.0718622994  0.0367861304  0.4059896839  0.5296461718
 -0.0364584307 -0.0623280461]
