layer= 0
nparam= 120
hop_ls= [(0, 1), (0, 2), (0, 3), (0, 4), (0, 5), (0, 6), (0, 7), (0, 8), (0, 9), (0, 10), (0, 11), (0, 12), (0, 13), (0, 14), (0, 15), (1, 2), (1, 3), (1, 4), (1, 5), (1, 6), (1, 7), (1, 8), (1, 9), (1, 10), (1, 11), (1, 12), (1, 13), (1, 14), (1, 15), (2, 3), (2, 4), (2, 5), (2, 6), (2, 7), (2, 8), (2, 9), (2, 10), (2, 11), (2, 12), (2, 13), (2, 14), (2, 15), (3, 4), (3, 5), (3, 6), (3, 7), (3, 8), (3, 9), (3, 10), (3, 11), (3, 12), (3, 13), (3, 14), (3, 15), (4, 5), (4, 6), (4, 7), (4, 8), (4, 9), (4, 10), (4, 11), (4, 12), (4, 13), (4, 14), (4, 15), (5, 6), (5, 7), (5, 8), (5, 9), (5, 10), (5, 11), (5, 12), (5, 13), (5, 14), (5, 15), (6, 7), (6, 8), (6, 9), (6, 10), (6, 11), (6, 12), (6, 13), (6, 14), (6, 15), (7, 8), (7, 9), (7, 10), (7, 11), (7, 12), (7, 13), (7, 14), (7, 15), (8, 9), (8, 10), (8, 11), (8, 12), (8, 13), (8, 14), (8, 15), (9, 10), (9, 11), (9, 12), (9, 13), (9, 14), (9, 15), (10, 11), (10, 12), (10, 13), (10, 14), (10, 15), (11, 12), (11, 13), (11, 14), (11, 15), (12, 13), (12, 14), (12, 15), (13, 14), (13, 15), (14, 15)]

update time= 0.009528636932373047
step= 0

nparam= 240
ntotal configs= 4900
	dense amplitude time= 0.10033106803894043
	total non-zero amplitudes= 4900
	nsamples per process= 50
	sample time= 4.839855670928955
self.n= 1.0741089941824844
	collect g,h time= 5.509740591049194
E=-11.720030886594534,dE=0,std=0
L=-11.720030886594534,dL=0,std=0
	gnorm= 0.4508157900153082
	collect S matrix time= 0.01699995994567871
	nonzero=138,wmax=3.429519448842221,wmin=0.00380264069848957
	SR solver time= 0.0037450790405273438
	collect H matrix time= 0.004854917526245117
	nonzero=139,smax=6.259540397074338,smin=0.008047810032307376
	RGN solver time= 0.006360292434692383
	xnorm=0.8999637317600091,dnorm=0.801728065511148
update time= 0.009527444839477539
	dense amplitude time= 0.002630472183227539
	total non-zero amplitudes= 4900
	nsamples per process= 50
	sample time= 4.351835250854492
self.n= 1.1598775095565226
	RGN updated loss=-11.917664532483608,dloss=-0.1976336458890735
update time= 0.009289264678955078
step= 1

nparam= 240
	dense amplitude time= 0.0024836063385009766
	total non-zero amplitudes= 4900
	nsamples per process= 50
	sample time= 4.889376878738403
self.n= 1.1598775095565226
	collect g,h time= 5.489891767501831
E=-11.917664532483608,dE=-0.1976336458890735,std=0
L=-11.917664532483608,dL=-0.1976336458890735,std=0
	gnorm= 0.2071698728067759
	collect S matrix time= 0.010497093200683594
	nonzero=139,wmax=3.515577233623264,wmin=0.003645166711441402
	SR solver time= 0.0035753250122070312
	collect H matrix time= 0.0038945674896240234
	nonzero=139,smax=5.778860398150443,smin=0.009265435608551755
	RGN solver time= 0.006276845932006836
	xnorm=1.0470847867836945,dnorm=0.43047535233666756
update time= 0.00946664810180664
	dense amplitude time= 0.0028247833251953125
	total non-zero amplitudes= 4900
	nsamples per process= 50
	sample time= 4.177199840545654
self.n= 1.2541210656060984
	RGN updated loss=-11.955223534168617,dloss=-0.03755900168500936
update time= 0.009171485900878906
step= 2

nparam= 240
	dense amplitude time= 0.0026373863220214844
	total non-zero amplitudes= 4900
	nsamples per process= 50
	sample time= 4.740989923477173
self.n= 1.2541210656060984
	collect g,h time= 5.521295547485352
E=-11.955223534168617,dE=-0.03755900168500936,std=0
L=-11.955223534168617,dL=-0.03755900168500936,std=0
	gnorm= 0.10433669755440848
	collect S matrix time= 0.009922266006469727
	nonzero=136,wmax=3.6965883757781195,wmin=0.003736082936853412
	SR solver time= 0.003560304641723633
	collect H matrix time= 0.004633903503417969
	nonzero=138,smax=5.961361208455748,smin=0.007187164525440381
	RGN solver time= 0.006272554397583008
	xnorm=1.3316998438733736,dnorm=0.321854990710069
update time= 0.009627103805541992
	dense amplitude time= 0.002822399139404297
	total non-zero amplitudes= 4900
	nsamples per process= 50
	sample time= 3.915250062942505
self.n= 1.2358709523855833
	RGN updated loss=-11.968861450057085,dloss=-0.0136379158884683
update time= 0.009296894073486328
step= 3

nparam= 240
	dense amplitude time= 0.002874135971069336
	total non-zero amplitudes= 4900
	nsamples per process= 50
	sample time= 4.42191481590271
self.n= 1.2358709523855833
	collect g,h time= 5.552994012832642
E=-11.968861450057085,dE=-0.0136379158884683,std=0
L=-11.968861450057085,dL=-0.0136379158884683,std=0
	gnorm= 0.05927181445629885
	collect S matrix time= 0.008656978607177734
	nonzero=135,wmax=3.8430508214728207,wmin=0.003988506458921276
	SR solver time= 0.003579378128051758
	collect H matrix time= 0.0033812522888183594
	nonzero=137,smax=6.121554100003702,smin=0.006932657558939144
	RGN solver time= 0.006413459777832031
	xnorm=1.4879674054112075,dnorm=0.16373562379372947
update time= 0.009646415710449219
	dense amplitude time= 0.002839803695678711
	total non-zero amplitudes= 4900
	nsamples per process= 50
	sample time= 3.982769727706909
self.n= 1.1869392292679821
	RGN updated loss=-11.974277201482256,dloss=-0.0054157514251702565
update time= 0.008617162704467773
step= 4

nparam= 240
	dense amplitude time= 0.0025544166564941406
	total non-zero amplitudes= 4900
	nsamples per process= 50
	sample time= 4.481111764907837
self.n= 1.1869392292679821
	collect g,h time= 5.492733716964722
E=-11.974277201482256,dE=-0.0054157514251702565,std=0
L=-11.974277201482256,dL=-0.0054157514251702565,std=0
	gnorm= 0.03855714682151222
	collect S matrix time= 0.009442806243896484
	nonzero=135,wmax=3.8965188226564664,wmin=0.0039878463351398444
	SR solver time= 0.003910541534423828
	collect H matrix time= 0.0028235912322998047
	nonzero=137,smax=6.163039542093754,smin=0.0076536483795516365
	RGN solver time= 0.006456613540649414
	xnorm=1.511523815853792,dnorm=0.09292520509271848
update time= 0.009860754013061523
	dense amplitude time= 0.003267526626586914
	total non-zero amplitudes= 4900
	nsamples per process= 50
	sample time= 3.8875300884246826
self.n= 1.1477918071878073
	RGN updated loss=-11.976318666934189,dloss=-0.0020414654519331776
update time= 0.008848905563354492
step= 5

nparam= 240
	dense amplitude time= 0.00244140625
	total non-zero amplitudes= 4900
	nsamples per process= 50
	sample time= 4.418333292007446
self.n= 1.1477918071878073
	collect g,h time= 5.534904479980469
E=-11.976318666934189,dE=-0.0020414654519331776,std=0
L=-11.976318666934189,dL=-0.0020414654519331776,std=0
	gnorm= 0.02680308867466104
	collect S matrix time= 0.007867813110351562
	nonzero=135,wmax=3.926683368848956,wmin=0.004169640728831035
	SR solver time= 0.003423452377319336
	collect H matrix time= 0.0033426284790039062
	nonzero=137,smax=6.182979690477635,smin=0.008524050207612809
	RGN solver time= 0.006177663803100586
	xnorm=1.5096694474861063,dnorm=0.048114013798291354
update time= 0.00976419448852539
	dense amplitude time= 0.0031414031982421875
	total non-zero amplitudes= 4900
	nsamples per process= 50
	sample time= 4.028855800628662
self.n= 1.1222070174836238
	RGN updated loss=-11.977222071806878,dloss=-0.0009034048726892507
update time= 0.008983135223388672
step= 6

nparam= 240
	dense amplitude time= 0.002704620361328125
	total non-zero amplitudes= 4900
	nsamples per process= 50
	sample time= 4.389754295349121
self.n= 1.1222070174836238
	collect g,h time= 5.538925647735596
E=-11.977222071806878,dE=-0.0009034048726892507,std=0
L=-11.977222071806878,dL=-0.0009034048726892507,std=0
	gnorm= 0.019497090637575883
	collect S matrix time= 0.008356094360351562
	nonzero=136,wmax=3.9483846848377713,wmin=0.003967111184913218
	SR solver time= 0.0037169456481933594
	collect H matrix time= 0.002932310104370117
	nonzero=137,smax=6.196645696032624,smin=0.009109732335151388
	RGN solver time= 0.006505727767944336
	xnorm=1.5068654933093026,dnorm=0.029770124328759615
update time= 0.009790420532226562
	dense amplitude time= 0.003551483154296875
	total non-zero amplitudes= 4900
	nsamples per process= 50
	sample time= 3.7095837593078613
self.n= 1.1051056842991034
	RGN updated loss=-11.977667373489897,dloss=-0.0004453016830190393
update time= 0.008655548095703125
step= 7

nparam= 240
	dense amplitude time= 0.0029184818267822266
	total non-zero amplitudes= 4900
	nsamples per process= 50
	sample time= 4.121592998504639
self.n= 1.1051056842991034
	collect g,h time= 5.5814454555511475
E=-11.977667373489897,dE=-0.0004453016830190393,std=0
L=-11.977667373489897,dL=-0.0004453016830190393,std=0
	gnorm= 0.01463016078336932
	collect S matrix time= 0.00827336311340332
	nonzero=136,wmax=3.9648344926054584,wmin=0.004089224163621204
	SR solver time= 0.003424406051635742
	collect H matrix time= 0.0034716129302978516
	nonzero=137,smax=6.2075122168101,smin=0.00954886882180768
	RGN solver time= 0.006245613098144531
	xnorm=1.5054564747790982,dnorm=0.019680702662642904
update time= 0.009575128555297852
	dense amplitude time= 0.0027878284454345703
	total non-zero amplitudes= 4900
	nsamples per process= 50
	sample time= 3.4175846576690674
self.n= 1.0937007233155631
	RGN updated loss=-11.977900533317923,dloss=-0.00023315982802607493
update time= 0.00869131088256836
step= 8

nparam= 240
	dense amplitude time= 0.0026607513427734375
	total non-zero amplitudes= 4900
	nsamples per process= 50
	sample time= 3.987823009490967
self.n= 1.0937007233155631
	collect g,h time= 5.537743330001831
E=-11.977900533317923,dE=-0.00023315982802607493,std=0
L=-11.977900533317923,dL=-0.00023315982802607493,std=0
	gnorm= 0.011237272465140532
	collect S matrix time= 0.009484529495239258
	nonzero=136,wmax=3.9774423622127846,wmin=0.0041776249321899064
	SR solver time= 0.003415822982788086
	collect H matrix time= 0.0033779144287109375
	nonzero=137,smax=6.216211947501155,smin=0.009845059834493372
	RGN solver time= 0.006151676177978516
	xnorm=1.5050361839751845,dnorm=0.013545328686320926
update time= 0.009532928466796875
	dense amplitude time= 0.0027697086334228516
	total non-zero amplitudes= 4900
	nsamples per process= 50
	sample time= 3.7177155017852783
self.n= 1.0860054860080934
	RGN updated loss=-11.978028101826135,dloss=-0.00012756850821205035
update time= 0.009003877639770508
step= 9

nparam= 240
	dense amplitude time= 0.022279977798461914
	total non-zero amplitudes= 4900
	nsamples per process= 50
	sample time= 4.284989833831787
self.n= 1.0860054860080934
	collect g,h time= 5.5109429359436035
E=-11.978028101826135,dE=-0.00012756850821205035,std=0
L=-11.978028101826135,dL=-0.00012756850821205035,std=0
	gnorm= 0.008800434945366245
	collect S matrix time= 0.007713794708251953
	nonzero=136,wmax=3.987057789074147,wmin=0.004241442961148606
	SR solver time= 0.0037529468536376953
	collect H matrix time= 0.0032660961151123047
	nonzero=137,smax=6.223048447424373,smin=0.01002230635132098
	RGN solver time= 0.006487846374511719
	xnorm=1.505194504112789,dnorm=0.0096325909716818
update time= 0.009860992431640625
	dense amplitude time= 0.002761363983154297
	total non-zero amplitudes= 4900
	nsamples per process= 50
	sample time= 3.6106512546539307
self.n= 1.0807239490961378
	RGN updated loss=-11.978100482155616,dloss=-7.238032948109208e-05
update time= 0.009087085723876953
step= 10

nparam= 240
	dense amplitude time= 0.0022554397583007812
	total non-zero amplitudes= 4900
	nsamples per process= 50
	sample time= 3.905477523803711
self.n= 1.0807239490961378
	collect g,h time= 5.511748552322388
E=-11.978100482155616,dE=-7.238032948109208e-05,std=0
L=-11.978100482155616,dL=-7.238032948109208e-05,std=0
	gnorm= 0.0070186843731706835
	collect S matrix time= 0.008868217468261719
	nonzero=137,wmax=3.9943543173055596,wmin=0.004050154497589023
	SR solver time= 0.0034575462341308594
	collect H matrix time= 0.0033178329467773438
	nonzero=137,smax=6.228335492350357,smin=0.010112061554969902
	RGN solver time= 0.006334543228149414
	xnorm=1.5055275065568394,dnorm=0.006960092434971995
update time= 0.009564638137817383
	dense amplitude time= 0.0031659603118896484
	total non-zero amplitudes= 4900
	nsamples per process= 50
	sample time= 3.7688405513763428
self.n= 1.077068645207617
	RGN updated loss=-11.97814289217132,dloss=-4.2410015703708837e-05
update time= 0.00862741470336914
step= 11

nparam= 240
	dense amplitude time= 0.0025320053100585938
	total non-zero amplitudes= 4900
	nsamples per process= 50
	sample time= 4.006562232971191
self.n= 1.077068645207617
	collect g,h time= 5.5049145221710205
E=-11.97814289217132,dE=-4.2410015703708837e-05,std=0
L=-11.97814289217132,dL=-4.2410015703708837e-05,std=0
	gnorm= 0.0056958077290414615
	collect S matrix time= 0.009066581726074219
	nonzero=137,wmax=3.9998662955538347,wmin=0.004096900537497254
	SR solver time= 0.0034275054931640625
	collect H matrix time= 0.0037102699279785156
	nonzero=137,smax=6.232377632415453,smin=0.010175656553070112
	RGN solver time= 0.006219625473022461
	xnorm=1.5059626555634944,dnorm=0.005142583801929305
update time= 0.009660482406616211
	dense amplitude time= 0.002929210662841797
	total non-zero amplitudes= 4900
	nsamples per process= 50
	sample time= 3.5361413955688477
self.n= 1.07448291289409
	RGN updated loss=-11.978168521980322,dloss=-2.5629809002225556e-05
update time= 0.008893489837646484
step= 12

nparam= 240
	dense amplitude time= 0.015959978103637695
	total non-zero amplitudes= 4900
	nsamples per process= 50
	sample time= 4.219870090484619
self.n= 1.07448291289409
	collect g,h time= 5.501582384109497
E=-11.978168521980322,dE=-2.5629809002225556e-05,std=0
L=-11.978168521980322,dL=-2.5629809002225556e-05,std=0
	gnorm= 0.00470390823707962
	collect S matrix time= 0.009104251861572266
	nonzero=137,wmax=4.004018929934112,wmin=0.004130840010570172
	SR solver time= 0.0034356117248535156
	collect H matrix time= 0.0034983158111572266
	nonzero=137,smax=6.235446483284201,smin=0.010221125420554823
	RGN solver time= 0.006109476089477539
	xnorm=1.5063177164322625,dnorm=0.003846501297841258
update time= 0.009557723999023438
	dense amplitude time= 0.003223419189453125
	total non-zero amplitudes= 4900
	nsamples per process= 50
	sample time= 3.4831326007843018
self.n= 1.0726359295986163
	RGN updated loss=-11.978184477231846,dloss=-1.5955251523536162e-05
update time= 0.009024858474731445
step= 13

nparam= 240
	dense amplitude time= 0.0023505687713623047
	total non-zero amplitudes= 4900
	nsamples per process= 50
	sample time= 4.188509225845337
self.n= 1.0726359295986163
	collect g,h time= 5.529541730880737
E=-11.978184477231846,dE=-1.5955251523536162e-05,std=0
L=-11.978184477231846,dL=-1.5955251523536162e-05,std=0
	gnorm= 0.003952685210664077
	collect S matrix time= 0.008001565933227539
	nonzero=137,wmax=4.007141125271713,wmin=0.004155562156460633
	SR solver time= 0.0036885738372802734
	collect H matrix time= 0.003267526626586914
	nonzero=137,smax=6.237764781210482,smin=0.010255722113734683
	RGN solver time= 0.006604909896850586
	xnorm=1.5066025742268245,dnorm=0.0029179948870727782
update time= 0.009730815887451172
	dense amplitude time= 0.002524137496948242
	total non-zero amplitudes= 4900
	nsamples per process= 50
	sample time= 3.651916027069092
self.n= 1.0712949803777545
	RGN updated loss=-11.97819469834309,dloss=-1.0221111244490544e-05
update time= 0.008721351623535156
step= 14

nparam= 240
	dense amplitude time= 0.003576040267944336
	total non-zero amplitudes= 4900
	nsamples per process= 50
	sample time= 4.022027015686035
self.n= 1.0712949803777545
	collect g,h time= 5.598609924316406
E=-11.97819469834309,dE=-1.0221111244490544e-05,std=0
L=-11.97819469834309,dL=-1.0221111244490544e-05,std=0
	gnorm= 0.003378177483124935
	collect S matrix time= 0.009474754333496094
	nonzero=137,wmax=4.009485587144896,wmin=0.004173747528748876
	SR solver time= 0.0035071372985839844
	collect H matrix time= 0.0034499168395996094
	nonzero=137,smax=6.239511560054678,smin=0.01028141706173502
	RGN solver time= 0.006403207778930664
	xnorm=1.5067988037285154,dnorm=0.0022451853054615014
update time= 0.009809732437133789
	dense amplitude time= 0.0029518604278564453
	total non-zero amplitudes= 4900
	nsamples per process= 50
	sample time= 3.748260259628296
self.n= 1.070306937543894
	RGN updated loss=-11.978201424282092,dloss=-6.7259390021945364e-06
update time= 0.008669853210449219
step= 15

nparam= 240
	dense amplitude time= 0.003715038299560547
	total non-zero amplitudes= 4900
	nsamples per process= 50
	sample time= 3.9522547721862793
self.n= 1.070306937543894
	collect g,h time= 5.692998647689819
E=-11.978201424282092,dE=-6.7259390021945364e-06,std=0
L=-11.978201424282092,dL=-6.7259390021945364e-06,std=0
	gnorm= 0.0029359272672447997
	collect S matrix time= 0.007854700088500977
	nonzero=137,wmax=4.0112454830933455,wmin=0.004187186599921533
	SR solver time= 0.003510713577270508
	collect H matrix time= 0.003351926803588867
	nonzero=137,smax=6.240825320972057,smin=0.010299099219163704
	RGN solver time= 0.0063860416412353516
	xnorm=1.506906079910049,dnorm=0.0017217648329582369
update time= 0.009779930114746094
	dense amplitude time= 0.003880023956298828
	total non-zero amplitudes= 4900
	nsamples per process= 50
	sample time= 3.741119146347046
self.n= 1.069586848899382
	RGN updated loss=-11.978205958222008,dloss=-4.533939915063456e-06
update time= 0.008681297302246094
step= 16

nparam= 240
	dense amplitude time= 0.003964662551879883
	total non-zero amplitudes= 4900
	nsamples per process= 50
	sample time= 4.290048122406006
self.n= 1.069586848899382
	collect g,h time= 5.674536466598511
E=-11.978205958222008,dE=-4.533939915063456e-06,std=0
L=-11.978205958222008,dL=-4.533939915063456e-06,std=0
	gnorm= 0.002593052091415933
	collect S matrix time= 0.009142160415649414
	nonzero=137,wmax=4.012564673826317,wmin=0.0041969904493753185
	SR solver time= 0.003474712371826172
	collect H matrix time= 0.0034630298614501953
	nonzero=137,smax=6.241811332953063,smin=0.010312028181382145
	RGN solver time= 0.006411075592041016
	xnorm=1.5070096852486852,dnorm=0.0013378424244764298
update time= 0.009804487228393555
	dense amplitude time= 0.0036623477935791016
	total non-zero amplitudes= 4900
	nsamples per process= 50
	sample time= 3.5935275554656982
self.n= 1.0690571489565561
	RGN updated loss=-11.978209081648897,dloss=-3.123426889573011e-06
update time= 0.009235143661499023
step= 17

nparam= 240
	dense amplitude time= 0.0024063587188720703
	total non-zero amplitudes= 4900
	nsamples per process= 50
	sample time= 4.140883684158325
self.n= 1.0690571489565561
	collect g,h time= 5.689828634262085
E=-11.978209081648897,dE=-3.123426889573011e-06,std=0
L=-11.978209081648897,dL=-3.123426889573011e-06,std=0
	gnorm= 0.002326026953174603
	collect S matrix time= 0.008025169372558594
	nonzero=137,wmax=4.013553031346953,wmin=0.004204181865817165
	SR solver time= 0.0037322044372558594
	collect H matrix time= 0.003135204315185547
	nonzero=137,smax=6.242549928340117,smin=0.010321481796361663
	RGN solver time= 0.006635904312133789
	xnorm=1.507096318568369,dnorm=0.0010520818381905368
update time= 0.009769439697265625
	dense amplitude time= 0.00411534309387207
	total non-zero amplitudes= 4900
	nsamples per process= 50
	sample time= 3.639277696609497
self.n= 1.0686642830341953
	RGN updated loss=-11.97821127346975,dloss=-2.1918208528148853e-06
update time= 0.008602142333984375
step= 18

nparam= 240
	dense amplitude time= 0.01883244514465332
	total non-zero amplitudes= 4900
	nsamples per process= 50
	sample time= 4.02158260345459
self.n= 1.0686642830341953
	collect g,h time= 5.80715012550354
E=-11.97821127346975,dE=-2.1918208528148853e-06,std=0
L=-11.97821127346975,dL=-2.1918208528148853e-06,std=0
	gnorm= 0.0021175876434119884
	collect S matrix time= 0.008281469345092773
	nonzero=137,wmax=4.014293323520514,wmin=0.004209473355954593
	SR solver time= 0.0036077499389648438
	collect H matrix time= 0.0036246776580810547
	nonzero=137,smax=6.243102553784413,smin=0.010329750072636474
	RGN solver time= 0.006605625152587891
	xnorm=1.5071648327770018,dnorm=0.0008513363095389523
update time= 0.010242462158203125
	dense amplitude time= 0.0036978721618652344
	total non-zero amplitudes= 4900
	nsamples per process= 50
	sample time= 3.666170358657837
self.n= 1.068359976349596
	RGN updated loss=-11.978212837071013,dloss=-1.5636012626885076e-06
update time= 0.00905609130859375
step= 19

nparam= 240
	dense amplitude time= 0.002467632293701172
	total non-zero amplitudes= 4900
	nsamples per process= 50
	sample time= 4.28098201751709
self.n= 1.068359976349596
	collect g,h time= 5.7585108280181885
E=-11.978212837071013,dE=-1.5636012626885076e-06,std=0
L=-11.978212837071013,dL=-1.5636012626885076e-06,std=0
	gnorm= 0.0019550285188299527
	collect S matrix time= 0.00768280029296875
	nonzero=137,wmax=4.014848834118011,wmin=0.004213517855093733
	SR solver time= 0.003474712371826172
	collect H matrix time= 0.003492116928100586
	nonzero=137,smax=6.243516102839124,smin=0.010333439544842
	RGN solver time= 0.006278276443481445
	xnorm=1.507183609886499,dnorm=0.0006756544992476659
update time= 0.009941816329956055
	dense amplitude time= 0.0030167102813720703
	total non-zero amplitudes= 4900
	nsamples per process= 50
	sample time= 3.6306936740875244
self.n= 1.0681491652773563
	RGN updated loss=-11.978213965329536,dloss=-1.128258523053205e-06
update time= 0.008677244186401367
step= 20

nparam= 240
	dense amplitude time= 0.01885986328125
	total non-zero amplitudes= 4900
	nsamples per process= 50
	sample time= 4.183737277984619
self.n= 1.0681491652773563
	collect g,h time= 5.696471452713013
E=-11.978213965329536,dE=-1.128258523053205e-06,std=0
L=-11.978213965329536,dL=-1.128258523053205e-06,std=0
	gnorm= 0.001828146432667781
	collect S matrix time= 0.007972955703735352
	nonzero=137,wmax=4.015263701250993,wmin=0.004216297614054059
	SR solver time= 0.003477811813354492
	collect H matrix time= 0.003491640090942383
	nonzero=137,smax=6.243824326569215,smin=0.010337152312730302
	RGN solver time= 0.006320953369140625
	xnorm=1.5072620710131976,dnorm=0.0005471232040593021
update time= 0.009841203689575195
	dense amplitude time= 0.002786874771118164
	total non-zero amplitudes= 4900
	nsamples per process= 50
	sample time= 3.7037222385406494
self.n= 1.067986518760499
	RGN updated loss=-11.978214787880354,dloss=-8.225508185688568e-07
update time= 0.008711814880371094
step= 21

nparam= 240
	dense amplitude time= 0.0021729469299316406
	total non-zero amplitudes= 4900
	nsamples per process= 50
	sample time= 4.065833806991577
self.n= 1.067986518760499
	collect g,h time= 5.68400502204895
E=-11.978214787880354,dE=-8.225508185688568e-07,std=0
L=-11.978214787880354,dL=-8.225508185688568e-07,std=0
	gnorm= 0.001729538478265832
	collect S matrix time= 0.007672309875488281
	nonzero=137,wmax=4.015574409890144,wmin=0.004218390421835955
	SR solver time= 0.0034477710723876953
	collect H matrix time= 0.0036590099334716797
	nonzero=137,smax=6.244054024991074,smin=0.010339902198220422
	RGN solver time= 0.006251811981201172
	xnorm=1.5073070438625245,dnorm=0.00045123587990519105
update time= 0.009953737258911133
	dense amplitude time= 0.0027060508728027344
	total non-zero amplitudes= 4900
	nsamples per process= 50
	sample time= 3.7698757648468018
self.n= 1.0678610635289447
	RGN updated loss=-11.978215392401847,dloss=-6.045214924199627e-07
update time= 0.00879979133605957
step= 22

nparam= 240
	dense amplitude time= 0.002584218978881836
	total non-zero amplitudes= 4900
	nsamples per process= 50
	sample time= 4.202370882034302
self.n= 1.0678610635289447
	collect g,h time= 5.680416822433472
E=-11.978215392401847,dE=-6.045214924199627e-07,std=0
L=-11.978215392401847,dL=-6.045214924199627e-07,std=0
	gnorm= 0.0016531746405580973
	collect S matrix time= 0.008000612258911133
	nonzero=137,wmax=4.015807196004453,wmin=0.004219954260692948
	SR solver time= 0.0035178661346435547
	collect H matrix time= 0.0034019947052001953
	nonzero=137,smax=6.2442254062840865,smin=0.010341955437618794
	RGN solver time= 0.0063190460205078125
	xnorm=1.5073350457664614,dnorm=0.0003758532740827205
update time= 0.00986623764038086
	dense amplitude time= 0.0033409595489501953
	total non-zero amplitudes= 4900
	nsamples per process= 50
	sample time= 3.587066650390625
self.n= 1.0677642167326238
	RGN updated loss=-11.978215839417768,dloss=-4.4701592116780375e-07
update time= 0.009572982788085938
step= 23

nparam= 240
	dense amplitude time= 0.0022232532501220703
	total non-zero amplitudes= 4900
	nsamples per process= 50
	sample time= 4.254908561706543
self.n= 1.0677642167326238
	collect g,h time= 5.699315071105957
E=-11.978215839417768,dE=-4.4701592116780375e-07,std=0
L=-11.978215839417768,dL=-4.4701592116780375e-07,std=0
	gnorm= 0.0015942622408286068
	collect S matrix time= 0.007766246795654297
	nonzero=137,wmax=4.0159816888484405,wmin=0.004221118265790904
	SR solver time= 0.0037915706634521484
	collect H matrix time= 0.003307342529296875
	nonzero=137,smax=6.244353225965109,smin=0.010343485231999983
	RGN solver time= 0.0066416263580322266
	xnorm=1.5073536502933067,dnorm=0.00031558679440699393
update time= 0.009940862655639648
	dense amplitude time= 0.0028705596923828125
	total non-zero amplitudes= 4900
	nsamples per process= 50
	sample time= 3.6084725856781006
self.n= 1.0676892214926719
	RGN updated loss=-11.978216171514646,dloss=-3.3209687799740095e-07
update time= 0.009443998336791992
step= 24

nparam= 240
	dense amplitude time= 0.00335693359375
	total non-zero amplitudes= 4900
	nsamples per process= 50
	sample time= 4.082898378372192
self.n= 1.0676892214926719
	collect g,h time= 5.650694370269775
E=-11.978216171514646,dE=-3.3209687799740095e-07,std=0
L=-11.978216171514646,dL=-3.3209687799740095e-07,std=0
	gnorm= 0.0015489838820493828
	collect S matrix time= 0.007744312286376953
	nonzero=137,wmax=4.016112581291169,wmin=0.0042219831715590225
	SR solver time= 0.003439664840698242
	collect H matrix time= 0.003458261489868164
	nonzero=137,smax=6.244448499562751,smin=0.010344622936911642
	RGN solver time= 0.006242275238037109
	xnorm=1.5073665018104812,dnorm=0.0002667947098595772
update time= 0.009811878204345703
	dense amplitude time= 0.0026383399963378906
	total non-zero amplitudes= 4900
	nsamples per process= 50
	sample time= 3.7470149993896484
self.n= 1.0676308806705674
	RGN updated loss=-11.978216419112934,dloss=-2.4759828853859744e-07
update time= 0.008857250213623047
step= 25

nparam= 240
	dense amplitude time= 0.0024993419647216797
	total non-zero amplitudes= 4900
	nsamples per process= 50
	sample time= 4.183764696121216
self.n= 1.0676308806705674
	collect g,h time= 5.642861366271973
E=-11.978216419112934,dE=-2.4759828853859744e-07,std=0
L=-11.978216419112934,dL=-2.4759828853859744e-07,std=0
	gnorm= 0.0015143053194443875
	collect S matrix time= 0.007964134216308594
	nonzero=137,wmax=4.016210860144983,wmin=0.00422262536517201
	SR solver time= 0.0035369396209716797
	collect H matrix time= 0.003408193588256836
	nonzero=137,smax=6.24451947681174,smin=0.010345468347390627
	RGN solver time= 0.006345510482788086
	xnorm=1.507375559534095,dnorm=0.00022682994536902764
update time= 0.009913921356201172
	dense amplitude time= 0.0032491683959960938
	total non-zero amplitudes= 4900
	nsamples per process= 50
	sample time= 3.706350564956665
self.n= 1.067585249008073
	RGN updated loss=-11.97821660415077,dloss=-1.850378357204363e-07
update time= 0.008718252182006836
step= 26

nparam= 240
	dense amplitude time= 0.020346879959106445
	total non-zero amplitudes= 4900
	nsamples per process= 50
	sample time= 4.309913158416748
self.n= 1.067585249008073
	collect g,h time= 5.70691442489624
E=-11.97821660415077,dE=-1.850378357204363e-07,std=0
L=-11.97821660415077,dL=-1.850378357204363e-07,std=0
	gnorm= 0.00148781260151157
	collect S matrix time= 0.00791311264038086
	nonzero=137,wmax=4.016284735600482,wmin=0.004223102032241152
	SR solver time= 0.003538370132446289
	collect H matrix time= 0.00345611572265625
	nonzero=137,smax=6.244572359283674,smin=0.01034615900025552
	RGN solver time= 0.006487607955932617
	xnorm=1.5073819980812802,dnorm=0.000193714350751876
update time= 0.01014852523803711
	dense amplitude time= 0.003443002700805664
	total non-zero amplitudes= 4900
	nsamples per process= 50
	sample time= 3.6186087131500244
self.n= 1.0675480195332394
	RGN updated loss=-11.978216742797283,dloss=-1.3864651293715724e-07
update time= 0.008776664733886719
step= 27

nparam= 240
	dense amplitude time= 0.002223491668701172
	total non-zero amplitudes= 4900
	nsamples per process= 50
	sample time= 4.14804482460022
self.n= 1.0675480195332394
	collect g,h time= 5.688595533370972
E=-11.978216742797283,dE=-1.3864651293715724e-07,std=0
L=-11.978216742797283,dL=-1.3864651293715724e-07,std=0
	gnorm= 0.0014676520254243907
	collect S matrix time= 0.007918596267700195
	nonzero=137,wmax=4.01634022623385,wmin=0.00422345876295286
	SR solver time= 0.003545522689819336
	collect H matrix time= 0.0035393238067626953
	nonzero=137,smax=6.244611810268837,smin=0.010346644577715688
	RGN solver time= 0.006325483322143555
	xnorm=1.5073842999749887,dnorm=0.00016605697514193073
update time= 0.009903430938720703
	dense amplitude time= 0.002912282943725586
	total non-zero amplitudes= 4900
	nsamples per process= 50
	sample time= 3.7818801403045654
self.n= 1.0675190571508413
	RGN updated loss=-11.978216846811451,dloss=-1.0401416794536544e-07
update time= 0.008988142013549805
step= 28

nparam= 240
	dense amplitude time= 0.0034973621368408203
	total non-zero amplitudes= 4900
	nsamples per process= 50
	sample time= 4.223469972610474
self.n= 1.0675190571508413
	collect g,h time= 5.7594897747039795
E=-11.978216846811451,dE=-1.0401416794536544e-07,std=0
L=-11.978216846811451,dL=-1.0401416794536544e-07,std=0
	gnorm= 0.0014523307966942144
	collect S matrix time= 0.007768392562866211
	nonzero=137,wmax=4.01638201912317,wmin=0.004223721771221822
	SR solver time= 0.0035371780395507812
	collect H matrix time= 0.0034685134887695312
	nonzero=137,smax=6.24464104225441,smin=0.010346997810708835
	RGN solver time= 0.006379365921020508
	xnorm=1.5073867052933718,dnorm=0.00014278192845976843
update time= 0.009860992431640625
	dense amplitude time= 0.0024900436401367188
	total non-zero amplitudes= 4900
	nsamples per process= 50
	sample time= 3.899656057357788
self.n= 1.0674961800048393
	RGN updated loss=-11.978216924932799,dloss=-7.812134761309153e-08
update time= 0.008844852447509766
step= 29

nparam= 240
	dense amplitude time= 0.017659425735473633
	total non-zero amplitudes= 4900
	nsamples per process= 50
	sample time= 4.16184401512146
self.n= 1.0674961800048393
	collect g,h time= 5.714921951293945
E=-11.978216924932799,dE=-7.812134761309153e-08,std=0
L=-11.978216924932799,dL=-7.812134761309153e-08,std=0
	gnorm= 0.0014407080627830413
	collect S matrix time= 0.007756471633911133
	nonzero=137,wmax=4.016413576239292,wmin=0.004223916391007323
	SR solver time= 0.003549337387084961
	collect H matrix time= 0.0036852359771728516
	nonzero=137,smax=6.244662751505106,smin=0.01034725800456335
	RGN solver time= 0.006433248519897461
	xnorm=1.5073886566776855,dnorm=0.000123043044015724
update time= 0.009936094284057617
	dense amplitude time= 0.002965211868286133
	total non-zero amplitudes= 4900
	nsamples per process= 50
	sample time= 3.6923704147338867
self.n= 1.0674779193270525
	RGN updated loss=-11.978216983656731,dloss=-5.87239323834865e-08
update time= 0.009846210479736328
step= 30

nparam= 240
	dense amplitude time= 0.002417325973510742
	total non-zero amplitudes= 4900
	nsamples per process= 50
	sample time= 4.159038305282593
self.n= 1.0674779193270525
	collect g,h time= 5.705085277557373
E=-11.978216983656731,dE=-5.87239323834865e-08,std=0
L=-11.978216983656731,dL=-5.87239323834865e-08,std=0
	gnorm= 0.0014319037940850549
	collect S matrix time= 0.0077800750732421875
	nonzero=137,wmax=4.016437460609592,wmin=0.0042240605417335686
	SR solver time= 0.003721475601196289
	collect H matrix time= 0.0029058456420898438
	nonzero=137,smax=6.244678886985829,smin=0.010347450632585218
	RGN solver time= 0.0065958499908447266
	xnorm=1.5073901065859054,dnorm=0.00010621434227837255
update time= 0.009819746017456055
	dense amplitude time= 0.0031211376190185547
	total non-zero amplitudes= 4900
	nsamples per process= 50
	sample time= 3.6616268157958984
self.n= 1.067463221122559
	RGN updated loss=-11.978217027827597,dloss=-4.4170866075887716e-08
update time= 0.00877237319946289
step= 31

nparam= 240
	dense amplitude time= 0.012738227844238281
	total non-zero amplitudes= 4900
	nsamples per process= 50
	sample time= 4.227384090423584
self.n= 1.067463221122559
	collect g,h time= 5.6836113929748535
E=-11.978217027827597,dE=-4.4170866075887716e-08,std=0
L=-11.978217027827597,dL=-4.4170866075887716e-08,std=0
	gnorm= 0.0014252421727236324
	collect S matrix time= 0.008033275604248047
	nonzero=137,wmax=4.016455581647908,wmin=0.004224167302797356
	SR solver time= 0.0035049915313720703
	collect H matrix time= 0.003447294235229492
	nonzero=137,smax=6.24469088112271,smin=0.010347593591828108
	RGN solver time= 0.0064389705657958984
	xnorm=1.5073911328598062,dnorm=9.180772837603753e-05
update time= 0.00991678237915039
	dense amplitude time= 0.0030045509338378906
	total non-zero amplitudes= 4900
	nsamples per process= 50
	sample time= 3.616363763809204
self.n= 1.0674513040410947
	RGN updated loss=-11.978217061067726,dloss=-3.324012887162553e-08
update time= 0.008664608001708984
step= 32

nparam= 240
	dense amplitude time= 0.003061056137084961
	total non-zero amplitudes= 4900
	nsamples per process= 50
	sample time= 4.238135814666748
self.n= 1.0674513040410947
	collect g,h time= 5.695131063461304
E=-11.978217061067726,dE=-3.324012887162553e-08,std=0
L=-11.978217061067726,dL=-3.324012887162553e-08,std=0
	gnorm= 0.0014202062775861284
	collect S matrix time= 0.007645368576049805
	nonzero=137,wmax=4.0164693662954445,wmin=0.004224246327313931
	SR solver time= 0.0034639835357666016
	collect H matrix time= 0.0033745765686035156
	nonzero=137,smax=6.244699794866949,smin=0.01034769983892274
	RGN solver time= 0.006318569183349609
	xnorm=1.5073918312341232,dnorm=7.943488513431705e-05
update time= 0.009812116622924805
	dense amplitude time= 0.002420186996459961
	total non-zero amplitudes= 4900
	nsamples per process= 50
	sample time= 3.6799330711364746
self.n= 1.0674415778711146
	RGN updated loss=-11.978217086090952,dloss=-2.5023226157827594e-08
update time= 0.008821487426757812
step= 33

nparam= 240
	dense amplitude time= 0.003972291946411133
	total non-zero amplitudes= 4900
	nsamples per process= 50
	sample time= 4.171168327331543
self.n= 1.0674415778711146
	collect g,h time= 5.712281703948975
E=-11.978217086090952,dE=-2.5023226157827594e-08,std=0
L=-11.978217086090952,dL=-2.5023226157827594e-08,std=0
	gnorm= 0.0014164020202705038
	collect S matrix time= 0.009256601333618164
	nonzero=137,wmax=4.016479882836989,wmin=0.004224304769105248
	SR solver time= 0.003502368927001953
	collect H matrix time= 0.003712177276611328
	nonzero=137,smax=6.244706416707787,smin=0.010347778874264633
	RGN solver time= 0.0063059329986572266
	xnorm=1.5073922860806908,dnorm=6.878216230806779e-05
update time= 0.009759187698364258
	dense amplitude time= 0.002458333969116211
	total non-zero amplitudes= 4900
	nsamples per process= 50
	sample time= 3.851487159729004
self.n= 1.0674335912266957
	RGN updated loss=-11.978217104933472,dloss=-1.884252043282686e-08
update time= 0.008738517761230469
step= 34

nparam= 240
	dense amplitude time= 0.018115520477294922
	total non-zero amplitudes= 4900
	nsamples per process= 50
	sample time= 4.19227147102356
self.n= 1.0674335912266957
	collect g,h time= 5.704674005508423
E=-11.978217104933472,dE=-1.884252043282686e-08,std=0
L=-11.978217104933472,dL=-1.884252043282686e-08,std=0
	gnorm= 0.0014135297372489307
	collect S matrix time= 0.007896184921264648
	nonzero=137,wmax=4.016487932047561,wmin=0.004224347938310137
	SR solver time= 0.0034966468811035156
	collect H matrix time= 0.0034894943237304688
	nonzero=137,smax=6.244711333439626,smin=0.010347837707165953
	RGN solver time= 0.006349325180053711
	xnorm=1.5073925646412492,dnorm=5.959279350247237e-05
update time= 0.009806156158447266
	dense amplitude time= 0.002780914306640625
	total non-zero amplitudes= 4900
	nsamples per process= 50
	sample time= 3.8873002529144287
self.n= 1.0674269956660443
	RGN updated loss=-11.978217119124723,dloss=-1.4191250841122383e-08
update time= 0.00885772705078125
step= 35

nparam= 240
	dense amplitude time= 0.0024001598358154297
	total non-zero amplitudes= 4900
	nsamples per process= 50
	sample time= 4.239506483078003
self.n= 1.0674269956660443
	collect g,h time= 5.7000463008880615
E=-11.978217119124723,dE=-1.4191250841122383e-08,std=0
L=-11.978217119124723,dL=-1.4191250841122383e-08,std=0
	gnorm= 0.0014113620271061823
	collect S matrix time= 0.007843732833862305
	nonzero=137,wmax=4.016494114836662,wmin=0.004224379779024997
	SR solver time= 0.0035021305084228516
	collect H matrix time= 0.0035474300384521484
	nonzero=137,smax=6.244714981939211,smin=0.01034788152617223
	RGN solver time= 0.006398439407348633
	xnorm=1.5073927182021951,dnorm=5.1654098432658777e-05
update time= 0.0098876953125
	dense amplitude time= 0.0030126571655273438
	total non-zero amplitudes= 4900
	nsamples per process= 50
	sample time= 3.7109336853027344
self.n= 1.0674215201045008
	RGN updated loss=-11.97821712981445,dloss=-1.0689726437362879e-08
update time= 0.008933305740356445
step= 36

nparam= 240
	dense amplitude time= 0.0025854110717773438
	total non-zero amplitudes= 4900
	nsamples per process= 50
	sample time= 4.4103827476501465
self.n= 1.0674215201045008
	collect g,h time= 5.656096458435059
E=-11.97821712981445,dE=-1.0689726437362879e-08,std=0
L=-11.97821712981445,dL=-1.0689726437362879e-08,std=0
	gnorm= 0.001409726595869103
	collect S matrix time= 0.007413148880004883
	nonzero=137,wmax=4.016498882639045,wmin=0.004224403221333345
	SR solver time= 0.0034525394439697266
	collect H matrix time= 0.003588438034057617
	nonzero=137,smax=6.244717687468399,smin=0.010347914179393443
	RGN solver time= 0.0062143802642822266
	xnorm=1.5073927849614088,dnorm=4.4788162147943095e-05
update time= 0.009816646575927734
	dense amplitude time= 0.0025339126586914062
	total non-zero amplitudes= 4900
	nsamples per process= 50
	sample time= 3.6979663372039795
self.n= 1.0674169521389678
	RGN updated loss=-11.978217137867503,dloss=-8.053053335288496e-09
update time= 0.008910179138183594
step= 37

nparam= 240
	dense amplitude time= 0.022649765014648438
	total non-zero amplitudes= 4900
	nsamples per process= 50
	sample time= 4.353642225265503
self.n= 1.0674169521389678
	collect g,h time= 5.7077789306640625
E=-11.978217137867503,dE=-8.053053335288496e-09,std=0
L=-11.978217137867503,dL=-8.053053335288496e-09,std=0
	gnorm= 0.0014084930607436397
	collect S matrix time= 0.007971048355102539
	nonzero=137,wmax=4.016502575018652,wmin=0.004224420441980967
	SR solver time= 0.0035996437072753906
	collect H matrix time= 0.0033707618713378906
	nonzero=137,smax=6.244719692147023,smin=0.010347938524194586
	RGN solver time= 0.006353616714477539
	xnorm=1.5073927929260214,dnorm=3.884494226609091e-05
update time= 0.0099029541015625
	dense amplitude time= 0.0023622512817382812
	total non-zero amplitudes= 4900
	nsamples per process= 50
	sample time= 3.757031202316284
self.n= 1.0674131242172837
	RGN updated loss=-11.978217143934712,dloss=-6.0672089574609345e-09
update time= 0.008913993835449219
step= 38

nparam= 240
	dense amplitude time= 0.002786874771118164
	total non-zero amplitudes= 4900
	nsamples per process= 50
	sample time= 4.173223257064819
self.n= 1.0674131242172837
	collect g,h time= 5.792381286621094
E=-11.978217143934712,dE=-6.0672089574609345e-09,std=0
L=-11.978217143934712,dL=-6.0672089574609345e-09,std=0
	gnorm= 0.0014075628472614839
	collect S matrix time= 0.008270025253295898
	nonzero=137,wmax=4.0165054477546835,wmin=0.0042244330578015505
	SR solver time= 0.0035636425018310547
	collect H matrix time= 0.0035927295684814453
	nonzero=137,smax=6.2447211761588415,smin=0.010347956683972485
	RGN solver time= 0.006449460983276367
	xnorm=1.5073927623750303,dnorm=3.369707956275277e-05
update time= 0.010114431381225586
	dense amplitude time= 0.002390146255493164
	total non-zero amplitudes= 4900
	nsamples per process= 50
	sample time= 3.904196262359619
self.n= 1.0674099032942073
	RGN updated loss=-11.978217148506063,dloss=-4.571351297499859e-09
update time= 0.008881092071533203
step= 39

nparam= 240
	dense amplitude time= 0.002157926559448242
	total non-zero amplitudes= 4900
	nsamples per process= 50
	sample time= 4.183820962905884
self.n= 1.0674099032942073
	collect g,h time= 5.749146938323975
E=-11.978217148506063,dE=-4.571351297499859e-09,std=0
L=-11.978217148506063,dL=-4.571351297499859e-09,std=0
	gnorm= 0.0014068614829649325
	collect S matrix time= 0.008128643035888672
	nonzero=137,wmax=4.016507693829795,wmin=0.0042244422693892445
	SR solver time= 0.0038328170776367188
	collect H matrix time= 0.003026723861694336
	nonzero=137,smax=6.244722273556259,smin=0.010347970237583711
	RGN solver time= 0.0066394805908203125
	xnorm=1.5073927078164435,dnorm=2.9235915304772497e-05
update time= 0.010079622268676758
	dense amplitude time= 0.0032911300659179688
	total non-zero amplitudes= 4900
	nsamples per process= 50
	sample time= 3.8857269287109375
self.n= 1.0674071830374656
	RGN updated loss=-11.978217151950506,dloss=-3.4444429530822163e-09
update time= 0.009414196014404297
step= 40

nparam= 240
	dense amplitude time= 0.0027205944061279297
	total non-zero amplitudes= 4900
	nsamples per process= 50
	sample time= 4.263881206512451
self.n= 1.0674071830374656
	collect g,h time= 5.7934410572052
E=-11.978217151950506,dE=-3.4444429530822163e-09,std=0
L=-11.978217151950506,dL=-3.4444429530822163e-09,std=0
	gnorm= 0.0014063327356042682
	collect S matrix time= 0.007881402969360352
	nonzero=137,wmax=4.0165094591202335,wmin=0.004224448967882664
	SR solver time= 0.003615856170654297
	collect H matrix time= 0.0037505626678466797
	nonzero=137,smax=6.244723084039376,smin=0.010347980359510716
	RGN solver time= 0.006702899932861328
	xnorm=1.5073926394928754,dnorm=2.5368375791192914e-05
update time= 0.010138511657714844
	dense amplitude time= 0.003432750701904297
	total non-zero amplitudes= 4900
	nsamples per process= 50
	sample time= 3.727900981903076
self.n= 1.0674048779206238
	RGN updated loss=-11.978217154545925,dloss=-2.5954189908361514e-09
update time= 0.00883340835571289
step= 41

nparam= 240
	dense amplitude time= 0.015028715133666992
	total non-zero amplitudes= 4900
	nsamples per process= 50
	sample time= 4.308454275131226
self.n= 1.0674048779206238
	collect g,h time= 5.727631330490112
E=-11.978217154545925,dE=-2.5954189908361514e-09,std=0
L=-11.978217154545925,dL=-2.5954189908361514e-09,std=0
	gnorm= 0.001405934163873469
	collect S matrix time= 0.00761103630065918
	nonzero=137,wmax=4.016510854130294,wmin=0.004224453814355389
	SR solver time= 0.0034792423248291016
	collect H matrix time= 0.0033998489379882812
	nonzero=137,smax=6.244723681734056,smin=0.010347987923755145
	RGN solver time= 0.006424427032470703
	xnorm=1.5073925645216626,dnorm=2.2014491572382514e-05
update time= 0.009907722473144531
	dense amplitude time= 0.003014087677001953
	total non-zero amplitudes= 4900
	nsamples per process= 50
	sample time= 3.662628173828125
self.n= 1.0674029187203606
	RGN updated loss=-11.978217156501637,dloss=-1.955712036760815e-09
update time= 0.009076356887817383
step= 42

nparam= 240
	dense amplitude time= 0.0033571720123291016
	total non-zero amplitudes= 4900
	nsamples per process= 50
	sample time= 4.3950581550598145
self.n= 1.0674029187203606
	collect g,h time= 5.734053611755371
E=-11.978217156501637,dE=-1.955712036760815e-09,std=0
L=-11.978217156501637,dL=-1.955712036760815e-09,std=0
	gnorm= 0.0014056337458379412
	collect S matrix time= 0.008001565933227539
	nonzero=137,wmax=4.016511962772288,wmin=0.004224457298860642
	SR solver time= 0.003505229949951172
	collect H matrix time= 0.0035042762756347656
	nonzero=137,smax=6.2447241217318314,smin=0.01034799358092351
	RGN solver time= 0.006420612335205078
	xnorm=1.5073924877466636,dnorm=1.9105389730476438e-05
update time= 0.009894609451293945
	dense amplitude time= 0.0033643245697021484
	total non-zero amplitudes= 4900
	nsamples per process= 50
	sample time= 3.7377476692199707
self.n= 1.0674012490671476
	RGN updated loss=-11.978217157975344,dloss=-1.473706490173754e-09
update time= 0.008939981460571289
step= 43

nparam= 240
	dense amplitude time= 0.01520991325378418
	total non-zero amplitudes= 4900
	nsamples per process= 50
	sample time= 4.275049924850464
self.n= 1.0674012490671476
	collect g,h time= 5.734287977218628
E=-11.978217157975344,dE=-1.473706490173754e-09,std=0
L=-11.978217157975344,dL=-1.473706490173754e-09,std=0
	gnorm= 0.0014054073272237483
	collect S matrix time= 0.007717609405517578
	nonzero=137,wmax=4.016512848939852,wmin=0.00422445978434847
	SR solver time= 0.0035054683685302734
	collect H matrix time= 0.003484010696411133
	nonzero=137,smax=6.244724444961099,smin=0.010347997815480396
	RGN solver time= 0.006445407867431641
	xnorm=1.50739241237181,dnorm=1.658164663326824e-05
update time= 0.032125234603881836
	dense amplitude time= 0.02455282211303711
	total non-zero amplitudes= 4900
	nsamples per process= 50
	sample time= 3.8082284927368164
self.n= 1.0673998227884949
	RGN updated loss=-11.978217159085844,dloss=-1.110500136292103e-09
update time= 0.009038209915161133
step= 44

nparam= 240
	dense amplitude time= 0.0025267601013183594
	total non-zero amplitudes= 4900
	nsamples per process= 50
	sample time= 4.178185701370239
self.n= 1.0673998227884949
	collect g,h time= 5.764281749725342
E=-11.978217159085844,dE=-1.110500136292103e-09,std=0
L=-11.978217159085844,dL=-1.110500136292103e-09,std=0
	gnorm= 0.001405236692042425
	collect S matrix time= 0.007896661758422852
	nonzero=137,wmax=4.016513561432361,wmin=0.0042244615393354
	SR solver time= 0.0036051273345947266
	collect H matrix time= 0.0037474632263183594
	nonzero=137,smax=6.244724681814405,smin=0.010348000988285111
	RGN solver time= 0.00658726692199707
	xnorm=1.5073923404284866,dnorm=1.4391920355059752e-05
update time= 0.010211467742919922
	dense amplitude time= 0.0038292407989501953
	total non-zero amplitudes= 4900
	nsamples per process= 50
	sample time= 3.72072434425354
self.n= 1.067398601852113
	RGN updated loss=-11.97821715992266,dloss=-8.368168380457064e-10
update time= 0.00894308090209961
step= 45

nparam= 240
	dense amplitude time= 0.0029234886169433594
	total non-zero amplitudes= 4900
	nsamples per process= 50
	sample time= 4.35748291015625
self.n= 1.067398601852113
	collect g,h time= 5.7446887493133545
E=-11.97821715992266,dE=-8.368168380457064e-10,std=0
L=-11.97821715992266,dL=-8.368168380457064e-10,std=0
	gnorm= 0.001405108104852875
	collect S matrix time= 0.007976770401000977
	nonzero=137,wmax=4.016514137647312,wmin=0.0042244627622057196
	SR solver time= 0.0035004615783691406
	collect H matrix time= 0.003595590591430664
	nonzero=137,smax=6.244724854849117,smin=0.010348003368218079
	RGN solver time= 0.00634765625
	xnorm=1.5073922731190104,dnorm=1.2491804405543255e-05
update time= 0.009792327880859375
	dense amplitude time= 0.0035386085510253906
	total non-zero amplitudes= 4900
	nsamples per process= 50
	sample time= 3.712369203567505
self.n= 1.0673975547643346
	RGN updated loss=-11.978217160553237,dloss=-6.305764799208191e-10
update time= 0.008694171905517578
step= 46

nparam= 240
	dense amplitude time= 0.01882457733154297
	total non-zero amplitudes= 4900
	nsamples per process= 50
	sample time= 4.259229421615601
self.n= 1.0673975547643346
	collect g,h time= 5.7252209186553955
E=-11.978217160553237,dE=-6.305764799208191e-10,std=0
L=-11.978217160553237,dL=-6.305764799208191e-10,std=0
	gnorm= 0.001405011210003986
	collect S matrix time= 0.007772207260131836
	nonzero=137,wmax=4.016514606351524,wmin=0.004224463599288919
	SR solver time= 0.003579378128051758
	collect H matrix time= 0.0037031173706054688
	nonzero=137,smax=6.244724980797296,smin=0.010348005155690532
	RGN solver time= 0.006682395935058594
	xnorm=1.507392211067554,dnorm=1.0842859733216043e-05
update time= 0.010000944137573242
	dense amplitude time= 0.0030603408813476562
	total non-zero amplitudes= 4900
	nsamples per process= 50
	sample time= 3.661954641342163
self.n= 1.0673966553162364
	RGN updated loss=-11.978217161028413,dloss=-4.75175454539567e-10
update time= 0.008790969848632812
step= 47

nparam= 240
	dense amplitude time= 0.002839326858520508
	total non-zero amplitudes= 4900
	nsamples per process= 50
	sample time= 4.147650480270386
self.n= 1.0673966553162364
	collect g,h time= 5.67973256111145
E=-11.978217161028413,dE=-4.75175454539567e-10,std=0
L=-11.978217161028413,dL=-4.75175454539567e-10,std=0
	gnorm= 0.0014049382007679894
	collect S matrix time= 0.0076253414154052734
	nonzero=137,wmax=4.016514989763456,wmin=0.004224464158303922
	SR solver time= 0.003490447998046875
	collect H matrix time= 0.003612518310546875
	nonzero=137,smax=6.244725072061787,smin=0.010348006500139595
	RGN solver time= 0.0063745975494384766
	xnorm=1.5073921545022855,dnorm=9.411791985194205e-06
update time= 0.009819269180297852
	dense amplitude time= 0.003031492233276367
	total non-zero amplitudes= 4900
	nsamples per process= 50
	sample time= 3.5445353984832764
self.n= 1.067395881596053
	RGN updated loss=-11.97821716138647,dloss=-3.580566954042297e-10
update time= 0.009099006652832031
step= 48

nparam= 240
	dense amplitude time= 0.00619196891784668
	total non-zero amplitudes= 4900
	nsamples per process= 50
	sample time= 4.104855537414551
self.n= 1.067395881596053
	collect g,h time= 5.660188913345337
E=-11.97821716138647,dE=-3.580566954042297e-10,std=0
L=-11.97821716138647,dL=-3.580566954042297e-10,std=0
	gnorm= 0.0014048831924420159
	collect S matrix time= 0.00800776481628418
	nonzero=137,wmax=4.016515305119828,wmin=0.004224464518354793
	SR solver time= 0.003447294235229492
	collect H matrix time= 0.0034189224243164062
	nonzero=137,smax=6.244725137828711,smin=0.010348007513037832
	RGN solver time= 0.006282806396484375
	xnorm=1.5073921033871471,dnorm=8.169749102063753e-06
update time= 0.009706497192382812
	dense amplitude time= 0.0026340484619140625
	total non-zero amplitudes= 4900
	nsamples per process= 50
	sample time= 3.745633602142334
self.n= 1.0673952152067927
	RGN updated loss=-11.978217161656282,dloss=-2.6981261669334344e-10
update time= 0.008695840835571289
step= 49

nparam= 240
	dense amplitude time= 0.009995698928833008
	total non-zero amplitudes= 4900
	nsamples per process= 50
	sample time= 4.12636661529541
self.n= 1.0673952152067927
	collect g,h time= 5.678983449935913
E=-11.978217161656282,dE=-2.6981261669334344e-10,std=0
L=-11.978217161656282,dL=-2.6981261669334344e-10,std=0
	gnorm= 0.0014048417494472508
	collect S matrix time= 0.007726430892944336
	nonzero=137,wmax=4.016515565856321,wmin=0.004224464737362737
	SR solver time= 0.003526926040649414
	collect H matrix time= 0.003492593765258789
	nonzero=137,smax=6.244725184895601,smin=0.01034800827757708
	RGN solver time= 0.0063211917877197266
	xnorm=1.5073920575161204,dnorm=7.091719415225511e-06
update time= 0.009735107421875
	dense amplitude time= 0.003036022186279297
	total non-zero amplitudes= 4900
	nsamples per process= 50
	sample time= 3.65484619140625
self.n= 1.0673946406421728
	RGN updated loss=-11.978217161859593,dloss=-2.0331114569671627e-10
update time= 0.008811235427856445
