layer= 0
nparam= 120
hop_ls= [(0, 1), (0, 2), (0, 3), (0, 4), (0, 5), (0, 6), (0, 7), (0, 8), (0, 9), (0, 10), (0, 11), (0, 12), (0, 13), (0, 14), (0, 15), (1, 2), (1, 3), (1, 4), (1, 5), (1, 6), (1, 7), (1, 8), (1, 9), (1, 10), (1, 11), (1, 12), (1, 13), (1, 14), (1, 15), (2, 3), (2, 4), (2, 5), (2, 6), (2, 7), (2, 8), (2, 9), (2, 10), (2, 11), (2, 12), (2, 13), (2, 14), (2, 15), (3, 4), (3, 5), (3, 6), (3, 7), (3, 8), (3, 9), (3, 10), (3, 11), (3, 12), (3, 13), (3, 14), (3, 15), (4, 5), (4, 6), (4, 7), (4, 8), (4, 9), (4, 10), (4, 11), (4, 12), (4, 13), (4, 14), (4, 15), (5, 6), (5, 7), (5, 8), (5, 9), (5, 10), (5, 11), (5, 12), (5, 13), (5, 14), (5, 15), (6, 7), (6, 8), (6, 9), (6, 10), (6, 11), (6, 12), (6, 13), (6, 14), (6, 15), (7, 8), (7, 9), (7, 10), (7, 11), (7, 12), (7, 13), (7, 14), (7, 15), (8, 9), (8, 10), (8, 11), (8, 12), (8, 13), (8, 14), (8, 15), (9, 10), (9, 11), (9, 12), (9, 13), (9, 14), (9, 15), (10, 11), (10, 12), (10, 13), (10, 14), (10, 15), (11, 12), (11, 13), (11, 14), (11, 15), (12, 13), (12, 14), (12, 15), (13, 14), (13, 15), (14, 15)]

update time= 0.009852886199951172
step= 0

nparam= 240
ntotal configs= 4900
	dense amplitude time= 0.011934518814086914
	total non-zero amplitudes= 4900
	nsamples per process= 50
	sample time= 4.933265447616577
self.n= 1.1605570614586225
	collect g,h time= 5.850759029388428
E=-11.654315489017819,dE=0,std=0
L=-11.654315489017819,dL=0,std=0
	gnorm= 0.5629083961288411
	collect S matrix time= 0.019568443298339844
	nonzero=141,wmax=2.991653737130183,wmin=0.0032833004589981024
	SR solver time= 0.0040471553802490234
	collect H matrix time= 0.003989458084106445
	nonzero=141,smax=5.651225924953269,smin=0.008041281269349785
	RGN solver time= 0.009482860565185547
	xnorm=0.8585789194398328,dnorm=0.7806652028282669
update time= 0.008984565734863281
	dense amplitude time= 0.0026328563690185547
	total non-zero amplitudes= 4900
	nsamples per process= 50
	sample time= 4.343759775161743
self.n= 1.222745068986765
	RGN updated loss=-11.909055264388426,dloss=-0.25473977537060755
update time= 0.008380413055419922
step= 1

nparam= 240
	dense amplitude time= 0.0033173561096191406
	total non-zero amplitudes= 4900
	nsamples per process= 50
	sample time= 4.894696235656738
self.n= 1.222745068986765
	collect g,h time= 5.94913387298584
E=-11.909055264388426,dE=-0.25473977537060755,std=0
L=-11.909055264388426,dL=-0.25473977537060755,std=0
	gnorm= 0.24662689112800654
	collect S matrix time= 0.01092076301574707
	nonzero=139,wmax=3.256425165913645,wmin=0.003409688509292417
	SR solver time= 0.003913402557373047
	collect H matrix time= 0.0031969547271728516
	nonzero=141,smax=5.577550623198826,smin=0.005622387383432651
	RGN solver time= 0.007383108139038086
	xnorm=0.9412811787778493,dnorm=0.42406636235371525
update time= 0.009280681610107422
	dense amplitude time= 0.0027909278869628906
	total non-zero amplitudes= 4900
	nsamples per process= 50
	sample time= 4.346709966659546
self.n= 1.335318193692237
	RGN updated loss=-11.95245054595796,dloss=-0.043395281569534205
update time= 0.008006811141967773
step= 2

nparam= 240
	dense amplitude time= 0.0027234554290771484
	total non-zero amplitudes= 4900
	nsamples per process= 50
	sample time= 4.881239891052246
self.n= 1.335318193692237
	collect g,h time= 5.999518632888794
E=-11.95245054595796,dE=-0.043395281569534205,std=0
L=-11.95245054595796,dL=-0.043395281569534205,std=0
	gnorm= 0.12316704101136555
	collect S matrix time= 0.010002374649047852
	nonzero=136,wmax=3.5669186909734756,wmin=0.003907175850569361
	SR solver time= 0.0039844512939453125
	collect H matrix time= 0.0033032894134521484
	nonzero=140,smax=5.861821409792056,smin=0.005909661583570542
	RGN solver time= 0.007157802581787109
	xnorm=1.2086956012127192,dnorm=0.30925851332694165
update time= 0.010344982147216797
	dense amplitude time= 0.003067493438720703
	total non-zero amplitudes= 4900
	nsamples per process= 50
	sample time= 3.7008848190307617
self.n= 1.3533077125035988
	RGN updated loss=-11.963725617120199,dloss=-0.011275071162238248
update time= 0.009544134140014648
step= 3

nparam= 240
	dense amplitude time= 0.002405405044555664
	total non-zero amplitudes= 4900
	nsamples per process= 50
	sample time= 4.223509073257446
self.n= 1.3533077125035988
	collect g,h time= 5.950840950012207
E=-11.963725617120199,dE=-0.011275071162238248,std=0
L=-11.963725617120199,dL=-0.011275071162238248,std=0
	gnorm= 0.07087847914771153
	collect S matrix time= 0.008628129959106445
	nonzero=137,wmax=3.7464376300041313,wmin=0.00392738598489466
	SR solver time= 0.0038673877716064453
	collect H matrix time= 0.003365039825439453
	nonzero=138,smax=6.043298747879086,smin=0.0064174989992994876
	RGN solver time= 0.0071980953216552734
	xnorm=1.391548134147517,dnorm=0.23552604769056346
update time= 0.010184288024902344
	dense amplitude time= 0.0029981136322021484
	total non-zero amplitudes= 4900
	nsamples per process= 50
	sample time= 3.97749924659729
self.n= 1.3577028792426198
	RGN updated loss=-11.96771412419692,dloss=-0.0039885070767216035
update time= 0.009742975234985352
step= 4

nparam= 240
	dense amplitude time= 0.0030062198638916016
	total non-zero amplitudes= 4900
	nsamples per process= 50
	sample time= 4.390170097351074
self.n= 1.3577028792426198
	collect g,h time= 5.941055774688721
E=-11.96771412419692,dE=-0.0039885070767216035,std=0
L=-11.96771412419692,dL=-0.0039885070767216035,std=0
	gnorm= 0.045902393450880256
	collect S matrix time= 0.008214235305786133
	nonzero=136,wmax=3.8590271613610407,wmin=0.004557294716301205
	SR solver time= 0.0038139820098876953
	collect H matrix time= 0.0032739639282226562
	nonzero=137,smax=6.165897370586149,smin=0.009619457613446031
	RGN solver time= 0.007161378860473633
	xnorm=1.49871022024413,dnorm=0.10289204504353326
update time= 0.009958982467651367
	dense amplitude time= 0.0025758743286132812
	total non-zero amplitudes= 4900
	nsamples per process= 50
	sample time= 4.17403507232666
self.n= 1.3742758180186017
	RGN updated loss=-11.969411654507804,dloss=-0.0016975303108832662
update time= 0.008727312088012695
step= 5

nparam= 240
	dense amplitude time= 0.002299785614013672
	total non-zero amplitudes= 4900
	nsamples per process= 50
	sample time= 4.713402986526489
self.n= 1.3742758180186017
	collect g,h time= 5.960805654525757
E=-11.969411654507804,dE=-0.0016975303108832662,std=0
L=-11.969411654507804,dL=-0.0016975303108832662,std=0
	gnorm= 0.03242775798748093
	collect S matrix time= 0.008669376373291016
	nonzero=136,wmax=3.9297468886708384,wmin=0.004573378519549721
	SR solver time= 0.003934383392333984
	collect H matrix time= 0.00319671630859375
	nonzero=137,smax=6.24022628405143,smin=0.009674126770905891
	RGN solver time= 0.007259845733642578
	xnorm=1.5634277739992528,dnorm=0.05529223397417995
update time= 0.010459661483764648
	dense amplitude time= 0.0033342838287353516
	total non-zero amplitudes= 4900
	nsamples per process= 50
	sample time= 4.2745959758758545
self.n= 1.3793538504381269
	RGN updated loss=-11.970129451068145,dloss=-0.0007177965603410996
update time= 0.009462118148803711
step= 6

nparam= 240
	dense amplitude time= 0.002765178680419922
	total non-zero amplitudes= 4900
	nsamples per process= 50
	sample time= 4.850343942642212
self.n= 1.3793538504381269
	collect g,h time= 5.953807353973389
E=-11.970129451068145,dE=-0.0007177965603410996,std=0
L=-11.970129451068145,dL=-0.0007177965603410996,std=0
	gnorm= 0.024146965831679787
	collect S matrix time= 0.008779525756835938
	nonzero=136,wmax=3.9746033839750945,wmin=0.0045827133774248826
	SR solver time= 0.0036225318908691406
	collect H matrix time= 0.0036191940307617188
	nonzero=137,smax=6.284804447328658,smin=0.009633391580436973
	RGN solver time= 0.0065996646881103516
	xnorm=1.5987449482010234,dnorm=0.03384818182376558
update time= 0.010335206985473633
	dense amplitude time= 0.0035200119018554688
	total non-zero amplitudes= 4900
	nsamples per process= 50
	sample time= 4.363107919692993
self.n= 1.381457371610986
	RGN updated loss=-11.970509724386192,dloss=-0.0003802733180471307
update time= 0.008803367614746094
step= 7

nparam= 240
	dense amplitude time= 0.0028908252716064453
	total non-zero amplitudes= 4900
	nsamples per process= 50
	sample time= 4.798031806945801
self.n= 1.381457371610986
	collect g,h time= 5.908538818359375
E=-11.970509724386192,dE=-0.0003802733180471307,std=0
L=-11.970509724386192,dL=-0.0003802733180471307,std=0
	gnorm= 0.018676898880317382
	collect S matrix time= 0.008878231048583984
	nonzero=136,wmax=4.002241334919434,wmin=0.004589881144065244
	SR solver time= 0.003883838653564453
	collect H matrix time= 0.0039789676666259766
	nonzero=137,smax=6.3115779914266,smin=0.009615027702578242
	RGN solver time= 0.006937503814697266
	xnorm=1.6179173227964971,dnorm=0.022039256304230675
update time= 0.010213613510131836
	dense amplitude time= 0.0033159255981445312
	total non-zero amplitudes= 4900
	nsamples per process= 50
	sample time= 4.3716795444488525
self.n= 1.3822532942085008
	RGN updated loss=-11.970735586607608,dloss=-0.00022586222141640633
update time= 0.009051084518432617
step= 8

nparam= 240
	dense amplitude time= 0.002499818801879883
	total non-zero amplitudes= 4900
	nsamples per process= 50
	sample time= 4.911773443222046
self.n= 1.3822532942085008
	collect g,h time= 5.830647945404053
E=-11.970735586607608,dE=-0.00022586222141640633,std=0
L=-11.970735586607608,dL=-0.00022586222141640633,std=0
	gnorm= 0.014871964502484463
	collect S matrix time= 0.007980108261108398
	nonzero=136,wmax=4.018796005508999,wmin=0.004592808747225668
	SR solver time= 0.0034942626953125
	collect H matrix time= 0.003497600555419922
	nonzero=137,smax=6.326571753883392,smin=0.00959294855001077
	RGN solver time= 0.0063533782958984375
	xnorm=1.6273137113789826,dnorm=0.017901285256157782
update time= 0.009932756423950195
	dense amplitude time= 0.0028455257415771484
	total non-zero amplitudes= 4900
	nsamples per process= 50
	sample time= 4.306173801422119
self.n= 1.3826353960086426
	RGN updated loss=-11.970888509548102,dloss=-0.00015292294049373822
update time= 0.009061336517333984
step= 9

nparam= 240
	dense amplitude time= 0.0023622512817382812
	total non-zero amplitudes= 4900
	nsamples per process= 50
	sample time= 4.984502792358398
self.n= 1.3826353960086426
	collect g,h time= 5.738065958023071
E=-11.970888509548102,dE=-0.00015292294049373822,std=0
L=-11.970888509548102,dL=-0.00015292294049373822,std=0
	gnorm= 0.01216188495943759
	collect S matrix time= 0.009026050567626953
	nonzero=136,wmax=4.0278398812287595,wmin=0.004590474698856584
	SR solver time= 0.003462553024291992
	collect H matrix time= 0.003667593002319336
	nonzero=137,smax=6.333302844624458,smin=0.009557751985942864
	RGN solver time= 0.006384372711181641
	xnorm=1.6304654758073256,dnorm=0.02186546281627902
update time= 0.009843587875366211
	dense amplitude time= 0.0024521350860595703
	total non-zero amplitudes= 4900
	nsamples per process= 50
	sample time= 4.349794864654541
self.n= 1.3828268278443567
	RGN updated loss=-11.971014946490897,dloss=-0.0001264369427946832
update time= 0.00892186164855957
step= 10

nparam= 240
	dense amplitude time= 0.005895376205444336
	total non-zero amplitudes= 4900
	nsamples per process= 50
	sample time= 4.832862377166748
self.n= 1.3828268278443567
	collect g,h time= 5.807240962982178
E=-11.971014946490897,dE=-0.0001264369427946832,std=0
L=-11.971014946490897,dL=-0.0001264369427946832,std=0
	gnorm= 0.01023314830145783
	collect S matrix time= 0.008731603622436523
	nonzero=136,wmax=4.031348174849838,wmin=0.004579987080546459
	SR solver time= 0.003969430923461914
	collect H matrix time= 0.00308990478515625
	nonzero=137,smax=6.3334793585342295,smin=0.009490493919622266
	RGN solver time= 0.007204532623291016
	xnorm=1.628949114554597,dnorm=0.033440401844249096
update time= 0.010427474975585938
	dense amplitude time= 0.0023314952850341797
	total non-zero amplitudes= 4900
	nsamples per process= 50
	sample time= 4.394824743270874
self.n= 1.3825831799372148
	RGN updated loss=-11.971157883160348,dloss=-0.00014293666945164318
update time= 0.009121894836425781
	dense amplitude time= 0.0027015209197998047
	total non-zero amplitudes= 4900
	nsamples per process= 50
step= 11

nparam= 240
	sample time= 4.834092378616333
self.n= 1.3825831799372148
	collect g,h time= 5.958357572555542
E=-11.971157883160348,dE=-0.00014293666945164318,std=0
L=-11.971157883160348,dL=-0.00014293666945164318,std=0
	gnorm= 0.008950281619223295
	collect S matrix time= 0.008568763732910156
	nonzero=136,wmax=4.0302350426165265,wmin=0.00454924440914017
	SR solver time= 0.00360870361328125
	collect H matrix time= 0.003650665283203125
	nonzero=137,smax=6.327453554807149,smin=0.009346688138157205
	RGN solver time= 0.006604433059692383
	xnorm=1.6230650570502987,dnorm=0.05488372632185586
	dense amplitude time= 0.003386259078979492
	total non-zero amplitudes= 4900
	nsamples per process= 50
update time= 0.010297298431396484
	sample time= 4.214012861251831
self.n= 1.3806129410339105
	RGN updated loss=-11.971389817944832,dloss=-0.00023193478448391147
update time= 0.009206295013427734
step= 12

nparam= 240
	dense amplitude time= 0.005907297134399414
	total non-zero amplitudes= 4900
	nsamples per process= 50
	sample time= 4.725881338119507
self.n= 1.3806129410339105
	collect g,h time= 5.956453800201416
E=-11.971389817944832,dE=-0.00023193478448391147,std=0
L=-11.971389817944832,dL=-0.00023193478448391147,std=0
	gnorm= 0.008402082805609128
	collect S matrix time= 0.008316993713378906
	nonzero=136,wmax=4.024846852063497,wmin=0.004436406968829775
	SR solver time= 0.003589153289794922
	collect H matrix time= 0.003543376922607422
	nonzero=137,smax=6.314519520558189,smin=0.009020247492040417
	RGN solver time= 0.006594419479370117
	xnorm=1.6122218193837945,dnorm=0.09097963019719058
update time= 0.01019597053527832
	dense amplitude time= 0.003052234649658203
	total non-zero amplitudes= 4900
	nsamples per process= 50
	sample time= 4.000019311904907
self.n= 1.3729918845495666
	RGN updated loss=-11.97186020358486,dloss=-0.0004703856400283257
update time= 0.008844852447509766
step= 13

nparam= 240
	dense amplitude time= 0.002826690673828125
	total non-zero amplitudes= 4900
	nsamples per process= 50
	sample time= 4.523617267608643
self.n= 1.3729918845495666
	collect g,h time= 5.900883436203003
E=-11.97186020358486,dE=-0.0004703856400283257,std=0
L=-11.97186020358486,dL=-0.0004703856400283257,std=0
	gnorm= 0.008991772638422964
	collect S matrix time= 0.008112907409667969
	nonzero=136,wmax=4.016336619714937,wmin=0.004093255788050941
	SR solver time= 0.0035889148712158203
	collect H matrix time= 0.0035462379455566406
	nonzero=137,smax=6.2942214996666035,smin=0.008324281523509829
	RGN solver time= 0.006521940231323242
	xnorm=1.5964573097704762,dnorm=0.13510328959285525
update time= 0.010206222534179688
	dense amplitude time= 0.0030078887939453125
	total non-zero amplitudes= 4900
	nsamples per process= 50
	sample time= 3.951663017272949
self.n= 1.3540111136765667
	RGN updated loss=-11.972752755958505,dloss=-0.000892552373644051
update time= 0.009192943572998047
step= 14

nparam= 240
	dense amplitude time= 0.0028159618377685547
	total non-zero amplitudes= 4900
	nsamples per process= 50
	sample time= 4.543580770492554
self.n= 1.3540111136765667
	collect g,h time= 5.890760660171509
E=-11.972752755958505,dE=-0.000892552373644051,std=0
L=-11.972752755958505,dL=-0.000892552373644051,std=0
	gnorm= 0.010880508962556837
	collect S matrix time= 0.008246660232543945
	nonzero=136,wmax=4.008291069493466,wmin=0.004106352892630116
	SR solver time= 0.003775358200073242
	collect H matrix time= 0.003191232681274414
	nonzero=138,smax=6.269036139203894,smin=0.006320725743447282
	RGN solver time= 0.007097721099853516
	xnorm=1.579081337145412,dnorm=0.3190061164408293
update time= 0.01007080078125
	dense amplitude time= 0.0027418136596679688
	total non-zero amplitudes= 4900
	nsamples per process= 50
	sample time= 3.7947678565979004
self.n= 1.3022185219546134
	RGN updated loss=-11.975407719303577,dloss=-0.0026549633450727583
update time= 0.008753061294555664
step= 15

nparam= 240
	dense amplitude time= 0.007922649383544922
	total non-zero amplitudes= 4900
	nsamples per process= 50
	sample time= 4.447768449783325
self.n= 1.3022185219546134
	collect g,h time= 5.889018297195435
E=-11.975407719303577,dE=-0.0026549633450727583,std=0
L=-11.975407719303577,dL=-0.0026549633450727583,std=0
	gnorm= 0.015050617461669058
	collect S matrix time= 0.008240699768066406
	nonzero=135,wmax=3.9784654389567455,wmin=0.004253793633737724
	SR solver time= 0.0036423206329345703
	collect H matrix time= 0.0035047531127929688
	nonzero=137,smax=6.214019977570494,smin=0.008764481083798048
	RGN solver time= 0.006521463394165039
	xnorm=1.5402167660328718,dnorm=0.1918632935104325
update time= 0.010204792022705078
	dense amplitude time= 0.002943754196166992
	total non-zero amplitudes= 4900
	nsamples per process= 50
	sample time= 3.6784379482269287
self.n= 1.25783960918889
	RGN updated loss=-11.97718255080618,dloss=-0.001774831502602936
update time= 0.008952856063842773
step= 16

nparam= 240
	dense amplitude time= 0.002694845199584961
	total non-zero amplitudes= 4900
	nsamples per process= 50
	sample time= 4.177281856536865
self.n= 1.25783960918889
	collect g,h time= 5.948707342147827
E=-11.97718255080618,dE=-0.001774831502602936,std=0
L=-11.97718255080618,dL=-0.001774831502602936,std=0
	gnorm= 0.012950878507271833
	collect S matrix time= 0.00798177719116211
	nonzero=135,wmax=3.979691461941952,wmin=0.00425362745751218
	SR solver time= 0.0036783218383789062
	collect H matrix time= 0.003631114959716797
	nonzero=137,smax=6.213874348701785,smin=0.008231615861752407
	RGN solver time= 0.0066814422607421875
	xnorm=1.5089657717503975,dnorm=0.06416002217122312
update time= 0.010280609130859375
	dense amplitude time= 0.003326416015625
	total non-zero amplitudes= 4900
	nsamples per process= 50
	sample time= 3.705226182937622
self.n= 1.2276059583483128
	RGN updated loss=-11.977871633521938,dloss=-0.0006890827157572943
update time= 0.008893728256225586
step= 17

nparam= 240
	dense amplitude time= 0.0027399063110351562
	total non-zero amplitudes= 4900
	nsamples per process= 50
	sample time= 4.093347549438477
self.n= 1.2276059583483128
	collect g,h time= 5.917895078659058
E=-11.977871633521938,dE=-0.0006890827157572943,std=0
L=-11.977871633521938,dL=-0.0006890827157572943,std=0
	gnorm= 0.010539783603608752
	collect S matrix time= 0.00784444808959961
	nonzero=135,wmax=3.9866598944332745,wmin=0.004273250853286202
	SR solver time= 0.0035619735717773438
	collect H matrix time= 0.0034072399139404297
	nonzero=137,smax=6.214682523632048,smin=0.008573026781962593
	RGN solver time= 0.00649714469909668
	xnorm=1.494305829591684,dnorm=0.035649934238911066
update time= 0.009996414184570312
	dense amplitude time= 0.0028162002563476562
	total non-zero amplitudes= 4900
	nsamples per process= 50
	sample time= 3.9959166049957275
self.n= 1.209620404100686
	RGN updated loss=-11.97817732653816,dloss=-0.0003056930162230742
update time= 0.008846521377563477
step= 18

nparam= 240
	dense amplitude time= 0.0027272701263427734
	total non-zero amplitudes= 4900
	nsamples per process= 50
	sample time= 4.358797311782837
self.n= 1.209620404100686
	collect g,h time= 5.803863525390625
E=-11.97817732653816,dE=-0.0003056930162230742,std=0
L=-11.97817732653816,dL=-0.0003056930162230742,std=0
	gnorm= 0.008238257813504988
	collect S matrix time= 0.00879359245300293
	nonzero=135,wmax=3.9947724094617767,wmin=0.004338365782179917
	SR solver time= 0.0038149356842041016
	collect H matrix time= 0.0031585693359375
	nonzero=137,smax=6.218215749416908,smin=0.008943130738409907
	RGN solver time= 0.006922006607055664
	xnorm=1.4878673769468882,dnorm=0.021264943203690417
update time= 0.009936332702636719
	dense amplitude time= 0.0025331974029541016
	total non-zero amplitudes= 4900
	nsamples per process= 50
	sample time= 4.302318572998047
self.n= 1.1987518446936676
	RGN updated loss=-11.978324709957331,dloss=-0.0001473834191703105
update time= 0.009216547012329102
step= 19

nparam= 240
	dense amplitude time= 0.0024938583374023438
	total non-zero amplitudes= 4900
	nsamples per process= 50
	sample time= 4.682435750961304
self.n= 1.1987518446936676
	collect g,h time= 5.72768497467041
E=-11.978324709957331,dE=-0.0001473834191703105,std=0
L=-11.978324709957331,dL=-0.0001473834191703105,std=0
	gnorm= 0.006374218143475984
	collect S matrix time= 0.008099079132080078
	nonzero=136,wmax=4.002736118949421,wmin=0.004044276213626941
	SR solver time= 0.003476858139038086
	collect H matrix time= 0.0034780502319335938
	nonzero=137,smax=6.222863446020472,smin=0.009235125938027285
	RGN solver time= 0.006346225738525391
	xnorm=1.4844036458790812,dnorm=0.01389940735204597
update time= 0.009718656539916992
	dense amplitude time= 0.002640962600708008
	total non-zero amplitudes= 4900
	nsamples per process= 50
	sample time= 4.081899642944336
self.n= 1.1919196970593497
	RGN updated loss=-11.97839991578761,dloss=-7.520583027975647e-05
update time= 0.0088653564453125
step= 20

nparam= 240
	dense amplitude time= 0.0023899078369140625
	total non-zero amplitudes= 4900
	nsamples per process= 50
	sample time= 4.717877149581909
self.n= 1.1919196970593497
	collect g,h time= 5.743103742599487
E=-11.97839991578761,dE=-7.520583027975647e-05,std=0
L=-11.97839991578761,dL=-7.520583027975647e-05,std=0
	gnorm= 0.004934742254030566
	collect S matrix time= 0.00772547721862793
	nonzero=136,wmax=4.009688428425834,wmin=0.004128337757236881
	SR solver time= 0.0034990310668945312
	collect H matrix time= 0.0033769607543945312
	nonzero=137,smax=6.227451673802764,smin=0.009447823137478703
	RGN solver time= 0.006394147872924805
	xnorm=1.482506315076528,dnorm=0.00942434328425893
update time= 0.009859323501586914
	dense amplitude time= 0.0028891563415527344
	total non-zero amplitudes= 4900
	nsamples per process= 50
	sample time= 4.071122884750366
self.n= 1.1875373304214873
	RGN updated loss=-11.978439658735995,dloss=-3.974294838471337e-05
update time= 0.008709192276000977
step= 21

nparam= 240
	dense amplitude time= 0.03206229209899902
	total non-zero amplitudes= 4900
	nsamples per process= 50
	sample time= 4.682220697402954
self.n= 1.1875373304214873
	collect g,h time= 5.798977851867676
E=-11.978439658735995,dE=-3.974294838471337e-05,std=0
L=-11.978439658735995,dL=-3.974294838471337e-05,std=0
	gnorm= 0.0038451108782261247
	collect S matrix time= 0.007834672927856445
	nonzero=136,wmax=4.015418610683632,wmin=0.004188468938837213
	SR solver time= 0.0034995079040527344
	collect H matrix time= 0.003446340560913086
	nonzero=137,smax=6.231488763260051,smin=0.009603687935402058
	RGN solver time= 0.006388664245605469
	xnorm=1.4816276198751976,dnorm=0.006651503230647542
update time= 0.009835243225097656
	dense amplitude time= 0.0028150081634521484
	total non-zero amplitudes= 4900
	nsamples per process= 50
	sample time= 4.29944372177124
self.n= 1.184615960829057
	RGN updated loss=-11.978461197000184,dloss=-2.153826418904714e-05
update time= 0.008753299713134766
step= 22

nparam= 240
	dense amplitude time= 0.002293825149536133
	total non-zero amplitudes= 4900
	nsamples per process= 50
	sample time= 4.729675769805908
self.n= 1.184615960829057
	collect g,h time= 5.832791090011597
E=-11.978461197000184,dE=-2.153826418904714e-05,std=0
L=-11.978461197000184,dL=-2.153826418904714e-05,std=0
	gnorm= 0.0030346585671430547
	collect S matrix time= 0.007794380187988281
	nonzero=136,wmax=4.0199875681846855,wmin=0.004232123190138277
	SR solver time= 0.0034532546997070312
	collect H matrix time= 0.0033512115478515625
	nonzero=137,smax=6.23483437762911,smin=0.009717491371088592
	RGN solver time= 0.006362199783325195
	xnorm=1.4811700837512685,dnorm=0.004783856744605941
update time= 0.00988459587097168
	dense amplitude time= 0.0029604434967041016
	total non-zero amplitudes= 4900
	nsamples per process= 50
	sample time= 4.043084621429443
self.n= 1.1826313621441311
	RGN updated loss=-11.978473086365078,dloss=-1.1889364893491461e-05
update time= 0.00916600227355957
step= 23

nparam= 240
	dense amplitude time= 0.0026264190673828125
	total non-zero amplitudes= 4900
	nsamples per process= 50
	sample time= 4.53749680519104
self.n= 1.1826313621441311
	collect g,h time= 6.121495723724365
E=-11.978473086365078,dE=-1.1889364893491461e-05,std=0
L=-11.978473086365078,dL=-1.1889364893491461e-05,std=0
	gnorm= 0.0024413524914383704
	collect S matrix time= 0.009912967681884766
	nonzero=136,wmax=4.023555056889335,wmin=0.004263858088525239
	SR solver time= 0.003541707992553711
	collect H matrix time= 0.005937337875366211
	nonzero=137,smax=6.237509909542227,smin=0.009800918435154389
	RGN solver time= 0.0063686370849609375
	xnorm=1.4809564379837523,dnorm=0.003483051348064297
update time= 0.009994745254516602
	dense amplitude time= 0.004881858825683594
	total non-zero amplitudes= 4900
	nsamples per process= 50
	sample time= 4.171110391616821
self.n= 1.1812626829186395
	RGN updated loss=-11.97847975051337,dloss=-6.664148292756522e-06
update time= 0.009951114654541016
step= 24

nparam= 240
	dense amplitude time= 0.003143787384033203
	total non-zero amplitudes= 4900
	nsamples per process= 50
	sample time= 4.56779932975769
self.n= 1.1812626829186395
	collect g,h time= 5.789335489273071
E=-11.97847975051337,dE=-6.664148292756522e-06,std=0
L=-11.97847975051337,dL=-6.664148292756522e-06,std=0
	gnorm= 0.0020141300690648934
	collect S matrix time= 0.008387565612792969
	nonzero=136,wmax=4.0263025882542935,wmin=0.004286956426552821
	SR solver time= 0.0037772655487060547
	collect H matrix time= 0.0030167102813720703
	nonzero=137,smax=6.239602488065268,smin=0.009862134548278154
	RGN solver time= 0.007054567337036133
	xnorm=1.4808813300207269,dnorm=0.0025646895049045593
update time= 0.010135173797607422
	dense amplitude time= 0.0029337406158447266
	total non-zero amplitudes= 4900
	nsamples per process= 50
	sample time= 4.221301555633545
self.n= 1.1802971427930213
	RGN updated loss=-11.978483540392556,dloss=-3.7898791855894842e-06
update time= 0.009083747863769531
step= 25

nparam= 240
	dense amplitude time= 0.002431154251098633
	total non-zero amplitudes= 4900
	nsamples per process= 50
	sample time= 4.6617958545684814
self.n= 1.1802971427930213
	collect g,h time= 5.790914297103882
E=-11.978483540392556,dE=-3.7898791855894842e-06,std=0
L=-11.978483540392556,dL=-3.7898791855894842e-06,std=0
	gnorm= 0.001712916650257967
	collect S matrix time= 0.008281946182250977
	nonzero=136,wmax=4.028398970662911,wmin=0.004303942993722555
	SR solver time= 0.0035316944122314453
	collect H matrix time= 0.00373077392578125
	nonzero=137,smax=6.2412160730751545,smin=0.009907352934528327
	RGN solver time= 0.006500720977783203
	xnorm=1.4808559769564291,dnorm=0.0018985275773966035
update time= 0.01014089584350586
	dense amplitude time= 0.002663135528564453
	total non-zero amplitudes= 4900
	nsamples per process= 50
	sample time= 4.102277517318726
self.n= 1.1796084732288643
	RGN updated loss=-11.978485727852933,dloss=-2.1874603763905043e-06
update time= 0.009117364883422852
step= 26

nparam= 240
	dense amplitude time= 0.0023703575134277344
	total non-zero amplitudes= 4900
	nsamples per process= 50
	sample time= 4.521053314208984
self.n= 1.1796084732288643
	collect g,h time= 5.785671234130859
E=-11.978485727852933,dE=-2.1874603763905043e-06,std=0
L=-11.978485727852933,dL=-2.1874603763905043e-06,std=0
	gnorm= 0.0015046922431913479
	collect S matrix time= 0.008953332901000977
	nonzero=136,wmax=4.029988097978502,wmin=0.004316460380232602
	SR solver time= 0.003574848175048828
	collect H matrix time= 0.003445863723754883
	nonzero=137,smax=6.242448192411158,smin=0.009940798203979324
	RGN solver time= 0.006608247756958008
	xnorm=1.4808575031059974,dnorm=0.0014129209815730538
update time= 0.010412454605102539
	dense amplitude time= 0.003122091293334961
	total non-zero amplitudes= 4900
	nsamples per process= 50
	sample time= 4.003887176513672
self.n= 1.1791115263636645
	RGN updated loss=-11.978487011306907,dloss=-1.283453974210147e-06
update time= 0.009224653244018555
step= 27

nparam= 240
	dense amplitude time= 0.0023355484008789062
	total non-zero amplitudes= 4900
	nsamples per process= 50
	sample time= 4.53534460067749
self.n= 1.1791115263636645
	collect g,h time= 5.818199157714844
E=-11.978487011306907,dE=-1.283453974210147e-06,std=0
L=-11.978487011306907,dL=-1.283453974210147e-06,std=0
	gnorm= 0.0013632249666026873
	collect S matrix time= 0.007917165756225586
	nonzero=136,wmax=4.031187216842357,wmin=0.004325701926032037
	SR solver time= 0.0035333633422851562
	collect H matrix time= 0.003455638885498047
	nonzero=137,smax=6.243382835115133,smin=0.009965570992023793
	RGN solver time= 0.00639796257019043
	xnorm=1.4808688775419425,dnorm=0.001054627738449355
update time= 0.010289669036865234
	dense amplitude time= 0.002682924270629883
	total non-zero amplitudes= 4900
	nsamples per process= 50
	sample time= 3.961695909500122
self.n= 1.1787501971001284
	RGN updated loss=-11.978487778138524,dloss=-7.668316168718547e-07
update time= 0.00888371467590332
step= 28

nparam= 240
	dense amplitude time= 0.0023386478424072266
	total non-zero amplitudes= 4900
	nsamples per process= 50
	sample time= 4.758548974990845
self.n= 1.1787501971001284
	collect g,h time= 5.842833518981934
E=-11.978487778138524,dE=-7.668316168718547e-07,std=0
L=-11.978487778138524,dL=-7.668316168718547e-07,std=0
	gnorm= 0.0012681121652203986
	collect S matrix time= 0.0077800750732421875
	nonzero=136,wmax=4.032089045886635,wmin=0.004332527328509542
	SR solver time= 0.003512144088745117
	collect H matrix time= 0.0034859180450439453
	nonzero=137,smax=6.244088583140288,smin=0.00998396807816901
	RGN solver time= 0.0063915252685546875
	xnorm=1.4808848887374662,dnorm=0.0007906562828167694
update time= 0.010135412216186523
	dense amplitude time= 0.002642393112182617
	total non-zero amplitudes= 4900
	nsamples per process= 50
	sample time= 4.213019371032715
self.n= 1.178484894461057
	RGN updated loss=-11.978488245801403,dloss=-4.676628790889481e-07
update time= 0.00929570198059082
step= 29

nparam= 240
	dense amplitude time= 0.0024938583374023438
	total non-zero amplitudes= 4900
	nsamples per process= 50
	sample time= 4.544495105743408
self.n= 1.178484894461057
	collect g,h time= 5.833498477935791
E=-11.978488245801403,dE=-4.676628790889481e-07,std=0
L=-11.978488245801403,dL=-4.676628790889481e-07,std=0
	gnorm= 0.001204376949379277
	collect S matrix time= 0.008240938186645508
	nonzero=136,wmax=4.032765720704198,wmin=0.004337589072293056
	SR solver time= 0.0039021968841552734
	collect H matrix time= 0.0029876232147216797
	nonzero=137,smax=6.244619842480601,smin=0.009997646998853008
	RGN solver time= 0.006949186325073242
	xnorm=1.4808995435498162,dnorm=0.0005949246665145506
update time= 0.010454893112182617
	dense amplitude time= 0.002358675003051758
	total non-zero amplitudes= 4900
	nsamples per process= 50
	sample time= 4.2780516147613525
self.n= 1.1782888189874772
	RGN updated loss=-11.978488537454552,dloss=-2.9165314963108813e-07
update time= 0.009796142578125
step= 30

nparam= 240
	dense amplitude time= 0.0026187896728515625
	total non-zero amplitudes= 4900
	nsamples per process= 50
	sample time= 4.633004188537598
self.n= 1.1782888189874772
	collect g,h time= 5.791006565093994
E=-11.978488537454552,dE=-2.9165314963108813e-07,std=0
L=-11.978488537454552,dL=-2.9165314963108813e-07,std=0
	gnorm= 0.0011614810062636014
	collect S matrix time= 0.00888204574584961
	nonzero=136,wmax=4.033272591300165,wmin=0.004341344390476595
	SR solver time= 0.003491640090942383
	collect H matrix time= 0.0034122467041015625
	nonzero=137,smax=6.245018901723291,smin=0.010007821247047634
	RGN solver time= 0.0063495635986328125
	xnorm=1.4809121253064272,dnorm=0.0004495322377294917
update time= 0.010028600692749023
	dense amplitude time= 0.002495288848876953
	total non-zero amplitudes= 4900
	nsamples per process= 50
	sample time= 4.298508882522583
self.n= 1.1781430366122398
	RGN updated loss=-11.978488723680812,dloss=-1.8622625930220238e-07
update time= 0.009107589721679688
step= 31

nparam= 240
	dense amplitude time= 0.02157115936279297
	total non-zero amplitudes= 4900
	nsamples per process= 50
	sample time= 4.619152784347534
self.n= 1.1781430366122398
	collect g,h time= 5.783966779708862
E=-11.978488723680812,dE=-1.8622625930220238e-07,std=0
L=-11.978488723680812,dL=-1.8622625930220238e-07,std=0
	gnorm= 0.001132319891384703
	collect S matrix time= 0.00957179069519043
	nonzero=136,wmax=4.033651805496338,wmin=0.0043441322080842336
	SR solver time= 0.0035233497619628906
	collect H matrix time= 0.003406524658203125
	nonzero=137,smax=6.245318230757851,smin=0.010015390660685894
	RGN solver time= 0.0064351558685302734
	xnorm=1.4809224722063352,dnorm=0.000341385864387024
update time= 0.010118246078491211
	dense amplitude time= 0.003196239471435547
	total non-zero amplitudes= 4900
	nsamples per process= 50
	sample time= 4.291101455688477
self.n= 1.1780340434164285
	RGN updated loss=-11.978488845465499,dloss=-1.2178468722368052e-07
update time= 0.00937509536743164
step= 32

nparam= 240
	dense amplitude time= 0.002605915069580078
	total non-zero amplitudes= 4900
	nsamples per process= 50
	sample time= 4.841366291046143
self.n= 1.1780340434164285
	collect g,h time= 5.774328708648682
E=-11.978488845465499,dE=-1.2178468722368052e-07,std=0
L=-11.978488845465499,dL=-1.2178468722368052e-07,std=0
	gnorm= 0.0011122289470154357
	collect S matrix time= 0.007695436477661133
	nonzero=136,wmax=4.033935269369508,wmin=0.004346202901481241
	SR solver time= 0.003507852554321289
	collect H matrix time= 0.003420114517211914
	nonzero=137,smax=6.245542552395079,smin=0.010021023005280764
	RGN solver time= 0.006381034851074219
	xnorm=1.4809307347514062,dnorm=0.0002608387688661435
update time= 0.010105609893798828
	dense amplitude time= 0.0029668807983398438
	total non-zero amplitudes= 4900
	nsamples per process= 50
	sample time= 4.0775511264801025
self.n= 1.1779521255289505
	RGN updated loss=-11.978488926975018,dloss=-8.150951913421522e-08
update time= 0.009031295776367188
step= 33

nparam= 240
	dense amplitude time= 0.002508401870727539
	total non-zero amplitudes= 4900
	nsamples per process= 50
	sample time= 4.703367471694946
self.n= 1.1779521255289505
	collect g,h time= 5.793772220611572
E=-11.978488926975018,dE=-8.150951913421522e-08,std=0
L=-11.978488926975018,dL=-8.150951913421522e-08,std=0
	gnorm= 0.0010981835406269336
	collect S matrix time= 0.007597923278808594
	nonzero=136,wmax=4.034147034957929,wmin=0.004347741569754876
	SR solver time= 0.00354766845703125
	collect H matrix time= 0.0033926963806152344
	nonzero=137,smax=6.245710580715658,smin=0.010025214282110865
	RGN solver time= 0.006338596343994141
	xnorm=1.4809371969314644,dnorm=0.0002007538684652467
update time= 0.009884357452392578
	dense amplitude time= 0.002615213394165039
	total non-zero amplitudes= 4900
	nsamples per process= 50
	sample time= 4.182437896728516
self.n= 1.1778902427593678
	RGN updated loss=-11.978488982714623,dloss=-5.5739604931659414e-08
update time= 0.008916378021240234
step= 34

nparam= 240
	dense amplitude time= 0.0022962093353271484
	total non-zero amplitudes= 4900
	nsamples per process= 50
	sample time= 4.648881912231445
self.n= 1.1778902427593678
	collect g,h time= 5.835359811782837
E=-11.978488982714623,dE=-5.5739604931659414e-08,std=0
L=-11.978488982714623,dL=-5.5739604931659414e-08,std=0
	gnorm= 0.0010882241416278753
	collect S matrix time= 0.007876157760620117
	nonzero=136,wmax=4.034305178536613,wmin=0.0043488852398436174
	SR solver time= 0.0035817623138427734
	collect H matrix time= 0.003525972366333008
	nonzero=137,smax=6.245836422903641,smin=0.010028333201446627
	RGN solver time= 0.006663084030151367
	xnorm=1.480942173998475,dnorm=0.00015583677508006907
update time= 0.010378122329711914
	dense amplitude time= 0.00267791748046875
	total non-zero amplitudes= 4900
	nsamples per process= 50
	sample time= 4.220396041870117
self.n= 1.1778432592907453
	RGN updated loss=-11.978489021568558,dloss=-3.8853935180327426e-08
update time= 0.00987100601196289
step= 35

nparam= 240
	dense amplitude time= 0.004016399383544922
	total non-zero amplitudes= 4900
	nsamples per process= 50
	sample time= 4.571253776550293
self.n= 1.1778432592907453
	collect g,h time= 5.837051630020142
E=-11.978489021568558,dE=-3.8853935180327426e-08,std=0
L=-11.978489021568558,dL=-3.8853935180327426e-08,std=0
	gnorm= 0.0010810711944651318
	collect S matrix time= 0.008086681365966797
	nonzero=136,wmax=4.034423254915382,wmin=0.004349735478068769
	SR solver time= 0.003802061080932617
	collect H matrix time= 0.0031294822692871094
	nonzero=137,smax=6.245930682005153,smin=0.01003065401276546
	RGN solver time= 0.006997823715209961
	xnorm=1.4809459620517345,dnorm=0.00012215409844892766
update time= 0.010036706924438477
	dense amplitude time= 0.002790212631225586
	total non-zero amplitudes= 4900
	nsamples per process= 50
	sample time= 4.12529182434082
self.n= 1.1778074071790878
	RGN updated loss=-11.978489049100565,dloss=-2.7532006896535677e-08
update time= 0.008942365646362305
step= 36

nparam= 240
	dense amplitude time= 0.0023806095123291016
	total non-zero amplitudes= 4900
	nsamples per process= 50
	sample time= 4.58491849899292
self.n= 1.1778074071790878
	collect g,h time= 5.8344926834106445
E=-11.978489049100565,dE=-2.7532006896535677e-08,std=0
L=-11.978489049100565,dL=-2.7532006896535677e-08,std=0
	gnorm= 0.001075877586425181
	collect S matrix time= 0.00811910629272461
	nonzero=136,wmax=4.034511411530345,wmin=0.004350367642737172
	SR solver time= 0.003526449203491211
	collect H matrix time= 0.003366708755493164
	nonzero=137,smax=6.246001310545622,smin=0.010032380788208341
	RGN solver time= 0.006438493728637695
	xnorm=1.480948817509045,dnorm=9.678265321944273e-05
update time= 0.00998544692993164
	dense amplitude time= 0.003399372100830078
	total non-zero amplitudes= 4900
	nsamples per process= 50
	sample time= 4.123746395111084
self.n= 1.1777799081459648
	RGN updated loss=-11.978489068877662,dloss=-1.977709729317212e-08
update time= 0.00898599624633789
step= 37

nparam= 240
	dense amplitude time= 0.0021543502807617188
	total non-zero amplitudes= 4900
	nsamples per process= 50
	sample time= 4.677758693695068
self.n= 1.1777799081459648
	collect g,h time= 5.780055522918701
E=-11.978489068877662,dE=-1.977709729317212e-08,std=0
L=-11.978489068877662,dL=-1.977709729317212e-08,std=0
	gnorm= 0.001072072869466986
	collect S matrix time= 0.007935762405395508
	nonzero=136,wmax=4.034577235595757,wmin=0.004350837690192467
	SR solver time= 0.0035016536712646484
	collect H matrix time= 0.0037202835083007812
	nonzero=137,smax=6.246054264165017,smin=0.010033665419105225
	RGN solver time= 0.006350040435791016
	xnorm=1.4809509522559408,dnorm=7.755237547190757e-05
update time= 0.009818315505981445
	dense amplitude time= 0.0029146671295166016
	total non-zero amplitudes= 4900
	nsamples per process= 50
	sample time= 4.277714729309082
self.n= 1.1777587044197548
	RGN updated loss=-11.978489083241575,dloss=-1.4363912725912087e-08
update time= 0.009018421173095703
step= 38

nparam= 240
	dense amplitude time= 0.0024704933166503906
	total non-zero amplitudes= 4900
	nsamples per process= 50
	sample time= 4.707708358764648
self.n= 1.1777587044197548
	collect g,h time= 5.84789252281189
E=-11.978489083241575,dE=-1.4363912725912087e-08,std=0
L=-11.978489083241575,dL=-1.4363912725912087e-08,std=0
	gnorm= 0.0010692658822100045
	collect S matrix time= 0.008365154266357422
	nonzero=136,wmax=4.034626394856282,wmin=0.004351187194223305
	SR solver time= 0.0036308765411376953
	collect H matrix time= 0.0039751529693603516
	nonzero=137,smax=6.246093998376115,smin=0.01003462097439861
	RGN solver time= 0.006654500961303711
	xnorm=1.4809525362369662,dnorm=6.285662520626578e-05
update time= 0.010327339172363281
	dense amplitude time= 0.002702474594116211
	total non-zero amplitudes= 4900
	nsamples per process= 50
	sample time= 4.284586191177368
self.n= 1.1777422656077317
	RGN updated loss=-11.978489093765239,dloss=-1.0523663718231546e-08
update time= 0.009120941162109375
step= 39

nparam= 240
	dense amplitude time= 0.002354145050048828
	total non-zero amplitudes= 4900
	nsamples per process= 50
	sample time= 4.633304595947266
self.n= 1.1777422656077317
	collect g,h time= 5.8383965492248535
E=-11.978489093765239,dE=-1.0523663718231546e-08,std=0
L=-11.978489093765239,dL=-1.0523663718231546e-08,std=0
	gnorm= 0.0010671836556574964
	collect S matrix time= 0.008161067962646484
	nonzero=136,wmax=4.034663120345335,wmin=0.004351447055937743
	SR solver time= 0.0035724639892578125
	collect H matrix time= 0.0034177303314208984
	nonzero=137,smax=6.246123844093279,smin=0.010035331628051668
	RGN solver time= 0.006460428237915039
	xnorm=1.4809537030279083,dnorm=5.15109426468104e-05
update time= 0.009931087493896484
	dense amplitude time= 0.0026781558990478516
	total non-zero amplitudes= 4900
	nsamples per process= 50
	sample time= 4.278701066970825
self.n= 1.1777294491452845
	RGN updated loss=-11.97848910152771,dloss=-7.762471554428885e-09
update time= 0.008920907974243164
step= 40

nparam= 240
	dense amplitude time= 0.016963481903076172
	total non-zero amplitudes= 4900
	nsamples per process= 50
	sample time= 4.654435396194458
self.n= 1.1777294491452845
	collect g,h time= 5.8440046310424805
E=-11.97848910152771,dE=-7.762471554428885e-09,std=0
L=-11.97848910152771,dL=-7.762471554428885e-09,std=0
	gnorm= 0.0010656326523033057
	collect S matrix time= 0.008043766021728516
	nonzero=136,wmax=4.034690569058911,wmin=0.0043516402505457685
	SR solver time= 0.0038378238677978516
	collect H matrix time= 0.002996683120727539
	nonzero=137,smax=6.246146290428097,smin=0.010035860042866409
	RGN solver time= 0.006938934326171875
	xnorm=1.4809545561139943,dnorm=4.264672764087273e-05
update time= 0.010190725326538086
	dense amplitude time= 0.003347158432006836
	total non-zero amplitudes= 4900
	nsamples per process= 50
	sample time= 4.21319317817688
self.n= 1.1777193988523256
	RGN updated loss=-11.978489107283247,dloss=-5.755536491847124e-09
update time= 0.010080814361572266
step= 41

nparam= 240
	dense amplitude time= 0.002501964569091797
	total non-zero amplitudes= 4900
	nsamples per process= 50
	sample time= 4.79286527633667
self.n= 1.1777193988523256
	collect g,h time= 5.784865140914917
E=-11.978489107283247,dE=-5.755536491847124e-09,std=0
L=-11.978489107283247,dL=-5.755536491847124e-09,std=0
	gnorm= 0.001064473768011918
	collect S matrix time= 0.007867097854614258
	nonzero=136,wmax=4.034711095826606,wmin=0.004351783863820225
	SR solver time= 0.003504514694213867
	collect H matrix time= 0.0035245418548583984
	nonzero=137,smax=6.246163197056209,smin=0.010036252865522004
	RGN solver time= 0.006344795227050781
	xnorm=1.4809551748108052,dnorm=3.563043123423612e-05
update time= 0.009787559509277344
	dense amplitude time= 0.002612590789794922
	total non-zero amplitudes= 4900
	nsamples per process= 50
	sample time= 4.12951922416687
self.n= 1.177711470810315
	RGN updated loss=-11.978489111567555,dloss=-4.2843080194643335e-09
update time= 0.008832216262817383
step= 42

nparam= 240
	dense amplitude time= 0.0023560523986816406
	total non-zero amplitudes= 4900
	nsamples per process= 50
	sample time= 4.677696704864502
self.n= 1.177711470810315
	collect g,h time= 5.7014689445495605
E=-11.978489111567555,dE=-4.2843080194643335e-09,std=0
L=-11.978489111567555,dL=-4.2843080194643335e-09,std=0
	gnorm= 0.001063605891686052
	collect S matrix time= 0.0077362060546875
	nonzero=136,wmax=4.034726456780833,wmin=0.004351890603476089
	SR solver time= 0.003485441207885742
	collect H matrix time= 0.0034513473510742188
	nonzero=137,smax=6.246175953366111,smin=0.010036544817424829
	RGN solver time= 0.006330013275146484
	xnorm=1.4809556194046152,dnorm=3.0001886690364595e-05
update time= 0.009715557098388672
	dense amplitude time= 0.0026357173919677734
	total non-zero amplitudes= 4900
	nsamples per process= 50
	sample time= 4.127825736999512
self.n= 1.1777051789614088
	RGN updated loss=-11.978489114766166,dloss=-3.198611153720776e-09
update time= 0.008812189102172852
step= 43

nparam= 240
	dense amplitude time= 0.002424478530883789
	total non-zero amplitudes= 4900
	nsamples per process= 50
	sample time= 4.7176902294158936
self.n= 1.1777051789614088
	collect g,h time= 5.778961658477783
E=-11.978489114766166,dE=-3.198611153720776e-09,std=0
L=-11.978489114766166,dL=-3.198611153720776e-09,std=0
	gnorm= 0.0010629548656833658
	collect S matrix time= 0.00788116455078125
	nonzero=136,wmax=4.034737961445158,wmin=0.004351969921720959
	SR solver time= 0.003502368927001953
	collect H matrix time= 0.0034837722778320312
	nonzero=137,smax=6.246185597545744,smin=0.010036761740829164
	RGN solver time= 0.006367683410644531
	xnorm=1.480955935409827,dnorm=2.542743865150189e-05
update time= 0.009816646575927734
	dense amplitude time= 0.003278970718383789
	total non-zero amplitudes= 4900
	nsamples per process= 50
	sample time= 4.154152870178223
self.n= 1.1777001550276944
	RGN updated loss=-11.97848911715949,dloss=-2.3933246495744243e-09
update time= 0.008863210678100586
step= 44

nparam= 240
	dense amplitude time= 0.003871440887451172
	total non-zero amplitudes= 4900
	nsamples per process= 50
	sample time= 4.784498929977417
self.n= 1.1777001550276944
	collect g,h time= 5.77889084815979
E=-11.97848911715949,dE=-2.3933246495744243e-09,std=0
L=-11.97848911715949,dL=-2.3933246495744243e-09,std=0
	gnorm= 0.0010624659196539282
	collect S matrix time= 0.007925033569335938
	nonzero=136,wmax=4.034746586309338,wmin=0.00435202884948323
	SR solver time= 0.0034804344177246094
	collect H matrix time= 0.0035011768341064453
	nonzero=137,smax=6.246192905592313,smin=0.010036922867232798
	RGN solver time= 0.006332874298095703
	xnorm=1.4809561569936252,dnorm=2.166473706427728e-05
update time= 0.009753704071044922
	dense amplitude time= 0.002348184585571289
	total non-zero amplitudes= 4900
	nsamples per process= 50
	sample time= 4.256072282791138
self.n= 1.177696118880137
	RGN updated loss=-11.978489118953231,dloss=-1.7937402674306213e-09
update time= 0.00910496711730957
step= 45

nparam= 240
	dense amplitude time= 0.0026161670684814453
	total non-zero amplitudes= 4900
	nsamples per process= 50
	sample time= 4.748236656188965
self.n= 1.177696118880137
	collect g,h time= 5.782890319824219
E=-11.978489118953231,dE=-1.7937402674306213e-09,std=0
L=-11.978489118953231,dL=-1.7937402674306213e-09,std=0
	gnorm= 0.0010620983861897085
	collect S matrix time= 0.0077667236328125
	nonzero=136,wmax=4.034753059583469,wmin=0.004352072616624587
	SR solver time= 0.003520965576171875
	collect H matrix time= 0.0034568309783935547
	nonzero=137,smax=6.2461984577889496,smin=0.010037042506662604
	RGN solver time= 0.00639796257019043
	xnorm=1.480956309676663,dnorm=1.853672813503356e-05
update time= 0.009948015213012695
	dense amplitude time= 0.0029947757720947266
	total non-zero amplitudes= 4900
	nsamples per process= 50
	sample time= 4.16626501083374
self.n= 1.1776928565644953
	RGN updated loss=-11.978489120299246,dloss=-1.3460148551303064e-09
update time= 0.008914709091186523
step= 46

nparam= 240
	dense amplitude time= 0.002314329147338867
	total non-zero amplitudes= 4900
	nsamples per process= 50
	sample time= 4.547143459320068
self.n= 1.1776928565644953
	collect g,h time= 5.779906988143921
E=-11.978489120299246,dE=-1.3460148551303064e-09,std=0
L=-11.978489120299246,dL=-1.3460148551303064e-09,std=0
	gnorm= 0.0010618219486935646
	collect S matrix time= 0.008036136627197266
	nonzero=136,wmax=4.034757924410725,wmin=0.004352105113176893
	SR solver time= 0.0038781166076660156
	collect H matrix time= 0.0030553340911865234
	nonzero=137,smax=6.246202688323818,smin=0.010037131305647247
	RGN solver time= 0.0070116519927978516
	xnorm=1.4809564124323351,dnorm=1.591278211422477e-05
update time= 0.01022028923034668
	dense amplitude time= 0.002843141555786133
	total non-zero amplitudes= 4900
	nsamples per process= 50
	sample time= 4.097825527191162
self.n= 1.1776902039602173
	RGN updated loss=-11.978489121310204,dloss=-1.0109584280826311e-09
update time= 0.009683370590209961
step= 47

nparam= 240
	dense amplitude time= 0.002456188201904297
	total non-zero amplitudes= 4900
	nsamples per process= 50
	sample time= 4.554918527603149
self.n= 1.1776902039602173
	collect g,h time= 5.980334758758545
E=-11.978489121310204,dE=-1.0109584280826311e-09,std=0
L=-11.978489121310204,dL=-1.0109584280826311e-09,std=0
	gnorm= 0.0010616139400409005
	collect S matrix time= 0.008111238479614258
	nonzero=136,wmax=4.0347615859952715,wmin=0.004352129232426331
	SR solver time= 0.0036666393280029297
	collect H matrix time= 0.0036046504974365234
	nonzero=137,smax=6.24620592231359,smin=0.010037197183939965
	RGN solver time= 0.006685972213745117
	xnorm=1.480956479302948,dnorm=1.3695223144749088e-05
update time= 0.01031494140625
	dense amplitude time= 0.0032639503479003906
	total non-zero amplitudes= 4900
	nsamples per process= 50
	sample time= 4.1430580615997314
self.n= 1.1776880345950014
	RGN updated loss=-11.978489122070009,dloss=-7.598046636303479e-10
update time= 0.009140968322753906
step= 48

nparam= 240
	dense amplitude time= 0.0024805068969726562
	total non-zero amplitudes= 4900
	nsamples per process= 50
	sample time= 4.624366760253906
self.n= 1.1776880345950014
	collect g,h time= 5.868834972381592
E=-11.978489122070009,dE=-7.598046636303479e-10,std=0
L=-11.978489122070009,dL=-7.598046636303479e-10,std=0
	gnorm= 0.0010614573758412444
	collect S matrix time= 0.007904291152954102
	nonzero=136,wmax=4.034764346728387,wmin=0.004352147126137035
	SR solver time= 0.0036427974700927734
	collect H matrix time= 0.0035867691040039062
	nonzero=137,smax=6.246208403422609,smin=0.010037246031974666
	RGN solver time= 0.006662130355834961
	xnorm=1.4809565206330892,dnorm=1.1809839887130325e-05
update time= 0.01043248176574707
	dense amplitude time= 0.0031054019927978516
	total non-zero amplitudes= 4900
	nsamples per process= 50
	sample time= 4.109841823577881
self.n= 1.1776862505350323
	RGN updated loss=-11.978489122641342,dloss=-5.713332029699814e-10
update time= 0.009229183197021484
step= 49

nparam= 240
	dense amplitude time= 0.0022835731506347656
	total non-zero amplitudes= 4900
	nsamples per process= 50
	sample time= 4.605992078781128
self.n= 1.1776862505350323
	collect g,h time= 5.993447780609131
E=-11.978489122641342,dE=-5.713332029699814e-10,std=0
L=-11.978489122641342,dL=-5.713332029699814e-10,std=0
	gnorm= 0.001061339509858603
	collect S matrix time= 0.008022069931030273
	nonzero=136,wmax=4.034766432364112,wmin=0.004352160394434924
	SR solver time= 0.003542184829711914
	collect H matrix time= 0.003560304641723633
	nonzero=137,smax=6.246210314464809,smin=0.010037282230100713
	RGN solver time= 0.006428241729736328
	xnorm=1.4809565440065198,dnorm=1.0199259235810983e-05
update time= 0.00995492935180664
	dense amplitude time= 0.0029180049896240234
	total non-zero amplitudes= 4900
	nsamples per process= 50
	sample time= 4.2243897914886475
self.n= 1.177684775556282
	RGN updated loss=-11.97848912307112,dloss=-4.297771027950148e-10
update time= 0.008811473846435547
