layer= 0
nparam= 120
hop_ls= [(0, 1), (0, 2), (0, 3), (0, 4), (0, 5), (0, 6), (0, 7), (0, 8), (0, 9), (0, 10), (0, 11), (0, 12), (0, 13), (0, 14), (0, 15), (1, 2), (1, 3), (1, 4), (1, 5), (1, 6), (1, 7), (1, 8), (1, 9), (1, 10), (1, 11), (1, 12), (1, 13), (1, 14), (1, 15), (2, 3), (2, 4), (2, 5), (2, 6), (2, 7), (2, 8), (2, 9), (2, 10), (2, 11), (2, 12), (2, 13), (2, 14), (2, 15), (3, 4), (3, 5), (3, 6), (3, 7), (3, 8), (3, 9), (3, 10), (3, 11), (3, 12), (3, 13), (3, 14), (3, 15), (4, 5), (4, 6), (4, 7), (4, 8), (4, 9), (4, 10), (4, 11), (4, 12), (4, 13), (4, 14), (4, 15), (5, 6), (5, 7), (5, 8), (5, 9), (5, 10), (5, 11), (5, 12), (5, 13), (5, 14), (5, 15), (6, 7), (6, 8), (6, 9), (6, 10), (6, 11), (6, 12), (6, 13), (6, 14), (6, 15), (7, 8), (7, 9), (7, 10), (7, 11), (7, 12), (7, 13), (7, 14), (7, 15), (8, 9), (8, 10), (8, 11), (8, 12), (8, 13), (8, 14), (8, 15), (9, 10), (9, 11), (9, 12), (9, 13), (9, 14), (9, 15), (10, 11), (10, 12), (10, 13), (10, 14), (10, 15), (11, 12), (11, 13), (11, 14), (11, 15), (12, 13), (12, 14), (12, 15), (13, 14), (13, 15), (14, 15)]

update time= 0.009354591369628906
step= 0

nparam= 240
ntotal configs= 4900
	dense amplitude time= 0.1139836311340332
	total non-zero amplitudes= 4900
	nsamples per process= 50
	sample time= 4.377541542053223
self.n= 1.0512062502902757
	collect g,h time= 5.685200929641724
E=-11.610628027255007,dE=0,std=0
L=-11.610628027255007,dL=0,std=0
	gnorm= 0.637352726446765
	collect S matrix time= 0.017197132110595703
	nonzero=140,wmax=3.212295304512341,wmin=0.0037063053311265277
	SR solver time= 0.004335165023803711
	collect H matrix time= 0.003137350082397461
	nonzero=143,smax=5.850630280441033,smin=0.006671138989044782
	RGN solver time= 0.006905078887939453
	xnorm=0.9816700344188204,dnorm=0.7931660739345503
update time= 0.010492801666259766
	dense amplitude time= 0.0041294097900390625
	total non-zero amplitudes= 4900
	nsamples per process= 50
	sample time= 3.931334972381592
self.n= 1.0305898563827165
	RGN updated loss=-11.902818943996987,dloss=-0.29219091674197983
update time= 0.008992910385131836
	dense amplitude time= 0.01773858070373535
	total non-zero amplitudes= 4900
	nsamples per process= 50
step= 1

nparam= 240
	sample time= 4.360269546508789
self.n= 1.0305898563827165
	collect g,h time= 5.671924352645874
E=-11.902818943996987,dE=-0.29219091674197983,std=0
L=-11.902818943996987,dL=-0.29219091674197983,std=0
	gnorm= 0.26518468358945674
	collect S matrix time= 0.011005401611328125
	nonzero=139,wmax=3.423600933666067,wmin=0.0035389531591684628
	SR solver time= 0.003973484039306641
	collect H matrix time= 0.003171205520629883
	nonzero=141,smax=5.660178410750059,smin=0.0059673902239992015
	RGN solver time= 0.006787776947021484
	xnorm=1.0171518679242468,dnorm=0.46658857651785735
update time= 0.009382247924804688
	dense amplitude time= 0.003323793411254883
	total non-zero amplitudes= 4900
	nsamples per process= 50
	sample time= 3.9017012119293213
self.n= 1.1527414605848796
	RGN updated loss=-11.951015379560658,dloss=-0.04819643556367126
update time= 0.007905244827270508
step= 2

nparam= 240
	dense amplitude time= 0.020130157470703125
	total non-zero amplitudes= 4900
	nsamples per process= 50
	sample time= 4.3497724533081055
self.n= 1.1527414605848796
	collect g,h time= 5.745167255401611
E=-11.951015379560658,dE=-0.04819643556367126,std=0
L=-11.951015379560658,dL=-0.04819643556367126,std=0
	gnorm= 0.12478170953659189
	collect S matrix time= 0.010435342788696289
	nonzero=138,wmax=3.652360126944475,wmin=0.003657968953183878
	SR solver time= 0.003990888595581055
	collect H matrix time= 0.0032956600189208984
	nonzero=140,smax=5.899813083599159,smin=0.006141519345358379
	RGN solver time= 0.006857156753540039
	xnorm=1.2433039324640816,dnorm=0.28315748171220234
update time= 0.00897836685180664
	dense amplitude time= 0.003434419631958008
	total non-zero amplitudes= 4900
	nsamples per process= 50
	sample time= 3.718838930130005
self.n= 1.2310927899564301
	RGN updated loss=-11.964164211916401,dloss=-0.013148832355742712
update time= 0.007844924926757812
step= 3

nparam= 240
	dense amplitude time= 0.011558294296264648
	total non-zero amplitudes= 4900
	nsamples per process= 50
	sample time= 4.191137313842773
self.n= 1.2310927899564301
	collect g,h time= 5.629619359970093
E=-11.964164211916401,dE=-0.013148832355742712,std=0
L=-11.964164211916401,dL=-0.013148832355742712,std=0
	gnorm= 0.0655128829921882
	collect S matrix time= 0.00907278060913086
	nonzero=137,wmax=3.790081624375852,wmin=0.004142756020267838
	SR solver time= 0.003407716751098633
	collect H matrix time= 0.003634214401245117
	nonzero=139,smax=6.043158430445553,smin=0.006939732830208531
	RGN solver time= 0.006177186965942383
	xnorm=1.4122728610923896,dnorm=0.22365051758125526
update time= 0.009900331497192383
	dense amplitude time= 0.0038671493530273438
	total non-zero amplitudes= 4900
	nsamples per process= 50
	sample time= 3.8858256340026855
self.n= 1.226895278743418
	RGN updated loss=-11.969427931996764,dloss=-0.005263720080362688
update time= 0.009412765502929688
step= 4

nparam= 240
	dense amplitude time= 0.010972976684570312
	total non-zero amplitudes= 4900
	nsamples per process= 50
	sample time= 4.365846633911133
self.n= 1.226895278743418
	collect g,h time= 5.7437543869018555
E=-11.969427931996764,dE=-0.005263720080362688,std=0
L=-11.969427931996764,dL=-0.005263720080362688,std=0
	gnorm= 0.038426149334775235
	collect S matrix time= 0.008390426635742188
	nonzero=136,wmax=3.8922867515484105,wmin=0.0042706202060886714
	SR solver time= 0.0038716793060302734
	collect H matrix time= 0.003163576126098633
	nonzero=138,smax=6.150975712990816,smin=0.006701972733960346
	RGN solver time= 0.0068891048431396484
	xnorm=1.525444589577958,dnorm=0.1245609076708196
update time= 0.010272026062011719
	dense amplitude time= 0.004759073257446289
	total non-zero amplitudes= 4900
	nsamples per process= 50
	sample time= 3.9364616870880127
self.n= 1.2221326861455135
	RGN updated loss=-11.971723493761326,dloss=-0.0022955617645621373
update time= 0.008914709091186523
step= 5

nparam= 240
	dense amplitude time= 0.01918792724609375
	total non-zero amplitudes= 4900
	nsamples per process= 50
	sample time= 4.404194116592407
self.n= 1.2221326861455135
	collect g,h time= 5.714473724365234
E=-11.971723493761326,dE=-0.0022955617645621373,std=0
L=-11.971723493761326,dL=-0.0022955617645621373,std=0
	gnorm= 0.02456874221546593
	collect S matrix time= 0.008204936981201172
	nonzero=136,wmax=3.9382283177883477,wmin=0.004331051229999629
	SR solver time= 0.003973245620727539
	collect H matrix time= 0.004363298416137695
	nonzero=138,smax=6.1933582666032025,smin=0.007198618850152136
	RGN solver time= 0.006844997406005859
	xnorm=1.5741496156039845,dnorm=0.16984241306835804
update time= 0.01055598258972168
	dense amplitude time= 0.004574775695800781
	total non-zero amplitudes= 4900
	nsamples per process= 50
	sample time= 3.8660476207733154
self.n= 1.1926476853554298
	RGN updated loss=-11.973804749350366,dloss=-0.002081255589040154
update time= 0.009092330932617188
step= 6

nparam= 240
	dense amplitude time= 0.008111953735351562
	total non-zero amplitudes= 4900
	nsamples per process= 50
	sample time= 4.277512550354004
self.n= 1.1926476853554298
	collect g,h time= 5.777072191238403
E=-11.973804749350366,dE=-0.002081255589040154,std=0
L=-11.973804749350366,dL=-0.002081255589040154,std=0
	gnorm= 0.018806497977354644
	collect S matrix time= 0.008259057998657227
	nonzero=136,wmax=3.9539751035640345,wmin=0.004132826573105596
	SR solver time= 0.003632783889770508
	collect H matrix time= 0.0035352706909179688
	nonzero=137,smax=6.196597132842393,smin=0.0095203790261981
	RGN solver time= 0.0065155029296875
	xnorm=1.5862620258985458,dnorm=0.19070205886364047
update time= 0.010304927825927734
	dense amplitude time= 0.004233121871948242
	total non-zero amplitudes= 4900
	nsamples per process= 50
	sample time= 3.7328338623046875
self.n= 1.1497912094864673
	RGN updated loss=-11.97607704303687,dloss=-0.0022722936865040566
update time= 0.00897669792175293
step= 7

nparam= 240
	dense amplitude time= 0.016577720642089844
	total non-zero amplitudes= 4900
	nsamples per process= 50
	sample time= 4.193803071975708
self.n= 1.1497912094864673
	collect g,h time= 5.766362190246582
E=-11.97607704303687,dE=-0.0022722936865040566,std=0
L=-11.97607704303687,dL=-0.0022722936865040566,std=0
	gnorm= 0.016008580211549335
	collect S matrix time= 0.00793766975402832
	nonzero=136,wmax=3.9576205857334386,wmin=0.003998527823570839
	SR solver time= 0.003634214401245117
	collect H matrix time= 0.003531217575073242
	nonzero=137,smax=6.192009082724674,smin=0.008571734472128638
	RGN solver time= 0.006643533706665039
	xnorm=1.5813068650196103,dnorm=0.08727877090068896
update time= 0.010291576385498047
	dense amplitude time= 0.0035343170166015625
	total non-zero amplitudes= 4900
	nsamples per process= 50
	sample time= 3.8234591484069824
self.n= 1.1100129160732042
	RGN updated loss=-11.977158539677111,dloss=-0.001081496640241042
update time= 0.009510278701782227
step= 8

nparam= 240
	dense amplitude time= 0.01065206527709961
	total non-zero amplitudes= 4900
	nsamples per process= 50
	sample time= 4.273125410079956
self.n= 1.1100129160732042
	collect g,h time= 5.7761828899383545
E=-11.977158539677111,dE=-0.001081496640241042,std=0
L=-11.977158539677111,dL=-0.001081496640241042,std=0
	gnorm= 0.012764435236663513
	collect S matrix time= 0.00816965103149414
	nonzero=136,wmax=3.9690718557130737,wmin=0.004284045704572596
	SR solver time= 0.003926277160644531
	collect H matrix time= 0.003026247024536133
	nonzero=137,smax=6.199123592231049,smin=0.008937210718620619
	RGN solver time= 0.006844043731689453
	xnorm=1.5664895612594025,dnorm=0.049823286673049194
update time= 0.010287284851074219
	dense amplitude time= 0.004141092300415039
	total non-zero amplitudes= 4900
	nsamples per process= 50
	sample time= 3.7438666820526123
self.n= 1.0856615955403541
	RGN updated loss=-11.97764624576797,dloss=-0.00048770609085835304
update time= 0.008984565734863281
step= 9

nparam= 240
	dense amplitude time= 0.00920414924621582
	total non-zero amplitudes= 4900
	nsamples per process= 50
	sample time= 4.230482816696167
self.n= 1.0856615955403541
	collect g,h time= 5.785638093948364
E=-11.97764624576797,dE=-0.00048770609085835304,std=0
L=-11.97764624576797,dL=-0.00048770609085835304,std=0
	gnorm= 0.009856462512341284
	collect S matrix time= 0.008292675018310547
	nonzero=136,wmax=3.9799482638481454,wmin=0.0043790725357157065
	SR solver time= 0.003631114959716797
	collect H matrix time= 0.003505229949951172
	nonzero=137,smax=6.2055959485901,smin=0.009326910636815011
	RGN solver time= 0.006613492965698242
	xnorm=1.5601791353563303,dnorm=0.02897468824336215
	dense amplitude time= 0.0040416717529296875
	total non-zero amplitudes= 4900
	nsamples per process= 50
update time= 0.010326385498046875
	sample time= 3.795131206512451
self.n= 1.0707953266632275
	RGN updated loss=-11.977876168801206,dloss=-0.0002299230332365454
update time= 0.008885622024536133
step= 10

nparam= 240
	dense amplitude time= 0.018886804580688477
	total non-zero amplitudes= 4900
	nsamples per process= 50
	sample time= 4.207345485687256
self.n= 1.0707953266632275
	collect g,h time= 5.6123998165130615
E=-11.977876168801206,dE=-0.0002299230332365454,std=0
L=-11.977876168801206,dL=-0.0002299230332365454,std=0
	gnorm= 0.007523622910891897
	collect S matrix time= 0.008417129516601562
	nonzero=136,wmax=3.9898865944520514,wmin=0.004447504164257769
	SR solver time= 0.0035452842712402344
	collect H matrix time= 0.003458261489868164
	nonzero=137,smax=6.211967760060868,smin=0.00965753289374306
	RGN solver time= 0.006412982940673828
	xnorm=1.5568785008522887,dnorm=0.018216141828238497
update time= 0.010011672973632812
	dense amplitude time= 0.0033600330352783203
	total non-zero amplitudes= 4900
	nsamples per process= 50
	sample time= 3.7583768367767334
self.n= 1.061620482161284
	RGN updated loss=-11.977990232598733,dloss=-0.00011406379752720852
update time= 0.009225606918334961
step= 11

nparam= 240
	dense amplitude time= 0.036937713623046875
	total non-zero amplitudes= 4900
	nsamples per process= 50
	sample time= 4.24031400680542
self.n= 1.061620482161284
	collect g,h time= 5.631054162979126
E=-11.977990232598733,dE=-0.00011406379752720852,std=0
L=-11.977990232598733,dL=-0.00011406379752720852,std=0
	gnorm= 0.0057425760466274746
	collect S matrix time= 0.008371829986572266
	nonzero=136,wmax=3.998322559975065,wmin=0.004501823228376809
	SR solver time= 0.003879070281982422
	collect H matrix time= 0.002979278564453125
	nonzero=137,smax=6.217719303006895,smin=0.009881611418477819
	RGN solver time= 0.006915569305419922
	xnorm=1.555699789611132,dnorm=0.012122075811945581
update time= 0.010069847106933594
	dense amplitude time= 0.003925323486328125
	total non-zero amplitudes= 4900
	nsamples per process= 50
	sample time= 3.766792058944702
self.n= 1.0557392603541906
	RGN updated loss=-11.978048816744577,dloss=-5.8584145843809665e-05
update time= 0.009017229080200195
step= 12

nparam= 240
	dense amplitude time= 0.014980316162109375
	total non-zero amplitudes= 4900
	nsamples per process= 50
	sample time= 4.215806722640991
self.n= 1.0557392603541906
	collect g,h time= 5.662355184555054
E=-11.978048816744577,dE=-5.8584145843809665e-05,std=0
L=-11.978048816744577,dL=-5.8584145843809665e-05,std=0
	gnorm= 0.0044278382094888715
	collect S matrix time= 0.007844924926757812
	nonzero=137,wmax=4.005197789907476,wmin=0.004015399112504698
	SR solver time= 0.0036301612854003906
	collect H matrix time= 0.003439664840698242
	nonzero=137,smax=6.2226247433672475,smin=0.010036480089794795
	RGN solver time= 0.0066030025482177734
	xnorm=1.5553357029074693,dnorm=0.008170489641176788
update time= 0.010318994522094727
	dense amplitude time= 0.004169464111328125
	total non-zero amplitudes= 4900
	nsamples per process= 50
	sample time= 3.735447645187378
self.n= 1.0519785624322453
	RGN updated loss=-11.978079578953263,dloss=-3.0762208686141435e-05
update time= 0.009070158004760742
step= 13

nparam= 240
	dense amplitude time= 0.009168863296508789
	total non-zero amplitudes= 4900
	nsamples per process= 50
	sample time= 4.224762439727783
self.n= 1.0519785624322453
	collect g,h time= 5.637613296508789
E=-11.978079578953263,dE=-3.0762208686141435e-05,std=0
L=-11.978079578953263,dL=-3.0762208686141435e-05,std=0
	gnorm= 0.0034644583306890305
	collect S matrix time= 0.008096933364868164
	nonzero=137,wmax=4.010641441827889,wmin=0.004067952881407976
	SR solver time= 0.0035314559936523438
	collect H matrix time= 0.0034258365631103516
	nonzero=137,smax=6.226630852188178,smin=0.010149385677271387
	RGN solver time= 0.006381988525390625
	xnorm=1.555627072642377,dnorm=0.005912672631349603
update time= 0.009999513626098633
	dense amplitude time= 0.003910541534423828
	total non-zero amplitudes= 4900
	nsamples per process= 50
	sample time= 3.790433645248413
self.n= 1.049394920094499
	RGN updated loss=-11.978096059531122,dloss=-1.648057785885726e-05
update time= 0.008875608444213867
step= 14

nparam= 240
	dense amplitude time= 0.0164644718170166
	total non-zero amplitudes= 4900
	nsamples per process= 50
	sample time= 4.218253135681152
self.n= 1.049394920094499
	collect g,h time= 5.601463079452515
E=-11.978096059531122,dE=-1.648057785885726e-05,std=0
L=-11.978096059531122,dL=-1.648057785885726e-05,std=0
	gnorm= 0.002792353958688258
	collect S matrix time= 0.008209705352783203
	nonzero=137,wmax=4.014881074726442,wmin=0.004106327725687824
	SR solver time= 0.003545045852661133
	collect H matrix time= 0.003366231918334961
	nonzero=137,smax=6.229817175169893,smin=0.010226758361190202
	RGN solver time= 0.006360530853271484
	xnorm=1.555783518861203,dnorm=0.004152367688674605
update time= 0.009913206100463867
	dense amplitude time= 0.0037965774536132812
	total non-zero amplitudes= 4900
	nsamples per process= 50
	sample time= 3.767982244491577
self.n= 1.0476962355740296
	RGN updated loss=-11.978104967760578,dloss=-8.908229455428796e-06
update time= 0.009334564208984375
step= 15

nparam= 240
	dense amplitude time= 0.007322788238525391
	total non-zero amplitudes= 4900
	nsamples per process= 50
	sample time= 4.208298444747925
self.n= 1.0476962355740296
	collect g,h time= 5.624085187911987
E=-11.978104967760578,dE=-8.908229455428796e-06,std=0
L=-11.978104967760578,dL=-8.908229455428796e-06,std=0
	gnorm= 0.0023254784232037535
	collect S matrix time= 0.00783395767211914
	nonzero=137,wmax=4.018134142828457,wmin=0.004133415142548001
	SR solver time= 0.0038156509399414062
	collect H matrix time= 0.002935647964477539
	nonzero=137,smax=6.232298767647937,smin=0.010284304547881495
	RGN solver time= 0.006640434265136719
	xnorm=1.5561751193365738,dnorm=0.0030516077767303567
update time= 0.009972572326660156
	dense amplitude time= 0.003740072250366211
	total non-zero amplitudes= 4900
	nsamples per process= 50
	sample time= 3.738914966583252
self.n= 1.046499080597679
	RGN updated loss=-11.978109838854445,dloss=-4.871093867819809e-06
update time= 0.008775472640991211
step= 16

nparam= 240
	dense amplitude time= 0.01701045036315918
	total non-zero amplitudes= 4900
	nsamples per process= 50
	sample time= 4.2066075801849365
self.n= 1.046499080597679
	collect g,h time= 5.588233232498169
E=-11.978109838854445,dE=-4.871093867819809e-06,std=0
L=-11.978109838854445,dL=-4.871093867819809e-06,std=0
	gnorm= 0.0020173564424242774
	collect S matrix time= 0.007863044738769531
	nonzero=137,wmax=4.020610745925546,wmin=0.004153398816728926
	SR solver time= 0.0034897327423095703
	collect H matrix time= 0.004563570022583008
	nonzero=137,smax=6.2342070821389814,smin=0.010324493857291067
	RGN solver time= 0.006360530853271484
	xnorm=1.5564350524390007,dnorm=0.0022398438184021313
update time= 0.009890556335449219
	dense amplitude time= 0.0036725997924804688
	total non-zero amplitudes= 4900
	nsamples per process= 50
	sample time= 3.7472991943359375
self.n= 1.0456600504525804
	RGN updated loss=-11.97811252168325,dloss=-2.68282880533377e-06
update time= 0.008888006210327148
step= 17

nparam= 240
	dense amplitude time= 0.01718902587890625
	total non-zero amplitudes= 4900
	nsamples per process= 50
	sample time= 4.229440689086914
self.n= 1.0456600504525804
	collect g,h time= 5.557687044143677
E=-11.97811252168325,dE=-2.68282880533377e-06,std=0
L=-11.97811252168325,dL=-2.68282880533377e-06,std=0
	gnorm= 0.0018213559668385664
	collect S matrix time= 0.009217977523803711
	nonzero=137,wmax=4.022484119045317,wmin=0.0041678977329209195
	SR solver time= 0.0035784244537353516
	collect H matrix time= 0.0034630298614501953
	nonzero=137,smax=6.235660719360557,smin=0.010353444959135682
	RGN solver time= 0.006398677825927734
	xnorm=1.556647718237121,dnorm=0.0016518716190763295
update time= 0.009986400604248047
	dense amplitude time= 0.0038480758666992188
	total non-zero amplitudes= 4900
	nsamples per process= 50
	sample time= 3.794896125793457
self.n= 1.045065657926218
	RGN updated loss=-11.978114009324539,dloss=-1.4876412883779722e-06
update time= 0.008888721466064453
step= 18

nparam= 240
	dense amplitude time= 0.01523590087890625
	total non-zero amplitudes= 4900
	nsamples per process= 50
	sample time= 4.236563444137573
self.n= 1.045065657926218
	collect g,h time= 5.583496809005737
E=-11.978114009324539,dE=-1.4876412883779722e-06,std=0
L=-11.978114009324539,dL=-1.4876412883779722e-06,std=0
	gnorm= 0.0017008317181075225
	collect S matrix time= 0.009876251220703125
	nonzero=137,wmax=4.0238947169845,wmin=0.004178499928492196
	SR solver time= 0.003540515899658203
	collect H matrix time= 0.0034117698669433594
	nonzero=137,smax=6.236760777993898,smin=0.010374498533155802
	RGN solver time= 0.006331443786621094
	xnorm=1.5568152618065219,dnorm=0.001222549247064417
update time= 0.009836435317993164
	dense amplitude time= 0.0038268566131591797
	total non-zero amplitudes= 4900
	nsamples per process= 50
	sample time= 3.7740113735198975
self.n= 1.0446418360466878
	RGN updated loss=-11.978114839906285,dloss=-8.305817456033537e-07
update time= 0.00891876220703125
step= 19

nparam= 240
	dense amplitude time= 0.01286625862121582
	total non-zero amplitudes= 4900
	nsamples per process= 50
	sample time= 4.219666004180908
self.n= 1.0446418360466878
	collect g,h time= 5.577695369720459
E=-11.978114839906285,dE=-8.305817456033537e-07,std=0
L=-11.978114839906285,dL=-8.305817456033537e-07,std=0
	gnorm= 0.0016285087172909242
	collect S matrix time= 0.007932901382446289
	nonzero=137,wmax=4.024953339775331,wmin=0.0041862785641546725
	SR solver time= 0.0035381317138671875
	collect H matrix time= 0.0034804344177246094
	nonzero=137,smax=6.237589231150131,smin=0.010389893505230296
	RGN solver time= 0.0064089298248291016
	xnorm=1.5569454186256115,dnorm=0.0009068999280721689
update time= 0.010000228881835938
	dense amplitude time= 0.00319671630859375
	total non-zero amplitudes= 4900
	nsamples per process= 50
	sample time= 3.7437479496002197
self.n= 1.0443378560148424
	RGN updated loss=-11.978115307110023,dloss=-4.672037388075978e-07
update time= 0.008772850036621094
step= 20

nparam= 240
	dense amplitude time= 0.017679929733276367
	total non-zero amplitudes= 4900
	nsamples per process= 50
	sample time= 4.213574409484863
self.n= 1.0443378560148424
	collect g,h time= 5.578733921051025
E=-11.978115307110023,dE=-4.672037388075978e-07,std=0
L=-11.978115307110023,dL=-4.672037388075978e-07,std=0
	gnorm= 0.001585722960536203
	collect S matrix time= 0.007897615432739258
	nonzero=137,wmax=4.0257458393659284,wmin=0.00419200409123275
	SR solver time= 0.0038411617279052734
	collect H matrix time= 0.002841949462890625
	nonzero=137,smax=6.238210956945438,smin=0.010401194472330238
	RGN solver time= 0.006676435470581055
	xnorm=1.5570451703009736,dnorm=0.0006738613886496628
update time= 0.010133028030395508
	dense amplitude time= 0.0037293434143066406
	total non-zero amplitudes= 4900
	nsamples per process= 50
	sample time= 3.7544667720794678
self.n= 1.0441188931436574
	RGN updated loss=-11.97811557217656,dloss=-2.650665358316928e-07
update time= 0.009381771087646484
	dense amplitude time= 0.01150369644165039
	total non-zero amplitudes= 4900
	nsamples per process= 50
step= 21

nparam= 240
	sample time= 4.225648641586304
self.n= 1.0441188931436574
	collect g,h time= 5.57248854637146
E=-11.97811557217656,dE=-2.650665358316928e-07,std=0
L=-11.97811557217656,dL=-2.650665358316928e-07,std=0
	gnorm= 0.0015605312599116562
	collect S matrix time= 0.00859212875366211
	nonzero=137,wmax=4.026337982236584,wmin=0.0041962290749731
	SR solver time= 0.0035047531127929688
	collect H matrix time= 0.003383636474609375
	nonzero=137,smax=6.238676303111223,smin=0.010409523691734262
	RGN solver time= 0.0064504146575927734
	xnorm=1.5571210691772315,dnorm=0.0005014448365906642
update time= 0.00990915298461914
	dense amplitude time= 0.0036246776580810547
	total non-zero amplitudes= 4900
	nsamples per process= 50
	sample time= 3.782630443572998
self.n= 1.0439606849945378
	RGN updated loss=-11.978115724130925,dloss=-1.5195436553483432e-07
update time= 0.008940458297729492
step= 22

nparam= 240
	dense amplitude time= 0.01584935188293457
	total non-zero amplitudes= 4900
	nsamples per process= 50
	sample time= 4.225241184234619
self.n= 1.0439606849945378
	collect g,h time= 5.508514881134033
E=-11.978115724130925,dE=-1.5195436553483432e-07,std=0
L=-11.978115724130925,dL=-1.5195436553483432e-07,std=0
	gnorm= 0.001545655515765461
	collect S matrix time= 0.008140087127685547
	nonzero=137,wmax=4.026779769254644,wmin=0.0041993518971239555
	SR solver time= 0.003538370132446289
	collect H matrix time= 0.003462076187133789
	nonzero=137,smax=6.239023885409583,smin=0.010415673191993817
	RGN solver time= 0.006356954574584961
	xnorm=1.557178490097944,dnorm=0.0003736472555516332
update time= 0.009971380233764648
	dense amplitude time= 0.004145622253417969
	total non-zero amplitudes= 4900
	nsamples per process= 50
	sample time= 3.7779290676116943
self.n= 1.0438461500776226
	RGN updated loss=-11.978115812341587,dloss=-8.821066188602344e-08
update time= 0.008901357650756836
step= 23

nparam= 240
	dense amplitude time= 0.020238876342773438
	total non-zero amplitudes= 4900
	nsamples per process= 50
	sample time= 4.207620620727539
self.n= 1.0438461500776226
	collect g,h time= 5.570049285888672
E=-11.978115812341587,dE=-8.821066188602344e-08,std=0
L=-11.978115812341587,dL=-8.821066188602344e-08,std=0
	gnorm= 0.0015367914582974725
	collect S matrix time= 0.0077822208404541016
	nonzero=137,wmax=4.027108986695463,wmin=0.004201663460841846
	SR solver time= 0.003527402877807617
	collect H matrix time= 0.004529476165771484
	nonzero=137,smax=6.239283083474015,smin=0.010420222031147888
	RGN solver time= 0.006348848342895508
	xnorm=1.557221824267889,dnorm=0.00027883360047346135
update time= 0.009960412979125977
	dense amplitude time= 0.003602266311645508
	total non-zero amplitudes= 4900
	nsamples per process= 50
	sample time= 3.7584304809570312
self.n= 1.0437631507520235
	RGN updated loss=-11.978115864327394,dloss=-5.1985807658638805e-08
update time= 0.008949995040893555
step= 24

nparam= 240
	dense amplitude time= 0.01598501205444336
	total non-zero amplitudes= 4900
	nsamples per process= 50
	sample time= 4.217799663543701
self.n= 1.0437631507520235
	collect g,h time= 5.593063831329346
E=-11.978115864327394,dE=-5.1985807658638805e-08,std=0
L=-11.978115864327394,dL=-5.1985807658638805e-08,std=0
	gnorm= 0.0015314353165558098
	collect S matrix time= 0.007971763610839844
	nonzero=137,wmax=4.0273540763707905,wmin=0.004203376357594343
	SR solver time= 0.003512859344482422
	collect H matrix time= 0.003400564193725586
	nonzero=137,smax=6.239476112415675,smin=0.010423591555972476
	RGN solver time= 0.006480693817138672
	xnorm=1.5572544884085595,dnorm=0.00020845300871849329
update time= 0.01009368896484375
	dense amplitude time= 0.004278421401977539
	total non-zero amplitudes= 4900
	nsamples per process= 50
	sample time= 3.7585744857788086
self.n= 1.0437029983770576
	RGN updated loss=-11.978115895514817,dloss=-3.118742242236294e-08
update time= 0.008904695510864258
step= 25

nparam= 240
	dense amplitude time= 0.01777815818786621
	total non-zero amplitudes= 4900
	nsamples per process= 50
	sample time= 4.2284626960754395
self.n= 1.0437029983770576
	collect g,h time= 5.66364312171936
E=-11.978115895514817,dE=-3.118742242236294e-08,std=0
L=-11.978115895514817,dL=-3.118742242236294e-08,std=0
	gnorm= 0.0015281404964826945
	collect S matrix time= 0.010252237319946289
	nonzero=137,wmax=4.027536381870764,wmin=0.0042046466589166975
	SR solver time= 0.0036020278930664062
	collect H matrix time= 0.0034029483795166016
	nonzero=137,smax=6.239619699022301,smin=0.010426090178225033
	RGN solver time= 0.00647425651550293
	xnorm=1.5572791010974556,dnorm=0.00015619402673426483
	dense amplitude time= 0.004209280014038086
	total non-zero amplitudes= 4900
	nsamples per process= 50
update time= 0.01003718376159668
	sample time= 3.8031697273254395
self.n= 1.0436594373214036
	RGN updated loss=-11.978115914610068,dloss=-1.909525160215253e-08
update time= 0.008914709091186523
step= 26

nparam= 240
	dense amplitude time= 0.017241239547729492
	total non-zero amplitudes= 4900
	nsamples per process= 50
	sample time= 4.228864431381226
self.n= 1.0436594373214036
	collect g,h time= 5.6358983516693115
E=-11.978115914610068,dE=-1.909525160215253e-08,std=0
L=-11.978115914610068,dL=-1.909525160215253e-08,std=0
	gnorm= 0.001526071151913123
	collect S matrix time= 0.009129047393798828
	nonzero=137,wmax=4.027671883752678,wmin=0.004205589296162526
	SR solver time= 0.003622293472290039
	collect H matrix time= 0.003488779067993164
	nonzero=137,smax=6.2397263978423485,smin=0.010427944531014493
	RGN solver time= 0.006571054458618164
	xnorm=1.557297651422236,dnorm=0.00011738476367149097
update time= 0.010055780410766602
	dense amplitude time= 0.0038619041442871094
	total non-zero amplitudes= 4900
	nsamples per process= 50
	sample time= 3.7876009941101074
self.n= 1.0436279433026563
	RGN updated loss=-11.978115926567488,dloss=-1.1957419943087189e-08
update time= 0.010021209716796875
step= 27

nparam= 240
	dense amplitude time= 0.008838891983032227
	total non-zero amplitudes= 4900
	nsamples per process= 50
	sample time= 4.207440614700317
self.n= 1.0436279433026563
	collect g,h time= 5.602643013000488
E=-11.978115926567488,dE=-1.1957419943087189e-08,std=0
L=-11.978115926567488,dL=-1.1957419943087189e-08,std=0
	gnorm= 0.001524741808567316
	collect S matrix time= 0.007927417755126953
	nonzero=137,wmax=4.027772526469016,wmin=0.0042062890997429485
	SR solver time= 0.0038127899169921875
	collect H matrix time= 0.004210472106933594
	nonzero=137,smax=6.23980560934235,smin=0.01042932163439941
	RGN solver time= 0.006676197052001953
	xnorm=1.557311642115085,dnorm=8.856034585744687e-05
update time= 0.009961366653442383
	dense amplitude time= 0.0038673877716064453
	total non-zero amplitudes= 4900
	nsamples per process= 50
	sample time= 3.7377092838287354
self.n= 1.043605232772069
	RGN updated loss=-11.978115934235419,dloss=-7.667930290722325e-09
update time= 0.008938312530517578
step= 28

nparam= 240
	dense amplitude time= 0.01576685905456543
	total non-zero amplitudes= 4900
	nsamples per process= 50
	sample time= 4.212874889373779
self.n= 1.043605232772069
	collect g,h time= 5.623999357223511
E=-11.978115934235419,dE=-7.667930290722325e-09,std=0
L=-11.978115934235419,dL=-7.667930290722325e-09,std=0
	gnorm= 0.0015238678225168807
	collect S matrix time= 0.008137226104736328
	nonzero=137,wmax=4.027847225833281,wmin=0.004206808793135965
	SR solver time= 0.003565549850463867
	collect H matrix time= 0.004404544830322266
	nonzero=137,smax=6.239864359379842,smin=0.010430344846110821
	RGN solver time= 0.006415605545043945
	xnorm=1.5573222047550204,dnorm=6.714766553008292e-05
update time= 0.009987115859985352
	dense amplitude time= 0.003871440887451172
	total non-zero amplitudes= 4900
	nsamples per process= 50
	sample time= 3.743016481399536
self.n= 1.0435889163795986
	RGN updated loss=-11.978115939272204,dloss=-5.036785211132155e-09
update time= 0.009106159210205078
step= 29

nparam= 240
	dense amplitude time= 0.018007516860961914
	total non-zero amplitudes= 4900
	nsamples per process= 50
	sample time= 4.224242448806763
self.n= 1.0435889163795986
	collect g,h time= 5.639402389526367
E=-11.978115939272204,dE=-5.036785211132155e-09,std=0
L=-11.978115939272204,dL=-5.036785211132155e-09,std=0
	gnorm= 0.001523280089109583
	collect S matrix time= 0.007574319839477539
	nonzero=137,wmax=4.027902629982197,wmin=0.00420719481703662
	SR solver time= 0.003548145294189453
	collect H matrix time= 0.003393411636352539
	nonzero=137,smax=6.239907891505414,smin=0.010431105429174577
	RGN solver time= 0.006491661071777344
	xnorm=1.5573301898291751,dnorm=5.1234001645899154e-05
update time= 0.010416030883789062
	dense amplitude time= 0.004348039627075195
	total non-zero amplitudes= 4900
	nsamples per process= 50
	sample time= 3.779852867126465
self.n= 1.043577252158506
	RGN updated loss=-11.978115942658238,dloss=-3.3860345638458966e-09
update time= 0.008813858032226562
step= 30

nparam= 240
	dense amplitude time= 0.017879962921142578
	total non-zero amplitudes= 4900
	nsamples per process= 50
	sample time= 4.216968774795532
self.n= 1.043577252158506
	collect g,h time= 5.6313512325286865
E=-11.978115942658238,dE=-3.3860345638458966e-09,std=0
L=-11.978115942658238,dL=-3.3860345638458966e-09,std=0
	gnorm= 0.0015228764691833936
	collect S matrix time= 0.008288145065307617
	nonzero=137,wmax=4.027943691969708,wmin=0.004207481592292769
	SR solver time= 0.0035381317138671875
	collect H matrix time= 0.003403902053833008
	nonzero=137,smax=6.239940114611863,smin=0.010431670989742426
	RGN solver time= 0.006506681442260742
	xnorm=1.5573362359326612,dnorm=3.939647967926743e-05
update time= 0.010353803634643555
	dense amplitude time= 0.004465818405151367
	total non-zero amplitudes= 4900
	nsamples per process= 50
	sample time= 3.767503261566162
self.n= 1.0435689685259109
	RGN updated loss=-11.978115944983674,dloss=-2.3254358438862255e-09
update time= 0.008895397186279297
step= 31

nparam= 240
	dense amplitude time= 0.03623652458190918
	total non-zero amplitudes= 4900
	nsamples per process= 50
	sample time= 4.2383410930633545
self.n= 1.0435689685259109
	collect g,h time= 5.571045160293579
E=-11.978115944983674,dE=-2.3254358438862255e-09,std=0
L=-11.978115944983674,dL=-2.3254358438862255e-09,std=0
	gnorm= 0.001522594058117329
	collect S matrix time= 0.007877349853515625
	nonzero=137,wmax=4.027974099407009,wmin=0.004207694651379786
	SR solver time= 0.0034744739532470703
	collect H matrix time= 0.0034046173095703125
	nonzero=137,smax=6.239963939915011,smin=0.010432091659487754
	RGN solver time= 0.006372213363647461
	xnorm=1.557340822379032,dnorm=3.057611682113467e-05
update time= 0.009999752044677734
	dense amplitude time= 0.0038475990295410156
	total non-zero amplitudes= 4900
	nsamples per process= 50
	sample time= 3.7607293128967285
self.n= 1.0435631366378204
	RGN updated loss=-11.978115946590222,dloss=-1.606547783694623e-09
update time= 0.008880376815795898
step= 32

nparam= 240
	dense amplitude time= 0.016029834747314453
	total non-zero amplitudes= 4900
	nsamples per process= 50
	sample time= 4.212336540222168
self.n= 1.0435631366378204
	collect g,h time= 5.636138677597046
E=-11.978115946590222,dE=-1.606547783694623e-09,std=0
L=-11.978115946590222,dL=-1.606547783694623e-09,std=0
	gnorm= 0.0015223927199369057
	collect S matrix time= 0.007512807846069336
	nonzero=137,wmax=4.027996596154286,wmin=0.004207852945210779
	SR solver time= 0.0035316944122314453
	collect H matrix time= 0.0033228397369384766
	nonzero=137,smax=6.239981541311709,smin=0.010432424287305562
	RGN solver time= 0.006394147872924805
	xnorm=1.557344308940037,dnorm=2.398600383629571e-05
update time= 0.009996652603149414
	dense amplitude time= 0.0037369728088378906
	total non-zero amplitudes= 4900
	nsamples per process= 50
	sample time= 3.7388999462127686
self.n= 1.0435590321841057
	RGN updated loss=-11.978115947747652,dloss=-1.1574297076322182e-09
update time= 0.008943319320678711
step= 33

nparam= 240
	dense amplitude time= 0.017240524291992188
	total non-zero amplitudes= 4900
	nsamples per process= 50
	sample time= 4.2133262157440186
self.n= 1.0435590321841057
	collect g,h time= 5.484313726425171
E=-11.978115947747652,dE=-1.1574297076322182e-09,std=0
L=-11.978115947747652,dL=-1.1574297076322182e-09,std=0
	gnorm= 0.0015222481855653677
	collect S matrix time= 0.007749795913696289
	nonzero=137,wmax=4.028013216388694,wmin=0.0042079710700566025
	SR solver time= 0.0034787654876708984
	collect H matrix time= 0.003306150436401367
	nonzero=137,smax=6.239994518593313,smin=0.010432658524054741
	RGN solver time= 0.006270408630371094
	xnorm=1.5573469039031902,dnorm=1.903466008564674e-05
update time= 0.00986623764038086
	dense amplitude time= 0.003309965133666992
	total non-zero amplitudes= 4900
	nsamples per process= 50
	sample time= 3.7928969860076904
self.n= 1.0435562324400351
	RGN updated loss=-11.978115948581804,dloss=-8.34152302786606e-10
update time= 0.008770227432250977
step= 34

nparam= 240
	dense amplitude time= 0.015474557876586914
	total non-zero amplitudes= 4900
	nsamples per process= 50
	sample time= 4.236510515213013
self.n= 1.0435562324400351
	collect g,h time= 5.552688121795654
E=-11.978115948581804,dE=-8.34152302786606e-10,std=0
L=-11.978115948581804,dL=-8.34152302786606e-10,std=0
	gnorm= 0.001522142869388667
	collect S matrix time= 0.00866389274597168
	nonzero=137,wmax=4.028025484097767,wmin=0.004208058623445659
	SR solver time= 0.0034902095794677734
	collect H matrix time= 0.003442049026489258
	nonzero=137,smax=6.24000406634628,smin=0.010432832396835361
	RGN solver time= 0.006331920623779297
	xnorm=1.5573489091725643,dnorm=1.5294384797461655e-05
update time= 0.00991511344909668
	dense amplitude time= 0.0036530494689941406
	total non-zero amplitudes= 4900
	nsamples per process= 50
	sample time= 3.782865524291992
self.n= 1.0435543595781507
	RGN updated loss=-11.978115949189405,dloss=-6.076010805600163e-10
update time= 0.008925437927246094
step= 35

nparam= 240
	dense amplitude time= 0.018491268157958984
	total non-zero amplitudes= 4900
	nsamples per process= 50
	sample time= 4.210115194320679
self.n= 1.0435543595781507
	collect g,h time= 5.601861476898193
E=-11.978115949189405,dE=-6.076010805600163e-10,std=0
L=-11.978115949189405,dL=-6.076010805600163e-10,std=0
	gnorm= 0.0015220654854976414
	collect S matrix time= 0.00772857666015625
	nonzero=137,wmax=4.028034527310569,wmin=0.004208123589738406
	SR solver time= 0.003506898880004883
	collect H matrix time= 0.003473997116088867
	nonzero=137,smax=6.240011080392343,smin=0.010432961695995042
	RGN solver time= 0.0064067840576171875
	xnorm=1.557350455378682,dnorm=1.2441785004236607e-05
update time= 0.00999593734741211
	dense amplitude time= 0.003907918930053711
	total non-zero amplitudes= 4900
	nsamples per process= 50
	sample time= 3.7289159297943115
self.n= 1.0435531438651062
	RGN updated loss=-11.978115949635706,dloss=-4.4630077411511593e-10
update time= 0.010057926177978516
step= 36

nparam= 240
	dense amplitude time= 0.007550954818725586
	total non-zero amplitudes= 4900
	nsamples per process= 50
	sample time= 4.210643768310547
self.n= 1.0435531438651062
	collect g,h time= 5.611072063446045
E=-11.978115949635706,dE=-4.4630077411511593e-10,std=0
L=-11.978115949635706,dL=-4.4630077411511593e-10,std=0
	gnorm= 0.00152200825245769
	collect S matrix time= 0.00803518295288086
	nonzero=137,wmax=4.028041182701199,wmin=0.004208171809831218
	SR solver time= 0.003822803497314453
	collect H matrix time= 0.002946615219116211
	nonzero=137,smax=6.240016221999358,smin=0.010433057926992216
	RGN solver time= 0.0068171024322509766
	xnorm=1.5573516481856944,dnorm=1.024060668073198e-05
update time= 0.01031494140625
	dense amplitude time= 0.004137754440307617
	total non-zero amplitudes= 4900
	nsamples per process= 50
	sample time= 3.7466228008270264
self.n= 1.0435523912458669
	RGN updated loss=-11.978115949965645,dloss=-3.299387429933631e-10
update time= 0.00893855094909668
step= 37

nparam= 240
	dense amplitude time= 0.017844200134277344
	total non-zero amplitudes= 4900
	nsamples per process= 50
	sample time= 4.219938039779663
self.n= 1.0435523912458669
	collect g,h time= 5.646947860717773
E=-11.978115949965645,dE=-3.299387429933631e-10,std=0
L=-11.978115949965645,dL=-3.299387429933631e-10,std=0
	gnorm= 0.0015219657081256522
	collect S matrix time= 0.007847785949707031
	nonzero=137,wmax=4.028046071164729,wmin=0.004208207600143082
	SR solver time= 0.0034508705139160156
	collect H matrix time= 0.003503561019897461
	nonzero=137,smax=6.240019980793153,smin=0.010433129585693821
	RGN solver time= 0.00632476806640625
	xnorm=1.557352570284612,dnorm=8.518921077596693e-06
update time= 0.01015162467956543
	dense amplitude time= 0.0038275718688964844
	total non-zero amplitudes= 4900
	nsamples per process= 50
	sample time= 3.7874319553375244
self.n= 1.0435519618415472
	RGN updated loss=-11.978115950210778,dloss=-2.4513369112355576e-10
update time= 0.009041070938110352
step= 38

nparam= 240
	dense amplitude time= 0.015259742736816406
	total non-zero amplitudes= 4900
	nsamples per process= 50
	sample time= 4.222516059875488
self.n= 1.0435519618415472
	collect g,h time= 5.639953136444092
E=-11.978115950210778,dE=-2.4513369112355576e-10,std=0
L=-11.978115950210778,dL=-2.4513369112355576e-10,std=0
	gnorm= 0.0015219339595070446
	collect S matrix time= 0.008513212203979492
	nonzero=137,wmax=4.028049653394345,wmin=0.004208234160500947
	SR solver time= 0.0035119056701660156
	collect H matrix time= 0.0034704208374023438
	nonzero=137,smax=6.240022719572729,smin=0.010433182970706481
	RGN solver time= 0.006357908248901367
	xnorm=1.5573532853545025,dnorm=7.1524140435394996e-06
update time= 0.010058879852294922
	dense amplitude time= 0.003798246383666992
	total non-zero amplitudes= 4900
	nsamples per process= 50
	sample time= 3.763228178024292
self.n= 1.0435517549436304
	RGN updated loss=-11.978115950393578,dloss=-1.8279955327216157e-10
update time= 0.00887918472290039
step= 39

nparam= 240
	dense amplitude time= 0.015741348266601562
	total non-zero amplitudes= 4900
	nsamples per process= 50
	sample time= 4.246613502502441
self.n= 1.0435517549436304
	collect g,h time= 5.605219125747681
E=-11.978115950393578,dE=-1.8279955327216157e-10,std=0
L=-11.978115950393578,dL=-1.8279955327216157e-10,std=0
	gnorm= 0.0015219101966871874
	collect S matrix time= 0.007888555526733398
	nonzero=137,wmax=4.028052271063702,wmin=0.004208253865947457
	SR solver time= 0.003496885299682617
	collect H matrix time= 0.0035262107849121094
	nonzero=137,smax=6.240024707096795,smin=0.010433222759220172
	RGN solver time= 0.006327390670776367
	xnorm=1.5573538420303181,dnorm=6.051659412047588e-06
update time= 0.010033845901489258
	dense amplitude time= 0.0037207603454589844
	total non-zero amplitudes= 4900
	nsamples per process= 50
	sample time= 3.7962653636932373
self.n= 1.0435516982894668
	RGN updated loss=-11.978115950530285,dloss=-1.3670664600340388e-10
update time= 0.00886082649230957
step= 40

nparam= 240
	dense amplitude time= 0.017103195190429688
	total non-zero amplitudes= 4900
	nsamples per process= 50
	sample time= 4.20785117149353
self.n= 1.0435516982894668
	collect g,h time= 5.603599786758423
E=-11.978115950530285,dE=-1.3670664600340388e-10,std=0
L=-11.978115950530285,dL=-1.3670664600340388e-10,std=0
	gnorm= 0.0015218923706282834
	collect S matrix time= 0.008007049560546875
	nonzero=137,wmax=4.028054177425484,wmin=0.004208268480375246
	SR solver time= 0.003622770309448242
	collect H matrix time= 0.0034494400024414062
	nonzero=137,smax=6.240026142326429,smin=0.010433252427352591
	RGN solver time= 0.006541728973388672
	xnorm=1.557354277314972,dnorm=5.152451333494367e-06
update time= 0.010349750518798828
	dense amplitude time= 0.0041997432708740234
	total non-zero amplitudes= 4900
	nsamples per process= 50
	sample time= 3.7539620399475098
self.n= 1.0435517403020675
	RGN updated loss=-11.978115950632729,dloss=-1.0244427528505184e-10
update time= 0.008941650390625
	dense amplitude time= 0.016635894775390625
	total non-zero amplitudes= 4900
	nsamples per process= 50
step= 41

nparam= 240
	sample time= 4.231815338134766
self.n= 1.0435517403020675
	collect g,h time= 5.587756156921387
E=-11.978115950632729,dE=-1.0244427528505184e-10,std=0
L=-11.978115950632729,dL=-1.0244427528505184e-10,std=0
	gnorm= 0.0015218789749339259
	collect S matrix time= 0.009223222732543945
	nonzero=137,wmax=4.028055560062685,wmin=0.004208279314169691
	SR solver time= 0.003506183624267578
	collect H matrix time= 0.0034422874450683594
	nonzero=137,smax=6.240027172418146,smin=0.010433274559984808
	RGN solver time= 0.006353855133056641
	xnorm=1.557354619326496,dnorm=4.408575863939091e-06
update time= 0.010067462921142578
	dense amplitude time= 0.0044422149658203125
	total non-zero amplitudes= 4900
	nsamples per process= 50
	sample time= 3.801553964614868
self.n= 1.0435518444389296
	RGN updated loss=-11.97811595070962,dloss=-7.689138215027924e-11
update time= 0.00896906852722168
step= 42

nparam= 240
	dense amplitude time= 0.019048690795898438
	total non-zero amplitudes= 4900
	nsamples per process= 50
	sample time= 4.247302770614624
self.n= 1.0435518444389296
	collect g,h time= 5.585870265960693
E=-11.97811595070962,dE=-7.689138215027924e-11,std=0
L=-11.97811595070962,dL=-7.689138215027924e-11,std=0
	gnorm= 0.0015218688950848266
	collect S matrix time= 0.007893562316894531
	nonzero=137,wmax=4.0280565578057566,wmin=0.004208287340928169
	SR solver time= 0.003507375717163086
	collect H matrix time= 0.0033807754516601562
	nonzero=137,smax=6.240027906094765,smin=0.010433291079984737
	RGN solver time= 0.006383419036865234
	xnorm=1.5573548894387872,dnorm=3.786519852118079e-06
update time= 0.010034799575805664
	dense amplitude time= 0.0037555694580078125
	total non-zero amplitudes= 4900
	nsamples per process= 50
	sample time= 3.8108608722686768
self.n= 1.0435519850638584
	RGN updated loss=-11.978115950767393,dloss=-5.7772453487814346e-11
update time= 0.00899052619934082
step= 43

nparam= 240
	dense amplitude time= 0.0166318416595459
	total non-zero amplitudes= 4900
	nsamples per process= 50
	sample time= 4.225224494934082
self.n= 1.0435519850638584
	collect g,h time= 5.52123236656189
E=-11.978115950767393,dE=-5.7772453487814346e-11,std=0
L=-11.978115950767393,dL=-5.7772453487814346e-11,std=0
	gnorm= 0.0015218613024378643
	collect S matrix time= 0.007780790328979492
	nonzero=137,wmax=4.028057273308371,wmin=0.004208293284031306
	SR solver time= 0.0034821033477783203
	collect H matrix time= 0.004390239715576172
	nonzero=137,smax=6.240028423581467,smin=0.010433303418189077
	RGN solver time= 0.0062503814697265625
	xnorm=1.5573551039215152,dnorm=3.2616804536566472e-06
update time= 0.00985097885131836
	dense amplitude time= 0.003504037857055664
	total non-zero amplitudes= 4900
	nsamples per process= 50
	sample time= 3.744910955429077
self.n= 1.043552144427552
	RGN updated loss=-11.978115950810846,dloss=-4.345324100540893e-11
update time= 0.008966922760009766
step= 44

nparam= 240
	dense amplitude time= 0.014711380004882812
	total non-zero amplitudes= 4900
	nsamples per process= 50
	sample time= 4.234774827957153
self.n= 1.043552144427552
	collect g,h time= 5.502508640289307
E=-11.978115950810846,dE=-4.345324100540893e-11,std=0
L=-11.978115950810846,dL=-4.345324100540893e-11,std=0
	gnorm= 0.001521855578576866
	collect S matrix time= 0.007883787155151367
	nonzero=137,wmax=4.028057782393007,wmin=0.004208297680921219
	SR solver time= 0.0036051273345947266
	collect H matrix time= 0.0031995773315429688
	nonzero=137,smax=6.240028783988,smin=0.010433312639576503
	RGN solver time= 0.006389141082763672
	xnorm=1.5573552751838604,dnorm=2.8157002710273416e-06
	dense amplitude time= 0.003675222396850586
	total non-zero amplitudes= 4900
	nsamples per process= 50
update time= 0.00995945930480957
	sample time= 3.7721009254455566
self.n= 1.0435523104600164
	RGN updated loss=-11.978115950843543,dloss=-3.269740034284041e-11
update time= 0.00893712043762207
step= 45

nparam= 240
	dense amplitude time= 0.01624155044555664
	total non-zero amplitudes= 4900
	nsamples per process= 50
	sample time= 4.221978187561035
self.n= 1.0435523104600164
	collect g,h time= 5.536526203155518
E=-11.978115950843543,dE=-3.269740034284041e-11,std=0
L=-11.978115950843543,dL=-3.269740034284041e-11,std=0
	gnorm= 0.0015218512606597968
	collect S matrix time= 0.007704257965087891
	nonzero=137,wmax=4.028058140993685,wmin=0.004208300930849248
	SR solver time= 0.0034766197204589844
	collect H matrix time= 0.0033524036407470703
	nonzero=137,smax=6.240029030790448,smin=0.010433319537002163
	RGN solver time= 0.006469249725341797
	xnorm=1.5573554127148483,dnorm=2.434619955270455e-06
update time= 0.010092496871948242
	dense amplitude time= 0.003995180130004883
	total non-zero amplitudes= 4900
	nsamples per process= 50
	sample time= 3.795830488204956
self.n= 1.0435524751579945
	RGN updated loss=-11.978115950868167,dloss=-2.4623858507766272e-11
update time= 0.008886575698852539
step= 46

nparam= 240
	dense amplitude time= 0.008488178253173828
	total non-zero amplitudes= 4900
	nsamples per process= 50
	sample time= 4.228119611740112
self.n= 1.0435524751579945
	collect g,h time= 5.573287010192871
E=-11.978115950868167,dE=-2.4623858507766272e-11,std=0
L=-11.978115950868167,dL=-2.4623858507766272e-11,std=0
	gnorm= 0.0015218480015281566
	collect S matrix time= 0.00787496566772461
	nonzero=137,wmax=4.028058390311726,wmin=0.0042083033303613815
	SR solver time= 0.0034952163696289062
	collect H matrix time= 0.004786491394042969
	nonzero=137,smax=6.240029195900304,smin=0.010433324700882108
	RGN solver time= 0.006406068801879883
	xnorm=1.5573555237923276,dnorm=2.1076090469166764e-06
update time= 0.010061502456665039
	dense amplitude time= 0.003986358642578125
	total non-zero amplitudes= 4900
	nsamples per process= 50
	sample time= 3.7763278484344482
self.n= 1.0435526334093124
	RGN updated loss=-11.978115950886707,dloss=-1.8539836332820414e-11
update time= 0.009348392486572266
step= 47

nparam= 240
	dense amplitude time= 0.01307058334350586
	total non-zero amplitudes= 4900
	nsamples per process= 50
	sample time= 4.210949420928955
self.n= 1.0435526334093124
	collect g,h time= 5.5915913581848145
E=-11.978115950886707,dE=-1.8539836332820414e-11,std=0
L=-11.978115950886707,dL=-1.8539836332820414e-11,std=0
	gnorm= 0.0015218455403607023
	collect S matrix time= 0.007585048675537109
	nonzero=137,wmax=4.028058560643161,wmin=0.004208305099670326
	SR solver time= 0.003725767135620117
	collect H matrix time= 0.004920244216918945
	nonzero=137,smax=6.240029302683101,smin=0.010433328570984644
	RGN solver time= 0.006668567657470703
	xnorm=1.5573556140171965,dnorm=1.8260965894347053e-06
	dense amplitude time= 0.003739595413208008
	total non-zero amplitudes= 4900
	nsamples per process= 50
update time= 0.010156869888305664
	sample time= 3.7585501670837402
self.n= 1.0435527821377604
	RGN updated loss=-11.978115950900678,dloss=-1.397104654188297e-11
update time= 0.00889134407043457
step= 48

nparam= 240
	dense amplitude time= 0.017520666122436523
	total non-zero amplitudes= 4900
	nsamples per process= 50
	sample time= 4.208587169647217
self.n= 1.0435527821377604
	collect g,h time= 5.609416246414185
E=-11.978115950900678,dE=-1.397104654188297e-11,std=0
L=-11.978115950900678,dL=-1.397104654188297e-11,std=0
	gnorm= 0.0015218436809622488
	collect S matrix time= 0.007669210433959961
	nonzero=137,wmax=4.0280586742186495,wmin=0.004208306402263203
	SR solver time= 0.0034766197204589844
	collect H matrix time= 0.0033898353576660156
	nonzero=137,smax=6.24002936819665,smin=0.010433331474961737
	RGN solver time= 0.006403923034667969
	xnorm=1.5573556877159076,dnorm=1.5831744172081899e-06
update time= 0.009987354278564453
	dense amplitude time= 0.00656580924987793
	total non-zero amplitudes= 4900
	nsamples per process= 50
	sample time= 3.7515745162963867
self.n= 1.0435529196833886
	RGN updated loss=-11.978115950911203,dloss=-1.0524914273446484e-11
update time= 0.008869647979736328
step= 49

nparam= 240
	dense amplitude time= 0.015759944915771484
	total non-zero amplitudes= 4900
	nsamples per process= 50
	sample time= 4.255682945251465
self.n= 1.0435529196833886
	collect g,h time= 5.620879888534546
E=-11.978115950911203,dE=-1.0524914273446484e-11,std=0
L=-11.978115950911203,dL=-1.0524914273446484e-11,std=0
	gnorm= 0.001521842275602059
	collect S matrix time= 0.00964975357055664
	nonzero=137,wmax=4.0280587473099745,wmin=0.004208307359476646
	SR solver time= 0.0034589767456054688
	collect H matrix time= 0.005364656448364258
	nonzero=137,smax=6.240029404849392,smin=0.010433333657018854
	RGN solver time= 0.006143808364868164
	xnorm=1.5573557482443148,dnorm=1.373184393982787e-06
update time= 0.009610414505004883
	dense amplitude time= 0.003222227096557617
	total non-zero amplitudes= 4900
	nsamples per process= 50
	sample time= 3.822458028793335
self.n= 1.043553045355333
	RGN updated loss=-11.978115950919134,dloss=-7.931433287922118e-12
update time= 0.009062528610229492
