layer= 0
nparam= 120
hop_ls= [(0, 1), (0, 2), (0, 3), (0, 4), (0, 5), (0, 6), (0, 7), (0, 8), (0, 9), (0, 10), (0, 11), (0, 12), (0, 13), (0, 14), (0, 15), (1, 2), (1, 3), (1, 4), (1, 5), (1, 6), (1, 7), (1, 8), (1, 9), (1, 10), (1, 11), (1, 12), (1, 13), (1, 14), (1, 15), (2, 3), (2, 4), (2, 5), (2, 6), (2, 7), (2, 8), (2, 9), (2, 10), (2, 11), (2, 12), (2, 13), (2, 14), (2, 15), (3, 4), (3, 5), (3, 6), (3, 7), (3, 8), (3, 9), (3, 10), (3, 11), (3, 12), (3, 13), (3, 14), (3, 15), (4, 5), (4, 6), (4, 7), (4, 8), (4, 9), (4, 10), (4, 11), (4, 12), (4, 13), (4, 14), (4, 15), (5, 6), (5, 7), (5, 8), (5, 9), (5, 10), (5, 11), (5, 12), (5, 13), (5, 14), (5, 15), (6, 7), (6, 8), (6, 9), (6, 10), (6, 11), (6, 12), (6, 13), (6, 14), (6, 15), (7, 8), (7, 9), (7, 10), (7, 11), (7, 12), (7, 13), (7, 14), (7, 15), (8, 9), (8, 10), (8, 11), (8, 12), (8, 13), (8, 14), (8, 15), (9, 10), (9, 11), (9, 12), (9, 13), (9, 14), (9, 15), (10, 11), (10, 12), (10, 13), (10, 14), (10, 15), (11, 12), (11, 13), (11, 14), (11, 15), (12, 13), (12, 14), (12, 15), (13, 14), (13, 15), (14, 15)]

update time= 0.009135723114013672
step= 0

nparam= 240
ntotal configs= 4900
	dense amplitude time= 0.0036725997924804688
	total non-zero amplitudes= 4900
	nsamples per process= 50
	sample time= 4.971973180770874
self.n= 0.8255716595211013
	collect g,h time= 5.6441216468811035
E=-11.658774254277287,dE=0,std=0
L=-11.658774254277287,dL=0,std=0
	gnorm= 0.6129395771547341
	collect S matrix time= 0.01870107650756836
	nonzero=139,wmax=3.0654962677041437,wmin=0.003255792362961697
	SR solver time= 0.004089832305908203
	collect H matrix time= 0.004648685455322266
	nonzero=139,smax=5.801036832711024,smin=0.00828343224078961
	RGN solver time= 0.006705760955810547
	xnorm=0.9227431356702115,dnorm=0.817397127578256
update time= 0.00980997085571289
	dense amplitude time= 0.0024352073669433594
	total non-zero amplitudes= 4900
	nsamples per process= 50
	sample time= 4.555693626403809
self.n= 0.8411320034718557
	RGN updated loss=-11.911979914783206,dloss=-0.25320566050591964
update time= 0.00883030891418457
step= 1

nparam= 240
	dense amplitude time= 0.00252532958984375
	total non-zero amplitudes= 4900
	nsamples per process= 50
	sample time= 4.883665084838867
self.n= 0.8411320034718557
	collect g,h time= 5.618130445480347
E=-11.911979914783206,dE=-0.25320566050591964,std=0
L=-11.911979914783206,dL=-0.25320566050591964,std=0
	gnorm= 0.2580494664792009
	collect S matrix time= 0.010553121566772461
	nonzero=138,wmax=3.444130264180344,wmin=0.003530171208336834
	SR solver time= 0.003674030303955078
	collect H matrix time= 0.0032286643981933594
	nonzero=139,smax=5.7197757968005885,smin=0.008119893191730926
	RGN solver time= 0.006348848342895508
	xnorm=1.0545173127793168,dnorm=0.38183571781271314
	dense amplitude time= 0.0027604103088378906
	total non-zero amplitudes= 4900
	nsamples per process= 50
update time= 0.009950399398803711
	sample time= 4.45113205909729
self.n= 0.8992344013508298
	RGN updated loss=-11.95500389880605,dloss=-0.043023984022843464
update time= 0.009100914001464844
step= 2

nparam= 240
	dense amplitude time= 0.002498149871826172
	total non-zero amplitudes= 4900
	nsamples per process= 50
	sample time= 4.847116231918335
self.n= 0.8992344013508298
	collect g,h time= 5.570063352584839
E=-11.95500389880605,dE=-0.043023984022843464,std=0
L=-11.95500389880605,dL=-0.043023984022843464,std=0
	gnorm= 0.12226400042883721
	collect S matrix time= 0.010107278823852539
	nonzero=137,wmax=3.685728883200118,wmin=0.0037988992437948564
	SR solver time= 0.0033860206604003906
	collect H matrix time= 0.003476381301879883
	nonzero=139,smax=5.963891768046861,smin=0.0060482574636964315
	RGN solver time= 0.006243467330932617
	xnorm=1.2735990654487952,dnorm=0.3140066627135856
update time= 0.00971674919128418
	dense amplitude time= 0.0032193660736083984
	total non-zero amplitudes= 4900
	nsamples per process= 50
	sample time= 4.087142705917358
self.n= 0.8736370301468823
	RGN updated loss=-11.969332078695984,dloss=-0.014328179889934844
update time= 0.009244680404663086
step= 3

nparam= 240
	dense amplitude time= 0.0025866031646728516
	total non-zero amplitudes= 4900
	nsamples per process= 50
	sample time= 4.849211692810059
self.n= 0.8736370301468823
	collect g,h time= 5.605630874633789
E=-11.969332078695984,dE=-0.014328179889934844,std=0
L=-11.969332078695984,dL=-0.014328179889934844,std=0
	gnorm= 0.06753646200620689
	collect S matrix time= 0.008729696273803711
	nonzero=134,wmax=3.818728905558577,wmin=0.0047452883262252355
	SR solver time= 0.003736734390258789
	collect H matrix time= 0.003108978271484375
	nonzero=137,smax=6.089064226949276,smin=0.006644019393873269
	RGN solver time= 0.006610870361328125
	xnorm=1.3856527996950776,dnorm=0.15971815419402294
update time= 0.009857892990112305
	dense amplitude time= 0.0025103092193603516
	total non-zero amplitudes= 4900
	nsamples per process= 50
	sample time= 4.153301954269409
self.n= 0.8433824772990114
	RGN updated loss=-11.974393564389276,dloss=-0.0050614856932913455
update time= 0.00889897346496582
step= 4

nparam= 240
	dense amplitude time= 0.0026619434356689453
	total non-zero amplitudes= 4900
	nsamples per process= 50
	sample time= 4.644604444503784
self.n= 0.8433824772990114
	collect g,h time= 5.65191650390625
E=-11.974393564389276,dE=-0.0050614856932913455,std=0
L=-11.974393564389276,dL=-0.0050614856932913455,std=0
	gnorm= 0.04234535973778714
	collect S matrix time= 0.00858926773071289
	nonzero=135,wmax=3.890171618966834,wmin=0.0038994993989354618
	SR solver time= 0.003478527069091797
	collect H matrix time= 0.0034961700439453125
	nonzero=137,smax=6.153435576953191,smin=0.007486442654309709
	RGN solver time= 0.0062465667724609375
	xnorm=1.4291773158055958,dnorm=0.07300239785459878
update time= 0.009748458862304688
	dense amplitude time= 0.0030875205993652344
	total non-zero amplitudes= 4900
	nsamples per process= 50
	sample time= 4.26569128036499
self.n= 0.8200675185760968
	RGN updated loss=-11.976316721452514,dloss=-0.0019231570632385342
update time= 0.008709907531738281
step= 5

nparam= 240
	dense amplitude time= 0.0023691654205322266
	total non-zero amplitudes= 4900
	nsamples per process= 50
	sample time= 4.610607862472534
self.n= 0.8200675185760968
	collect g,h time= 5.695821046829224
E=-11.976316721452514,dE=-0.0019231570632385342,std=0
L=-11.976316721452514,dL=-0.0019231570632385342,std=0
	gnorm= 0.028865789228929222
	collect S matrix time= 0.008958101272583008
	nonzero=135,wmax=3.9270053399575655,wmin=0.004064124586260515
	SR solver time= 0.003832101821899414
	collect H matrix time= 0.0030117034912109375
	nonzero=137,smax=6.179458666885155,smin=0.0081504540932479
	RGN solver time= 0.006852388381958008
	xnorm=1.446902158086427,dnorm=0.0429903565957809
update time= 0.010178327560424805
	dense amplitude time= 0.003794431686401367
	total non-zero amplitudes= 4900
	nsamples per process= 50
	sample time= 4.240616083145142
self.n= 0.8040557204437342
	RGN updated loss=-11.977176637444089,dloss=-0.0008599159915743115
update time= 0.009172439575195312
step= 6

nparam= 240
	dense amplitude time= 0.01902604103088379
	total non-zero amplitudes= 4900
	nsamples per process= 50
	sample time= 4.845587730407715
self.n= 0.8040557204437342
	collect g,h time= 5.669812917709351
E=-11.977176637444089,dE=-0.0008599159915743115,std=0
L=-11.977176637444089,dL=-0.0008599159915743115,std=0
	gnorm= 0.020948799474769863
	collect S matrix time= 0.009206533432006836
	nonzero=136,wmax=3.952373299164743,wmin=0.004038024541584808
	SR solver time= 0.0035161972045898438
	collect H matrix time= 0.0033941268920898438
	nonzero=137,smax=6.1967428699658695,smin=0.008679241498270495
	RGN solver time= 0.00639033317565918
	xnorm=1.454749694042025,dnorm=0.026744317001209446
update time= 0.009837865829467773
	dense amplitude time= 0.003642559051513672
	total non-zero amplitudes= 4900
	nsamples per process= 50
	sample time= 4.130391836166382
self.n= 0.79307435003767
	RGN updated loss=-11.977606902326396,dloss=-0.0004302648823077959
update time= 0.00872182846069336
step= 7

nparam= 240
	dense amplitude time= 0.0021982192993164062
	total non-zero amplitudes= 4900
	nsamples per process= 50
	sample time= 4.779402017593384
self.n= 0.79307435003767
	collect g,h time= 5.6835081577301025
E=-11.977606902326396,dE=-0.0004302648823077959,std=0
L=-11.977606902326396,dL=-0.0004302648823077959,std=0
	gnorm= 0.015833157532448367
	collect S matrix time= 0.008532524108886719
	nonzero=136,wmax=3.9708766535735673,wmin=0.004188191014132449
	SR solver time= 0.0035262107849121094
	collect H matrix time= 0.003535747528076172
	nonzero=137,smax=6.20947943607125,smin=0.009057855288260072
	RGN solver time= 0.006319284439086914
	xnorm=1.4588413125496311,dnorm=0.018417331176496014
update time= 0.009936094284057617
	dense amplitude time= 0.0028426647186279297
	total non-zero amplitudes= 4900
	nsamples per process= 50
	sample time= 4.058274269104004
self.n= 0.7854773178971821
	RGN updated loss=-11.977838310771137,dloss=-0.0002314084447405662
update time= 0.009605646133422852
step= 8

nparam= 240
	dense amplitude time= 0.017716169357299805
	total non-zero amplitudes= 4900
	nsamples per process= 50
	sample time= 4.742471933364868
self.n= 0.7854773178971821
	collect g,h time= 5.653651475906372
E=-11.977838310771137,dE=-0.0002314084447405662,std=0
L=-11.977838310771137,dL=-0.0002314084447405662,std=0
	gnorm= 0.01233566709346189
	collect S matrix time= 0.00872945785522461
	nonzero=136,wmax=3.9847332392551347,wmin=0.004297685668381805
	SR solver time= 0.003660917282104492
	collect H matrix time= 0.003171205520629883
	nonzero=137,smax=6.219249582267972,smin=0.009335278182868997
	RGN solver time= 0.006577730178833008
	xnorm=1.461162358480275,dnorm=0.013223369479610943
update time= 0.009680986404418945
	dense amplitude time= 0.0029172897338867188
	total non-zero amplitudes= 4900
	nsamples per process= 50
	sample time= 4.060692548751831
self.n= 0.7801103902545561
	RGN updated loss=-11.977969685128256,dloss=-0.000131374357119185
update time= 0.00866246223449707
step= 9

nparam= 240
	dense amplitude time= 0.00260162353515625
	total non-zero amplitudes= 4900
	nsamples per process= 50
	sample time= 4.7984466552734375
self.n= 0.7801103902545561
	collect g,h time= 5.683521032333374
E=-11.977969685128256,dE=-0.000131374357119185,std=0
L=-11.977969685128256,dL=-0.000131374357119185,std=0
	gnorm= 0.009852810075986021
	collect S matrix time= 0.00793147087097168
	nonzero=136,wmax=3.9951991040677814,wmin=0.004374834158387253
	SR solver time= 0.003459453582763672
	collect H matrix time= 0.0036187171936035156
	nonzero=137,smax=6.226777599794265,smin=0.00953733586163675
	RGN solver time= 0.0061800479888916016
	xnorm=1.4623181836493409,dnorm=0.009622126310806483
update time= 0.009856462478637695
	dense amplitude time= 0.002544879913330078
	total non-zero amplitudes= 4900
	nsamples per process= 50
	sample time= 4.184104919433594
self.n= 0.7764234470107707
	RGN updated loss=-11.97804763552955,dloss=-7.795040129465747e-05
update time= 0.008805990219116211
step= 10

nparam= 240
	dense amplitude time= 0.0025453567504882812
	total non-zero amplitudes= 4900
	nsamples per process= 50
	sample time= 4.6024017333984375
self.n= 0.7764234470107707
	collect g,h time= 5.677724361419678
E=-11.97804763552955,dE=-7.795040129465747e-05,std=0
L=-11.97804763552955,dL=-7.795040129465747e-05,std=0
	gnorm= 0.008031254443307836
	collect S matrix time= 0.007840633392333984
	nonzero=136,wmax=4.003113059310119,wmin=0.004425911361271628
	SR solver time= 0.003514528274536133
	collect H matrix time= 0.003329753875732422
	nonzero=137,smax=6.232549223865909,smin=0.009682594330912906
	RGN solver time= 0.006467580795288086
	xnorm=1.463457372175993,dnorm=0.007157694327023446
update time= 0.00994253158569336
	dense amplitude time= 0.0033478736877441406
	total non-zero amplitudes= 4900
	nsamples per process= 50
	sample time= 4.118799686431885
self.n= 0.7737955468734399
	RGN updated loss=-11.97809575615167,dloss=-4.8120622119895984e-05
update time= 0.008697986602783203
	dense amplitude time= 0.004008293151855469
	total non-zero amplitudes= 4900
	nsamples per process= 50
step= 11

nparam= 240
	sample time= 4.4428393840789795
self.n= 0.7737955468734399
	collect g,h time= 5.703807592391968
E=-11.97809575615167,dE=-4.8120622119895984e-05,std=0
L=-11.97809575615167,dL=-4.8120622119895984e-05,std=0
	gnorm= 0.006661661150217676
	collect S matrix time= 0.008209228515625
	nonzero=136,wmax=4.009099331578663,wmin=0.004460431783631351
	SR solver time= 0.0038900375366210938
	collect H matrix time= 0.002971172332763672
	nonzero=137,smax=6.236956175449732,smin=0.009788898750781583
	RGN solver time= 0.006722927093505859
	xnorm=1.4642013281113528,dnorm=0.005394347228262042
update time= 0.010303735733032227
	dense amplitude time= 0.0041882991790771484
	total non-zero amplitudes= 4900
	nsamples per process= 50
	sample time= 4.014983415603638
self.n= 0.7719099614840316
	RGN updated loss=-11.97812653774387,dloss=-3.0781592199602414e-05
update time= 0.009772300720214844
step= 12

nparam= 240
	dense amplitude time= 0.004203081130981445
	total non-zero amplitudes= 4900
	nsamples per process= 50
	sample time= 4.515568256378174
self.n= 0.7719099614840316
	collect g,h time= 5.646991968154907
E=-11.97812653774387,dE=-3.0781592199602414e-05,std=0
L=-11.97812653774387,dL=-3.0781592199602414e-05,std=0
	gnorm= 0.005609285801565519
	collect S matrix time= 0.00849151611328125
	nonzero=136,wmax=4.013622153802675,wmin=0.004484599285123212
	SR solver time= 0.0034928321838378906
	collect H matrix time= 0.003686666488647461
	nonzero=137,smax=6.2403060503372565,smin=0.009866692584553666
	RGN solver time= 0.006326436996459961
	xnorm=1.4647146703922527,dnorm=0.00410844111896877
update time= 0.009710311889648438
	dense amplitude time= 0.0026280879974365234
	total non-zero amplitudes= 4900
	nsamples per process= 50
	sample time= 4.233440399169922
self.n= 0.7705464650926852
	RGN updated loss=-11.978146858658464,dloss=-2.032091459369667e-05
update time= 0.008811712265014648
step= 13

nparam= 240
	dense amplitude time= 0.00218963623046875
	total non-zero amplitudes= 4900
	nsamples per process= 50
	sample time= 4.616533041000366
self.n= 0.7705464650926852
	collect g,h time= 5.616851806640625
E=-11.978146858658464,dE=-2.032091459369667e-05,std=0
L=-11.978146858658464,dL=-2.032091459369667e-05,std=0
	gnorm= 0.0047856170432113805
	collect S matrix time= 0.007991790771484375
	nonzero=136,wmax=4.017034365951377,wmin=0.004501942554151525
	SR solver time= 0.0035054683685302734
	collect H matrix time= 0.0034575462341308594
	nonzero=137,smax=6.242842196876433,smin=0.009923592435937044
	RGN solver time= 0.006270170211791992
	xnorm=1.465078703880653,dnorm=0.0031645264810472576
update time= 0.00980067253112793
	dense amplitude time= 0.0030906200408935547
	total non-zero amplitudes= 4900
	nsamples per process= 50
	sample time= 4.137977838516235
self.n= 0.7695541886447698
	RGN updated loss=-11.978160646628261,dloss=-1.3787969797007804e-05
update time= 0.008771657943725586
step= 14

nparam= 240
	dense amplitude time= 0.002718687057495117
	total non-zero amplitudes= 4900
	nsamples per process= 50
	sample time= 4.584546089172363
self.n= 0.7695541886447698
	collect g,h time= 5.642542362213135
E=-11.978160646628261,dE=-1.3787969797007804e-05,std=0
L=-11.978160646628261,dL=-1.3787969797007804e-05,std=0
	gnorm= 0.00413120723283435
	collect S matrix time= 0.007720947265625
	nonzero=136,wmax=4.01960543246206,wmin=0.004514534580651228
	SR solver time= 0.0035238265991210938
	collect H matrix time= 0.0033452510833740234
	nonzero=137,smax=6.2447557265817215,smin=0.009965487661411374
	RGN solver time= 0.0062177181243896484
	xnorm=1.4653426290794351,dnorm=0.0024582859636418683
update time= 0.009868860244750977
	dense amplitude time= 0.0029685497283935547
	total non-zero amplitudes= 4900
	nsamples per process= 50
	sample time= 4.197462320327759
self.n= 0.7688252311929964
	RGN updated loss=-11.978170219688652,dloss=-9.57306039062189e-06
update time= 0.008673906326293945
step= 15

nparam= 240
	dense amplitude time= 0.03932309150695801
	total non-zero amplitudes= 4900
	nsamples per process= 50
	sample time= 4.848363161087036
self.n= 0.7688252311929964
	collect g,h time= 5.607908487319946
E=-11.978170219688652,dE=-9.57306039062189e-06,std=0
L=-11.978170219688652,dL=-9.57306039062189e-06,std=0
	gnorm= 0.00360538704974076
	collect S matrix time= 0.007761716842651367
	nonzero=136,wmax=4.021540025929262,wmin=0.004523766721356732
	SR solver time= 0.0034818649291992188
	collect H matrix time= 0.0034592151641845703
	nonzero=137,smax=6.246195606573521,smin=0.009996207962997172
	RGN solver time= 0.006373167037963867
	xnorm=1.4655319679442174,dnorm=0.0019311179746284292
update time= 0.009961366653442383
	dense amplitude time= 0.003384828567504883
	total non-zero amplitudes= 4900
	nsamples per process= 50
	sample time= 4.168410539627075
self.n= 0.7682861120138351
	RGN updated loss=-11.978176993449495,dloss=-6.773760842904153e-06
update time= 0.009733438491821289
step= 16

nparam= 240
	dense amplitude time= 0.0030317306518554688
	total non-zero amplitudes= 4900
	nsamples per process= 50
	sample time= 4.474923610687256
self.n= 0.7682861120138351
	collect g,h time= 5.653829574584961
E=-11.978176993449495,dE=-6.773760842904153e-06,std=0
L=-11.978176993449495,dL=-6.773760842904153e-06,std=0
	gnorm= 0.003179696610230141
	collect S matrix time= 0.007994413375854492
	nonzero=136,wmax=4.02299402388043,wmin=0.004530554058911545
	SR solver time= 0.0037758350372314453
	collect H matrix time= 0.003052234649658203
	nonzero=137,smax=6.247276173298524,smin=0.010018908249566331
	RGN solver time= 0.0066852569580078125
	xnorm=1.4656688572885161,dnorm=0.0015347608109978525
update time= 0.00995945930480957
	dense amplitude time= 0.003928184509277344
	total non-zero amplitudes= 4900
	nsamples per process= 50
	sample time= 4.043964385986328
self.n= 0.7678847077957023
	RGN updated loss=-11.978181859752087,dloss=-4.86630259288745e-06
update time= 0.009058713912963867
step= 17

nparam= 240
	dense amplitude time= 0.003326892852783203
	total non-zero amplitudes= 4900
	nsamples per process= 50
	sample time= 4.480116844177246
self.n= 0.7678847077957023
	collect g,h time= 5.683379888534546
E=-11.978181859752087,dE=-4.86630259288745e-06,std=0
L=-11.978181859752087,dL=-4.86630259288745e-06,std=0
	gnorm= 0.0028337092299014414
	collect S matrix time= 0.007844209671020508
	nonzero=136,wmax=4.024085858215679,wmin=0.004535562789648235
	SR solver time= 0.0034754276275634766
	collect H matrix time= 0.0033452510833740234
	nonzero=137,smax=6.248085225381487,smin=0.010035571319718743
	RGN solver time= 0.0063130855560302734
	xnorm=1.4657670426253875,dnorm=0.0012340610253036505
update time= 0.010094165802001953
	dense amplitude time= 0.0036344528198242188
	total non-zero amplitudes= 4900
	nsamples per process= 50
	sample time= 4.0375025272369385
self.n= 0.7675841303923323
	RGN updated loss=-11.978185397530252,dloss=-3.537778164641736e-06
update time= 0.008916616439819336
step= 18

nparam= 240
	dense amplitude time= 0.00223541259765625
	total non-zero amplitudes= 4900
	nsamples per process= 50
	sample time= 4.571361780166626
self.n= 0.7675841303923323
	collect g,h time= 5.683736801147461
E=-11.978185397530252,dE=-3.537778164641736e-06,std=0
L=-11.978185397530252,dL=-3.537778164641736e-06,std=0
	gnorm= 0.0025523115194882756
	collect S matrix time= 0.00792074203491211
	nonzero=136,wmax=4.0249051749013836,wmin=0.004539255037954582
	SR solver time= 0.003468036651611328
	collect H matrix time= 0.003763437271118164
	nonzero=137,smax=6.248689761420525,smin=0.010047932283692362
	RGN solver time= 0.006283998489379883
	xnorm=1.4658386676400659,dnorm=0.0010041243083199964
update time= 0.009762763977050781
	dense amplitude time= 0.0029447078704833984
	total non-zero amplitudes= 4900
	nsamples per process= 50
	sample time= 4.066875219345093
self.n= 0.7673575318207182
	RGN updated loss=-11.978187993144772,dloss=-2.5956145197625347e-06
update time= 0.008692026138305664
step= 19

nparam= 240
	dense amplitude time= 0.0021266937255859375
	total non-zero amplitudes= 4900
	nsamples per process= 50
	sample time= 4.527524948120117
self.n= 0.7673575318207182
	collect g,h time= 5.708745956420898
E=-11.978187993144772,dE=-2.5956145197625347e-06,std=0
L=-11.978187993144772,dL=-2.5956145197625347e-06,std=0
	gnorm= 0.002323936623025494
	collect S matrix time= 0.008347034454345703
	nonzero=136,wmax=4.02551975184519,wmin=0.004541990367018842
	SR solver time= 0.003518819808959961
	collect H matrix time= 0.0034608840942382812
	nonzero=137,smax=6.24914065637453,smin=0.010057057271055596
	RGN solver time= 0.006335258483886719
	xnorm=1.4658893690407404,dnorm=0.000826127111323436
update time= 0.009848594665527344
	dense amplitude time= 0.0027740001678466797
	total non-zero amplitudes= 4900
	nsamples per process= 50
	sample time= 4.262663125991821
self.n= 0.7671857024635407
	RGN updated loss=-11.978189910803385,dloss=-1.9176586132374496e-06
update time= 0.008744001388549805
step= 20

nparam= 240
	dense amplitude time= 0.002789735794067383
	total non-zero amplitudes= 4900
	nsamples per process= 50
	sample time= 4.404491186141968
self.n= 0.7671857024635407
	collect g,h time= 5.660008430480957
E=-11.978189910803385,dE=-1.9176586132374496e-06,std=0
L=-11.978189910803385,dL=-1.9176586132374496e-06,std=0
	gnorm= 0.0021394119069799776
	collect S matrix time= 0.007869958877563477
	nonzero=136,wmax=4.025980656634436,wmin=0.004544015972273452
	SR solver time= 0.003539562225341797
	collect H matrix time= 0.0032978057861328125
	nonzero=137,smax=6.249476408710033,smin=0.010063797578913864
	RGN solver time= 0.006374359130859375
	xnorm=1.4659252131262346,dnorm=0.000686544573187485
update time= 0.009870529174804688
	dense amplitude time= 0.003983497619628906
	total non-zero amplitudes= 4900
	nsamples per process= 50
	sample time= 4.0860350131988525
self.n= 0.7670546518482164
	RGN updated loss=-11.978191335090493,dloss=-1.4242871078096186e-06
update time= 0.0088043212890625
step= 21

nparam= 240
	dense amplitude time= 0.002607583999633789
	total non-zero amplitudes= 4900
	nsamples per process= 50
	sample time= 4.725169897079468
self.n= 0.7670546518482164
	collect g,h time= 5.6773810386657715
E=-11.978191335090493,dE=-1.4242871078096186e-06,std=0
L=-11.978191335090493,dL=-1.4242871078096186e-06,std=0
	gnorm= 0.001991232683598311
	collect S matrix time= 0.007849454879760742
	nonzero=136,wmax=4.026326313890217,wmin=0.004545516430078095
	SR solver time= 0.003863096237182617
	collect H matrix time= 0.0029754638671875
	nonzero=137,smax=6.249726021437138,smin=0.01006876287588446
	RGN solver time= 0.006659269332885742
	xnorm=1.4659504290927272,dnorm=0.0005753813115806232
update time= 0.010211944580078125
	dense amplitude time= 0.004251956939697266
	total non-zero amplitudes= 4900
	nsamples per process= 50
	sample time= 3.959601640701294
self.n= 0.7669545738131016
	RGN updated loss=-11.978192396953515,dloss=-1.061863022400189e-06
update time= 0.009881258010864258
step= 22

nparam= 240
	dense amplitude time= 0.0023059844970703125
	total non-zero amplitudes= 4900
	nsamples per process= 50
	sample time= 4.691632986068726
self.n= 0.7669545738131016
	collect g,h time= 5.652492046356201
E=-11.978192396953515,dE=-1.061863022400189e-06,std=0
L=-11.978192396953515,dL=-1.061863022400189e-06,std=0
	gnorm= 0.0018730682816374311
	collect S matrix time= 0.008388519287109375
	nonzero=136,wmax=4.026585554857319,wmin=0.004546627436644772
	SR solver time= 0.0035707950592041016
	collect H matrix time= 0.0034761428833007812
	nonzero=137,smax=6.249911267739239,smin=0.01007242096304714
	RGN solver time= 0.00629734992980957
	xnorm=1.4659696573177536,dnorm=0.0004860814686615143
update time= 0.010007619857788086
	dense amplitude time= 0.0024809837341308594
	total non-zero amplitudes= 4900
	nsamples per process= 50
	sample time= 4.311776161193848
self.n= 0.7668771879318408
	RGN updated loss=-11.978193190956475,dloss=-7.94002959381146e-07
update time= 0.008918046951293945
step= 23

nparam= 240
	dense amplitude time= 0.003730297088623047
	total non-zero amplitudes= 4900
	nsamples per process= 50
	sample time= 4.414419651031494
self.n= 0.7668771879318408
	collect g,h time= 5.665189743041992
E=-11.978193190956475,dE=-7.94002959381146e-07,std=0
L=-11.978193190956475,dL=-7.94002959381146e-07,std=0
	gnorm= 0.00177956023494523
	collect S matrix time= 0.007633686065673828
	nonzero=136,wmax=4.026780079202941,wmin=0.004547450383220109
	SR solver time= 0.0034759044647216797
	collect H matrix time= 0.003317117691040039
	nonzero=137,smax=6.250048550819332,smin=0.010075127949947811
	RGN solver time= 0.0063974857330322266
	xnorm=1.4659824239919184,dnorm=0.00041314610330946616
update time= 0.009963512420654297
	dense amplitude time= 0.0032656192779541016
	total non-zero amplitudes= 4900
	nsamples per process= 50
	sample time= 4.30397891998291
self.n= 0.7668170594414379
	RGN updated loss=-11.978193785939812,dloss=-5.949833372653757e-07
update time= 0.008897781372070312
step= 24

nparam= 240
	dense amplitude time= 0.003365755081176758
	total non-zero amplitudes= 4900
	nsamples per process= 50
	sample time= 4.81303334236145
self.n= 0.7668170594414379
	collect g,h time= 5.6022279262542725
E=-11.978193785939812,dE=-5.949833372653757e-07,std=0
L=-11.978193785939812,dL=-5.949833372653757e-07,std=0
	gnorm= 0.0017061173246505229
	collect S matrix time= 0.00785064697265625
	nonzero=136,wmax=4.026926132714823,wmin=0.004548060666555186
	SR solver time= 0.0034465789794921875
	collect H matrix time= 0.0035619735717773438
	nonzero=137,smax=6.2501501218278905,smin=0.010077126931206644
	RGN solver time= 0.006176471710205078
	xnorm=1.465990915693421,dnorm=0.0003528782862581116
update time= 0.009971141815185547
	dense amplitude time= 0.0041217803955078125
	total non-zero amplitudes= 4900
	nsamples per process= 50
	sample time= 4.014603614807129
self.n= 0.7667700787776418
	RGN updated loss=-11.978194232490925,dloss=-4.4655111253177893e-07
update time= 0.008929252624511719
step= 25

nparam= 240
	dense amplitude time= 0.0023834705352783203
	total non-zero amplitudes= 4900
	nsamples per process= 50
	sample time= 4.660074472427368
self.n= 0.7667700787776418
	collect g,h time= 5.619807720184326
E=-11.978194232490925,dE=-4.4655111253177893e-07,std=0
L=-11.978194232490925,dL=-4.4655111253177893e-07,std=0
	gnorm= 0.0016488391905141952
	collect S matrix time= 0.009240865707397461
	nonzero=136,wmax=4.027035883893674,wmin=0.004548513186926247
	SR solver time= 0.0035059452056884766
	collect H matrix time= 0.0038356781005859375
	nonzero=137,smax=6.250225138431259,smin=0.01007860090923944
	RGN solver time= 0.006270647048950195
	xnorm=1.4659964861970554,dnorm=0.0003025702511968295
update time= 0.009896516799926758
	dense amplitude time= 0.002796649932861328
	total non-zero amplitudes= 4900
	nsamples per process= 50
	sample time= 4.113830089569092
self.n= 0.7667331530408963
	RGN updated loss=-11.97819456802741,dloss=-3.355364857071663e-07
update time= 0.009004354476928711
step= 26

nparam= 240
	dense amplitude time= 0.003203153610229492
	total non-zero amplitudes= 4900
	nsamples per process= 50
	sample time= 4.454584836959839
self.n= 0.7667331530408963
	collect g,h time= 5.63653826713562
E=-11.97819456802741,dE=-3.355364857071663e-07,std=0
L=-11.97819456802741,dL=-3.355364857071663e-07,std=0
	gnorm= 0.0016044500420304933
	collect S matrix time= 0.0077724456787109375
	nonzero=136,wmax=4.027118441348299,wmin=0.004548848658507062
	SR solver time= 0.0034253597259521484
	collect H matrix time= 0.003490447998046875
	nonzero=137,smax=6.250280435358371,smin=0.010079686200320433
	RGN solver time= 0.0062062740325927734
	xnorm=1.466000035384098,dnorm=0.0002602158691817712
update time= 0.009896993637084961
	dense amplitude time= 0.0031511783599853516
	total non-zero amplitudes= 4900
	nsamples per process= 50
	sample time= 4.193634271621704
self.n= 0.7667039522226755
	RGN updated loss=-11.978194820361976,dloss=-2.523345656868514e-07
update time= 0.008867263793945312
step= 27

nparam= 240
	dense amplitude time= 0.007451057434082031
	total non-zero amplitudes= 4900
	nsamples per process= 50
	sample time= 4.619147062301636
self.n= 0.7667039522226755
	collect g,h time= 5.666971921920776
E=-11.978194820361976,dE=-2.523345656868514e-07,std=0
L=-11.978194820361976,dL=-2.523345656868514e-07,std=0
	gnorm= 0.0015702378985210244
	collect S matrix time= 0.00856161117553711
	nonzero=136,wmax=4.027180620937505,wmin=0.0045490973076202385
	SR solver time= 0.0035867691040039062
	collect H matrix time= 0.003363370895385742
	nonzero=137,smax=6.250321106849454,smin=0.010080484012989407
	RGN solver time= 0.006392955780029297
	xnorm=1.466002184201993,dnorm=0.00022430801558158381
update time= 0.00989079475402832
	dense amplitude time= 0.0030808448791503906
	total non-zero amplitudes= 4900
	nsamples per process= 50
	sample time= 4.201158046722412
self.n= 0.7666807161561073
	RGN updated loss=-11.978195010356014,dloss=-1.899940382799059e-07
update time= 0.008811235427856445
step= 28

nparam= 240
	dense amplitude time= 0.00403594970703125
	total non-zero amplitudes= 4900
	nsamples per process= 50
	sample time= 4.845322847366333
self.n= 0.7666807161561073
	collect g,h time= 5.667834520339966
E=-11.978195010356014,dE=-1.899940382799059e-07,std=0
L=-11.978195010356014,dL=-1.899940382799059e-07,std=0
	gnorm= 0.00154396699554878
	collect S matrix time= 0.007827520370483398
	nonzero=136,wmax=4.027227522197504,wmin=0.004549281564132253
	SR solver time= 0.0034427642822265625
	collect H matrix time= 0.003450632095336914
	nonzero=137,smax=6.250350975932159,smin=0.010081401089842502
	RGN solver time= 0.0062520503997802734
	xnorm=1.466003368841989,dnorm=0.0001946357328637882
update time= 0.00984644889831543
	dense amplitude time= 0.0026400089263916016
	total non-zero amplitudes= 4900
	nsamples per process= 50
	sample time= 4.165384292602539
self.n= 0.7666612688592258
	RGN updated loss=-11.978195153175648,dloss=-1.42819633452973e-07
update time= 0.00888204574584961
step= 29

nparam= 240
	dense amplitude time= 0.002856731414794922
	total non-zero amplitudes= 4900
	nsamples per process= 50
	sample time= 4.50192403793335
self.n= 0.7666612688592258
	collect g,h time= 5.694052696228027
E=-11.978195153175648,dE=-1.42819633452973e-07,std=0
L=-11.978195153175648,dL=-1.42819633452973e-07,std=0
	gnorm= 0.001523935965854309
	collect S matrix time= 0.007898569107055664
	nonzero=136,wmax=4.027263069088473,wmin=0.004549425013985822
	SR solver time= 0.0038785934448242188
	collect H matrix time= 0.0029342174530029297
	nonzero=137,smax=6.250372846354974,smin=0.010081530074654475
	RGN solver time= 0.006777763366699219
	xnorm=1.4660000530191746,dnorm=0.0001679307295103025
update time= 0.01043248176574707
	dense amplitude time= 0.003261566162109375
	total non-zero amplitudes= 4900
	nsamples per process= 50
	sample time= 4.226560354232788
self.n= 0.7666462474431803
	RGN updated loss=-11.978195260946858,dloss=-1.0777121062233164e-07
update time= 0.009496450424194336
step= 30

nparam= 240
	dense amplitude time= 0.0023927688598632812
	total non-zero amplitudes= 4900
	nsamples per process= 50
	sample time= 4.554702043533325
self.n= 0.7666462474431803
	collect g,h time= 5.672713041305542
E=-11.978195260946858,dE=-1.0777121062233164e-07,std=0
L=-11.978195260946858,dL=-1.0777121062233164e-07,std=0
	gnorm= 0.0015086242535907368
	collect S matrix time= 0.007707834243774414
	nonzero=136,wmax=4.027289873007386,wmin=0.0045495270030330584
	SR solver time= 0.003490447998046875
	collect H matrix time= 0.003470897674560547
	nonzero=137,smax=6.250388876229747,smin=0.010082204969906909
	RGN solver time= 0.0064544677734375
	xnorm=1.4660007775708823,dnorm=0.0001457803147442255
update time= 0.010142087936401367
	dense amplitude time= 0.0036225318908691406
	total non-zero amplitudes= 4900
	nsamples per process= 50
	sample time= 3.970615863800049
self.n= 0.7666332359916375
	RGN updated loss=-11.978195342043989,dloss=-8.10971307885211e-08
update time= 0.009038209915161133
step= 31

nparam= 240
	dense amplitude time= 0.0052967071533203125
	total non-zero amplitudes= 4900
	nsamples per process= 50
	sample time= 4.823300838470459
self.n= 0.7666332359916375
	collect g,h time= 5.650198698043823
E=-11.978195342043989,dE=-8.10971307885211e-08,std=0
L=-11.978195342043989,dL=-8.10971307885211e-08,std=0
	gnorm= 0.0014970096867760801
	collect S matrix time= 0.007841110229492188
	nonzero=136,wmax=4.027310286075595,wmin=0.004549607785805146
	SR solver time= 0.0035810470581054688
	collect H matrix time= 0.0033283233642578125
	nonzero=137,smax=6.250400435229619,smin=0.010082434625283637
	RGN solver time= 0.0063364505767822266
	xnorm=1.465997006589355,dnorm=0.00012568302719058423
update time= 0.010100126266479492
	dense amplitude time= 0.002690553665161133
	total non-zero amplitudes= 4900
	nsamples per process= 50
	sample time= 4.183119773864746
self.n= 0.7666229504309001
	RGN updated loss=-11.978195403141665,dloss=-6.109767625162021e-08
update time= 0.009131908416748047
step= 32

nparam= 240
	dense amplitude time= 0.002721071243286133
	total non-zero amplitudes= 4900
	nsamples per process= 50
	sample time= 4.445149183273315
self.n= 0.7666229504309001
	collect g,h time= 5.654387950897217
E=-11.978195403141665,dE=-6.109767625162021e-08,std=0
L=-11.978195403141665,dL=-6.109767625162021e-08,std=0
	gnorm= 0.0014881971823480864
	collect S matrix time= 0.0076372623443603516
	nonzero=136,wmax=4.027325849056996,wmin=0.004549666887352079
	SR solver time= 0.003472566604614258
	collect H matrix time= 0.0034821033477783203
	nonzero=137,smax=6.250408825738213,smin=0.010082604164865838
	RGN solver time= 0.006358623504638672
	xnorm=1.465995198447233,dnorm=0.00010885713047371074
update time= 0.009859085083007812
	dense amplitude time= 0.0029675960540771484
	total non-zero amplitudes= 4900
	nsamples per process= 50
	sample time= 4.409009218215942
self.n= 0.7666146467346222
	RGN updated loss=-11.978195449179578,dloss=-4.603791303736671e-08
update time= 0.00893092155456543
step= 33

nparam= 240
	dense amplitude time= 0.002532482147216797
	total non-zero amplitudes= 4900
	nsamples per process= 50
	sample time= 4.62234354019165
self.n= 0.7666146467346222
	collect g,h time= 5.646619081497192
E=-11.978195449179578,dE=-4.603791303736671e-08,std=0
L=-11.978195449179578,dL=-4.603791303736671e-08,std=0
	gnorm= 0.0014815213861559594
	collect S matrix time= 0.0077168941497802734
	nonzero=136,wmax=4.027337741750899,wmin=0.004549709435408271
	SR solver time= 0.003488779067993164
	collect H matrix time= 0.003498077392578125
	nonzero=137,smax=6.250414864273846,smin=0.010082725808374734
	RGN solver time= 0.0063059329986572266
	xnorm=1.4659941408909098,dnorm=9.436896221519839e-05
update time= 0.009999990463256836
	dense amplitude time= 0.0034868717193603516
	total non-zero amplitudes= 4900
	nsamples per process= 50
	sample time= 3.950124740600586
self.n= 0.7666078563417393
	RGN updated loss=-11.978195483873147,dloss=-3.4693568906618566e-08
update time= 0.008759021759033203
step= 34

nparam= 240
	dense amplitude time= 0.0024666786193847656
	total non-zero amplitudes= 4900
	nsamples per process= 50
	sample time= 5.0106072425842285
self.n= 0.7666078563417393
	collect g,h time= 5.619356870651245
E=-11.978195483873147,dE=-3.4693568906618566e-08,std=0
L=-11.978195483873147,dL=-3.4693568906618566e-08,std=0
	gnorm= 0.0014764702096624505
	collect S matrix time= 0.008220195770263672
	nonzero=136,wmax=4.027346853562356,wmin=0.004549740384581242
	SR solver time= 0.003448963165283203
	collect H matrix time= 0.0034532546997070312
	nonzero=137,smax=6.250419172148771,smin=0.010082812445615498
	RGN solver time= 0.0063037872314453125
	xnorm=1.4659933790164672,dnorm=8.184403402127707e-05
	dense amplitude time= 0.0029754638671875
	total non-zero amplitudes= 4900
	nsamples per process= 50
update time= 0.009794950485229492
	sample time= 4.17557954788208
self.n= 0.7666022532479722
	RGN updated loss=-11.978195510019601,dloss=-2.6146453890874e-08
update time= 0.00916147232055664
step= 35

nparam= 240
	dense amplitude time= 0.021831750869750977
	total non-zero amplitudes= 4900
	nsamples per process= 50
	sample time= 4.587535619735718
self.n= 0.7666022532479722
	collect g,h time= 5.604334831237793
E=-11.978195510019601,dE=-2.6146453890874e-08,std=0
L=-11.978195510019601,dL=-2.6146453890874e-08,std=0
	gnorm= 0.0014726516948437404
	collect S matrix time= 0.007903099060058594
	nonzero=136,wmax=4.027353856250954,wmin=0.004549763051638312
	SR solver time= 0.0034487247467041016
	collect H matrix time= 0.003251791000366211
	nonzero=137,smax=6.2504222129992995,smin=0.010082873821548006
	RGN solver time= 0.006293058395385742
	xnorm=1.4659927465237201,dnorm=7.100081272912165e-05
update time= 0.009825944900512695
	dense amplitude time= 0.005738258361816406
	total non-zero amplitudes= 4900
	nsamples per process= 50
	sample time= 4.3718931674957275
self.n= 0.7665975978592299
	RGN updated loss=-11.978195529725621,dloss=-1.9706019926957197e-08
update time= 0.008742809295654297
step= 36

nparam= 240
	dense amplitude time= 0.004638195037841797
	total non-zero amplitudes= 4900
	nsamples per process= 50
	sample time= 4.475315570831299
self.n= 0.7665975978592299
	collect g,h time= 5.616416931152344
E=-11.978195529725621,dE=-1.9706019926957197e-08,std=0
L=-11.978195529725621,dL=-1.9706019926957197e-08,std=0
	gnorm= 0.0014697669775240118
	collect S matrix time= 0.007663249969482422
	nonzero=136,wmax=4.027359257295692,wmin=0.004549779703703293
	SR solver time= 0.003515481948852539
	collect H matrix time= 0.0033288002014160156
	nonzero=137,smax=6.250424330751207,smin=0.010082916962698201
	RGN solver time= 0.006245851516723633
	xnorm=1.4659921843953847,dnorm=6.160599881016236e-05
update time= 0.009922981262207031
	dense amplitude time= 0.0037488937377929688
	total non-zero amplitudes= 4900
	nsamples per process= 50
	sample time= 4.296118259429932
self.n= 0.7665937080388091
	RGN updated loss=-11.978195544578188,dloss=-1.4852567176149023e-08
update time= 0.008918046951293945
step= 37

nparam= 240
	dense amplitude time= 0.002443552017211914
	total non-zero amplitudes= 4900
	nsamples per process= 50
	sample time= 4.626830577850342
self.n= 0.7665937080388091
	collect g,h time= 5.616687297821045
E=-11.978195544578188,dE=-1.4852567176149023e-08,std=0
L=-11.978195544578188,dL=-1.4852567176149023e-08,std=0
	gnorm= 0.001467588815546454
	collect S matrix time= 0.008236885070800781
	nonzero=136,wmax=4.027363439976515,wmin=0.00454979194788673
	SR solver time= 0.003484487533569336
	collect H matrix time= 0.0035195350646972656
	nonzero=137,smax=6.250425779683798,smin=0.010082946939238892
	RGN solver time= 0.006401538848876953
	xnorm=1.4659916726378734,dnorm=5.346182487857729e-05
update time= 0.009852409362792969
	dense amplitude time= 0.0031108856201171875
	total non-zero amplitudes= 4900
	nsamples per process= 50
	sample time= 4.151019096374512
self.n= 0.766590442290911
	RGN updated loss=-11.978195555772992,dloss=-1.119480330658007e-08
update time= 0.008756637573242188
step= 38

nparam= 240
	dense amplitude time= 0.0030367374420166016
	total non-zero amplitudes= 4900
	nsamples per process= 50
	sample time= 4.787708282470703
self.n= 0.766590442290911
	collect g,h time= 5.688242673873901
E=-11.978195555772992,dE=-1.119480330658007e-08,std=0
L=-11.978195555772992,dL=-1.119480330658007e-08,std=0
	gnorm= 0.0014659447868953421
	collect S matrix time= 0.008112668991088867
	nonzero=136,wmax=4.0273666937602295,wmin=0.004549800948180743
	SR solver time= 0.003657817840576172
	collect H matrix time= 0.0034117698669433594
	nonzero=137,smax=6.250426747181518,smin=0.01008296743180275
	RGN solver time= 0.006655693054199219
	xnorm=1.4659912048066888,dnorm=4.639916753231472e-05
update time= 0.01033926010131836
	dense amplitude time= 0.003486156463623047
	total non-zero amplitudes= 4900
	nsamples per process= 50
	sample time= 4.165930986404419
self.n= 0.7665876890470771
	RGN updated loss=-11.978195564211017,dloss=-8.438025389523318e-09
update time= 0.00974416732788086
step= 39

nparam= 240
	dense amplitude time= 0.0025904178619384766
	total non-zero amplitudes= 4900
	nsamples per process= 50
	sample time= 4.638093709945679
self.n= 0.7665876890470771
	collect g,h time= 5.77067232131958
E=-11.978195564211017,dE=-8.438025389523318e-09,std=0
L=-11.978195564211017,dL=-8.438025389523318e-09,std=0
	gnorm= 0.0014647042713630137
	collect S matrix time= 0.008863210678100586
	nonzero=136,wmax=4.0273692373643675,wmin=0.0045498075569146606
	SR solver time= 0.003762483596801758
	collect H matrix time= 0.004012107849121094
	nonzero=137,smax=6.250427370832901,smin=0.010082981121622626
	RGN solver time= 0.006628990173339844
	xnorm=1.4659907786116233,dnorm=4.027272999246793e-05
update time= 0.009952783584594727
	dense amplitude time= 0.002907991409301758
	total non-zero amplitudes= 4900
	nsamples per process= 50
	sample time= 4.192554712295532
self.n= 0.766585359357749
	RGN updated loss=-11.978195570571232,dloss=-6.360215465406327e-09
update time= 0.009133577346801758
step= 40

nparam= 240
	dense amplitude time= 0.0025300979614257812
	total non-zero amplitudes= 4900
	nsamples per process= 50
	sample time= 4.670356273651123
self.n= 0.766585359357749
	collect g,h time= 5.6703784465789795
E=-11.978195570571232,dE=-6.360215465406327e-09,std=0
L=-11.978195570571232,dL=-6.360215465406327e-09,std=0
	gnorm= 0.0014637684342710356
	collect S matrix time= 0.008022069931030273
	nonzero=136,wmax=4.027371236221369,wmin=0.004549812401582874
	SR solver time= 0.003587007522583008
	collect H matrix time= 0.003570556640625
	nonzero=137,smax=6.250427751261815,smin=0.010082989963248952
	RGN solver time= 0.006607532501220703
	xnorm=1.4659903925871829,dnorm=3.4957325184500506e-05
update time= 0.010338068008422852
	dense amplitude time= 0.003139019012451172
	total non-zero amplitudes= 4900
	nsamples per process= 50
	sample time= 4.138644218444824
self.n= 0.7665833816706362
	RGN updated loss=-11.978195575365353,dloss=-4.794120656015366e-09
update time= 0.009073972702026367
step= 41

nparam= 240
	dense amplitude time= 0.00254058837890625
	total non-zero amplitudes= 4900
	nsamples per process= 50
	sample time= 4.797972202301025
self.n= 0.7665833816706362
	collect g,h time= 5.712296962738037
E=-11.978195575365353,dE=-4.794120656015366e-09,std=0
L=-11.978195575365353,dL=-4.794120656015366e-09,std=0
	gnorm= 0.001463062559305775
	collect S matrix time= 0.007462978363037109
	nonzero=136,wmax=4.027372815660387,wmin=0.004549815945353692
	SR solver time= 0.003466367721557617
	collect H matrix time= 0.003452777862548828
	nonzero=137,smax=6.2504279617356495,smin=0.01008299537964465
	RGN solver time= 0.00638270378112793
	xnorm=1.4659900450466596,dnorm=3.0344879850635067e-05
update time= 0.010041475296020508
	dense amplitude time= 0.003424406051635742
	total non-zero amplitudes= 4900
	nsamples per process= 50
	sample time= 4.0820300579071045
self.n= 0.7665816979856266
	RGN updated loss=-11.978195578979031,dloss=-3.6136782455287175e-09
update time= 0.009058237075805664
step= 42

nparam= 240
	dense amplitude time= 0.0027718544006347656
	total non-zero amplitudes= 4900
	nsamples per process= 50
	sample time= 4.691418647766113
self.n= 0.7665816979856266
	collect g,h time= 5.68173360824585
E=-11.978195578979031,dE=-3.6136782455287175e-09,std=0
L=-11.978195578979031,dL=-3.6136782455287175e-09,std=0
	gnorm= 0.0014625302016874828
	collect S matrix time= 0.007788181304931641
	nonzero=136,wmax=4.027374070829123,wmin=0.004549818530488
	SR solver time= 0.0035817623138427734
	collect H matrix time= 0.0034530162811279297
	nonzero=137,smax=6.250428055337657,smin=0.010082998403928796
	RGN solver time= 0.006365060806274414
	xnorm=1.4659897338742385,dnorm=2.6341963207086425e-05
update time= 0.009907007217407227
	dense amplitude time= 0.003204345703125
	total non-zero amplitudes= 4900
	nsamples per process= 50
	sample time= 4.1116132736206055
self.n= 0.7665802609658037
	RGN updated loss=-11.978195581702947,dloss=-2.7239153155278473e-09
update time= 0.008892297744750977
step= 43

nparam= 240
	dense amplitude time= 0.002778291702270508
	total non-zero amplitudes= 4900
	nsamples per process= 50
	sample time= 4.618077039718628
self.n= 0.7665802609658037
	collect g,h time= 5.692969799041748
E=-11.978195581702947,dE=-2.7239153155278473e-09,std=0
L=-11.978195581702947,dL=-2.7239153155278473e-09,std=0
	gnorm= 0.0014621287421059759
	collect S matrix time= 0.008016109466552734
	nonzero=136,wmax=4.027375074147822,wmin=0.00454982040998162
	SR solver time= 0.003468751907348633
	collect H matrix time= 0.003451108932495117
	nonzero=137,smax=6.250428070304406,smin=0.010082999783225712
	RGN solver time= 0.006353855133056641
	xnorm=1.4659894565979619,dnorm=2.2867719417772557e-05
update time= 0.009769916534423828
	dense amplitude time= 0.0030629634857177734
	total non-zero amplitudes= 4900
	nsamples per process= 50
	sample time= 4.345752000808716
self.n= 0.7665790317358678
	RGN updated loss=-11.978195583756195,dloss=-2.053248238098604e-09
update time= 0.008764028549194336
step= 44

nparam= 240
	dense amplitude time= 0.0029883384704589844
	total non-zero amplitudes= 4900
	nsamples per process= 50
	sample time= 4.687110424041748
self.n= 0.7665790317358678
	collect g,h time= 5.665772914886475
E=-11.978195583756195,dE=-2.053248238098604e-09,std=0
L=-11.978195583756195,dL=-2.053248238098604e-09,std=0
	gnorm= 0.0014618260129972726
	collect S matrix time= 0.008283615112304688
	nonzero=136,wmax=4.027375880903271,wmin=0.004549821770814167
	SR solver time= 0.0034923553466796875
	collect H matrix time= 0.003437042236328125
	nonzero=137,smax=6.250428033985576,smin=0.010083000055043216
	RGN solver time= 0.006204366683959961
	xnorm=1.4659892105321948,dnorm=1.9852121266766003e-05
update time= 0.009816884994506836
	dense amplitude time= 0.002814769744873047
	total non-zero amplitudes= 4900
	nsamples per process= 50
	sample time= 4.276441812515259
self.n= 0.7665779781861889
	RGN updated loss=-11.978195585303913,dloss=-1.5477183978873654e-09
update time= 0.008882522583007812
step= 45

nparam= 240
	dense amplitude time= 0.018398761749267578
	total non-zero amplitudes= 4900
	nsamples per process= 50
	sample time= 4.749493360519409
self.n= 0.7665779781861889
	collect g,h time= 5.629411458969116
E=-11.978195585303913,dE=-1.5477183978873654e-09,std=0
L=-11.978195585303913,dL=-1.5477183978873654e-09,std=0
	gnorm= 0.001461597742635932
	collect S matrix time= 0.008274078369140625
	nonzero=136,wmax=4.027376533445732,wmin=0.004549822751106157
	SR solver time= 0.0034995079040527344
	collect H matrix time= 0.003327608108520508
	nonzero=137,smax=6.250427965774134,smin=0.010082999603539389
	RGN solver time= 0.006262302398681641
	xnorm=1.4659889929134657,dnorm=1.723448494660038e-05
update time= 0.009765863418579102
	dense amplitude time= 0.002796649932861328
	total non-zero amplitudes= 4900
	nsamples per process= 50
	sample time= 4.1122517585754395
self.n= 0.7665770736548598
	RGN updated loss=-11.97819558647057,dloss=-1.166656105056063e-09
update time= 0.00893092155456543
step= 46

nparam= 240
	dense amplitude time= 0.0024607181549072266
	total non-zero amplitudes= 4900
	nsamples per process= 50
	sample time= 4.732152700424194
self.n= 0.7665770736548598
	collect g,h time= 5.603283882141113
E=-11.97819558647057,dE=-1.166656105056063e-09,std=0
L=-11.97819558647057,dL=-1.166656105056063e-09,std=0
	gnorm= 0.001461425621135379
	collect S matrix time= 0.007958173751831055
	nonzero=136,wmax=4.027377064338612,wmin=0.004549823452809405
	SR solver time= 0.003434896469116211
	collect H matrix time= 0.0034990310668945312
	nonzero=137,smax=6.250427879269445,smin=0.010082998700963653
	RGN solver time= 0.006069183349609375
	xnorm=1.4659888010074589,dnorm=1.4962200540166543e-05
update time= 0.009486675262451172
	dense amplitude time= 0.002690553665161133
	total non-zero amplitudes= 4900
	nsamples per process= 50
	sample time= 4.165478467941284
self.n= 0.7665762958954168
	RGN updated loss=-11.97819558734999,dloss=-8.79420980481882e-10
update time= 0.008893013000488281
step= 47

nparam= 240
	dense amplitude time= 0.0028302669525146484
	total non-zero amplitudes= 4900
	nsamples per process= 50
	sample time= 4.664794921875
self.n= 0.7665762958954168
	collect g,h time= 5.6526405811309814
E=-11.97819558734999,dE=-8.79420980481882e-10,std=0
L=-11.97819558734999,dL=-8.79420980481882e-10,std=0
	gnorm= 0.0014612958383843756
	collect S matrix time= 0.007816553115844727
	nonzero=136,wmax=4.027377498724082,wmin=0.0045498239511030944
	SR solver time= 0.0034809112548828125
	collect H matrix time= 0.0033063888549804688
	nonzero=137,smax=6.250427783870584,smin=0.01008299753817399
	RGN solver time= 0.006207942962646484
	xnorm=1.46598863218485,dnorm=1.2989642839436478e-05
update time= 0.00979304313659668
	dense amplitude time= 0.003426790237426758
	total non-zero amplitudes= 4900
	nsamples per process= 50
	sample time= 4.312397241592407
self.n= 0.7665756262624788
	RGN updated loss=-11.978195588012902,dloss=-6.629115034684219e-10
update time= 0.00884699821472168
step= 48

nparam= 240
	dense amplitude time= 0.0024602413177490234
	total non-zero amplitudes= 4900
	nsamples per process= 50
	sample time= 4.7117531299591064
self.n= 0.7665756262624788
	collect g,h time= 5.63239860534668
E=-11.978195588012902,dE=-6.629115034684219e-10,std=0
L=-11.978195588012902,dL=-6.629115034684219e-10,std=0
	gnorm= 0.0014611979795063974
	collect S matrix time= 0.0077037811279296875
	nonzero=136,wmax=4.027377856101712,wmin=0.004549824301357634
	SR solver time= 0.003446340560913086
	collect H matrix time= 0.0034143924713134766
	nonzero=137,smax=6.250427685947141,smin=0.010082996247064675
	RGN solver time= 0.00623774528503418
	xnorm=1.4659884839699235,dnorm=1.1277234155779768e-05
update time= 0.009751558303833008
	dense amplitude time= 0.0027589797973632812
	total non-zero amplitudes= 4900
	nsamples per process= 50
	sample time= 4.1465160846710205
self.n= 0.7665750490650076
	RGN updated loss=-11.978195588512612,dloss=-4.997104952053633e-10
update time= 0.008977174758911133
step= 49

nparam= 240
	dense amplitude time= 0.0026895999908447266
	total non-zero amplitudes= 4900
	nsamples per process= 50
	sample time= 4.586031198501587
self.n= 0.7665750490650076
	collect g,h time= 5.777202367782593
E=-11.978195588512612,dE=-4.997104952053633e-10,std=0
L=-11.978195588512612,dL=-4.997104952053633e-10,std=0
	gnorm= 0.001461124190877822
	collect S matrix time= 0.00774073600769043
	nonzero=136,wmax=4.027378151667972,wmin=0.004549824544293777
	SR solver time= 0.0035924911499023438
	collect H matrix time= 0.0034966468811035156
	nonzero=137,smax=6.250427589697629,smin=0.010082994917035182
	RGN solver time= 0.0066378116607666016
	xnorm=1.4659883540684842,dnorm=9.790636195215513e-06
update time= 0.010297298431396484
	dense amplitude time= 0.0035707950592041016
	total non-zero amplitudes= 4900
	nsamples per process= 50
	sample time= 4.070976257324219
self.n= 0.7665745510492926
	RGN updated loss=-11.978195588889298,dloss=-3.766853495790201e-10
update time= 0.008864402770996094
