layer= 0
nparam= 120
hop_ls= [(0, 1), (0, 2), (0, 3), (0, 4), (0, 5), (0, 6), (0, 7), (0, 8), (0, 9), (0, 10), (0, 11), (0, 12), (0, 13), (0, 14), (0, 15), (1, 2), (1, 3), (1, 4), (1, 5), (1, 6), (1, 7), (1, 8), (1, 9), (1, 10), (1, 11), (1, 12), (1, 13), (1, 14), (1, 15), (2, 3), (2, 4), (2, 5), (2, 6), (2, 7), (2, 8), (2, 9), (2, 10), (2, 11), (2, 12), (2, 13), (2, 14), (2, 15), (3, 4), (3, 5), (3, 6), (3, 7), (3, 8), (3, 9), (3, 10), (3, 11), (3, 12), (3, 13), (3, 14), (3, 15), (4, 5), (4, 6), (4, 7), (4, 8), (4, 9), (4, 10), (4, 11), (4, 12), (4, 13), (4, 14), (4, 15), (5, 6), (5, 7), (5, 8), (5, 9), (5, 10), (5, 11), (5, 12), (5, 13), (5, 14), (5, 15), (6, 7), (6, 8), (6, 9), (6, 10), (6, 11), (6, 12), (6, 13), (6, 14), (6, 15), (7, 8), (7, 9), (7, 10), (7, 11), (7, 12), (7, 13), (7, 14), (7, 15), (8, 9), (8, 10), (8, 11), (8, 12), (8, 13), (8, 14), (8, 15), (9, 10), (9, 11), (9, 12), (9, 13), (9, 14), (9, 15), (10, 11), (10, 12), (10, 13), (10, 14), (10, 15), (11, 12), (11, 13), (11, 14), (11, 15), (12, 13), (12, 14), (12, 15), (13, 14), (13, 15), (14, 15)]

update time= 0.009693384170532227
step= 0

nparam= 240
ntotal configs= 4900
	dense amplitude time= 0.034030914306640625
	total non-zero amplitudes= 4900
	nsamples per process= 50
	sample time= 8.117475509643555
self.n= 0.8999700721469659
	collect g,h time= 8.59302306175232
E=-11.649924131420178,dE=0,std=0
L=-11.649924131420178,dL=0,std=0
	gnorm= 0.5359749451507301
	collect S matrix time= 0.024917125701904297
	nonzero=140,wmax=3.264997573652157,wmin=0.0040549006220811975
	SR solver time= 0.0041162967681884766
	collect H matrix time= 0.008434534072875977
	nonzero=140,smax=6.2626103475706,smin=0.009871519078141612
	RGN solver time= 0.00643610954284668
	xnorm=0.8654333741748934,dnorm=0.7596748297186179
update time= 0.00896906852722168
	dense amplitude time= 0.003761768341064453
	total non-zero amplitudes= 4900
	nsamples per process= 50
	sample time= 7.3014044761657715
self.n= 0.9323323534719128
	RGN updated loss=-11.909068156468411,dloss=-0.25914402504823286
update time= 0.007941722869873047
step= 1

nparam= 240
	dense amplitude time= 0.0034894943237304688
	total non-zero amplitudes= 4900
	nsamples per process= 50
	sample time= 8.118808269500732
self.n= 0.9323323534719128
	collect g,h time= 8.59928560256958
E=-11.909068156468411,dE=-0.25914402504823286,std=0
L=-11.909068156468411,dL=-0.25914402504823286,std=0
	gnorm= 0.23701077180203406
	collect S matrix time= 0.0164031982421875
	nonzero=139,wmax=3.245470369314281,wmin=0.0034599730931680573
	SR solver time= 0.003752470016479492
	collect H matrix time= 0.0074231624603271484
	nonzero=140,smax=5.44484411410312,smin=0.0060179894789362505
	RGN solver time= 0.006407260894775391
	xnorm=0.9447827562886926,dnorm=0.4202879424272309
update time= 0.008656978607177734
	dense amplitude time= 0.0037899017333984375
	total non-zero amplitudes= 4900
	nsamples per process= 50
	sample time= 7.275867938995361
self.n= 1.017374723358131
	RGN updated loss=-11.95367397581812,dloss=-0.04460581934970875
update time= 0.007860660552978516
step= 2

nparam= 240
	dense amplitude time= 0.0034775733947753906
	total non-zero amplitudes= 4900
	nsamples per process= 50
	sample time= 8.096051692962646
self.n= 1.017374723358131
	collect g,h time= 8.575734615325928
E=-11.95367397581812,dE=-0.04460581934970875,std=0
L=-11.95367397581812,dL=-0.04460581934970875,std=0
	gnorm= 0.1177503282435641
	collect S matrix time= 0.014816045761108398
	nonzero=138,wmax=3.5889726549040635,wmin=0.003659358368878572
	SR solver time= 0.0037970542907714844
	collect H matrix time= 0.006799221038818359
	nonzero=139,smax=5.820691945364442,smin=0.005976716072929061
	RGN solver time= 0.006570577621459961
	xnorm=1.2046584604147637,dnorm=0.27951210036008056
update time= 0.010172367095947266
	dense amplitude time= 0.0037279129028320312
	total non-zero amplitudes= 4900
	nsamples per process= 50
	sample time= 7.134670257568359
self.n= 1.0365154538367856
	RGN updated loss=-11.967390207461197,dloss=-0.013716231643076782
update time= 0.009250402450561523
step= 3

nparam= 240
	dense amplitude time= 0.0035343170166015625
	total non-zero amplitudes= 4900
	nsamples per process= 50
	sample time= 7.9276463985443115
self.n= 1.0365154538367856
	collect g,h time= 8.41334581375122
E=-11.967390207461197,dE=-0.013716231643076782,std=0
L=-11.967390207461197,dL=-0.013716231643076782,std=0
	gnorm= 0.06575254578938067
	collect S matrix time= 0.012742042541503906
	nonzero=136,wmax=3.7674164216779045,wmin=0.00434408443651137
	SR solver time= 0.003739595413208008
	collect H matrix time= 0.007012128829956055
	nonzero=138,smax=6.013848227879853,smin=0.006467459363619114
	RGN solver time= 0.006516933441162109
	xnorm=1.357626477970641,dnorm=0.21557585332136806
update time= 0.009855985641479492
	dense amplitude time= 0.0035982131958007812
	total non-zero amplitudes= 4900
	nsamples per process= 50
	sample time= 7.126359701156616
self.n= 1.0137550359702145
	RGN updated loss=-11.973880053581338,dloss=-0.006489846120141252
update time= 0.009233236312866211
step= 4

nparam= 240
	dense amplitude time= 0.0037729740142822266
	total non-zero amplitudes= 4900
	nsamples per process= 50
	sample time= 7.9835593700408936
self.n= 1.0137550359702145
	collect g,h time= 8.621318340301514
E=-11.973880053581338,dE=-0.006489846120141252,std=0
L=-11.973880053581338,dL=-0.006489846120141252,std=0
	gnorm= 0.04052627643754745
	collect S matrix time= 0.013299226760864258
	nonzero=135,wmax=3.860294905023955,wmin=0.004167708964594013
	SR solver time= 0.0036630630493164062
	collect H matrix time= 0.007311582565307617
	nonzero=137,smax=6.098401532344226,smin=0.008247745891419266
	RGN solver time= 0.0063817501068115234
	xnorm=1.4075234156296272,dnorm=0.08792264055956688
update time= 0.009807586669921875
	dense amplitude time= 0.004084587097167969
	total non-zero amplitudes= 4900
	nsamples per process= 50
	sample time= 6.840467929840088
self.n= 0.9849093246081655
	RGN updated loss=-11.976299216562701,dloss=-0.002419162981363243
update time= 0.008812427520751953
step= 5

nparam= 240
	dense amplitude time= 0.010653972625732422
	total non-zero amplitudes= 4900
	nsamples per process= 50
	sample time= 7.661787271499634
self.n= 0.9849093246081655
	collect g,h time= 8.576410055160522
E=-11.976299216562701,dE=-0.002419162981363243,std=0
L=-11.976299216562701,dL=-0.002419162981363243,std=0
	gnorm= 0.02658011833429351
	collect S matrix time= 0.011595964431762695
	nonzero=136,wmax=3.9124863057911403,wmin=0.004047110900488388
	SR solver time= 0.0037474632263183594
	collect H matrix time= 0.006837606430053711
	nonzero=137,smax=6.147091084607881,smin=0.008618206138285282
	RGN solver time= 0.006441593170166016
	xnorm=1.4370961404415252,dnorm=0.04584527322534622
update time= 0.01000213623046875
	dense amplitude time= 0.0037107467651367188
	total non-zero amplitudes= 4900
	nsamples per process= 50
	sample time= 7.087542772293091
self.n= 0.9658194644596507
	RGN updated loss=-11.977261311026185,dloss=-0.0009620944634836093
update time= 0.009112358093261719
step= 6

nparam= 240
	dense amplitude time= 0.0034918785095214844
	total non-zero amplitudes= 4900
	nsamples per process= 50
	sample time= 7.984970331192017
self.n= 0.9658194644596507
	collect g,h time= 8.583745241165161
E=-11.977261311026185,dE=-0.0009620944634836093,std=0
L=-11.977261311026185,dL=-0.0009620944634836093,std=0
	gnorm= 0.018166284831112583
	collect S matrix time= 0.013484001159667969
	nonzero=136,wmax=3.945389391783349,wmin=0.004208399561216079
	SR solver time= 0.0034093856811523438
	collect H matrix time= 0.007383584976196289
	nonzero=137,smax=6.175445572455532,smin=0.00910962036533079
	RGN solver time= 0.006104946136474609
	xnorm=1.4478124594629214,dnorm=0.027601960573335162
update time= 0.009717702865600586
	dense amplitude time= 0.003477811813354492
	total non-zero amplitudes= 4900
	nsamples per process= 50
	sample time= 7.1356635093688965
self.n= 0.9531330340623267
	RGN updated loss=-11.977690911076948,dloss=-0.0004296000507633124
update time= 0.00880742073059082
step= 7

nparam= 240
	dense amplitude time= 0.003609180450439453
	total non-zero amplitudes= 4900
	nsamples per process= 50
	sample time= 7.96985387802124
self.n= 0.9531330340623267
	collect g,h time= 8.583296060562134
E=-11.977690911076948,dE=-0.0004296000507633124,std=0
L=-11.977690911076948,dL=-0.0004296000507633124,std=0
	gnorm= 0.012856620764072043
	collect S matrix time= 0.01242971420288086
	nonzero=136,wmax=3.967474080946368,wmin=0.004316702182039195
	SR solver time= 0.0037958621978759766
	collect H matrix time= 0.006796836853027344
	nonzero=137,smax=6.1936203084909405,smin=0.00949069890823357
	RGN solver time= 0.006559610366821289
	xnorm=1.452036997532863,dnorm=0.018481877796105422
update time= 0.010022401809692383
	dense amplitude time= 0.004085540771484375
	total non-zero amplitudes= 4900
	nsamples per process= 50
	sample time= 7.164260149002075
self.n= 0.9446395485392781
	RGN updated loss=-11.977897141875324,dloss=-0.00020623079837633895
update time= 0.009931325912475586
step= 8

nparam= 240
	dense amplitude time= 0.007981061935424805
	total non-zero amplitudes= 4900
	nsamples per process= 50
	sample time= 8.05506181716919
self.n= 0.9446395485392781
	collect g,h time= 8.58577823638916
E=-11.977897141875324,dE=-0.00020623079837633895,std=0
L=-11.977897141875324,dL=-0.00020623079837633895,std=0
	gnorm= 0.009386071454885188
	collect S matrix time= 0.014065742492675781
	nonzero=136,wmax=3.9828357237153296,wmin=0.004385747642128296
	SR solver time= 0.003501415252685547
	collect H matrix time= 0.0077435970306396484
	nonzero=137,smax=6.205993791410974,smin=0.00976797454743747
	RGN solver time= 0.0063288211822509766
	xnorm=1.4541479631878935,dnorm=0.012902244205817655
update time= 0.00989389419555664
	dense amplitude time= 0.003579854965209961
	total non-zero amplitudes= 4900
	nsamples per process= 50
	sample time= 7.19683313369751
self.n= 0.938881648949915
	RGN updated loss=-11.978001382634957,dloss=-0.00010424075963300083
update time= 0.009246110916137695
step= 9

nparam= 240
	dense amplitude time= 0.00357818603515625
	total non-zero amplitudes= 4900
	nsamples per process= 50
	sample time= 7.979673385620117
self.n= 0.938881648949915
	collect g,h time= 8.709505081176758
E=-11.978001382634957,dE=-0.00010424075963300083,std=0
L=-11.978001382634957,dL=-0.00010424075963300083,std=0
	gnorm= 0.007057164468631384
	collect S matrix time= 0.011484861373901367
	nonzero=136,wmax=3.993749634102677,wmin=0.004436719902787053
	SR solver time= 0.0037577152252197266
	collect H matrix time= 0.006824970245361328
	nonzero=137,smax=6.2146954276165225,smin=0.00996415647635927
	RGN solver time= 0.006609916687011719
	xnorm=1.4553668554064045,dnorm=0.009159120993577893
update time= 0.009957551956176758
	dense amplitude time= 0.00395655632019043
	total non-zero amplitudes= 4900
	nsamples per process= 50
	sample time= 7.140340089797974
self.n= 0.9349607587286478
	RGN updated loss=-11.97805628522972,dloss=-5.4902594762040735e-05
update time= 0.008913040161132812
step= 10

nparam= 240
	dense amplitude time= 0.02040386199951172
	total non-zero amplitudes= 4900
	nsamples per process= 50
	sample time= 7.973517894744873
self.n= 0.9349607587286478
	collect g,h time= 8.588634967803955
E=-11.97805628522972,dE=-5.4902594762040735e-05,std=0
L=-11.97805628522972,dL=-5.4902594762040735e-05,std=0
	gnorm= 0.005459419151209854
	collect S matrix time= 0.011620759963989258
	nonzero=136,wmax=4.001606673177977,wmin=0.004474766507838258
	SR solver time= 0.003482341766357422
	collect H matrix time= 0.007294178009033203
	nonzero=137,smax=6.2209257604931105,smin=0.010113847772375898
	RGN solver time= 0.006252288818359375
	xnorm=1.4562430018844856,dnorm=0.006604180116773745
update time= 0.009778738021850586
	dense amplitude time= 0.0035877227783203125
	total non-zero amplitudes= 4900
	nsamples per process= 50
	sample time= 7.149096250534058
self.n= 0.9322585362080107
	RGN updated loss=-11.978086264809999,dloss=-2.9979580279615448e-05
update time= 0.009752988815307617
step= 11

nparam= 240
	dense amplitude time= 0.003523111343383789
	total non-zero amplitudes= 4900
	nsamples per process= 50
	sample time= 7.9697136878967285
self.n= 0.9322585362080107
	collect g,h time= 8.598114728927612
E=-11.978086264809999,dE=-2.9979580279615448e-05,std=0
L=-11.978086264809999,dL=-2.9979580279615448e-05,std=0
	gnorm= 0.004348418393529984
	collect S matrix time= 0.011785745620727539
	nonzero=137,wmax=4.007313311710767,wmin=0.004039996826993028
	SR solver time= 0.003734111785888672
	collect H matrix time= 0.006857872009277344
	nonzero=137,smax=6.2254353476146225,smin=0.010207523040696526
	RGN solver time= 0.00661921501159668
	xnorm=1.4568859870200044,dnorm=0.004842550694625725
update time= 0.009974479675292969
	dense amplitude time= 0.00366973876953125
	total non-zero amplitudes= 4900
	nsamples per process= 50
	sample time= 7.099014043807983
self.n= 0.9304063836439933
	RGN updated loss=-11.978103194052258,dloss=-1.6929242258711952e-05
update time= 0.008822917938232422
step= 12

nparam= 240
	dense amplitude time= 0.008368968963623047
	total non-zero amplitudes= 4900
	nsamples per process= 50
	sample time= 8.004729270935059
self.n= 0.9304063836439933
	collect g,h time= 8.60277795791626
E=-11.978103194052258,dE=-1.6929242258711952e-05,std=0
L=-11.978103194052258,dL=-1.6929242258711952e-05,std=0
	gnorm= 0.0035642243258013624
	collect S matrix time= 0.011739015579223633
	nonzero=137,wmax=4.011481069242235,wmin=0.004070003515384737
	SR solver time= 0.0034444332122802734
	collect H matrix time= 0.00728607177734375
	nonzero=137,smax=6.228721387855554,smin=0.010279796552497146
	RGN solver time= 0.006291389465332031
	xnorm=1.457480063200463,dnorm=0.003592256846962256
update time= 0.009816169738769531
	dense amplitude time= 0.003633737564086914
	total non-zero amplitudes= 4900
	nsamples per process= 50
	sample time= 7.212024211883545
self.n= 0.9290872124864111
	RGN updated loss=-11.978113071827835,dloss=-9.877775577038506e-06
update time= 0.009385824203491211
step= 13

nparam= 240
	dense amplitude time= 0.005864858627319336
	total non-zero amplitudes= 4900
	nsamples per process= 50
	sample time= 7.974846363067627
self.n= 0.9290872124864111
	collect g,h time= 8.577508211135864
E=-11.978113071827835,dE=-9.877775577038506e-06,std=0
L=-11.978113071827835,dL=-9.877775577038506e-06,std=0
	gnorm= 0.0030064573778699325
	collect S matrix time= 0.012798309326171875
	nonzero=137,wmax=4.0145394925244835,wmin=0.004092265389134803
	SR solver time= 0.003714323043823242
	collect H matrix time= 0.007125139236450195
	nonzero=137,smax=6.231128661221223,smin=0.010332354879288666
	RGN solver time= 0.006645917892456055
	xnorm=1.457836928936181,dnorm=0.0026366865300391632
update time= 0.00993657112121582
	dense amplitude time= 0.0037026405334472656
	total non-zero amplitudes= 4900
	nsamples per process= 50
	sample time= 7.142728567123413
self.n= 0.9281794207586981
	RGN updated loss=-11.978119013054956,dloss=-5.941227120942472e-06
update time= 0.008876562118530273
step= 14

nparam= 240
	dense amplitude time= 0.009219646453857422
	total non-zero amplitudes= 4900
	nsamples per process= 50
	sample time= 7.9755003452301025
self.n= 0.9281794207586981
	collect g,h time= 8.60479474067688
E=-11.978119013054956,dE=-5.941227120942472e-06,std=0
L=-11.978119013054956,dL=-5.941227120942472e-06,std=0
	gnorm= 0.0026064932908248873
	collect S matrix time= 0.011412382125854492
	nonzero=137,wmax=4.016788781292863,wmin=0.0041083556881642575
	SR solver time= 0.0037925243377685547
	collect H matrix time= 0.006600379943847656
	nonzero=137,smax=6.232896168732593,smin=0.010370594124272572
	RGN solver time= 0.0066471099853515625
	xnorm=1.4581818015435353,dnorm=0.001981516733134232
update time= 0.010090351104736328
	dense amplitude time= 0.0034770965576171875
	total non-zero amplitudes= 4900
	nsamples per process= 50
	sample time= 7.147170782089233
self.n= 0.9275254301330821
	RGN updated loss=-11.978122702294362,dloss=-3.6892394064125256e-06
update time= 0.009658336639404297
step= 15

nparam= 240
	dense amplitude time= 0.0037882328033447266
	total non-zero amplitudes= 4900
	nsamples per process= 50
	sample time= 7.997689247131348
self.n= 0.9275254301330821
	collect g,h time= 8.596786975860596
E=-11.978122702294362,dE=-3.6892394064125256e-06,std=0
L=-11.978122702294362,dL=-3.6892394064125256e-06,std=0
	gnorm= 0.002318170931263889
	collect S matrix time= 0.01112222671508789
	nonzero=137,wmax=4.018446790784905,wmin=0.004120343190933571
	SR solver time= 0.0035805702209472656
	collect H matrix time= 0.00709223747253418
	nonzero=137,smax=6.234198049578995,smin=0.010397288660145112
	RGN solver time= 0.006525754928588867
	xnorm=1.4583988493443265,dnorm=0.0014945042451663076
update time= 0.010304689407348633
	dense amplitude time= 0.003633737564086914
	total non-zero amplitudes= 4900
	nsamples per process= 50
	sample time= 7.164040565490723
self.n= 0.9270678844128399
	RGN updated loss=-11.978125062197053,dloss=-2.359902691040361e-06
update time= 0.008803606033325195
step= 16

nparam= 240
	dense amplitude time= 0.010423421859741211
	total non-zero amplitudes= 4900
	nsamples per process= 50
	sample time= 7.979712963104248
self.n= 0.9270678844128399
	collect g,h time= 8.619478464126587
E=-11.978125062197053,dE=-2.359902691040361e-06,std=0
L=-11.978125062197053,dL=-2.359902691040361e-06,std=0
	gnorm= 0.0021086717100470046
	collect S matrix time= 0.012040853500366211
	nonzero=137,wmax=4.019670043276515,wmin=0.004129089037754516
	SR solver time= 0.0038385391235351562
	collect H matrix time= 0.006777763366699219
	nonzero=137,smax=6.2351570144590145,smin=0.010417718011322496
	RGN solver time= 0.006657600402832031
	xnorm=1.4585883755539446,dnorm=0.001133307074937717
update time= 0.010195016860961914
	dense amplitude time= 0.0034894943237304688
	total non-zero amplitudes= 4900
	nsamples per process= 50
	sample time= 7.133580923080444
self.n= 0.9267403907315261
	RGN updated loss=-11.978126614217663,dloss=-1.552020609807414e-06
update time= 0.009361505508422852
step= 17

nparam= 240
	dense amplitude time= 0.003772735595703125
	total non-zero amplitudes= 4900
	nsamples per process= 50
	sample time= 7.975013494491577
self.n= 0.9267403907315261
	collect g,h time= 8.673585414886475
E=-11.978126614217663,dE=-1.552020609807414e-06,std=0
L=-11.978126614217663,dL=-1.552020609807414e-06,std=0
	gnorm= 0.001954431698204665
	collect S matrix time= 0.011602401733398438
	nonzero=137,wmax=4.020573674051917,wmin=0.004135593434256215
	SR solver time= 0.0034508705139160156
	collect H matrix time= 0.0070645809173583984
	nonzero=137,smax=6.235864932569348,smin=0.010434479558184152
	RGN solver time= 0.006272077560424805
	xnorm=1.4587200759884267,dnorm=0.0009899881134715271
update time= 0.009845495223999023
	dense amplitude time= 0.0035152435302734375
	total non-zero amplitudes= 4900
	nsamples per process= 50
	sample time= 7.150813579559326
self.n= 0.9264504536926421
	RGN updated loss=-11.978127666648627,dloss=-1.052430963710549e-06
update time= 0.008835554122924805
step= 18

nparam= 240
	dense amplitude time= 0.005412101745605469
	total non-zero amplitudes= 4900
	nsamples per process= 50
	sample time= 8.031620264053345
self.n= 0.9264504536926421
	collect g,h time= 8.595082759857178
E=-11.978127666648627,dE=-1.052430963710549e-06,std=0
L=-11.978127666648627,dL=-1.052430963710549e-06,std=0
	gnorm= 0.0018424386547082657
	collect S matrix time= 0.011510848999023438
	nonzero=137,wmax=4.021244600312133,wmin=0.0041409778275967885
	SR solver time= 0.003764629364013672
	collect H matrix time= 0.006812334060668945
	nonzero=137,smax=6.236391279709229,smin=0.010448132997878785
	RGN solver time= 0.0066111087799072266
	xnorm=1.4586214075332193,dnorm=0.000748583076748936
update time= 0.01002192497253418
	dense amplitude time= 0.004014730453491211
	total non-zero amplitudes= 4900
	nsamples per process= 50
	sample time= 7.153362035751343
self.n= 0.9262448760209954
	RGN updated loss=-11.978128393228992,dloss=-7.265803656508751e-07
update time= 0.009406805038452148
step= 19

nparam= 240
	dense amplitude time= 0.011189937591552734
	total non-zero amplitudes= 4900
	nsamples per process= 50
	sample time= 7.964271068572998
self.n= 0.9262448760209954
	collect g,h time= 8.625437021255493
E=-11.978128393228992,dE=-7.265803656508751e-07,std=0
L=-11.978128393228992,dL=-7.265803656508751e-07,std=0
	gnorm= 0.001759441392453041
	collect S matrix time= 0.011458158493041992
	nonzero=137,wmax=4.021742274171778,wmin=0.004144901601705114
	SR solver time= 0.003495931625366211
	collect H matrix time= 0.007125377655029297
	nonzero=137,smax=6.236781060265074,smin=0.01045779473978208
	RGN solver time= 0.006272077560424805
	xnorm=1.4585590725898216,dnorm=0.0006105106194017431
update time= 0.010045766830444336
	dense amplitude time= 0.0034914016723632812
	total non-zero amplitudes= 4900
	nsamples per process= 50
	sample time= 7.159098386764526
self.n= 0.9260914540527786
	RGN updated loss=-11.97812890491826,dloss=-5.1168926695766e-07
update time= 0.00896000862121582
step= 20

nparam= 240
	dense amplitude time= 0.003648996353149414
	total non-zero amplitudes= 4900
	nsamples per process= 50
	sample time= 8.00279951095581
self.n= 0.9260914540527786
	collect g,h time= 8.589592218399048
E=-11.97812890491826,dE=-5.1168926695766e-07,std=0
L=-11.97812890491826,dL=-5.1168926695766e-07,std=0
	gnorm= 0.0016982186599412148
	collect S matrix time= 0.012005805969238281
	nonzero=137,wmax=4.022111862010766,wmin=0.0041478892369695205
	SR solver time= 0.0037925243377685547
	collect H matrix time= 0.006842136383056641
	nonzero=137,smax=6.237070110302194,smin=0.010464543126387279
	RGN solver time= 0.006602048873901367
	xnorm=1.4584895497647659,dnorm=0.00044306795303682703
update time= 0.010062217712402344
	dense amplitude time= 0.0037810802459716797
	total non-zero amplitudes= 4900
	nsamples per process= 50
	sample time= 7.164692163467407
self.n= 0.9259927363974868
	RGN updated loss=-11.97812926991938,dloss=-3.650011208833348e-07
update time= 0.009112358093261719
step= 21

nparam= 240
	dense amplitude time= 0.028880596160888672
	total non-zero amplitudes= 4900
	nsamples per process= 50
	sample time= 7.978060960769653
self.n= 0.9259927363974868
	collect g,h time= 8.651018142700195
E=-11.97812926991938,dE=-3.650011208833348e-07,std=0
L=-11.97812926991938,dL=-3.650011208833348e-07,std=0
	gnorm= 0.0016525686695294023
	collect S matrix time= 0.011682510375976562
	nonzero=137,wmax=4.022385496630698,wmin=0.004150024226309948
	SR solver time= 0.003524303436279297
	collect H matrix time= 5.619803428649902
	nonzero=137,smax=6.2372832129860205,smin=0.010469477737262782
	RGN solver time= 0.006626605987548828
	xnorm=1.4584797268749807,dnorm=0.0003442451762231566
update time= 0.010078191757202148
	dense amplitude time= 4.498993158340454
	total non-zero amplitudes= 4900
	nsamples per process= 50
	sample time= 7.13783860206604
self.n= 0.9259272609682982
	RGN updated loss=-11.978129533867376,dloss=-2.639479959043456e-07
update time= 0.009116172790527344
step= 22

nparam= 240
	dense amplitude time= 0.023309946060180664
	total non-zero amplitudes= 4900
	nsamples per process= 50
	sample time= 7.969403266906738
self.n= 0.9259272609682982
	collect g,h time= 8.587544202804565
E=-11.978129533867376,dE=-2.639479959043456e-07,std=0
L=-11.978129533867376,dL=-2.639479959043456e-07,std=0
	gnorm= 0.0016184530789153646
	collect S matrix time= 0.011695623397827148
	nonzero=137,wmax=4.022587880116309,wmin=0.004151572060500383
	SR solver time= 0.0037050247192382812
	collect H matrix time= 0.007024526596069336
	nonzero=137,smax=6.237440063589902,smin=0.010473070262514792
	RGN solver time= 0.006608486175537109
	xnorm=1.458488397615792,dnorm=0.000275010995821987
update time= 0.009885072708129883
	dense amplitude time= 0.003570079803466797
	total non-zero amplitudes= 4900
	nsamples per process= 50
	sample time= 7.116520404815674
self.n= 0.9258833460124787
	RGN updated loss=-11.978129726601516,dloss=-1.9273413975895437e-07
update time= 0.008726835250854492
step= 23

nparam= 240
	dense amplitude time= 0.0060596466064453125
	total non-zero amplitudes= 4900
	nsamples per process= 50
	sample time= 8.034708023071289
self.n= 0.9258833460124787
	collect g,h time= 8.59760046005249
E=-11.978129726601516,dE=-1.9273413975895437e-07,std=0
L=-11.978129726601516,dL=-1.9273413975895437e-07,std=0
	gnorm= 0.001592945239449255
	collect S matrix time= 0.01152491569519043
	nonzero=137,wmax=4.0227373346128275,wmin=0.004152707196551605
	SR solver time= 0.0037984848022460938
	collect H matrix time= 0.006780385971069336
	nonzero=137,smax=6.237555313033828,smin=0.010475441815400706
	RGN solver time= 0.006491184234619141
	xnorm=1.4585013114798013,dnorm=0.00022529606465096028
update time= 0.0101776123046875
	dense amplitude time= 0.004057407379150391
	total non-zero amplitudes= 4900
	nsamples per process= 50
	sample time= 7.18082857131958
self.n= 0.925861832829737
	RGN updated loss=-11.97812986867903,dloss=-1.4207751419803571e-07
update time= 0.008844852447509766
step= 24

nparam= 240
	dense amplitude time= 0.008160829544067383
	total non-zero amplitudes= 4900
	nsamples per process= 50
	sample time= 7.971617937088013
self.n= 0.925861832829737
	collect g,h time= 8.526426792144775
E=-11.97812986867903,dE=-1.4207751419803571e-07,std=0
L=-11.97812986867903,dL=-1.4207751419803571e-07,std=0
	gnorm= 0.001573768251824032
	collect S matrix time= 0.01150965690612793
	nonzero=137,wmax=4.022847648570157,wmin=0.004153435937981957
	SR solver time= 0.003461599349975586
	collect H matrix time= 0.007418632507324219
	nonzero=137,smax=6.237639317237043,smin=0.010477394028394383
	RGN solver time= 0.006283760070800781
	xnorm=1.4585395549787668,dnorm=0.00018747433073543627
update time= 0.00983881950378418
	dense amplitude time= 0.003499269485473633
	total non-zero amplitudes= 4900
	nsamples per process= 50
	sample time= 7.14300012588501
self.n= 0.9258378417293789
	RGN updated loss=-11.97812997376461,dloss=-1.0508557934940654e-07
update time= 0.008800029754638672
step= 25

nparam= 240
	dense amplitude time= 0.008432149887084961
	total non-zero amplitudes= 4900
	nsamples per process= 50
	sample time= 7.978102207183838
self.n= 0.9258378417293789
	collect g,h time= 8.555342435836792
E=-11.97812997376461,dE=-1.0508557934940654e-07,std=0
L=-11.97812997376461,dL=-1.0508557934940654e-07,std=0
	gnorm= 0.0015594177878930473
	collect S matrix time= 0.011846065521240234
	nonzero=137,wmax=4.022928755866382,wmin=0.004154122626732122
	SR solver time= 0.0037899017333984375
	collect H matrix time= 0.007017850875854492
	nonzero=137,smax=6.237701479596066,smin=0.010478731523235819
	RGN solver time= 0.0065822601318359375
	xnorm=1.458534145062789,dnorm=0.00015661456882270735
update time= 0.010204076766967773
	dense amplitude time= 0.004073381423950195
	total non-zero amplitudes= 4900
	nsamples per process= 50
	sample time= 7.103228807449341
self.n= 0.9258314192481893
	RGN updated loss=-11.978130052025111,dloss=-7.826050207881963e-08
update time= 0.009745597839355469
step= 26

nparam= 240
	dense amplitude time= 0.007769584655761719
	total non-zero amplitudes= 4900
	nsamples per process= 50
	sample time= 7.994102478027344
self.n= 0.9258314192481893
	collect g,h time= 8.650764465332031
E=-11.978130052025111,dE=-7.826050207881963e-08,std=0
L=-11.978130052025111,dL=-7.826050207881963e-08,std=0
	gnorm= 0.0015486172124637844
	collect S matrix time= 0.0119781494140625
	nonzero=137,wmax=4.022988309457853,wmin=0.004154499214233762
	SR solver time= 0.003459930419921875
	collect H matrix time= 0.0075571537017822266
	nonzero=137,smax=6.237746103538248,smin=0.010479602979602065
	RGN solver time= 0.00627446174621582
	xnorm=1.4585626206317863,dnorm=0.00012968996858778146
update time= 0.009916305541992188
	dense amplitude time= 0.003694295883178711
	total non-zero amplitudes= 4900
	nsamples per process= 50
	sample time= 7.123860836029053
self.n= 0.9258262772981796
	RGN updated loss=-11.978130110442025,dloss=-5.841691397279192e-08
update time= 0.00960087776184082
step= 27

nparam= 240
	dense amplitude time= 0.0035364627838134766
	total non-zero amplitudes= 4900
	nsamples per process= 50
	sample time= 8.049003601074219
self.n= 0.9258262772981796
	collect g,h time= 8.589872121810913
E=-11.978130110442025,dE=-5.841691397279192e-08,std=0
L=-11.978130110442025,dL=-5.841691397279192e-08,std=0
	gnorm= 0.001540493568289661
	collect S matrix time= 0.011655330657958984
	nonzero=137,wmax=4.023031981517861,wmin=0.004154808674243531
	SR solver time= 0.003728151321411133
	collect H matrix time= 0.007105588912963867
	nonzero=137,smax=6.237778651503823,smin=0.010480324790699979
	RGN solver time= 0.006585359573364258
	xnorm=1.4585769400611541,dnorm=0.00010978553864965825
update time= 0.009909868240356445
	dense amplitude time= 0.003939628601074219
	total non-zero amplitudes= 4900
	nsamples per process= 50
	sample time= 7.201995134353638
self.n= 0.9258230626401946
	RGN updated loss=-11.978130154167307,dloss=-4.372528117357888e-08
update time= 0.008837223052978516
step= 28

nparam= 240
	dense amplitude time= 0.003467082977294922
	total non-zero amplitudes= 4900
	nsamples per process= 50
	sample time= 7.9775004386901855
self.n= 0.9258230626401946
	collect g,h time= 8.567893981933594
E=-11.978130154167307,dE=-4.372528117357888e-08,std=0
L=-11.978130154167307,dL=-4.372528117357888e-08,std=0
	gnorm= 0.0015343797662741515
	collect S matrix time= 0.011655807495117188
	nonzero=137,wmax=4.023063839633149,wmin=0.004155049436660159
	SR solver time= 0.003449678421020508
	collect H matrix time= 0.00726628303527832
	nonzero=137,smax=6.237802206546982,smin=0.010480888733799373
	RGN solver time= 0.006291627883911133
	xnorm=1.4585852679984894,dnorm=9.370226674260468e-05
update time= 0.00978231430053711
	dense amplitude time= 0.0036208629608154297
	total non-zero amplitudes= 4900
	nsamples per process= 50
	sample time= 7.130821466445923
self.n= 0.9258215380941501
	RGN updated loss=-11.978130186959028,dloss=-3.2791721338298885e-08
update time= 0.009850025177001953
step= 29

nparam= 240
	dense amplitude time= 0.0038542747497558594
	total non-zero amplitudes= 4900
	nsamples per process= 50
	sample time= 8.06078815460205
self.n= 0.9258215380941501
	collect g,h time= 8.585631132125854
E=-11.978130186959028,dE=-3.2791721338298885e-08,std=0
L=-11.978130186959028,dL=-3.2791721338298885e-08,std=0
	gnorm= 0.001529776646945542
	collect S matrix time= 0.012441873550415039
	nonzero=137,wmax=4.023086970747505,wmin=0.004155232724943683
	SR solver time= 0.003726482391357422
	collect H matrix time= 0.00691676139831543
	nonzero=137,smax=6.2378191035869754,smin=0.0104813196045174
	RGN solver time= 0.006550312042236328
	xnorm=1.4585906855898585,dnorm=8.034986071286158e-05
update time= 0.009949445724487305
	dense amplitude time= 0.003862619400024414
	total non-zero amplitudes= 4900
	nsamples per process= 50
	sample time= 7.204841375350952
self.n= 0.9258212845730831
	RGN updated loss=-11.97813021158575,dloss=-2.4626721994991385e-08
update time= 0.008861303329467773
step= 30

nparam= 240
	dense amplitude time= 0.019743680953979492
	total non-zero amplitudes= 4900
	nsamples per process= 50
	sample time= 7.995674133300781
self.n= 0.9258212845730831
	collect g,h time= 8.568317413330078
E=-11.97813021158575,dE=-2.4626721994991385e-08,std=0
L=-11.97813021158575,dL=-2.4626721994991385e-08,std=0
	gnorm= 0.0015263098581136973
	collect S matrix time= 0.011324644088745117
	nonzero=137,wmax=4.02310368367803,wmin=0.004155370929913928
	SR solver time= 0.0034637451171875
	collect H matrix time= 0.006830692291259766
	nonzero=137,smax=6.237831109267355,smin=0.010481645706765592
	RGN solver time= 0.006308317184448242
	xnorm=1.458594486603721,dnorm=6.912562293697395e-05
update time= 0.009834051132202148
	dense amplitude time= 0.0034542083740234375
	total non-zero amplitudes= 4900
	nsamples per process= 50
	sample time= 7.139052629470825
self.n= 0.9258219113834052
	RGN updated loss=-11.978130230099682,dloss=-1.851393172103144e-08
update time= 0.009413003921508789
	dense amplitude time= 0.023581266403198242
	total non-zero amplitudes= 4900
	nsamples per process= 50
step= 31

nparam= 240
	sample time= 7.985540866851807
self.n= 0.9258219113834052
	collect g,h time= 8.635538578033447
E=-11.978130230099682,dE=-1.851393172103144e-08,std=0
L=-11.978130230099682,dL=-1.851393172103144e-08,std=0
	gnorm= 0.0015236982708879692
	collect S matrix time= 0.011737346649169922
	nonzero=137,wmax=4.023115691019878,wmin=0.0041554746721463925
	SR solver time= 0.0037212371826171875
	collect H matrix time= 0.006989717483520508
	nonzero=137,smax=6.237839545095474,smin=0.010481891504033038
	RGN solver time= 0.006589412689208984
	xnorm=1.4585972843612776,dnorm=5.9613687585762686e-05
update time= 0.009921550750732422
	dense amplitude time= 0.0035169124603271484
	total non-zero amplitudes= 4900
	nsamples per process= 50
	sample time= 7.153469800949097
self.n= 0.925823106753721
	RGN updated loss=-11.978130244028792,dloss=-1.3929110309618409e-08
update time= 0.008907318115234375
step= 32

nparam= 240
	dense amplitude time= 0.008729696273803711
	total non-zero amplitudes= 4900
	nsamples per process= 50
	sample time= 8.016433954238892
self.n= 0.925823106753721
	collect g,h time= 8.614624738693237
E=-11.978130244028792,dE=-1.3929110309618409e-08,std=0
L=-11.978130244028792,dL=-1.3929110309618409e-08,std=0
	gnorm= 0.0015217305676923358
	collect S matrix time= 0.01170206069946289
	nonzero=137,wmax=4.023124257552271,wmin=0.004155552373028216
	SR solver time= 0.003814697265625
	collect H matrix time= 0.006819725036621094
	nonzero=137,smax=6.237845390375134,smin=0.010482076467952007
	RGN solver time= 0.006661415100097656
	xnorm=1.4585994072287978,dnorm=5.150412515112757e-05
update time= 0.010117292404174805
	dense amplitude time= 0.003587484359741211
	total non-zero amplitudes= 4900
	nsamples per process= 50
	sample time= 7.161445617675781
self.n= 0.9258246381920081
	RGN updated loss=-11.978130254514417,dloss=-1.048562481287263e-08
update time= 0.009054183959960938
step= 33

nparam= 240
	dense amplitude time= 0.0035560131072998047
	total non-zero amplitudes= 4900
	nsamples per process= 50
	sample time= 8.012207984924316
self.n= 0.9258246381920081
	collect g,h time= 8.623842239379883
E=-11.978130254514417,dE=-1.048562481287263e-08,std=0
L=-11.978130254514417,dL=-1.048562481287263e-08,std=0
	gnorm= 0.0015202477961553293
	collect S matrix time= 0.011385440826416016
	nonzero=137,wmax=4.023130315112206,wmin=0.004155610505652259
	SR solver time= 0.003482818603515625
	collect H matrix time= 0.0071523189544677734
	nonzero=137,smax=6.237849366274275,smin=0.01048221560091261
	RGN solver time= 0.00632023811340332
	xnorm=1.4586010507773803,dnorm=4.4558140331468975e-05
update time= 0.009910106658935547
	dense amplitude time= 0.0034520626068115234
	total non-zero amplitudes= 4900
	nsamples per process= 50
	sample time= 7.163462162017822
self.n= 0.9258263392088157
	RGN updated loss=-11.978130262411186,dloss=-7.896769460558062e-09
update time= 0.00882101058959961
step= 34

nparam= 240
	dense amplitude time= 0.010189533233642578
	total non-zero amplitudes= 4900
	nsamples per process= 50
	sample time= 7.9970667362213135
self.n= 0.9258263392088157
	collect g,h time= 8.577112197875977
E=-11.978130262411186,dE=-7.896769460558062e-09,std=0
L=-11.978130262411186,dL=-7.896769460558062e-09,std=0
	gnorm= 0.0015191303296020842
	collect S matrix time= 0.011315107345581055
	nonzero=137,wmax=4.023134549181802,wmin=0.004155653976056635
	SR solver time= 0.003940105438232422
	collect H matrix time= 0.006543159484863281
	nonzero=137,smax=6.23785200159959,smin=0.010482320294463245
	RGN solver time= 0.006869316101074219
	xnorm=1.4586023415541574,dnorm=3.85876900891942e-05
update time= 0.010526895523071289
	dense amplitude time= 0.0035991668701171875
	total non-zero amplitudes= 4900
	nsamples per process= 50
	sample time= 7.169124603271484
self.n= 0.9258280943853474
	RGN updated loss=-11.978130268360147,dloss=-5.948960435375739e-09
update time= 0.009620904922485352
step= 35

nparam= 240
	dense amplitude time= 0.0037207603454589844
	total non-zero amplitudes= 4900
	nsamples per process= 50
	sample time= 7.990582227706909
self.n= 0.9258280943853474
	collect g,h time= 8.589322805404663
E=-11.978130268360147,dE=-5.948960435375739e-09,std=0
L=-11.978130268360147,dL=-5.948960435375739e-09,std=0
	gnorm= 0.00151828810120539
	collect S matrix time= 0.013318300247192383
	nonzero=137,wmax=4.023137463336672,wmin=0.004155686476973766
	SR solver time= 0.003500223159790039
	collect H matrix time= 0.007774829864501953
	nonzero=137,smax=6.237853682800947,smin=0.010482399137582657
	RGN solver time= 0.006249666213989258
	xnorm=1.4586033664467382,dnorm=3.344198603775206e-05
update time= 0.009935140609741211
	dense amplitude time= 0.0036215782165527344
	total non-zero amplitudes= 4900
	nsamples per process= 50
	sample time= 7.1183483600616455
self.n= 0.9258298263697984
	RGN updated loss=-11.978130272842813,dloss=-4.482666682292802e-09
update time= 0.008934974670410156
step= 36

nparam= 240
	dense amplitude time= 0.0034966468811035156
	total non-zero amplitudes= 4900
	nsamples per process= 50
	sample time= 8.056614875793457
self.n= 0.9258298263697984
	collect g,h time= 8.619105815887451
E=-11.978130272842813,dE=-4.482666682292802e-09,std=0
L=-11.978130272842813,dL=-4.482666682292802e-09,std=0
	gnorm= 0.0015176532787595824
	collect S matrix time= 0.01151132583618164
	nonzero=137,wmax=4.02313942695527,wmin=0.004155710777820742
	SR solver time= 0.003932952880859375
	collect H matrix time= 0.006515026092529297
	nonzero=137,smax=6.237854691383443,smin=0.010482458583122528
	RGN solver time= 0.006887197494506836
	xnorm=1.4586041875830853,dnorm=2.8998174087819053e-05
update time= 0.010545969009399414
	dense amplitude time= 0.004069328308105469
	total non-zero amplitudes= 4900
	nsamples per process= 50
	sample time= 7.21314263343811
self.n= 0.9258314855221492
	RGN updated loss=-11.97813027622121,dloss=-3.3783962294364756e-09
update time= 0.008983135223388672
step= 37

nparam= 240
	dense amplitude time= 0.0054149627685546875
	total non-zero amplitudes= 4900
	nsamples per process= 50
	sample time= 7.97724986076355
self.n= 0.9258314855221492
	collect g,h time= 8.590524435043335
E=-11.97813027622121,dE=-3.3783962294364756e-09,std=0
L=-11.97813027622121,dL=-3.3783962294364756e-09,std=0
	gnorm= 0.0015171747636364313
	collect S matrix time= 0.011612415313720703
	nonzero=137,wmax=4.02314071046593,wmin=0.004155728951398458
	SR solver time= 0.0037162303924560547
	collect H matrix time= 0.006987333297729492
	nonzero=137,smax=6.237855231668836,smin=0.010482503470294429
	RGN solver time= 0.006621837615966797
	xnorm=1.4586048506255893,dnorm=2.5154776417822026e-05
update time= 0.010388612747192383
	dense amplitude time= 0.003554821014404297
	total non-zero amplitudes= 4900
	nsamples per process= 50
	sample time= 7.13792085647583
self.n= 0.9258330420068634
	RGN updated loss=-11.97813027876772,dloss=-2.5465105579769443e-09
update time= 0.008944988250732422
step= 38

nparam= 240
	dense amplitude time= 0.008659124374389648
	total non-zero amplitudes= 4900
	nsamples per process= 50
	sample time= 8.007436752319336
self.n= 0.9258330420068634
	collect g,h time= 8.574090957641602
E=-11.97813027876772,dE=-2.5465105579769443e-09,std=0
L=-11.97813027876772,dL=-2.5465105579769443e-09,std=0
	gnorm= 0.0015168140558794148
	collect S matrix time= 0.006937265396118164
	nonzero=137,wmax=4.02314151137466,wmin=0.004155742547335622
	SR solver time= 0.003850221633911133
	collect H matrix time= 0.007279396057128906
	nonzero=137,smax=6.237855451314421,smin=0.010482537425065209
	RGN solver time= 0.006659030914306641
	xnorm=1.4586053897791438,dnorm=2.1827005832637412e-05
update time= 0.010372161865234375
	dense amplitude time= 0.0038461685180664062
	total non-zero amplitudes= 4900
	nsamples per process= 50
	sample time= 7.148571491241455
self.n= 0.9258344798938329
	RGN updated loss=-11.978130280687402,dloss=-1.9196821909872597e-09
update time= 0.0095672607421875
step= 39

nparam= 240
	dense amplitude time= 0.0035402774810791016
	total non-zero amplitudes= 4900
	nsamples per process= 50
	sample time= 8.008005619049072
self.n= 0.9258344798938329
	collect g,h time= 8.66427230834961
E=-11.978130280687402,dE=-1.9196821909872597e-09,std=0
L=-11.978130280687402,dL=-1.9196821909872597e-09,std=0
	gnorm= 0.0015165421439734708
	collect S matrix time= 0.011595487594604492
	nonzero=137,wmax=4.023141973486354,wmin=0.004155752723364686
	SR solver time= 0.0034928321838378906
	collect H matrix time= 0.0072214603424072266
	nonzero=137,smax=6.237855456450573,smin=0.010482563163523775
	RGN solver time= 0.006354570388793945
	xnorm=1.45860583102092,dnorm=1.894335999876124e-05
update time= 0.00991058349609375
	dense amplitude time= 0.0034401416778564453
	total non-zero amplitudes= 4900
	nsamples per process= 50
	sample time= 7.150365114212036
self.n= 0.925835792824021
	RGN updated loss=-11.978130282134684,dloss=-1.4472814058308359e-09
update time= 0.009496212005615234
step= 40

nparam= 240
	dense amplitude time= 0.003471851348876953
	total non-zero amplitudes= 4900
	nsamples per process= 50
	sample time= 8.077292203903198
self.n= 0.925835792824021
	collect g,h time= 8.592746257781982
E=-11.978130282134684,dE=-1.4472814058308359e-09,std=0
L=-11.978130282134684,dL=-1.4472814058308359e-09,std=0
	gnorm= 0.0015163371641060725
	collect S matrix time= 0.011458873748779297
	nonzero=137,wmax=4.0231422011014475,wmin=0.004155760344110321
	SR solver time= 0.0037534236907958984
	collect H matrix time= 0.006730794906616211
	nonzero=137,smax=6.237855322837006,smin=0.010482582720350414
	RGN solver time= 0.006592273712158203
	xnorm=1.4586061942893151,dnorm=1.6443096681365904e-05
update time= 0.009860754013061523
	dense amplitude time= 0.004148006439208984
	total non-zero amplitudes= 4900
	nsamples per process= 50
	sample time= 7.22749924659729
self.n= 0.9258369808616195
	RGN updated loss=-11.9781302832259,dloss=-1.0912160064435739e-09
update time= 0.008978128433227539
step= 41

nparam= 240
	dense amplitude time= 0.012097597122192383
	total non-zero amplitudes= 4900
	nsamples per process= 50
	sample time= 8.033598899841309
self.n= 0.9258369808616195
	collect g,h time= 8.696206331253052
E=-11.9781302832259,dE=-1.0912160064435739e-09,std=0
L=-11.9781302832259,dL=-1.0912160064435739e-09,std=0
	gnorm= 0.0015161826378280352
	collect S matrix time= 0.011823892593383789
	nonzero=137,wmax=4.023142269501182,wmin=0.004155766055179184
	SR solver time= 0.0035271644592285156
	collect H matrix time= 0.007510662078857422
	nonzero=137,smax=6.237855104078541,smin=0.010482597620285175
	RGN solver time= 0.006342887878417969
	xnorm=1.4586064950216353,dnorm=1.4274321590157982e-05
update time= 0.00996708869934082
	dense amplitude time= 0.0034818649291992188
	total non-zero amplitudes= 4900
	nsamples per process= 50
	sample time= 7.173599481582642
self.n= 0.9258380482322544
	RGN updated loss=-11.97813028404871,dloss=-8.228102643670354e-10
update time= 0.009258031845092773
step= 42

nparam= 240
	dense amplitude time= 0.0163877010345459
	total non-zero amplitudes= 4900
	nsamples per process= 50
	sample time= 8.012316465377808
self.n= 0.9258380482322544
	collect g,h time= 8.56813669204712
E=-11.97813028404871,dE=-8.228102643670354e-10,std=0
L=-11.97813028404871,dL=-8.228102643670354e-10,std=0
	gnorm= 0.001516066144791939
	collect S matrix time= 0.011515140533447266
	nonzero=137,wmax=4.023142232690096,wmin=0.0041557703386148
	SR solver time= 0.003681182861328125
	collect H matrix time= 0.0069310665130615234
	nonzero=137,smax=6.2378548376705165,smin=0.010482609006566281
	RGN solver time= 0.006673336029052734
	xnorm=1.458606745262053,dnorm=1.2392508360239296e-05
update time= 0.009843111038208008
	dense amplitude time= 0.0040454864501953125
	total non-zero amplitudes= 4900
	nsamples per process= 50
	sample time= 7.156375169754028
self.n= 0.9258390017157544
	RGN updated loss=-11.978130284669172,dloss=-6.204619040772741e-10
update time= 0.008947134017944336
step= 43

nparam= 240
	dense amplitude time= 0.01062631607055664
	total non-zero amplitudes= 4900
	nsamples per process= 50
	sample time= 8.012978553771973
self.n= 0.9258390017157544
	collect g,h time= 8.566993951797485
E=-11.978130284669172,dE=-6.204619040772741e-10,std=0
L=-11.978130284669172,dL=-6.204619040772741e-10,std=0
	gnorm= 0.001515978322908916
	collect S matrix time= 0.011481046676635742
	nonzero=137,wmax=4.02314212911003,wmin=0.004155773554354397
	SR solver time= 0.003467082977294922
	collect H matrix time= 0.0068912506103515625
	nonzero=137,smax=6.237854549442176,smin=0.010482617737027659
	RGN solver time= 0.006350517272949219
	xnorm=1.4586069544744311,dnorm=1.0759328775430086e-05
update time= 0.009936809539794922
	dense amplitude time= 0.0035109519958496094
	total non-zero amplitudes= 4900
	nsamples per process= 50
	sample time= 7.160631895065308
self.n= 0.9258398495184255
	RGN updated loss=-11.978130285137077,dloss=-4.679048259959018e-10
update time= 0.009876728057861328
step= 44

nparam= 240
	dense amplitude time= 0.00887155532836914
	total non-zero amplitudes= 4900
	nsamples per process= 50
	sample time= 8.043102502822876
self.n= 0.9258398495184255
	collect g,h time= 8.561744213104248
E=-11.978130285137077,dE=-4.679048259959018e-10,std=0
L=-11.978130285137077,dL=-4.679048259959018e-10,std=0
	gnorm= 0.0015159121150456615
	collect S matrix time= 0.012084007263183594
	nonzero=137,wmax=4.02314198585357,wmin=0.004155775971196269
	SR solver time= 0.003699064254760742
	collect H matrix time= 0.007040262222290039
	nonzero=137,smax=6.237854256817466,smin=0.010482624455949285
	RGN solver time= 0.006544589996337891
	xnorm=1.4586071301449353,dnorm=9.341710659020464e-06
update time= 0.009801864624023438
	dense amplitude time= 0.003591299057006836
	total non-zero amplitudes= 4900
	nsamples per process= 50
	sample time= 7.18671727180481
self.n= 0.925840600495063
	RGN updated loss=-11.97813028548996,dloss=-3.5288394428789616e-10
update time= 0.008833885192871094
step= 45

nparam= 240
	dense amplitude time= 0.0035915374755859375
	total non-zero amplitudes= 4900
	nsamples per process= 50
	sample time= 7.9966795444488525
self.n= 0.925840600495063
	collect g,h time= 8.573968410491943
E=-11.97813028548996,dE=-3.5288394428789616e-10,std=0
L=-11.97813028548996,dL=-3.5288394428789616e-10,std=0
	gnorm= 0.0015158622013730697
	collect S matrix time= 0.011601924896240234
	nonzero=137,wmax=4.023141821767567,wmin=0.004155777789917328
	SR solver time= 0.0034613609313964844
	collect H matrix time= 0.007322072982788086
	nonzero=137,smax=6.23785397120375,smin=0.010482629647763128
	RGN solver time= 0.006364345550537109
	xnorm=1.4586072782346609,dnorm=8.111066551880498e-06
update time= 0.010035037994384766
	dense amplitude time= 0.0034356117248535156
	total non-zero amplitudes= 4900
	nsamples per process= 50
	sample time= 7.133901596069336
self.n= 0.9258412636232372
	RGN updated loss=-11.97813028575612,dloss=-2.6615865067469713e-10
update time= 0.009080886840820312
step= 46

nparam= 240
	dense amplitude time= 0.02259540557861328
	total non-zero amplitudes= 4900
	nsamples per process= 50
	sample time= 8.004591226577759
self.n= 0.9258412636232372
	collect g,h time= 8.554625034332275
E=-11.97813028575612,dE=-2.6615865067469713e-10,std=0
L=-11.97813028575612,dL=-2.6615865067469713e-10,std=0
	gnorm= 0.0015158245715822577
	collect S matrix time= 0.011418342590332031
	nonzero=137,wmax=4.02314164973557,wmin=0.004155779160527586
	SR solver time= 0.0038290023803710938
	collect H matrix time= 0.00667572021484375
	nonzero=137,smax=6.237853699736823,smin=0.010482633677186952
	RGN solver time= 0.006833553314208984
	xnorm=1.4586074035208891,dnorm=7.0426535036261775e-06
update time= 0.010150671005249023
	dense amplitude time= 0.0034682750701904297
	total non-zero amplitudes= 4900
	nsamples per process= 50
	sample time= 7.16460108757019
self.n= 0.9258418476589311
	RGN updated loss=-11.978130285956874,dloss=-2.007549682048193e-10
update time= 0.008954763412475586
step= 47

nparam= 240
	dense amplitude time= 0.0035982131958007812
	total non-zero amplitudes= 4900
	nsamples per process= 50
	sample time= 7.99912691116333
self.n= 0.9258418476589311
	collect g,h time= 8.569382190704346
E=-11.978130285956874,dE=-2.007549682048193e-10,std=0
L=-11.978130285956874,dL=-2.007549682048193e-10,std=0
	gnorm= 0.001515796202472879
	collect S matrix time= 0.011380434036254883
	nonzero=137,wmax=4.023141478353384,wmin=0.004155780195145978
	SR solver time= 0.003850221633911133
	collect H matrix time= 0.006661891937255859
	nonzero=137,smax=6.237853446552068,smin=0.01048263681923658
	RGN solver time= 0.006666660308837891
	xnorm=1.4586075098562847,dnorm=6.115035833839871e-06
update time= 0.010259151458740234
	dense amplitude time= 0.003607511520385742
	total non-zero amplitudes= 4900
	nsamples per process= 50
	sample time= 7.185007333755493
self.n= 0.9258423609211928
	RGN updated loss=-11.978130286108318,dloss=-1.5144330234306835e-10
update time= 0.009332895278930664
step= 48

nparam= 240
	dense amplitude time= 0.003450155258178711
	total non-zero amplitudes= 4900
	nsamples per process= 50
	sample time= 7.968950986862183
self.n= 0.9258423609211928
	collect g,h time= 8.59985089302063
E=-11.978130286108318,dE=-1.5144330234306835e-10,std=0
L=-11.978130286108318,dL=-1.5144330234306835e-10,std=0
	gnorm= 0.0015157748149444152
	collect S matrix time= 0.01119542121887207
	nonzero=137,wmax=4.023141313156041,wmin=0.004155780977604571
	SR solver time= 0.0034477710723876953
	collect H matrix time= 0.007304668426513672
	nonzero=137,smax=6.237853213706852,smin=0.010482639281638412
	RGN solver time= 0.00626373291015625
	xnorm=1.4586076003673902,dnorm=5.309630451833676e-06
update time= 0.009857177734375
	dense amplitude time= 0.0037190914154052734
	total non-zero amplitudes= 4900
	nsamples per process= 50
	sample time= 7.155615329742432
self.n= 0.9258428111672594
	RGN updated loss=-11.978130286222571,dloss=-1.1425349555338471e-10
update time= 0.008904218673706055
step= 49

nparam= 240
	dense amplitude time= 0.008556604385375977
	total non-zero amplitudes= 4900
	nsamples per process= 50
	sample time= 7.96719217300415
self.n= 0.9258428111672594
	collect g,h time= 8.588817119598389
E=-11.978130286222571,dE=-1.1425349555338471e-10,std=0
L=-11.978130286222571,dL=-1.1425349555338471e-10,std=0
	gnorm= 0.0015157586908314113
	collect S matrix time= 0.011845588684082031
	nonzero=137,wmax=4.023141157513849,wmin=0.004155781570617499
	SR solver time= 0.003834247589111328
	collect H matrix time= 0.006854534149169922
	nonzero=137,smax=6.237853001846155,smin=0.010482641221618447
	RGN solver time= 0.0067403316497802734
	xnorm=1.4586076776065058,dnorm=4.610319264854837e-06
update time= 0.010330438613891602
	dense amplitude time= 0.0039806365966796875
	total non-zero amplitudes= 4900
	nsamples per process= 50
	sample time= 7.134426116943359
self.n= 0.9258432055306556
	RGN updated loss=-11.978130286308776,dloss=-8.620482105925475e-11
update time= 0.00887918472290039
