run = 0
step= 29

nparam= 38
        dense amplitude time= 0.0018680095672607422
        total non-zero amplitudes= 36
        nsamples per process= 36
self.n= 0.817380841382805
        collect g,h time= 0.2995631694793701
E=-4.3282566101791184,dE=-0.00024146048823414645,std=0
L=-4.3282566101791184,dL=-0.00024146048823414645,std=0
        gnorm= 0.0420242176594555
        collect S matrix time= 5.841255187988281e-05
        nonzero=19,wmax=2.8187676917021594,wmin=0.020186614244143947
        SR solver time= 0.00023126602172851562
        xnorm=1.5437559289727498,dnorm=0.006642718739890812
[ 0.2548591785 -0.0015958427 -0.0070924205 -0.00446041   -0.1280184143
  0.0848066025]
[ 0.1447596932  0.831418508   0.8460221297 -0.8070633041]
[-0.1501171916  0.0141719766  0.0362618358 -0.0123582154  0.1167997748
 -0.0073070581 -0.2691475629  0.0368076501  0.0052826249  0.04131771
 -0.0287422018  0.0322714458  0.0128403087  0.1162723385 -0.0282862283
  0.2487201956  0.0208625602 -0.0364517299 -0.0319396799  0.0111040702
  0.0250893178 -0.0358490021  0.143685873  -0.0228712734 -0.0698637844
  0.011034062   0.0011212566 -0.0499510542]
step= 49

nparam= 38
        dense amplitude time= 0.001783132553100586
        total non-zero amplitudes= 36
        nsamples per process= 36
self.n= 0.7733081805580574
        collect g,h time= 0.2958414554595947
E=-4.3427352318582395,dE=-1.4988004144456113e-06,std=0
L=-4.3427352318582395,dL=-1.4988004144456113e-06,std=0
        gnorm= 0.0014671955221070335
        collect S matrix time= 6.0558319091796875e-05
        xnorm=1.7902525940070704,dnorm=0.0
        nonzero=19,wmax=3.134100116765658,wmin=0.006482118282484882
        SR solver time= 0.0002484321594238281
        collect H matrix time= 3.0279159545898438e-05
        nonzero=19,smax=3.2267276223089354,smin=0.006887534326198067
        RGN solver time= 0.0002624988555908203
        xnorm=1.7902525940070704,dnorm=0.0016895316126942883
        dense amplitude time= 0.0017342567443847656
        total non-zero amplitudes= 36
        nsamples per process= 36
self.n= 0.7733489387932014
        RGN updated loss=-4.3427358307916375,dloss=-5.989333979883327e-07
[ 0.2065863641  0.0535736586 -0.0725722125  0.061019382  -0.3048845476
  0.2820765625]
[ 0.1151523144  0.8970141516  0.8495464352 -0.8096940653]
[-0.1391680068  0.1973821987  0.1300968116 -0.2041841045  0.074680459
 -0.0031556438 -0.2999535928  0.1749711011 -0.3479464871  0.0157318491
  0.1450071311  0.0453393703  0.0249916525  0.1079940097 -0.0191017457
  0.297439108   0.2053122694  0.0242746978 -0.0318825893  0.0131589503
  0.053378909  -0.2418955917  0.1036399019 -0.345556426  -0.0782722601
 -0.0466020211  0.2288627868 -0.0085822034]

run = 1
step= 29

nparam= 38
        dense amplitude time= 0.0017633438110351562
        total non-zero amplitudes= 36
        nsamples per process= 36
self.n= 0.667252443181037
        collect g,h time= 0.2972879409790039
E=-4.331140197430602,dE=-0.00044794270801240543,std=0
L=-4.331140197430602,dL=-0.00044794270801240543,std=0
        gnorm= 0.03683871532229084
        collect S matrix time= 6.532669067382812e-05
        nonzero=19,wmax=1.494317531297487,wmin=0.05228633191699423
        SR solver time= 0.00024199485778808594
        xnorm=0.7540012422823437,dnorm=0.006956116329060888
[ 0.2242946419 -0.0113525774  0.0555896437 -0.1086375547  0.085613012
 -0.0671006721]
[ 0.0204442879  0.0348497391  0.1492422531 -0.088116612 ]
[-0.0050013756 -0.0035051348 -0.0700521572  0.0547270247  0.0722004639
  0.0019176111 -0.0123193952 -0.0074283261  0.0026817663  0.0758910189
 -0.0023381923  0.0142582274 -0.0364177607 -0.0219141617 -0.0031730221
  0.0307534517  0.0384497476 -0.0755908008  0.0007634704 -0.0254413105
 -0.0646235464 -0.0064983741 -0.0517084756  0.0057632956  0.4271794765
  0.4916611268  0.0013266606  0.0599687682]
step= 49

nparam= 38
        dense amplitude time= 0.0017120838165283203
        total non-zero amplitudes= 36
        nsamples per process= 36
self.n= 0.5040740944022075
        collect g,h time= 0.2952539920806885
E=-4.35474993464917,dE=-8.810301821426947e-09,std=0
L=-4.35474993464917,dL=-8.810301821426947e-09,std=0
        gnorm= 0.002267378062908567
        collect S matrix time= 6.0558319091796875e-05
        xnorm=1.1860755977653263,dnorm=0.0
        nonzero=19,wmax=2.3755234549224786,wmin=0.007515441052955537
        SR solver time= 0.0002484321594238281
        collect H matrix time= 2.8371810913085938e-05
        nonzero=19,smax=2.451072189928309,smin=0.01185761440927071
        RGN solver time= 0.0002639293670654297
        xnorm=1.1860755977653263,dnorm=0.00011159521292209564
        dense amplitude time= 0.0017473697662353516
        total non-zero amplitudes= 36
        nsamples per process= 36
self.n= 0.5040713976775872
        RGN updated loss=-4.3547499431296535,dloss=-8.480483870698663e-09
[ 0.1043415556 -0.3794556753  0.1899578894 -0.2430058004  0.2875295315
  0.2547804243]
[ 0.0573906422  0.0307458529  0.1323339824 -0.0856421136]
[ 0.0169637467 -0.0105921364 -0.3947707347  0.0450812222  0.2109481916
 -0.0422691868 -0.0122958271 -0.3361193544  0.0100215693  0.2347068573
 -0.0010403394  0.0120288295 -0.0844378146 -0.0466927086 -0.039787951
  0.0326638318  0.0348656003 -0.2087673921  0.0016000802 -0.076590649
 -0.2222407764  0.0077788714 -0.0269711841  0.0001134236  0.4613029686
  0.5293783271 -0.0055130641  0.0346952578]

run = 2
step= 29

nparam= 38
        dense amplitude time= 0.0009965896606445312
        total non-zero amplitudes= 36
        nsamples per process= 12
self.n= 0.5439484821035345
        collect g,h time= 0.1470956802368164
E=-4.3587232571195225,dE=-5.478424913718527e-07,std=0
L=-4.3587232571195225,dL=-5.478424913718527e-07,std=0
        gnorm= 0.0012316250147233134
        collect S matrix time= 5.984306335449219e-05
        nonzero=20,wmax=2.6796489876246117,wmin=0.0065764729585005765
        SR solver time= 0.00021767616271972656
        collect H matrix time= 2.8848648071289062e-05
        nonzero=20,smax=7.603465343724567,smin=0.01999857193704889
        RGN solver time= 0.00024247169494628906
        xnorm=1.519756561781922,dnorm=0.0006754684805763448
        dense amplitude time= 0.0010368824005126953
        total non-zero amplitudes= 36
        nsamples per process= 12
self.n= 0.5438019036337975
        RGN updated loss=-4.358723712647888,dloss=-4.555283652507569e-07
[ 0.1263773996 -0.1188840868  0.1872580475 -0.2013612106  0.1171356556
  0.0231228912]
[ 0.0986551036  0.562903172   0.732040392  -0.7259957086]
[ 0.0103743754  0.0076319051 -0.4092008599 -0.0015299267  0.2087683266
  0.0319135972 -0.0025900182 -0.3517742854 -0.004242215   0.2129161761
  0.002614682  -0.0134080518 -0.0196946828  0.0192828281  0.0151927648
 -0.0076079407  0.0065193412 -0.2328796241 -0.0075140457 -0.0194781359
 -0.2758406255 -0.0062941717  0.0290155328 -0.0068237066  0.3632989875
  0.3913018437  0.0108527926  0.0177125935]
