run = 0
step= 99

nparam= 31
        dense amplitude time= 0.001800537109375
        total non-zero amplitudes= 36
        nsamples per process= 12
self.n= 0.6284311473612254
        collect g,h time= 0.14493441581726074
E=-4.60056706201441,dE=-2.2474838079489246e-07,std=0
L=-4.60056706201441,dL=-2.2474838079489246e-07,std=0
        gnorm= 2.5695777651453042e-05
        collect S matrix time= 2.9087066650390625e-05
        SR solver time= 5.698204040527344e-05
        collect H matrix time= 2.3603439331054688e-05
        RGN solver time= 3.7670135498046875e-05
        xnorm=3.5645704571394115,dnorm=0.009929530928092577
        dense amplitude time= 0.0008485317230224609
        total non-zero amplitudes= 36
        nsamples per process= 12
self.n= 0.6283216793584577
        RGN updated loss=-4.600567270218348,dloss=-2.082039376460898e-07
[ 0.1929084067 -0.2796853892 -0.0700665568  0.7313299777  0.0559120181
 -0.0320006796]
[ 0.0061445296  0.0004725369 -1.61545856    0.2741706862 -1.1861191622
 -0.0812619114  0.1108586654  0.3818370084 -1.7656164765  0.2978679296
  0.8488698841 -0.0608517754  0.0958906486]
[-0.0269685961  0.1013505161  0.0402396524  0.4136174938  0.0825586355
 -1.2886519896  0.1022247295 -1.3603276646 -0.1098543356 -0.3370110571
  0.1897923961  0.0723557582]
step= 199

nparam= 31
        dense amplitude time= 0.0018105506896972656
        total non-zero amplitudes= 36
        nsamples per process= 12
self.n= 0.6260873275886518
        collect g,h time= 0.14499688148498535
E=-4.60057189734417,dE=-3.649906243907708e-08,std=0
L=-4.60057189734417,dL=-3.649906243907708e-08,std=0
        gnorm= 8.80043297696189e-06
        collect S matrix time= 2.86102294921875e-05
        SR solver time= 5.793571472167969e-05
        collect H matrix time= 2.2172927856445312e-05
        RGN solver time= 3.62396240234375e-05
        xnorm=3.6818527287017577,dnorm=0.004139175358415192
        dense amplitude time= 0.0008327960968017578
        total non-zero amplitudes= 36
        nsamples per process= 12
self.n= 0.6260559029300802
        RGN updated loss=-4.600571935193876,dloss=-3.784970559195244e-08
[ 0.1599054386 -0.2303622806 -0.0430930571  0.9003419044  0.0783428279
 -0.0324126364]
[ 0.0082898156 -0.008389232  -1.5974118231  0.3347171117 -1.2564824383
 -0.1209348547  0.1171750603  0.3228600978 -1.7300929982  0.2673592473
  0.8760692827 -0.0560486368  0.0923360725]
[-0.0868323179  0.2702701192  0.0508677571  0.3660531102  0.2892225592
 -1.2996928059  0.1190685616 -1.4399451479 -0.053060793  -0.4935288707
  0.3446062924  0.0534048267]

run = 1
step= 99

nparam= 31
        dense amplitude time= 0.0019769668579101562
        total non-zero amplitudes= 36
        nsamples per process= 12
self.n= 0.5486375250464697
        collect g,h time= 0.14513278007507324
E=-4.6007558183667365,dE=-4.715998258575382e-09,std=0
L=-4.6007558183667365,dL=-4.715998258575382e-09,std=0
        gnorm= 2.2975366656838007e-06
        collect S matrix time= 3.337860107421875e-05
        SR solver time= 5.8650970458984375e-05
        collect H matrix time= 2.09808349609375e-05
        RGN solver time= 3.600120544433594e-05
        xnorm=2.4169442502217655,dnorm=0.0014352162983644011
        dense amplitude time= 0.0008432865142822266
        total non-zero amplitudes= 36
        nsamples per process= 12
self.n= 0.5486262342966138
        RGN updated loss=-4.60075582264158,dloss=-4.274843590224009e-09
[ 0.0550841748 -0.8193548795  0.0024501945  0.3705423993 -0.0353073334
 -0.0119458362]
[-0.1883581942 -0.9587289564 -0.0029196124  0.3925831181 -0.0020054387
  0.0344805271  0.2571418162 -0.8433274859 -0.0024227415 -0.5283256008
  0.0102718011 -0.0016574977  1.0326481123]
[-0.0012260446  0.7946842505  0.0002842896 -0.0058473859  0.4004300839
 -0.4194390208 -0.010262703  -0.2768261163  0.0008741132 -0.8226409171
 -0.2775882682 -0.0005526335]
step= 199

nparam= 31
        dense amplitude time= 0.0017230510711669922
        total non-zero amplitudes= 36
        nsamples per process= 12
self.n= 0.5480861576941342
        collect g,h time= 0.14475536346435547
E=-4.600755869899778,dE=-4.262989961034691e-11,std=0
L=-4.600755869899778,dL=-4.262989961034691e-11,std=0
        gnorm= 1.548983002412119e-07
        collect S matrix time= 4.887580871582031e-05
        SR solver time= 6.031990051269531e-05
        collect H matrix time= 2.1696090698242188e-05
        RGN solver time= 3.62396240234375e-05
        xnorm=2.4258929655057253,dnorm=0.0001456087710991581
        dense amplitude time= 0.000835418701171875
        total non-zero amplitudes= 36
        nsamples per process= 12
self.n= 0.548082525779877
        RGN updated loss=-4.60075586994228,dloss=-4.250200191791009e-11
[ 0.0453392881 -0.8213495749  0.0022980904  0.3674238764 -0.0350087309
 -0.013335293 ]
[-0.1977285883 -0.9454460652 -0.0028046016  0.403261609  -0.0019952087
  0.0319625543  0.2601765772 -0.850152227  -0.0022887713 -0.5462356248
  0.0098635297 -0.0016259686  1.0293679256]
[-0.0010987581  0.8091168027  0.0002224892 -0.0055841756  0.4006500466
 -0.4244068009 -0.0098058204 -0.2778461829  0.0008076465 -0.8226520812
 -0.2777854866 -0.0004935762]
