run = 0
step= 29

nparam= 38
        dense amplitude time= 0.0018317699432373047
        total non-zero amplitudes= 36
        nsamples per process= 36
self.n= 0.6808595719765886
        collect g,h time= 0.29930567741394043
E=-4.361592067479601,dE=-0.00038221835736074183,std=0
L=-4.361592067479601,dL=-0.00038221835736074183,std=0
        gnorm= 0.032633745984407096
        collect S matrix time= 6.771087646484375e-05
        nonzero=19,wmax=1.4728765389474383,wmin=0.0468552372107561
        SR solver time= 0.000232696533203125
        xnorm=0.728221531327961,dnorm=0.006490520528670219
[ 0.209890485  -0.0544476087  0.0749592309 -0.0950071552  0.0880320479
 -0.0617012224]
[ 0.0226307862 -0.0057628317  0.0677399819 -0.0765808926]
[ 0.015058683   0.0090371614  0.0076353489  0.0088195472 -0.0400853915
 -0.0275246406  0.0055891771  0.0657183234 -0.0297559678 -0.0454056078
  0.0395376012 -0.0112388386 -0.0104138321  0.0057333867 -0.04447037
 -0.0006609694  0.0256686712  0.0839886399 -0.0262450386 -0.0028721984
  0.102715427   0.0001572901 -0.0398680247 -0.0175934591 -0.4032322972
 -0.502654033   0.0240185285 -0.0205625517]
step= 49

nparam= 38
        dense amplitude time= 0.0017344951629638672
        total non-zero amplitudes= 36
        nsamples per process= 36
self.n= 0.5264127379415919
        collect g,h time= 0.2946445941925049
E=-4.379407205485611,dE=-1.6845516306318586e-06,std=0
L=-4.379407205485611,dL=-1.6845516306318586e-06,std=0
        gnorm= 0.001975840403942487
        collect S matrix time= 5.9604644775390625e-05
        xnorm=1.1014972304444977,dnorm=0.0
        nonzero=19,wmax=2.1822180300655845,wmin=0.010252151126210347
        SR solver time= 0.000247955322265625
        collect H matrix time= 3.0994415283203125e-05
        nonzero=19,smax=2.977700045374288,smin=0.01940328988687856
        RGN solver time= 0.000278472900390625
        xnorm=1.1014972304444977,dnorm=0.0012166539813905557
        dense amplitude time= 0.0017306804656982422
        total non-zero amplitudes= 36
        nsamples per process= 36
self.n= 0.5261557935289979
        RGN updated loss=-4.379408257564099,dloss=-1.0520784874401556e-06
[ 0.1162828633 -0.3532282973  0.178135432  -0.1981833562  0.2632807718
  0.1882382486]
[ 0.0450684002 -0.0074179157  0.0587700889 -0.0718062794]
[ 0.0074106849  0.010786049   0.2976475362  0.0016048645 -0.1639035866
 -0.0529804785  0.0090753611  0.3573468696 -0.0204170699 -0.1938281279
  0.0368163113 -0.0149088198 -0.0510009087 -0.0020236972 -0.0907942364
  0.0003900384  0.0339964222  0.2005020008 -0.0328411533 -0.0484827146
  0.2495517633  0.000886601  -0.0335728742 -0.0341873235 -0.4378598042
 -0.5392879802  0.028610462  -0.0215344795]

run = 1
step= 29

nparam= 38
        dense amplitude time= 0.0010790824890136719
        total non-zero amplitudes= 36
        nsamples per process= 12
self.n= 0.5673153886334581
        collect g,h time= 0.15006375312805176
E=-4.38426368004385,dE=-3.992080541692644e-07,std=0
L=-4.38426368004385,dL=-3.992080541692644e-07,std=0
        gnorm= 0.0010526595502809587
        collect S matrix time= 0.00010585784912109375
        nonzero=20,wmax=2.6786202281678824,wmin=0.007410104107561481
        SR solver time= 0.00023484230041503906
        collect H matrix time= 3.0279159545898438e-05
        nonzero=20,smax=7.715245671154972,smin=0.022472645735393097
        RGN solver time= 0.00024771690368652344
        xnorm=1.519698495744698,dnorm=0.0005282862612212009
        dense amplitude time= 0.0010771751403808594
        total non-zero amplitudes= 36
        nsamples per process= 12
self.n= 0.5671671934074816
        RGN updated loss=-4.384264008019515,dloss=-3.279756644047893e-07
[ 0.1321859269 -0.1219758288  0.1740792192 -0.1881823823  0.1300816401
  0.0093336512]
[ 0.1007347633  0.607056344   0.7446111735 -0.7385640077]
[ 0.0102637133  0.0071566187 -0.385967526  -0.0013344793  0.2006355087
  0.0310077587 -0.0024894237 -0.3286295085 -0.0039620583  0.2016714453
  0.0024143567 -0.0135165831 -0.0193483672  0.0195317086  0.0157974932
 -0.007869411   0.0063584134 -0.2250080541 -0.0072886815 -0.0190522469
 -0.2648468843 -0.0061020833  0.0291609771 -0.0063595241  0.3411748484
  0.3692385901  0.0102110607  0.0177575454]
