run = 0
step= 99

nparam= 49
        dense amplitude time= 0.0008990764617919922
        total non-zero amplitudes= 36
        nsamples per process= 12
self.n= 0.5412968290404794
        collect g,h time= 0.15360164642333984
E=-4.298844083506217,dE=-9.460006111794428e-09,std=0
L=-4.298844083506217,dL=-9.460006111794428e-09,std=0
        gnorm= 3.733348289889494e-05
        collect S matrix time= 4.220008850097656e-05
        SR solver time= 8.893013000488281e-05
        collect H matrix time= 3.0279159545898438e-05
        RGN solver time= 5.3882598876953125e-05
        xnorm=1.486050863397675,dnorm=0.0016013001170235978
        dense amplitude time= 0.0008575916290283203
        total non-zero amplitudes= 36
        nsamples per process= 12
self.n= 0.5414351034052715
        RGN updated loss=-4.298844092360626,dloss=-8.854408761749255e-09
[ 0.1149643994 -0.1710909871 -0.0030289763  0.3957798227 -0.677824311
  0.0135141271]
[ 0.1815910306  0.012256257   0.1862628968 -0.0082216294  0.2362355325
  0.2243108787 -0.0098365427  0.3214025907  0.0038718247 -0.0850385597
  0.0061644395 -0.1538169064 -0.3125377648  0.0123375717 -0.1288626059
 -0.2730375374]
[ 0.0051948952 -0.0080601644 -0.3160724835 -0.0652035889  0.2522009853
 -0.0027029813  0.0425563456 -0.1736017777  0.0012854663  0.0353317375
 -0.042907728   0.0863697371 -0.0302376457  0.0027609969  0.005776372
 -0.0580822254 -0.2733130886 -0.022320937  -0.1282442623 -0.1089034293
 -0.0385758242  0.0408219402 -0.045102118   0.6639374495  0.5247580582
  0.039041791   0.1058720246]
