run = 0
step= 49

nparam= 56
        dense amplitude time= 0.0007686614990234375
        total non-zero amplitudes= 36
        nsamples per process= 36
self.n= 1.1043693446492673
        collect g,h time= 0.266878604888916
E=-4.1297047474527995,dE=-0.0003957960878269162,std=0
L=-4.1297047474527995,dL=-0.0003957960878269162,std=0
        gnorm= 0.03221615540763789
        collect S matrix time= 0.00019693374633789062
        nonzero=25,wmax=1.9152652142298565,wmin=0.013204222772372909
        SR solver time= 0.00032138824462890625
        xnorm=0.9569437156289006,dnorm=0.008088377713405636
[-0.1118900925 -0.0503492286 -0.0284353344 -0.0090702477  0.0080176171
  0.0265451443 -0.1264663037  0.0067911986 -0.0456323498  0.0196441836
  0.0179220579  0.0986228337 -0.0354197677  0.1849568541  0.0352165614
  0.131205734  -0.0282737768 -0.0319527745 -0.1332618458 -0.0242072258
 -0.0196251949  0.0154355031  0.1682064435  0.0434764116  0.0012966143
  0.0296311519  0.0324627543 -0.1352638437]
step= 99

nparam= 56
        dense amplitude time= 0.0007071495056152344
        total non-zero amplitudes= 36
        nsamples per process= 36
self.n= 1.2703561788569002
        collect g,h time= 0.26172924041748047
E=-4.167122625307862,dE=-0.002823834375449863,std=0
L=-4.167122625307862,dL=-0.002823834375449863,std=0
        gnorm= 0.047960624143166215
        collect S matrix time= 0.0002467632293701172
        xnorm=1.2737803254758868,dnorm=0.0
        nonzero=29,wmax=1.719051266392225,wmin=0.002954536194118037
        SR solver time= 0.0002999305725097656
        collect H matrix time= 3.147125244140625e-05
        nonzero=29,smax=4.199734254810587,smin=0.009380984712771604
        RGN solver time= 0.0004184246063232422
        xnorm=1.2737803254758868,dnorm=0.033587754571764175
        dense amplitude time= 0.0006840229034423828
        total non-zero amplitudes= 36
        nsamples per process= 36
self.n= 1.2897227443278134
        RGN updated loss=-4.169980790645666,dloss=-0.0028581653378036975
[-0.1333228834 -0.2294135208 -0.0066528904  0.1527649297 -0.0054313308
  0.0294103863 -0.1671623181  0.0156979225  0.1158765935 -0.0040754223
 -0.1858856664  0.1466824806 -0.0311417818  0.2130518808  0.0308194024
  0.1632129632 -0.1890500448 -0.0196798867 -0.1749423643 -0.0282623156
 -0.0036613865  0.2191158358  0.1921901087  0.2076220558 -0.0155890523
  0.0232719858 -0.166522982  -0.1506814719]
step= 149

nparam= 56
        dense amplitude time= 0.0007221698760986328
        total non-zero amplitudes= 36
        nsamples per process= 36
self.n= 1.1022860205864724
        collect g,h time= 0.26247572898864746
E=-4.221949614921505,dE=-6.517987797227676e-05,std=0
L=-4.221949614921505,dL=-6.517987797227676e-05,std=0
        gnorm= 0.03513638419928759
        collect S matrix time= 0.0002484321594238281
        xnorm=2.1367429944135643,dnorm=0.0
        nonzero=30,wmax=1.4349850550773495,wmin=0.0024046312429794802
        SR solver time= 0.00030684471130371094
        collect H matrix time= 3.2901763916015625e-05
        nonzero=31,smax=3.5157293122643667,smin=0.004727355417707905
        RGN solver time= 0.0004322528839111328
        xnorm=2.1367429944135643,dnorm=0.09679136353274288
        dense amplitude time= 0.0006515979766845703
        total non-zero amplitudes= 36
        nsamples per process= 36
self.n= 1.0794023942133804
        RGN updated loss=-4.2217629432895665,dloss=0.0001866716319387507
        xnorm=2.1367429944135643,dnorm=0.0053130994375685785
[ 0.0503733785 -0.1898632768  0.2025602228  0.3670261027 -0.3082236954
  0.0534500522 -0.2617103906  0.3028411504  0.3202215128 -0.254482996
 -0.4962178877  0.19729239   -0.0998565458  0.3545086082  0.1177625139
 -0.0920596289 -0.4253604915  0.2835901683  0.0030525136 -0.0180246629
  0.1460456413  0.5357883706  0.2348980791  0.5733145808 -0.1038293431
 -0.2106865554 -0.2367422759  0.0942573891]

run = 1
step= 49

nparam= 56
        dense amplitude time= 0.0007419586181640625
        total non-zero amplitudes= 36
        nsamples per process= 36
self.n= 1.0039163444618835
        collect g,h time= 0.2725191116333008
E=-4.129601970030398,dE=-0.0004246018775333482,std=0
L=-4.129601970030398,dL=-0.0004246018775333482,std=0
        gnorm= 0.03601629774752664
        collect S matrix time= 0.00026917457580566406
        nonzero=25,wmax=2.0230569590458596,wmin=0.013568247679002086
        SR solver time= 0.00029850006103515625
        xnorm=0.9605189047642075,dnorm=0.008202516507814115
[-0.1023287271 -0.0246370214  0.0030068299 -0.0072848533  0.0050629491
 -0.0201083265 -0.0937392033  0.0274489162 -0.0280783414  0.0026110971
  0.0455810879  0.1229001698 -0.0144764478  0.1353095012 -0.0174255784
  0.1655439483  0.0115835279  0.0191931228 -0.1061709452 -0.0152045962
  0.0117378084  0.0220348631  0.2006601623  0.0156131548 -0.0476568589
  0.0359508032  0.0566956177 -0.1814518467]
step= 99

nparam= 56
        dense amplitude time= 0.0006983280181884766
        total non-zero amplitudes= 36
        nsamples per process= 36
self.n= 1.2309937552215502
        collect g,h time= 0.26217103004455566
E=-4.196206514264208,dE=-0.0028899005531561883,std=0
L=-4.196206514264208,dL=-0.0028899005531561883,std=0
        gnorm= 0.03963545300815555
        collect S matrix time= 0.0002627372741699219
        xnorm=1.6363686444911454,dnorm=0.0
        nonzero=28,wmax=1.5306287061744996,wmin=0.0016326509240912066
        SR solver time= 0.00030303001403808594
        collect H matrix time= 3.123283386230469e-05
        nonzero=28,smax=3.9665420337322526,smin=0.005516294149153114
        RGN solver time= 0.0004086494445800781
        xnorm=1.6363686444911454,dnorm=0.1442420240533583
        dense amplitude time= 0.0006811618804931641
        total non-zero amplitudes= 36
        nsamples per process= 36
self.n= 1.2484893830679475
        RGN updated loss=-4.198189526874207,dloss=-0.001983012609998447
[-0.2354429545  0.064037989   0.0604040836 -0.3615494366  0.0262596108
  0.0171788359 -0.0105531014  0.0568955533 -0.3250081223 -0.0444923809
  0.2203352905  0.1808416341  0.0243540972  0.2415630091 -0.0201218452
  0.1126888676  0.3688018912  0.1310517196 -0.1909709956  0.0071188587
  0.0614316134 -0.158920097   0.1011189376 -0.2068217366 -0.0036708442
 -0.0163723861  0.4107634321 -0.1140905129]
step= 149

nparam= 56
        dense amplitude time= 0.0007355213165283203
        total non-zero amplitudes= 36
        nsamples per process= 36
self.n= 0.8651196556212094
        collect g,h time= 0.2625246047973633
E=-4.217151653720034,dE=-2.7024440433898178e-05,std=0
L=-4.217151653720034,dL=-2.7024440433898178e-05,std=0
        gnorm= 0.045043302593180116
        collect S matrix time= 0.00025153160095214844
        xnorm=2.0213549006730878,dnorm=0.0
        nonzero=29,wmax=1.6458420530352513,wmin=0.002587797856750563
        SR solver time= 0.0002982616424560547
        collect H matrix time= 3.337860107421875e-05
        nonzero=30,smax=9.108263883474043,smin=0.009666620372110192
        RGN solver time= 0.000423431396484375
        xnorm=2.0213549006730878,dnorm=0.05355127512440272
        dense amplitude time= 0.0006527900695800781
        total non-zero amplitudes= 36
        nsamples per process= 36
self.n= 0.8697152979427719
        RGN updated loss=-4.217138321242555,dloss=1.333247747936639e-05
        xnorm=2.0213549006730878,dnorm=0.006118175539933715
[-0.2270716447  0.1131372595  0.3195003523 -0.4519918716 -0.1279730648
  0.2516605753  0.0478947341  0.2610983056 -0.3586008038 -0.2385822554
  0.3675053029  0.0579363873  0.1089689566  0.0668339207 -0.2040408008
  0.1875143281  0.4570068645  0.2956826652 -0.2174998082 -0.0831389806
  0.2437943048 -0.2947400916 -0.0657887076 -0.353345926  -0.1471758706
 -0.1353048958  0.475498041  -0.1343359607]

run = 2
step= 49

nparam= 56
        dense amplitude time= 0.0007529258728027344
        total non-zero amplitudes= 36
        nsamples per process= 36
self.n= 1.09190236320317
        collect g,h time= 0.2736954689025879
E=-4.141491677454838,dE=-0.0010205195065458028,std=0
L=-4.141491677454838,dL=-0.0010205195065458028,std=0
        gnorm= 0.06529401342378559
        collect S matrix time= 0.00027179718017578125
        nonzero=28,wmax=1.9403918084832958,wmin=0.002141126433016736
        SR solver time= 0.0002913475036621094
        xnorm=0.8755039019528083,dnorm=0.008902055147546516
[ 0.0429433216  0.0634242159 -0.1763284041 -0.0058041842  0.1802869564
 -0.0205628127 -0.0307400971 -0.2132999429 -0.0356975504  0.1859668975
  0.0141301205  0.0167864004 -0.0466705039  0.0499153983 -0.0183047158
 -0.0053907339  0.0585854803 -0.1609959071 -0.0028731666 -0.0378992022
 -0.1439475573 -0.0341432777  0.0461474945 -0.0187111403  0.1993906495
  0.1803284687  0.0177265807  0.0272857193]
step= 99

nparam= 56
        dense amplitude time= 0.0007560253143310547
        total non-zero amplitudes= 36
        nsamples per process= 36
self.n= 1.016733643648393
        collect g,h time= 0.26606321334838867
E=-4.182034938562037,dE=-0.0006305463038405179,std=0
L=-4.182034938562037,dL=-0.0006305463038405179,std=0
        gnorm= 0.07149278079278859
        collect S matrix time= 8.821487426757812e-05
        nonzero=29,wmax=2.0671878371939103,wmin=0.0026810599770217903
        SR solver time= 0.0003840923309326172
        xnorm=1.1784312368128058,dnorm=0.005999135262690343
[ 0.0647566809  0.090362837  -0.3619721574 -0.0184708563  0.260658717
 -0.0200912345 -0.0260955054 -0.3983018892 -0.0248361381  0.263412573
  0.0398765307  0.0091413334 -0.0469510439  0.0384393774 -0.0146139942
 -0.0128177521  0.0681467988 -0.2424136363  0.0112937387 -0.0330887389
 -0.2216846372 -0.0580780691  0.0445692252 -0.0322674457  0.4046777678
  0.3858813412  0.0224683708  0.0282042819]
step= 149

nparam= 56
        dense amplitude time= 0.000736236572265625
        total non-zero amplitudes= 36
        nsamples per process= 36
self.n= 0.6750351422415566
        collect g,h time= 0.26265788078308105
E=-4.233412209852755,dE=-0.00018506243050353532,std=0
L=-4.233412209852755,dL=-0.00018506243050353532,std=0
        gnorm= 0.025547447760271822
        collect S matrix time= 0.00025725364685058594
        xnorm=1.3340089066138912,dnorm=0.0
        nonzero=27,wmax=2.355031832197308,wmin=0.003868886762374989
        SR solver time= 0.00032329559326171875
        collect H matrix time= 3.337860107421875e-05
        nonzero=28,smax=12.115921179542886,smin=0.015617083164928339
        RGN solver time= 0.0004177093505859375
        xnorm=1.3340089066138912,dnorm=0.00888104025912649
        dense amplitude time= 0.0006632804870605469
        total non-zero amplitudes= 36
        nsamples per process= 36
self.n= 0.6739566798570875
        RGN updated loss=-4.2335848510601775,dloss=-0.00017264120742233047
[ 0.0199808583  0.2161497701 -0.4677320077 -0.0190704345  0.3261824714
 -0.0167572928  0.0126659518 -0.5038564179 -0.1079222274  0.3312170877
  0.0540273773 -0.0186713904 -0.0466111409 -0.013762338  -0.0141736547
  0.0249799758  0.0674989294 -0.3072457542 -0.0103149377 -0.0308666771
 -0.2888402453 -0.0711513564 -0.0046357264 -0.0986454988  0.5238658673
  0.5043853553  0.1645676306 -0.0284214935]
step= 199

nparam= 56
        dense amplitude time= 0.0007116794586181641
        total non-zero amplitudes= 36
        nsamples per process= 36
self.n= 0.6193188629254922
        collect g,h time= 0.2626819610595703
E=-4.235368130253307,dE=-8.088873456379986e-06,std=0
L=-4.235368130253307,dL=-8.088873456379986e-06,std=0
        gnorm= 0.01368285248333406
        collect S matrix time= 0.00023126602172851562
        xnorm=1.4235241920181607,dnorm=0.0
        nonzero=28,wmax=2.3487447949694467,wmin=0.0029233161147350075
        SR solver time= 0.0003094673156738281
        collect H matrix time= 3.504753112792969e-05
        nonzero=28,smax=23.93392432063959,smin=0.03245825996521088
        RGN solver time= 0.00044465065002441406
        xnorm=1.4235241920181607,dnorm=0.0047885830946534525
        dense amplitude time= 0.0006783008575439453
        total non-zero amplitudes= 36
        nsamples per process= 36
self.n= 0.6176395136174915
        RGN updated loss=-4.235375528376884,dloss=-7.3981235768627585e-06
[-0.0155781546  0.2756008994 -0.4576928087 -0.0162081189  0.3429572507
 -0.0130567498  0.0365791476 -0.49356995   -0.1604178835  0.3503054864
  0.0558570858 -0.0407772414 -0.0462574307 -0.0496852801 -0.0149430557
  0.048866231   0.0645989153 -0.3225508137 -0.0328625525 -0.0321925441
 -0.3064986755 -0.0728845607 -0.0420188371 -0.1526061537  0.5174478354
  0.4975275722  0.2275739111 -0.0654797352]

run = 3
step= 49

nparam= 56
        dense amplitude time= 0.0007407665252685547
        total non-zero amplitudes= 36
        nsamples per process= 36
self.n= 0.9868210190002201
        collect g,h time= 0.26294803619384766
E=-4.139604562776202,dE=-0.0009755016417072326,std=0
L=-4.139604562776202,dL=-0.0009755016417072326,std=0
        gnorm= 0.06641038550349115
        collect S matrix time= 0.0002155303955078125
        nonzero=26,wmax=2.0223481099072926,wmin=0.002690811112634394
        SR solver time= 0.00031685829162597656
        xnorm=0.8634346739526931,dnorm=0.008574999455145985
[ 0.0062428002 -0.0188030905 -0.1925647161  0.021331558   0.1825426548
  0.0065469086 -0.0121352955 -0.2250760201  0.0144682673  0.1670051652
  0.0007329241  0.0142517828 -0.0053903812 -0.0125372564  0.0156949973
  0.0149463202 -0.0151956427 -0.1631418895 -0.017458675   0.004053086
 -0.1440749445 -0.0030163512 -0.0108422692 -0.0126700489  0.1857063623
  0.1566652064 -0.0130513615 -0.0116486096]
step= 99

nparam= 56
        dense amplitude time= 0.0006918907165527344
        total non-zero amplitudes= 36
        nsamples per process= 36
self.n= 0.6912846082774913
        collect g,h time= 0.2595059871673584
E=-4.236782090145296,dE=-1.2776257772628696e-05,std=0
L=-4.236782090145296,dL=-1.2776257772628696e-05,std=0
        gnorm= 0.00442902034806332
        collect S matrix time= 0.0002562999725341797
        xnorm=1.3821713817671208,dnorm=0.0
        nonzero=27,wmax=2.357685451843696,wmin=0.0051859183623665745
        SR solver time= 0.000308990478515625
        collect H matrix time= 3.600120544433594e-05
        nonzero=28,smax=5.023528773422019,smin=0.005189808390255315
        RGN solver time= 0.0004322528839111328
        xnorm=1.3821713817671208,dnorm=0.003973369065324493
        dense amplitude time= 0.0006432533264160156
        total non-zero amplitudes= 36
        nsamples per process= 36
self.n= 0.6920100227874852
        RGN updated loss=-4.236792982794711,dloss=-1.0892649414451228e-05
[ 0.0187960199 -0.0815960075 -0.5253473772  0.0378352576  0.356137801
  0.0110520051 -0.014796648  -0.5574965023  0.041082259   0.3480646859
  0.0084068905  0.0087386802 -0.0061653043  0.0037161307  0.0246222682
 -0.0092266466 -0.0289675547 -0.3359815903 -0.0011917909  0.0073223789
 -0.3234110129 -0.014841439  -0.004547043  -0.0219683327  0.545446989
  0.5165193857 -0.0823360391  0.0186642688]
step= 149

nparam= 56
        dense amplitude time= 0.0006902217864990234
        total non-zero amplitudes= 36
        nsamples per process= 36
self.n= 0.6943206290030757
        collect g,h time= 0.2621498107910156
E=-4.236837592814475,dE=-2.5582748008901035e-07,std=0
L=-4.236837592814475,dL=-2.5582748008901035e-07,std=0
        gnorm= 0.002738465778106455
        collect S matrix time= 0.0002474784851074219
        xnorm=1.3937122762749745,dnorm=0.0
        nonzero=27,wmax=2.3423205515806145,wmin=0.005326825246464105
        SR solver time= 0.0003082752227783203
        collect H matrix time= 3.2901763916015625e-05
        nonzero=27,smax=23.707441216090423,smin=0.06229085552394493
        RGN solver time= 0.0004248619079589844
        xnorm=1.3937122762749745,dnorm=0.000821393367098429
        dense amplitude time= 0.0006520748138427734
        total non-zero amplitudes= 36
        nsamples per process= 36
self.n= 0.6942958633405527
        RGN updated loss=-4.236837833672271,dloss=-2.4085779593008283e-07
[ 0.0254636281 -0.0914218895 -0.5263464745  0.0376232586  0.3584689566
  0.0113683228 -0.0188506453 -0.5584813655  0.0518746578  0.350646229
  0.0101163037  0.0136812063 -0.0062712973  0.0103608753  0.0249483373
 -0.0134260707 -0.0284800097 -0.3383032353  0.0034063962  0.0073182873
 -0.3260172572 -0.0165014998  0.0021941454 -0.0101420847  0.5466857738
  0.5177890227 -0.0921929226  0.0257644782]
