MPO site    0 /    4
MPO site    1 /    4
MPO site    2 /    4
Sweep =    0 | Direction =  forward | BondDim =  100 | Noise = 1.00E-04 | DavThrd = 1.00E-04
 --> Site =    0-   1 .. Mmps =    4 Ndav =   19 E =      -4.600756808725 DW = 0.00E+00 FLOPS = 3.10E+06 Tdav =    0.010 T =    0.012 MEM =  196 MB
 --> Site =    1-   2 .. Mmps =   16 Ndav =    1 E =      -4.600756808725 DW = 0.00E+00 FLOPS = 3.99E+06 Tdav =    0.001 T =    0.003 MEM =  197 MB
 --> Site =    2-   3 .. Mmps =   26 Ndav =    1 E =      -4.600756808725 DW = 5.05E-14 FLOPS = 2.59E+06 Tdav =    0.001 T =    0.003 MEM =  197 MB
Time elapsed =      0.017 | E =   -4.600756808725309 | DE = 0.00E+00 | MDW = 5.05E-14 | MEM =  197 MB
Time sweep =      0.017 | Time davidson =      0.011 | Time decomp =      0.003
Sweep =    1 | Direction = backward | BondDim =  100 | Noise = 1.00E-05 | DavThrd = 1.00E-05
 <-- Site =    2-   3 .. Mmps =    4 Ndav =    3 E =      -4.600756810723 DW = 0.00E+00 FLOPS = 5.06E+06 Tdav =    0.001 T =    0.002 MEM =  197 MB
 <-- Site =    1-   2 .. Mmps =   16 Ndav =    1 E =      -4.600756810723 DW = 0.00E+00 FLOPS = 3.70E+06 Tdav =    0.001 T =    0.003 MEM =  197 MB
 <-- Site =    0-   1 .. Mmps =   17 Ndav =    1 E =      -4.600756810723 DW = 1.55E-14 FLOPS = 2.27E+06 Tdav =    0.001 T =    0.003 MEM =  197 MB
Time elapsed =      0.026 | E =   -4.600756810723296 | DE = 2.00E-09 | MDW = 1.55E-14 | MEM =  197 MB
Time sweep =      0.008 | Time davidson =      0.002 | Time decomp =      0.003
Sweep =    2 | Direction =  forward | BondDim =  100 | Noise = 1.00E-06 | DavThrd = 1.00E-06
 --> Site =    0-   1 .. Mmps =    4 Ndav =    4 E =      -4.600756810777 DW = 0.00E+00 FLOPS = 6.06E+06 Tdav =    0.001 T =    0.002 MEM =  197 MB
 --> Site =    1-   2 .. Mmps =   14 Ndav =    1 E =      -4.600756810777 DW = 5.90E-15 FLOPS = 3.67E+06 Tdav =    0.001 T =    0.003 MEM =  197 MB
 --> Site =    2-   3 .. Mmps =   16 Ndav =    1 E =      -4.600756810777 DW = 1.02E-16 FLOPS = 1.99E+06 Tdav =    0.001 T =    0.003 MEM =  197 MB
Time elapsed =      0.034 | E =   -4.600756810777108 | DE = 5.38E-11 | MDW = 5.90E-15 | MEM =  197 MB
Time sweep =      0.008 | Time davidson =      0.003 | Time decomp =      0.003
Sweep =    3 | Direction = backward | BondDim =  100 | Noise = 1.00E-06 | DavThrd = 1.00E-06
 <-- Site =    2-   3 .. Mmps =    4 Ndav =    1 E =      -4.600756810777 DW = 0.00E+00 FLOPS = 2.01E+06 Tdav =    0.001 T =    0.002 MEM =  197 MB
 <-- Site =    1-   2 .. Mmps =   14 Ndav =    1 E =      -4.600756810777 DW = 5.12E-19 FLOPS = 3.68E+06 Tdav =    0.001 T =    0.003 MEM =  197 MB
 <-- Site =    0-   1 .. Mmps =   16 Ndav =    1 E =      -4.600756810777 DW = 9.86E-17 FLOPS = 1.86E+06 Tdav =    0.001 T =    0.003 MEM =  197 MB
Time elapsed =      0.042 | E =   -4.600756810777098 | DE = 1.07E-14 | MDW = 9.86E-17 | MEM =  197 MB
Time sweep =      0.008 | Time davidson =      0.002 | Time decomp =      0.003
Electronic Energy= -4.6007568107770975
Total Energy= -2.027442816585264
