run = 0
step= 29

nparam= 38
        dense amplitude time= 0.0017821788787841797
        total non-zero amplitudes= 36
        nsamples per process= 36
self.n= 0.6399366208753824
        collect g,h time= 0.29598093032836914
E=-4.24679535324553,dE=-0.0006209947112800762,std=0
L=-4.24679535324553,dL=-0.0006209947112800762,std=0
        gnorm= 0.045165778865565706
        collect S matrix time= 8.535385131835938e-05
        nonzero=19,wmax=1.554237644494779,wmin=0.054050777146239945
        SR solver time= 0.00023221969604492188
        xnorm=0.7957007096083001,dnorm=0.007756186356429199
[ 0.2387024592 -0.0353121933  0.0942748403 -0.0707337691  0.0984352788
 -0.0408286597]
[ 0.0246472239 -0.0015901938  0.153499714  -0.1261162648]
[ 0.0032108721  0.007767366   0.069120952  -0.0024397732 -0.0805198727
  0.0020992609 -0.0204042399  0.0580601546  0.0075725935 -0.109525751
  0.0207454433  0.0568503741  0.001952881  -0.0251415791 -0.0020494775
 -0.0017338233 -0.0068759993  0.092922191   0.0123850647  0.0367318073
  0.0881495971  0.0464759891 -0.0462176804  0.0174378319 -0.4611656302
 -0.4913716592 -0.0156911757  0.0863374757]
step= 49

nparam= 38
        dense amplitude time= 0.0017704963684082031
        total non-zero amplitudes= 36
        nsamples per process= 36
self.n= 0.47093256743683126
        collect g,h time= 0.2992377281188965
E=-4.290099486387793,dE=-1.5615030157789533e-08,std=0
L=-4.290099486387793,dL=-1.5615030157789533e-08,std=0
        gnorm= 0.0019457467269585877
        collect S matrix time= 7.104873657226562e-05
        xnorm=1.3303176234292888,dnorm=0.0
        nonzero=18,wmax=2.795825770210378,wmin=0.005010072795567835
        SR solver time= 0.0002295970916748047
        collect H matrix time= 3.0040740966796875e-05
        nonzero=19,smax=2.5991515376303496,smin=0.004089769558579869
        RGN solver time= 0.00026535987854003906
        xnorm=1.3303176234292888,dnorm=0.00044212575368940264
        dense amplitude time= 0.0017638206481933594
        total non-zero amplitudes= 36
        nsamples per process= 36
self.n= 0.47093196736309656
        RGN updated loss=-4.290099501683111,dloss=-1.5295317901120598e-08
[ 0.0731669204 -0.3293479842  0.31192603   -0.2883849588  0.1533831441
  0.3938608931]
[ 0.0745621073 -0.004750523   0.141279162  -0.1332857747]
[ 0.0256575356 -0.0001107441  0.4621298853  0.0170622653 -0.2256025258
 -0.0460104742 -0.0143436846  0.4571841443  0.0094772213 -0.2987249491
  0.0069457299  0.0573347892 -0.0500857944 -0.0500212969 -0.0458170071
 -0.0032258222 -0.0115435434  0.2282249502  0.0104701425 -0.0357029737
  0.2719113912  0.0395468765 -0.0185232015  0.0267190627 -0.5028585647
 -0.5391635702 -0.0168706224  0.0547628665]

run = 1
step= 29

nparam= 38
        dense amplitude time= 0.0009930133819580078
        total non-zero amplitudes= 36
        nsamples per process= 12
self.n= 0.49150572790848757
        collect g,h time= 0.14601659774780273
E=-4.291742669206043,dE=-1.1024223107725106e-06,std=0
L=-4.291742669206043,dL=-1.1024223107725106e-06,std=0
        gnorm= 0.0016180771175984547
        collect S matrix time= 3.504753112792969e-05
        nonzero=20,wmax=2.5922689326659833,wmin=0.0036757520525184024
        SR solver time= 0.00022029876708984375
        collect H matrix time= 2.956390380859375e-05
        nonzero=20,smax=6.958827540854441,smin=0.011569012961104384
        RGN solver time= 0.0002446174621582031
        xnorm=1.4948039057986109,dnorm=0.0015606215960153836
        dense amplitude time= 0.0010001659393310547
        total non-zero amplitudes= 36
        nsamples per process= 12
self.n= 0.4914066309154867
        RGN updated loss=-4.291743602512916,dloss=-9.333068735628558e-07
[ 0.0967703947 -0.0977120067  0.2546557071 -0.2687588702  0.0459392382
  0.1040836649]
[ 0.0887655053  0.3510151363  0.6472523425 -0.642542988 ]
[ 0.0105350352  0.0092413752 -0.4852716631 -0.002147172   0.2330964259
  0.0345650574 -0.0027511807 -0.4278220524 -0.0052913677  0.2465736976
  0.0033010265 -0.0132263694 -0.0194298949  0.0185099868  0.0128875524
 -0.0068119277  0.0070295721 -0.2557295259 -0.0082399978 -0.0220951907
 -0.3080696014 -0.0069022109  0.0286360601 -0.0084624662  0.4348032802
  0.4629359698  0.0130114306  0.0172867855]

run = 2
step= 29

nparam= 38
        dense amplitude time= 0.0009837150573730469
        total non-zero amplitudes= 36
        nsamples per process= 12
self.n= 0.48050851084668883
        collect g,h time= 0.14523100852966309
E=-4.291885047653998,dE=-1.335336250463115e-07,std=0
L=-4.291885047653998,dL=-1.335336250463115e-07,std=0
        gnorm= 0.0007324942257037173
        collect S matrix time= 3.7670135498046875e-05
        nonzero=20,wmax=2.4977620049531533,wmin=0.0037757483095927358
        SR solver time= 0.0002262592315673828
        collect H matrix time= 2.86102294921875e-05
        nonzero=20,smax=6.541372521244933,smin=0.012082504912128804
        RGN solver time= 0.000274658203125
        xnorm=1.5110149545150262,dnorm=0.0001762839788565453
        dense amplitude time= 0.0010018348693847656
        total non-zero amplitudes= 36
        nsamples per process= 12
self.n= 0.48050048444059695
        RGN updated loss=-4.291885149515253,dloss=-1.0186125543043545e-07
[ 0.095208386  -0.1414287213  0.3319148461 -0.2187751282  0.107511224
  0.1514114387]
[ 0.0927935688  0.3777025343  0.5873474912 -0.6337797084]
[ 0.1053035272  0.0472698648 -0.5233540558 -0.0073616407  0.2538497669
  0.0294294613 -0.0917485697 -0.3960639345 -0.0270840762  0.311212031
  0.0903851336  0.0058686838 -0.0226679815  0.0140482547  0.0649692831
 -0.0096452691  0.0585780463 -0.244979064   0.0010469789 -0.0015859219
 -0.2314135137  0.0226653727  0.0202540165 -0.0328696239  0.4489443107
  0.4439612575  0.0469024085  0.1229334973]
