run = 0
step= 49

nparam= 51
        dense amplitude time= 0.0009133815765380859
        total non-zero amplitudes= 36
        nsamples per process= 12
self.n= 0.5958889689346373
        collect g,h time= 0.15829944610595703
E=-4.168912661879574,dE=-5.333511410299252e-12,std=0
L=-4.168912661879574,dL=-5.333511410299252e-12,std=0
        gnorm= 0.00014270122493952102
        collect S matrix time= 4.267692565917969e-05
        nonzero=31,wmax=1.9430205064404398,wmin=0.002102745778772502
        SR solver time= 0.0003323554992675781
        collect H matrix time= 3.886222839355469e-05
        nonzero=31,smax=2.5688889755056747,smin=0.003601042373325428
        RGN solver time= 0.0004596710205078125
        xnorm=1.6979764509883102,dnorm=8.950178080850456e-06
        dense amplitude time= 0.0009603500366210938
        total non-zero amplitudes= 36
        nsamples per process= 12
self.n= 0.5958887578910111
        RGN updated loss=-4.168912661880023,dloss=-4.4941828036826337e-13
[-0.2652407279  0.0971822465 -0.0071953974  0.1074945749  0.2510028374
  0.101151597  -0.3072552266]
[ 0.2334582627  0.0701830944  0.1480694135  0.0110825909  0.0871874114
  0.0546648396 -0.05328296    0.2795426124 -0.0127104496 -0.1569400433
 -0.0352611914 -0.0104410791  0.0209886327  0.0436361541 -0.0579344674
 -0.2117422809]
[ 0.005726086  -0.0037420349 -0.4456649755  0.0145299405  0.5076359547
  0.0176523129  0.0243553459 -0.476070774   0.0338519704  0.5752239351
 -0.07711942   -0.0047203217  0.1849635592 -0.0291881522 -0.2271015598
 -0.021466212  -0.0218794874 -0.4115655425 -0.0507401072 -0.2356501763
 -0.3516771906 -0.0420909156  0.0380178831  0.0244545625  0.7298043151
  0.6133693659 -0.0264228961 -0.0118840251]
