run = 0
step= 39

nparam= 56
        dense amplitude time= 0.0007169246673583984
        total non-zero amplitudes= 36
        nsamples per process= 36
self.n= 0.6671196086506792
        collect g,h time= 0.26310205459594727
E=-4.528031589967245,dE=-0.00019346975964662505,std=0
L=-4.528031589967245,dL=-0.00019346975964662505,std=0
        gnorm= 0.02923455741800004
        collect S matrix time= 0.00019693374633789062
        nonzero=26,wmax=2.4191756965426174,wmin=0.0032267030572647863
        SR solver time= 0.0003256797790527344
        xnorm=0.9021105461896064,dnorm=0.010704379988295746
[-0.0260569665  0.2273032533  0.1672395494  0.0124959995 -0.0838279378
  0.0616540059  0.0320879628  0.1296158665  0.0037129167 -0.1063078096
 -0.0209317197  0.0622156878 -0.0064317733 -0.009126706   0.0397314159
  0.0313159345  0.0319764951  0.2159790864  0.0941367003 -0.028806889
  0.1832565932 -0.0524861076  0.0034681654 -0.0337713111 -0.1267890144
 -0.257334268  -0.0471514196 -0.019276657 ]
step= 79

nparam= 56
        dense amplitude time= 0.0007729530334472656
        total non-zero amplitudes= 36
        nsamples per process= 36
self.n= 0.6239304133798258
        collect g,h time= 0.26125073432922363
E=-4.53377029674122,dE=-1.9350414337537813e-07,std=0
L=-4.53377029674122,dL=-1.9350414337537813e-07,std=0
        gnorm= 0.0037583748319498815
        collect S matrix time= 0.0002117156982421875
        SR solver time= 9.393692016601562e-05
        collect H matrix time= 0.0001380443572998047
        xnorm=1.3230615268511154,dnorm=0.0
        RGN solver time= 5.888938903808594e-05
        xnorm=1.3230615268511154,dnorm=0.00776935637631218
        dense amplitude time= 0.0006144046783447266
        total non-zero amplitudes= 36
        nsamples per process= 36
self.n= 0.6198999839681624
        RGN updated loss=-4.533770288635578,dloss=8.10564149134052e-09
        xnorm=1.3230615268511154,dnorm=0.0005066886906752117
[-0.0396555123  0.3338805799  0.2692959397  0.0664752118 -0.1606452218
  0.0691685007  0.0552133453  0.2308112111  0.1902801058 -0.1927025204
  0.0290843929  0.0579327271 -0.0160691611 -0.047056214   0.0214130137
  0.0240815862 -0.0330743352  0.2888343637  0.0585757875 -0.0183828967
  0.2693034433 -0.1053873913 -0.0246178625 -0.0879824943 -0.2244225588
 -0.3491455252 -0.1179424763 -0.0022311454]
