run = 0
step= 49

nparam= 56
        dense amplitude time= 0.0007894039154052734
        total non-zero amplitudes= 36
        nsamples per process= 36
self.n= 1.2594197825696396
        collect g,h time= 0.2613945007324219
E=-4.4594594494921225,dE=-0.00030419018396887765,std=0
L=-4.4594594494921225,dL=-0.00030419018396887765,std=0
        gnorm= 0.03287657183507419
        collect S matrix time= 0.00018668174743652344
        SR solver time= 9.846687316894531e-05
        xnorm=0.8661518309143103,dnorm=0.017004342127024386
[-0.0175695451  0.0733536445  0.1706314269 -0.0355060743 -0.1878469602
 -0.0033589226  0.0309516186  0.1874295373  0.0377396154 -0.1514343704
  0.020471079   0.0356084258 -0.0204203672  0.0215579128 -0.0000668612
  0.0572438711  0.0321102415  0.1426921247  0.0184077274 -0.0086571242
  0.1571083589 -0.0454066632 -0.0231336535 -0.0711199243 -0.1713643508
 -0.1861269925  0.0014973361 -0.0263761277]
step= 99

nparam= 56
        dense amplitude time= 0.000701904296875
        total non-zero amplitudes= 36
        nsamples per process= 36
self.n= 0.7673412509444028
        collect g,h time= 0.25981903076171875
E=-4.471242923609743,dE=-5.260716209321004e-07,std=0
L=-4.471242923609743,dL=-5.260716209321004e-07,std=0
        gnorm= 0.0016664415010034753
        collect S matrix time= 0.0002231597900390625
        SR solver time= 8.988380432128906e-05
        collect H matrix time= 0.0001556873321533203
        xnorm=1.2970322231648643,dnorm=0.0
        RGN solver time= 5.91278076171875e-05
        xnorm=1.2970322231648643,dnorm=0.004834603634800423
        dense amplitude time= 0.0005977153778076172
        total non-zero amplitudes= 36
        nsamples per process= 36
self.n= 0.764551384763507
        RGN updated loss=-4.471243380984231,dloss=-4.573744885050246e-07
[-0.0250348596  0.1582077168  0.2820750828  0.0436476799 -0.2878024453
 -0.000943743   0.0553194739  0.3042924706  0.1908523014 -0.2499465275
  0.0643433142  0.0032944446 -0.021765166  -0.0088991433  0.0014777358
  0.0704022399 -0.0441102854  0.2385061897  0.0075381541 -0.0065735056
  0.2585550412 -0.0925853533 -0.0507424608 -0.1342704646 -0.3005134621
 -0.3134541784 -0.1317542584 -0.042320137 ]
