run = 0
nparam= 49
        dense amplitude time= 0.0020182132720947266
        total non-zero amplitudes= 36
        nsamples per process= 12
self.n= 0.023521566021351935
        collect g,h time= 0.1576550006866455
E=-4.600751584770907,dE=-1.1540749271787831e-06,std=0
L=-4.600751584770907,dL=-1.1540749271787831e-06,std=0
        gnorm= 0.003578151822525395
        collect S matrix time= 3.743171691894531e-05
        SR solver time= 7.462501525878906e-05
        collect H matrix time= 2.956390380859375e-05
        RGN solver time= 5.1021575927734375e-05
        xnorm=2.76819113350718,dnorm=0.019751464288593066
        dense amplitude time= 0.0009324550628662109
        total non-zero amplitudes= 36
        nsamples per process= 12
self.n= 0.023312126334118746
        RGN updated loss=-4.600752566391853,dloss=-9.816209463053838e-07
[ 0.0245468055  0.444523851  -0.1866926721 -0.4360210117  0.143184914  -0.9867700415]
[ 0.5036021301 -0.3607031183 -0.4731096849 -0.3930934203 -0.8111171921 -1.0474251947  0.0311537934 -0.4153667509  0.1603089791 -0.0777924839 -0.435114126  -0.2823916687 -0.4642227858 -1.0439545677 -0.1067365125 -0.5409026292]
[ 0.3917943222 -0.0123518764 -0.205576932  -0.025635258   0.116767451  -0.1457925277  0.2068292996 -0.3218865682  0.0792034921 -0.2487677437  0.1969277145  0.1154070556 -0.2056253758  0.1350796104 -0.1233318053 -0.3786849478  0.047222832   0.3844781633 -0.2290006467  0.2993160312 -0.2557655034  0.4371666462 -0.1513141933  0.2755260703  0.2031145897 -0.1396312069 -0.4667135847]

step= 199

nparam= 49
        dense amplitude time= 0.0009129047393798828
        total non-zero amplitudes= 36
        nsamples per process= 12
self.n= 0.02026835313532654
        collect g,h time= 0.1589980125427246
E=-4.600756810777567,dE=-8.881784197001252e-16,std=0
L=-4.600756810777567,dL=-8.881784197001252e-16,std=0
        gnorm= 6.407616637147942e-09
        collect S matrix time= 4.9114227294921875e-05
        SR solver time= 8.893013000488281e-05
        collect H matrix time= 3.24249267578125e-05
        RGN solver time= 5.173683166503906e-05
        xnorm=2.772721928955497,dnorm=5.934776597189012e-07
        dense amplitude time= 0.0008792877197265625
        total non-zero amplitudes= 36
        nsamples per process= 12
self.n= 0.02026834167023306
        RGN updated loss=-4.6007568107775665,dloss=8.881784197001252e-16
        xnorm=2.772721928955497,dnorm=6.373360257165494e-08
[ 0.0006207897  0.4908151084 -0.2009430968 -0.4822242107  0.1260208011
 -0.9608656889]
[ 0.5315313576 -0.3219502362 -0.4485340814 -0.4128463777 -0.7902261821
 -1.0065742107  0.1051127947 -0.4502554695  0.1559409282 -0.0303008605
 -0.3832452259 -0.2608956403 -0.4577298926 -1.0605959216 -0.1107021123
 -0.5399842253]
[ 0.3883020092 -0.0033111932 -0.2130298518 -0.0390904534  0.1167339576
 -0.1588842582  0.2061491152 -0.3229705796  0.1084553856 -0.2317967596
  0.1786137341  0.1183845825 -0.2126699478  0.1359264387 -0.1182693572
 -0.3852731439  0.0561344952  0.4485168333 -0.2704389909  0.291758749
 -0.2590473734  0.4388904108 -0.1614320831  0.28272827    0.2284909816
 -0.146877997  -0.4737041287]

run = 1
step= 99

nparam= 49
        dense amplitude time= 0.0006356239318847656
        total non-zero amplitudes= 36
        nsamples per process= 12
        sample time= 0.08690953254699707
self.n= 0.021035796684936152
        collect g,h time= 0.08713746070861816
E=-4.600756810777544,dE=-1.1546319456101628e-14,std=0
L=-4.600756810777544,dL=-1.1546319456101628e-14,std=0
        gnorm= 9.502225130905792e-08
        collect S matrix time= 6.580352783203125e-05
        SR solver time= 7.605552673339844e-05
        collect H matrix time= 3.0994415283203125e-05
        RGN solver time= 4.9591064453125e-05
        xnorm=2.6238528494078666,dnorm=1.5174204553073784e-06
update time= 0.0002593994140625
update time= 0.0011944770812988281
update time= 0.001767873764038086
        dense amplitude time= 0.0007860660552978516
        total non-zero amplitudes= 36
        nsamples per process= 12
        sample time= 0.0749049186706543
self.n= 0.021035730719745856
        RGN updated loss=-4.60075681077755,dloss=-5.329070518200751e-15
update time= 0.0003757476806640625
update time= 0.0012187957763671875
update time= 0.0017924308776855469
[ 0.104451808  -0.3798877396 -0.4113149399  0.7717258729 -0.1672765597  0.5502725345]
[ 0.1024017294 -0.1829668487 -0.0199441848 -0.1557999925  1.0575442149 -1.1298318146  0.0491042527  0.4597015403 -0.2185433339  0.4626080066 -0.1238880742 -0.1006367095 -0.1023392996  0.9126732192  0.1291385314 -0.489500046 ]
[-0.0614303382 -0.0927724782  0.2571946202  0.1801087808 -0.001139817  -0.1181507877 -0.0571672416 -0.0470381024 -0.6092198289  0.2113465962  0.1266466613  0.0085798732  0.0877698166 -0.1216259166 -0.4108046482  0.3736883859  0.0330109441  0.1159394221  0.6355305546  0.1567594248  0.0481042462 -0.36871308   -0.1282352597  0.1306271591  0.0402498281 -0.0538067122 -0.2388787516]
