
run = 0
step= 49

nparam= 56
        dense amplitude time= 0.0006914138793945312
        total non-zero amplitudes= 36
        nsamples per process= 36
self.n= 1.3214775293270555
        collect g,h time= 0.259427547454834
E=-4.261325052203822,dE=-0.00014132609284889242,std=0
L=-4.261325052203822,dL=-0.00014132609284889242,std=0
        gnorm= 0.019590805872300287
        collect S matrix time= 0.0002892017364501953
        nonzero=18,wmax=1.8113069293774482,wmin=0.006321674943273615
        SR solver time= 0.00030493736267089844
        xnorm=0.711826875691798,dnorm=0.003909417084933843
[ 0.0308140803 -0.0219593974  0.0440127645 -0.0084733717 -0.024648513
  0.0233796254 -0.0064996115 -0.0437300744 -0.0195457062  0.0099680454
  0.0075027084  0.0190795544 -0.0069490906  0.0337216354  0.0209139006
  0.0553863071 -0.0087030183 -0.0209280635 -0.0247842214  0.0017388331
  0.0057572897 -0.0064745295 -0.0161688948 -0.0278192135 -0.0115584787
  0.0128578085  0.0185660427 -0.0144052266]
step= 99

nparam= 56
        dense amplitude time= 0.0006632804870605469
        total non-zero amplitudes= 36
        nsamples per process= 36
self.n= 1.1454610549503526
        collect g,h time= 0.26082801818847656
E=-4.27272100535427,dE=-0.00011150575288532139,std=0
L=-4.27272100535427,dL=-0.00011150575288532139,std=0
        gnorm= 0.011268341785040478
        collect S matrix time= 0.00022864341735839844
        xnorm=1.0556351613885382,dnorm=0.0
        nonzero=25,wmax=1.9480959044831831,wmin=0.018520786027163998
        SR solver time= 0.0003147125244140625
        collect H matrix time= 3.266334533691406e-05
        nonzero=27,smax=4.523516450868594,smin=0.00487678883292474
        RGN solver time= 0.00041985511779785156
        xnorm=1.0556351613885382,dnorm=0.008797000072174325
        dense amplitude time= 0.0006673336029052734
        total non-zero amplitudes= 36
        nsamples per process= 36
self.n= 1.1439593276124191
        RGN updated loss=-4.272847069182432,dloss=-0.00012606382816215955
[-0.154858055   0.0147807535  0.0491119177 -0.0481135674 -0.016398346
  0.0165014119 -0.1100049108 -0.034556123  -0.0534157044  0.018661135
  0.0444186359  0.1412458272 -0.0064860195  0.2193071106  0.0296145009
  0.1565420369  0.0395994977 -0.0281185614 -0.1478081538 -0.0027847338
 -0.0010930692 -0.0335155449  0.1613011434 -0.0956931291 -0.022441733
  0.0019713304  0.0818021688 -0.1907319619]
step= 149

nparam= 56
        dense amplitude time= 0.0007624626159667969
        total non-zero amplitudes= 36
        nsamples per process= 36
self.n= 1.0906136127517916
        collect g,h time= 0.2618405818939209
E=-4.30457718996257,dE=-0.0011176588698580403,std=0
L=-4.30457718996257,dL=-0.0011176588698580403,std=0
        gnorm= 0.018293643569685603
        collect S matrix time= 0.00023937225341796875
        xnorm=1.4032959498781767,dnorm=0.0
        nonzero=30,wmax=1.6326334602823573,wmin=0.0020190942742156605
        SR solver time= 0.00032591819763183594
        collect H matrix time= 3.170967102050781e-05
        nonzero=31,smax=4.222082113534258,smin=0.005751011990641406
        RGN solver time= 0.0004355907440185547
        xnorm=1.4032959498781767,dnorm=0.0881382264785123
        dense amplitude time= 0.0006654262542724609
        total non-zero amplitudes= 36
        nsamples per process= 36
self.n= 1.0957309076355044
        RGN updated loss=-4.305462669961822,dloss=-0.0008854799992521478
[-0.003071647   0.2052262505 -0.1254477448 -0.2522671377  0.1212285907
  0.0190758014 -0.178616011  -0.2141283253 -0.2809250886  0.120002514
  0.257828117   0.2004092037 -0.0403673078  0.2233473286  0.0291017799
  0.0720834191  0.2351996891 -0.169619593  -0.0451171605  0.0229528296
 -0.1085173597 -0.2319400248  0.1476536486 -0.3442971158  0.1290943445
  0.1595685299  0.2887969789 -0.0064410742]
step= 154

nparam= 56
        dense amplitude time= 0.0007123947143554688
        total non-zero amplitudes= 36
        nsamples per process= 36
self.n= 1.1214438244583782
        collect g,h time= 0.25919318199157715
E=-4.307122450147286,dE=-0.0001915945038231115,std=0
L=-4.307122450147286,dL=-0.0001915945038231115,std=0
        gnorm= 0.027150035741741543
        collect S matrix time= 0.0002422332763671875
        xnorm=1.478895913019766,dnorm=0.0
        nonzero=29,wmax=1.4661749338263894,wmin=0.0019432905341810235
        SR solver time= 0.0003190040588378906
        collect H matrix time= 3.719329833984375e-05
        nonzero=29,smax=3.728799856158745,smin=0.007087410413385763
        RGN solver time= 0.0004279613494873047
        xnorm=1.478895913019766,dnorm=0.0955899019510875
        dense amplitude time= 0.0006577968597412109
        total non-zero amplitudes= 36
        nsamples per process= 36
self.n= 1.1171267070415398
        RGN updated loss=-4.307160347409645,dloss=-3.7897262358477235e-05
[ 0.0782103377  0.1379006734 -0.231231009  -0.2890067593  0.1402763829
  0.0310271196 -0.2220002174 -0.3280363848 -0.2368930307  0.137741924
  0.2925062649  0.231436129  -0.0412229177  0.2256514185  0.0214441502
  0.0355561721  0.2651855723 -0.1883176505 -0.0013027916  0.0119108836
 -0.1242802406 -0.263520849   0.1735587463 -0.298576452   0.2355260569
  0.2714073746  0.2157483541  0.0644574903]

run = 1
step= 49

nparam= 56
        dense amplitude time= 0.0007452964782714844
        total non-zero amplitudes= 36
        nsamples per process= 36
self.n= 0.888502344013336
        collect g,h time= 0.2637765407562256
E=-4.2759120601208025,dE=-0.0005941949391079504,std=0
L=-4.2759120601208025,dL=-0.0005941949391079504,std=0
        gnorm= 0.05378462846315885
        collect S matrix time= 0.00019025802612304688
        nonzero=26,wmax=2.105947317447324,wmin=0.002665370842431588
        SR solver time= 0.0003325939178466797
        xnorm=0.8160515685257033,dnorm=0.008566376203343534
[-0.0137922649 -0.0995641753 -0.1390237132  0.0226841528  0.1622460833
  0.0085868528 -0.0034265829 -0.2226948941 -0.0511889974  0.1321621269
  0.0165677892 -0.0126476996 -0.0396597746  0.0008040185 -0.0013175917
  0.0079121235 -0.0181901203 -0.1648378451 -0.0209394237 -0.0230309314
 -0.1571230693  0.0181893896  0.0070657627  0.0957518328  0.1660495572
  0.18954188    0.0208989695 -0.0034282984]
step= 99

nparam= 56
        dense amplitude time= 0.0006268024444580078
        total non-zero amplitudes= 36
        nsamples per process= 36
self.n= 0.17590143592068075
        collect g,h time= 0.260439395904541
E=-4.3175954960707745,dE=-3.211814356696152e-05,std=0
L=-4.3175954960707745,dL=-3.211814356696152e-05,std=0
        gnorm= 0.022694243373784298
        collect S matrix time= 0.00024080276489257812
        xnorm=1.9606054839950073,dnorm=0.0
        nonzero=28,wmax=5.542958362110033,wmin=0.007744576373986698
        SR solver time= 0.000316619873046875
        collect H matrix time= 3.218650817871094e-05
        nonzero=28,smax=14.987346072619435,smin=0.023232306563264585
        RGN solver time= 0.0004482269287109375
        xnorm=1.9606054839950073,dnorm=0.010188917760954192
        dense amplitude time= 0.0006744861602783203
        total non-zero amplitudes= 36
        nsamples per process= 36
self.n= 0.17369556434381397
        RGN updated loss=-4.317623926169841,dloss=-2.843009906605687e-05
[-0.03084714   -0.3726523146 -0.306465337  -0.1703193319  0.2930006599
  0.0162059798 -0.0109865499 -0.3877412704 -0.3058644934  0.2673543236
 -0.2074000583 -0.0245979022 -0.0402227023  0.0180175065 -0.0081482117
  0.0177576625  0.1748539614 -0.2931463924 -0.0111286709 -0.0328609293
 -0.2900028265  0.2361061148 -0.0133734754  0.319906333   0.3837067065
  0.4072501473  0.2307622143  0.0032227728]
step= 149

nparam= 56
        dense amplitude time= 0.0007255077362060547
        total non-zero amplitudes= 36
        nsamples per process= 36
self.n= 0.14646064792980143
        collect g,h time= 0.2596557140350342
E=-4.3178244530400365,dE=-1.1257531440378443e-06,std=0
L=-4.3178244530400365,dL=-1.1257531440378443e-06,std=0
        gnorm= 0.017049112540970125
        collect S matrix time= 0.0002353191375732422
        xnorm=2.084468268395648,dnorm=0.0
        nonzero=28,wmax=6.677623293872168,wmin=0.008966303860849094
        SR solver time= 0.00030541419982910156
        collect H matrix time= 3.4809112548828125e-05
        nonzero=28,smax=18.38364701835953,smin=0.02675413999838852
        RGN solver time= 0.0004343986511230469
        xnorm=2.084468268395648,dnorm=0.0023935564716260293
        dense amplitude time= 0.0006480216979980469
        total non-zero amplitudes= 36
        nsamples per process= 36
self.n= 0.14613532980412808
        RGN updated loss=-4.317824312745445,dloss=1.4029459105557862e-07
        xnorm=2.084468268395648,dnorm=0.0003843059709874809
[-0.0308253719 -0.3794397894 -0.311417759  -0.1897943457  0.3030291407
  0.0166867151 -0.0123265768 -0.3920755429 -0.3067549542  0.2778614966
 -0.2292588522 -0.0234458545 -0.0399905566  0.0205525272 -0.0096978849
  0.0186195871  0.1945643793 -0.3029910245 -0.0088435876 -0.0350327337
 -0.2999274487  0.2580471301 -0.012294137   0.327361845   0.3899532476
  0.4137032297  0.2319853393  0.0043232357]

run = 2
step= 49

nparam= 56
        dense amplitude time= 0.0007176399230957031
        total non-zero amplitudes= 36
        nsamples per process= 36
self.n= 0.9672292573001924
        collect g,h time= 0.26289963722229004
E=-4.276764861315187,dE=-0.0006118209052159429,std=0
L=-4.276764861315187,dL=-0.0006118209052159429,std=0
        gnorm= 0.053045623958061616
        collect S matrix time= 0.0002536773681640625
        nonzero=27,wmax=2.0276120153280974,wmin=0.002168764981499283
        SR solver time= 0.0002918243408203125
        xnorm=0.8127852500622561,dnorm=0.008036839889104008
[-0.0313692198 -0.0389051238  0.1810742945  0.0280060997 -0.1444131978
 -0.0059435792  0.0210854112  0.175910937  -0.0690919274 -0.1740603732
  0.0277825508 -0.0298970682 -0.0010685226 -0.0242460472 -0.01369669
  0.0214771958  0.0089216612  0.172870884  -0.0339365578  0.0021623889
  0.1480788509 -0.0033554553 -0.0331281116 -0.0034294647 -0.2136405344
 -0.1832963847  0.0541787915 -0.0172137734]
step= 99

nparam= 56
        dense amplitude time= 0.0007257461547851562
        total non-zero amplitudes= 36
        nsamples per process= 36
self.n= 0.24722071161954848
        collect g,h time= 0.2606842517852783
E=-4.3178180960067705,dE=-2.0206971519165506e-05,std=0
L=-4.3178180960067705,dL=-2.0206971519165506e-05,std=0
        gnorm= 0.016514532358257842
        collect S matrix time= 0.000263214111328125
        xnorm=1.8304931177419848,dnorm=0.0
        nonzero=28,wmax=4.212894890912649,wmin=0.006775204741557277
        SR solver time= 0.0003037452697753906
        collect H matrix time= 3.24249267578125e-05
        nonzero=28,smax=10.48691110883193,smin=0.020491931334036043
        RGN solver time= 0.00043892860412597656
        xnorm=1.8304931177419848,dnorm=0.006860824458980652
        dense amplitude time= 0.0006511211395263672
        total non-zero amplitudes= 36
        nsamples per process= 36
self.n= 0.24542709083401876
        RGN updated loss=-4.317835816371649,dloss=-1.772036487857065e-05
[-0.0378649326 -0.2998912865  0.3563728612 -0.1895961489 -0.2758444275
 -0.0264512741  0.010982287   0.3552953776 -0.3334191573 -0.311802651
 -0.1535191353 -0.0319160879 -0.0126651522 -0.0193854087 -0.009331723
  0.0261413839  0.2258261811  0.3087177953 -0.0318679493  0.0023046275
  0.2905318607  0.1812599955 -0.0411120159  0.1929457477 -0.4291835892
 -0.4005342842  0.2636577675 -0.0167400291]
step= 149

nparam= 56
        dense amplitude time= 0.0007281303405761719
        total non-zero amplitudes= 36
        nsamples per process= 36
self.n= 0.22586582893463297
        collect g,h time= 0.26103854179382324
E=-4.318085417879365,dE=-2.9084423669445414e-06,std=0
L=-4.318085417879365,dL=-2.9084423669445414e-06,std=0
        gnorm= 0.007137239594677284
        collect S matrix time= 0.00026702880859375
        xnorm=1.9087119361864178,dnorm=0.0
        nonzero=28,wmax=4.462087918917213,wmin=0.007720736302692425
        SR solver time= 0.0003001689910888672
        collect H matrix time= 3.314018249511719e-05
        nonzero=28,smax=11.661504607908924,smin=0.023286016657634134
        RGN solver time= 0.0004291534423828125
        xnorm=1.9087119361864178,dnorm=0.0008110313561844589
        dense amplitude time= 0.0006670951843261719
        total non-zero amplitudes= 36
        nsamples per process= 36
self.n= 0.22582169212026101
        RGN updated loss=-4.318088265902746,dloss=-2.848023381574194e-06
[-0.0414512713 -0.2992492025  0.3671628479 -0.2111544445 -0.2881949632
 -0.0264484448  0.0107050955  0.3667832783 -0.3260701704 -0.3257443598
 -0.1717098387 -0.0340422579 -0.0154403715 -0.01848728   -0.0102098705
  0.0263281008  0.2464984208  0.3211542488 -0.0328536972  0.0030436039
  0.3046550206  0.1996053173 -0.0442157221  0.1896106475 -0.4429904062
 -0.415146361   0.2576931283 -0.0151341523]
step= 199

nparam= 56
        dense amplitude time= 0.0007216930389404297
        total non-zero amplitudes= 36
        nsamples per process= 36
self.n= 0.22417959168428125
        collect g,h time= 0.2611727714538574
E=-4.318178344939247,dE=-6.361650441988331e-07,std=0
L=-4.318178344939247,dL=-6.361650441988331e-07,std=0
        gnorm= 0.001597190404831222
        collect S matrix time= 0.00023818016052246094
        xnorm=1.9246523035486256,dnorm=0.0
        nonzero=28,wmax=4.475351770521526,wmin=0.008118237433016358
        SR solver time= 0.00031447410583496094
        collect H matrix time= 3.0994415283203125e-05
        nonzero=28,smax=7.434938602986049,smin=0.016232412363313513
        RGN solver time= 0.0004334449768066406
        xnorm=1.9246523035486256,dnorm=0.00032856090684500294
        dense amplitude time= 0.0006482601165771484
        total non-zero amplitudes= 36
        nsamples per process= 36
self.n= 0.22415772268790093
        RGN updated loss=-4.3181789525744465,dloss=-6.07635199934009e-07
[-0.0437301776 -0.2974642981  0.3733650811 -0.2185538246 -0.2945927386
 -0.0254055346  0.0113345945  0.3735050924 -0.3197006193 -0.3331452861
 -0.1769393334 -0.034575988  -0.0161858568 -0.0180295404 -0.0105514245
  0.0265349327  0.2534117068  0.3273024755 -0.0331169705  0.0032916469
  0.3118806229  0.2049508545 -0.0455968739  0.1843679213 -0.4512491856
 -0.4238791322  0.2511514665 -0.0143299349]
