run = 0
step= 49

nparam= 51
        dense amplitude time= 0.0009303092956542969
        total non-zero amplitudes= 36
        nsamples per process= 12
self.n= 0.6028647456054799
        collect g,h time= 0.15909695625305176
E=-4.148969970247141,dE=-7.958078640513122e-12,std=0
L=-4.148969970247141,dL=-7.958078640513122e-12,std=0
        gnorm= 0.00014784458725523424
        collect S matrix time= 4.863739013671875e-05
        nonzero=31,wmax=1.9242138520795982,wmin=0.0019524760014012687
        SR solver time= 0.00034356117248535156
        collect H matrix time= 3.337860107421875e-05
        nonzero=31,smax=2.529642179381376,smin=0.003309204517179958
        RGN solver time= 0.0004792213439941406
        xnorm=1.7323467207561043,dnorm=1.130305141350751e-05
        dense amplitude time= 0.0010113716125488281
        total non-zero amplitudes= 36
        nsamples per process= 12
self.n= 0.6028645160382796
        RGN updated loss=-4.148969970247802,dloss=-6.608047442568932e-13
[-0.2833420891  0.110546892  -0.0095500052  0.1105305082  0.267144703
  0.1043691359 -0.3230057491]
[ 0.239137999   0.072403547   0.1384185391  0.0221224944  0.0802628609
  0.0629351911 -0.0508345678  0.2807682898 -0.0106170386 -0.152960725
 -0.0328966487 -0.0090127546  0.009113235   0.0444850449 -0.0524053062
 -0.218178344 ]
[ 0.0042381579 -0.0011424219 -0.4488031446  0.014485732   0.5210724766
  0.020988235   0.0249300537 -0.482589171   0.034658085   0.5923761472
 -0.0769294626 -0.0045375772  0.1930633184 -0.0286892744 -0.2300180955
 -0.0223980371 -0.0220178322 -0.4193419734 -0.0497123285 -0.2477987304
 -0.3620688224 -0.0413254848  0.0422112128  0.0261307381  0.7352243778
  0.6203909599 -0.0296631883 -0.0130536892]
