run = 0
step= 99

nparam= 49
        dense amplitude time= 0.000946044921875
        total non-zero amplitudes= 36
        nsamples per process= 12
self.n= 0.4246678570764289
        collect g,h time= 0.15745282173156738
E=-4.339403425758968,dE=-8.957723451885613e-11,std=0
L=-4.339403425758968,dL=-8.957723451885613e-11,std=0
        gnorm= 6.283145792428951e-06
        collect S matrix time= 4.0531158447265625e-05
        SR solver time= 8.726119995117188e-05
        collect H matrix time= 3.314018249511719e-05
        RGN solver time= 5.221366882324219e-05
        xnorm=1.6618519812054822,dnorm=3.115012383331521e-05
        dense amplitude time= 0.0009191036224365234
        total non-zero amplitudes= 36
        nsamples per process= 12
self.n= 0.4246678383206075
        RGN updated loss=-4.339403425838987,dloss=-8.001865836604338e-11
[ 0.0829312613  0.2240869073  0.0000076505 -0.0490736713  0.0956775511
 -0.0814646348]
[ 0.0147215127 -0.0000206602  0.0129137354 -0.0000245772  0.1622710138
  0.1843159031 -0.0000239512  0.0444151059  0.0000193876 -0.1495894092
  0.0000373211  0.0760874138  0.272449171  -0.0000012051  0.0806799883
  1.0702015467]
[ 0.1099322349  0.0491155523 -0.4207324533  0.0190293661  0.2579599326
  0.0617687815 -0.0246083705 -0.4496673362 -0.0401584565  0.3068409579
 -0.0422238359 -0.0000013675  0.0901438646 -0.1648148417 -0.0144274716
  0.0425546788 -0.2078367233 -0.0310694643 -0.1359537891 -0.2456821923
 -0.053673147  -0.043120407   0.0404816576  0.5544261372  0.5727038085
 -0.0315619575 -0.062542494 ]
