
######################## r=1.4 (bohr), R=0.7408480952641999 (angstrom) ###########################
building molecule...
ecore= 9.816326530927594

nelec= (4, 4)
running unrestricted Hartree Fock...
converged SCF energy = -4.10342585800155  <S^2> = 2.451328e-11  2S+1 = 1
Hartree Fock total energy= -4.103425858001554
Hartree Fock electronic energy= -13.919752388929147
mo energies= [[-0.882167 -0.759495 -0.561161 -0.283996  0.354782  0.841633  1.464322  2.126333]
 [-0.882166 -0.759496 -0.56116  -0.283996  0.354782  0.841634  1.464321  2.126333]]
[[[ 0.075049 -0.189564  0.350351 -0.470674  0.641505 -0.750939 -0.667123  0.407922]
  [ 0.163325 -0.318823  0.371472 -0.206145 -0.322387  0.888366  1.220196 -0.930471]
  [ 0.253696 -0.291828 -0.036585  0.478229 -0.598085 -0.056374 -1.151478  1.351498]
  [ 0.291253 -0.140597 -0.326723  0.37465   0.486029 -0.795248  0.473705 -1.578343]
  [ 0.291253  0.140597 -0.326723 -0.37465   0.486029  0.795248  0.473705  1.578343]
  [ 0.253696  0.291828 -0.036585 -0.478229 -0.598085  0.056374 -1.151478 -1.351498]
  [ 0.163325  0.318823  0.371472  0.206145 -0.322387 -0.888366  1.220196  0.930471]
  [ 0.075049  0.189564  0.350351  0.470674  0.641505  0.750939 -0.667123 -0.407922]]

 [[ 0.075049  0.189562  0.350351 -0.470674  0.641505 -0.75094  -0.667124  0.407922]
  [ 0.163327  0.318823  0.371472 -0.206145 -0.322387  0.888366  1.220196 -0.93047 ]
  [ 0.253699  0.29183  -0.036588  0.47823  -0.598084 -0.056376 -1.151478  1.351497]
  [ 0.291249  0.140595 -0.326723  0.374647  0.486031 -0.795247  0.473706 -1.578345]
  [ 0.291249 -0.140595 -0.326723 -0.374647  0.486031  0.795247  0.473706  1.578345]
  [ 0.253699 -0.29183  -0.036588 -0.47823  -0.598084  0.056376 -1.151478 -1.351497]
  [ 0.163327 -0.318823  0.371472  0.206145 -0.322387 -0.888366  1.220196  0.93047 ]
  [ 0.075049 -0.189562  0.350351  0.470674  0.641505  0.75094  -0.667124 -0.407922]]]
mo
[[ 0.15233  -0.312437  0.448227 -0.471029  0.449772 -0.403544 -0.27128   0.132916]
 [ 0.284059 -0.451631  0.401786 -0.155594 -0.220786  0.438277  0.457309 -0.28237 ]
 [ 0.410168 -0.410294 -0.01319   0.40096  -0.384381 -0.014273 -0.428765  0.413142]
 [ 0.477356 -0.173411 -0.370791  0.30521   0.318135 -0.380607  0.182855 -0.481574]
 [ 0.477356  0.173411 -0.370791 -0.30521   0.318135  0.380607  0.182855  0.481574]
 [ 0.410168  0.410294 -0.01319  -0.40096  -0.384381  0.014273 -0.428765 -0.413142]
 [ 0.284059  0.451631  0.401786  0.155594 -0.220786 -0.438277  0.457309  0.28237 ]
 [ 0.15233   0.312437  0.448227  0.471029  0.449772  0.403544 -0.27128  -0.132916]]
[[ 0.152331  0.312435  0.448227 -0.47103   0.449772 -0.403544 -0.27128   0.132916]
 [ 0.284062  0.451632  0.401785 -0.155595 -0.220785  0.438277  0.457309 -0.28237 ]
 [ 0.41017   0.410295 -0.013194  0.40096  -0.38438  -0.014274 -0.428765  0.413141]
 [ 0.477352  0.173411 -0.370793  0.305208  0.318137 -0.380607  0.182856 -0.481575]
 [ 0.477352 -0.173411 -0.370793 -0.305208  0.318137  0.380607  0.182856  0.481575]
 [ 0.41017  -0.410295 -0.013194 -0.40096  -0.38438   0.014274 -0.428765 -0.413141]
 [ 0.284062 -0.451632  0.401785  0.155595 -0.220785 -0.438277  0.457309  0.28237 ]
 [ 0.152331 -0.312435  0.448227  0.47103   0.449772  0.403544 -0.27128  -0.132916]]
running unrestricted FCI...
FCI total energy= -4.1877768431071
FCI electronic energy= -14.004103374034694
FCI correlation energy= -0.08435098510554617

######################## r=1.8 (bohr), R=0.9525189796254 (angstrom) ###########################
building molecule...
ecore= 7.6349206351659085

nelec= (4, 4)
running unrestricted Hartree Fock...
converged SCF energy = -4.22147937207632  <S^2> = 2.9309888e-14  2S+1 = 1
Hartree Fock total energy= -4.22147937207632
Hartree Fock electronic energy= -11.856400007242229
mo energies= [[-0.715379 -0.630368 -0.490244 -0.294611  0.198863  0.519209  0.890629  1.238734]
 [-0.715379 -0.630368 -0.490244 -0.294611  0.198863  0.519209  0.890629  1.238734]]
[[[ 0.102249  0.224024  0.358025  0.422976  0.53849   0.623074 -0.537835  0.318049]
  [ 0.18809   0.335058  0.36074   0.202283 -0.238278 -0.659511  0.883751 -0.652024]
  [ 0.278256  0.294436 -0.045131 -0.432229 -0.52213  -0.008526 -0.79612   0.911933]
  [ 0.31584   0.141281 -0.31597  -0.347162  0.412035  0.617342  0.327037 -1.048787]
  [ 0.31584  -0.141281 -0.31597   0.347162  0.412035 -0.617342  0.327037  1.048787]
  [ 0.278256 -0.294436 -0.045131  0.432229 -0.52213   0.008526 -0.79612  -0.911933]
  [ 0.18809  -0.335058  0.36074  -0.202283 -0.238278  0.659511  0.883751  0.652024]
  [ 0.102249 -0.224024  0.358025 -0.422976  0.53849  -0.623074 -0.537835 -0.318049]]

 [[ 0.102249 -0.224024  0.358025 -0.422976  0.53849  -0.623074 -0.537835  0.318049]
  [ 0.18809  -0.335058  0.36074  -0.202283 -0.238278  0.659511  0.883751 -0.652024]
  [ 0.278256 -0.294436 -0.045131  0.432229 -0.52213   0.008526 -0.79612   0.911933]
  [ 0.31584  -0.141281 -0.31597   0.347162  0.412034 -0.617342  0.327037 -1.048787]
  [ 0.31584   0.141281 -0.31597  -0.347162  0.412034  0.617342  0.327037  1.048787]
  [ 0.278256  0.294436 -0.045131 -0.432229 -0.52213  -0.008526 -0.79612  -0.911933]
  [ 0.18809   0.335058  0.36074   0.202283 -0.238278 -0.659511  0.883751  0.652024]
  [ 0.102249  0.224024  0.358025  0.422976  0.53849   0.623074 -0.537835 -0.318049]]]
mo
[[ 0.160839  0.317577  0.439701  0.445972  0.437166  0.420767 -0.299466  0.152342]
 [ 0.290014  0.454773  0.405807  0.17373  -0.200058 -0.421738  0.459554 -0.291782]
 [ 0.410052  0.403078 -0.027808 -0.409836 -0.403736 -0.018772 -0.409977  0.411352]
 [ 0.471041  0.172785 -0.375781 -0.320875  0.325361  0.380446  0.176207 -0.471641]
 [ 0.471041 -0.172785 -0.375781  0.320875  0.325361 -0.380446  0.176207  0.471641]
 [ 0.410052 -0.403078 -0.027808  0.409836 -0.403736  0.018772 -0.409977 -0.411352]
 [ 0.290014 -0.454773  0.405807 -0.17373  -0.200058  0.421738  0.459554  0.291782]
 [ 0.160839 -0.317577  0.439701 -0.445972  0.437166 -0.420767 -0.299466 -0.152342]]
[[ 0.160839 -0.317577  0.439701 -0.445972  0.437166 -0.420767 -0.299466  0.152342]
 [ 0.290014 -0.454773  0.405807 -0.17373  -0.200057  0.421738  0.459554 -0.291782]
 [ 0.410052 -0.403078 -0.027808  0.409836 -0.403736  0.018772 -0.409977  0.411352]
 [ 0.471041 -0.172785 -0.375781  0.320875  0.325361 -0.380446  0.176207 -0.471641]
 [ 0.471041  0.172785 -0.375781 -0.320875  0.325361  0.380446  0.176207  0.471641]
 [ 0.410052  0.403078 -0.027808 -0.409836 -0.403736 -0.018772 -0.409977 -0.411352]
 [ 0.290014  0.454773  0.405807  0.17373  -0.200057 -0.421738  0.459554  0.291782]
 [ 0.160839  0.317577  0.439701  0.445972  0.437166  0.420767 -0.299466 -0.152342]]
running unrestricted FCI...
FCI total energy= -4.345079402655154
FCI electronic energy= -11.980000037821062
FCI correlation energy= -0.1236000305788334

######################## r=2.4 (bohr), R=1.2700253061671998 (angstrom) ###########################
building molecule...
ecore= 5.726190476374434

nelec= (4, 4)
running unrestricted Hartree Fock...
converged SCF energy = -3.96256452992657  <S^2> = 6.8323924e-10  2S+1 = 1
Hartree Fock total energy= -3.962564529926567
Hartree Fock electronic energy= -9.688755006301001
mo energies= [[-0.551528 -0.495052 -0.401249 -0.273412  0.096131  0.28639   0.482856  0.641681]
 [-0.551527 -0.49505  -0.401248 -0.273414  0.096128  0.28639   0.482858  0.641683]]
[[[ 0.13045   0.262819  0.377891  0.393978 -0.465035  0.53529  -0.446968  0.255114]
  [ 0.218491  0.364655  0.365671  0.200336  0.19815  -0.517591  0.663493 -0.470336]
  [ 0.312958  0.30883  -0.060894 -0.413786  0.472987 -0.049588 -0.572911  0.640968]
  [ 0.351494  0.149902 -0.319553 -0.339454 -0.372592  0.495177  0.241096 -0.726966]
  [ 0.351494 -0.149902 -0.319553  0.339454 -0.372592 -0.495177  0.241096  0.726966]
  [ 0.312958 -0.30883  -0.060894  0.413786  0.472987  0.049588 -0.572911 -0.640968]
  [ 0.218491 -0.364655  0.365671 -0.200336  0.19815   0.517591  0.663493  0.470336]
  [ 0.13045  -0.262819  0.377891 -0.393978 -0.465035 -0.53529  -0.446968 -0.255114]]

 [[ 0.130453 -0.262827  0.377902 -0.393986 -0.465031 -0.535282 -0.446963 -0.255112]
  [ 0.218488 -0.364649  0.365661 -0.200326  0.198157  0.517598  0.663497  0.470338]
  [ 0.312959 -0.308831 -0.060895  0.413788  0.472985  0.049584 -0.572912 -0.640967]
  [ 0.351493 -0.149901 -0.31955   0.339448 -0.372595 -0.49518   0.241096  0.726967]
  [ 0.351493  0.149901 -0.31955  -0.339448 -0.372595  0.49518   0.241096 -0.726967]
  [ 0.312959  0.308831 -0.060895 -0.413788  0.472985 -0.049584 -0.572912  0.640967]
  [ 0.218488  0.364649  0.365661  0.200326  0.198157 -0.517598  0.663497 -0.470338]
  [ 0.130453  0.262827  0.377902  0.393986 -0.465031  0.535282 -0.446963  0.255112]]]
mo
[[ 0.170591  0.326945  0.436862  0.419936 -0.418108  0.433192 -0.324402  0.170602]
 [ 0.294628  0.456978  0.407759  0.187311  0.190008 -0.409256  0.459156 -0.297649]
 [ 0.409977  0.392408 -0.050065 -0.4188    0.41916  -0.051582 -0.392067  0.409832]
 [ 0.464771  0.174051 -0.374671 -0.336414 -0.336731  0.377086  0.173846 -0.462966]
 [ 0.464771 -0.174051 -0.374671  0.336414 -0.336731 -0.377086  0.173846  0.462966]
 [ 0.409977 -0.392408 -0.050065  0.4188    0.41916   0.051582 -0.392067 -0.409832]
 [ 0.294628 -0.456978  0.407759 -0.187311  0.190008  0.409256  0.459156  0.297649]
 [ 0.170591 -0.326945  0.436862 -0.419936 -0.418108 -0.433192 -0.324402 -0.170602]]
[[ 0.170594 -0.326952  0.436871 -0.419942 -0.418102 -0.433182 -0.324396 -0.1706  ]
 [ 0.294625 -0.456974  0.407751 -0.187302  0.190016  0.409263  0.459161  0.297652]
 [ 0.409978 -0.392407 -0.050068  0.418802  0.41916   0.051579 -0.392067 -0.40983 ]
 [ 0.46477  -0.17405  -0.374668  0.33641  -0.336734 -0.37709   0.173846  0.462967]
 [ 0.46477   0.17405  -0.374668 -0.33641  -0.336734  0.37709   0.173846 -0.462967]
 [ 0.409978  0.392407 -0.050068 -0.418802  0.41916  -0.051579 -0.392067  0.40983 ]
 [ 0.294625  0.456974  0.407751  0.187302  0.190016 -0.409263  0.459161 -0.297652]
 [ 0.170594  0.326952  0.436871  0.419942 -0.418102  0.433182 -0.324396  0.1706  ]]
running unrestricted FCI...
FCI total energy= -4.181823320825581
FCI electronic energy= -9.908013797200015
FCI correlation energy= -0.2192587908990138
