
######################## R=1.00 ###########################
building molecule...
ecore= 0.52917721092

nelec= (1, 1)
running unrestricted Hartree Fock...
converged SCF energy = -1.06610864931794  <S^2> = 0  2S+1 = 1
Hartree Fock total energy= -1.0661086493179366

running unrestricted FCI...
FCI total energy= -1.1011503302326187
FCI correlation energy= -0.03504168091468207

######################## R=1.01 ###########################
building molecule...
ecore= 0.5239378325940595

nelec= (1, 1)
running unrestricted Hartree Fock...
converged SCF energy = -1.06328307229073  <S^2> = 0  2S+1 = 1
Hartree Fock total energy= -1.0632830722907265

running unrestricted FCI...
FCI total energy= -1.0990284598715356
FCI correlation energy= -0.03574538758080914

######################## R=1.02 ###########################
building molecule...
ecore= 0.5188011871764706

nelec= (1, 1)
running unrestricted Hartree Fock...
converged SCF energy = -1.06042300594045  <S^2> = 0  2S+1 = 1
Hartree Fock total energy= -1.0604230059404482

running unrestricted FCI...
FCI total energy= -1.0968844554116517
FCI correlation energy= -0.036461449471203444

######################## R=1.03 ###########################
building molecule...
ecore= 0.513764282446602

nelec= (1, 1)
running unrestricted Hartree Fock...
converged SCF energy = -1.05753058503017  <S^2> = 0  2S+1 = 1
Hartree Fock total energy= -1.0575305850301677

running unrestricted FCI...
FCI total energy= -1.0947206184967786
FCI correlation energy= -0.03719003346661087

######################## R=1.04 ###########################
building molecule...
ecore= 0.5088242412692309

nelec= (1, 1)
running unrestricted Hartree Fock...
converged SCF energy = -1.05460785039875  <S^2> = 0  2S+1 = 1
Hartree Fock total energy= -1.0546078503987504

running unrestricted FCI...
FCI total energy= -1.0925391540401943
FCI correlation energy= -0.037931303641443925

######################## R=1.05 ###########################
building molecule...
ecore= 0.5039782961142857

nelec= (1, 1)
running unrestricted Hartree Fock...
converged SCF energy = -1.05165675564684  <S^2> = 4.4408921e-16  2S+1 = 1
Hartree Fock total energy= -1.051656755646838

running unrestricted FCI...
FCI total energy= -1.0903421765127628
FCI correlation energy= -0.03868542086592486

######################## R=1.06 ###########################
building molecule...
ecore= 0.4992237838867925

nelec= (1, 1)
running unrestricted Hartree Fock...
converged SCF energy = -1.04867917324651  <S^2> = 0  2S+1 = 1
Hartree Fock total energy= -1.0486791732465128

running unrestricted FCI...
FCI total energy= -1.088131715659855
FCI correlation energy= -0.03945254241334206

######################## R=1.07 ###########################
building molecule...
ecore= 0.49455814104672896

nelec= (1, 1)
running unrestricted Hartree Fock...
converged SCF energy = -1.04567690010947  <S^2> = 0  2S+1 = 1
Hartree Fock total energy= -1.0456769001094681

running unrestricted FCI...
FCI total energy= -1.0859097216827265
FCI correlation energy= -0.04023282157325836

######################## R=1.08 ###########################
building molecule...
ecore= 0.4899788990000001

nelec= (1, 1)
running unrestricted Hartree Fock...
converged SCF energy = -1.04265166264915  <S^2> = 2.220446e-16  2S+1 = 1
Hartree Fock total energy= -1.0426516626491544

running unrestricted FCI...
FCI total energy= -1.083678069920649
FCI correlation energy= -0.041026407271494536

######################## R=1.09 ###########################
building molecule...
ecore= 0.4854836797431193

nelec= (1, 1)
running unrestricted Hartree Fock...
converged SCF energy = -1.03960512137153  <S^2> = 4.4408921e-16  2S+1 = 1
Hartree Fock total energy= -1.0396051213715347

running unrestricted FCI...
FCI total energy= -1.0814385650690592
FCI correlation energy= -0.04183344369752451

######################## R=1.10 ###########################
building molecule...
ecore= 0.4810701917454545

nelec= (1, 1)
running unrestricted Hartree Fock...
converged SCF energy = -1.03653887502918  <S^2> = 0  2S+1 = 1
Hartree Fock total energy= -1.03653887502918

running unrestricted FCI...
FCI total energy= -1.0791929449690745
FCI correlation energy= -0.04265406993989451

######################## R=1.11 ###########################
building molecule...
ecore= 0.4767362260540541

nelec= (1, 1)
running unrestricted Hartree Fock...
converged SCF energy = -1.03345446437219  <S^2> = 4.4408921e-16  2S+1 = 1
Hartree Fock total energy= -1.033454464372185

running unrestricted FCI...
FCI total energy= -1.0769428840023645
FCI correlation energy= -0.043488419630179465

######################## R=1.12 ###########################
building molecule...
ecore= 0.4724796526071428

nelec= (1, 1)
running unrestricted Hartree Fock...
converged SCF energy = -1.03035337552871  <S^2> = -4.4408921e-16  2S+1 = 1
Hartree Fock total energy= -1.030353375528705

running unrestricted FCI...
FCI total energy= -1.0746899961245715
FCI correlation energy= -0.044336620595866405

######################## R=1.13 ###########################
building molecule...
ecore= 0.46829841674336287

nelec= (1, 1)
running unrestricted Hartree Fock...
converged SCF energy = -1.02723704304675  <S^2> = 0  2S+1 = 1
Hartree Fock total energy= -1.0272370430467512

running unrestricted FCI...
FCI total energy= -1.0724358375693206
FCI correlation energy= -0.04519879452256936

######################## R=1.14 ###########################
building molecule...
ecore= 0.4641905358947368

nelec= (1, 1)
running unrestricted Hartree Fock...
converged SCF energy = -1.02410685262762  <S^2> = -4.4408921e-16  2S+1 = 1
Hartree Fock total energy= -1.0241068526276162

running unrestricted FCI...
FCI total energy= -1.0701819092534723
FCI correlation energy= -0.04607505662585609

######################## R=1.15 ###########################
building molecule...
ecore= 0.4601540964521739

nelec= (1, 1)
running unrestricted Hartree Fock...
converged SCF energy = -1.02096414357989  <S^2> = 0  2S+1 = 1
Hartree Fock total energy= -1.020964143579893

running unrestricted FCI...
FCI total energy= -1.067929658912858
FCI correlation energy= -0.04696551533296489

######################## R=1.16 ###########################
building molecule...
ecore= 0.4561872507931034

nelec= (1, 1)
running unrestricted Hartree Fock...
converged SCF energy = -1.01781021102161  <S^2> = 0  2S+1 = 1
Hartree Fock total energy= -1.0178102110216067

running unrestricted FCI...
FCI total energy= -1.0656804829962412
FCI correlation energy= -0.04787027197463445

######################## R=1.17 ###########################
building molecule...
ecore= 0.4522882144615385

nelec= (1, 1)
running unrestricted Hartree Fock...
converged SCF energy = -1.01464630785632  <S^2> = 0  2S+1 = 1
Hartree Fock total energy= -1.01464630785632

running unrestricted FCI...
FCI total energy= -1.063435728343523
FCI correlation energy= -0.04878942048720303

######################## R=1.18 ###########################
building molecule...
ecore= 0.4484552634915254

nelec= (1, 1)
running unrestricted Hartree Fock...
converged SCF energy = -1.0114736465476  <S^2> = 0  2S+1 = 1
Hartree Fock total energy= -1.0114736465475964

running unrestricted FCI...
FCI total energy= -1.0611966936728119
FCI correlation energy= -0.04972304712521547

######################## R=1.19 ###########################
building molecule...
ecore= 0.44468673186554614

nelec= (1, 1)
running unrestricted Hartree Fock...
converged SCF energy = -1.0082934007144  <S^2> = 0  2S+1 = 1
Hartree Fock total energy= -1.008293400714404

running unrestricted FCI...
FCI total energy= -1.0589646308990255
FCI correlation energy= -0.050671230184621496

######################## R=1.20 ###########################
building molecule...
ecore= 0.4409810091

nelec= (1, 1)
running unrestricted Hartree Fock...
converged SCF energy = -1.00510670656849  <S^2> = -4.4408921e-16  2S+1 = 1
Hartree Fock total energy= -1.0051067065684902

running unrestricted FCI...
FCI total energy= -1.0567407463052574
FCI correlation energy= -0.05163403973676717

######################## R=1.21 ###########################
building molecule...
ecore= 0.43733653795041316

nelec= (1, 1)
running unrestricted Hartree Fock...
converged SCF energy = -1.00191466421306  <S^2> = 0  2S+1 = 1
Hartree Fock total energy= -1.001914664213063

running unrestricted FCI...
FCI total energy= -1.0545262015863708
FCI correlation energy= -0.052611537373307815

######################## R=1.22 ###########################
building molecule...
ecore= 0.4337518122295082

nelec= (1, 1)
running unrestricted Hartree Fock...
converged SCF energy = -0.998718338820481  <S^2> = 0  2S+1 = 1
Hartree Fock total energy= -0.9987183388204813

running unrestricted FCI...
FCI total energy= -1.0523221147826765
FCI correlation energy= -0.05360377596219512

######################## R=1.23 ###########################
building molecule...
ecore= 0.43022537473170724

nelec= (1, 1)
running unrestricted Hartree Fock...
converged SCF energy = -0.995518761705072  <S^2> = 0  2S+1 = 1
Hartree Fock total energy= -0.9955187617050718

running unrestricted FCI...
FCI total energy= -1.0501295611199792
FCI correlation energy= -0.05461079941490743

######################## R=1.24 ###########################
building molecule...
ecore= 0.4267558152580645

nelec= (1, 1)
running unrestricted Hartree Fock...
converged SCF energy = -0.992316931305659  <S^2> = -4.4408921e-16  2S+1 = 1
Hartree Fock total energy= -0.9923169313056593

running unrestricted FCI...
FCI total energy= -1.0479495737707674
FCI correlation energy= -0.05563264246510802

######################## R=1.25 ###########################
building molecule...
ecore= 0.42334176873599993

nelec= (1, 1)
running unrestricted Hartree Fock...
converged SCF energy = -0.989113814090892  <S^2> = 0  2S+1 = 1
Hartree Fock total energy= -0.9891138140908917

running unrestricted FCI...
FCI total energy= -1.0457831445498011
FCI correlation energy= -0.05666933045890943

######################## R=1.26 ###########################
building molecule...
ecore= 0.41998191342857133

nelec= (1, 1)
running unrestricted Hartree Fock...
converged SCF energy = -0.98591034539906  <S^2> = 0  2S+1 = 1
Hartree Fock total energy= -0.9859103453990603

running unrestricted FCI...
FCI total energy= -1.0436312245560422
FCI correlation energy= -0.057720879156981875

######################## R=1.27 ###########################
building molecule...
ecore= 0.4166749692283464

nelec= (1, 1)
running unrestricted Hartree Fock...
converged SCF energy = -0.982707430222752  <S^2> = 2.220446e-16  2S+1 = 1
Hartree Fock total energy= -0.9827074302227523

running unrestricted FCI...
FCI total energy= -1.0414947247714812
FCI correlation energy= -0.058787294548728886

######################## R=1.28 ###########################
building molecule...
ecore= 0.41341969603124995

nelec= (1, 1)
running unrestricted Hartree Fock...
converged SCF energy = -0.97950594394744  <S^2> = 4.4408921e-16  2S+1 = 1
Hartree Fock total energy= -0.9795059439474403

running unrestricted FCI...
FCI total energy= -1.0393745166262494
FCI correlation energy= -0.05986857267880907

######################## R=1.29 ###########################
building molecule...
ecore= 0.41021489218604645

nelec= (1, 1)
running unrestricted Hartree Fock...
converged SCF energy = -0.976306733051942  <S^2> = 0  2S+1 = 1
Hartree Fock total energy= -0.9763067330519422

running unrestricted FCI...
FCI total energy= -1.03727143253822
FCI correlation energy= -0.06096469948627781

######################## R=1.30 ###########################
building molecule...
ecore= 0.4070593930153845

nelec= (1, 1)
running unrestricted Hartree Fock...
converged SCF energy = -0.973110615777578  <S^2> = 0  2S+1 = 1
Hartree Fock total energy= -0.9731106157775782

running unrestricted FCI...
FCI total energy= -1.0351862664342544
FCI correlation energy= -0.062075650656676196

######################## R=1.31 ###########################
building molecule...
ecore= 0.4039520694045801

nelec= (1, 1)
running unrestricted Hartree Fock...
converged SCF energy = -0.969918382771914  <S^2> = 0  2S+1 = 1
Hartree Fock total energy= -0.9699183827719138

running unrestricted FCI...
FCI total energy= -1.0331197742593092
FCI correlation energy= -0.06320139148739545

######################## R=1.32 ###########################
building molecule...
ecore= 0.4008918264545454

nelec= (1, 1)
running unrestricted Hartree Fock...
converged SCF energy = -0.966730797712041  <S^2> = 0  2S+1 = 1
Hartree Fock total energy= -0.9667307977120414

running unrestricted FCI...
FCI total energy= -1.031072674478685
FCI correlation energy= -0.06434187676664349

######################## R=1.33 ###########################
building molecule...
ecore= 0.3978776021954887

nelec= (1, 1)
running unrestricted Hartree Fock...
converged SCF energy = -0.963548597911289  <S^2> = 2.220446e-16  2S+1 = 1
Hartree Fock total energy= -0.9635485979112888

running unrestricted FCI...
FCI total energy= -1.029045648577734
FCI correlation energy= -0.06549705066644518

######################## R=1.34 ###########################
building molecule...
ecore= 0.3949083663582089

nelec= (1, 1)
running unrestricted Hartree Fock...
converged SCF energy = -0.960372494913136  <S^2> = 0  2S+1 = 1
Hartree Fock total energy= -0.960372494913136

running unrestricted FCI...
FCI total energy= -1.0270393415631742
FCI correlation energy= -0.06666684665003819

######################## R=1.35 ###########################
building molecule...
ecore= 0.3919831191999999

nelec= (1, 1)
running unrestricted Hartree Fock...
converged SCF energy = -0.95720317507473  <S^2> = -8.8817842e-16  2S+1 = 1
Hartree Fock total energy= -0.9572031750747299

running unrestricted FCI...
FCI total energy= -1.0250543624687887
FCI correlation energy= -0.06785118739405882

######################## R=1.36 ###########################
building molecule...
ecore= 0.3891008903823529

nelec= (1, 1)
running unrestricted Hartree Fock...
converged SCF energy = -0.954041300142133  <S^2> = 6.6613381e-16  2S+1 = 1
Hartree Fock total energy= -0.9540413001421331

running unrestricted FCI...
FCI total energy= -1.0230912848680693
FCI correlation energy= -0.06904998472593626

######################## R=1.37 ###########################
building molecule...
ecore= 0.3862607378978101

nelec= (1, 1)
running unrestricted Hartree Fock...
converged SCF energy = -0.950887507819107  <S^2> = 0  2S+1 = 1
Hartree Fock total energy= -0.9508875078191069

running unrestricted FCI...
FCI total energy= -1.0211506473960328
FCI correlation energy= -0.07026313957692587

######################## R=1.38 ###########################
building molecule...
ecore= 0.3834617470434782

nelec= (1, 1)
running unrestricted Hartree Fock...
converged SCF energy = -0.947742412330414  <S^2> = 0  2S+1 = 1
Hartree Fock total energy= -0.9477424123304139

running unrestricted FCI...
FCI total energy= -1.019232954281587
FCI correlation energy= -0.0714905419511731

######################## R=1.39 ###########################
building molecule...
ecore= 0.3807030294388488

nelec= (1, 1)
running unrestricted Hartree Fock...
converged SCF energy = -0.94460660498047  <S^2> = 0  2S+1 = 1
Hartree Fock total energy= -0.9446066049804703

running unrestricted FCI...
FCI total energy= -1.0173386758917071
FCI correlation energy= -0.07273207091123679

######################## R=1.40 ###########################
building molecule...
ecore= 0.37798372208571424

nelec= (1, 1)
running unrestricted Hartree Fock...
converged SCF energy = -0.941480654707798  <S^2> = 2.220446e-16  2S+1 = 1
Hartree Fock total energy= -0.9414806547077981

running unrestricted FCI...
FCI total energy= -1.0154682492882448
FCI correlation energy= -0.07398759458044668

######################## R=1.41 ###########################
building molecule...
ecore= 0.375302986468085

nelec= (1, 1)
running unrestricted Hartree Fock...
converged SCF energy = -0.938365108635431  <S^2> = -8.8817842e-16  2S+1 = 1
Hartree Fock total energy= -0.9383651086354308

running unrestricted FCI...
FCI total energy= -1.0136220787979306
FCI correlation energy= -0.07525697016249988

######################## R=1.42 ###########################
building molecule...
ecore= 0.3726600076901408

nelec= (1, 1)
running unrestricted Hartree Fock...
converged SCF energy = -0.935260492617247  <S^2> = 0  2S+1 = 1
Hartree Fock total energy= -0.9352604926172468

running unrestricted FCI...
FCI total energy= -1.011800536595873
FCI correlation energy= -0.07654004397862635

######################## R=1.43 ###########################
building molecule...
ecore= 0.3700539936503496

nelec= (1, 1)
running unrestricted Hartree Fock...
converged SCF energy = -0.932167311779978  <S^2> = 0  2S+1 = 1
Hartree Fock total energy= -0.9321673117799776

running unrestricted FCI...
FCI total energy= -1.0100039633026419
FCI correlation energy= -0.07783665152266428

######################## R=1.44 ###########################
building molecule...
ecore= 0.3674841742499999

nelec= (1, 1)
running unrestricted Hartree Fock...
converged SCF energy = -0.929086051060533  <S^2> = 0  2S+1 = 1
Hartree Fock total energy= -0.9290860510605332

running unrestricted FCI...
FCI total energy= -1.0082326685948693
FCI correlation energy= -0.07914661753433605

######################## R=1.45 ###########################
building molecule...
ecore= 0.3649498006344827

nelec= (1, 1)
running unrestricted Hartree Fock...
converged SCF energy = -0.926017175738151  <S^2> = 0  2S+1 = 1
Hartree Fock total energy= -0.9260171757381512

running unrestricted FCI...
FCI total energy= -1.006486931829122
FCI correlation energy= -0.08046975609097085

######################## R=1.46 ###########################
building molecule...
ecore= 0.36245014446575335

nelec= (1, 1)
running unrestricted Hartree Fock...
converged SCF energy = -0.922961131960827  <S^2> = 0  2S+1 = 1
Hartree Fock total energy= -0.9229611319608269

running unrestricted FCI...
FCI total energy= -1.0047670026787026
FCI correlation energy= -0.0818058707178757

######################## R=1.47 ###########################
building molecule...
ecore= 0.3599844972244897

nelec= (1, 1)
running unrestricted Hartree Fock...
converged SCF energy = -0.919918347265408  <S^2> = -4.4408921e-16  2S+1 = 1
Hartree Fock total energy= -0.919918347265408

running unrestricted FCI...
FCI total energy= -1.003073101782918
FCI correlation energy= -0.08315475451750998

######################## R=1.48 ###########################
building molecule...
ecore= 0.3575521695405405

nelec= (1, 1)
running unrestricted Hartree Fock...
converged SCF energy = -0.916889231090753  <S^2> = 4.4408921e-16  2S+1 = 1
Hartree Fock total energy= -0.9168892310907534

running unrestricted FCI...
FCI total energy= -1.0014054214083297
FCI correlation energy= -0.08451619031757629

######################## R=1.49 ###########################
building molecule...
ecore= 0.3551524905503355

nelec= (1, 1)
running unrestricted Hartree Fock...
converged SCF energy = -0.913874175283293  <S^2> = -4.4408921e-16  2S+1 = 1
Hartree Fock total energy= -0.913874175283293

running unrestricted FCI...
FCI total energy= -0.9997641261213247
FCI correlation energy= -0.08588995083803175

######################## R=1.50 ###########################
building molecule...
ecore= 0.3527848072799999

nelec= (1, 1)
running unrestricted Hartree Fock...
converged SCF energy = -0.910873554594386  <S^2> = 0  2S+1 = 1
Hartree Fock total energy= -0.9108735545943865

running unrestricted FCI...
FCI total energy= -0.9981493534714101
FCI correlation energy= -0.08727579887702364

######################## R=1.51 ###########################
building molecule...
ecore= 0.35044848405298007

nelec= (1, 1)
running unrestricted Hartree Fock...
converged SCF energy = -0.90788772716889  <S^2> = 0  2S+1 = 1
Hartree Fock total energy= -0.9078877271688897

running unrestricted FCI...
FCI total energy= -0.9965612146845113
FCI correlation energy= -0.08867348751562165

######################## R=1.52 ###########################
building molecule...
ecore= 0.34814290192105257

nelec= (1, 1)
running unrestricted Hartree Fock...
converged SCF energy = -0.904917035024311  <S^2> = 0  2S+1 = 1
Hartree Fock total energy= -0.9049170350243111

running unrestricted FCI...
FCI total energy= -0.9949997953655095
FCI correlation energy= -0.09008276034119844

######################## R=1.53 ###########################
building molecule...
ecore= 0.34586745811764696

nelec= (1, 1)
running unrestricted Hartree Fock...
converged SCF energy = -0.901961804520204  <S^2> = -8.8817842e-16  2S+1 = 1
Hartree Fock total energy= -0.9019618045202037

running unrestricted FCI...
FCI total energy= -0.9934651562094202
FCI correlation energy= -0.09150335168921653

######################## R=1.54 ###########################
building molecule...
ecore= 0.3436215655324675

nelec= (1, 1)
running unrestricted Hartree Fock...
converged SCF energy = -0.899022346817133  <S^2> = 0  2S+1 = 1
Hartree Fock total energy= -0.8990223468171326

running unrestricted FCI...
FCI total energy= -0.9919573337202123
FCI correlation energy= -0.09293498690307977

######################## R=1.55 ###########################
building molecule...
ecore= 0.3414046522064515

nelec= (1, 1)
running unrestricted Hartree Fock...
converged SCF energy = -0.896098958324941  <S^2> = 0  2S+1 = 1
Hartree Fock total energy= -0.896098958324941

running unrestricted FCI...
FCI total energy= -0.9904763409366264
FCI correlation energy= -0.09437738261168538

######################## R=1.56 ###########################
building molecule...
ecore= 0.3392161608461538

nelec= (1, 1)
running unrestricted Hartree Fock...
converged SCF energy = -0.893191921139937  <S^2> = -4.4408921e-16  2S+1 = 1
Hartree Fock total energy= -0.8931919211399367

running unrestricted FCI...
FCI total energy= -0.9890221681641082
FCI correlation energy= -0.09583024702417142

######################## R=1.57 ###########################
building molecule...
ecore= 0.33705554835668783

nelec= (1, 1)
running unrestricted Hartree Fock...
converged SCF energy = -0.890301503470727  <S^2> = 0  2S+1 = 1
Hartree Fock total energy= -0.8903015034707268

running unrestricted FCI...
FCI total energy= -0.9875947837120688
FCI correlation energy= -0.09729328024134198

######################## R=1.58 ###########################
building molecule...
ecore= 0.334922285392405

nelec= (1, 1)
running unrestricted Hartree Fock...
converged SCF energy = -0.887427960052491  <S^2> = 0  2S+1 = 1
Hartree Fock total energy= -0.8874279600524915

running unrestricted FCI...
FCI total energy= -0.9861941346356113
FCI correlation energy= -0.09876617458311987

######################## R=1.59 ###########################
building molecule...
ecore= 0.3328158559245282

nelec= (1, 1)
running unrestricted Hartree Fock...
converged SCF energy = -0.884571532549557  <S^2> = 0  2S+1 = 1
Hartree Fock total energy= -0.8845715325495571

running unrestricted FCI...
FCI total energy= -0.9848201474809
FCI correlation energy= -0.10024861493134285

######################## R=1.60 ###########################
building molecule...
ecore= 0.33073575682499995

nelec= (1, 1)
running unrestricted Hartree Fock...
converged SCF energy = -0.881732449946057  <S^2> = -4.4408921e-16  2S+1 = 1
Hartree Fock total energy= -0.8817324499460566

running unrestricted FCI...
FCI total energy= -0.9834727290331735
FCI correlation energy= -0.10174027908711691

######################## R=1.61 ###########################
building molecule...
ecore= 0.3286814974658384

nelec= (1, 1)
running unrestricted Hartree Fock...
converged SCF energy = -0.878910928924849  <S^2> = 0  2S+1 = 1
Hartree Fock total energy= -0.8789109289248495

running unrestricted FCI...
FCI total energy= -0.9821517670667527
FCI correlation energy= -0.10324083814190321

######################## R=1.62 ###########################
building molecule...
ecore= 0.32665259933333324

nelec= (1, 1)
running unrestricted Hartree Fock...
converged SCF energy = -0.876107174234548  <S^2> = 0  2S+1 = 1
Hartree Fock total energy= -0.8761071742345475

running unrestricted FCI...
FCI total energy= -0.9808571310959656
FCI correlation energy= -0.10474995686141808

######################## R=1.63 ###########################
building molecule...
ecore= 0.32464859565644166

nelec= (1, 1)
running unrestricted Hartree Fock...
converged SCF energy = -0.873321379044796  <S^2> = 2.220446e-16  2S+1 = 1
Hartree Fock total energy= -0.8733213790447959

running unrestricted FCI...
FCI total energy= -0.9795886731261824
FCI correlation energy= -0.10626729408138647

######################## R=1.64 ###########################
building molecule...
ecore= 0.32266903104878036

nelec= (1, 1)
running unrestricted Hartree Fock...
converged SCF energy = -0.870553725289938  <S^2> = -8.8817842e-16  2S+1 = 1
Hartree Fock total energy= -0.8705537252899376

running unrestricted FCI...
FCI total energy= -0.9783462284040643
FCI correlation energy= -0.10779250311412669

######################## R=1.65 ###########################
building molecule...
ecore= 0.3207134611636363

nelec= (1, 1)
running unrestricted Hartree Fock...
converged SCF energy = -0.867804384001217  <S^2> = 0  2S+1 = 1
Hartree Fock total energy= -0.8678043840012172

running unrestricted FCI...
FCI total energy= -0.9771296161660871
FCI correlation energy= -0.10932523216486989

######################## R=1.66 ###########################
building molecule...
ecore= 0.31878145236144567

nelec= (1, 1)
running unrestricted Hartree Fock...
converged SCF energy = -0.86507351562771  <S^2> = 0  2S+1 = 1
Hartree Fock total energy= -0.8650735156277101

running unrestricted FCI...
FCI total energy= -0.9759386403844541
FCI correlation energy= -0.11086512475674404

######################## R=1.67 ###########################
building molecule...
ecore= 0.3168725813892215

nelec= (1, 1)
running unrestricted Hartree Fock...
converged SCF energy = -0.862361270346288  <S^2> = 0  2S+1 = 1
Hartree Fock total energy= -0.8623612703462884

running unrestricted FCI...
FCI total energy= -0.9747730905094942
FCI correlation energy= -0.11241182016320583

######################## R=1.68 ###########################
building molecule...
ecore= 0.3149864350714285

nelec= (1, 1)
running unrestricted Hartree Fock...
converged SCF energy = -0.859667788360833  <S^2> = 0  2S+1 = 1
Hartree Fock total energy= -0.859667788360833

running unrestricted FCI...
FCI total energy= -0.9736327422075988
FCI correlation energy= -0.11396495384676575

######################## R=1.69 ###########################
building molecule...
ecore= 0.3131226100118343

nelec= (1, 1)
running unrestricted Hartree Fock...
converged SCF energy = -0.856993200191061  <S^2> = 2.220446e-16  2S+1 = 1
Hartree Fock total energy= -0.8569932001910614

running unrestricted FCI...
FCI total energy= -0.9725173580938393
FCI correlation energy= -0.11552415790277792

######################## R=1.70 ###########################
building molecule...
ecore= 0.3112807123058823

nelec= (1, 1)
running unrestricted Hartree Fock...
converged SCF energy = -0.854337626951292  <S^2> = 0  2S+1 = 1
Hartree Fock total energy= -0.8543376269512917

running unrestricted FCI...
FCI total energy= -0.9714266884583409
FCI correlation energy= -0.11708906150704923

######################## R=1.71 ###########################
building molecule...
ecore= 0.3094603572631578

nelec= (1, 1)
running unrestricted Hartree Fock...
converged SCF energy = -0.851701180619484  <S^2> = -8.8817842e-16  2S+1 = 1
Hartree Fock total energy= -0.8517011806194836

running unrestricted FCI...
FCI total energy= -0.9703604719855037
FCI correlation energy= -0.11865929136602005

######################## R=1.72 ###########################
building molecule...
ecore= 0.3076611691395348

nelec= (1, 1)
running unrestricted Hartree Fock...
converged SCF energy = -0.849083964296927  <S^2> = 2.220446e-16  2S+1 = 1
Hartree Fock total energy= -0.8490839642969275

running unrestricted FCI...
FCI total energy= -0.9693184364651968
FCI correlation energy= -0.12023447216826932

######################## R=1.73 ###########################
building molecule...
ecore= 0.3058827808786126

nelec= (1, 1)
running unrestricted Hartree Fock...
converged SCF energy = -0.846486072459017  <S^2> = 4.4408921e-16  2S+1 = 1
Hartree Fock total energy= -0.8464860724590169

running unrestricted FCI...
FCI total energy= -0.9683002994951058
FCI correlation energy= -0.1218142270360889

######################## R=1.74 ###########################
building molecule...
ecore= 0.3041248338620689

nelec= (1, 1)
running unrestricted Hartree Fock...
converged SCF energy = -0.843907591197447  <S^2> = 0  2S+1 = 1
Hartree Fock total energy= -0.8439075911974473

running unrestricted FCI...
FCI total energy= -0.9673057691733086
FCI correlation energy= -0.12339817797586128

######################## R=1.75 ###########################
building molecule...
ecore= 0.3023869776685713

nelec= (1, 1)
running unrestricted Hartree Fock...
converged SCF energy = -0.841348598454279  <S^2> = -4.4408921e-16  2S+1 = 1
Hartree Fock total energy= -0.841348598454279

running unrestricted FCI...
FCI total energy= -0.9663345447803091
FCI correlation energy= -0.1249859463260301

######################## R=1.76 ###########################
building molecule...
ecore= 0.300668869840909

nelec= (1, 1)
running unrestricted Hartree Fock...
converged SCF energy = -0.838809164248252  <S^2> = 0  2S+1 = 1
Hartree Fock total energy= -0.8388091642482518

running unrestricted FCI...
FCI total energy= -0.9653863174496988
FCI correlation energy= -0.12657715320144702

######################## R=1.77 ###########################
building molecule...
ecore= 0.29897017566101686

nelec= (1, 1)
running unrestricted Hartree Fock...
converged SCF energy = -0.836289350893777  <S^2> = 0  2S+1 = 1
Hartree Fock total energy= -0.8362893508937772

running unrestricted FCI...
FCI total energy= -0.9644607708266901
FCI correlation energy= -0.12817141993291292

######################## R=1.78 ###########################
building molecule...
ecore= 0.2972905679325842

nelec= (1, 1)
running unrestricted Hartree Fock...
converged SCF energy = -0.833789213213007  <S^2> = 0  2S+1 = 1
Hartree Fock total energy= -0.8337892132130067

running unrestricted FCI...
FCI total energy= -0.9635575817137672
FCI correlation energy= -0.12976836850076046

######################## R=1.79 ###########################
building molecule...
ecore= 0.2956297267709496

nelec= (1, 1)
running unrestricted Hartree Fock...
converged SCF energy = -0.831308798741366  <S^2> = -4.4408921e-16  2S+1 = 1
Hartree Fock total energy= -0.8313087987413659

running unrestricted FCI...
FCI total energy= -0.9626764207027421
FCI correlation energy= -0.1313676219613762

######################## R=1.80 ###########################
building molecule...
ecore= 0.2939873393999999

nelec= (1, 1)
running unrestricted Hartree Fock...
converged SCF energy = -0.828848147926977  <S^2> = 0  2S+1 = 1
Hartree Fock total energy= -0.8288481479269769

running unrestricted FCI...
FCI total energy= -0.9618169527925806
FCI correlation energy= -0.1329688048656037

######################## R=1.81 ###########################
building molecule...
ecore= 0.292363099955801

nelec= (1, 1)
running unrestricted Hartree Fock...
converged SCF energy = -0.826407294324324  <S^2> = -4.4408921e-16  2S+1 = 1
Hartree Fock total energy= -0.8264072943243245

running unrestricted FCI...
FCI total energy= -0.9609788379923193
FCI correlation energy= -0.13457154366799484

######################## R=1.82 ###########################
building molecule...
ecore= 0.2907567092967032

nelec= (1, 1)
running unrestricted Hartree Fock...
converged SCF energy = -0.823986264782554  <S^2> = 0  2S+1 = 1
Hartree Fock total energy= -0.8239862647825535

running unrestricted FCI...
FCI total energy= -0.9601617319085152
FCI correlation energy= -0.13617546712596162

######################## R=1.83 ###########################
building molecule...
ecore= 0.28916787481967204

nelec= (1, 1)
running unrestricted Hartree Fock...
converged SCF energy = -0.821585079628782  <S^2> = 0  2S+1 = 1
Hartree Fock total energy= -0.8215850796287822

running unrestricted FCI...
FCI total energy= -0.9593652863166999
FCI correlation energy= -0.13778020668791768

######################## R=1.84 ###########################
building molecule...
ecore= 0.28759631028260857

nelec= (1, 1)
running unrestricted Hartree Fock...
converged SCF energy = -0.8192037528467  <S^2> = 0  2S+1 = 1
Hartree Fock total energy= -0.8192037528467001

running unrestricted FCI...
FCI total energy= -0.9585891497162967
FCI correlation energy= -0.1393853968695966

######################## R=1.85 ###########################
building molecule...
ecore= 0.28604173563243235

nelec= (1, 1)
running unrestricted Hartree Fock...
converged SCF energy = -0.816842292250873  <S^2> = 0  2S+1 = 1
Hartree Fock total energy= -0.8168422922508733

running unrestricted FCI...
FCI total energy= -0.9578329678685793
FCI correlation energy= -0.14099067561770595

######################## R=1.86 ###########################
building molecule...
ecore= 0.2845038768387096

nelec= (1, 1)
running unrestricted Hartree Fock...
converged SCF energy = -0.814500699657074  <S^2> = 0  2S+1 = 1
Hartree Fock total energy= -0.8145006996570743

running unrestricted FCI...
FCI total energy= -0.9570963843173441
FCI correlation energy= -0.14259568466026984

######################## R=1.87 ###########################
building molecule...
ecore= 0.2829824657326202

nelec= (1, 1)
running unrestricted Hartree Fock...
converged SCF energy = -0.812178971048832  <S^2> = -4.4408921e-16  2S+1 = 1
Hartree Fock total energy= -0.8121789710488315

running unrestricted FCI...
FCI total energy= -0.9563790408918064
FCI correlation energy= -0.14420006984297484

######################## R=1.88 ###########################
building molecule...
ecore= 0.28147723985106377

nelec= (1, 1)
running unrestricted Hartree Fock...
converged SCF energy = -0.809877096740579  <S^2> = 0  2S+1 = 1
Hartree Fock total energy= -0.809877096740579

running unrestricted FCI...
FCI total energy= -0.9556805781915426
FCI correlation energy= -0.14580348145096367

######################## R=1.89 ###########################
building molecule...
ecore= 0.27998794228571416

nelec= (1, 1)
running unrestricted Hartree Fock...
converged SCF energy = -0.807595061537652  <S^2> = 0  2S+1 = 1
Hartree Fock total energy= -0.8075950615376519

running unrestricted FCI...
FCI total energy= -0.955000636053204
FCI correlation energy= -0.14740557451555203

######################## R=1.90 ###########################
building molecule...
ecore= 0.278514321536842

nelec= (1, 1)
running unrestricted Hartree Fock...
converged SCF energy = -0.805332844893277  <S^2> = -4.4408921e-16  2S+1 = 1
Hartree Fock total energy= -0.8053328448932771

running unrestricted FCI...
FCI total energy= -0.9543388539987272
FCI correlation energy= -0.14900600910545014

######################## R=1.91 ###########################
building molecule...
ecore= 0.27705613137172763

nelec= (1, 1)
running unrestricted Hartree Fock...
converged SCF energy = -0.803090421063005  <S^2> = 0  2S+1 = 1
Hartree Fock total energy= -0.803090421063005

running unrestricted FCI...
FCI total energy= -0.9536948716651348
FCI correlation energy= -0.1506044506021298

######################## R=1.92 ###########################
building molecule...
ecore= 0.27561313068749993

nelec= (1, 1)
running unrestricted Hartree Fock...
converged SCF energy = -0.800867759256533  <S^2> = -4.4408921e-16  2S+1 = 1
Hartree Fock total energy= -0.8008677592565331

running unrestricted FCI...
FCI total energy= -0.9530683292155396
FCI correlation energy= -0.15220056995900655

######################## R=1.93 ###########################
building molecule...
ecore= 0.2741850833782382

nelec= (1, 1)
running unrestricted Hartree Fock...
converged SCF energy = -0.798664823787258  <S^2> = 0  2S+1 = 1
Hartree Fock total energy= -0.798664823787258

running unrestricted FCI...
FCI total energy= -0.9524588677315089
FCI correlation energy= -0.1537940439442509

######################## R=1.94 ###########################
building molecule...
ecore= 0.2727717582061855

nelec= (1, 1)
running unrestricted Hartree Fock...
converged SCF energy = -0.796481574219701  <S^2> = -4.4408921e-16  2S+1 = 1
Hartree Fock total energy= -0.7964815742197009

running unrestricted FCI...
FCI total energy= -0.9518661295867377
FCI correlation energy= -0.15538455536703677

######################## R=1.95 ###########################
building molecule...
ecore= 0.271372928676923

nelec= (1, 1)
running unrestricted Hartree Fock...
converged SCF energy = -0.794317965514931  <S^2> = -4.4408921e-16  2S+1 = 1
Hartree Fock total energy= -0.7943179655149312

running unrestricted FCI...
FCI total energy= -0.9512897588020878
FCI correlation energy= -0.1569717932871566

######################## R=1.96 ###########################
building molecule...
ecore= 0.26998837291836725

nelec= (1, 1)
running unrestricted Hartree Fock...
converged SCF energy = -0.792173948174151  <S^2> = -4.4408921e-16  2S+1 = 1
Hartree Fock total energy= -0.792173948174151

running unrestricted FCI...
FCI total energy= -0.9507294013821042
FCI correlation energy= -0.15855545320795317

######################## R=1.97 ###########################
building molecule...
ecore= 0.2686178735634517

nelec= (1, 1)
running unrestricted Hartree Fock...
converged SCF energy = -0.790049468380533  <S^2> = 0  2S+1 = 1
Hartree Fock total energy= -0.7900494683805332

running unrestricted FCI...
FCI total energy= -0.950184705633141
FCI correlation energy= -0.1601352372526077

######################## R=1.98 ###########################
building molecule...
ecore= 0.2672612176363635

nelec= (1, 1)
running unrestricted Hartree Fock...
converged SCF energy = -0.787944468139425  <S^2> = 0  2S+1 = 1
Hartree Fock total energy= -0.7879444681394252

running unrestricted FCI...
FCI total energy= -0.9496553224633006
FCI correlation energy= -0.16171085432387544

######################## R=1.99 ###########################
building molecule...
ecore= 0.265918196442211

nelec= (1, 1)
running unrestricted Hartree Fock...
converged SCF energy = -0.785858885416989  <S^2> = -4.4408921e-16  2S+1 = 1
Hartree Fock total energy= -0.7858588854169888

running unrestricted FCI...
FCI total energy= -0.9491409056643922
FCI correlation energy= -0.16328202024740346

######################## R=2.00 ###########################
building molecule...
ecore= 0.2645886054599999

nelec= (1, 1)
running unrestricted Hartree Fock...
converged SCF energy = -0.783792654277353  <S^2> = 0  2S+1 = 1
Hartree Fock total energy= -0.783792654277353

running unrestricted FCI...
FCI total energy= -0.9486411121761855
FCI correlation energy= -0.1648484578988325
