run = 0
step= 49

nparam= 51
        dense amplitude time= 0.0009777545928955078
        total non-zero amplitudes= 36
        nsamples per process= 12
self.n= 0.5371077112299694
        collect g,h time= 0.15720534324645996
E=-4.339400368089113,dE=-4.2010839251815923e-13,std=0
L=-4.339400368089113,dL=-4.2010839251815923e-13,std=0
        gnorm= 4.650318045155965e-05
        collect S matrix time= 4.458427429199219e-05
        nonzero=30,wmax=2.203366991085987,wmin=0.002783691718192826
        SR solver time= 0.00032138824462890625
        collect H matrix time= 3.743171691894531e-05
        nonzero=31,smax=3.124118077826132,smin=0.0041491300487251255
        RGN solver time= 0.0005095005035400391
        xnorm=1.2309692627967064,dnorm=6.492477012069956e-07
        dense amplitude time= 0.0010380744934082031
        total non-zero amplitudes= 36
        nsamples per process= 12
self.n= 0.5371076820166709
        RGN updated loss=-4.339400368089488,dloss=-3.7481129311345285e-13
[-0.0265681274 -0.1665244259  0.0004378723  0.0739891598 -0.0544066292
  0.1404884712 -0.2416736332]
[ 0.2072637406  0.0173916815  0.107948892  -0.0474907149 -0.1601961362
  0.0440560966  0.042745163  -0.0521060637 -0.0131349191  0.1243534233
  0.0565268325 -0.2759431012  0.1548033609  0.0417314987 -0.1183723885
 -0.168299786 ]
[ 0.0459713357  0.0008397191  0.2382143093  0.0492556467 -0.3134721208
 -0.019679738  -0.0248967674  0.3265695891  0.0274102428 -0.0581753268
  0.0153169355  0.0371122372  0.0422618238 -0.0479322927 -0.0089882221
  0.0128227009  0.0485303397  0.3483986498  0.0090094326 -0.2917278403
  0.0387383326  0.0587588108 -0.1039667189 -0.0128861693 -0.5805700224
 -0.551349172   0.0167590966  0.0669001154]
