run = 0
step= 29

nparam= 38
        dense amplitude time= 0.0017888545989990234
        total non-zero amplitudes= 36
        nsamples per process= 36
self.n= 0.686322477661208
        collect g,h time= 0.3021378517150879
E=-4.456292214659018,dE=-0.00025569669324720934,std=0
L=-4.456292214659018,dL=-0.00025569669324720934,std=0
        gnorm= 0.027340202538636813
        collect S matrix time= 8.797645568847656e-05
        nonzero=19,wmax=1.4576730644608815,wmin=0.04533319310493603
        SR solver time= 0.0002429485321044922
        xnorm=0.7184062907894663,dnorm=0.005397106062344903
[ 0.1999830886 -0.0122775989  0.1118124942 -0.0533437358  0.0660195859
 -0.0796913579]
[ 0.0216813299  0.0103503897 -0.0919919049  0.0914992223]
[ 0.0074887703 -0.0158782241 -0.0718399591  0.0289318375  0.0307992811
  0.0043048108 -0.0179144029  0.0057455052  0.020420814   0.0677547514
 -0.0085074636  0.0032495243 -0.0402488632  0.0003277247  0.0011712903
  0.0063712827  0.0247280215 -0.1024712558 -0.0106475711 -0.0350234965
 -0.0529165941 -0.0039866592 -0.0003239546 -0.0282151413  0.4802804591
  0.4059554215  0.0355280786  0.0944979577]
step= 49

nparam= 38
        dense amplitude time= 0.0017268657684326172
        total non-zero amplitudes= 36
        nsamples per process= 36
self.n= 0.5872153438695444
        collect g,h time= 0.2949812412261963
E=-4.463614350365353,dE=-1.0682902997771748e-06,std=0
L=-4.463614350365353,dL=-1.0682902997771748e-06,std=0
        gnorm= 0.000883324997623883
        collect S matrix time= 5.626678466796875e-05
        xnorm=0.9623910008604528,dnorm=0.0
        nonzero=19,wmax=1.905644695722423,wmin=0.01749205243910697
        SR solver time= 0.0002434253692626953
        collect H matrix time= 2.9802322387695312e-05
        nonzero=19,smax=2.8868660967394897,smin=0.03351086292588762
        RGN solver time= 0.00028228759765625
        xnorm=0.9623910008604528,dnorm=0.0009972724964057698
        dense amplitude time= 0.001714468002319336
        total non-zero amplitudes= 36
        nsamples per process= 36
self.n= 0.5869459335331941
        RGN updated loss=-4.463615039634395,dloss=-6.892690418425218e-07
[ 0.1375042865 -0.3250282187  0.1688138168 -0.1103450585  0.2538149282
  0.1244001092]
[ 0.0231755809  0.0110250621 -0.0971611887  0.0938161675]
[ 0.0198394783 -0.0007555519 -0.2596115349  0.0199066406  0.1201535423
 -0.0193027414 -0.0185398837 -0.1834152338  0.0042329439  0.1605134185
  0.0010682296  0.003791669  -0.0589235042 -0.0202135407 -0.0238654781
  0.0105227327  0.0254188857 -0.1886264019 -0.0154806708 -0.0685073257
 -0.1435024273 -0.0042931025  0.0173965946 -0.0213759378  0.5069121386
  0.4340105056  0.026099068   0.0842425751]

run = 1
step= 29

nparam= 38
        dense amplitude time= 0.0009894371032714844
        total non-zero amplitudes= 36
        nsamples per process= 12
self.n= 0.6453151101650607
        collect g,h time= 0.15322399139404297
E=-4.469120736432845,dE=-4.546455674159233e-07,std=0
L=-4.469120736432845,dL=-4.546455674159233e-07,std=0
        gnorm= 0.0011121901617167297
        collect S matrix time= 3.910064697265625e-05
        nonzero=20,wmax=2.6423081671561435,wmin=0.00913046738128898
        SR solver time= 0.0002598762512207031
        collect H matrix time= 3.0517578125e-05
        nonzero=20,smax=7.906993620752931,smin=0.027788100770274948
        RGN solver time= 0.0002613067626953125
        xnorm=1.494084798113653,dnorm=0.0005151168065174546
        dense amplitude time= 0.0010068416595458984
        total non-zero amplitudes= 36
        nsamples per process= 12
self.n= 0.6450816911520963
        RGN updated loss=-4.46912109333926,dloss=-3.5690641553287605e-07
[ 0.1576077361  0.0172688978  0.1272777774 -0.1413809405  0.0669479799
 -0.0793050792]
[ 0.103352221   0.6926100181  0.7737801119 -0.7492263887]
[ 0.0097492469  0.0060549431 -0.3277577098 -0.0007687258  0.1755012041
  0.0281193243 -0.0020233117 -0.2696727922 -0.0035122472  0.166505193
  0.0019245005 -0.0139742556 -0.0221514734  0.0202121754  0.015619101
 -0.008631137   0.0058922977 -0.201673878  -0.0066642032 -0.0149839724
 -0.2314880419 -0.0056442148  0.0296375648 -0.0051959229  0.2799722599
  0.3071113187  0.0084998421  0.0176432003]

run = 2
step= 29

nparam= 38
        dense amplitude time= 0.0009531974792480469
        total non-zero amplitudes= 36
        nsamples per process= 12
self.n= 0.6440762711193833
        collect g,h time= 0.14671039581298828
E=-4.469122077205386,dE=-7.044934413613646e-08,std=0
L=-4.469122077205386,dL=-7.044934413613646e-08,std=0
        gnorm= 0.0009590593520096847
        collect S matrix time= 4.029273986816406e-05
        nonzero=20,wmax=2.6424026003605112,wmin=0.009086926415909394
        SR solver time= 0.0002281665802001953
        collect H matrix time= 2.9087066650390625e-05
        nonzero=20,smax=7.9058249083066965,smin=0.027660238278775628
        RGN solver time= 0.00023865699768066406
        xnorm=1.4938794534269766,dnorm=0.00020277517280522028
        dense amplitude time= 0.0009627342224121094
        total non-zero amplitudes= 36
        nsamples per process= 12
self.n= 0.6439848063437634
        RGN updated loss=-4.469122132518638,dloss=-5.5313252644850763e-08
[ 0.1572551605  0.0173682211  0.1276130318 -0.141716195   0.0665329721
 -0.0789014671]
[ 0.103207897   0.6912028514  0.7734744859 -0.7489227298]
[ 0.0097746832  0.0060077019 -0.3286119336 -0.0007299123  0.1757554339
  0.0281698297 -0.0020643899 -0.270522795  -0.0034288124  0.1668587739
  0.0018831841 -0.0139396641 -0.0221497141  0.0202366659  0.0155933718
 -0.008629442   0.0058507707 -0.2019336714 -0.006646842  -0.0150079931
 -0.23184536   -0.0056077194  0.0296648551 -0.0051144381  0.2807459583
  0.3078780225  0.0084585854  0.0176650952]
