run = 0
step= 99

nparam= 49
        dense amplitude time= 0.0009911060333251953
        total non-zero amplitudes= 36
        nsamples per process= 12
self.n= 0.13942768561398775
        collect g,h time= 0.15442609786987305
E=-4.4418503311241535,dE=-4.760636329592671e-13,std=0
L=-4.4418503311241535,dL=-4.760636329592671e-13,std=0
        gnorm= 5.647004734812854e-07
        collect S matrix time= 3.790855407714844e-05
        SR solver time= 7.724761962890625e-05
        collect H matrix time= 3.1948089599609375e-05
        RGN solver time= 5.221366882324219e-05
        xnorm=2.5980037796534163,dnorm=9.212445202045683e-06
        dense amplitude time= 0.0008394718170166016
        total non-zero amplitudes= 36
        nsamples per process= 12
self.n= 0.13942820522923177
        RGN updated loss=-4.441850331124572,dloss=-4.18332035678759e-13
[-0.6692788297 -0.7602200175 -0.0005155891  0.2029961564  0.0298903213
  0.6540237783]
[ 0.2240883747  0.0007267778  0.3281910718  0.0008605573 -0.0238269145
 -0.2516866676  0.0013878543 -0.0050153894  0.0007696147  0.1093755937
  0.001703023  -0.0933042608 -0.2627503248  0.0015667032 -0.1430274464
  1.8087762728]
[-0.0193605146 -0.0125515311 -0.6213187911  0.0661057619 -0.07037838
 -0.1463761467  0.081097138  -0.7880079845  0.0052449862 -0.0834269777
 -0.1130122401 -0.0218276965 -0.0183165828 -0.0491066568  0.0432103127
  0.0242540858 -0.1863606144 -0.0172597079  0.0200198839 -0.0612326679
 -0.0556211288  0.0122661773 -0.0095650584  0.4923434302  0.542172744
  0.0091090237  0.0307930375]
