R = 1.07
step= 9

nparam= 49
        dense amplitude time= 0.0019829273223876953
        total non-zero amplitudes= 36
        nsamples per process= 12
self.n= 0.3551965114581735
        collect g,h time= 0.15363335609436035
E=-4.501970302741535,dE=-8.881784197001252e-16,std=0
L=-4.501970302741535,dL=-8.881784197001252e-16,std=0
        gnorm= 4.604885243503323e-08
        collect S matrix time= 0.000164031982421875
        nonzero=29,wmax=5.473554381508015,wmin=0.0182750375524136
        SR solver time= 0.00027680397033691406
        collect H matrix time= 3.6716461181640625e-05
        nonzero=29,smax=8.757357834207797,smin=0.038573385713964646
        RGN solver time= 0.00035381317138671875
        xnorm=1.7885857322863483,dnorm=2.7446536548128108e-08
        dense amplitude time= 0.0009138584136962891
        total non-zero amplitudes= 36
        nsamples per process= 12
self.n= 0.3551965114442013
        RGN updated loss=-4.501970302741763,dloss=-2.282618538629322e-13
[-0.1136067423 -0.6648721131 -0.0008456822  0.2899962152  0.010592852
  0.2960789248]
[-0.0357530726 -0.0028428927  0.2229107053 -0.0047193631  0.1242552156
  0.2542502026  0.0043085175 -0.0393810775 -0.0021017207 -0.0875352239
  0.0028194215  0.0694532288  0.1944231223 -0.000531621  -0.0986635398
  1.0953085128]
[-0.0244589995  0.0175534557  0.4641500094 -0.0000345201 -0.0793597527
 -0.1723469162  0.0344310034  0.5934501886 -0.0150084843  0.1435688986
  0.0070992978 -0.1166447412 -0.0250292886 -0.0801045832  0.0234441709
  0.0220233905  0.0594983913  0.00284695    0.0647470715 -0.0095145967
  0.0009562828 -0.1112157561 -0.0631091016 -0.470890068  -0.5165431817
  0.0644840667 -0.1209986592]

R = 1.09
step= 49

nparam= 49
        dense amplitude time= 0.0015263557434082031
        total non-zero amplitudes= 36
        nsamples per process= 12
self.n= 0.33896061796385446
        collect g,h time= 0.15304350852966309
E=-4.471265450311083,dE=-8.881784197001252e-16,std=0
L=-4.471265450311083,dL=-8.881784197001252e-16,std=0
        gnorm= 0.00011827614299207271
        collect S matrix time= 8.058547973632812e-05
        nonzero=29,wmax=5.71509933347374,wmin=0.0216513858985606
        SR solver time= 0.0002703666687011719
        collect H matrix time= 3.0040740966796875e-05
        nonzero=29,smax=9.12675092124304,smin=0.04488984611189925
        RGN solver time= 0.0004239082336425781
        xnorm=1.7984961436848783,dnorm=2.2680817481663023e-08
        dense amplitude time= 0.0009198188781738281
        total non-zero amplitudes= 36
        nsamples per process= 12
self.n= 0.33896061831294255
        RGN updated loss=-4.471265450311084,dloss=-8.881784197001252e-16
[-0.1069534144 -0.6621273288 -0.0007976137  0.2754696729  0.0171998307
  0.293551115 ]
[-0.0374810446 -0.002805635   0.220898681  -0.0045873623  0.1277607698
  0.248641358   0.0045250161 -0.0440855044 -0.0020846631 -0.0938722273
  0.0031068185  0.0675561351  0.2009137456 -0.0004815628 -0.1038683651
  1.0965307645]
[-0.0244516981  0.0181345893  0.472837058  -0.0008172008 -0.0872873483
 -0.1724333805  0.0342990204  0.6023226341 -0.0153800986  0.140165927
  0.0077014169 -0.1215959667 -0.0247835983 -0.0806460976  0.0232332228
  0.0228594778  0.068905958   0.0034340584  0.0707173691 -0.004906027
  0.000534482  -0.1110844585 -0.0645295872 -0.4819973398 -0.5280709434
  0.0662318533 -0.1205510324]

R = 1.11
step= 49

nparam= 49
        dense amplitude time= 0.002254486083984375
        total non-zero amplitudes= 36
        nsamples per process= 12
self.n= 0.3227028483538084
        collect g,h time= 0.15543556213378906
E=-4.441802165336061,dE=-8.881784197001252e-16,std=0
L=-4.441802165336061,dL=-8.881784197001252e-16,std=0
        gnorm= 0.0002798548419031862
        collect S matrix time= 0.00013780593872070312
        nonzero=29,wmax=6.033647565538089,wmin=0.02520865921602101
        SR solver time= 0.0002987384796142578
        collect H matrix time= 3.075599670410156e-05
        nonzero=29,smax=9.549864187538208,smin=0.051234303650922366
        RGN solver time= 0.0003657341003417969
        xnorm=1.8094919003282126,dnorm=2.0630308208925605e-08
        dense amplitude time= 0.0009458065032958984
        total non-zero amplitudes= 36
        nsamples per process= 12
self.n= 0.3227028489497655
        RGN updated loss=-4.441802165336063,dloss=-1.7763568394002505e-15
[-0.1001054673 -0.6593804435 -0.0007624106  0.2593642737  0.0248018827
  0.2908711181]
[-0.0390999615 -0.0027314198  0.2184911694 -0.0044742466  0.1317526595
  0.2423541174  0.0047566684 -0.0489206175 -0.0020652131 -0.1007231075
  0.0034185206  0.0647762973  0.2079712915 -0.0004148964 -0.1096289905
  1.0979751095]
[-0.0244552773  0.0187661549  0.4819180445 -0.0016759188 -0.0959859442
 -0.1724278448  0.0341379517  0.6116041786 -0.0157779007  0.1362898286
  0.0083956847 -0.1270301587 -0.024495816  -0.0813519241  0.0229825577
  0.0238069803  0.0792647234  0.0041504964  0.0772907834  0.0003338054
  0.0000693162 -0.1109412662 -0.0660115147 -0.4935468793 -0.5400889674
  0.0680816723 -0.1200520871]

R = 1.13
step= 49

nparam= 49
        dense amplitude time= 0.004903554916381836
        total non-zero amplitudes= 36
        nsamples per process= 12
self.n= 0.3081751384444288
        collect g,h time= 0.15358805656433105
E=-4.413700789418579,dE=-6.217248937900877e-15,std=0
L=-4.413700789418579,dL=-6.217248937900877e-15,std=0
        gnorm= 0.00040779832737162836
        collect S matrix time= 9.751319885253906e-05
        nonzero=29,wmax=6.413893613372513,wmin=0.02919010254181163
        SR solver time= 0.0002942085266113281
        collect H matrix time= 3.0040740966796875e-05
        nonzero=30,smax=9.994746792129341,smin=0.01111874284771635
        RGN solver time= 0.0003848075866699219
        xnorm=1.8205287741287655,dnorm=5.5665509083103987e-08
        dense amplitude time= 0.0009312629699707031
        total non-zero amplitudes= 36
        nsamples per process= 12
self.n= 0.308175138252241
        RGN updated loss=-4.413700789418584,dloss=-5.329070518200751e-15
[-0.0852441254 -0.662897535  -0.0009169802  0.2328392697  0.0349074554
  0.2870247569]
[-0.0401121234 -0.0026213522  0.2118011864 -0.0044721077  0.14175674
  0.2385978862  0.0051283616 -0.0378950614 -0.0019918365 -0.0975149574
  0.003584485   0.0535550197  0.2173017067 -0.0003418079 -0.1120034192
  1.1017149064]
[-0.0244780232  0.0193209436  0.488904591  -0.0026039299 -0.1000683522
 -0.1778903019  0.0343974297  0.6175153268 -0.0161219028  0.1273990775
  0.0094700977 -0.1322151534 -0.0242244855 -0.0708745885  0.0218663723
  0.0247517598  0.0882411198  0.0045991171  0.0780964108  0.0138886287
 -0.0009970072 -0.1107358573 -0.0678606306 -0.5060257997 -0.5547373071
  0.0701385437 -0.1194702766]

R = 1.15
step= 49

nparam= 49
        dense amplitude time= 0.0008633136749267578
        total non-zero amplitudes= 36
        nsamples per process= 12
self.n= 0.2932252379298942
        collect g,h time= 0.15361356735229492
E=-4.387082084062681,dE=-2.6645352591003757e-14,std=0
L=-4.387082084062681,dL=-2.6645352591003757e-14,std=0
        gnorm= 0.0006272829766740098
        collect S matrix time= 5.984306335449219e-05
        nonzero=29,wmax=6.839096153099447,wmin=0.03157569286294564
        SR solver time= 0.0002894401550292969
        collect H matrix time= 3.0040740966796875e-05
        nonzero=30,smax=10.492970943110608,smin=0.013277514168038731
        RGN solver time= 0.00038361549377441406
        xnorm=1.8344045347178757,dnorm=1.1476585142484417e-07
        dense amplitude time= 0.0009763240814208984
        total non-zero amplitudes= 36
        nsamples per process= 12
self.n= 0.29322523728227556
        RGN updated loss=-4.387082084062702,dloss=-2.1316282072803006e-14
[-0.0756032835 -0.6633832951 -0.0009915046  0.2112800518  0.0458776567
  0.2834964187]
[-0.0412975373 -0.0024801334  0.2075715821 -0.0044275103  0.147711139
  0.2323465051  0.0054190108 -0.0379046512 -0.0019367134 -0.1010941274
  0.0038677429  0.0473353334  0.2260798373 -0.0002371356 -0.1167683403
  1.1042291079]
[-0.0244991254  0.0200240144  0.497970822  -0.0036512153 -0.1085090493
 -0.1795169384  0.0343148452  0.6263297878 -0.0165562291  0.1208375692
  0.0104713843 -0.1383533507 -0.0238595647 -0.0681054468  0.0212336783
  0.0258842482  0.0995825334  0.0054284312  0.0836336265  0.0230749497
 -0.0017680078 -0.1105408986 -0.0696197642 -0.5189496091 -0.5686732627
  0.0722857565 -0.1188216342]

R = 1.17
step= 49

nparam= 49
        dense amplitude time= 0.00099945068359375
        total non-zero amplitudes= 36
        nsamples per process= 12
self.n= 0.27940628468558504
        collect g,h time= 0.15329766273498535
E=-4.362088695904463,dE=-1.4299672557172016e-13,std=0
L=-4.362088695904463,dL=-1.4299672557172016e-13,std=0
        gnorm= 0.0008828299312679041
        collect S matrix time= 8.511543273925781e-05
        nonzero=29,wmax=7.278028883643692,wmin=0.032068404109331004
        SR solver time= 0.00028514862060546875
        collect H matrix time= 3.0994415283203125e-05
        nonzero=30,smax=11.003613019754187,smin=0.015600888658567577
        RGN solver time= 0.00035190582275390625
        xnorm=1.850146194495024,dnorm=2.6287466121391647e-07
        dense amplitude time= 0.0008802413940429688
        total non-zero amplitudes= 36
        nsamples per process= 12
self.n= 0.2794062830300464
        RGN updated loss=-4.362088695904579,dloss=-1.163513729807164e-13
[-0.0659245993 -0.6647753167 -0.0010957956  0.188651345   0.0586456318
  0.2798093537]
[-0.0423505087 -0.0023024502  0.2030810989 -0.0043881789  0.1536560166
  0.2257348444  0.0057013249 -0.0380218318 -0.0018656806 -0.1046045487
  0.0041520502  0.040603961   0.2353826745 -0.0001122592 -0.1215141867
  1.1068894018]
[-0.024521075   0.0207929841  0.5073828296 -0.0048027987 -0.1177074974
 -0.1809097417  0.0341791071  0.6354884726 -0.0170254848  0.1135590615
  0.0115926168 -0.1449329545 -0.0234355403 -0.065489414   0.0205380949
  0.0271301583  0.1117485962  0.0063723578  0.0895760443  0.0330269643
 -0.0026108489 -0.1103277986 -0.0714585359 -0.5323834047 -0.583160396
  0.0745614765 -0.1180930405]
