run = 0
step= 99

nparam= 49
        dense amplitude time= 0.0009262561798095703
        total non-zero amplitudes= 36
        nsamples per process= 12
self.n= 0.41084625421678556
        collect g,h time= 0.15448689460754395
E=-4.23689227206162,dE=-2.9321640226953605e-08,std=0
L=-4.23689227206162,dL=-2.9321640226953605e-08,std=0
        gnorm= 7.920288287049709e-05
        collect S matrix time= 4.124641418457031e-05
        SR solver time= 8.0108642578125e-05
        collect H matrix time= 3.0994415283203125e-05
        RGN solver time= 5.125999450683594e-05
        xnorm=2.859133156787944,dnorm=0.0013581896495457023
        dense amplitude time= 0.0009682178497314453
        total non-zero amplitudes= 36
        nsamples per process= 12
self.n= 0.41084950591144953
        RGN updated loss=-4.236892297813798,dloss=-2.575217816769282e-08
[ 0.6354336381  1.3780695016  0.0004381724  0.3359602357  0.6410770133
 -0.1196985322]
[ 0.4315564128  0.0060556344 -0.1458677281  0.0114697765 -0.034325749
  0.9097023711  0.0038777455 -0.3483449622 -0.0017119349 -0.1339935561
 -0.0045409068  0.7217592711  0.6528829512  0.0106539351  0.1285703997
  0.6388447062]
[ 0.1049223032 -0.0361828167  0.2730161596 -0.0526907593 -0.3060078877
  0.3290171965 -0.0275089565  0.402355737   0.1447953401 -0.5477364578
  0.0834565595 -0.4182055959 -0.0464635211 -0.129182834  -0.1478831265
 -0.0419588888  0.3713484364  0.0789305138  0.8285810561  0.3257002835
  0.1165933178  0.1122980145 -0.0077407618  0.727414689   0.5280566169
 -0.1226172626 -0.0169451925]
