run = 0
step= 49

nparam= 51
        dense amplitude time= 0.0009222030639648438
        total non-zero amplitudes= 36
        nsamples per process= 12
self.n= 0.5593395412360623
        collect g,h time= 0.15913867950439453
E=-4.23688208656406,dE=-5.684341886080802e-14,std=0
L=-4.23688208656406,dL=-5.684341886080802e-14,std=0
        gnorm= 7.411191464960684e-05
        collect S matrix time= 8.440017700195312e-05
        nonzero=30,wmax=2.043831420165144,wmin=0.0024816261143791834
        SR solver time= 0.0003383159637451172
        collect H matrix time= 3.1948089599609375e-05
        nonzero=31,smax=2.7452373668911547,smin=0.0036163668124934768
        RGN solver time= 0.0005216598510742188
        xnorm=1.5280998613582168,dnorm=2.7075522990621204e-07
        dense amplitude time= 0.0009629726409912109
        total non-zero amplitudes= 36
        nsamples per process= 12
self.n= 0.5593395430739709
        RGN updated loss=-4.236882086564109,dloss=-4.884981308350689e-14
[-0.1895196569  0.0194601957 -0.0013172016  0.0878549682  0.194292775
  0.0933219744 -0.2422977596]
[ 0.2081195173  0.0552175974  0.1991764227 -0.0189713263  0.1147231551
  0.016549576  -0.0569641077  0.2660418429 -0.0218316239 -0.1780955398
 -0.047071801  -0.0216385404  0.0592046721  0.0375440234 -0.0701830134
 -0.1763433628]
[ 0.0066215828 -0.0105604227 -0.4091331264  0.013197824   0.4393708111
 -0.0022901573  0.021688834  -0.4313399608  0.0275413221  0.4950590129
 -0.0768761364 -0.0072637246  0.1517262337 -0.029531515  -0.2012131979
 -0.0170033302 -0.0206790061 -0.3677925028 -0.053403604  -0.1817892357
 -0.2997620162 -0.0462828557  0.0258044285  0.0190463916  0.6919328096
  0.5733390478 -0.0167036862 -0.0086033593]
