run = 0
step= 49

nparam= 56
        dense amplitude time= 0.0007345676422119141
        total non-zero amplitudes= 36
        nsamples per process= 36
self.n= 0.9650295703803893
        collect g,h time= 0.2612497806549072
E=-4.116310557517314,dE=-0.0010661395197990586,std=0
L=-4.116310557517314,dL=-0.0010661395197990586,std=0
        gnorm= 0.07300405697929646
        collect S matrix time= 0.00025200843811035156
        nonzero=28,wmax=2.0565609973426544,wmin=0.0021373482559313645
        SR solver time= 0.0002970695495605469
        xnorm=0.9119572764281593,dnorm=0.010872674242709926
[ 0.0204129095 -0.0364124791 -0.166466921  -0.0180754466  0.1481768422
 -0.0221974839  0.0112589523 -0.1859603375 -0.0620764903  0.1996109913
  0.0535401939 -0.0150372176  0.0186584164  0.0046340216 -0.0212804982
 -0.0181727154 -0.0185845931 -0.182572124   0.0173363941  0.0015312057
 -0.1576730538  0.0014014253 -0.0245998949  0.0767846777  0.2292360501
  0.1947013188  0.0553115235  0.0117352714]
step= 99

nparam= 56
        dense amplitude time= 0.0007421970367431641
        total non-zero amplitudes= 36
        nsamples per process= 36
self.n= 0.14512731103274107
        collect g,h time= 0.26282405853271484
E=-4.212279622409595,dE=-1.9933274931993594e-05,std=0
L=-4.212279622409595,dL=-1.9933274931993594e-05,std=0
        gnorm= 0.1269305014323134
        collect S matrix time= 0.00027823448181152344
        xnorm=2.2472419554717193,dnorm=0.0
        nonzero=28,wmax=6.880236373387986,wmin=0.01090200346424389
        SR solver time= 0.0003147125244140625
        collect H matrix time= 3.1948089599609375e-05
        nonzero=28,smax=19.076350853622444,smin=0.03149653563707276
        RGN solver time= 0.0004353523254394531
        xnorm=2.2472419554717193,dnorm=0.02516957505411045
        dense amplitude time= 0.0006396770477294922
        total non-zero amplitudes= 36
        nsamples per process= 36
self.n= 0.14163531111087926
        RGN updated loss=-4.212211224712571,dloss=6.83976970234923e-05
        xnorm=2.2472419554717193,dnorm=0.003289958404560347
[ 0.0186672832 -0.2452016283 -0.4239072144 -0.2885408139  0.3150699543
 -0.0333157141  0.0216590689 -0.4324452707 -0.2766497992  0.3667819561
 -0.2185174857  0.0236548232 -0.0106923469  0.0092310662 -0.0112308026
 -0.0268488994  0.2616695257 -0.3622708724 -0.0212627439  0.0302086567
 -0.3253823798  0.2757974469 -0.0199936276  0.3085299546  0.4065520736
  0.3690304122  0.3329136465 -0.0071056789]

run = 1
step= 49

nparam= 56
        dense amplitude time= 0.0007581710815429688
        total non-zero amplitudes= 36
        nsamples per process= 36
self.n= 0.99867202113452
        collect g,h time= 0.27698421478271484
E=-4.113851756786308,dE=-0.0010408696527663963,std=0
L=-4.113851756786308,dL=-0.0010408696527663963,std=0
        gnorm= 0.06803590089963608
        collect S matrix time= 0.00021910667419433594
        nonzero=27,wmax=1.9967827971595808,wmin=0.0020687966605451966
        SR solver time= 0.0003204345703125
        xnorm=0.9000580575906819,dnorm=0.010929445914297406
[-0.0235322951  0.0647318573  0.205039073  -0.023287876  -0.1692412641
  0.041128025  -0.0427746927  0.2026913637  0.0384046634 -0.1953216027
 -0.0255161115  0.0000938883 -0.0179728151 -0.0176816943  0.0438456177
 -0.0095193089 -0.0004598725  0.1922516915  0.0013412518  0.0026754908
  0.0984175804 -0.0307669053  0.0154554982 -0.0341350106 -0.1668728302
 -0.1664157047 -0.0511405759  0.0005712055]
step= 99

nparam= 56
        dense amplitude time= 0.0007693767547607422
        total non-zero amplitudes= 36
        nsamples per process= 36
self.n= 0.12324442739444068
        collect g,h time= 0.2627699375152588
E=-4.211072266767201,dE=-7.440170716854766e-06,std=0
L=-4.211072266767201,dL=-7.440170716854766e-06,std=0
        gnorm= 0.13735626251280292
        collect S matrix time= 0.00022602081298828125
        xnorm=2.316551199411501,dnorm=0.0
        nonzero=28,wmax=8.07874280246585,wmin=0.012279204100465417
        SR solver time= 0.0003237724304199219
        collect H matrix time= 3.24249267578125e-05
        nonzero=28,smax=22.631867929851605,smin=0.03538684633007491
        RGN solver time= 0.0004432201385498047
        xnorm=2.316551199411501,dnorm=0.03402324209513626
        dense amplitude time= 0.0006661415100097656
        total non-zero amplitudes= 36
        nsamples per process= 36
self.n= 0.11880630954903991
        RGN updated loss=-4.2109435345453345,dloss=0.0001287322218663789
        xnorm=2.316551199411501,dnorm=0.004444001356169283
[-0.0093978475  0.3203140738  0.3950554374  0.2531131225 -0.3320818976
  0.0369419176 -0.0479431706  0.4019505475  0.3108944056 -0.3748549947
  0.2413156122 -0.0234400463 -0.0228856372 -0.0416049703  0.0543926906
  0.0034314713 -0.2730790097  0.3532935412  0.0231679948  0.0023807061
  0.2828098231 -0.2927564491 -0.0157073609 -0.3053779697 -0.4052902298
 -0.4004061278 -0.2987590493  0.0360322426]

run = 2
step= 49

nparam= 56
        dense amplitude time= 0.0007305145263671875
        total non-zero amplitudes= 36
        nsamples per process= 36
self.n= 0.959127084730346
        collect g,h time= 0.2646315097808838
E=-4.116892807427474,dE=-0.0011106340590574248,std=0
L=-4.116892807427474,dL=-0.0011106340590574248,std=0
        gnorm= 0.0739862740854841
        collect S matrix time= 0.0002295970916748047
        nonzero=28,wmax=2.068619270476155,wmin=0.002330160948712371
        SR solver time= 0.0002884864807128906
        xnorm=0.9043685283056461,dnorm=0.011250314620528971
[-0.0284789187 -0.0365369867  0.1939756332 -0.038340456  -0.1799007014
 -0.0020163709 -0.0153751654  0.1842956731 -0.0572289935 -0.1418918527
 -0.0313593304  0.0433814356 -0.0061036318 -0.0202304795 -0.0255688229
  0.0162679471 -0.0404787248  0.169020033   0.0363812241 -0.0201277049
  0.2003761195 -0.0209523508  0.0239313203  0.0458205049 -0.1838394605
 -0.2335135357  0.0610310538  0.0113244691]
step= 99

nparam= 56
        dense amplitude time= 0.0007269382476806641
        total non-zero amplitudes= 36
        nsamples per process= 36
self.n= 0.1278974072764113
        collect g,h time= 0.26172327995300293
E=-4.211300649461118,dE=-1.1611891076235281e-05,std=0
L=-4.211300649461118,dL=-1.1611891076235281e-05,std=0
        gnorm= 0.13431418495601247
        collect S matrix time= 0.0002315044403076172
        xnorm=2.288736031444859,dnorm=0.0
        nonzero=28,wmax=7.778400669711708,wmin=0.011938265120583026
        SR solver time= 0.0002980232238769531
        collect H matrix time= 3.170967102050781e-05
        nonzero=28,smax=21.713658569785373,smin=0.034452382621709764
        RGN solver time= 0.0004305839538574219
        xnorm=2.288736031444859,dnorm=0.033355014088571076
        dense amplitude time= 0.0006785392761230469
        total non-zero amplitudes= 36
        nsamples per process= 36
self.n= 0.12341590001370453
        RGN updated loss=-4.211207205073693,dloss=9.344438742520111e-05
        xnorm=2.288736031444859,dnorm=0.004325673624001772
[-0.000866569  -0.2893078477  0.4103742263 -0.2992311848 -0.3445038636
  0.005028892  -0.033031669   0.3952282414 -0.317468527  -0.2999165643
 -0.2851063453  0.0285683622 -0.003903996  -0.0484900784 -0.038492937
  0.0343487636  0.2255557725  0.3341470162  0.0480686739 -0.0255730804
  0.3561059694  0.2360587844  0.0037428099  0.3105020971 -0.3748968907
 -0.4306411293  0.3075015068  0.022975283 ]

run = 3
step= 49

nparam= 56
        dense amplitude time= 0.0007762908935546875
        total non-zero amplitudes= 36
        nsamples per process= 36
self.n= 1.0337355325588582
        collect g,h time= 0.2662923336029053
E=-4.110724077806056,dE=-0.0010025900282695233,std=0
L=-4.110724077806056,dL=-0.0010025900282695233,std=0
        gnorm= 0.06060556135936442
        collect S matrix time= 0.0004551410675048828
        nonzero=26,wmax=2.0152744347000415,wmin=0.0025268111832848533
        SR solver time= 0.0003044605255126953
        xnorm=0.8968825265617539,dnorm=0.011339983181910972
[-0.0441454183 -0.0188193443 -0.1810286092 -0.0228784573  0.1518665878
 -0.018511205  -0.0435649877 -0.1588148084 -0.0196247421  0.1747556718
  0.0181287477  0.0679510053 -0.0363495689  0.0348999355 -0.0022665861
  0.0442880778 -0.0041319179 -0.1543235693 -0.0289947221 -0.0295131661
 -0.1469470586  0.0359801597  0.0355860975 -0.0324604141  0.1595892425
  0.1568687522 -0.0541429492 -0.0433596165]
step= 99

nparam= 56
        dense amplitude time= 0.0007097721099853516
        total non-zero amplitudes= 36
        nsamples per process= 36
self.n= 0.625571270264182
        collect g,h time= 0.2626371383666992
E=-4.2238949912194945,dE=-3.930527768325476e-05,std=0
L=-4.2238949912194945,dL=-3.930527768325476e-05,std=0
        gnorm= 0.011358503040623061
        collect S matrix time= 0.00024056434631347656
        xnorm=1.6807409471510266,dnorm=0.0
        nonzero=29,wmax=2.42357560807712,wmin=0.003094662806590985
        SR solver time= 0.0003056526184082031
        collect H matrix time= 3.218650817871094e-05
        nonzero=31,smax=5.180682866268281,smin=0.005914982965119488
        RGN solver time= 0.00044155120849609375
        xnorm=1.6807409471510266,dnorm=0.005989462691349938
        dense amplitude time= 0.0006611347198486328
        total non-zero amplitudes= 36
        nsamples per process= 36
self.n= 0.628641333048601
        RGN updated loss=-4.223929429021222,dloss=-3.4437801727627004e-05
[-0.0089502978 -0.0647933489 -0.5067644084  0.1009267502  0.4167388391
 -0.0208912734 -0.0042578487 -0.4822963375 -0.0485556229  0.4304309966
  0.136877454   0.0224285381 -0.0256671363  0.0070616075 -0.0118385954
 -0.0096564925 -0.1226549736 -0.4251020322 -0.0065533668 -0.0340896151
 -0.3947298012 -0.083235811  -0.0234987986 -0.2168243763  0.4259398704
  0.4353087316 -0.2246201429  0.0034592455]
step= 149

nparam= 56
        dense amplitude time= 0.0007052421569824219
        total non-zero amplitudes= 36
        nsamples per process= 36
self.n= 0.6429546949175314
        collect g,h time= 0.262941837310791
E=-4.224150683298231,dE=-8.818656471731856e-07,std=0
L=-4.224150683298231,dL=-8.818656471731856e-07,std=0
        gnorm= 0.004209728132782567
        collect S matrix time= 0.0002434253692626953
        xnorm=1.6793391720708652,dnorm=0.0
        nonzero=29,wmax=2.3799164548251794,wmin=0.002839381786713054
        SR solver time= 0.0003101825714111328
        collect H matrix time= 3.1948089599609375e-05
        nonzero=29,smax=12.22481084295792,smin=0.018498558246292728
        RGN solver time= 0.0004241466522216797
        xnorm=1.6793391720708652,dnorm=0.00252706279836665
        dense amplitude time= 0.0006487369537353516
        total non-zero amplitudes= 36
        nsamples per process= 36
self.n= 0.642829847085149
        RGN updated loss=-4.224151517434569,dloss=-8.341363377795119e-07
[-0.008299277  -0.0525427894 -0.5226462599  0.1164001109  0.4221431907
 -0.0145499445  0.0088105787 -0.4976301502 -0.0309243093  0.4351000775
  0.1526483094  0.0341743833 -0.0190438721  0.0087108664 -0.0070386231
 -0.0015962576 -0.1362529881 -0.4304670258  0.0010749517 -0.0276713376
 -0.3995524069 -0.0972024018 -0.0250623816 -0.1979258322  0.4463383268
  0.4560516024 -0.1998792003  0.0017423196]
