run = 0
step= 49

nparam= 51
        dense amplitude time= 0.0009410381317138672
        total non-zero amplitudes= 36
        nsamples per process= 12
self.n= 0.5668456526094291
        collect g,h time= 0.1616048812866211
E=-4.224183979563973,dE=-1.7763568394002505e-14,std=0
L=-4.224183979563973,dL=-1.7763568394002505e-14,std=0
        gnorm= 9.390330429334937e-05
        collect S matrix time= 8.58306884765625e-05
        nonzero=30,wmax=2.023016272528461,wmin=0.0024837450407707916
        SR solver time= 0.0003349781036376953
        collect H matrix time= 3.7670135498046875e-05
        nonzero=31,smax=2.70927633198119,smin=0.0039034586315532384
        RGN solver time= 0.00046443939208984375
        xnorm=1.5657505150742337,dnorm=1.5600501606209194e-07
        dense amplitude time= 0.0009298324584960938
        total non-zero amplitudes= 36
        nsamples per process= 12
self.n= 0.5668456536074848
        RGN updated loss=-4.224183979563988,dloss=-1.509903313490213e-14
[-0.2056631064  0.0388617876 -0.0019684911  0.0911205009  0.2066499469
  0.092468631  -0.2556519923]
[ 0.2136565237  0.0584914525  0.1872497467 -0.0145922336  0.1096841846
  0.0240047553 -0.056810023   0.2693052384 -0.0200158496 -0.1734664661
 -0.0449742737 -0.0187221917  0.0533022371  0.0388825988 -0.068799036
 -0.1842899088]
[ 0.0071394357 -0.0098810486 -0.4200884756  0.0136535348  0.4541923171
  0.0022119703  0.0221695682 -0.4432979717  0.0289684746  0.5120907442
 -0.0771393319 -0.0065253731  0.1579164772 -0.0297008644 -0.2079891264
 -0.0180497123 -0.0210705156 -0.3779479184 -0.0530765783 -0.1930380141
 -0.3114420398 -0.0452641013  0.0276365035  0.0199769479  0.7014755867
  0.5827428007 -0.0181643501 -0.0089949879]

run = 1
step= 49

nparam= 51
        dense amplitude time= 0.0010449886322021484
        total non-zero amplitudes= 36
        nsamples per process= 12
self.n= 0.534686025585667
        collect g,h time= 0.16053271293640137
E=-4.224014947891374,dE=-3.404112547400473e-10,std=0
L=-4.224014947891374,dL=-3.404112547400473e-10,std=0
        gnorm= 0.00034320119789925727
        collect S matrix time= 4.9114227294921875e-05
        nonzero=30,wmax=2.701073887273314,wmin=0.0030689998907402747
        SR solver time= 0.00033926963806152344
        collect H matrix time= 2.9802322387695312e-05
        nonzero=31,smax=3.8782777601744325,smin=0.004584865576749029
        RGN solver time= 0.0005333423614501953
        xnorm=1.7215035210273697,dnorm=1.843294735900493e-05
        dense amplitude time= 0.0010247230529785156
        total non-zero amplitudes= 36
        nsamples per process= 12
self.n= 0.5346861452165124
        RGN updated loss=-4.224014948175291,dloss=-2.8391688999818143e-10
[-0.1055042576  0.0283763894 -0.0008854768  0.5519031756 -0.083460611
  0.1935412754 -0.6876561059]
[ 0.2968023573  0.0001883678  0.0504063333 -0.0212640121 -0.118684651
 -0.1753589463  0.0387706645 -0.133500742   0.000206662   0.3091465863
  0.0001446794 -0.0316091835  0.0154651149  0.0027421458  0.1033682321
 -0.2357864586]
[-0.0382443215  0.0177867227  0.3706988243 -0.0719355652 -0.3754064734
 -0.0343246742 -0.0138040972  0.3997103466 -0.0106212733 -0.4696150572
  0.0628351637  0.0371258739 -0.011876428  -0.0146811315 -0.251788546
 -0.0203245839 -0.0495009803  0.3175820111  0.0706499124 -0.2383186529
  0.3878633931  0.0342765964 -0.0086322996 -0.0271439521 -0.5632828488
 -0.6498845781  0.0311765408 -0.1291724574]

run = 2
step= 49

nparam= 51
        dense amplitude time= 0.0009198188781738281
        total non-zero amplitudes= 36
        nsamples per process= 12
self.n= 0.566855820911763
        collect g,h time= 0.15980243682861328
E=-4.224183991964403,dE=-1.2434497875801753e-14,std=0
L=-4.224183991964403,dL=-1.2434497875801753e-14,std=0
        gnorm= 9.38895177882056e-05
        collect S matrix time= 4.4345855712890625e-05
        nonzero=30,wmax=2.023005031089688,wmin=0.002484726951099593
        SR solver time= 0.0003204345703125
        collect H matrix time= 3.170967102050781e-05
        nonzero=31,smax=2.709325870851382,smin=0.0039054565223128855
        RGN solver time= 0.00046539306640625
        xnorm=1.5657143702913385,dnorm=1.2905074038878155e-07
        dense amplitude time= 0.0009360313415527344
        total non-zero amplitudes= 36
        nsamples per process= 12
self.n= 0.5668558200582486
        RGN updated loss=-4.224183991964414,dloss=-1.0658141036401503e-14
[-0.2057189943  0.0388891155 -0.0019685026  0.0910769465  0.2065698087
  0.0924181229 -0.2555758332]
[ 0.2136770609  0.0585144938  0.1872223643 -0.0145891532  0.1096378904
  0.0239406556 -0.0568314811  0.2692292786 -0.0200228055 -0.1733941588
 -0.044994345  -0.0187058689  0.0532280689  0.038899898  -0.0687761108
 -0.1843257506]
[ 0.0071361003 -0.0098835676 -0.4201156181  0.0136587083  0.4541677052
  0.0021803927  0.0221746718 -0.4433728677  0.0289652302  0.5120722584
 -0.0771434851 -0.0065247334  0.1578610426 -0.0297036801 -0.207975549
 -0.0180483297 -0.0210717002 -0.3779272872 -0.0530803637 -0.1930376345
 -0.3114283883 -0.0452671399  0.0276363952  0.0199793525  0.7014685572
  0.5827679395 -0.0181657641 -0.0089954631]
