R = 1.17
step= 49

nparam= 51
        dense amplitude time= 0.0009920597076416016
        total non-zero amplitudes= 36
        nsamples per process= 12
self.n= 0.5573301732096756
        collect g,h time= 0.1540827751159668
E=-4.362441316951425,dE=-2.424727085781342e-13,std=0
L=-4.362441316951425,dL=-2.424727085781342e-13,std=0
        gnorm= 0.00011204323011126411
        collect S matrix time= 4.863739013671875e-05
        nonzero=30,wmax=2.091935916865262,wmin=0.0026512681751891362
        SR solver time= 0.0002810955047607422
        collect H matrix time= 3.647804260253906e-05
        nonzero=31,smax=2.9156091046691337,smin=0.003935106535538786
        RGN solver time= 0.0004277229309082031
        xnorm=1.1607781908509012,dnorm=4.700371051101996e-07
        dense amplitude time= 0.0009138584136962891
        total non-zero amplitudes= 36
        nsamples per process= 12
self.n= 0.5573301758843687
        RGN updated loss=-4.362441316951633,dloss=-2.0872192862952943e-13
[-0.0012503924 -0.1684672693 -0.0002932109  0.1794663592  0.0874822482
  0.0861667036 -0.2299158523]
[ 0.1716347913  0.025435852   0.2206714302 -0.0521910677  0.1293014135
  0.0733113968 -0.0568502362  0.2337147059 -0.0372103983 -0.1948174418
 -0.0463089272 -0.0458722573  0.0048226489  0.0241051481 -0.053042561
 -0.175362536 ]
[-0.0028351481 -0.0072566696 -0.2293465178  0.0054787109  0.2836699701
 -0.0404768392  0.0154414385 -0.2402776677  0.0136379497  0.306597968
 -0.072562225  -0.0149192919  0.0946890976 -0.0262597722 -0.117401324
 -0.0029245535 -0.0140301265 -0.2530187622 -0.0540867567 -0.0421011202
 -0.1644214101 -0.0563567173  0.0119221073  0.0105107689  0.5862249293
  0.4697262117 -0.0069980849 -0.0050078323]

R = 1.19
step= 49

nparam= 51
        dense amplitude time= 0.0010082721710205078
        total non-zero amplitudes= 36
        nsamples per process= 12
self.n= 0.5479388262000958
        collect g,h time= 0.15520977973937988
E=-4.33939169668542,dE=-5.346834086594754e-13,std=0
L=-4.33939169668542,dL=-5.346834086594754e-13,std=0
        gnorm= 8.13284048459166e-05
        collect S matrix time= 8.940696716308594e-05
        nonzero=30,wmax=2.1015524653354785,wmin=0.0023953550024955555
        SR solver time= 0.000286102294921875
        collect H matrix time= 3.170967102050781e-05
        nonzero=31,smax=2.906943980643762,smin=0.003354890282626255
        RGN solver time= 0.0004749298095703125
        xnorm=1.199841697820424,dnorm=7.061723292330604e-07
        dense amplitude time= 0.0010366439819335938
        total non-zero amplitudes= 36
        nsamples per process= 12
self.n= 0.547938829446402
        RGN updated loss=-4.339391696685886,dloss=-4.662936703425657e-13
[-0.0313217189 -0.1461546901 -0.0000473823  0.1554236853  0.0921537633
  0.1005189595 -0.21344027  ]
[ 0.189650738   0.0299506141  0.2185689673 -0.0476408818  0.1316746173
  0.0699778543 -0.0570778067  0.24162992   -0.0348798261 -0.1949021954
 -0.0485839882 -0.0452437059  0.0023297958  0.0263851862 -0.0577314184
 -0.1615406215]
[-0.0019366186 -0.0078259999 -0.2543180586  0.0066909627  0.3025885707
 -0.0376984587  0.0164665234 -0.2666029141  0.0150952431  0.3295137784
 -0.0728446158 -0.0139060464  0.1001477801 -0.0266874838 -0.1259966051
 -0.0046651067 -0.0149031883 -0.2688490395 -0.0545224987 -0.0579761911
 -0.1826460555 -0.0555381372  0.013187057   0.0116059475  0.6022796278
  0.4857575076 -0.0078913647 -0.0053517843]

R = 1.21
step= 49

nparam= 51
        dense amplitude time= 0.0011250972747802734
        total non-zero amplitudes= 36
        nsamples per process= 12
self.n= 0.5416170308635246
        collect g,h time= 0.15282726287841797
E=-4.318195383127054,dE=-2.842170943040401e-14,std=0
L=-4.318195383127054,dL=-2.842170943040401e-14,std=0
        gnorm= 5.033952117696938e-05
        collect S matrix time= 9.417533874511719e-05
        nonzero=29,wmax=2.0923418252493415,wmin=0.0021197814548208132
        SR solver time= 0.0003180503845214844
        collect H matrix time= 3.218650817871094e-05
        nonzero=28,smax=4.708095067038051,smin=0.013828050849741624
        RGN solver time= 0.00041747093200683594
        xnorm=1.251067805291428,dnorm=1.0625884237372884e-07
        dense amplitude time= 0.000978231430053711
        total non-zero amplitudes= 36
        nsamples per process= 12
self.n= 0.5416170336303845
        RGN updated loss=-4.318195383127078,dloss=-2.398081733190338e-14
[-0.0639588157 -0.1210830192  0.0001170126  0.1299111254  0.1008456499
  0.1186477384 -0.1986404651]
[ 0.2012981064  0.0344427406  0.2216441475 -0.0423838832  0.1338347052
  0.0572213345 -0.0570372293  0.2492278079 -0.032488985  -0.1963734171
 -0.0506014789 -0.0436778045  0.0100214095  0.0286542553 -0.062936655
 -0.1489654224]
[-0.0005644985 -0.0085777357 -0.2832268979  0.0080336579  0.3264476513
 -0.0330549189  0.0176062354 -0.2974130703  0.0168515801  0.3582342522
 -0.0732275234 -0.0127407565  0.1086222632 -0.0273592181 -0.138194005
 -0.0068803943 -0.0159828268 -0.2872857756 -0.0548278701 -0.0794364179
 -0.2038186061 -0.05434235    0.0151295371  0.0129464922  0.6190523372
  0.5025301823 -0.0092562086 -0.0059525611]

R = 1.23
step= 49

nparam= 51
        dense amplitude time= 0.0009903907775878906
        total non-zero amplitudes= 36
        nsamples per process= 12
self.n= 0.5392004771304919
        collect g,h time= 0.15315580368041992
E=-4.29884176039889,dE=-5.728750807065808e-13,std=0
L=-4.29884176039889,dL=-5.728750807065808e-13,std=0
        gnorm= 4.957935774950114e-05
        collect S matrix time= 5.340576171875e-05
        nonzero=28,wmax=2.0673365159568204,wmin=0.007513350731203923
        SR solver time= 0.00028443336486816406
        collect H matrix time= 3.814697265625e-05
        nonzero=29,smax=2.850549259906617,smin=0.0037844893787321835
        RGN solver time= 0.0004115104675292969
        xnorm=1.3197291271506928,dnorm=7.939017534742862e-07
        dense amplitude time= 0.0009267330169677734
        total non-zero amplitudes= 36
        nsamples per process= 12
self.n= 0.5392004770186765
        RGN updated loss=-4.298841760399395,dloss=-5.053735208093713e-13
[-0.0962343162 -0.094482027   0.0002132776  0.0980867696  0.120397662
  0.1354445061 -0.1872810697]
[ 0.1954922867  0.0399850299  0.2370888286 -0.0384007425  0.1337459347
  0.0243937461 -0.0581291564  0.251404901  -0.0300243539 -0.1983119326
 -0.0491354064 -0.0404410997  0.039431089   0.0303494954 -0.0672476345
 -0.1411863855]
[ 0.0013312519 -0.009301495  -0.321049194   0.0091155503  0.3568123717
 -0.0254964361  0.0187846188 -0.3384088032  0.020683115   0.3969872282
 -0.0749422536 -0.0116999372  0.1216433689 -0.0276142275 -0.156089797
 -0.0095287656 -0.0171515279 -0.3084906409 -0.0538597048 -0.1113762268
 -0.2301088045 -0.0518743278  0.0180434092  0.0142549851  0.6363415497
  0.5198703869 -0.0110337536 -0.0071909777]

R = 1.25
step= 59

nparam= 51
        dense amplitude time= 0.0009665489196777344
        total non-zero amplitudes= 36
        nsamples per process= 12
self.n= 0.5408207910615234
        collect g,h time= 0.15369153022766113
E=-4.2812309811082825,dE=-1.9539925233402755e-14,std=0
L=-4.2812309811082825,dL=-1.9539925233402755e-14,std=0
        gnorm= 7.046192681909661e-06
        collect S matrix time= 0.00010013580322265625
        nonzero=28,wmax=2.071445952069746,wmin=0.007426437829614646
        SR solver time= 0.00028634071350097656
        collect H matrix time= 3.337860107421875e-05
        nonzero=30,smax=2.8333142783751724,smin=0.0033431869785676104
        RGN solver time= 0.000492095947265625
        xnorm=1.3796231168693591,dnorm=1.4050191817892297e-07
        dense amplitude time= 0.0010688304901123047
        total non-zero amplitudes= 36
        nsamples per process= 12
self.n= 0.5408207910242154
        RGN updated loss=-4.281230981108297,dloss=-1.4210854715202004e-14
[-0.1248419165 -0.0620131306 -0.0000574903  0.0921552305  0.1380099077
  0.1229285828 -0.1975364384]
[ 0.1967392649  0.0441891302  0.2330028    -0.0332322273  0.1301275202
  0.013255651  -0.0577820135  0.2560803358 -0.0278072854 -0.1942384424
 -0.0496650078 -0.0346852828  0.0525626158  0.0324727766 -0.0704050795
 -0.1472430749]
[ 0.0030527092 -0.0101788159 -0.3502205048  0.0104201217  0.3812511722
 -0.01926617    0.0197215657 -0.3692132734  0.022708667   0.4265742428
 -0.0755467386 -0.0104697414  0.1304022102 -0.0282563485 -0.1699208241
 -0.0118626698 -0.01829607   -0.3264425414 -0.0538240854 -0.1335746523
 -0.2513276219 -0.0503115363  0.0200891836  0.0155978577  0.6526660212
  0.5356877965 -0.0124715326 -0.0076371378]

R = 1.27
step= 59

nparam= 51
        dense amplitude time= 0.0009489059448242188
        total non-zero amplitudes= 36
        nsamples per process= 12
self.n= 0.5454745185139369
        collect g,h time= 0.15409564971923828
E=-4.265183884737568,dE=-7.993605777301127e-14,std=0
L=-4.265183884737568,dL=-7.993605777301127e-14,std=0
        gnorm= 2.5767199112811636e-05
        collect S matrix time= 0.00010085105895996094
        nonzero=30,wmax=2.0732596932177496,wmin=0.002271576463206621
        SR solver time= 0.0003008842468261719
        collect H matrix time= 3.147125244140625e-05
        nonzero=31,smax=2.8117062074618016,smin=0.003012709739014552
        RGN solver time= 0.0004239082336425781
        xnorm=1.4365907195478977,dnorm=3.064196464345775e-07
        dense amplitude time= 0.0009307861328125
        total non-zero amplitudes= 36
        nsamples per process= 12
self.n= 0.5454745189930557
        RGN updated loss=-4.26518388473764,dloss=-7.194245199571014e-14
[-0.1495332978 -0.0312975917 -0.0003881087  0.0866395012  0.1606474286
  0.1074046971 -0.2124420043]
[ 0.1974138927  0.0476346761  0.2251196921 -0.0277492858  0.1249885915
  0.0071613928 -0.0570032077  0.2589736727 -0.025858743  -0.1888912993
 -0.0505013117 -0.0294901515  0.0625002607  0.0344126447 -0.0712739816
 -0.1573797169]
[ 0.0046615849 -0.0109782578 -0.3758128261  0.011811786   0.4037733055
 -0.0129365372  0.0205563787 -0.3962336298  0.0241503125  0.4537668421
 -0.0759063006 -0.009153675   0.1385084972 -0.0289169767 -0.1828135346
 -0.0142292305 -0.0194865913 -0.3424821351 -0.0539123253 -0.1537109727
 -0.2705092958 -0.0488279612  0.0222772396  0.017023353   0.667577146
  0.5499952685 -0.0139633488 -0.0079851794]

R = 1.29
step= 49

nparam= 51
        dense amplitude time= 0.0011637210845947266
        total non-zero amplitudes= 36
        nsamples per process= 12
self.n= 0.5519725040306122
        collect g,h time= 0.1541450023651123
E=-4.250477762195986,dE=-1.412203687323199e-13,std=0
L=-4.250477762195986,dL=-1.412203687323199e-13,std=0
        gnorm= 5.085734887340674e-05
        collect S matrix time= 4.315376281738281e-05
        nonzero=30,wmax=2.0623008963757803,wmin=0.002415765653844257
        SR solver time= 0.0003085136413574219
        collect H matrix time= 3.24249267578125e-05
        nonzero=31,smax=2.7808949282122426,smin=0.003321217304159245
        RGN solver time= 0.00042247772216796875
        xnorm=1.4853958806454386,dnorm=4.1454613485106066e-07
        dense amplitude time= 0.0009315013885498047
        total non-zero amplitudes= 36
        nsamples per process= 12
self.n= 0.5519725068776835
        RGN updated loss=-4.250477762196109,dloss=-1.2256862191861728e-13
[-0.1709963288 -0.0038595668 -0.0007994201  0.0859537247  0.1792272772
  0.0975901145 -0.2278031151]
[ 0.2022943195  0.0516195359  0.2123376884 -0.0233029272  0.1198116117
  0.0100874993 -0.0570127579  0.2624949815 -0.0237805113 -0.1832587226
 -0.048962266  -0.0251732927  0.0631202059  0.0360632928 -0.0710704756
 -0.1673799478]
[ 0.0057930487 -0.0109443017 -0.3947836875  0.0125979258  0.4227457504
 -0.0073231861  0.0211690141 -0.4161210774  0.0259636852  0.4759235114
 -0.0764760499 -0.0081445772  0.1453337227 -0.0292607932 -0.1929709897
 -0.015755125  -0.0201634221 -0.3560763504 -0.0536717761 -0.1690185154
 -0.2863031323 -0.047463375   0.0240443266  0.0180734214  0.6806672388
  0.5624754049 -0.0153156637 -0.008286092 ]
