run = 0
step= 29

nparam= 38
        dense amplitude time= 0.0017867088317871094
        total non-zero amplitudes= 36
        nsamples per process= 36
self.n= 0.6943603193552473
        collect g,h time= 0.3012371063232422
E=-4.392560256418519,dE=-0.0003298580800104034,std=0
L=-4.392560256418519,dL=-0.0003298580800104034,std=0
        gnorm= 0.030415422599757987
        collect S matrix time= 5.3882598876953125e-05
        nonzero=19,wmax=1.4412867116677055,wmin=0.0522769934252448
        SR solver time= 0.00024318695068359375
        xnorm=0.8089385511277487,dnorm=0.00635633165335416
[ 0.2201793458  0.0172489073  0.0731498167 -0.0851039342  0.0858807447
 -0.0528464083]
[ 0.0236927961  0.0752724146  0.2540981089 -0.3148043018]
[-0.0229411202  0.0051862777  0.0535020198 -0.0293195975 -0.0709842557
 -0.0060648099 -0.002707385   0.0169258713 -0.0004478998 -0.0946647507
 -0.027034202   0.0171614309 -0.0378411307 -0.017663389   0.0050897036
  0.0102968783 -0.020632139   0.071620604   0.0227262653 -0.0072032847
  0.0442066595 -0.0016174872  0.0331469417  0.0137722884 -0.4529865785
 -0.4232867031 -0.026836137   0.0383408738]
step= 49

nparam= 38
        dense amplitude time= 0.0017485618591308594
        total non-zero amplitudes= 36
        nsamples per process= 36
self.n= 0.5515416788701795
        collect g,h time= 0.2946968078613281
E=-4.40734137454243,dE=-8.259488186723729e-07,std=0
L=-4.40734137454243,dL=-8.259488186723729e-07,std=0
        gnorm= 0.0026264986559853183
        collect S matrix time= 0.00010156631469726562
        xnorm=1.0992908814017335,dnorm=0.0
        nonzero=19,wmax=2.0212519955958874,wmin=0.012665089232884308
        SR solver time= 0.0002541542053222656
        collect H matrix time= 2.8133392333984375e-05
        nonzero=19,smax=2.818645473721287,smin=0.024200393649695128
        RGN solver time= 0.00027680397033691406
        xnorm=1.0992908814017335,dnorm=0.0008694232599419048
        dense amplitude time= 0.001741647720336914
        total non-zero amplitudes= 36
        nsamples per process= 36
self.n= 0.5513387172944454
        RGN updated loss=-4.40734183010386,dloss=-4.555614303569655e-07
[ 0.1240176103 -0.299538719   0.1634087126 -0.1753628301  0.2638769438
  0.1953652533]
[ 0.0625801585  0.0673206124  0.2412232549 -0.3065445025]
[-0.0178627857  0.0069331555  0.3271966515 -0.0198057635 -0.1905838719
 -0.0417300341 -0.0060706007  0.2933254173 -0.0019234737 -0.2366041684
 -0.0214052507  0.0137468438 -0.0711859913 -0.0230389205 -0.02764023
  0.0133369743 -0.0284049116  0.1857329306  0.0281561259 -0.0572034026
  0.1819652669 -0.0077790169  0.0349122888  0.0229007863 -0.464351166
 -0.4375979573 -0.0175540282  0.0379458834]

run = 1
step= 29

nparam= 38
        dense amplitude time= 0.0009715557098388672
        total non-zero amplitudes= 36
        nsamples per process= 12
self.n= 0.5923004847158596
        collect g,h time= 0.14573097229003906
E=-4.410932337766855,dE=-2.349707237669918e-07,std=0
L=-4.410932337766855,dL=-2.349707237669918e-07,std=0
        gnorm= 0.0013903393356390133
        collect S matrix time= 7.081031799316406e-05
        nonzero=20,wmax=2.6620246250976343,wmin=0.008286220815336823
        SR solver time= 0.0002276897430419922
        collect H matrix time= 2.8371810913085938e-05
        nonzero=20,smax=7.776902508987844,smin=0.02507384153498355
        RGN solver time= 0.00024199485778808594
        xnorm=1.504667639888299,dnorm=0.00038440234387757333
        dense amplitude time= 0.0010688304901123047
        total non-zero amplitudes= 36
        nsamples per process= 12
self.n= 0.5921673095319263
        RGN updated loss=-4.410932528954412,dloss=-1.9118755645308738e-07
[ 0.1510466202  0.0192580179  0.1411895629 -0.155292726   0.0518108207
 -0.0632291201]
[ 0.1026801713  0.6424657124  0.7627605183 -0.7381408379]
[ 0.0101297904  0.0068361115 -0.3691712692 -0.0010795539  0.1907561908
  0.029870223  -0.0023829673 -0.310814691  -0.0038806498  0.1875989474
  0.0022003179 -0.0136173703 -0.0238519206  0.0197287918  0.0145566771
 -0.0080945869  0.0061371204 -0.2166427099 -0.0070722207 -0.014918965
 -0.2523196836 -0.0059408685  0.0293223895 -0.0058500083  0.3185411941
  0.3454544194  0.0095172449  0.0177854457]
