run = 0
step= 29

nparam= 38
        dense amplitude time= 0.0017011165618896484
        total non-zero amplitudes= 36
        nsamples per process= 36
self.n= 0.875114091252113
        collect g,h time= 0.2990100383758545
E=-4.5592903396957984,dE=-0.0003553463783543265,std=0
L=-4.5592903396957984,dL=-0.0003553463783543265,std=0
        gnorm= 0.028078146359558565
        collect S matrix time= 0.00016498565673828125
        nonzero=20,wmax=2.5349062909190296,wmin=0.012014196027924168
        SR solver time= 0.0002186298370361328
        xnorm=1.4477005566710532,dnorm=0.013327726679942958
[ 0.178158951   0.0102729758  0.0883262904 -0.1024294535  0.1014263505
 -0.1129496358]
[ 0.1107226944  0.8062280027  0.792432524  -0.767838076 ]
[ 0.0383185334  0.0127601432 -0.1714302661 -0.0042220426  0.1176662904
  0.0203350472  0.0277860845 -0.1146604157 -0.0203550279  0.0762750665
  0.0097333167 -0.0626863621 -0.0132248636 -0.0190245594  0.0148657261
 -0.0321461101  0.0041176783 -0.1435884937  0.0345614447 -0.0170177809
 -0.1409567566 -0.0155431878  0.0029737992 -0.0005664142  0.1194312291
  0.1475243178  0.008792607   0.0403284435]
step= 49

nparam= 38
        dense amplitude time= 0.001744985580444336
        total non-zero amplitudes= 36
        nsamples per process= 36
self.n= 0.7162358517088196
        collect g,h time= 0.29723596572875977
E=-4.565155742664958,dE=-3.6875553277582185e-08,std=0
L=-4.565155742664958,dL=-3.6875553277582185e-08,std=0
        gnorm= 0.000512648044014044
        collect S matrix time= 6.604194641113281e-05
        xnorm=1.4730212269346927,dnorm=0.0
        nonzero=20,wmax=2.606760339559148,wmin=0.009157544765485895
        SR solver time= 0.00023818016052246094
        collect H matrix time= 2.9802322387695312e-05
        nonzero=20,smax=4.154058502329166,smin=0.01446396022804664
        RGN solver time= 0.0002484321594238281
        xnorm=1.4730212269346927,dnorm=0.00013735422401629145
        dense amplitude time= 0.0017237663269042969
        total non-zero amplitudes= 36
        nsamples per process= 36
self.n= 0.7162325859363119
        RGN updated loss=-4.565155768877317,dloss=-2.6212359394151008e-08
[ 0.1566759612  0.01680455    0.1147483948 -0.1288515579  0.0801073465
 -0.092928051 ]
[ 0.1002122745  0.7320859024  0.780935602  -0.7564495923]
[ 0.0090606691  0.0052052161 -0.2791304962 -0.0003771206  0.1557958164
  0.0261103572 -0.0013443832 -0.2213834337 -0.0031877838  0.1387332033
  0.0016387223 -0.0145748379 -0.0194611554  0.0209124801  0.016320456
 -0.0094393336  0.0056098331 -0.1820374707 -0.0061028969 -0.0154741261
 -0.2037622955 -0.0052864226  0.0301700385 -0.0045007964  0.2340609718
  0.2614925456  0.0073596986  0.0172092676]
