run = 0
step= 99

nparam= 49
        dense amplitude time= 0.0011169910430908203
        total non-zero amplitudes= 36
        nsamples per process= 12
self.n= 0.5666456668533745
        collect g,h time= 0.15406274795532227
E=-4.533832317033528,dE=-7.093029275040408e-09,std=0
L=-4.533832317033528,dL=-7.093029275040408e-09,std=0
        gnorm= 2.292744785393688e-06
        collect S matrix time= 9.1552734375e-05
        SR solver time= 7.915496826171875e-05
        collect H matrix time= 3.147125244140625e-05
        RGN solver time= 5.340576171875e-05
        xnorm=2.13444085070256,dnorm=0.0018633175172145682
        dense amplitude time= 0.0008504390716552734
        total non-zero amplitudes= 36
        nsamples per process= 12
self.n= 0.5669474789449002
        RGN updated loss=-4.533832324020434,dloss=-6.986906164740958e-09
[ 0.0311146202  0.3031186267 -0.0044034619 -0.0085590898  0.3801695167
  0.3752200351]
[-0.1215097962  0.0172527185 -0.2754033181  0.0504699685  0.0389915077
 -0.0546626647 -0.002394195  -0.5151164956 -0.0197819272 -0.2245184479
 -0.0534195059  0.7362385475  0.5351096427  0.1332576894 -0.2364366954
  1.3088846049]
[ 0.0783558426 -0.0154303532  0.4157727962 -0.0508796465 -0.0731986387
  0.1790342973 -0.0917095839  0.5270280862  0.0186583817 -0.3040417614
 -0.0507956905 -0.1337616933 -0.0506360134  0.0280947447 -0.0816232999
 -0.0069491329  0.0660770614 -0.0574310596  0.1510845056  0.3567735645
  0.0375784524  0.0437605717 -0.0045183167  0.3739879826  0.4570181076
  0.0020566837 -0.0748853271]
step= 199

nparam= 49
        dense amplitude time= 0.0009095668792724609
        total non-zero amplitudes= 36
        nsamples per process= 12
self.n= 0.5793167332742439
        collect g,h time= 0.1531374454498291
E=-4.5338326689670065,dE=-1.3263070641755803e-09,std=0
L=-4.5338326689670065,dL=-1.3263070641755803e-09,std=0
        gnorm= 8.910170859329539e-07
        collect S matrix time= 0.0001385211944580078
        SR solver time= 7.82012939453125e-05
        collect H matrix time= 3.0279159545898438e-05
        RGN solver time= 5.030632019042969e-05
        xnorm=2.1189244850898628,dnorm=0.0008041709504004284
        dense amplitude time= 0.0008795261383056641
        total non-zero amplitudes= 36
        nsamples per process= 12
self.n= 0.5793366534887816
        RGN updated loss=-4.533832670268217,dloss=-1.3012106947485336e-09
[ 0.0309240841  0.3014773687 -0.0035028607 -0.0110050364  0.3818300359
  0.3694890717]
[-0.126757668   0.0063145568 -0.2702874555  0.0208430067  0.0255238479
 -0.0505464191  0.0009190486 -0.5249203681 -0.0075125502 -0.22693003
 -0.0220783267  0.7334826895  0.5374679123  0.0537478562 -0.2403420626
  1.3041669082]
[ 0.048356452  -0.0155922659  0.4136501056 -0.0435910852 -0.072463937
  0.1761217995 -0.0903711286  0.524434572   0.0137542473 -0.2984859708
 -0.0407710944 -0.1358791079 -0.0162064325  0.0281744751 -0.0917654552
 -0.0060318123  0.06597395   -0.0180013312  0.1513155928  0.3508505268
  0.0223441615  0.0127625927 -0.0031035644  0.3684769582  0.4521313882
 -0.0037270053 -0.0302595223]

run = 1
step= 199

nparam= 49
        dense amplitude time= 0.00089263916015625
        total non-zero amplitudes= 36
        nsamples per process= 12
self.n= 0.35180145713424865
        collect g,h time= 0.1585559844970703
E=-4.533832651697545,dE=-2.7817748105007922e-12,std=0
L=-4.533832651697545,dL=-2.7817748105007922e-12,std=0
        gnorm= 3.941288383843937e-08
        collect S matrix time= 4.3392181396484375e-05
        SR solver time= 8.606910705566406e-05
        collect H matrix time= 3.075599670410156e-05
        RGN solver time= 5.221366882324219e-05
        xnorm=1.8398312531257128,dnorm=3.73125427454614e-05
        dense amplitude time= 0.0009698867797851562
        total non-zero amplitudes= 36
        nsamples per process= 12
self.n= 0.35180353105229106
        RGN updated loss=-4.5338326517003305,dloss=-2.7853275241795927e-12
[-0.1768183559 -0.7120100109 -0.0001012315  0.2998888918  0.0027150391
  0.2412908249]
[-0.025998985   0.0030675677  0.1772924308  0.004958278  -0.0642558388
 -0.2586367694  0.0039036028  0.0396809743  0.0022995335  0.1179582307
  0.0031367274  0.0188828072 -0.172527565   0.0007080722 -0.0730977957
  1.1538391746]
[-0.0421391582 -0.0251321064 -0.6069531271 -0.0350962697 -0.0299985386
 -0.1503194807 -0.0449935997 -0.4907405454  0.030109157  -0.1774778706
  0.0530790849 -0.0997080062 -0.0424696694 -0.0913702236 -0.0222538798
 -0.0062291723 -0.1608536335  0.0058176239  0.0351822714  0.0671242705
  0.0431117672  0.0487631153 -0.0259749949  0.4483194208  0.5264674946
  0.0257553857  0.0589857014]
