run = 0
step= 49

nparam= 51
        dense amplitude time= 0.0009052753448486328
        total non-zero amplitudes= 36
        nsamples per process= 12
self.n= 0.5805664655981795
        collect g,h time= 0.16166305541992188
E=-4.200787289858938,dE=-3.616920096760623e-10,std=0
L=-4.200787289858938,dL=-3.616920096760623e-10,std=0
        gnorm= 0.00012211275256929482
        collect S matrix time= 4.601478576660156e-05
        nonzero=31,wmax=1.9844991624271093,wmin=0.0022279129574374356
        SR solver time= 0.0003314018249511719
        collect H matrix time= 3.218650817871094e-05
        nonzero=31,smax=2.6445352546349046,smin=0.0041315923225525766
        RGN solver time= 0.00046181678771972656
        xnorm=1.6284306417573071,dnorm=5.866829288358117e-05
        dense amplitude time= 0.0010056495666503906
        total non-zero amplitudes= 36
        nsamples per process= 12
self.n= 0.580565218765138
        RGN updated loss=-4.200787289881893,dloss=-2.2954971257149737e-11
[-0.2328144313  0.0682866821 -0.0037253558  0.098737728   0.2262799109
  0.0951818747 -0.2789667712]
[ 0.2229481314  0.0641603101  0.1680519202 -0.0051308497  0.0999410565
  0.0381567898 -0.0559953846  0.2746426472 -0.0167478818 -0.1656138139
 -0.0406547386 -0.0143523566  0.0400102876  0.0411934263 -0.0650636142
 -0.1975148132]
[ 0.0072610043 -0.0078012038 -0.4347789362  0.0142299778  0.4793799464
  0.0097322368  0.0230986684 -0.4605140268  0.0314088086  0.5413133705
 -0.0773249561 -0.0054712066  0.16970518   -0.0297235736 -0.2181466781
 -0.0196943634 -0.0215610566 -0.3943895764 -0.0522500173 -0.2124718471
 -0.3306330367 -0.0436726371  0.0315886062  0.021784421   0.7161083531
  0.5978233707 -0.0213322913 -0.0100206344]
