hop_ls= [(2, 4), (3, 5)]
ctr_ls= [(0,), (1,), (6,), (7,)]
hop_ls= [(3, 7)]
ctr_ls= [(0,), (1,), (6,)]
hop_ls= [(0, 4)]
ctr_ls= [(1,), (6,)]
hop_ls= [(2, 6), (0, 6)]
ctr_ls= [(1,)]
nparam= 24

run = 0
step= 99

nparam= 24
        dense amplitude time= 0.002250194549560547
        total non-zero amplitudes= 36
        nsamples per process= 36
all_e= [ -4.5049843781   3.5561682538  -4.8110946115 -25.2421163159
 -11.2066724258  54.9173827353  -1.3091456326 -12.3655745523
  -3.4485827369  -3.8711029681  -6.446911584   24.3368998469
  -5.4007927591  -0.1831396001  -8.01239851    -6.0742562368
  -4.0850679607  -4.1331320238  -3.3470864216  -5.6992860544
  -5.1127727584  -6.2975991763  -4.0145368749  -4.1211496593
  -4.2012535944   0.4098149032  -4.1096600922  -4.3768691913
  -4.7749533337  -4.4210167096  -2.330569444   -9.3060361486
  -4.8153332834  -4.2470114974  -4.4878040105  -4.5465598933]
all_f= [0.0002349259 0.0000325705 0.0001299534 0.0000009085 0.0000337289
 0.0000002125 0.0004511188 0.0000625439 0.0005869324 0.0001677732
 0.0004814455 0.0000030328 0.0000170873 0.0000143352 0.0004003014
 0.0022809442 0.0020442019 0.0081372985 0.0004613836 0.0000167199
 0.0054767232 0.0011136384 0.0018251448 0.0046594152 0.00187058
 0.0002933762 0.0012730072 0.0003355287 0.0171696413 0.1608486892
 0.0005313282 0.0000833319 0.0008154602 0.004758977  0.0755567498
 0.7078309902]
        collect g,h time= 0.2548542022705078
energy=-4.52231794877125,dE=-0.0004371879021496383,std=0
loss  =-4.52231794877125,dloss=-0.0004371879021496383,std=0
        gnorm= 0.11596514713216094
        collect S matrix time= 2.9325485229492188e-05
        nonzero=14,wmax=20.96167465863225,wmin=0.021036945408152253
        SR solver time= 0.00011873245239257812
        xnorm=4.244488260771757,dnorm=0.016483671338764765
[-1.6537453963 -1.9144896477  0.6811813081  0.364038561   0.0549957231]
[1.1377929589 0.6473490822 1.7064921582]
[-0.1167448771 -1.7532184146]
[ 0.6156040821 -0.2661752526]
[-0.7844901741  0.0815820712 -0.0230911286  0.7476234397  0.372773865
 -0.3320248043 -0.2376966703  0.0071465087 -0.0774700559  0.9790292211
 -0.4239555551 -0.5337677208]
step= 199

nparam= 24
        dense amplitude time= 0.0022530555725097656
        total non-zero amplitudes= 36
        nsamples per process= 36
all_e= [ -3.7064893729  -4.1702416483   6.7942146125  -3.1892752634
  -4.2212745392  -7.5920713798  -3.5262417391 -21.9522196556
  -5.8699764749  -3.1338664363  -5.2034140819  -6.333336392
  -1.3075308708  -2.7727481146  -4.7951842287  -4.5337436437
  -3.669568581   -4.1638400985  -3.5353978522  -1.2407152656
  -7.9148277789  -4.4697357861  -4.0448155109  -4.3966685784
  -4.1248251384  -4.3978261583  -3.7114639962  -4.2886997232
  -8.6567252698  -4.493917402   -5.9754251698  -4.5401011125
  -4.2032282139  -6.4576548868  -4.4909135463  -4.5704466376]
all_f= [0.002023349  0.0001006529 0.0000001571 0.0001610776 0.0004829106
 0.0000112806 0.0002786102 0.0000138597 0.0000005375 0.0000438031
 0.0032061144 0.0000748938 0.0000041904 0.0000186332 0.0111198605
 0.0080129739 0.0000397304 0.0005330372 0.0000307226 0.0000002098
 0.0005441327 0.0171102825 0.0000061273 0.000077319  0.0006621164
 0.010963268  0.000189596  0.0000037978 0.0002699685 0.0152266506
 0.0000351286 0.0005816557 0.0003649997 0.0000029494 0.0161634095
 0.9116419939]
        collect g,h time= 0.2525055408477783
energy=-4.56850543913111,dE=-2.1668888905423955e-11,std=0
loss  =-4.56850543913111,dloss=-2.1668888905423955e-11,std=0
        gnorm= 0.0022459787771426046
        collect S matrix time= 2.8371810913085938e-05
        collect H matrix time= 1.7881393432617188e-05
        nonzero=16,smax=6.514586002054272,smin=0.013043218676710813
        RGN solver time= 0.00015425682067871094
        xnorm=4.728369805805936,dnorm=8.16136665536514e-06
[-1.0972343257 -1.6672583658  1.078839357   0.4032773653 -0.328054906 ]
[0.910463035  0.7452208207 2.600767251 ]
[ 0.1233659809 -1.7533746081]
[ 1.3378390815 -0.5462839205]
[-0.684427599   0.3631687849 -0.4582318243  1.1132637669  0.7744365036
 -0.4694977839 -0.3194983547 -0.1779554457 -0.1262363167 -0.065058652
 -0.7658514393 -0.0573819415]

run = 1
step= 99

nparam= 24
        dense amplitude time= 0.002166748046875
        total non-zero amplitudes= 36
        nsamples per process= 36
all_e= [   -1.0693152591    -4.7316397826    -2.6678967821    -2.6373373938
    -5.6584129169    -2.3640501397     3.9611343007    -6.8661376034
    -6.9734684043   -10.0149210076     0.425142378    -10.9845870672
    -2.0126815571     7.268125377  -2006.0166230041  -416.1150721909
    -3.9518423209    -3.8393170257    -2.7154321666   -47.4651589602
 -1499.1460676584   375.7274163066    -4.0585535504    -3.9682335146
    -4.7441281462    -4.3578077686    -6.4632597807    -3.9501308507
    -4.4178426434    -4.3807139549    -4.0463737203    -4.681841771
    -3.847861883     -3.9405278343    -5.5310843497    -4.5506498763]
all_f= [0.000180029  0.001321861  0.0000017317 0.0000002157 0.0011848203
 0.0009069138 0.0000101654 0.0000746392 0.00000046   0.000000089
 0.0001374501 0.0001052104 0.0000001718 0.0000000152 0.0000000002
 0.0000000248 0.0001637708 0.0000074113 0.0000018451 0.0000000015
 0.0000000018 0.0000000063 0.0000347998 0.0000089844 0.0015098034
 0.002398726  0.0000008419 0.000150237  0.0238240081 0.7865640347
 0.0035409913 0.0056258108 0.0000069082 0.0000055192 0.0050633379
 0.1671691633]
        collect g,h time= 0.2483370304107666
energy=-4.41637012148674,dE=-0.001313923417459506,std=0
loss  =-4.41637012148674,dloss=-0.001313923417459506,std=0
        gnorm= 0.22523987818213195
        collect S matrix time= 3.0040740966796875e-05
        nonzero=14,wmax=7.976262282941865,wmin=0.011092723484895584
        SR solver time= 0.00011539459228515625
        xnorm=3.594494962391688,dnorm=0.006021747951956854
[-0.6686057443 -0.5940475386  0.5982633721 -0.7812180716  0.1835509206]
[-0.0030381915  1.2366157786 -1.0719200963]
[-0.0088463551 -0.9558644526]
[ 0.0035574901 -0.1900736452]
[ 0.3921389254  0.0883411442 -0.1335252305 -0.3279980228 -0.0770128169
  0.3392454891 -1.4393129805 -1.4376992701 -0.931371374  -0.3804897887
 -1.0233607909  0.9390438303]
step= 149

nparam= 24
        dense amplitude time= 0.0020987987518310547
        total non-zero amplitudes= 36
        nsamples per process= 36
all_e= [   -3.9912549884    -4.4155134796    -0.8824023457    -3.1158883481
    -4.5312757495    -4.6522481439    -4.3140085884    -4.9099579658
    -3.052561271     -3.055785827     -4.6182230774    -4.4232679495
    -2.8153408693    -2.7653339938  -451.0337726383 -5234.6532211762
    -4.1166244907    -4.2692868683    -2.708198427     -3.436755477
  -631.1290226254 -9075.2725624571    -3.3157256321    -4.6575018907
    -6.2871783063    -5.0180388869    -5.4665754097    -3.8717049347
    -4.654098181     -4.4946729389    -5.1202445435    -4.237526513
    -3.8511194049    -4.7112194852    -4.4947896926    -4.5471871152]
all_f= [0.0003885719 0.000667323  0.0000001385 0.0000021242 0.0023359832
 0.002991207  0.0007609945 0.0013069114 0.0000098647 0.0000006182
 0.0055972874 0.0071672798 0.0000104361 0.0000036989 0.0000000306
 0.0000000004 0.0000064978 0.0000031649 0.0000094172 0.0000025089
 0.0000000266 0.0000000001 0.0000014993 0.0000005606 0.0004481096
 0.0031301422 0.0000000008 0.0000002437 0.0309278331 0.1437412365
 0.00152605   0.0106597886 0.000021775  0.0000001287 0.1395767861
 0.6487017607]
        collect g,h time= 0.24459147453308105
energy=-4.5351865669304985,dE=-1.270095140171179e-13,std=0
loss  =-4.5351865669304985,dloss=-1.270095140171179e-13,std=0
        gnorm= 0.0006434159960495313
        collect S matrix time= 4.124641418457031e-05
        collect H matrix time= 2.4080276489257812e-05
        nonzero=14,smax=6.413849638375155,smin=0.043523952096375045
        RGN solver time= 0.00018930435180664062
        xnorm=3.89985399127372,dnorm=2.0151724841041792e-07
[-0.7646684817 -0.872915606   0.2868599055 -0.9653358973  0.3285796102]
[-0.0054643912  1.2370277834 -1.0712867065]
[-0.0632011176 -0.9648461915]
[ 0.0719901008 -0.1358762751]
[ 0.3764019125  0.2187714098 -0.2573663062 -1.0171499106 -0.209916239
  0.3181061444 -0.9135404035 -1.8038959742 -1.2663874036 -0.6261152362
 -1.1577685301  0.4930881204]

run = 2 
step= 99

nparam= 24
        dense amplitude time= 0.002121448516845703
        total non-zero amplitudes= 36
        nsamples per process= 36
all_e= [  -4.0903010445   -4.5335647482   -3.5767617268   -4.0612427379
   -4.5600422449   -4.5785901492   -4.3809649791   -4.982587633
   -3.1134434647   -2.6653954734   -4.5837627608   -4.4729890539
   -3.9029791347   -3.1394540979  -22.5008370101  -68.337610683
   -3.8763614408   -4.2884330038   -3.2503144744   -2.6481667502
  -20.922573862  -226.9518461822   -3.4198284134   -6.5876218291
   -5.3028338337   -5.142068213    -3.8640088508   -3.4543190416
   -4.5137547606   -4.5156878139   -4.4526767671   -4.3479639363
   -4.1675417791   -4.3617938801   -4.4717298738   -4.5617165495]
all_f= [0.0005295676 0.0006366577 0.0000622581 0.0000269939 0.0026786587
 0.0034819619 0.0009599947 0.0011541266 0.000095576  0.0000721611
 0.0059972744 0.0077957977 0.0000526736 0.0000905024 0.0000087409
 0.000002303  0.00035483   0.0005557294 0.0003781067 0.0000728239
 0.0000316034 0.0000000795 0.0000483314 0.0000081009 0.0012417772
 0.0027202354 0.0003928836 0.0000517572 0.0579714528 0.1446735222
 0.0044261706 0.009695963  0.0011585699 0.0002353498 0.2152241664
 0.5371132983]
        collect g,h time= 0.24661850929260254
energy=-4.53081365928484,dE=-0.00021215947992381246,std=0
loss  =-4.53081365928484,dloss=-0.00021215947992381246,std=0
        gnorm= 0.08377459967588703
        collect S matrix time= 2.574920654296875e-05
        nonzero=15,wmax=7.606331192803078,wmin=0.022951033689603502
        SR solver time= 0.00011324882507324219
        xnorm=2.6330188192156383,dnorm=0.0022598585711021595
[-0.0221185086 -0.6181253165  0.8846935921 -1.4111548256  0.910896844 ]
[ 0.0261993393 -0.4083052433 -0.6127910443]
[ 0.0455979126 -0.3592245381]
[-0.0906618586 -0.1181301336]
[-0.598657759  -0.0550407308 -0.2845839465 -0.5354336384 -0.0630372769
  0.2138433402 -0.2591771318 -0.2333235791 -0.0794618409 -0.8293837307
  0.4093780686 -0.6998061501]
step= 199

nparam= 24
        dense amplitude time= 0.0021085739135742188
        total non-zero amplitudes= 36
        nsamples per process= 36
all_e= [   -3.7608962456    -4.6584152655    -3.2213517952    -7.4816748843
    -4.6261321892    -4.6409152462    -4.3073727355    -5.8960935109
    -3.126144608     -1.7983090819    -4.6523539437    -4.3845851257
    -3.4877298406    -3.2657305963   -12.2058474028  -426.0451182561
    -4.1273791438    -4.6818242408    -3.2115082516    -2.5144631676
   -13.0952630123 10740.7784601004   -12.3658272046    35.2154718873
    -5.8122618151    -5.4810552027    -3.8722585887    -3.0594874412
    -4.6949235179    -4.4886687449    -4.6818547397    -4.3228545825
    -4.1063607216    -4.6741764716    -4.4966136379    -4.5462285795]
all_f= [0.000522073  0.0004990248 0.0001809368 0.000001668  0.0019344545
 0.0026105878 0.0006815585 0.0006514695 0.0001979267 0.0000055946
 0.0052918976 0.0071415292 0.0002019166 0.000305696  0.0000845888
 0.0000000584 0.0001041504 0.0001107827 0.0005441207 0.0001037168
 0.0001103332 0.0000000001 0.0000003272 0.0000000367 0.000567901
 0.0018727173 0.0005108298 0.0000126006 0.0269082737 0.1400133103
 0.0024193403 0.007978047  0.0017514004 0.0000766188 0.1284151021
 0.6681894101]
        collect g,h time= 0.24288129806518555
energy=-4.535377004908093,dE=-9.495515485014039e-12,std=0
loss  =-4.535377004908093,dloss=-9.495515485014039e-12,std=0
        gnorm= 0.00015200961117074692
        collect S matrix time= 2.7418136596679688e-05
        collect H matrix time= 1.6689300537109375e-05
        nonzero=15,smax=2.6860265945012953,smin=0.03127339816310863
        RGN solver time= 0.0001430511474609375
        xnorm=2.644174965083506,dnorm=7.886256842014017e-06
[-0.023484838  -0.591496426   0.858484565  -1.4038739097  0.9371346494]
[ 0.0059975631 -0.4079961679 -0.6126221325]
[ 0.117706228  -0.3540577046]
[-0.1430225556 -0.108411696 ]
[-0.623767533   0.017926296  -0.2723585821 -0.5122631381 -0.0960622155
  0.1934862889 -0.2529890883 -0.2482635603 -0.0542004132 -0.8812646697
  0.4062038364 -0.7064493815]

run = 3
step= 99

nparam= 24
        dense amplitude time= 0.0022096633911132812
        total non-zero amplitudes= 36
        nsamples per process= 36
all_e= [    -4.3568185738     -4.2522862658     -2.5063013337     -2.3285962936
     -7.2180161193     -4.9028798824     -6.7734883631    -19.0666744513
      4.3896345852     -3.4102775147     -6.2947184587     -4.2448050819
     -1.571837081      -3.1365390398     -5.2605248474     -4.7022033306
     -3.7996651304     -3.9129781242     69.0970690432   -619.3963672759
 -14334.4004968979     -4.8077412427     -3.6453155434     -3.9229878901
     -4.1525540432     -6.1515268761     -3.5867658341     -9.0164211763
     -6.2280611451     -4.7098759582     -4.1162638815     -4.9646593917
     -4.6750047693     -2.9333884019     -4.4175859675     -4.5507560158]
all_f= [0.0004021092 0.0001168353 0.0000194466 0.0000203475 0.0000670872
 0.0002125722 0.0000687971 0.0000199894 0.000000735  0.0001695134
 0.0010229174 0.0032412102 0.0000029725 0.0015754971 0.0039235587
 0.0065260227 0.0016500261 0.0007622256 0.           0.
 0.0000000001 0.0067914942 0.0012998576 0.0001987756 0.0017035844
 0.0011613356 0.0006863003 0.0000011356 0.0013429097 0.0106866715
 0.0011745913 0.0008007203 0.0000081813 0.0000043488 0.1065365467
 0.8478016836]
        collect g,h time= 0.2559804916381836
energy=-4.542207319750398,dE=-0.0012709099172862892,std=0
loss  =-4.542207319750398,dloss=-0.0012709099172862892,std=0
        gnorm= 0.08248991002014244
        collect S matrix time= 2.7894973754882812e-05
        nonzero=16,wmax=2.3490813577323983,wmin=0.0052984115096962065
        SR solver time= 0.00011706352233886719
        xnorm=3.6349591561619863,dnorm=0.038976372884300406
[-0.3068254083  0.0919627666  0.8928658492 -0.0470907527  0.9536701096]
[ 0.6173197616 -0.7179726836  1.1664272817]
[0.7790779454 0.3366717498]
[0.890976757  1.3719330834]
[ 0.2646195538  1.1160969756 -0.1523467485  1.2224759911  1.2205446284
 -0.6699900666  0.7322281653 -0.081139352   0.2672124199  0.4264577695
 -0.487944143  -0.1266563845]
step= 199

nparam= 24
        dense amplitude time= 0.0021436214447021484
        total non-zero amplitudes= 36
        nsamples per process= 36
all_e= [  -4.7178854281   -8.1629774161   -8.4622640243  144.0933616118
   -4.9037839887   -5.9606388101   -4.0351891764  -17.9402693926
   31.8874562698   11.351809709    -4.3024973831   -4.4274408659
   -2.6287284908   -3.0383824075   -4.6464101531   -4.5558005306
   -3.9545509794   -3.9957441449   -3.4965733852   -4.939013798
  -31.3027507869   -5.0024860445   -3.7205609665   -4.4745857609
   -4.3106999345   -4.6621024339   -3.3944863442   -4.1680628716
   -5.4179345408   -4.4861264213   -4.4098391344   -4.2583030838
 -125.0702098107   -4.5959841428   -4.5109182231   -4.570489623 ]
all_f= [0.000607947  0.0000346752 0.0000000861 0.0000000001 0.0005962865
 0.0001238847 0.0004104159 0.0000234087 0.           0.0000000005
 0.0127455981 0.0026480292 0.0000002868 0.0002365929 0.0112083686
 0.0060896359 0.0000253242 0.0001212683 0.0000001962 0.0000000515
 0.0000117    0.0066735227 0.0001596171 0.0000009892 0.0014261555
 0.0065239883 0.000000491  0.0000011851 0.003774402  0.0608397323
 0.0009403459 0.0043016387 0.0000000002 0.0000054304 0.0514321371
 0.829036608 ]
        collect g,h time= 0.2510688304901123
energy=-4.564481117625384,dE=-3.858481179008777e-08,std=0
loss  =-4.564481117625384,dloss=-3.858481179008777e-08,std=0
        gnorm= 0.003973058529483998
        collect S matrix time= 2.6702880859375e-05
        collect H matrix time= 1.7642974853515625e-05
        nonzero=16,smax=8.09779185406076,smin=0.02650526294361846
        RGN solver time= 0.00014853477478027344
        xnorm=3.8163085257125773,dnorm=0.0002803263098447366
[-0.2446765626  0.5339442583  0.4232708182  0.1579746062  1.4338679108]
[ 0.785504742  -0.9798814034  0.9981738542]
[1.0658363748 0.3545968348]
[0.8726855337 1.3425165226]
[ 0.3285371308  1.1298215463 -0.0872168124  1.2461081381  1.0228824348
 -0.5414254813  0.7741272663  0.0732510211  0.3464162681  0.2401534392
 -0.7019034763  0.0206873871]

run = 4
step= 99

nparam= 24
        dense amplitude time= 0.002129793167114258
        total non-zero amplitudes= 36
        nsamples per process= 36
all_e= [ -4.7703819206  -6.0473999607  -3.7516527054   0.1317634221
  -4.7880361652  -9.1089811324 -11.9560668688 -22.8639728341
  -2.5940807636  -3.3612047818  -5.2004431443 -15.2219594023
  -6.9566171935  -3.0461279593  -3.6286469572  -4.5040337955
  -3.8662835851  -4.164640363   -4.8650013119  -2.0636034165
  43.8142431381  -3.5596234809  -3.6618871024  -4.2357277363
 -10.1988107871  -6.2666662456  -3.8900853127  -3.6974521143
  -4.3363759598  -4.5640895147  -4.5275229773  -4.4054036239
  -4.4705861381  -4.1641464628  -4.4131083478  -4.6057467052]
all_f= [0.0003167181 0.0000922839 0.0007132107 0.0000595969 0.0014527786
 0.0001187339 0.0000461424 0.0000134448 0.0000009716 0.0001393745
 0.0006517331 0.0000532654 0.0000176022 0.0005208548 0.0029513011
 0.0086730791 0.0019917248 0.0133526607 0.000088813  0.0000490416
 0.0000053092 0.0017775323 0.0017746194 0.0052975536 0.0001282137
 0.0002695612 0.001218557  0.0005102465 0.2141854026 0.1009711016
 0.0035657783 0.0074968225 0.002730943  0.0103526599 0.4202829395
 0.1981294284]
        collect g,h time= 0.24933290481567383
energy=-4.439692707192037,dE=-0.002612110827934444,std=0
loss  =-4.439692707192037,dloss=-0.002612110827934444,std=0
        gnorm= 0.2663477492515147
        collect S matrix time= 2.5033950805664062e-05
        nonzero=15,wmax=9.013742486587317,wmin=0.010512743618121377
        SR solver time= 0.00010991096496582031
        xnorm=2.525833206325408,dnorm=0.02683644114183102
[ 0.4501550466  0.9075725121 -0.0051292922 -0.9100257142 -0.4341311563]
[ 0.3808511099 -1.1902913969  0.4729560439]
[-0.1593464855 -0.9430732034]
[0.0331018305 0.0928297657]
[ 0.3883305384 -0.5093011449  0.1764715939  0.3735667964  0.0804964986
 -0.4121678486  0.3349891892  0.136564507   0.0734811452  0.1110463156
 -0.3588624714  0.7836267721]
step= 199

nparam= 24
        dense amplitude time= 0.0024061203002929688
        total non-zero amplitudes= 36
        nsamples per process= 36
all_e= [   -4.7021849891    -5.9793509244    -0.5274170193    -1.219621498
    -4.6597048322    -6.5512120274   -14.0514455646 -1662.4576508269
    19.2216357908    -9.5402963872    -4.5390641688    -4.505927454
    -2.8728600852    -3.0283553672    -4.5631131992    -4.598370004
    -4.1336008493    -4.231911421     -2.8283754082    -2.9565118686
    -4.5470742599    -4.5744769119    -3.8084792587    -3.96513892
    -4.2170869384    -4.6371757188   -31.2149987077    -7.9305683876
   -23.2830806334    -4.4757853096   -10.5891403994    -7.0405794798
    -6.8952818284    -3.544258075     -4.4763445513    -4.5774745708]
all_f= [0.0008495837 0.0000045869 0.0000000002 0.0000000002 0.0000511897
 0.0000009315 0.0000003928 0.0000000021 0.0000000001 0.0000000007
 0.0069166264 0.0001258567 0.0000007771 0.0000012036 0.0167907982
 0.0069837169 0.000000028  0.0000000298 0.000000576  0.0000003185
 0.0075998605 0.0152382625 0.0000000722 0.0000000521 0.0000937032
 0.0058311934 0.           0.0000000018 0.0000169223 0.0039507387
 0.0000001666 0.0000103665 0.           0.0000000051 0.0039900978
 0.9315419384]
        collect g,h time= 0.25107693672180176
energy=-4.576800983020977,dE=-7.026691879019609e-06,std=0
loss  =-4.576800983020977,dloss=-7.026691879019609e-06,std=0
        gnorm= 0.005817135006589919
        collect S matrix time= 2.7894973754882812e-05
        collect H matrix time= 1.71661376953125e-05
        nonzero=17,smax=15.810581630135195,smin=0.02470373695581167
        RGN solver time= 0.00014257431030273438
        xnorm=3.873062507296138,dnorm=0.0012912416107196648
[ 0.4047033324  1.0804479431  0.0274052597 -1.0902617636 -0.733347968 ]
[ 0.785604388  -0.9996001621  0.99972239  ]
[ 0.6446741924 -1.4637828387]
[0.2946657463 1.1590893408]
[ 1.0605665053  0.0967538223  0.8897049928  1.5056016206  0.1465031394
 -0.0121888567  0.2571913865  0.1421743609  0.1735716847  0.2862572952
 -0.7426614396  0.6134343622]
