hop_ls= [(2, 4), (3, 5)]
ctr_ls= [(0,), (1,), (6,), (7,)]
hop_ls= [(1, 5)]
ctr_ls= [(0,), (6,), (7,)]
hop_ls= [(2, 6)]
ctr_ls= [(0,), (7,)]
hop_ls= [(3, 7), (1, 7)]
ctr_ls= [(0,)]
nparam= 24

run = 0
step= 99

nparam= 24
        dense amplitude time= 0.0021767616271972656
        total non-zero amplitudes= 36
        nsamples per process= 36
        collect g,h time= 0.24740934371948242
E=-4.529547152001416,dE=-0.00045305589223776366,std=0
L=-4.529547152001416,dL=-0.00045305589223776366,std=0
        gnorm= 0.05518642863365289
        collect S matrix time= 3.0994415283203125e-05
        nonzero=15,wmax=3.4753052073737463,wmin=0.005597741376982355
        SR solver time= 0.00012350082397460938
        xnorm=2.4831895476438866,dnorm=0.02115733409325524
[-0.2976176937  0.1190227541  0.6321522651  0.7375149998  0.0519574759]
[-0.0309050135 -0.3947508703 -0.6456193353]
[-0.4521122824 -0.5302328123]
[ 0.1148791542 -0.134936112 ]
[ 0.2269665792  0.0624720564  0.2192916139 -0.6303981403 -0.5996417416
  0.06391335   -1.3210357346  0.4743927966  0.0681073411  0.3801021584
  0.5722723952  0.8259499345]
step= 199

nparam= 24
        dense amplitude time= 0.0020568370819091797
        total non-zero amplitudes= 36
        nsamples per process= 36
        collect g,h time= 0.24860143661499023
E=-4.538188181672665,dE=-1.0943729082057985e-05,std=0
L=-4.538188181672665,dL=-1.0943729082057985e-05,std=0
        gnorm= 0.004163405828567025
        collect S matrix time= 2.288818359375e-05
        xnorm=2.704225581637295,dnorm=0.0
        nonzero=15,wmax=3.7140077458160237,wmin=0.00494269275631709
        SR solver time= 0.00011348724365234375
        collect H matrix time= 2.5033950805664062e-05
        nonzero=15,smax=5.191931252972421,smin=0.0114251063678085
        RGN solver time= 0.00012826919555664062
        xnorm=2.704225581637295,dnorm=0.005863180305550858
        dense amplitude time= 0.0020966529846191406
        total non-zero amplitudes= 36
        nsamples per process= 36
        RGN updated loss=-4.538198806966753,dloss=-1.0625294088129067e-05
[-0.3479735913  0.2846140994  0.6256734843  0.2609106851 -0.1678834989]
[-0.2135970103 -0.3991959032 -0.5971326731]
[-0.5784126938 -0.6371180815]
[ 0.2798157718 -0.190375392 ]
[ 0.2098165008  0.1613995337  0.2269520197 -0.8952882093 -0.7456705521
  0.0878434562 -1.3681958316  0.3405447991  0.0847491957  0.6049228888
  0.8400630235  0.8201786295]

run = 1
step= 99

nparam= 24
        dense amplitude time= 0.0021431446075439453
        total non-zero amplitudes= 36
        nsamples per process= 36
        collect g,h time= 0.2518906593322754
E=-4.514818171554476,dE=-0.0004644433748124399,std=0
L=-4.514818171554476,dL=-0.0004644433748124399,std=0
        gnorm= 0.11803717317275733
        collect S matrix time= 2.5510787963867188e-05
        nonzero=10,wmax=6.567928063835182,wmin=0.06549724322494752
        SR solver time= 0.00011134147644042969
        xnorm=3.33200956019644,dnorm=0.002405615959326023
[ 1.0683802227 -0.8971875804 -0.4139018697  0.7786177941 -0.3375481576]
[ 1.604615365   0.4983929529 -0.2692709988]
[-0.1411681081  0.0730053094]
[0.1982060149 0.4757934014]
[-1.157731043  -0.2051462431 -0.1975348626 -0.2061787711 -0.3466910288
  0.8261414234  0.4127397883  0.8036043642  0.592734773   0.7303372386
  0.4570597836  0.9511715754]
step= 199

nparam= 24
        dense amplitude time= 0.002199888229370117
        total non-zero amplitudes= 36
        nsamples per process= 36
        collect g,h time= 0.2490534782409668
E=-4.5284475664321056,dE=-1.3981349411551491e-10,std=0
L=-4.5284475664321056,dL=-1.3981349411551491e-10,std=0
        gnorm= 0.0017018895111950182
        collect S matrix time= 2.384185791015625e-05
        xnorm=3.3531289511922364,dnorm=0.0
        nonzero=10,wmax=6.5334177876794195,wmin=0.04819685811629517
        SR solver time= 0.00012636184692382812
        collect H matrix time= 2.574920654296875e-05
        nonzero=10,smax=7.192409407220083,smin=0.0717324308127056
        RGN solver time= 0.00013017654418945312
        xnorm=3.3531289511922364,dnorm=9.164202173232114e-06
        dense amplitude time= 0.002134084701538086
        total non-zero amplitudes= 36
        nsamples per process= 36
        RGN updated loss=-4.528447566440085,dloss=-7.979394922585925e-12
[ 1.0671704938 -0.8887000324 -0.4728782681  0.8603116587 -0.278653321 ]
[ 1.6008349488  0.4939694023 -0.2641611742]
[-0.1421307486  0.0730323502]
[0.190169803  0.4729460427]
[-1.1598303579 -0.1917360939 -0.1992881819 -0.2108785917 -0.3439907574
  0.8266072214  0.4617849731  0.8360265647  0.6209577083  0.6787290672
  0.4536683214  0.9378580381]

run = 2
step= 99

nparam= 24
        dense amplitude time= 0.0022895336151123047
        total non-zero amplitudes= 36
        nsamples per process= 36
        collect g,h time= 0.25550293922424316
E=-4.5248965347331,dE=-0.0012429011146899427,std=0
L=-4.5248965347331,dL=-0.0012429011146899427,std=0
        gnorm= 0.10561058139192975
        collect S matrix time= 2.8848648071289062e-05
        nonzero=15,wmax=4.590047656078522,wmin=0.004591131185833527
        SR solver time= 0.00013113021850585938
        xnorm=3.5640841704435444,dnorm=0.026359922638991846
[ 0.3321869813 -0.4164067966 -0.3683793134 -0.8356427278  0.4583143185]
[-1.094834677   0.710829627  -0.1384139208]
[-0.2896169233 -0.953340322 ]
[ 0.0078518773 -1.4330849043]
[ 0.5811466419 -0.0010097945  0.2553020868 -0.3765716149 -0.3592102707
 -1.2953083521 -0.7004624539 -1.393980307  -0.3821345134  0.6172782041
  0.8851796328 -0.7388932924]
step= 199

nparam= 24
        dense amplitude time= 0.002161741256713867
        total non-zero amplitudes= 36
        nsamples per process= 36
        collect g,h time= 0.25200414657592773
E=-4.548138910524106,dE=-8.288481012641569e-12,std=0
L=-4.548138910524106,dL=-8.288481012641569e-12,std=0
        gnorm= 0.0013682459668977161
        collect S matrix time= 2.384185791015625e-05
        xnorm=3.8783171945476456,dnorm=0.0
        nonzero=15,wmax=5.8098796223883316,wmin=0.015816536286314888
        SR solver time= 0.0001220703125
        collect H matrix time= 2.6226043701171875e-05
        nonzero=15,smax=5.139761601521625,smin=0.017997149985239977
        RGN solver time= 0.00013113021850585938
        xnorm=3.8783171945476456,dnorm=9.2730839519296e-06
        dense amplitude time= 0.002092123031616211
        total non-zero amplitudes= 36
        nsamples per process= 36
        RGN updated loss=-4.548138910529991,dloss=-5.88507020893303e-12
[ 0.0390827615 -0.6844364079  0.0257046568 -0.9851666724  0.0629939512]
[-1.1402815345  0.6899746103  0.0460610983]
[-0.4823864778 -0.9507160598]
[ 0.0046151403 -1.7620549806]
[ 0.5034482732  0.2223366958  0.3471114744 -0.794800754  -0.4419741317
 -1.1346959948 -0.1387983901 -1.6487248964 -0.2652363844  0.5713157869
  1.3526439536 -0.2728325532]

run = 3
step= 99

nparam= 24
        dense amplitude time= 0.0021696090698242188
        total non-zero amplitudes= 36
        nsamples per process= 36
        collect g,h time= 0.2535274028778076
E=-4.515825628825157,dE=-0.00027633174588004294,std=0
L=-4.515825628825157,dL=-0.00027633174588004294,std=0
        gnorm= 0.0816532291548776
        collect S matrix time= 2.8371810913085938e-05
        nonzero=10,wmax=11.88650335366927,wmin=0.016500430835933055
        SR solver time= 0.00012135505676269531
        xnorm=4.3433210714343815,dnorm=0.003378841574803294
[ 1.0939316545 -1.5388804214  0.203546388   0.2370297409  0.1384875871]
[-0.2168627084 -0.4983779495  1.3094700549]
[0.7095500626 0.2725167229]
[-0.5488553232  1.3458499787]
[ 1.1712627389 -1.0431958781 -0.3508124337  1.0469069308  0.4067472202
  0.4342941463 -0.0866212304 -1.6504180382 -0.1165774771 -0.0940011102
 -1.9236990389  0.0511379582]
step= 149

nparam= 24
        dense amplitude time= 0.002179861068725586
        total non-zero amplitudes= 36
        nsamples per process= 36
        collect g,h time= 0.2505619525909424
E=-4.545017507050503,dE=-1.1382946407678673e-07,std=0
L=-4.545017507050503,dL=-1.1382946407678673e-07,std=0
        gnorm= 0.010605724527741535
        collect S matrix time= 2.765655517578125e-05
        xnorm=4.859699361475574,dnorm=0.0
        nonzero=13,wmax=21.344164624208116,wmin=0.024982947971186564
        SR solver time= 0.00012087821960449219
        collect H matrix time= 2.3126602172851562e-05
        nonzero=14,smax=14.540900811516648,smin=0.01733952394164807
        RGN solver time= 0.00013780593872070312
        xnorm=4.859699361475574,dnorm=0.0003085850801082736
        dense amplitude time= 0.0021686553955078125
        total non-zero amplitudes= 36
        nsamples per process= 36
        RGN updated loss=-4.545017598865478,dloss=-9.181497517829484e-08
[ 0.8047895518 -2.5197006369  0.0233839613  0.4616617442  0.0468520872]
[-0.5334474948 -0.5181693647  1.3442141317]
[1.0222106657 0.7951062316]
[-0.9411317392  1.4568571399]
[ 1.3405034742 -0.3744755132 -0.2836276757  0.5308424751  0.1527666207
  0.3487518118 -0.3540441514 -1.589727886  -0.1876524879  0.046657264
 -2.034915776   0.289456209 ]
step= 199

nparam= 24
        dense amplitude time= 0.0022115707397460938
        total non-zero amplitudes= 36
        nsamples per process= 36
        collect g,h time= 0.2525947093963623
E=-4.560104671254046,dE=-2.041868896185406e-10,std=0
L=-4.560104671254046,dL=-2.041868896185406e-10,std=0
        gnorm= 0.0006384269569367425
        collect S matrix time= 9.608268737792969e-05
        xnorm=5.09931011969358,dnorm=0.0
        nonzero=13,wmax=22.731328520632623,wmin=0.03789101189792199
        SR solver time= 0.000125885009765625
        collect H matrix time= 2.0503997802734375e-05
        nonzero=15,smax=6.156254844374086,smin=0.007497961762223514
        RGN solver time= 0.00013685226440429688
        xnorm=5.09931011969358,dnorm=3.165864025625814e-05
        dense amplitude time= 0.0021495819091796875
        total non-zero amplitudes= 36
        nsamples per process= 36
        RGN updated loss=-4.560104671281485,dloss=-2.743849591979597e-11
[ 1.1248752176 -2.507772955   0.0621373069  0.5107808423  0.0554058504]
[-0.462264417  -1.7036922162  0.967431964 ]
[1.1539439315 0.7620076796]
[-1.1849615211  1.0841796606]
[ 1.3302519692 -0.4348137032 -0.3306111179  0.6137694585  0.1770206152
  0.3496449854 -0.6347865964 -1.5001541573 -0.3608148205  0.0392453869
 -1.966306281   0.6221785854]

run = 4
step= 99

nparam= 24
        dense amplitude time= 0.0021512508392333984
        total non-zero amplitudes= 36
        nsamples per process= 36
        collect g,h time= 0.25000452995300293
E=-4.522878656034633,dE=-0.00012815412919398028,std=0
L=-4.522878656034633,dL=-0.00012815412919398028,std=0
        gnorm= 0.03272828990576656
        collect S matrix time= 2.86102294921875e-05
        nonzero=14,wmax=10.341952921621333,wmin=0.011821499891948431
        SR solver time= 0.000125885009765625
        xnorm=3.5338907561716364,dnorm=0.012326020769771363
[ 0.0186744529  0.9209019501  2.1063107066  0.4822949382 -0.0683080181]
[ 0.0838830707 -0.3753784181  0.8743253514]
[-0.0479956566 -0.8587272213]
[-0.9490993321  0.385597453 ]
[ 0.1658495006  0.1348538666  0.0155291645 -0.1442267942 -0.1963882759
  0.4526268294  0.0333910101 -0.3651073322 -0.7060090792  0.6966431682
  1.6850626715  0.0682812248]
step= 149

nparam= 24
        dense amplitude time= 0.002168416976928711
        total non-zero amplitudes= 36
        nsamples per process= 36
        collect g,h time= 0.24887657165527344
E=-4.56289676302213,dE=-3.068335807654421e-09,std=0
L=-4.56289676302213,dL=-3.068335807654421e-09,std=0
        gnorm= 0.0015765144704448055
        collect S matrix time= 2.9802322387695312e-05
        xnorm=4.117129767980718,dnorm=0.0
        nonzero=15,wmax=9.003264978487222,wmin=0.01999220649405624
        SR solver time= 0.00012993812561035156
        collect H matrix time= 2.193450927734375e-05
        nonzero=15,smax=11.410194821774947,smin=0.042278341370799576
        RGN solver time= 0.00013637542724609375
        xnorm=4.117129767980718,dnorm=4.8509799312779836e-05
        dense amplitude time= 0.002118825912475586
        total non-zero amplitudes= 36
        nsamples per process= 36
        RGN updated loss=-4.562896765398102,dloss=-2.3759714196103232e-09
[-0.0988809455  1.0871931378  2.0638949936  0.8915686127 -0.0436616952]
[-0.7150127962 -1.1786443394  1.1438566217]
[ 0.0787536205 -0.8570193224]
[-1.3225997538  0.3712555149]
[ 0.1734306549  0.1479932686  0.1249166518 -0.5679015032  0.0776295849
  0.5757757612  0.064360492  -0.8486793105 -0.2420660619  0.3321194396
  1.8008564832  0.0439284365]
