run = 0
step= 49

nparam= 56
        dense amplitude time= 0.0007383823394775391
        total non-zero amplitudes= 36
        nsamples per process= 36
self.n= 0.9687365952057385
        collect g,h time= 0.2633702754974365
E=-4.168742005093376,dE=-0.0008914258511207862,std=0
L=-4.168742005093376,dL=-0.0008914258511207862,std=0
        gnorm= 0.06652533121057709
        collect S matrix time= 0.00022339820861816406
        nonzero=28,wmax=2.0364802664077803,wmin=0.002196714853734634
        SR solver time= 0.0003216266632080078
        xnorm=0.8720078714187587,dnorm=0.008412310883839234
[ 0.0230123633  0.0392145482  0.210761235   0.0101675737 -0.1938093328
 -0.0283293832  0.0014896655  0.1765348731 -0.0033142518 -0.183638423
 -0.0389006739  0.0335311431  0.0182640655  0.0251709181 -0.0109232641
  0.0168445362 -0.0098904511  0.131693386   0.0274513589  0.0279308078
  0.1754011972 -0.0167498577  0.0114228229 -0.0076912336 -0.2281947265
 -0.1916504997 -0.0400186796  0.0202874822]
step= 99

nparam= 56
        dense amplitude time= 0.0007417201995849609
        total non-zero amplitudes= 36
        nsamples per process= 36
self.n= 0.32057047932936017
        collect g,h time= 0.2630336284637451
E=-4.24894212877446,dE=-8.662140813964214e-05,std=0
L=-4.24894212877446,dL=-8.662140813964214e-05,std=0
        gnorm= 0.0345216803934996
        collect S matrix time= 0.0002117156982421875
        xnorm=1.8398271568626519,dnorm=0.0
        nonzero=28,wmax=3.3977713605214532,wmin=0.004583120512586645
        SR solver time= 0.0003437995910644531
        collect H matrix time= 3.361701965332031e-05
        nonzero=28,smax=7.981439530427799,smin=0.013704079780821325
        RGN solver time= 0.0004591941833496094
        xnorm=1.8398271568626519,dnorm=0.00510281274021302
        dense amplitude time= 0.0006930828094482422
        total non-zero amplitudes= 36
        nsamples per process= 36
self.n= 0.3202032532866038
        RGN updated loss=-4.249024190168699,dloss=-8.206139423894143e-05
[-0.0048297886  0.1868810701  0.4913627584  0.234287322  -0.3735663176
 -0.0409458085 -0.0122446941  0.4551127269  0.1818867118 -0.3774785253
  0.1855355799  0.0183146134  0.0246093501  0.0268913678 -0.0031239937
  0.0345844284 -0.2332700853  0.3121097038  0.0374836238  0.0261113188
  0.368375965  -0.2322549562 -0.0016714115 -0.1921796849 -0.4768969629
 -0.4357551529 -0.2309924964  0.0386022468]
step= 149

nparam= 56
        dense amplitude time= 0.0007421970367431641
        total non-zero amplitudes= 36
        nsamples per process= 36
self.n= 0.4002559219008091
        collect g,h time= 0.2621304988861084
E=-4.25045706336981,dE=-3.039826842687887e-06,std=0
L=-4.25045706336981,dL=-3.039826842687887e-06,std=0
        gnorm= 0.003905414210681766
        collect S matrix time= 0.00020384788513183594
        xnorm=1.7919812982914087,dnorm=0.0
        nonzero=27,wmax=2.951801846018045,wmin=0.01310744069628062
        SR solver time= 0.0003399848937988281
        collect H matrix time= 3.123283386230469e-05
        nonzero=29,smax=3.7546352789040074,smin=0.004385754886475759
        RGN solver time= 0.0004584789276123047
        xnorm=1.7919812982914087,dnorm=0.002274189421744627
        dense amplitude time= 0.0006692409515380859
        total non-zero amplitudes= 36
        nsamples per process= 36
self.n= 0.4006061939057281
        RGN updated loss=-4.250459483013632,dloss=-2.419643822193507e-06
[-0.0094053918  0.138997167   0.5265413456  0.2338664088 -0.4050997356
 -0.0406010259 -0.0126308132  0.4887390565  0.1385490779 -0.410941263
  0.183626705   0.0138775538  0.0278213897  0.0291709057 -0.0009576844
  0.0328496243 -0.2322467014  0.3448317055  0.0371796763  0.0259821032
  0.402216393  -0.2305183614 -0.0039124552 -0.1410288928 -0.5148698991
 -0.4706045812 -0.1827905681  0.0399883678]
