run = 0
step= 49

nparam= 56
        dense amplitude time= 0.012460947036743164
        total non-zero amplitudes= 36
        nsamples per process= 36
self.n= 0.7766316358351859
        collect g,h time= 0.26384854316711426
E=-4.56354598267812,dE=-6.519615596989325e-05,std=0
L=-4.56354598267812,dL=-6.519615596989325e-05,std=0
        gnorm= 0.015943998269254845
        collect S matrix time= 0.00019288063049316406
        nonzero=27,wmax=2.220711087484385,wmin=0.002458828799472855
        SR solver time= 0.0003273487091064453
        xnorm=0.8549241859200734,dnorm=0.004651779790888287
[-0.0750783232  0.0465851016  0.2137702065  0.0378004098 -0.2241209654
 -0.0243140535 -0.0516678376  0.1716049268  0.0655499466 -0.1926861135
 -0.0794099957 -0.0782663487 -0.0782042956 -0.0542482718  0.0005852942
 -0.0393620138  0.0703972096  0.0816787976 -0.0854958253 -0.0627055618
  0.1014517572 -0.0947123204  0.0028819435  0.0204431139 -0.2090913805
 -0.2034724858  0.1066891634  0.0287808219]
step= 89

nparam= 56
        dense amplitude time= 0.0007686614990234375
        total non-zero amplitudes= 36
        nsamples per process= 36
self.n= 1.042956813606549
        collect g,h time= 0.26392149925231934
E=-4.56675253277861,dE=-1.074451816407418e-08,std=0
L=-4.56675253277861,dL=-1.074451816407418e-08,std=0
        gnorm= 0.0015584683922303
        collect S matrix time= 0.00018644332885742188
        SR solver time= 0.00010991096496582031
        collect H matrix time= 0.00012731552124023438
        xnorm=1.183499282916451,dnorm=0.0
        RGN solver time= 5.650520324707031e-05
        xnorm=1.183499282916451,dnorm=0.005877628925809069
        dense amplitude time= 0.0006375312805175781
        total non-zero amplitudes= 36
        nsamples per process= 36
self.n= 1.0402854431040283
        RGN updated loss=-4.566752210303096,dloss=3.2247551384756434e-07
        xnorm=1.183499282916451,dnorm=0.0014910776811220064
[-0.0816586094  0.0371695479  0.2855713859  0.0280254448 -0.3144636206
 -0.0351370241 -0.0392964352  0.2436446383  0.061137752  -0.2788720121
 -0.0915722461 -0.0908539704 -0.0793980106 -0.0514880263  0.0084417286
 -0.0391638176  0.0817555729  0.1740185857 -0.0862114841 -0.0586771349
  0.1892153761 -0.0829257914 -0.0128089797  0.1066592357 -0.2785793038
 -0.2731575608  0.1412141809  0.020763929 ]

run = 1
step= 49

nparam= 56
        dense amplitude time= 0.0007350444793701172
        total non-zero amplitudes= 36
        nsamples per process= 36
self.n= 1.341706463054303
        collect g,h time= 0.2631804943084717
E=-4.257618018932582,dE=-0.009753408926675533,std=0
L=-4.257618018932582,dL=-0.009753408926675533,std=0
        gnorm= 0.2649348533189209
        collect S matrix time= 0.00020956993103027344
        SR solver time= 9.179115295410156e-05
        xnorm=3.4872932493416755,dnorm=0.03788388200336617
[-0.5198208075 -0.3877848832  0.7842016066  0.2713460512  0.4576139458
  0.2987125823 -0.1886760237  0.7406073773 -0.4349594915  0.0982263561
  0.0018021588  0.4490357237 -0.9790870725  0.8790650571  0.6544965623
 -0.7966586028  0.2716966172 -0.0425177185 -0.6889561144 -0.9298372444
 -0.1741216158 -0.0897751819  0.0771753027 -0.147214814  -0.9002331477
 -0.5975235987  0.3814016066 -0.0681945643]
step= 79

nparam= 56
        dense amplitude time= 0.0007195472717285156
        total non-zero amplitudes= 36
        nsamples per process= 36
self.n= 0.6886868628852854
        collect g,h time= 0.2632012367248535
E=-4.442152321478011,dE=-0.002136134068896567,std=0
L=-4.442152321478011,dL=-0.002136134068896567,std=0
        gnorm= 0.11489473525534516
        collect S matrix time= 0.0002186298370361328
        SR solver time= 9.059906005859375e-05
        xnorm=4.128974034036418,dnorm=0.08400501584805521
[-0.358404139  -0.2991863811  0.8226334525  0.3788955843  0.33849455
  0.3784448452 -0.2568673402  0.8220590766 -0.3027187108  0.2351206844
 -0.1278701805  0.3339447519 -0.8105114123  0.9033474346  0.5487116048
 -0.9566106228  0.4906047306 -0.1406805786 -0.5668070466 -1.0478051079
 -0.2788172099  0.0009891611  0.1803816807 -0.1933725936 -0.9560161608
 -0.6836016445  0.4873532038  0.0427360582]
