run = 0
step= 49

nparam= 51
        dense amplitude time= 0.0008914470672607422
        total non-zero amplitudes= 36
        nsamples per process= 12
self.n= 0.5305681935512775
        collect g,h time= 0.1671750545501709
E=-4.318195442936256,dE=-3.552713678800501e-15,std=0
L=-4.318195442936256,dL=-3.552713678800501e-15,std=0
        gnorm= 5.819050263336698e-05
        collect S matrix time= 8.344650268554688e-05
        nonzero=29,wmax=2.1708213970870687,wmin=0.0028475276536022473
        SR solver time= 0.0003268718719482422
        collect H matrix time= 3.170967102050781e-05
        nonzero=30,smax=3.1035828534730223,smin=0.004165994150624824
        RGN solver time= 0.0004782676696777344
        xnorm=1.2934279085204121,dnorm=9.541346180790159e-08
        dense amplitude time= 0.0010023117065429688
        total non-zero amplitudes= 36
        nsamples per process= 12
self.n= 0.5305681896588462
        RGN updated loss=-4.318195442936257,dloss=-8.881784197001252e-16
[-0.0681382038 -0.1459467532  0.0007422581  0.0314870889 -0.0455410622
  0.1745126841 -0.2111433926]
[ 0.2191091236  0.0191216218  0.1178301419 -0.0456144797 -0.1752931324
  0.0722116179  0.0430529398 -0.044502555  -0.0103314223  0.1368207708
  0.0629066795 -0.2619766236  0.1557344838  0.0448297169 -0.138772026
 -0.1441847592]
[ 0.0470864708 -0.0001184147  0.2759675034  0.0493262999 -0.3413439249
 -0.0185716551 -0.023588672   0.3644474454  0.0329738188 -0.0876611173
  0.012809662   0.0409062225  0.0487478376 -0.0486173032 -0.0125877247
  0.0114438819  0.0478178131  0.3765973311  0.0071852933 -0.3172933097
  0.061524161   0.0571719597 -0.1021262065 -0.0133685991 -0.6053950738
 -0.5714790389  0.0183527687  0.0667411562]
