run = 0
step= 49

nparam= 51
        dense amplitude time= 0.0010066032409667969
        total non-zero amplitudes= 36
        nsamples per process= 12
self.n= 0.5875752721405181
        collect g,h time= 0.16329121589660645
E=-4.5019556564610115,dE=-3.552713678800501e-15,std=0
L=-4.5019556564610115,dL=-3.552713678800501e-15,std=0
        gnorm= 9.21055292766708e-05
        collect S matrix time= 4.38690185546875e-05
        nonzero=30,wmax=2.2282736438969106,wmin=0.004370421376676118
        SR solver time= 0.00034165382385253906
        collect H matrix time= 4.00543212890625e-05
        nonzero=31,smax=3.2341023722360602,smin=0.0036457170488582817
        RGN solver time= 0.0004582405090332031
        xnorm=1.157412416515631,dnorm=7.480867204858822e-08
        dense amplitude time= 0.0009524822235107422
        total non-zero amplitudes= 36
        nsamples per process= 12
self.n= 0.5875752783236083
        RGN updated loss=-4.501955656461013,dloss=-1.7763568394002505e-15
[ 0.2316621612 -0.4385613921  0.0024583535  0.2268760549 -0.1169965881
 -0.092333143  -0.2061719709]
[ 0.0204831907 -0.0067897541  0.2762666995 -0.0309257843  0.0561061495
 -0.0501992957 -0.0431110888  0.0040167848 -0.0262124883 -0.1700614221
  0.0407448251 -0.1694000499 -0.0752208563 -0.0231206627 -0.0191174549
 -0.3195638841]
[-0.0758111239 -0.0247077716 -0.0773201368  0.0341287908  0.275402796
 -0.0237226034  0.1366164264 -0.295814928   0.0401797872  0.0446906832
 -0.0913730228 -0.011345504   0.0416718625  0.0065191663  0.0211635393
  0.0226445528 -0.0386799163 -0.1191304605 -0.0711634448 -0.0894155349
 -0.0088900023 -0.0119131897  0.1167740567  0.002983924   0.5353100918
  0.4029710052 -0.0348590778 -0.1406685858]

run = 1
step= 49

nparam= 51
        dense amplitude time= 0.0009005069732666016
        total non-zero amplitudes= 36
        nsamples per process= 12
self.n= 0.696953613320596
        collect g,h time= 0.15874862670898438
E=-4.50141100127148,dE=-1.7379782057957982e-08,std=0
L=-4.50141100127148,dL=-1.7379782057957982e-08,std=0
        gnorm= 0.0012781483991249492
        collect S matrix time= 4.1961669921875e-05
        nonzero=31,wmax=2.8842476719450105,wmin=0.00949340132354382
        SR solver time= 0.00033283233642578125
        collect H matrix time= 3.695487976074219e-05
        nonzero=31,smax=4.373372966436696,smin=0.01966542993538628
        RGN solver time= 0.0004303455352783203
        xnorm=1.4263525623095912,dnorm=0.0001062983417403276
        dense amplitude time= 0.0009229183197021484
        total non-zero amplitudes= 36
        nsamples per process= 12
self.n= 0.6969540348948771
        RGN updated loss=-4.501411014628572,dloss=-1.3357092321086839e-08
[ 0.1318700713 -0.1641408097 -0.0014018534  0.0955299403 -0.1713477866
  0.4233765248 -0.2215955184]
[ 0.0199349561  0.0103900176  0.1535904896 -0.0388935888 -0.0991252247
 -0.020871955   0.034158346  -0.2343287721 -0.0310233329 -0.0738374729
  0.0125256929  0.0429450916  0.0702615563  0.0110521306 -0.0459577736
 -1.0205591507]
[-0.019750428   0.0091364005  0.2958239664  0.0142092563 -0.148082736
  0.0833251968  0.0218814034  0.1473575039 -0.0064315709 -0.0037851893
  0.031034485  -0.0010309615  0.0602895935 -0.0396614377 -0.0271934025
  0.0177717631  0.0157145188  0.2215839183 -0.0189830856  0.0291581861
  0.1640194464  0.0204452217  0.0444777196  0.028503515  -0.4059121197
 -0.4200183571 -0.0235188903  0.0727975046]

run = 2
step= 49

nparam= 51
        dense amplitude time= 0.0009467601776123047
        total non-zero amplitudes= 36
        nsamples per process= 12
self.n= 0.6159468911149135
        collect g,h time= 0.1648120880126953
E=-4.501951753442735,dE=-7.066827123480834e-10,std=0
L=-4.501951753442735,dL=-7.066827123480834e-10,std=0
        gnorm= 0.00016483997823480247
        collect S matrix time= 4.696846008300781e-05
        nonzero=30,wmax=2.1386649022237036,wmin=0.0025708746525844785
        SR solver time= 0.0003268718719482422
        collect H matrix time= 3.147125244140625e-05
        nonzero=30,smax=3.111004306668724,smin=0.0057117079174523805
        RGN solver time= 0.00043582916259765625
        xnorm=1.1682814187850445,dnorm=3.9717623817656595e-05
        dense amplitude time= 0.000990152359008789
        total non-zero amplitudes= 36
        nsamples per process= 12
self.n= 0.6159490117281871
        RGN updated loss=-4.501951754423773,dloss=-9.81038361658193e-10
[ 0.1463593435 -0.353736182  -0.0231039573  0.3057244787 -0.1626983342
  0.0334639966 -0.224268822 ]
[ 0.1577356103 -0.0965979934  0.1537133488 -0.2898776441 -0.0611083666
 -0.1602557751  0.2473423797 -0.0492209216 -0.194296989   0.24828823
  0.1310785229 -0.1723733419  0.0827803722  0.020247691  -0.03250485
 -0.262403985 ]
[ 0.0754668291  0.0033977581  0.0641975737 -0.0638614588 -0.2348923099
  0.0308054111  0.0024969049  0.123131965   0.0146608871 -0.0904259613
 -0.0234443261  0.0486218334  0.0083150989  0.0145273514  0.0227123816
 -0.0162243144 -0.0293147551  0.1218964833  0.0062203176 -0.1502925532
  0.0340779788  0.0110980604  0.0235949045 -0.0284529964 -0.4486880174
 -0.4822753598  0.0276079936 -0.1218894511]
