run = 0
step= 99

nparam= 31
        dense amplitude time= 0.0015573501586914062
        total non-zero amplitudes= 36
        nsamples per process= 12
self.n= 0.05249420106406978
        collect g,h time= 0.14534616470336914
E=-4.3180162071303965,dE=-1.555435795275173e-05,std=0
L=-4.3180162071303965,dL=-1.555435795275173e-05,std=0
        gnorm= 0.004337773006325452
        collect S matrix time= 2.7418136596679688e-05
        SR solver time= 5.793571472167969e-05
        collect H matrix time= 2.09808349609375e-05
        RGN solver time= 3.5762786865234375e-05
        xnorm=3.6101652857991158,dnorm=0.041128744993221895
        dense amplitude time= 0.0008385181427001953
        total non-zero amplitudes= 36
        nsamples per process= 12
self.n= 0.05381447737444349
        RGN updated loss=-4.318027723875209,dloss=-1.1516744812922752e-05
[-0.5088793502  0.603766506  -0.4023976861 -0.1325150352  0.1136355467
 -0.0886275023]
[-0.4645480098  0.955522165  -0.3908835848 -0.3510539699 -1.3613279243
  0.728523914  -0.4442757184 -0.4924208124 -0.2168386955  0.4089005799
  0.24728912   -1.23191394   -0.0820324778]
[-0.4621000445  0.5825007263  1.1661970828  0.6592151871 -1.5392062186
 -0.1243108213 -0.1183248676  0.0533850207 -0.0404499119 -0.7148484883
 -0.5615954026 -0.8218163005]
step= 199

nparam= 31
        dense amplitude time= 0.0018014907836914062
        total non-zero amplitudes= 36
        nsamples per process= 12
self.n= 0.058502059890378474
        collect g,h time= 0.1464240550994873
E=-4.318072866096542,dE=-5.110257106366589e-09,std=0
L=-4.318072866096542,dL=-5.110257106366589e-09,std=0
        gnorm= 1.4685385958879998e-05
        collect S matrix time= 4.172325134277344e-05
        SR solver time= 5.7697296142578125e-05
        collect H matrix time= 2.002716064453125e-05
        RGN solver time= 3.552436828613281e-05
        xnorm=3.6879576698784975,dnorm=0.0015098242617262658
        dense amplitude time= 0.000881195068359375
        total non-zero amplitudes= 36
        nsamples per process= 12
self.n= 0.05851577772082978
        RGN updated loss=-4.318072871080327,dloss=-4.98378494029339e-09
[-0.5568363929  0.6058899508 -0.3946639615 -0.1218932039  0.099278744
 -0.0883016433]
[-0.4792336905  1.0972207003 -0.4583120512 -0.1626387572 -1.5009574455
  0.5979545629 -0.5474691963 -0.4601504711 -0.1466273003  0.4563327548
  0.3124548254 -1.1636009574 -0.0690643215]
[-0.4746956908  0.3757074678  1.1287091958  0.6933078453 -1.6361026172
 -0.2003847976 -0.0134365097  0.1153004296  0.1549253502 -0.6345324088
 -0.6409880875 -0.7541297841]

run = 1
step= 199

nparam= 31
        dense amplitude time= 0.0015380382537841797
        total non-zero amplitudes= 36
        nsamples per process= 12
self.n= 0.17865082982109512
        collect g,h time= 0.14100170135498047
E=-4.318200697993418,dE=-4.362998851092925e-11,std=0
L=-4.318200697993418,dL=-4.362998851092925e-11,std=0
        gnorm= 1.5948958215015128e-07
        collect S matrix time= 2.5033950805664062e-05
        SR solver time= 5.841255187988281e-05
        collect H matrix time= 2.765655517578125e-05
        RGN solver time= 3.7670135498046875e-05
        xnorm=2.38358313174772,dnorm=0.00014238135030755422
        dense amplitude time= 0.0008361339569091797
        total non-zero amplitudes= 36
        nsamples per process= 12
self.n= 0.17865878209125605
        RGN updated loss=-4.318200698036122,dloss=-4.270450659760172e-11
[ 0.0094773961  0.0348287523 -0.0000192602 -0.8328166772 -0.7012898156
 -0.2449548739]
[ 0.5567803162  0.0770825302  0.0000519523  0.0908013327  0.0000235326
  0.2105786527 -0.1928701733 -0.294755932   0.0000218218  0.1818802495
 -0.0000257347 -0.000072997   0.0837005027]
[ 0.0000025343  1.3624724583  0.0000128364 -0.000002161  -0.3880007059
  0.2526377416  0.0000275841 -0.9360625104  0.0000339949 -0.9602662205
 -0.1815990634 -0.0000358344]
