run = 0
step= 29

nparam= 38
        dense amplitude time= 0.000990152359008789
        total non-zero amplitudes= 36
        nsamples per process= 12
self.n= 0.6391496232065016
        collect g,h time= 0.10453057289123535
E=-4.112455557559943,dE=-0.001277294946262053,std=0
L=-4.112455557559943,dL=-0.001277294946262053,std=0
        gnorm= 0.0690337445330954
        collect S matrix time= 3.337860107421875e-05
        nonzero=19,wmax=1.7086433579120137,wmin=0.05559989832514863
        SR solver time= 0.0002162456512451172
        xnorm=0.9046834351749844,dnorm=0.010017665940442903
[ 0.2545148894 -0.0669345034  0.0664127159 -0.1090528461  0.0831926947
 -0.0818997753]
[ 0.0217545637  0.0119876164  0.274956936  -0.3018746398]
[-0.0387428521 -0.0402636608 -0.0796163197  0.0652889008  0.0587739258
  0.0094384325  0.0307130342 -0.0035090017  0.034706457   0.0602411264
 -0.0860839474 -0.0096059225 -0.0668944348 -0.0362273385 -0.0023020656
  0.0412989815 -0.0103270203 -0.1112236007 -0.0355282162 -0.0673294527
 -0.0830437812 -0.0687603929  0.0266692217  0.0234624727  0.4965562605
  0.4940583631  0.0000475184 -0.0295410743]
step= 49

nparam= 38
        dense amplitude time= 0.0009655952453613281
        total non-zero amplitudes= 36
        nsamples per process= 12
self.n= 0.4817249206162669
        collect g,h time= 0.14629459381103516
E=-4.208767239809063,dE=-3.774075274520783e-09,std=0
L=-4.208767239809063,dL=-3.774075274520783e-09,std=0
        gnorm= 0.0010994117215186155
        collect S matrix time= 3.457069396972656e-05
        nonzero=17,wmax=3.087468865571187,wmin=0.25092933045528687
        SR solver time= 0.00021266937255859375
        collect H matrix time= 2.9087066650390625e-05
        nonzero=17,smax=2.843978680975258,smin=0.20217649148337008
        RGN solver time= 0.00023245811462402344
        xnorm=1.6223059537616034,dnorm=7.751048490609762e-05
        dense amplitude time= 0.0009410381317138672
        total non-zero amplitudes= 36
        nsamples per process= 12
self.n= 0.48171838811611584
        RGN updated loss=-4.208767243590206,dloss=-3.781142510206337e-09
[ 0.0488887602 -0.6059079643  0.3059659266 -0.3486060567  0.2638895793
  0.3805605256]
[ 0.0776621764  0.0071669869  0.2714274817 -0.2963523644]
[-0.0455662921 -0.0895640646 -0.549769838   0.0889351843  0.269337897
 -0.0554234675  0.0505971774 -0.4805062334  0.0976764383  0.2882516035
 -0.1376535414 -0.0089314096 -0.1293211229 -0.0568666001 -0.0566025662
  0.0117090161 -0.0247330652 -0.3108647056 -0.0334683623 -0.149293851
 -0.3077182754 -0.0211871693  0.0516099008  0.0613374015  0.5784031235
  0.5841062108 -0.0528593167 -0.0124503698]

run = 1
step= 29

nparam= 38
        dense amplitude time= 0.0018854141235351562
        total non-zero amplitudes= 36
        nsamples per process= 36
self.n= 0.6222259260882858
        collect g,h time= 0.30138158798217773
E=-4.1170785599527475,dE=-0.0012328915980903687,std=0
L=-4.1170785599527475,dL=-0.0012328915980903687,std=0
        gnorm= 0.0704940983189619
        collect S matrix time= 0.00017762184143066406
        nonzero=20,wmax=1.615808336291051,wmin=0.0017198707118038518
        SR solver time= 0.00022125244140625
        xnorm=0.8465668071915575,dnorm=0.030408842955890462
[ 0.2230311322 -0.2347728452  0.0773622193 -0.1254995174  0.177145745
 -0.0076308342]
[ 0.016697105  -0.0501413779 -0.0154893002  0.0287226591]
[ 0.0153594565 -0.0167971317 -0.0851567152  0.046195826   0.1002833773
 -0.0104149735  0.0394255505 -0.0635681051  0.0426039013  0.1052047088
 -0.0403797942  0.0100341381  0.002830141   0.0213810262  0.0117978126
  0.0442030526  0.0092418197 -0.0867181792  0.0098697311  0.0150875488
 -0.102907509   0.0061290719 -0.0067304679  0.0306173286  0.5113513721
  0.4971762989 -0.0461843203 -0.0608071531]
step= 49

nparam= 38
        dense amplitude time= 0.001859426498413086
        total non-zero amplitudes= 36
        nsamples per process= 36
self.n= 0.48344338780133894
        collect g,h time= 0.30330610275268555
E=-4.20906502849702,dE=-1.0595282367020786e-06,std=0
L=-4.20906502849702,dL=-1.0595282367020786e-06,std=0
        gnorm= 0.0008508468385062712
        collect S matrix time= 8.559226989746094e-05
        nonzero=17,wmax=3.829405448615761,wmin=0.2651054902109945
        SR solver time= 0.0002295970916748047
        collect H matrix time= 3.4332275390625e-05
        nonzero=17,smax=3.5159017433430657,smin=0.26924434868390057
        RGN solver time= 0.000274658203125
        xnorm=1.6252982544830294,dnorm=0.0013247381156105003
        dense amplitude time= 0.0017261505126953125
        total non-zero amplitudes= 36
        nsamples per process= 36
self.n= 0.4835924427346601
        RGN updated loss=-4.2090661059710195,dloss=-1.0774739997998495e-06
[ 0.0366630384 -0.3379498386  0.4900350904 -0.5381723885 -0.0523117554
  0.5287110682]
[ 0.0764751126 -0.0525494195  0.0033306508  0.0349148465]
[ 0.0060328656 -0.0666426329 -0.5585627571  0.0792140122  0.2738939397
 -0.0635668448  0.0345281952 -0.5390220776  0.0707292346  0.3246998485
 -0.0736035103  0.0075962748 -0.0681137264  0.0195216909 -0.0437196079
  0.0318815741 -0.0193904655 -0.2508960924  0.0211223824 -0.0585428812
 -0.3175703737  0.0294925664  0.0146736694  0.0859607641  0.5983952349
  0.5863051769 -0.0863156385 -0.0320111406]

run = 2
step= 29

nparam= 38
        dense amplitude time= 0.0010502338409423828
        total non-zero amplitudes= 36
        nsamples per process= 12
self.n= 0.6394118045195002
        collect g,h time= 0.10306000709533691
E=-4.109257559779806,dE=-0.0010290731220665705,std=0
L=-4.109257559779806,dL=-0.0010290731220665705,std=0
        gnorm= 0.060738462822822116
        collect S matrix time= 3.314018249511719e-05
        nonzero=20,wmax=1.5630006712853048,wmin=0.0016902346907604593
        SR solver time= 0.00021886825561523438
        xnorm=0.8269477771652417,dnorm=0.011487950856182837
[ 0.2735549517 -0.0367842255  0.0808310746 -0.0790117503  0.0642773123
 -0.0770419041]
[ 0.021827399   0.0211541738 -0.1098422566  0.1203196499]
[-0.0279740395 -0.009313302  -0.0109648619  0.0645421142 -0.0349071914
 -0.0296397956 -0.02610861    0.0467718948 -0.015777507  -0.0671417221
 -0.0673051824 -0.0244334594  0.0549455009 -0.0291199521 -0.0293431411
 -0.0574987671  0.0308769253  0.0832492023  0.0153584054  0.0739576533
  0.1170716946 -0.0880733504  0.0492974407  0.0331918385 -0.513425226
 -0.4825535646 -0.020282906   0.0402293072]
step= 49

nparam= 38
        dense amplitude time= 0.0009665489196777344
        total non-zero amplitudes= 36
        nsamples per process= 12
self.n= 0.4770885647079256
        collect g,h time= 0.14580631256103516
E=-4.208442147856194,dE=-2.455309715543308e-07,std=0
L=-4.208442147856194,dL=-2.455309715543308e-07,std=0
        gnorm= 0.0012810130231621793
        collect S matrix time= 0.00013637542724609375
        nonzero=17,wmax=2.704155983329596,wmin=0.2520789686589318
        SR solver time= 0.00021386146545410156
        collect H matrix time= 2.9325485229492188e-05
        nonzero=17,smax=2.3867905034243573,smin=0.27014034154974037
        RGN solver time= 0.000255584716796875
        xnorm=1.5123271421635778,dnorm=0.0006369979720256989
        dense amplitude time= 0.0009429454803466797
        total non-zero amplitudes= 36
        nsamples per process= 12
self.n= 0.47710053405114017
        RGN updated loss=-4.20844240949918,dloss=-2.6164298638775563e-07
[ 0.0458994107 -0.3117556054  0.371168473  -0.3693491487  0.09155537
  0.349725433 ]
[ 0.0771750505  0.0205749677 -0.1325988855  0.1133869259]
[-0.0519568897  0.0130137311  0.51768203    0.0569966331 -0.2337074198
 -0.0749390714 -0.0505846679  0.5829996126 -0.0298429593 -0.3283437065
 -0.0862065661 -0.0180894218 -0.0141125488 -0.003008448  -0.1056575329
 -0.0379632952  0.037096771   0.2534849282  0.0085297373 -0.0234555219
  0.3663726869 -0.0616565709  0.0334755654  0.0207851861 -0.6146457385
 -0.5930181805 -0.0354071402  0.0598011317]

run = 3
step= 29

nparam= 38
        dense amplitude time= 0.0018665790557861328
        total non-zero amplitudes= 36
        nsamples per process= 36
self.n= 0.6185711413085117
        collect g,h time= 0.2979898452758789
E=-4.113852060337,dE=-0.0010196068305585726,std=0
L=-4.113852060337,dL=-0.0010196068305585726,std=0
        gnorm= 0.0628693782784915
        collect S matrix time= 6.29425048828125e-05
        nonzero=20,wmax=1.6156054664684194,wmin=0.0017253351375870747
        SR solver time= 0.00029540061950683594
        xnorm=0.8597112523553055,dnorm=0.028525025847098234
[ 0.2417570478 -0.1276923926  0.1348180689 -0.0464438817  0.1508730459
 -0.000709263 ]
[ 0.0253681944 -0.0041968308 -0.1443706199  0.1573264794]
[-0.0076636455 -0.0009974926  0.0282261367  0.050649525  -0.1117478941
 -0.0400060468 -0.0224007611  0.0310994686  0.0044404734 -0.0578206621
 -0.0071441778  0.0310194122 -0.0257418141  0.0153327718 -0.0279568277
 -0.043243342   0.0143141574  0.045256985   0.0228646347 -0.0221385083
  0.1095825809  0.0398310172  0.0204007479  0.0406864406 -0.531248828
 -0.5086194251 -0.0454538397  0.0121983621]
step= 49

nparam= 38
        dense amplitude time= 0.0017113685607910156
        total non-zero amplitudes= 36
        nsamples per process= 36
self.n= 0.4824592373205412
        collect g,h time= 0.2955036163330078
E=-4.208573859827729,dE=-6.905593010309019e-06,std=0
L=-4.208573859827729,dL=-6.905593010309019e-06,std=0
        gnorm= 0.001480594916891527
        collect S matrix time= 7.367134094238281e-05
        nonzero=17,wmax=2.9305112364231816,wmin=0.2501182612717072
        SR solver time= 0.00021982192993164062
        collect H matrix time= 2.7418136596679688e-05
        nonzero=17,smax=2.6301989405998,smin=0.26817464560969834
        RGN solver time= 0.00026869773864746094
        xnorm=1.553948790962949,dnorm=0.0034326196776025093
        dense amplitude time= 0.0017337799072265625
        total non-zero amplitudes= 36
        nsamples per process= 36
self.n= 0.48281607044614633
        RGN updated loss=-4.208581132687129,dloss=-7.272859400053733e-06
[ 0.0403112124 -0.2917124083  0.4628350743 -0.3744608871  0.0755041669
  0.3926568724]
[ 0.0699717077 -0.0042574856 -0.1469090086  0.1660534465]
[-0.0133323054 -0.0607989338  0.5351383114  0.0823294532 -0.3028707584
 -0.1027585477 -0.0047232642  0.5422432209  0.075262076  -0.2883542607
 -0.0392326851  0.0281159404 -0.1047382195 -0.0055011537 -0.0882063835
 -0.0350919874 -0.0175314205  0.2260367364 -0.0001746469 -0.0979042754
  0.3382300606  0.0654526605 -0.0060446056  0.0833146034 -0.6263764294
 -0.6086788191 -0.0755304415 -0.0022066499]

run = 4
step= 49

nparam= 38
        dense amplitude time= 0.0009644031524658203
        total non-zero amplitudes= 36
        nsamples per process= 12
self.n= 0.4792572957420229
        collect g,h time= 0.14797735214233398
E=-4.209127552224509,dE=-3.034816842273358e-11,std=0
L=-4.209127552224509,dL=-3.034816842273358e-11,std=0
        gnorm= 0.0007387035555214825
        collect S matrix time= 6.079673767089844e-05
        nonzero=17,wmax=2.893011021403787,wmin=0.2749442688521384
        SR solver time= 0.0002193450927734375
        collect H matrix time= 2.5987625122070312e-05
        nonzero=17,smax=4.850255788960932,smin=0.4426204191042545
        RGN solver time= 0.0002446174621582031
        xnorm=1.646723569455445,dnorm=3.018273976690128e-06
        dense amplitude time= 0.001001596450805664
        total non-zero amplitudes= 36
        nsamples per process= 12
self.n= 0.47925742858194526
        RGN updated loss=-4.209127552248775,dloss=-2.426592260462712e-11
[ 0.0588437391 -0.2601832904  0.4659551964 -0.4800583595  0.1764754543
  0.3111504635]
[ 0.0742420614  0.0984272941  0.4687737765 -0.5193053147]
[ 0.0105956243  0.011230396  -0.573554866  -0.0033681804  0.2710708817
  0.0341211802 -0.0028778473 -0.5177970565 -0.0066743775  0.2950481957
  0.0044795344 -0.0132882974 -0.0100463244  0.017547375   0.0117385031
 -0.0057218193  0.0080575757 -0.2909031292 -0.0092324419 -0.0300404793
 -0.3536014817 -0.0079005645  0.0279350873 -0.0110782344  0.5270423351
  0.5572697447  0.0161355575  0.0165988297]
