run = 0
step= 99

nparam= 49
        dense amplitude time= 0.0019485950469970703
        total non-zero amplitudes= 36
        nsamples per process= 12
self.n= 0.3551946706700092
        collect g,h time= 0.15450310707092285
E=-4.501970302738729,dE=-2.7355895326763857e-12,std=0
L=-4.501970302738729,dL=-2.7355895326763857e-12,std=0
        gnorm= 1.5761016859021607e-07
        collect S matrix time= 9.5367431640625e-05
        SR solver time= 7.486343383789062e-05
        collect H matrix time= 3.0517578125e-05
        RGN solver time= 5.030632019042969e-05
        xnorm=1.78858794391168,dnorm=3.665905978766401e-05
        dense amplitude time= 0.00096893310546875
        total non-zero amplitudes= 36
        nsamples per process= 12
self.n= 0.35519651154795634
        RGN updated loss=-4.50197030274168,dloss=-2.950528710243816e-12
[-0.1136067442 -0.664872116  -0.0008457363  0.2899962184  0.0105928579
  0.2960789247]
[-0.0357530715 -0.0028427525  0.2229107068 -0.0047195394  0.1242552167
  0.2542502035  0.0043085853 -0.0393810777 -0.0021016981 -0.0875352248
  0.0028194797  0.0694532277  0.1944231202 -0.0005315667 -0.0986635396
  1.0953085147]
[-0.0244588473  0.0175536809  0.4641500017 -0.000034589  -0.079359741
 -0.172346911   0.0344309775  0.5934501803 -0.0150087244  0.1435689079
  0.0070994653 -0.1166447361 -0.0250291766 -0.0801045914  0.0234440398
  0.022023485   0.0594983786  0.002847141   0.0647470641 -0.0095146047
  0.0009562105 -0.1112156857 -0.063109377  -0.4708900363 -0.5165431486
  0.0644842401 -0.1209984733]
