hop_ls= [(2, 4), (3, 5)]
ctr_ls= [(0,), (1,), (6,), (7,)]
hop_ls= [(3, 7)]
ctr_ls= [(0,), (1,), (6,)]
hop_ls= [(2, 6)]
ctr_ls= [(0,), (1,)]
hop_ls= [(0, 4), (0, 6)]
ctr_ls= [(1,)]
nparam= 24

run = 0
step= 99

nparam= 24
        dense amplitude time= 0.0021674633026123047
        total non-zero amplitudes= 36
        nsamples per process= 36
all_e= [ 120.1959526727   83.9406726809   -4.4358501537  -13.173505213
   -4.854674661    -5.58299293    -63.8086756268 -252.3276958429
   -2.0122988559   -1.3478065098   -4.839593694    -4.6015300044
   -3.0790230994    2.1895659862   -4.6360505351  -34.97185572
   -3.7448355648   -3.9742206305   -3.2610159618   -2.8183936963
   -4.5791656577 -996.4437135555   -3.9897530281   -3.9378217418
  159.1792634654  234.4468615165   -2.867313222   -11.7991405993
   -5.7093995972   -4.4374105678  -17.9271837789  -15.0806703882
   -3.8668271297   -3.9798807188   -4.4861861239   -4.5431959164]
all_f= [0.0000000801 0.0000000822 0.000008286  0.000000045  0.0004228293
 0.0001522154 0.0000000967 0.0000000993 0.0000364565 0.0000152674
 0.0032197702 0.001159093  0.000086495  0.0000010463 0.0088919108
 0.0000133536 0.0016284651 0.0006402037 0.0000143453 0.0001269011
 0.0087283962 0.0000000166 0.0002200055 0.0001429394 0.0000000318
 0.0000001095 0.0000439457 0.0000005082 0.0028542084 0.0650997541
 0.0000029086 0.0000100026 0.0011989027 0.0007570435 0.0379919056
 0.8665322796]
        collect g,h time= 0.25214719772338867
energy=-4.5367798363686465,dE=-0.00010366028766295443,std=0
loss  =-4.5367798363686465,dloss=-0.00010366028766295443,std=0
        gnorm= 0.061274120880443
        collect S matrix time= 2.47955322265625e-05
        nonzero=12,wmax=17.916972624969027,wmin=0.023190540135752346
        SR solver time= 0.00011014938354492188
        xnorm=3.813255354239474,dnorm=0.006090071668047573
[-0.7708469395  0.6107864618  1.7318288812 -0.8981519481 -0.1900059175]
[-0.0469341138  0.4510651269  0.4329618132]
[0.9933865027 0.5685718183]
[ 0.2007878631 -0.5711497676]
[-0.2881377402  0.3633907191 -0.328295194  -0.59039025   -1.4102398483
  0.0260831519  0.4391058049 -1.0691035549 -0.3356629632  1.7374971522
  0.6617599976  0.3274839735]
step= 199

nparam= 24
        dense amplitude time= 0.002213716506958008
        total non-zero amplitudes= 36
        nsamples per process= 36
all_e= [ -486.7550580348    67.6100331517     6.4680132863     1.7602281228
    -4.4542370432    -9.773870789     70.8811548778  -221.6007570148
    -2.6153609245     0.7002952417    -4.6500368177    -4.5956051695
    -3.1097054925    -2.8765718199    -4.5795596349  -149.544132854
    -3.8090258164    -3.982161617     -2.9341793112    -5.1077822138
    -4.5216897347 57715.0021379267    -3.5530466119    -4.3731316321
   -55.5153695306  1364.0575013087    -4.1878005636    -5.5090033849
   -10.1473786385    -4.4601271313 -1344.7084927259  5773.0191826848
    -3.6348963868    -4.1257476668    -4.4590850528    -4.540986789 ]
all_f= [0.000000005  0.0000000281 0.000000039  0.000000114  0.0001911353
 0.0000137181 0.0000000235 0.0000001316 0.0000822568 0.0000017127
 0.0045372106 0.0003256423 0.0000083734 0.0000475848 0.0122478177
 0.0000006186 0.0005546358 0.0002460937 0.0000005392 0.0000001362
 0.0094975402 0.           0.0000010747 0.0000013407 0.0000000899
 0.0000000035 0.0001625072 0.0000054959 0.0001934272 0.013584095
 0.0000000003 0.           0.0000291325 0.0000451855 0.013452801
 0.94476949  ]
        collect g,h time= 0.2479228973388672
energy=-4.539942041156453,dE=-1.1707163238838802e-08,std=0
loss  =-4.539942041156453,dloss=-1.1707163238838802e-08,std=0
        gnorm= 0.0010289976715893545
        collect S matrix time= 2.765655517578125e-05
        collect H matrix time= 1.6927719116210938e-05
        nonzero=13,smax=5.719155457806687,smin=0.008068307287596782
        RGN solver time= 0.00014209747314453125
        xnorm=3.811488846201466,dnorm=0.0002998435185387521
[-0.7389176237  0.5512578489  1.8178189193 -0.7697446057 -0.3079021544]
[-0.023249121   0.4551125232  0.428264544 ]
[0.8306761807 0.8840933535]
[ 0.3145237572 -0.5389985678]
[-0.3064366615  0.3890207096 -0.3409343744 -0.5575799971 -1.4370545814
 -0.0193364297  0.4639125069 -1.0251764894 -0.3106973513  1.6745556672
  0.6131429315  0.3903355053]

run = 1
step= 99

nparam= 24
        dense amplitude time= 0.0022475719451904297
        total non-zero amplitudes= 36
        nsamples per process= 36
all_e= [ -0.9725972443  -4.4134200622 -25.1762968297  -3.7767300296
   1.1107368557 -12.7059658063  -2.83596907   -41.4192492951
  -2.3888886623  -2.6636939942 381.5010365897 -11.1378008326
  -4.4152280115  -2.297342389  -10.0085197759  -4.8297773994
  -4.2367750973  -4.2793369671  -4.0711573616  -2.223547879
  -8.5537796136  -4.8872153461  -3.9987015048  -4.2024724578
  -3.120532776  -18.7041805849  -3.8759001104  -3.977095751
  10.1761153258  -4.3231053561  -1.1206061442  -3.7548865653
  -4.1344007008  -5.436220109   -4.2235068996  -4.5345691532]
all_f= [0.0003356012 0.000013833  0.0000007794 0.0007505306 0.0000009236
 0.0000026795 0.0000928158 0.0000038257 0.0000020161 0.000088456
 0.0000000378 0.0000001097 0.0002134751 0.0000568755 0.0003376938
 0.0064414895 0.0001931043 0.007406265  0.0003690101 0.0000545974
 0.0005303498 0.006797702  0.0005698705 0.0074684612 0.0000038561
 0.0000245057 0.0015518132 0.0001847662 0.0000289568 0.0082656068
 0.0000452559 0.0002876026 0.0245392429 0.0003558724 0.0032570911
 0.9297249275]
        collect g,h time= 0.2543151378631592
energy=-4.5218832897922,dE=-0.0008894742536744715,std=0
loss  =-4.5218832897922,dloss=-0.0008894742536744715,std=0
        gnorm= 0.07442681793031267
        collect S matrix time= 2.6702880859375e-05
        nonzero=15,wmax=11.946970162243431,wmin=0.021934367079748114
        SR solver time= 0.00010776519775390625
        xnorm=4.151276657743535,dnorm=0.014868570118384545
[-0.3025741191  1.4251816933  0.8308236054  1.022353809   0.8745790366]
[ 1.9592963658  0.7959778441 -0.1995791642]
[0.1783795289 1.3047601937]
[-1.0503353805  0.9697493432]
[-0.3489079199  0.9327778008 -1.346241856   0.1393012055  0.2598503831
 -0.5062100165 -0.740192187   0.192471807   0.2878260035  0.0500316841
  0.6954596984 -0.2108766692]
step= 149

nparam= 24
        dense amplitude time= 0.002180814743041992
        total non-zero amplitudes= 36
        nsamples per process= 36
all_e= [     0.7509788419     -8.1418471943     -6.3289784442      0.2328470682
      1.4386062712      0.               -0.9722815089    -32.3682082923
     -0.8303592828    -13.6380302174     -5.0518787732 -22461.8329717648
     -2.7630411529     -5.1920270267    -12.5343321431     -4.4378454901
     -3.8100644599     -4.2572571764      2.6619632208     -3.0452156563
     -7.0370631534     -4.6027648947     -3.8087504934     -3.9250525345
     -4.0253874183     -4.4361980437     -2.5775620209     -4.5220827858
     -6.8512807118     -4.4546017991     -4.6836492001     -4.1741907157
     -4.5235141208    -24.4511687617     -4.4852514565     -4.5551177313]
all_f= [0.0002014361 0.0000111139 0.0000004201 0.0000006936 0.0000267261
 0.           0.0001481028 0.0000081713 0.0000010433 0.0000000451
 0.0023507765 0.           0.0000086839 0.0000003895 0.0002021294
 0.0086815524 0.0003310628 0.0000137922 0.000000003  0.0000341081
 0.0007633894 0.0111493618 0.0000789049 0.0003635634 0.0011028395
 0.0062546    0.0000034317 0.0000064888 0.0010311183 0.0363057676
 0.0003965138 0.0022487725 0.0000195466 0.0000000194 0.025635271
 0.9026201613]
        collect g,h time= 0.24629950523376465
energy=-4.551988434164117,dE=-5.081716754062882e-07,std=0
loss  =-4.551988434164117,dloss=-5.081716754062882e-07,std=0
        gnorm= 0.0031535757623815915
        collect S matrix time= 2.6464462280273438e-05
        collect H matrix time= 1.9073486328125e-05
        nonzero=14,smax=14.27298796651174,smin=0.02077279848496792
        RGN solver time= 0.0001475811004638672
        xnorm=4.278764701654672,dnorm=0.008048430815215881
[-0.6127702766  1.4299862676  0.5342071069  0.3862356335  1.1660165179]
[ 2.3609957389  0.3503494885 -0.3343525305]
[0.1640247988 1.3432105086]
[-1.0152494834  0.9748043466]
[-0.2883365982  0.9053113832 -1.3705826795  0.1675242127  0.3369215688
 -0.4582245883 -0.7445547935  0.1988497554  0.3352765232  0.20057078
  0.7659956911 -0.1007252639]

run = 2
step= 99

nparam= 24
        dense amplitude time= 0.0021622180938720703
        total non-zero amplitudes= 36
        nsamples per process= 36
all_e= [  -6.6429346979  -17.591378109     0.9002714266   -2.5552293091
   -3.9490576466   -6.2786082417   -5.5932143275 -121.6163721901
   -2.4221897958   -2.8307560852   -7.7419783032  -14.651594038
   -3.5154368291   -2.3486931013   -4.5692376284   -4.5741275373
   -4.0883598754   -3.8448708923   -1.0018543227  -32.9837421646
  -10.5866354918   -4.4147464985   -3.2646874503   -3.7128603011
   -4.6172928908   -4.3737749146   -3.8078045498   -3.7160738268
   -6.714436102    -4.4643172989   -6.3683033097   -4.6866328937
   -3.7020057384   -4.5165554579   -4.4881889636   -4.5684866587]
all_f= [0.0001837105 0.0000015705 0.000000249  0.0000412573 0.0011491092
 0.0000135577 0.0000335177 0.0000002865 0.000000406  0.0000004026
 0.0005407674 0.0000063802 0.0000081221 0.0000030993 0.0136217381
 0.007700813  0.0000366688 0.0000914782 0.0000009498 0.0000000042
 0.0002211315 0.0163630626 0.0000103269 0.0000410869 0.0003380145
 0.0115214889 0.0000657986 0.0000064865 0.0006675987 0.0280473889
 0.0000157254 0.0005360121 0.0000496512 0.0000100095 0.0213583351
 0.8973137948]
        collect g,h time= 0.2518036365509033
energy=-4.5632411996740085,dE=-0.00012093033809179587,std=0
loss  =-4.5632411996740085,dloss=-0.00012093033809179587,std=0
        gnorm= 0.029293293743081154
        collect S matrix time= 2.7179718017578125e-05
        nonzero=15,wmax=16.379430642361125,wmin=0.021944219080884536
        SR solver time= 0.00011539459228515625
        xnorm=3.1283734929267535,dnorm=0.01043776035090863
[-1.2700743823 -1.5111430779  0.3102849726 -0.6485287826 -0.1982599656]
[0.7264444332 1.1514398516 1.1023815627]
[-0.0008445808 -0.6887264441]
[0.3724513137 0.0238428667]
[ 0.4910429112  0.3923757151 -0.0071604941  0.3297305537  0.1557548093
  0.222226929  -0.5931329978  0.1963809019  0.2058193025  0.1165641266
  0.7241971847 -0.3402793814]

step= 199

nparam= 24
        dense amplitude time= 0.002165079116821289
        total non-zero amplitudes= 36
        nsamples per process= 36
all_e= [ -5.2790856434  -5.822786702   -3.5088331197  -2.7665421737
  -3.7952862349  -6.6999950315  -3.3128455271 -30.0048781155
  -3.3345112303  -2.9148510939  -5.393545057   -6.2749344853
  -4.0995918255  -4.1157148136  -4.55667001    -4.4068306978
  -3.6806706936  -3.8485313983 -12.0653801716 -23.3226931438
 160.0270375174  -4.4437965611  -3.9080767441  -3.9845115692
  -7.1128381276  -4.5760969273  -3.8198615381  -2.9552296387
 -12.9695628824  -4.4954213449 -18.9139246004  -4.4729035859
  -3.9684245629  -4.5571369411  -4.4853113936  -4.5680703785]
all_f= [0.0004064429 0.0000112209 0.00000025   0.000014958  0.0006439425
 0.0000092293 0.00019696   0.0000054376 0.0000016268 0.0000051411
 0.0027387167 0.0000392528 0.0000032613 0.0000009195 0.0155399605
 0.0100924487 0.0000232789 0.0002240479 0.000000014  0.0000000007
 0.000000433  0.0173233716 0.000021089  0.0001651452 0.0000160651
 0.0082544739 0.0000778117 0.000000031  0.0000560785 0.0069261916
 0.0000005269 0.0002707194 0.0000726383 0.0000000484 0.007524429
 0.9293338372]
        collect g,h time= 0.24855589866638184
energy=-4.565086385446663,dE=-5.0532293016658514e-08,std=0
loss  =-4.565086385446663,dloss=-5.0532293016658514e-08,std=0
        gnorm= 0.004040298536372505
        collect S matrix time= 3.0279159545898438e-05
        collect H matrix time= 1.7881393432617188e-05
        nonzero=15,smax=21.489237369946984,smin=0.04608005363536047
        RGN solver time= 0.00015306472778320312
        xnorm=3.1711253086085214,dnorm=0.00011570463655846835
[-1.2853812834 -1.5048547896  0.3432122226 -0.6349361587 -0.2291745503]
[0.7220601369 1.1779145918 1.0533304946]
[ 0.1100101486 -0.6908150203]
[0.4295781323 0.0523594415]
[ 0.5012757753  0.4643656245  0.0136595375  0.3432967116  0.1985357287
  0.2118726813 -0.5820214125  0.1557219401  0.226163679   0.0168741393
  0.7974196537 -0.3887451819]

run = 3
step= 99

nparam= 24
        dense amplitude time= 0.0022225379943847656
        total non-zero amplitudes= 36
        nsamples per process= 36
all_e= [ -4.2748431213  -3.7745970055 -11.2152196389  -5.043918795
  -2.4292311629  -1.8750889781  -3.7581521239 -14.7450417333
  10.5880743039  -4.0579627582  -4.5818611157  -4.5517909925
  94.400497711   -2.8950558897  -4.6409403463  -5.2621352026
  -4.1065267747  -4.039808316   -3.2358906091  -3.6768316622
  -4.8559021219  -4.6100401833  -3.7555656896  -3.6182750761
  -3.8162611707  -4.8431373464  -1.3705637149  -4.561921285
  -7.8877964016  -4.4926245281  -3.9928171181  -4.2227889539
  -4.5723964182  -4.1729179126  -4.4867590253  -4.571171318 ]
all_f= [0.0010237674 0.0001835344 0.0000000474 0.0000006972 0.0008077671
 0.0000663087 0.0002054681 0.000036835  0.0000001011 0.0000132317
 0.007188548  0.0005900999 0.0000000001 0.000053546  0.0131346158
 0.0030315687 0.0000066637 0.0003050445 0.0000177589 0.0000026053
 0.0048424688 0.0129255621 0.0012886294 0.0000384824 0.0016107582
 0.0047633342 0.0000030393 0.0000309291 0.0004147778 0.0174344804
 0.0006256132 0.0018500633 0.0000121115 0.0000459772 0.02155181
 0.9058937544]
        collect g,h time= 0.2538743019104004
energy=-4.569833673302309,dE=-9.133832940921849e-05,std=0
loss  =-4.569833673302309,dloss=-9.133832940921849e-05,std=0
        gnorm= 0.016386725009179638
        collect S matrix time= 2.9802322387695312e-05
        nonzero=17,wmax=2.826030521294235,wmin=0.008279751298464701
        SR solver time= 0.00012564659118652344
        xnorm=2.83246696696585,dnorm=0.012324427883450496
[-0.2494715311 -0.6032050965 -0.110779347   0.5572085247  1.0933599457]
[-0.7721894116 -1.0102131327 -1.0025394159]
[-0.2804277869 -1.1480638765]
[-0.3967793485  0.022295744 ]
[-0.1492169225 -0.3974701058  0.1552444209  0.3764472449  0.134993971
 -0.0446242623  0.4697117664  0.0032033082  0.2613202379  0.6449326079
 -0.5395791827  0.7247933539]
step= 139

nparam= 24
        dense amplitude time= 0.0021910667419433594
        total non-zero amplitudes= 36
        nsamples per process= 36
all_e= [ -4.0377763641  -4.2670440613  -8.4417256984  -8.2467114813
  -1.0533941967  -0.7759967585  -4.1104873549 -15.634751728
  10.652117941   -5.1038797994  -4.5038158387  -4.9104855894
  -2.7786455573  -2.8923378615  -4.5945745265  -4.8115535082
  -3.8567716853  -4.006118549   -3.3852772549  -5.4497306122
  -4.8682561677  -4.5515421761  -3.742581257   -3.642287571
  -4.2912945653  -4.7932107364   1.5143467354  -5.196078952
  -5.7400037028  -4.4737981728  -3.9338221628  -4.2130648315
  -5.355550836   -4.3059580291  -4.4908929411  -4.5784781947]
all_f= [0.0015508889 0.0002113776 0.0000000358 0.000000041  0.0002321256
 0.0000227202 0.0002454405 0.0000334522 0.0000000297 0.0000011068
 0.0078906999 0.0007723331 0.0000000652 0.0000031542 0.0128594375
 0.0051228616 0.000002159  0.0001114091 0.0000011297 0.0000000875
 0.0047349847 0.0127525983 0.0002749409 0.000007554  0.0010601166
 0.0049061445 0.0000001916 0.0000029594 0.0024328316 0.0478619527
 0.0008039929 0.0037208221 0.00000066   0.0000065106 0.0431653848
 0.8492078001]
        collect g,h time= 0.24968814849853516
energy=-4.5716179773685495,dE=-3.5349501104064984e-13,std=0
loss  =-4.5716179773685495,dloss=-3.5349501104064984e-13,std=0
        gnorm= 0.00029275041855848284
        collect S matrix time= 2.6941299438476562e-05
        collect H matrix time= 1.811981201171875e-05
        nonzero=17,smax=2.7858261827058226,smin=0.009819704633892175
        RGN solver time= 0.00014495849609375
        xnorm=2.9250402810615466,dnorm=7.947960108257425e-07
[-0.1694698386 -0.6525778109 -0.0786378645  0.4250550675  1.0624719792]
[-0.7812285822 -1.0031266367 -1.0012828675]
[-0.2079833231 -1.4104658341]
[-0.3764397837  0.0146051863]
[-0.1503995825 -0.392950047   0.1552731752  0.3795396404  0.1712896541
 -0.0503941937  0.4925654561  0.044914792   0.2817368751  0.5262213967
 -0.6186855418  0.7944035891]

run = 4
step= 99

nparam= 24
        dense amplitude time= 0.0021376609802246094
        total non-zero amplitudes= 36
        nsamples per process= 36
all_e= [ -4.9675990846  -3.3990941467  -4.8116986451  -3.649128387
 -10.1832496391  -3.9860536385  -2.8494269598  -6.5505803469
  -4.3572403024  -2.6140657536 -56.6536475215  -4.9346060412
  -3.1992622439  -2.9104412797  -4.8890207721  -4.6416112716
   1.5874553206  -4.1737836444  -7.484016895   -3.603773515
 -10.8610236514  -4.5598042086  -3.6281341925  -4.4029607157
  -2.7303153006 -11.9601303638  -3.4172608367  -5.1167999397
  -9.1798219251  -4.4695400108  -3.8516456023  -1.7071202771
  -4.481709216   -4.2363935476  -4.4207465219  -4.5516089146]
all_f= [0.0002711066 0.0001033518 0.000019565  0.0000982788 0.0000055874
 0.000381401  0.0009105979 0.0003471399 0.0000205715 0.0001678614
 0.0000031533 0.0002152463 0.0003792637 0.0003558008 0.0060321125
 0.0089487693 0.0000005789 0.00109797   0.0000023929 0.0000387793
 0.0002696478 0.0096532772 0.0003528188 0.0002609969 0.0010525443
 0.0001255589 0.0001249468 0.000019389  0.0002244982 0.0104887915
 0.0008650048 0.0001031872 0.0003164565 0.0006748589 0.0200345227
 0.9360339723]
        collect g,h time= 0.25289154052734375
energy=-4.548412782644158,dE=-0.00011668225790639752,std=0
loss  =-4.548412782644158,dloss=-0.00011668225790639752,std=0
        gnorm= 0.025333125479886996
        collect S matrix time= 2.5510787963867188e-05
        nonzero=15,wmax=10.135583523452217,wmin=0.013895287696108406
        SR solver time= 0.00011181831359863281
        xnorm=3.274430930141843,dnorm=0.010440816460792882
[ 0.4645668368 -0.2525355887  0.2075619397  0.5910433427 -0.2959201341]
[ 2.1842740604 -0.2591170813  0.4170898114]
[0.0880341751 1.0700851674]
[-0.5198782837 -0.1555847411]
[ 0.1062467514 -0.644642713  -0.0297485924  0.370984158   0.2016653415
 -0.4136935127  1.2355655463  0.1056960698 -0.4719013258 -0.4292135632
  0.5420117275  0.7207118164]
step= 179

nparam= 24
        dense amplitude time= 0.002206087112426758
        total non-zero amplitudes= 36
        nsamples per process= 36
all_e= [ -3.6905606     -4.4040891369  -5.9443696998  -6.6312199834
 -29.801960046  -56.9591133916  -7.3654830296 -68.8036001892
   8.8427734261  -5.7137939497  -4.6403960771  -4.9454802689
  -2.6603452087  -2.4491686149  -4.713796817   -4.4867130805
  -3.762662364   -4.0001054049  -9.1788785511 -15.753528948
  -7.54731343    -4.5265558707  -3.7423429572  -3.6175370748
  -4.2154755237  -4.5770107963   4.2061560026  -5.2200725475
  -6.516029129   -4.4858014784  -4.3276987197  -4.1326578834
  -7.0874814321  -4.3199504134  -4.4925202615  -4.5734775338]
all_f= [0.0022095587 0.0001282214 0.0000000292 0.00000002   0.0000010594
 0.0000000822 0.0000211639 0.0000012281 0.0000000074 0.0000001238
 0.0067967245 0.0005275884 0.0000000077 0.0000000427 0.0119480786
 0.0082265475 0.0000000265 0.0000277488 0.0000000018 0.0000000007
 0.0006135814 0.0148350349 0.0000485767 0.0000015044 0.0008927024
 0.0077096462 0.0000000158 0.0000005375 0.0010303547 0.0310733051
 0.0003656137 0.0031575499 0.0000000295 0.0000013963 0.0292183579
 0.881163532 ]
        collect g,h time= 0.24913883209228516
energy=-4.569496230299033,dE=-5.240252676230739e-14,std=0
loss  =-4.569496230299033,dloss=-5.240252676230739e-14,std=0
        gnorm= 0.0003079834446410981
        collect S matrix time= 2.7418136596679688e-05
        collect H matrix time= 1.6450881958007812e-05
        nonzero=17,smax=9.324623854410502,smin=0.013591666451137836
        RGN solver time= 0.00014472007751464844
        xnorm=3.7759338915060328,dnorm=3.5134398999982624e-07
[-0.3947517841 -0.8754741519  0.3765300511  1.572784044  -0.4682682182]
[ 2.3546899173 -0.333462211   0.3341546003]
[0.0642245098 1.0528200426]
[-0.3779575669  0.0080221013]
[-0.0992673916 -0.4900350453  0.0520980363 -0.2100105323  0.3209006712
 -0.4888066898  1.2289491924  0.0649881059 -0.5694256675 -0.4582695008
  0.5537199118  0.69547365  ]
