hop_ls= [(2, 4), (3, 5)]
ctr_ls= [(0,), (1,), (6,), (7,)]
hop_ls= [(1, 5)]
ctr_ls= [(0,), (6,), (7,)]
hop_ls= [(3, 7), (1, 7)]
ctr_ls= [(0,), (6,)]
hop_ls= [(0, 4)]
ctr_ls= [(6,)]
nparam= 24

run = 0
step= 99

nparam= 24
        dense amplitude time= 0.0022296905517578125
        total non-zero amplitudes= 36
        nsamples per process= 36
        collect g,h time= 0.2527735233306885
E=-4.517646283365451,dE=-0.0012299882639679183,std=0
L=-4.517646283365451,dL=-0.0012299882639679183,std=0
        gnorm= 0.0972267230100189
        collect S matrix time= 2.8371810913085938e-05
        nonzero=14,wmax=4.398630824067247,wmin=0.013323574304189014
        SR solver time= 0.00012731552124023438
        xnorm=4.418993642066727,dnorm=0.011470732325893773
[-0.5934532457 -0.242196952   1.1405462704  0.8256820947  0.8787824025]
[-0.0630721085  0.5027811767  1.029252631 ]
[ 2.1908226465 -0.6539939911  0.9572223997]
[2.7448518569]
[-0.1946274845  0.3701590971 -0.08659893    0.6121170324  0.1411001469
  0.3996645487  0.0162733268  0.0521163854 -0.1697193204  0.6106919542
  0.2249741574  0.4333105029]
step= 149

nparam= 24
        dense amplitude time= 0.002259492874145508
        total non-zero amplitudes= 36
        nsamples per process= 36
        collect g,h time= 0.24752473831176758
E=-4.549832701849473,dE=-1.2132345794668709e-08,std=0
L=-4.549832701849473,dL=-1.2132345794668709e-08,std=0
        gnorm= 0.00044444781689592937
        collect S matrix time= 3.075599670410156e-05
        xnorm=4.850567321525572,dnorm=0.0
        nonzero=15,wmax=7.733656925856387,wmin=0.016605605515368316
        SR solver time= 0.0001277923583984375
        collect H matrix time= 2.2172927856445312e-05
        nonzero=15,smax=4.29186571555555,smin=0.018206348668566942
        RGN solver time= 0.000141143798828125
        xnorm=4.850567321525572,dnorm=0.00034571601546720465
        dense amplitude time= 0.002180814743041992
        total non-zero amplitudes= 36
        nsamples per process= 36
        RGN updated loss=-4.549832709154304,dloss=-7.3048305182510376e-09
[-1.1649830913  0.9838814975  1.267821658   0.7960289911  1.1379188772]
[0.0845308602 0.5591898063 1.0462311604]
[ 2.4602386155 -0.5603285729  0.93616275  ]
[2.7333717407]
[-0.2218463733  0.3512153753 -0.0833402053  0.7096231806  0.1078212597
  0.4186836954  0.0141872939  0.0148262659 -0.1593312048  0.627068412
  0.2510853863  0.4324705489]

run = 1
step= 99

nparam= 24
        dense amplitude time= 0.002231597900390625
        total non-zero amplitudes= 36
        nsamples per process= 36
        collect g,h time= 0.2557346820831299
E=-4.5234462884382785,dE=-0.0006943127426142226,std=0
L=-4.5234462884382785,dL=-0.0006943127426142226,std=0
        gnorm= 0.09365918760486694
        collect S matrix time= 3.0279159545898438e-05
        nonzero=16,wmax=6.458217148937077,wmin=0.006754750773471157
        SR solver time= 0.0001277923583984375
        xnorm=2.798792901987211,dnorm=0.013568672600833753
[ 0.6166373428 -1.1086454273  0.1714807103  0.2112342003  0.1234791356]
[ 0.8341264039 -0.0842621075 -0.8885788073]
[-0.7327849169 -0.5862034149 -0.15266182  ]
[0.0938783017]
[-0.3132543754  0.2087459519 -0.0414197685  0.7806725989 -0.0634066656
 -0.349747269   0.4567628637 -0.2628480168 -0.661815998   1.4576100126
 -0.1507342229  0.0773705038]
step= 199

nparam= 24
        dense amplitude time= 0.0022072792053222656
        total non-zero amplitudes= 36
        nsamples per process= 36
        collect g,h time= 0.270099401473999
E=-4.556711305233466,dE=-9.391310911155415e-07,std=0
L=-4.556711305233466,dL=-9.391310911155415e-07,std=0
        gnorm= 0.010167141912663498
        collect S matrix time= 2.2172927856445312e-05
        xnorm=2.705571043942179,dnorm=0.0
        nonzero=15,wmax=7.173303221561373,wmin=0.012255056736718308
        SR solver time= 0.00011491775512695312
        collect H matrix time= 2.3603439331054688e-05
        nonzero=17,smax=5.593222333497307,smin=0.006878457073007317
        RGN solver time= 0.00012755393981933594
        xnorm=2.705571043942179,dnorm=1.1261300836531218
        dense amplitude time= 0.002229928970336914
        total non-zero amplitudes= 36
        nsamples per process= 36
        RGN updated loss=-4.4858019614854605,dloss=0.0709093437480055
        xnorm=2.705571043942179,dnorm=0.0003646552268148046
[ 0.4652870961 -0.184799227   0.5347481572 -0.0888875012 -0.2136714809]
[ 1.0722146924 -0.8578443937 -0.664576772 ]
[-1.0137332085 -0.6427312679  0.3143699269]
[0.3544294792]
[-0.3702314249  0.1406293512 -0.0539912551  1.0350986627 -0.0507477499
 -0.3637506859  0.1293595234 -0.2283176485 -0.612739692   0.7076893652
 -0.4630849399  0.4609535541]

run = 2
step= 99

nparam= 24
        dense amplitude time= 0.002235889434814453
        total non-zero amplitudes= 36
        nsamples per process= 36
        collect g,h time= 0.25736474990844727
E=-4.543865874466188,dE=-0.00010711514377348408,std=0
L=-4.543865874466188,dL=-0.00010711514377348408,std=0
        gnorm= 0.06688773485853491
        collect S matrix time= 2.574920654296875e-05
        nonzero=11,wmax=29.617742712048734,wmin=0.037501922905773644
        SR solver time= 0.00011682510375976562
        xnorm=4.486984213587636,dnorm=0.008362530956750082
[-2.0348989298 -2.2779338052  0.069169687   0.3525919146 -0.2139951053]
[-0.8236013779  0.8758241425 -0.8564702725]
[ 1.0518399885  0.2998385681 -1.1579256434]
[0.5564636637]
[-0.1206589735 -0.3569186837  0.0329906441  1.2442022097  0.1692620163
  0.3476282666  0.4493545315  0.4499492862  0.700759047   1.6007310068
  0.5786186735  0.0979498511]
step= 199

nparam= 24
        dense amplitude time= 0.002214193344116211
        total non-zero amplitudes= 36
        nsamples per process= 36
        collect g,h time= 0.26468801498413086
E=-4.560298937535129,dE=-2.9724114725127038e-08,std=0
L=-4.560298937535129,dL=-2.9724114725127038e-08,std=0
        gnorm= 0.005178450618298212
        collect S matrix time= 2.2411346435546875e-05
        xnorm=5.023532202985449,dnorm=0.0
        nonzero=11,wmax=35.05684259620613,wmin=0.044667227533032275
        SR solver time= 0.00011730194091796875
        collect H matrix time= 2.4318695068359375e-05
        nonzero=15,smax=13.664470055892588,smin=0.020648173632690503
        RGN solver time= 0.00013399124145507812
        xnorm=5.023532202985449,dnorm=0.013457426966060754
        dense amplitude time= 0.0022034645080566406
        total non-zero amplitudes= 36
        nsamples per process= 36
        RGN updated loss=-4.560299114451334,dloss=-1.7691620524118434e-07
[-1.9524069742 -2.7710712305  0.1037359528  0.4563111568 -0.175555807 ]
[-0.8247269897  0.9685254661 -0.8635804326]
[ 1.0668756045  0.5733108164 -0.9695550326]
[0.5516761949]
[ 0.0491640224 -0.2516676127  0.076453252   1.6658125183  0.2279680018
  0.3427924932  0.6253404505  0.6160360563  1.1722782883  1.6435354178
  0.7611680337 -0.1244899026]

run = 3
step= 99

nparam= 24
        dense amplitude time= 0.002271890640258789
        total non-zero amplitudes= 36
        nsamples per process= 36
        collect g,h time= 0.25458312034606934
E=-4.556316364013956,dE=-9.334803480420817e-06,std=0
L=-4.556316364013956,dL=-9.334803480420817e-06,std=0
        gnorm= 0.01479144801746097
        collect S matrix time= 3.0040740966796875e-05
        nonzero=14,wmax=9.738651569148587,wmin=0.013266185033382437
        SR solver time= 0.00011897087097167969
        xnorm=3.7039062666432954,dnorm=0.002980187675214162
[ 0.6339140564  0.0388219981  0.8022122042 -0.6401184974 -0.3866575245]
[ 0.8156974337  0.9371078755 -0.9268538915]
[ 0.6625274448 -0.0644840894  1.4396978076]
[0.6740259057]
[ 1.144763617  -1.4101948299 -0.1748193458  1.3925980565  0.0123585874
  0.0002181594 -0.0739836375  0.7004110832  0.4465164849  0.2487488255
 -0.2238659695  0.8189427046]
step= 199

nparam= 24
        dense amplitude time= 0.002096891403198242
        total non-zero amplitudes= 36
        nsamples per process= 36
        collect g,h time= 0.2495110034942627
E=-4.5640659965706165,dE=-2.1032301953383126e-06,std=0
L=-4.5640659965706165,dL=-2.1032301953383126e-06,std=0
        gnorm= 0.007167567062372192
        collect S matrix time= 2.7179718017578125e-05
        xnorm=3.9338267101790465,dnorm=0.0
        nonzero=14,wmax=10.16124399129737,wmin=0.017940026642684927
        SR solver time= 0.00011610984802246094
        collect H matrix time= 2.5272369384765625e-05
        nonzero=14,smax=22.70701941260337,smin=0.055665779175400665
        RGN solver time= 0.0001239776611328125
        xnorm=3.9338267101790465,dnorm=0.0005955434420835446
        dense amplitude time= 0.0021202564239501953
        total non-zero amplitudes= 36
        nsamples per process= 36
        RGN updated loss=-4.564068074455921,dloss=-2.0778853047076495e-06
[ 0.6648180366  0.004999712   0.8468475737 -0.6185648938 -0.4308129671]
[ 0.8136154593  0.9378291456 -0.9312501661]
[ 0.5530850459 -0.032174891   1.843973704 ]
[0.6837015615]
[ 1.13722197   -1.4525745503 -0.1838374245  1.4477684257  0.0129725964
  0.0002534179 -0.072285388   0.6916180827  0.4630191474  0.3176917746
 -0.3951512808  0.8238608942]

run = 4
step= 99

nparam= 24
        dense amplitude time= 0.0021708011627197266
        total non-zero amplitudes= 36
        nsamples per process= 36
        collect g,h time= 0.2550323009490967
E=-4.270072497645665,dE=-0.001644287990774096,std=0
L=-4.270072497645665,dL=-0.001644287990774096,std=0
        gnorm= 0.11840003856270902
        collect S matrix time= 2.6941299438476562e-05
        nonzero=18,wmax=7.010761424154022,wmin=0.015626761967366933
        SR solver time= 0.00012636184692382812
        xnorm=3.749973956390196,dnorm=0.018408227879259442
[ 0.655604498   0.5510266226 -0.750419915  -0.8102518959 -1.5086395666]
[ 0.4596544227 -0.7096284431  2.4977903276]
[-0.2270467973  0.0411513487 -0.523053327 ]
[-0.2123506588]
[-0.1871531851 -0.3510264017  0.1233365273 -0.1970478917  0.4515853103
 -0.5837163245 -0.3002458693 -0.9523648282  0.3624667166  0.6751087365
 -0.0300902851 -0.4316916445]
step= 149

nparam= 24
        dense amplitude time= 0.0022859573364257812
        total non-zero amplitudes= 36
        nsamples per process= 36
        collect g,h time= 0.25173473358154297
E=-4.5511769438485485,dE=-3.433897872984204e-05,std=0
L=-4.5511769438485485,dL=-3.433897872984204e-05,std=0
        gnorm= 0.013585759511586646
        collect S matrix time= 7.081031799316406e-05
        nonzero=14,wmax=13.324246085804072,wmin=0.01622466916963427
        xnorm=4.312050637446854,dnorm=0.0
        SR solver time= 0.00013685226440429688
        collect H matrix time= 2.2172927856445312e-05
        nonzero=14,smax=17.058610479765477,smin=0.029770792787769687
        RGN solver time= 0.00014209747314453125
        xnorm=4.312050637446854,dnorm=0.0018924663842271206
        dense amplitude time= 0.0022077560424804688
        total non-zero amplitudes= 36
        nsamples per process= 36
        RGN updated loss=-4.551209070033049,dloss=-3.2126184500214094e-05
[ 0.7374129932  0.7864190025 -0.519280393  -0.9598072133 -1.6158233555]
[-0.2104971042 -0.3016959185  2.7328155661]
[-0.9171668934  0.8830142425 -0.9403250617]
[-0.0659794563]
[-0.1904904087 -0.1750884901  0.0320490044 -0.6495511187  0.3845818922
 -0.6303659899 -0.0748370861 -0.9386010839  0.2750529557  0.6383863491
  0.2344883612 -1.0282416901]
step= 199

nparam= 24
        dense amplitude time= 0.00220489501953125
        total non-zero amplitudes= 36
        nsamples per process= 36
        collect g,h time= 0.24883055686950684
E=-4.552036272679954,dE=-1.0556028939845419e-07,std=0
L=-4.552036272679954,dL=-1.0556028939845419e-07,std=0
        gnorm= 0.002414468934122728
        collect S matrix time= 3.0040740966796875e-05
        xnorm=4.3148728449353175,dnorm=0.0
        nonzero=14,wmax=13.054171977245907,wmin=0.01715007188503924
        SR solver time= 0.00012826919555664062
        collect H matrix time= 2.2649765014648438e-05
        nonzero=15,smax=6.280056600508806,smin=0.01112730420790038
        RGN solver time= 0.00013399124145507812
        xnorm=4.3148728449353175,dnorm=0.0026731162216974964
        dense amplitude time= 0.0021200180053710938
        total non-zero amplitudes= 36
        nsamples per process= 36
        RGN updated loss=-4.552036362116124,dloss=-8.943616958134726e-08
[ 0.8242410493  0.7569199666 -0.5381375319 -0.8017470677 -1.7078481948]
[-0.2012504262 -0.2991408649  2.7332447336]
[-0.9456362603  0.8656105628 -0.9099414132]
[-0.0842912889]
[-0.1943784593 -0.1516576145  0.0250973207 -0.5831801111  0.3586385025
 -0.6293077759 -0.0553623323 -0.9470871462  0.2880241776  0.6706843134
  0.2313085833 -1.0124155412]
