hop_ls= [(2, 4), (3, 5)]
ctr_ls= [(0,), (1,), (6,), (7,)]
hop_ls= [(3, 7)]
ctr_ls= [(0,), (1,), (6,)]
hop_ls= [(2, 6)]
ctr_ls= [(0,), (1,)]
hop_ls= [(1, 7), (1, 5)]
ctr_ls= [(0,)]
nparam= 24

run = 0
step= 99
nparam= 24
        dense amplitude time= 0.0021729469299316406
        total non-zero amplitudes= 36
        nsamples per process= 36
all_e= [-700.9660153968 3543.256782977    -0.7059018098   -1.3933558961
   78.823369399     2.4153332236  -12.2244910018   39.1000168223
   -2.368919478    -2.5000186356   -8.7325392547   -4.5844037967
   -2.1625695998   -2.8779692719   -4.7093090154  -36.417525362
   -3.2899610106   -3.2507438442   -3.2512792372   -2.9253472711
   -9.6863808908   -5.8243923524   -3.5507404266   -4.007053736
  -12.9119857797   -5.7006709577   -4.0563766849   -2.6164032194
   -4.5457788125   -4.3823773328   -5.3356636324   -4.4655673761
   -4.0744697127   -5.0529124713   -5.1914688637   -4.5491078102]
all_f= [0.0000000013 0.0000000004 0.0000017617 0.0000127203 0.0000007903
 0.00002208   0.00000318   0.0000010201 0.0000575722 0.0002426852
 0.0001522061 0.0042522959 0.0001142611 0.0000409488 0.0022311559
 0.0000067476 0.0000037905 0.0001466409 0.0001418118 0.0005785222
 0.0001808991 0.0007011262 0.0001179245 0.0030710201 0.0000253496
 0.000827752  0.0008123924 0.000039366  0.0138693878 0.5997212347
 0.000221     0.0072164008 0.003001988  0.0000431275 0.0081857048
 0.3539551343]
        collect g,h time= 0.2526736259460449
energy=-4.452015274453212,dE=-0.002480732590193213,std=0
loss  =-4.452015274453212,dloss=-0.002480732590193213,std=0
        gnorm= 0.32489497021954183
        collect S matrix time= 2.7894973754882812e-05
        SR solver time= 4.792213439941406e-05
        xnorm=4.018599168107886,dnorm=0.057299652302116755
[-2.1480584148  0.015089862   0.1929356616  0.6694818774  0.6996902427]
[ 0.1053419132 -0.0996104638  2.2097080961]
[0.884120889 0.990226804]
[0.0787789062 0.2836303932]
[-0.2352774058  0.293674046  -0.0519399645  1.6713123161  0.1072763762
 -0.3257467738 -0.3451630664  0.2816681564 -0.1577914403 -0.2602755162
 -0.0408490063 -0.6998913951]
step= 199

nparam= 24
        dense amplitude time= 0.0021657943725585938
        total non-zero amplitudes= 36
        nsamples per process= 36
all_e= [ -3.5283524981  -3.6646146471 -12.0220401049  -4.3129233924
  -4.1742410033  -4.3520249271  -3.6060250511 -11.4530976438
  -5.249121774   -9.297935216   -6.1677631557  -6.076022044
  -2.9690224896  -3.0927899529  -5.0881136443  -4.4235893098
  -3.9046993334  -4.0054680675  -3.3363858036  -3.237310586
  -5.7090469939  -4.5073817724  -3.8165025881  -4.4290813836
  -4.3168174338  -4.3206834396  -6.0266940726  -5.1572251828
  -6.1628207562  -4.4827131135  -6.2780653727  -5.672156577
  -4.6623182398  -1.1689374383  -4.4829314634  -4.5726963534]
all_f= [0.0027355383 0.0004569939 0.0000000208 0.0000011402 0.0012866467
 0.0002442685 0.0005077661 0.0000848264 0.0000008525 0.0000000819
 0.0011045315 0.0002096942 0.0000073599 0.0000948981 0.0065160499
 0.0104854047 0.0000063771 0.0001540463 0.0000002428 0.000000183
 0.0021800308 0.0138559778 0.0000431528 0.0000011685 0.0009856147
 0.0106125827 0.0000007013 0.000002021  0.0017331817 0.0389539377
 0.0000269451 0.0002901303 0.000003972  0.0000002743 0.0386538123
 0.8687595741]
        collect g,h time= 0.2527017593383789
energy=-4.567339573703236,dE=-5.5252557640272926e-06,std=0
loss  =-4.567339573703236,dloss=-5.5252557640272926e-06,std=0
        gnorm= 0.002751584231575738
        collect S matrix time= 2.5272369384765625e-05
        collect H matrix time= 1.5735626220703125e-05
        SR solver time= 4.744529724121094e-05
        xnorm=4.414212605969157,dnorm=0.006938714879953546
[-1.326193287  -0.8075263057  0.6072464829  0.3682557763  1.5645883959]
[ 0.7947910459 -1.0013667163  0.9832418933]
[1.3612677816 1.2860228148]
[-0.0648217282  0.302197214 ]
[-0.0284592252  0.5743982496 -0.1237943278  2.4238073576 -0.0422953523
  0.0837206945 -0.3943572427  0.3201601465 -0.4160314098 -0.3786633423
 -0.6976304976 -0.8031458694]

run = 1
step= 99

nparam= 24
        dense amplitude time= 0.0021572113037109375
        total non-zero amplitudes= 36
        nsamples per process= 36
all_e= [ -6.2223036584 -13.664634561   -2.2294980803  -1.1086377806
  -4.9507865894  -4.388072356   -4.6592469514 -11.247881588
  -2.589901286   -3.3525562426  -4.7225715453  -4.5022092831
  -3.0113332669  -3.7899533899  -5.6122262034  -4.9028278406
  -4.0282414227  -4.027819654   -2.5089669231  -4.0624277901
  83.7350375271 -10.0459394277  -2.7806573761  -4.9366066189
  -5.2531145038  -4.6406035293  -3.9461269549  -2.8539748843
  -4.4441652346  -4.453183556   -4.7863560149  -4.5614146035
  -4.2670078773  -4.3443462647  -4.517543071   -4.5820260102]
all_f= [0.0001718659 0.0000280511 0.0000713592 0.0000140477 0.0018022118
 0.0033704579 0.0004815692 0.0000785994 0.000039666  0.0002887451
 0.0037094126 0.0069372642 0.000054203  0.0000436524 0.0005006103
 0.0039592525 0.0010639113 0.0027794529 0.0001421354 0.0000578116
 0.000001293  0.0000644296 0.0000434228 0.0000270084 0.0011215214
 0.0043172371 0.0019793203 0.0000185846 0.0838310799 0.2651945363
 0.0016823494 0.0064761148 0.0005752909 0.0002703079 0.1462260344
 0.4625771899]
        collect g,h time= 0.25332117080688477
energy=-4.5263578699719655,dE=-0.0016905373062199303,std=0
loss  =-4.5263578699719655,dloss=-0.0016905373062199303,std=0
        gnorm= 0.07808678183166143
        collect S matrix time= 2.6226043701171875e-05
        SR solver time= 4.863739013671875e-05
        xnorm=3.8711189160551407,dnorm=0.05328373818205905
[0.3545489253 0.8037910544 0.603673785  0.9746687238 0.5360712274]
[2.0662765492 0.3753881842 0.2295568721]
[-0.0585083256  1.1189842741]
[-0.1876183051  1.652566516 ]
[ 0.1148672066 -0.0143119731 -0.1493897703  0.5904534578 -0.3948770429
 -0.8646245256  0.1835615619 -0.4723080152  0.9660316799 -1.1345500108
  0.2994926839 -0.6724001571]
step= 199

nparam= 24
        dense amplitude time= 0.002189159393310547
        total non-zero amplitudes= 36
        nsamples per process= 36
all_e= [ -3.5237701887  -3.9014556387 -11.3536036752 -31.0543697043
  -7.2430166165  -6.3905308715  -3.5808895822  -9.8139003356
  -7.4031819963  -2.443844162   -5.0605787605  -4.9485843316
  -3.111303423   -3.1016921649  -5.2972053309  -4.385402381
  -3.8857961334  -4.006283432   -0.6743991471  -4.1755585029
  -5.6439608407  -4.5229696283  -3.7252508365  -4.1488080536
  -4.6157693016  -4.4772612845  -4.7214616586  -2.637492306
  -5.5839313442  -4.4928931812  -4.2122814071  -4.214621673
 -10.6831865422  -4.5733107874  -4.4896708567  -4.5745055221]
all_f= [0.0027822879 0.0004592878 0.0000001078 0.0000000103 0.000093476
 0.0000332143 0.0008303537 0.0001370711 0.0000000212 0.0000011574
 0.0029309519 0.0010414387 0.0000010114 0.0000123268 0.0046985281
 0.010995673  0.000040313  0.0003711126 0.0000000395 0.0000003338
 0.0022558741 0.0123191583 0.0000555779 0.0000189457 0.0008982145
 0.0072390746 0.0000004004 0.0000004978 0.0036812616 0.0537092362
 0.0005770766 0.0046508947 0.0000001818 0.000017733  0.0570976849
 0.8330494716]
        collect g,h time= 0.2490701675415039
energy=-4.56800806120232,dE=-3.538172391515104e-06,std=0
loss  =-4.56800806120232,dloss=-3.538172391515104e-06,std=0
        gnorm= 0.002175234146826162
        collect S matrix time= 2.6702880859375e-05
        collect H matrix time= 2.0742416381835938e-05
        SR solver time= 4.9114227294921875e-05
        xnorm=7.199758561375962,dnorm=0.013720454665463717
[0.294366243  0.7412320978 1.1911978107 1.6011403668 0.141179138 ]
[2.3624583407 0.332122491  0.3330359916]
[0.0263751881 5.6573928073]
[0.1081669151 1.8312771347]
[ 0.1787998264  0.0374323578 -0.1550461109  0.5053924214  0.0400536809
 -1.0407990249  0.657380348  -0.5254426508  1.3081613143 -1.1284482168
 -0.1476201904 -1.0336317075]

run = 2
step= 199

nparam= 24
        dense amplitude time= 0.0021905899047851562
        total non-zero amplitudes= 36
        nsamples per process= 36
all_e= [ -3.4962582259  -4.0919269896  -7.0376162406 -19.725471961
  -9.1816735651 -11.9053202679  -3.5444891076 -13.3064432094
  -0.0567044897  -3.7226576208  -5.1903671603  -6.0486945921
  -2.6594244074  -3.1935930941  -5.14038831    -4.3776954267
  -3.8528054411  -4.0145303469  -3.1480297647  -1.7400210808
  -5.7997067907  -4.5177848032  -3.7378994857  -4.3065555268
  -4.3085379806  -4.4817090664  -3.1952217218  -4.617707526
  -5.990076007   -4.4888242522  -4.1306315944  -4.2104669301
  -6.3564228294  -4.5615446967  -4.4862090508  -4.5731805889]
all_f= [0.0029033701 0.0002608966 0.0000001747 0.0000000112 0.0000313641
 0.0000028807 0.0006641278 0.0000596785 0.0000000515 0.0000004288
 0.0026266096 0.0002412459 0.0000000247 0.0000017333 0.0060323416
 0.0112453284 0.0000102714 0.0001251097 0.0000017466 0.0000001019
 0.0019918887 0.0133970843 0.0000315044 0.0000029915 0.001150108
 0.007505059  0.0000009748 0.0000005406 0.0021382529 0.0412549017
 0.000544271  0.0035516543 0.000000573  0.0000072156 0.044556369
 0.8596591141]
        collect g,h time= 0.24742865562438965
energy=-4.567877789274091,dE=-2.10228798458445e-06,std=0
loss  =-4.567877789274091,dloss=-2.10228798458445e-06,std=0
        gnorm= 0.0015376609897137029
        collect S matrix time= 2.5987625122070312e-05
        collect H matrix time= 1.5497207641601562e-05
        SR solver time= 5.1021575927734375e-05
        xnorm=6.715338497351681,dnorm=0.011815144764619588
[-0.248808718  -0.4923509559 -1.3599899785  0.0918833542  0.1042297102]
[ 2.3514311469 -0.3326012561 -0.3321511208]
[-0.0260248531  5.304159938 ]
[0.0348018068 1.2834207618]
[ 0.7529146865 -0.0004990038  0.1675961895  0.3944071862 -0.2367403975
  0.0115862528  0.9481319364 -0.7250371023  1.118967443  -1.9569268665
  0.2702665053  0.3529809682]

run = 3
step= 99

nparam= 24
        dense amplitude time= 0.002159595489501953
        total non-zero amplitudes= 36
        nsamples per process= 36
all_e= [  -4.7931221432   -4.2367586255   -0.5510479335   -3.4281019403
   -4.7549068203   -4.0162899947   -4.4254412636   -5.2285181367
   -2.9107370918    9.4885745796   -5.1010457822   -4.8313562457
 -148.8713829895  -40.6024854654  331.6109680794   -4.7140710709
   -3.1553940094   -4.1043435073   -5.0558081527   -2.5565403027
   -4.5908048662   -7.2223229198    1.6338508822   -2.7172545345
   -4.8773936109   -4.5219280111   -2.4699669139   -5.2268635859
   -4.4892486728   -4.4440259941   -4.209414067    -4.5382930856
   -4.0921993338   34.0236019882   -4.5478543626   -4.603619848 ]
all_f= [0.0006519007 0.0013574473 0.0000015817 0.0000605192 0.0025912321
 0.0067815336 0.0006184899 0.0012878763 0.0000745376 0.0000000073
 0.0015923102 0.0041672475 0.0000000006 0.0000000021 0.0000000102
 0.0052306755 0.0000045232 0.0013284893 0.0000065665 0.000012575
 0.0063061532 0.000094543  0.0000000941 0.0000242264 0.0018752758
 0.0037148073 0.0000012492 0.0000003651 0.0904324569 0.3204018974
 0.0036598509 0.0072499419 0.0011721593 0.0000000149 0.1187100659
 0.4205893729]
        collect g,h time= 0.25249433517456055
energy=-4.531482722842876,dE=-0.0012617597428725702,std=0
loss  =-4.531482722842876,dloss=-0.0012617597428725702,std=0
        gnorm= 0.1897532152797247
        collect S matrix time= 2.5272369384765625e-05
        SR solver time= 4.506111145019531e-05
        xnorm=5.882184464685625,dnorm=0.0297991596143816
[ 1.185371133  -1.651996732   1.0876862831  0.964779359  -0.2753411745]
[-0.6698184963  3.3316528652  0.9490676515]
[-0.1224534026 -3.3570616992]
[ 0.0432753108 -0.1434217647]
[ 0.2552658355  0.0988679069 -0.1750879229 -0.811850691   0.0295017789
  0.3735804361 -0.4455102736 -0.3959758571 -0.1168148962 -0.9182840504
  0.3289916854  1.5201667257]
step= 199

nparam= 24
        dense amplitude time= 0.002160310745239258
        total non-zero amplitudes= 36
        nsamples per process= 36
all_e= [ -3.7705178207  -3.6735256543  -2.7839649661  -2.8917076701
  -4.600424983   -3.9523880292  -4.540323206   -7.5700177651
  -4.7582572227 -10.8932609146  -5.0566121695  -4.3904717608
  -2.527231688   -3.2572874058  -7.9375273186  -4.7853757312
  -3.9480037021  -3.9427214686  -2.8199804125  -3.0518538741
  -4.7765289459  -4.5794501066  -3.811488726   -3.6879101894
  -5.0384750532  -5.2805291799  -5.4976938641  -4.599803759
  -5.0340819336  -4.5086350104  -3.9924365471  -4.336478374
  -3.9998607169  -3.798115212   -4.4868858295  -4.5709888485]
all_f= [0.0015059571 0.0011905963 0.0000013672 0.0000008062 0.0015066843
 0.0030553801 0.0004554005 0.0003600356 0.000007135  0.0000003142
 0.0026264994 0.0053262347 0.0000054383 0.000019522  0.0004630502
 0.0053055613 0.0000583881 0.0001307028 0.0001148728 0.000069718
 0.0053849906 0.0065758651 0.0001401767 0.0000095247 0.0009147092
 0.0020282984 0.000007281  0.0000303707 0.0121813635 0.0885081309
 0.0025926813 0.0057490744 0.0000038082 0.0000018292 0.1032763456
 0.7503918862]
        collect g,h time= 0.25209665298461914
energy=-4.561989105181328,dE=-2.4605185924286843e-06,std=0
loss  =-4.561989105181328,dloss=-2.4605185924286843e-06,std=0
        gnorm= 0.0010526569302416592
        collect S matrix time= 2.7418136596679688e-05
        collect H matrix time= 1.5974044799804688e-05
        RGN solver time= 4.863739013671875e-05
        xnorm=10.119320536648143,dnorm=0.03403154734281492
[ 1.3595928072 -1.844693629   0.8054069533  0.9204745011 -0.5444254869]
[-0.7935894014  2.9680483452  0.9925506772]
[-0.0675982952 -8.9826705873]
[ 0.0521992684 -0.1582271203]
[ 0.2490227597  0.1353308124 -0.1727477571 -0.9273922005  0.082907518
  0.389500686  -0.4031409802 -0.3721736213 -0.0873915648 -0.7257427423
  0.4281208051  1.6320575448]

run = 4
step= 199

nparam= 24
        dense amplitude time= 0.0022335052490234375
        total non-zero amplitudes= 36
        nsamples per process= 36
all_e= [ -3.508660166   -3.7186871233  -2.981139913   -3.0848818588
 -77.9905671459 -96.607400028   -3.5848986511 -19.1309170572
  -3.8296720556  -2.2639196244  -6.4570248481  -6.3617697303
  -3.0475647964  -4.1661084869  -4.9996574363  -4.4118991871
  -3.8071754708  -3.4392526805   2.5877727773  -2.9086160406
  -5.6282416549  -4.5138826816  -3.7177858264  -3.6152542639
  -4.3613833859  -4.3749462624  -4.5144714034   0.4926085902
  -7.7211812394  -4.4847681408  -4.5484458305  -4.2219593171
  -4.0286367331  -4.0989917574  -4.4847250515  -4.570637801 ]
all_f= [0.002766503  0.0002166486 0.0000217268 0.0000023026 0.0000000991
 0.0000000105 0.0003009563 0.0000235683 0.000011483  0.0000208987
 0.0009045849 0.0000955305 0.0000974757 0.000000567  0.0079034689
 0.0111262518 0.0003433451 0.000002563  0.0000001156 0.000003795
 0.0024169399 0.0149209748 0.0000145257 0.0000242425 0.0005198217
 0.0094502921 0.000014015  0.0000005646 0.0005305318 0.0214871694
 0.0000950653 0.0017282753 0.0000105285 0.0000022645 0.0222871405
 0.9026557541]
        collect g,h time= 0.25055503845214844
energy=-4.567568687333192,dE=-2.685661080192858e-07,std=0
loss  =-4.567568687333192,dloss=-2.685661080192858e-07,std=0
        gnorm= 0.0020279655343256996
        collect S matrix time= 2.6941299438476562e-05
        collect H matrix time= 1.71661376953125e-05
[15.5099109525 14.7951570715  9.761616795   5.1031275037  3.642755277
  3.0373281609  2.2992059604  1.9415393046  0.2277605899  0.2023023298
  0.1046875205  0.0986757827  0.0895222886  0.0586660031  0.0545716456
  0.0397384146  0.0242906426  0.0133881528  0.0003127837  0.0000338243
  0.            0.            0.            0.          ]
        nonzero=17,smax=15.50991095252175
        RGN solver time= 0.00029397010803222656
        xnorm=5.055200263837599,dnorm=0.0005256875152038704
[ 0.3045530343 -1.2510491842  1.13545833   -1.0495439454  0.5090143438]
[-0.8550175964 -2.7819709034  0.9119490738]
[ 1.4522077385 -0.9476836342]
[-0.040916751   0.3219573664]
[ 0.7309408213 -0.3822763118  0.0966290734  0.6151717466 -0.021587308
 -0.7096648482  0.0500446669 -1.0544980536 -1.2743601005  1.9134841931
  0.7311015062 -0.5725123426]

run = 5
step= 199

nparam= 24
        dense amplitude time= 0.0021615028381347656
        total non-zero amplitudes= 36
        nsamples per process= 36
all_e= [ 0.            0.           -2.6754919483 -2.2966132709 -4.2445681663
 -6.836366994   0.            0.           -4.970677398  -0.1454841675
 -4.5622294346 -4.3803964052  0.           -6.1767605016 -4.5403817601
  0.           -7.5237559249 -4.456159225  -4.1840277014 -5.25688421
 -4.54078784    0.           -5.0309500478 -2.6774738288  0.
  0.           -3.8376660807 -4.2594383345 -8.7044451587 -4.4653017677
  0.            0.           -3.9970508576 -5.4953617499 -4.4642606469
 -4.5421349062]
all_f= [0.           0.           0.0000000003 0.0000000004 0.0003908894
 0.0000510518 0.           0.           0.0000000001 0.
 0.005416963  0.000707478  0.           0.0000000006 0.0129594002
 0.           0.0000000004 0.0000000053 0.0000000009 0.0000000013
 0.008995548  0.           0.0000000034 0.0000000009 0.
 0.           0.0000002785 0.0000000004 0.0003309534 0.0177330007
 0.           0.           0.0000000814 0.0000000001 0.0174676974
 0.9359466442]
        collect g,h time= 0.19959211349487305
energy=-4.540749827303537,dE=-2.764712338176878e-06,std=0
loss  =-4.540749827303537,dloss=-2.764712338176878e-06,std=0
        gnorm= 0.0004983672968864258
        collect S matrix time= 2.7894973754882812e-05
        collect H matrix time= 1.7404556274414062e-05
        nonzero=15,smax=3.1184935812913688,smin=0.008728237318049684
        RGN solver time= 0.00014281272888183594
        xnorm=3.518535082404752,dnorm=0.0028347402773857807
[ 0.3843474934  0.5362912778 -0.277976612  -0.8842379286  1.234829374 ]
[-0.000018921   0.101409299  -0.6070097665]
[-0.7850564233 -1.0000790973]
[0.0001727998 2.0394022569]
[-0.3109103977  0.139614026  -0.0052948255 -0.0176504838  0.0004093213
 -0.0750833715 -1.3644414858 -1.0428833427  0.2226860956  0.4099558885
 -0.029585937  -0.3414687648]
