hop_ls= [(2, 4), (3, 5)]
ctr_ls= [(0,), (1,), (6,), (7,)]
hop_ls= [(1, 5)]
ctr_ls= [(0,), (6,), (7,)]
hop_ls= [(2, 6)]
ctr_ls= [(0,), (7,)]
hop_ls= [(0, 4), (0, 6)]
ctr_ls= [(7,)]
nparam= 24

run = 0
step= 99

nparam= 24
        dense amplitude time= 0.002204418182373047
        total non-zero amplitudes= 36
        nsamples per process= 36
        collect g,h time= 0.24920964241027832
E=-4.36784637008402,dE=-0.0043806457796646825,std=0
L=-4.36784637008402,dL=-0.0043806457796646825,std=0
        gnorm= 0.17956600131533473
        collect S matrix time= 2.6464462280273438e-05
        nonzero=14,wmax=5.153838166670033,wmin=0.007802585234594899
        SR solver time= 0.00010919570922851562
        xnorm=3.0581987142795404,dnorm=0.02320765710467034
[-1.1872506778  0.2979735058 -0.2188958694  0.7632149785 -0.0905484052]
[-0.4528952158 -0.6288618019  0.715302805 ]
[ 0.0033949994 -0.6946315399]
[-0.0180187095 -0.2681327994]
[-0.9488250378 -0.4599796384  0.0628479949 -0.6241241147 -0.7552583857
  1.1916467101  0.9231211974 -0.1809088933 -0.2160319304 -0.5640311514
 -0.2803690401  0.8597470169]
step= 149

nparam= 24
        dense amplitude time= 0.0021979808807373047
        total non-zero amplitudes= 36
        nsamples per process= 36
        collect g,h time= 0.24882936477661133
E=-4.568315507541618,dE=-0.00014770099165062334,std=0
L=-4.568315507541618,dL=-0.00014770099165062334,std=0
        gnorm= 0.014284722710600842
        collect S matrix time= 2.956390380859375e-05
        xnorm=3.8477642909411514,dnorm=0.0
        nonzero=17,wmax=7.883825988441545,wmin=0.010191216701146904
        SR solver time= 0.00012373924255371094
        collect H matrix time= 2.3126602172851562e-05
        nonzero=17,smax=11.287157265687739,smin=0.017943264373751298
        RGN solver time= 0.00014066696166992188
        xnorm=3.8477642909411514,dnorm=0.007022662466479159
        dense amplitude time= 0.0021364688873291016
        total non-zero amplitudes= 36
        nsamples per process= 36
        RGN updated loss=-4.568356732746653,dloss=-4.122520503546667e-05
[-0.9318671615 -1.273879628   0.0531930111  1.5128899933 -0.4969267384]
[-0.7838624581 -0.998740309   1.0077331165]
[-0.246865827  -1.1231458761]
[-0.0732165961  0.0157892586]
[-0.9939534873  0.2450492935 -0.2544497475  0.0779201904 -0.6128391146
  1.1724879185  1.1162723846 -0.6420788386 -0.4982559318 -0.4558641915
  0.0130610592  0.9126608917]

run = 1
step= 99

nparam= 24
        dense amplitude time= 0.002156972885131836
        total non-zero amplitudes= 36
        nsamples per process= 36
        collect g,h time= 0.2481403350830078
E=-4.5196480792480624,dE=-0.0006669218130159749,std=0
L=-4.5196480792480624,dL=-0.0006669218130159749,std=0
        gnorm= 0.07243740634314774
        collect S matrix time= 2.6226043701171875e-05
        nonzero=15,wmax=6.139701911408792,wmin=0.00955448704596973
        SR solver time= 0.00011420249938964844
        xnorm=2.9427816626827723,dnorm=0.008213152026982614
[ 0.0172801029  0.4788817591 -0.6023960677 -0.6500670772  0.9301052357]
[-1.4711540517 -0.0661118021 -1.3307242953]
[ 0.0379053999 -0.6368948014]
[-0.0106189473  0.1147940279]
[-0.4108208427 -0.1538807526 -0.2351231076 -0.450034717   0.1626960456
 -0.2821300554  0.8955624432  0.1102605702 -0.1796855233 -0.8358971608
 -0.2599374815  0.4949130463]
step= 149

nparam= 24
        dense amplitude time= 0.002215147018432617
        total non-zero amplitudes= 36
        nsamples per process= 36
        collect g,h time= 0.2453017234802246
E=-4.535637771704785,dE=-4.561822065873855e-06,std=0
L=-4.535637771704785,dL=-4.561822065873855e-06,std=0
        gnorm= 0.011249616612265954
        collect S matrix time= 2.956390380859375e-05
        xnorm=2.8680950023350134,dnorm=0.0
        nonzero=15,wmax=8.427468239946885,wmin=0.011143362205476124
        SR solver time= 0.00011873245239257812
        collect H matrix time= 2.002716064453125e-05
        nonzero=15,smax=13.563336968838891,smin=0.031624260703647884
        RGN solver time= 0.00013208389282226562
        xnorm=2.8680950023350134,dnorm=0.004788109064162139
        dense amplitude time= 0.0021119117736816406
        total non-zero amplitudes= 36
        nsamples per process= 36
        RGN updated loss=-4.535642372563933,dloss=-4.600859147885217e-06
[ 0.0280801481  0.4952038686 -0.5952957688 -0.6606820644  0.9230244489]
[-1.4440069401 -0.1521202318 -1.2422243394]
[-0.0399502611 -0.6370634396]
[-0.1531460664  0.1407817396]
[-0.4764956838  0.0322884664 -0.2921616748 -0.4601094574  0.0480671119
 -0.3429701008  0.9551545532  0.0248592159 -0.1648763688 -0.5819290971
 -0.1623223591  0.529381664 ]

run = 2
step= 99

nparam= 24
        dense amplitude time= 0.002235889434814453
        total non-zero amplitudes= 36
        nsamples per process= 36
        collect g,h time= 0.2523460388183594
E=-4.398741102421395,dE=-0.0013401865337661079,std=0
L=-4.398741102421395,dL=-0.0013401865337661079,std=0
        gnorm= 0.07489576502771716
        collect S matrix time= 2.7179718017578125e-05
        nonzero=14,wmax=3.1696650401055746,wmin=0.006083522116718587
        SR solver time= 0.00011968612670898438
        xnorm=3.527434510354552,dnorm=0.05280906893584425
[ 0.320638378  -0.6170458917 -1.0918061243 -1.2852466997  1.4733537206]
[ 0.0091509306 -1.1862798959  0.6138850438]
[-1.1217399784  0.7900805057]
[-0.3215326335 -0.1774597056]
[-0.3596447651 -0.0681503527  0.1578531736 -1.395464111  -0.190853558
  0.012985884   0.5955295583 -0.1004124532 -0.0931178233  0.3025568873
 -0.1126157018 -0.757583079 ]
step= 149

nparam= 24
        dense amplitude time= 0.0022122859954833984
        total non-zero amplitudes= 36
        nsamples per process= 36
        collect g,h time= 0.25223445892333984
E=-4.537918976214287,dE=-8.182438315351703e-06,std=0
L=-4.537918976214287,dL=-8.182438315351703e-06,std=0
        gnorm= 0.0020239953077783096
        collect S matrix time= 2.765655517578125e-05
        xnorm=3.6054305940130895,dnorm=0.0
        nonzero=16,wmax=2.6169887895013035,wmin=0.004501398693352912
        SR solver time= 0.00011897087097167969
        collect H matrix time= 2.1219253540039062e-05
        nonzero=16,smax=4.565544834109907,smin=0.008734713460254045
        RGN solver time= 0.0001304149627685547
        xnorm=3.6054305940130895,dnorm=0.007838594713725798
        dense amplitude time= 0.00211334228515625
        total non-zero amplitudes= 36
        nsamples per process= 36
        RGN updated loss=-4.537925029236433,dloss=-6.053022146623732e-06
[ 0.2572882312 -0.6252061032 -1.1045434636 -1.2734096916  1.492876089 ]
[ 0.0060537912 -1.1879804115  0.608215594 ]
[-0.8720711476  1.671864848 ]
[ 0.0728637222 -0.2131398942]
[-0.3948444886 -0.078054754   0.3530698115 -0.5671993306  0.4162596339
  0.2544400773  0.5670721161 -0.2263463935 -0.0682042529  0.5314314206
 -0.3013325282 -0.7125411797]
