hop_ls= [(2, 4), (3, 5)]
ctr_ls= [(0,), (1,), (6,), (7,)]
hop_ls= [(3, 7)]
ctr_ls= [(0,), (1,), (6,)]
hop_ls= [(1, 7), (1, 5)]
ctr_ls= [(0,), (6,)]
hop_ls= [(0, 4)]
ctr_ls= [(6,)]
nparam= 24

run = 0
step= 99

nparam= 24
        dense amplitude time= 0.0021715164184570312
        total non-zero amplitudes= 36
        nsamples per process= 36
all_e= [  -14.7847099426     7.0675594214    24.1542589539    -9.491456651
    -4.2661827836    -4.5934841579    12.3381048957   -15.9614444168
     7.7905686069    -5.4786778157    -4.551372467     -4.5478076424
   -36.2369030275   -17.3480225335    80.6176083188   -68.4302205154
    -3.9334132317    -3.2561860445    -6.3517118516     0.6510724676
 -1007.9920180768   -18.859776536     -3.9240003497    -3.9925509558
    49.6814377888   -44.2971500062    -4.4212627821    -4.1449780995
    -4.5204240897    -4.461826096    -67.413060982     33.441888963
    -4.1802245635    -4.364302422     -4.458935894     -4.5420970395]
all_f= [0.0000046227 0.0000186948 0.0000000114 0.0000002349 0.0032800576
 0.0026648903 0.0000071528 0.0000289269 0.000000058  0.0000010929
 0.0054334162 0.0044143915 0.0000000133 0.0000000049 0.0000006809
 0.0000028873 0.0001420223 0.0000370444 0.0000004088 0.0000001315
 0.0000000125 0.0000242378 0.0000661036 0.0012305346 0.0000010743
 0.0000040769 0.0000200047 0.0000459386 0.0449609302 0.1647778838
 0.0000008051 0.0000030552 0.0003417096 0.0000923427 0.1655753491
 0.6068191981]
        collect g,h time= 0.256655216217041
energy=-4.5129879218522815,dE=-0.0001874490790187977,std=0
loss  =-4.5129879218522815,dloss=-0.0001874490790187977,std=0
        gnorm= 0.055980669041501695
        collect S matrix time= 2.6464462280273438e-05
        nonzero=10,wmax=15.538122481021999,wmin=0.02792618137249572
        SR solver time= 0.00010943412780761719
        xnorm=3.4439793033357073,dnorm=0.001881452565631991
[-1.6399487808 -1.1861127964 -0.0738761342 -0.0604050919 -0.6246033022]
[-0.6641596835 -0.2454472076 -1.0862485675]
[-0.0777270684 -0.7337648192  0.0369236695]
[-0.235911197]
[-1.0814836363  0.1851286728  0.1742302309 -0.0849769504 -0.1295104545
  0.6975533171  0.5383921059  0.4771506201 -0.085038473  -1.4458723531
  0.4861898646 -0.6977264145]
step= 199

nparam= 24
        dense amplitude time= 0.002222299575805664
        total non-zero amplitudes= 36
        nsamples per process= 36
all_e= [ 440.3971087819  -13.9011747532   -2.4231632522   -2.0284294621
   -2.3148770199   -4.2462277174   -1.1731390845  -19.9267474449
   -2.5663238497   -4.0993478708 -167.8944180568   -2.7240788528
   -2.845535836    -3.0651278452  -11.9645656936   -4.5519975368
   -3.8984022811   -3.8948847598   -2.7131567226   -3.5476823031
  290.2358870843   -4.60777925     -3.7283701411   -3.8372201178
   -3.7874453019   -4.5181852824   -3.363478531    -4.5281848831
 -129.8604207703   -4.450781905   -41.8770842966   -4.1070888243
   -4.6588134563   -4.2823465177   -4.4578911679   -4.5440283898]
all_f= [0.0000000063 0.0000000375 0.000009178  0.0000027475 0.0000109594
 0.0008529247 0.0000037496 0.0000223509 0.0000157178 0.000000655
 0.0000002759 0.0000214758 0.000443401  0.0003543694 0.0002363439
 0.0082391802 0.000501439  0.000341131  0.0001332561 0.0000133509
 0.0000001405 0.0114609388 0.0002585032 0.0003156083 0.0000469214
 0.0064805668 0.0000109894 0.0000038653 0.0000004337 0.0006709205
 0.0000003833 0.0000529368 0.0000036267 0.0000088009 0.0006263637
 0.9688564508]
        collect g,h time= 0.26415395736694336
energy=-4.543733146420987,dE=-7.71412470790267e-07,std=0
loss  =-4.543733146420987,dloss=-7.71412470790267e-07,std=0
        gnorm= 0.002671642093451157
        collect S matrix time= 2.4557113647460938e-05
        collect H matrix time= 1.52587890625e-05
        nonzero=13,smax=5.620499282498876,smin=0.01483605398906425
        RGN solver time= 0.00013208389282226562
        xnorm=4.058104065499995,dnorm=0.0008517103899449948
[-1.9394598961  0.0586725478 -0.2770021776 -0.2968772547 -0.6525415392]
[-0.6322898047 -0.1946681759 -1.3946497194]
[-0.3460727979  0.1909402442  0.383466022 ]
[0.0254838669]
[-1.0776153621  0.0008804627 -0.0238595109 -0.1043232866 -0.1672357783
  0.7212334614  0.7607276663  0.5064849856  0.5138582032 -1.5669933412
 -0.7252790487 -1.9037654503]

run = 1
step= 99

nparam= 24
        dense amplitude time= 0.002165555953979492
        total non-zero amplitudes= 36
        nsamples per process= 36
all_e= [ -5.480424152   -4.9346507598  -1.4964093289  -2.2566749747
  -4.7030937615  -4.5077375681  -6.6313043386  -7.5316807568
  -3.3003360582 -10.7936539635  -4.4709452365  -4.4559168682
  -2.7395288921  -2.8441971544  -4.8650344672  -7.7553977473
  -3.9926489828  -3.837766604   -2.7080361455  -3.4565995235
  -5.2259120222  11.8559015468  -3.8579406428  -3.5162405287
  -4.5618780875  -4.4803496853   2.4854502774  -4.4534702251
  -4.5477504681  -4.5596846545  -4.3026946161  -4.4350950127
  -5.0773628494  -1.8637159694  -4.4469368833  -4.5777030669]
all_f= [0.0002733876 0.0003440949 0.0000099195 0.0000732132 0.0019722163
 0.0024782004 0.0002246297 0.0002827265 0.0007873283 0.0000008413
 0.0060778145 0.0076371148 0.0001112777 0.0004853223 0.0020595148
 0.0004262563 0.0011250155 0.0001821154 0.0000899692 0.0000617598
 0.0023178271 0.0000232902 0.0012574021 0.000013637  0.0030056548
 0.0059194478 0.0000009524 0.0001362077 0.051521852  0.0992906571
 0.0038116416 0.007506788  0.0000190362 0.0000065    0.2734621352
 0.5270042526]
        collect g,h time= 0.25699400901794434
energy=-4.534867089008274,dE=-0.000590000057091089,std=0
loss  =-4.534867089008274,dloss=-0.000590000057091089,std=0
        gnorm= 0.09752779182561115
        collect S matrix time= 2.9325485229492188e-05
        nonzero=15,wmax=5.312016766380024,wmin=0.014073461554406221
        SR solver time= 0.00011777877807617188
        xnorm=3.676520256917706,dnorm=0.004195234042232851
[ 0.8631362038  0.0254809623  0.3648998845 -0.7771784132  0.5482704477]
[-0.0429174018 -0.7713962388 -0.6296743213]
[-0.2716581525 -0.8684206283  0.8363014161]
[0.4831877181]
[ 0.1045564098  0.8142113807  0.7354251372 -1.1386171237 -1.7369792484
  0.9632294642  1.1844688666 -0.568015777   0.0084929014  0.4288268943
 -0.3547790385 -0.6959901499]

step= 149

nparam= 24
        dense amplitude time= 0.0021228790283203125
        total non-zero amplitudes= 36
        nsamples per process= 36
all_e= [ -8.4229622047  -6.5992644608  -3.2709597242  -2.5124285311
  -4.6670756426  -4.5290868118 -10.0772554917 -15.8223345697
  -3.9736700741  -7.4305138498  -4.6593570136  -4.2901544696
  -2.3701708619  -2.9936562296  -4.7012637583 -16.2681479507
  -3.8668332337  -3.9271581942  -0.4720153195  -2.8043600605
  -4.7066643856 -38.707608506   -3.7912641137  -3.8379120705
  -5.3291922849  -4.4148763659 -16.2033866186  -4.9014115113
  -5.0150864582  -4.4934326736  -5.3607529828  -4.2900724867
  -4.149550716   -3.5403087664  -4.4903787941  -4.5585624977]
all_f= [0.0000574613 0.0000871402 0.0000061462 0.0000274713 0.0011546484
 0.0014032828 0.00002614   0.0000396414 0.0000967838 0.0000045024
 0.0048099501 0.0058456931 0.0000008415 0.0001779333 0.0072864988
 0.000056241  0.002135987  0.0000492525 0.0000000084 0.0000371413
 0.0049808162 0.0000116571 0.0014797265 0.0000051093 0.000545456
 0.0073425419 0.0000004975 0.0000720209 0.0104934729 0.0894006457
 0.0004192982 0.0056442946 0.0000339746 0.0000226516 0.0899450796
 0.766299993 ]
        collect g,h time= 0.24818062782287598
energy=-4.549300839656562,dE=-7.336353746723034e-13,std=0
loss  =-4.549300839656562,dloss=-7.336353746723034e-13,std=0
        gnorm= 3.9709991553201005e-05
        collect S matrix time= 3.0040740966796875e-05
        collect H matrix time= 1.8835067749023438e-05
        nonzero=15,smax=1.9559985447264174,smin=0.021620561880580237
        RGN solver time= 0.0001537799835205078
        xnorm=3.63125771578137,dnorm=2.6048373967031476e-06
[ 0.8557006555  0.1090117518  0.121957042  -0.8523528384  0.4268713862]
[-0.0230201779 -0.7791834566 -0.6261152538]
[-0.0280349957 -0.8167868647  0.9314600351]
[0.5205481342]
[ 0.1462847543  0.788647579   0.7245553717 -1.1268218981 -1.7313054554
  0.9596795087  1.2199368372 -0.3916867118  0.0069185473  0.3526492461
 -0.2609049475 -0.7221613545]

run = 2
step= 99

nparam= 24
        dense amplitude time= 0.0022466182708740234
        total non-zero amplitudes= 36
        nsamples per process= 36
all_e= [ -4.284876282    1.9162809388  -3.4932784047  -1.079170684
 -66.2803262308  -4.6667122906  -6.9439301016  -0.6927750819
  -3.2178934102  -3.262737268   -7.7629394765  -4.419110519
  -6.3566213619 -15.9236298658  -7.5667446033  -7.6149906257
  -4.4044579466  -4.115254873   -5.5358011829  -4.4270295692
   7.5978414164 -32.9361516507  -4.0176452261  -1.18266294
 -16.9936387418  -4.2645312057  -4.2238149332  -1.8013479926
  -4.3683824003  -8.6818664143  -4.3917013643  -4.3594878687
  -4.1226637351  -4.3527487453  -4.3778595924  -4.5803523043]
all_f= [0.0000499624 0.0000145791 0.0000360333 0.000008475  0.0000007532
 0.0002487532 0.0004136046 0.0001206899 0.0004052657 0.0002224903
 0.0000338674 0.0111853351 0.0000016224 0.0000001943 0.0000062394
 0.0000463478 0.0000942155 0.0015245287 0.000005823  0.0000113532
 0.0000069266 0.0000001413 0.000369344  0.0000064997 0.0000416768
 0.0009241616 0.0000716198 0.0000041978 0.0124513097 0.0004767514
 0.0004294737 0.0095233654 0.0010345871 0.0001607014 0.9246643974
 0.0354047129]
        collect g,h time= 0.2560126781463623
energy=-4.386913646693898,dE=-0.0005106789416746693,std=0
loss  =-4.386913646693898,dloss=-0.0005106789416746693,std=0
        gnorm= 0.11972236554610795
        collect S matrix time= 2.765655517578125e-05
        nonzero=13,wmax=5.968013369268303,wmin=0.008783753841369677
        SR solver time= 0.00011038780212402344
        xnorm=2.9364620976027296,dnorm=0.008688100306439947
[ 0.0609596175  0.4187362479  1.1593441608  0.3730984236 -0.3663939508]
[-0.5005017415 -0.3373126225  0.0058405991]
[1.0974689135 1.089647618  0.1347024761]
[-0.5396891605]
[ 0.1862054451  0.467810382   0.3169946858  0.3026311739  0.1217948941
  0.7092895586 -0.6692559868  0.6144179831  0.5948011833 -1.0124247379
 -0.7484532538 -0.2257689069]
step= 139

nparam= 24
        dense amplitude time= 0.0022215843200683594
        total non-zero amplitudes= 36
        nsamples per process= 36
all_e= [ -3.7871789212  -3.7382197611  -2.0842948645 -13.8454158687
  -5.6159959919  -5.0602829925  -3.7349927611  -5.7983405745
  -4.3853868296 -14.1907689369  -4.9668213315  -4.4436950642
  -3.1115064692  -3.1784384828  -6.7462905515  -4.8119750588
  -3.8103231783  -3.2864047408  -3.0596628991  -3.0187688115
  -9.6994944967  -4.5484272074  -3.7149839633  -4.0476469677
  -4.7619260568  -4.6715182507  -3.3261478105  -5.4188050261
  -5.1133657653  -4.4963711185  -4.6368208863  -4.3646720211
  -4.2747744064  -4.4166569938  -4.493001544   -4.564562849 ]
all_f= [0.0012525923 0.0008852699 0.0000155681 0.0000000837 0.0004042762
 0.0004142443 0.00091485   0.0006465704 0.0000206195 0.0000003188
 0.0035536934 0.0036413164 0.0001300657 0.000598665  0.001161666
 0.0053619087 0.0038594917 0.0000080746 0.0000784231 0.000478713
 0.0002880488 0.00927357   0.0005602576 0.0001386197 0.0010027716
 0.005538226  0.000121045  0.000013931  0.0075844023 0.0758363147
 0.0008105405 0.0044765492 0.0001775191 0.0000601822 0.0791610972
 0.7915305141]
        collect g,h time= 0.24777460098266602
energy=-4.557404164556592,dE=-8.846257060213247e-13,std=0
loss  =-4.557404164556592,dloss=-8.846257060213247e-13,std=0
        gnorm= 0.0024595476079211642
        collect S matrix time= 2.7418136596679688e-05
        collect H matrix time= 1.9073486328125e-05
        nonzero=15,smax=5.174511472670676,smin=0.015373564845940763
        RGN solver time= 0.0001494884490966797
        xnorm=4.1144985262373,dnorm=7.32980802854294e-07
[ 0.1474631681  0.0279635815  1.3226061875  1.0898257592 -0.5026851306]
[-0.5258817763 -0.6687226032  1.5824245927]
[ 1.3807941389  1.0587329514 -0.0537129071]
[0.0296969348]
[-0.0292315752  0.049722446   0.135053949   0.5657445831  0.100160532
  0.7275471097 -1.2093403184  0.7987287384  1.5915838163 -1.1414153487
 -0.6748902729 -0.4299794991]

run = 3
step= 99

nparam= 24
        dense amplitude time= 0.0021741390228271484
        total non-zero amplitudes= 36
        nsamples per process= 36
all_e= [  -4.5736798087   -6.374741539    -3.2834743246    0.1261546611
  -10.7127626835   -4.3662023445   -3.4228996221  -12.283038758
   -3.562847084    -5.8325961044  -27.30553367     26.5282348359
   -2.9033355427   -3.117040479    -4.4768196554   -4.6572899356
   -3.7345164254   -4.0388780214   -2.8197019109   -3.0172764678
   -4.538530082    -4.6143234911   -3.7210977533   -3.9772691262
 -258.3138854082  -28.9089659046   -7.3366132452   -6.8258814894
   -5.1222696175   -4.4486099661   -2.6962768051   -4.3698210473
   -4.4712935242   -3.140336972    -4.476320162    -4.572403704 ]
all_f= [0.0007020442 0.000054119  0.0000014001 0.0000000448 0.0000256499
 0.0000060562 0.0008116495 0.0000625683 0.0000010433 0.0000000282
 0.0000101304 0.0000023919 0.0000023161 0.0000063208 0.0098463625
 0.0099049716 0.0000018934 0.0000121346 0.0000001048 0.0000146704
 0.0119383403 0.0074324417 0.0000018427 0.0000063761 0.0000000257
 0.0000088679 0.0000000212 0.0000000261 0.0068594175 0.0848496605
 0.0000087047 0.002999113  0.0000007763 0.000000601  0.0646552325
 0.7997726526]
        collect g,h time= 0.2507035732269287
energy=-4.5587712619142735,dE=-3.1049807574845545e-05,std=0
loss  =-4.5587712619142735,dloss=-3.1049807574845545e-05,std=0
        gnorm= 0.02125856650510544
        collect S matrix time= 2.6464462280273438e-05
        nonzero=14,wmax=5.5476059580735475,wmin=0.020905663631919758
        SR solver time= 0.0001068115234375
        xnorm=3.009779945755087,dnorm=0.0011435381824404236
[-0.1468978654 -0.2182029084 -0.5160492578 -1.340692747   0.3740997249]
[0.8016865813 0.9636639013 0.9599447179]
[ 0.0512831663  0.4077730928 -1.1454644529]
[0.0795710178]
[-0.9455800127 -0.1868721425  0.1020269038 -0.5234504388  0.06939904
  0.1481707056 -0.2995626314  0.8448283263  0.0061710296 -0.0046543552
  0.8038515757 -0.3400712465]
step= 199

nparam= 24
        dense amplitude time= 0.0022225379943847656
        total non-zero amplitudes= 36
        nsamples per process= 36
all_e= [ -3.9030409579  -3.8431488148  -3.8607335414  -3.1577341626
 -17.0733101635  -8.2937338108  -3.2840813218 -10.7622303741
 -39.383517832    1.63895127    -6.6567049702  -6.5287006123
  -2.7122792797  -2.9213022795  -5.3855172808  -4.3236573818
  -3.7829021072  -3.9244114469  -2.651118861   -2.8877417933
  -4.6107350485  -4.5669830185  -3.699813952   -3.8710064136
  -4.7039166787  -4.5350591476 -15.550073534   -5.3382623028
  -6.7905463013  -4.4798255451  -3.9153708565  -4.4058663195
  -4.3739856988  -3.8822360246  -4.4776369973  -4.5727584803]
all_f= [0.0015872693 0.0002499079 0.0000000901 0.0000020907 0.0000042644
 0.000000916  0.0007750246 0.0001220239 0.0000000183 0.0000010842
 0.0005702878 0.0001224972 0.0000119194 0.0000129695 0.0044414595
 0.0140627017 0.0000775767 0.0001238809 0.0000061846 0.0000647565
 0.0083488748 0.0120260507 0.0001552854 0.0001077794 0.0004328238
 0.0049152777 0.0000001739 0.0000099496 0.0012186241 0.0313876329
 0.0001353124 0.001536648  0.0000000578 0.0000077835 0.0342898658
 0.8831909369]
        collect g,h time= 0.2534472942352295
energy=-4.568636500416909,dE=-2.3186109032735658e-08,std=0
loss  =-4.568636500416909,dloss=-2.3186109032735658e-08,std=0
        gnorm= 0.001451851132067577
        collect S matrix time= 2.7418136596679688e-05
        collect H matrix time= 1.7404556274414062e-05
        nonzero=15,smax=7.8615135994428815,smin=0.014793522366100962
        RGN solver time= 0.00014734268188476562
        xnorm=3.2835709270916653,dnorm=0.00025942520071449014
[-0.6971530968 -0.4223340453 -0.8851406378 -1.279593398   0.7409450306]
[0.8021994675 0.9618345581 0.9741419199]
[-0.0411158328  0.2160145582 -1.4270913593]
[0.1194144774]
[-0.9150311287 -0.2639960335  0.1199109089 -0.6129345236  0.0594810747
  0.1352408198 -0.2831044757  0.5829141055 -0.0303564221 -0.0565204191
  0.8160637204 -0.3493976328]

run = 4
step= 99

nparam= 24
        dense amplitude time= 0.0022177696228027344
        total non-zero amplitudes= 36
        nsamples per process= 36
all_e= [ -4.8442366533  -3.6512704132  -3.1868946296  -3.8433056465
  -5.4586246199  -4.8313193277 -10.8851797285 -10.1140939434
  -6.5577726528  -3.6213747266  -4.6956645278  -5.2427254078
   0.0474176632  -3.4229946794  -3.978558413   -5.4572496856
  -3.9550812321  -4.1424446689  -3.8592447789  -2.0807585819
  -4.867094986    1.4608539299  -4.2328724658  13.2109067392
  -5.1784802024   0.2347396637  -4.0912783594  -4.9988006942
  -4.2794156179  -4.6212998255  -7.6413436875  16.3743888526
  -5.4393033752  -4.0890217197  -4.4002261356  -4.7153390365]
all_f= [0.0005232438 0.0006318968 0.00211878   0.0001567592 0.0007274156
 0.0017093305 0.0000558984 0.0000675059 0.0000351853 0.0017014682
 0.000876847  0.0020604744 0.0000207109 0.0013871433 0.0075481358
 0.0028094164 0.0163921299 0.009440513  0.0002659548 0.0005567815
 0.0054709782 0.0001321187 0.0018260536 0.0000012339 0.0013762312
 0.000102534  0.0079799329 0.0003295052 0.3346957701 0.0594971677
 0.0001779834 0.0000132604 0.0000784756 0.0044606522 0.454057089
 0.0807154234]
        collect g,h time= 0.2548377513885498
energy=-4.384429121498114,dE=-0.0043845788612619785,std=0
loss  =-4.384429121498114,dloss=-0.0043845788612619785,std=0
        gnorm= 0.47074933635351096
        collect S matrix time= 2.47955322265625e-05
        nonzero=17,wmax=13.163647673750628,wmin=0.01391203657459084
        SR solver time= 0.00011301040649414062
        xnorm=3.6405137428948726,dnorm=0.015001284076195692
[-0.8216150216  1.3203979505  0.5823457646 -0.9897159117  0.2717097892]
[1.1236213442 0.1372087633 0.3234371584]
[ 1.8078467597 -0.2271779564 -0.5517688625]
[-0.0432256461]
[ 1.0812008237 -0.4613497441  0.1272968678  0.2965204551 -0.3273112579
 -0.7735305369  0.1798767928 -0.1680391883 -0.2543919281  1.0452455909
 -0.7073680129 -0.7416642138]
step= 139

nparam= 24
        dense amplitude time= 0.0022912025451660156
        total non-zero amplitudes= 36
        nsamples per process= 36
all_e= [ -4.1834300726  -4.4634186645   1.537944883   11.7601622026
  -4.9826208752  -4.3932743854  -3.6250505499  -5.3315215028
 -20.7698306546  -7.0066455964  -4.9774318329  -4.4079598871
  -2.5322699363  -3.0797114949  -9.7687517085  -4.7813492846
  -3.8351896992  -3.9696432511  -2.7612952281  -2.9985457189
  -9.741728637   -4.7795287117  -3.7616048952  -3.9068295096
  -5.5309157032  -5.5561847391  -4.6224216234   0.6461675386
  -4.9219340062  -4.4875581828  -4.2573568008  -4.2911256949
  -2.4017788598  -5.0161647325  -4.5024817311  -4.5611750889]
all_f= [0.0006353357 0.0004799039 0.0000014907 0.0000001306 0.0009575059
 0.0015729149 0.0013336166 0.0010073536 0.0000001151 0.0000034852
 0.0031416666 0.005160881  0.0000053848 0.0004377521 0.0002159195
 0.0055877004 0.0020705553 0.0004674685 0.0000587041 0.0005220645
 0.0002862065 0.0046138683 0.0019952161 0.0001058049 0.000558274
 0.001694117  0.0000635899 0.0000026894 0.0135651191 0.1063480742
 0.0022589123 0.0068548096 0.0000122648 0.0000223384 0.0947936601
 0.7431651063]
        collect g,h time= 0.24785566329956055
energy=-4.552055214757596,dE=-3.4638958368304884e-14,std=0
loss  =-4.552055214757596,dloss=-3.4638958368304884e-14,std=0
        gnorm= 0.0005401216033948438
        collect S matrix time= 2.956390380859375e-05
        collect H matrix time= 1.8835067749023438e-05
        nonzero=16,smax=8.454489620414991,smin=0.01800064422146099
        RGN solver time= 0.0001518726348876953
        xnorm=3.7096666496901007,dnorm=1.0399056997123482e-07
[-0.8006841561  1.4700041975  0.4966582216 -1.2457636218  0.4343971955]
[0.7868787296 0.0940508014 0.9816490196]
[ 1.4739613216 -0.1895983658 -0.9772529191]
[0.1957306511]
[ 1.0332508542 -0.7460213128  0.281080579   0.5472096156 -0.4988788544
 -0.7342898634  0.2355698727 -0.1785497469 -0.2902316295  0.5749768489
 -0.2527941711 -0.906668539 ]
