hop_ls= [(2, 4), (3, 5)]
ctr_ls= [(0,), (1,), (6,), (7,)]
hop_ls= [(3, 7)]
ctr_ls= [(0,), (1,), (6,)]
hop_ls= [(0, 4)]
ctr_ls= [(1,), (6,)]
hop_ls= [(1, 7), (1, 5)]
ctr_ls= [(6,)]
nparam= 24

run = 0
step= 99

nparam= 24
        dense amplitude time= 0.0022013187408447266
        total non-zero amplitudes= 36
        nsamples per process= 36
all_e= [ -3.9789470387  -9.3698866166   0.2349087267  -4.4293235876
  -5.1190464651  -6.4936667898  -4.3349972869 -24.970774924
  -5.0403333424  -3.0789659237  -4.7078666364  -6.931233793
  -2.1380983435  -3.7512158874  53.7379538519  -4.5183429121
  -3.6544226743  -4.4230419275  -2.8556872355  -3.0205028003
  -4.8459367277  -5.2017641013  -3.8022534079  -3.938083814
  -4.4372086713  -4.6157509025  -3.5973535836  -4.2979720844
  -4.7371030902  -4.4691278861  -4.1607815618  -4.6993176515
  -5.3620666848  -4.6811618906  -4.4745182436  -4.5730199445]
all_f= [0.0010504877 0.00003748   0.0000128814 0.0000465946 0.0008928318
 0.0001175042 0.0005192496 0.0000185261 0.0000028283 0.0003617827
 0.0027343861 0.0003598683 0.0000203538 0.000011667  0.0000025143
 0.0082967242 0.0000609911 0.0001250429 0.0005398319 0.0000601496
 0.0050426869 0.0025678984 0.001006123  0.0039237338 0.0023722968
 0.0032095266 0.0001625983 0.0000170953 0.0298393887 0.1405102465
 0.0023390533 0.0031645509 0.000078515  0.0002413904 0.138425142
 0.6518280583]
        collect g,h time= 0.2562377452850342
energy=-4.5479602761803,dE=-0.0001374743025586156,std=0
loss  =-4.5479602761803,dloss=-0.0001374743025586156,std=0
        gnorm= 0.027195001726443957
        collect S matrix time= 2.5272369384765625e-05
        nonzero=16,wmax=5.157675985961236,wmin=0.008395788413887138
        SR solver time= 0.00010967254638671875
        xnorm=4.23455326298327,dnorm=0.010807369628575859
[-0.8832634932 -0.6903861174  0.2296582371  2.0882997157 -0.097780912 ]
[0.8372284877 0.4468489418 0.4235686817]
[-1.7325964474  0.5083151586]
[-1.1284006984  1.5183062836]
[-0.3722963707 -0.1131455854 -0.1049689338  1.2023604217 -0.0154157443
 -0.1738665512 -0.4721191605  0.4788285789 -1.05528009    0.8122148976
  0.0390347639 -0.6810850617]
step= 199

nparam= 24
        dense amplitude time= 0.002283334732055664
        total non-zero amplitudes= 36
        nsamples per process= 36
all_e= [ -3.7324655942  -4.5363177316 -10.5924120593 -13.1610863222
  -4.0055180535  -4.603630851   -4.4511104193 -14.351469987
  10.1774534927  -7.0237899788  -4.6384836421  -4.5471213628
  -2.7492286365  -3.0261288622  -4.6678459761  -5.2833982006
  -3.8684556043  -3.9880821991  -3.1026422504  -2.8532082502
 -20.1479492097  -4.7908524628  -3.7688405342  -4.7911214195
  -4.4181616731  -4.5023933364  -4.550733649   -6.14073214
  -5.4588561766  -4.4942211638  -6.0058238556  -4.7669213392
  -0.5074609132  -4.6202035862  -4.4970230164  -4.5674320215]
all_f= [0.001648881  0.0002344783 0.0000011798 0.0000006489 0.0026908996
 0.000681164  0.0002474079 0.0000351825 0.0000001459 0.0000021307
 0.0076370551 0.0019332148 0.0000331323 0.0001463555 0.0112407283
 0.0026028359 0.0007000699 0.0027051501 0.0000222117 0.0000059223
 0.000035075  0.0089371161 0.0007207303 0.000007113  0.0011139035
 0.0098047545 0.0000570055 0.0000058086 0.0031128391 0.0523329902
 0.0001406291 0.0012378394 0.0000058487 0.000123924  0.0499548951
 0.8398407337]
        collect g,h time= 0.25369882583618164
energy=-4.563034066181875,dE=-3.9968028886505635e-14,std=0
loss  =-4.563034066181875,dloss=-3.9968028886505635e-14,std=0
        gnorm= 0.0026685504438014487
        collect S matrix time= 2.765655517578125e-05
        collect H matrix time= 1.7404556274414062e-05
        nonzero=16,smax=7.713055078314763,smin=0.014431650440437167
        RGN solver time= 0.00015664100646972656
        xnorm=4.45415313974335,dnorm=9.690970705788415e-07
[-0.8974751318 -2.0663042858  0.1468949706  1.6922680369 -0.0175032994]
[0.8173483163 0.8394037171 1.2920175252]
[-1.0417240701  0.6697549974]
[-1.1692561927  1.1726741601]
[-0.3997209173 -0.0545365835 -0.1510010807  0.7502035722 -0.0472865603
 -0.1646788003 -0.02840443    0.4413065595 -1.3102619316  0.7747901889
  0.5809656764 -0.9658279201]

run = 1
step= 99

nparam= 24
        dense amplitude time= 0.002135753631591797
        total non-zero amplitudes= 36
        nsamples per process= 36
all_e= [161.3306547278  -4.3588047435  -7.4679486812  -2.2317157455
  -3.3979226844 -68.4546257507   1.3962691439  -5.8995706638
  -3.1096928669  -2.9325399455  -5.1817615228 -12.7538247632
  -2.3920177818  -3.1877668972  -6.831224115   -6.2601223939
  -3.8209859239  -4.1083412953 -60.6572309911  -2.9956401911
  -5.6515099994  -5.8461904637  -3.8314462397  -4.0751368716
  -3.7251014592  -8.403630266   -3.804759195   -3.9434883063
 702.4185855346  -4.568171747   -4.6114571333  -3.681622801
  -4.2025358989  -4.5519815942  -2.9999423334  -4.5392774189]
all_f= [0.0000000368 0.0000117232 0.0000053569 0.0005304029 0.0008435434
 0.000000179  0.0000020853 0.0006641638 0.0003169197 0.0004810683
 0.002260001  0.0000004795 0.0001092088 0.0009033035 0.0013564234
 0.0015614482 0.0017389355 0.0044765712 0.000000012  0.001500823
 0.0024925905 0.0029053583 0.0021342496 0.0029743423 0.000176268
 0.000279636  0.0002235466 0.0000575363 0.0000000149 0.0006492169
 0.0005809255 0.0009215949 0.0036652259 0.0006590479 0.00002222
 0.9654955408]
        collect g,h time= 0.2546555995941162
energy=-4.539493394704015,dE=-4.491758292601844e-05,std=0
loss  =-4.539493394704015,dloss=-4.491758292601844e-05,std=0
        gnorm= 0.028135209093084628
        collect S matrix time= 2.6464462280273438e-05
        nonzero=14,wmax=10.507489490308705,wmin=0.011526859532381903
        SR solver time= 0.00011420249938964844
        xnorm=3.164878777407464,dnorm=0.007808855421425398
[ 0.0864207482 -0.2283805125  0.9451781872  0.3598423068 -1.5302553829]
[ 0.2981414983  0.6791896536 -0.7541085666]
[0.2501807122 0.757594217 ]
[-0.503121538   0.6687670772]
[ 0.0273457301  0.1109928788 -0.1165267275  0.2254660215 -0.2393380077
 -0.845960705   1.0996397849  0.1402203321 -0.1177234639 -0.8016230891
  1.0900921399 -0.4779909683]
step= 149

nparam= 24
        dense amplitude time= 0.002240419387817383
        total non-zero amplitudes= 36
        nsamples per process= 36
all_e= [ 23.6062079436  -5.3478205344   9.872106827   -2.3826310786
  -4.1178371462   4.2456738309   3.9913524954  -7.2408445222
  -3.2337711396  -2.9283387907  -5.5864995863   2.9719563685
  -2.5783968001  -3.2567816077  -6.9495230359  -5.90890671
  -3.7832142868  -4.0916526346 -12.9154364646  -2.9510469447
  -5.9355126441  -5.4421666537  -3.8602497979  -4.0630363097
  -4.1691159328  -5.7283747419  -3.7872416414  -3.8746143763
  -6.756029362   -4.4790946519  -4.3298824517  -4.3146601131
  -4.1793832401  -4.6266810566  -4.4759150499  -4.5439071401]
all_f= [0.0000017663 0.0000490319 0.0000004734 0.0007338752 0.0008732079
 0.000013769  0.0000113739 0.0003157371 0.0001247927 0.0003491529
 0.001491626  0.0000235205 0.0001430958 0.0009654273 0.0011311516
 0.0019235106 0.0022404214 0.0037457329 0.0000002377 0.001499622
 0.0018690149 0.0036275942 0.0025542304 0.0022400942 0.0010056339
 0.0013160095 0.0007757181 0.0001277674 0.0010535025 0.0315864562
 0.0011366517 0.0014874643 0.003483154  0.0004303492 0.0300709766
 0.9015978568]
        collect g,h time= 0.2483208179473877
energy=-4.5412196965008205,dE=-4.222133753728485e-11,std=0
loss  =-4.5412196965008205,dloss=-4.222133753728485e-11,std=0
        gnorm= 0.002687547944001328
        collect S matrix time= 3.147125244140625e-05
        collect H matrix time= 1.9073486328125e-05
        nonzero=14,smax=3.820013621341362,smin=0.012507953574152835
        RGN solver time= 0.0001537799835205078
        xnorm=3.1790207533223342,dnorm=8.819603718146795e-06
[ 0.1028080271 -0.1707195364  0.9435361657  0.3771302576 -1.5264893521]
[ 0.3375496553  0.6915271823 -0.731361315 ]
[0.2127979717 0.7942505169]
[-0.5187152525  0.6089217902]
[ 0.0074376723  0.1011476241 -0.1025670422  0.4143861988 -0.3330678917
 -0.8527024279  1.0565656856  0.1722864275 -0.1484107916 -0.7662745258
  1.1380616162 -0.4240689636]

run = 2
step= 99

nparam= 24
        dense amplitude time= 0.002228260040283203
        total non-zero amplitudes= 36
        nsamples per process= 36
all_e= [  -9.4847820589   -9.3594238963   -5.4983701079   -4.553361581
  230.8389343944   -2.3203491268   -4.2721715012   -9.2154637556
   -2.7224922815   -2.7391393821 -202.6366757004   -6.2109314649
   -6.0583790936   -2.1124162612   -6.6534860403   -4.6578122465
   -3.1014844908   -4.2071038352   -3.9358322115   -2.765621817
   -4.7432690798   -5.3975434844   -1.9202876731   -4.3036359419
   20.4540042561   10.0439040533   -2.4043221399   -4.0370503618
   -4.8382605777   -4.4595876502   -4.3581118861   -4.9283488871
   -4.2255003984   -4.2685058933   -4.452702605    -4.5604451069]
all_f= [0.0000373773 0.0000192637 0.0001327423 0.0003742475 0.0000000348
 0.0001572126 0.0003105282 0.0001600412 0.0004821963 0.0005019874
 0.0000000873 0.0003946806 0.0000857197 0.0000314706 0.00068803
 0.0091407739 0.0000441062 0.0236436518 0.0008913982 0.0005363255
 0.0080263561 0.0019497893 0.0000083856 0.008824745  0.0000037033
 0.0000191778 0.00002472   0.0005358213 0.0163783657 0.1004287502
 0.0002762804 0.0014307491 0.0213848288 0.0109815321 0.111065325
 0.6810295952]
        collect g,h time= 0.25700855255126953
energy=-4.525111420895656,dE=-0.0011869333157843442,std=0
loss  =-4.525111420895656,dloss=-0.0011869333157843442,std=0
        gnorm= 0.09378074540364843
        collect S matrix time= 2.7894973754882812e-05
        nonzero=18,wmax=7.5585727049414295,wmin=0.018519652352619924
        SR solver time= 0.00011897087097167969
        xnorm=4.244566080610324,dnorm=0.02808580092030384
[-1.462980584  -0.1244477284 -1.0562536041  0.9108668805 -0.0485494267]
[ 1.8117749934 -0.0551794571 -0.1111513926]
[-1.5704787709  0.4969510387]
[-0.2534888098 -0.242962049 ]
[ 0.7425003296 -1.1383814333  0.3606107826  1.2920580452 -0.9502154399
 -0.7270885615  0.4500159854 -0.0084842432  0.7201440709  0.9210823404
 -0.660194037   0.8498875694]
step= 139

nparam= 24
        dense amplitude time= 0.0022356510162353516
        total non-zero amplitudes= 36
        nsamples per process= 36
all_e= [  -3.7915124916   -3.6698651866  -79.417928462    -4.5424584569
   -8.9943800705   -5.2181463975   -3.9257221069   -6.7707706369
  -37.3611201484    0.5873406076   -5.6496477106   -4.490769722
   -3.7817195345   -3.0736563188   -5.2647039702   -4.5563572973
   -4.2393861395   -3.9779086848   -2.9766599592   38.0322068839
   -5.609685952    -4.4406803804   -3.7362397562   -3.9861568143
   -4.2983558159   -4.4359616221 -151.2340564213   -5.4750472691
   -5.0700017944   -4.4956549207   -4.135718911    -4.4301127806
  -21.2085304555   -2.1787101206   -4.4884483683   -4.576625008 ]
all_f= [0.00181441   0.0009875878 0.0000000024 0.0000057953 0.0000711793
 0.0001431034 0.0007051244 0.000383801  0.000000035  0.0000027881
 0.0016150267 0.0032469541 0.0000015441 0.0001000115 0.0038174001
 0.008147841  0.0000059682 0.0006554389 0.0000034605 0.0000000027
 0.0023150225 0.0111708118 0.0011898483 0.0000522371 0.0021080139
 0.007976596  0.0000000017 0.0000151895 0.0084872548 0.0774087947
 0.0010699699 0.0040487006 0.0000000442 0.0000047005 0.0852168797
 0.7772284603]
        collect g,h time= 0.24918603897094727
energy=-4.565922685581298,dE=-4.529709940470639e-14,std=0
loss  =-4.565922685581298,dloss=-4.529709940470639e-14,std=0
        gnorm= 0.00011195253450354116
        collect S matrix time= 2.6941299438476562e-05
        collect H matrix time= 1.8835067749023438e-05
        nonzero=17,smax=10.598386113048436,smin=0.014109944170988254
        RGN solver time= 0.00014901161193847656
        xnorm=4.674830441394702,dnorm=7.13315024543868e-07
[-1.5838758682 -0.5149048033 -1.2479979222  0.672532493   0.2391106746]
[ 2.3593703794 -0.3441066081 -0.340314641 ]
[-1.1715034521  0.48696237  ]
[ 0.0022207927 -0.2076866686]
[ 0.7879851495 -1.2111744941  0.3722738519  1.581994507  -1.2305638103
 -0.5208800678  0.7202687252  0.2290626485  0.6104110581  0.4124257612
 -0.7148955259  1.1916146529]

run = 3
step= 99

nparam= 24
        dense amplitude time= 0.0021533966064453125
        total non-zero amplitudes= 36
        nsamples per process= 36
all_e= [-224.7590367938   15.8823407557   -3.4883834839    1.5241718067
   -5.6658444835   -4.5984374845   92.1239579488  -28.3337036947
   -2.9270753581   -7.7276284519  -11.4949348099   -6.6016044325
   -0.9263616777   -3.0372190915   -5.072081634   -26.2742289716
   -3.9748611025   -4.2572531644    3.3072953683   -3.1887981305
   -4.6728871625  -46.932025943    -3.7341740291   -4.2427521405
  -10.1481893718   -6.5480264425   -3.9623928371   -3.4912696122
   -5.0397318561   -4.4362422947   -7.387798127    -5.0100970244
   -4.1775510286   -4.1783783538   -4.484447356    -4.5428898587]
all_f= [0.000000021  0.0000028423 0.000238972  0.000006099  0.0002826039
 0.000740237  0.0000000714 0.0000096869 0.0007713988 0.0000018513
 0.0000905222 0.0002371089 0.0000404012 0.0010660973 0.0034469117
 0.0000260714 0.0003021296 0.0030561663 0.0000047231 0.0000939538
 0.0076400019 0.0000061687 0.0007739387 0.0022790749 0.0000326246
 0.0005878881 0.0018113718 0.000352775  0.0091418644 0.1112390224
 0.0000565491 0.0010190014 0.003293114  0.0023231833 0.0644759866
 0.784549566 ]
        collect g,h time= 0.24897527694702148
energy=-4.529818326637052,dE=-0.0003769188843136817,std=0
loss  =-4.529818326637052,dloss=-0.0003769188843136817,std=0
        gnorm= 0.059106326340503126
        collect S matrix time= 2.5272369384765625e-05
        nonzero=14,wmax=6.911449775417831,wmin=0.010279006014505793
        SR solver time= 0.00011086463928222656
        xnorm=2.2861099818308004,dnorm=0.02273790318040912
[ 0.0585713342 -0.0178937078  1.0693395682 -0.2985078845 -0.1066472271]
[ 0.0187632677 -0.2365613437  1.144863076 ]
[0.3706493847 0.5988802835]
[-0.0304478635  0.4634171028]
[ 1.0646067705 -0.0989627758  0.0329330542  0.547696124  -0.1668031341
 -0.1506501653  0.081498422  -0.5209185459  0.1085201941 -0.3587878345
  0.0716249891 -0.0923821055]
step= 149

nparam= 24
        dense amplitude time= 0.0021657943725585938
        total non-zero amplitudes= 36
        nsamples per process= 36
all_e= [ -3.7856703876  -3.981559723   -3.1429779017  -1.9498021598
  -5.1703267428  -4.3260012987  -4.1398467802  -6.5220607109
  -4.5534596363  -6.0117866076  -5.2079274712  -4.3366647174
  -2.8855298713  -3.0762929279  -7.651729576   -4.8636943577
  -3.837571819   -4.0907882711  -2.9043538407  -3.0222445476
  -9.5985766031  -4.7920652173  -3.7477625903  -3.8938180555
  -4.7681795385  -5.183162164   -0.646442849  -15.3157075582
  -4.9594035955  -4.4949729675  -4.2030249921  -4.3664378999
  -3.7068495975  -3.2114382913  -4.4968070865  -4.5607278275]
all_f= [0.0010445194 0.0007857562 0.0000133501 0.0000010487 0.0007593478
 0.0017317622 0.0006359163 0.0004783781 0.0000088261 0.0000031835
 0.0025327215 0.0057761036 0.000024777  0.0011085042 0.0005311017
 0.004858963  0.0020396783 0.0000021734 0.0000120721 0.0005559829
 0.0002896414 0.0049263358 0.0020397676 0.0000379053 0.0011928188
 0.0026469519 0.0000019814 0.0000002218 0.0121350602 0.0963903255
 0.0024653023 0.0054706857 0.0000044644 0.000001534  0.0949883449
 0.7545044932]
        collect g,h time= 0.24270939826965332
energy=-4.55287577426424,dE=-2.3871224996696583e-09,std=0
loss  =-4.55287577426424,dloss=-2.3871224996696583e-09,std=0
        gnorm= 0.0009430697258318577
        collect S matrix time= 2.86102294921875e-05
        collect H matrix time= 1.811981201171875e-05
        nonzero=15,smax=5.326130460213556,smin=0.028417697695567293
        RGN solver time= 0.00014972686767578125
        xnorm=2.3022876997216866,dnorm=2.931035244340319e-05
[ 0.09398621   -0.0950652695  1.0747618346 -0.2810804849 -0.1068346947]
[-0.7882781136 -0.1855380526  1.0165971781]
[-0.1655102112  0.6793276267]
[-0.1534462863 -0.0397414671]
[ 0.9777349371 -0.4228350669 -0.0438450037  0.4421775844 -0.1782857874
 -0.1367358038 -0.1425801907  0.0065091373  0.2803807425 -0.5827076616
  0.1077703198  0.031959002 ]

run = 4
step= 99

nparam= 24
        dense amplitude time= 0.0021958351135253906
        total non-zero amplitudes= 36
        nsamples per process= 36
all_e= [ -4.2292768738 -15.1359286554  -5.5069758779  -6.1188687777
 -15.9350169554 -12.7662613641  -3.4202362211 -17.0321953339
  91.0179657613  -3.362775815  -11.1518750606 -18.2085565296
  -2.908537783   -3.0636523143 -10.2340519802  -4.7208630959
  -3.8349089748  -3.9891440238  -2.9056229257  -3.0118695433
  -4.7240464631  -8.1456496679  -3.768817499   -4.2264469939
  -5.2994886511  -4.3586887382  -3.1736836242  -8.5710192319
  -4.5492417178  -4.4067055309  -4.3458073069  -4.4954381976
 138.590892159   -6.0118796801  -4.5999134594  -4.5791025716]
all_f= [0.0006907048 0.0000217695 0.000011083  0.0000070831 0.0000282212
 0.0000123303 0.0010959806 0.0000345428 0.0000000015 0.0000861057
 0.0000526401 0.0000229993 0.0001691548 0.0000999279 0.000082588
 0.0061856506 0.0005116827 0.0011540498 0.0002805599 0.0002979296
 0.006027121  0.0001923529 0.000831991  0.0000149792 0.0008194147
 0.0036558301 0.0000284531 0.0000005156 0.052722931  0.3803213243
 0.0014286049 0.006373741  0.0000000036 0.0000156636 0.0653456552
 0.4713764137]
        collect g,h time= 0.25264430046081543
energy=-4.512161287150176,dE=-0.001431525505688036,std=0
loss  =-4.512161287150176,dloss=-0.001431525505688036,std=0
        gnorm= 0.16143430373409773
        collect S matrix time= 3.170967102050781e-05
        nonzero=14,wmax=3.9447952305123457,wmin=0.009727091223300881
        SR solver time= 0.00011157989501953125
        xnorm=2.7702348336430993,dnorm=0.007783221565610033
[-0.8548469056 -0.5302415193 -0.4822932949  0.8228220623 -0.5305568651]
[ 0.8036461007 -0.1786191474 -0.1440485558]
[ 0.0447908302 -0.0186829024]
[-0.2418109298 -0.8731734571]
[ 0.4748661695  0.0006154706 -0.063708732   0.5573188048  0.0459683589
 -0.1319721229  1.2272487793  1.0302958929 -0.2579586031  0.1894648801
  0.8519450927 -0.0581330728]
step= 199

nparam= 24
        dense amplitude time= 0.00217437744140625
        total non-zero amplitudes= 36
        nsamples per process= 36
all_e= [  -3.6927469274   -4.145263778    -6.4928258796 -113.9900471658
  -10.0379790881  -12.5317980529   -3.8414814935  -16.5372933868
    5.5399522242   -9.3554344871   -4.8010398372   -4.7010826709
   -2.7631472061   -3.7983898287   -4.7541311892   -4.5263987059
   -3.8105857856   -4.3405125391   -2.3397978973   -2.5888704111
   -7.4003640139   -4.4809988382   -3.8549697741   -3.9318251505
   -4.4335396436   -4.5109639434    2.7281703975   -6.2371060708
   -6.461717746    -4.4948386957   -4.5093996585   -4.1448974325
  -16.4942622337   -4.4910840824   -4.4956061146   -4.5733691691]
all_f= [0.0021860823 0.0001941506 0.0000001437 0.0000000001 0.0000181375
 0.0000029286 0.0003094505 0.000027483  0.0000000201 0.0000000442
 0.0053082014 0.0008570962 0.0000053783 0.000000677  0.0110515193
 0.0079157937 0.0001127242 0.0000038711 0.0000001038 0.0000001537
 0.0006764227 0.0157131037 0.0000012542 0.0001268337 0.0006614827
 0.0086914111 0.0000000354 0.0000002251 0.00106531   0.0302083557
 0.0002525731 0.0033186303 0.0000000134 0.000006687  0.0310420803
 0.8802416225]
        collect g,h time= 0.2509438991546631
energy=-4.569962936013421,dE=-8.129669382128668e-09,std=0
loss  =-4.569962936013421,dloss=-8.129669382128668e-09,std=0
        gnorm= 0.00013344851270289526
        collect S matrix time= 2.8371810913085938e-05
        collect H matrix time= 1.6927719116210938e-05
        nonzero=17,smax=5.672651116393438,smin=0.012867051085272052
        RGN solver time= 0.00015044212341308594
        xnorm=3.404997073417398,dnorm=0.00017667681217388125
[-0.6060183644 -1.3470437748 -0.5896980356  0.6390624179 -0.0013904857]
[ 0.7865889041 -1.0007580712 -0.9910425829]
[ 0.3500178353 -0.1435086368]
[ 0.0384119791 -1.4614483633]
[ 0.5724117038  0.3557045678 -0.1570359586  0.4744029894  0.070036941
 -0.1607428965  0.7408066915  1.1425609539 -0.3081035033  0.6755858954
  0.7259387121  0.3258952363]
