hop_ls= [(2, 4), (3, 5)]
ctr_ls= [(0,), (1,), (6,), (7,)]
hop_ls= [(3, 7)]
ctr_ls= [(0,), (1,), (6,)]
hop_ls= [(1, 7), (1, 5)]
ctr_ls= [(0,), (6,)]
hop_ls= [(2, 6)]
ctr_ls= [(0,)]
nparam= 24

run = 0
step= 99

nparam= 24
        dense amplitude time= 0.0021448135375976562
        total non-zero amplitudes= 36
        nsamples per process= 36
all_e= [ -5.3475278943  -4.827494828    2.7342263684  -1.5688655493
  -4.6025800603  -4.4655893861  -8.0258968402  -6.7360057899
  -3.6172356716   0.1537982771  -4.403190071   -4.4048725202
  -3.4761107044  -3.3408558157  37.3406123447 -37.5830951437
  -3.990995715   -4.1523134725  -0.5035594095  -5.2757505901
 -78.2506397409 -65.9997110416  -2.3772653416  -6.7233210751
  -4.4393201716  -4.8235420074  -4.8721142888  -3.9229806137
  -4.4166788565  -4.6757665143  -4.1868221667  -4.6879936404
  -4.082904921   -4.4674013252  -4.4199104011  -4.5833844794]
all_f= [0.0002111745 0.0003199098 0.000000529  0.0000272545 0.0025605646
 0.0039641659 0.0001885913 0.0002856983 0.0001144802 0.0000021562
 0.006786765  0.0105070039 0.0001260706 0.0002343984 0.0000005145
 0.0000051892 0.0009159326 0.0018174032 0.0000160691 0.0000085637
 0.0000010847 0.0000002759 0.0000225192 0.0000119176 0.0047422791
 0.0033144437 0.0000227538 0.0010169326 0.0851658261 0.0601318981
 0.0076951258 0.0053782287 0.003518721  0.0002053195 0.4693163256
 0.3313639142]
        collect g,h time= 0.25381946563720703
energy=-4.489381172790621,dE=-0.0019683668240331187,std=0
loss  =-4.489381172790621,dloss=-0.0019683668240331187,std=0
        gnorm= 0.1185260974001339
        collect S matrix time= 2.4557113647460938e-05
        nonzero=14,wmax=12.192215734471478,wmin=0.0142912224768565
        SR solver time= 0.000110626220703125
        xnorm=2.802247447721649,dnorm=0.014742216375085212
[ 1.9426236807 -0.1187179193  0.1246062103  0.2265290916  0.1925406853]
[ 0.0008820071  0.1926084629 -0.3197457477]
[ 0.2598291899 -0.052425426   1.1115289126]
[0.3550055852]
[ 0.4516784889 -0.165311951  -0.2633951446  0.8725736123  0.4786461012
  0.5470002717  0.2144478003  0.0109218261 -0.1706467042  0.7827854681
  0.0765495096  0.3193164076]
step= 149

nparam= 24
        dense amplitude time= 0.0021440982818603516
        total non-zero amplitudes= 36
        nsamples per process= 36
all_e= [ -8.6659894395  -6.6693853875   0.4733381783  -5.262079869
  -4.6196710074  -4.5176714205 -10.577763996  -16.4387083214
  -7.3564534452 -15.8884478795  -4.6515344312  -4.2891581286
  -1.8816160646  -3.0401876264  -4.7097310444 -22.6601161536
  -3.8493542696  -3.9896070966  -2.6261654055  -2.9302083827
  -4.6874717013 -26.4177126328  -3.7834128587  -3.9370588825
  -5.36473909    -4.4122703497  -8.4305814653  -4.5311829169
  -5.0238071927  -4.4938050511  -5.4197604339  -4.2855369448
  -2.303566705   -5.0711881408  -4.4905735887  -4.5584822314]
all_f= [0.0000530561 0.000083435  0.0000014134 0.0000025708 0.0012205179
 0.001438379  0.0000228217 0.0000358889 0.0000042124 0.0000004758
 0.0049297203 0.0058096701 0.0000003208 0.0000882722 0.0072713425
 0.000025027  0.0018886265 0.00029883   0.0000030951 0.0000917565
 0.0050907841 0.0000276017 0.0014030024 0.0001269234 0.0005222601
 0.0074621705 0.0000034838 0.0001402444 0.0101933567 0.0882775034
 0.0003944311 0.0056357204 0.000005784  0.0000108495 0.0887588023
 0.7686776501]
        collect g,h time= 0.24889683723449707
energy=-4.549348758144578,dE=-2.2293278334473143e-13,std=0
loss  =-4.549348758144578,dloss=-2.2293278334473143e-13,std=0
        gnorm= 0.00013249859230463014
        collect S matrix time= 4.1961669921875e-05
        collect H matrix time= 2.193450927734375e-05
        nonzero=15,smax=5.778875066230203,smin=0.027765240862216285
        RGN solver time= 0.00019812583923339844
        xnorm=2.8908018218496765,dnorm=4.3104606149550765e-07
[2.0114413078 0.2610774573 0.2452792355 0.2019688856 0.3766802175]
[-0.0005929205  0.2351118182 -0.3090768047]
[0.0105039096 0.7926945934 0.9875651219]
[0.4266002]
[ 0.4225827076 -0.2269741454 -0.2461021164  0.9056563686  0.4395569797
  0.5788515703  0.1986450013 -0.0175856846 -0.1210782773  0.4998951522
  0.0609683104  0.34071718  ]

run = 1
step= 99

nparam= 24
        dense amplitude time= 0.002196788787841797
        total non-zero amplitudes= 36
        nsamples per process= 36
all_e= [  -4.6392370739   -9.6463192862    1.8743775553  -30.5463375936
  -49.3738997063    5.3024822689   -4.7892086631 -772.5521155677
   -6.6059388353   -0.9882273685  -37.1346083883   10.3479454212
   -2.8958643706   -3.0786272509   -4.7071904891   -4.7164327184
   -3.8370879152   -4.0347277311   -2.8680187661   -2.9837701594
   -4.6319812289   -4.6571558689   -3.7688717558   -3.8843768631
   -4.6076784018   -4.5703713283   -0.703671174    -5.794440583
  -23.5221694363   -4.4839076677   -4.0629975837   -4.5456083845
  -97.3887600797   -3.3185623682   -4.444031967    -4.5656683338]
all_f= [0.0006278022 0.0000006591 0.0000000534 0.000000001  0.0000000344
 0.0000000031 0.0000097896 0.0000000103 0.0000000017 0.0000000665
 0.0000064826 0.0000005782 0.0002418477 0.0004993076 0.01131067
 0.007336795  0.000722718  0.0001006564 0.0000862447 0.0004884224
 0.0081835349 0.0116526472 0.0003460684 0.0001244417 0.0000514965
 0.0056613536 0.000000002  0.0000000397 0.0000171613 0.0031815636
 0.0000010079 0.0001108058 0.0000000001 0.0000033043 0.0050926958
 0.9441417334]
        collect g,h time= 0.2563917636871338
energy=-4.5667088227476755,dE=-0.00011247796319580061,std=0
loss  =-4.5667088227476755,dloss=-0.00011247796319580061,std=0
        gnorm= 0.012784156086693936
        collect S matrix time= 2.5987625122070312e-05
        nonzero=16,wmax=6.236792181672354,wmin=0.006496278222096546
        SR solver time= 0.00010848045349121094
        xnorm=4.141022349606461,dnorm=0.015548909507690728
[ 0.4695886877 -0.3976252445 -1.4133996241 -1.1893946265  0.0533936097]
[0.7749004241 0.9860045474 1.0021394829]
[ 0.7264324573  1.9228041544 -0.1918552273]
[0.0079170659]
[ 0.0523611383 -0.1533254382  0.0208240422  0.2899439926  0.1252408304
 -0.2223323839  0.1679612381  1.092122153   1.9962805274 -1.0541498614
 -0.1996247448  0.1847237431]
step= 199

nparam= 24
        dense amplitude time= 0.002197265625
        total non-zero amplitudes= 36
        nsamples per process= 36
all_e= [  -3.9867665053   -3.8153310428   -2.2265652208  -15.9700034931
  -84.7199621734   48.7769462481   -3.7362641152 -307.0536025833
   -7.8947858953   -4.1606883235  -11.5309616124   -6.1626730729
   -2.9191230668   -3.0189643653   -4.5375659357   -4.8066783269
   -3.8930515067   -3.9925444864   -2.8303776196   -2.9820725794
   -4.4827308766   -4.7407176233   -3.7878612584   -3.9237893862
   -4.8803636049   -4.5214891467   -3.4596542662   -6.2705746898
  -64.2690322114   -4.493178288     0.348248541    -4.7468176656
   -5.8141622342   -4.3763472757   -4.4507800494   -4.5693688581]
all_f= [0.0014126666 0.000007604  0.0000020451 0.000000002  0.0000000043
 0.0000000002 0.0000122145 0.0000000657 0.0000000609 0.0000002847
 0.0001186923 0.0000058344 0.0002088611 0.0002866449 0.0158921977
 0.0064076165 0.000105353  0.0000943638 0.000093204  0.0003459457
 0.0103572503 0.0109636215 0.0003957097 0.0001303457 0.0000124745
 0.0065025067 0.0000092596 0.0000000473 0.0000017914 0.0010259347
 0.0000000541 0.0000282222 0.0000001944 0.0000038052 0.0016481727
 0.9439269484]
        collect g,h time= 0.25212526321411133
energy=-4.5688780386956,dE=-6.7431995756095375e-06,std=0
loss  =-4.5688780386956,dloss=-6.7431995756095375e-06,std=0
        gnorm= 0.005008553679698507
        collect S matrix time= 2.765655517578125e-05
        collect H matrix time= 1.7404556274414062e-05
        nonzero=15,smax=8.538125585778694,smin=0.017205052186184382
        RGN solver time= 0.00015997886657714844
        xnorm=4.174569793671562,dnorm=0.05981079563815299
[ 0.4846946429 -0.3893599917 -1.4343376866 -1.0800587154  0.0831105529]
[0.8002013323 0.9538472079 0.9750906372]
[ 0.5685434986  2.036820535  -0.2019163612]
[0.0436503802]
[ 0.0476649561 -0.1634065503  0.0229364029  0.2549332037  0.1672488785
 -0.2316403041  0.2946800404  1.170187129   1.9962052675 -1.0792387297
 -0.2334866893  0.1489906138]

run = 2
step= 99

nparam= 24
        dense amplitude time= 0.0021829605102539062
        total non-zero amplitudes= 36
        nsamples per process= 36
all_e= [ -6.5879714379 -12.1663247528  -7.4954677361  -1.7116668282
  -4.4077586523  -4.7020137231  -7.3931576264 -20.1943981394
 -14.3508289212  -3.5431352575  -4.4468415503  -4.5947988496
  -2.7803696251  -3.3580948581  -5.0092023313 -15.9559317523
  -3.9600286837  -4.0402851121  -2.6219821812  -3.2337603819
  -5.7819318773  25.2344252266  -3.8496472299  -4.0419797931
  -4.3618826407  -4.8136885152  -4.4443883037  -1.0803553048
  -4.6286585364  -4.4747597485  -4.3337200077  -4.5851672619
  -4.6213801682  -4.4773226126  -4.4974932164  -4.5621930587]
all_f= [0.0001086989 0.0000262923 0.0000027981 0.0000579    0.0028622634
 0.0017373557 0.0000888569 0.0000214929 0.0000008784 0.0004689754
 0.0072089483 0.0043757354 0.0000237023 0.0001047858 0.0025920704
 0.0000550053 0.0007782573 0.0025335133 0.0000672742 0.0001551569
 0.0014627169 0.0000099185 0.0010240701 0.0009480038 0.0029570777
 0.0038582526 0.0003688441 0.0000167121 0.0341190898 0.1624716495
 0.0034949024 0.0045599804 0.0001746838 0.000265393  0.1320743011
 0.6289244432]
        collect g,h time= 0.2524547576904297
energy=-4.540529313977382,dE=-9.793303180849477e-05,std=0
loss  =-4.540529313977382,dloss=-9.793303180849477e-05,std=0
        gnorm= 0.0321783556817835
        collect S matrix time= 2.5510787963867188e-05
        nonzero=15,wmax=4.8327149435486705,wmin=0.015326946161905886
        SR solver time= 0.00011086463928222656
        xnorm=3.3868856887310876,dnorm=0.0036891166800491386
[-0.4463759762  0.3669300776 -0.5606462503  1.2410457467 -0.2505054156]
[-1.6487632818 -0.0917729229  0.0071147686]
[-0.9035819276  0.1287454135 -0.6948591845]
[0.1178124868]
[ 0.6944786407 -0.2209634479  0.0449455997  0.6460658645  0.3761441859
  0.442679828  -0.709579895   0.4491675513 -1.1233986294 -0.822339594
 -1.0629036342 -0.3264218816]
step= 199

nparam= 24
        dense amplitude time= 0.002179384231567383
        total non-zero amplitudes= 36
        nsamples per process= 36
all_e= [  -4.1650009022   -2.2917637961   -3.3869115483   -7.8447773551
   -4.7237868105  -47.0563671825   -2.2445462895 -394.8974204338
  -57.3167212208    6.4293117845  -17.2364143248   -2.3120915032
   -2.9314877155   -2.8912085917   -4.5778595739   -4.5814581814
   -3.7282916995   -4.0383077515   -2.8907662256   -2.7236175133
   -4.5629019732   -4.5812548312   -3.6357041081   -3.958072208
   -4.3988462214   -4.5331017505    3.5890459439 -116.3655673725
 -840.1332156124   -4.4266676374  501.7110054356   -5.2479246145
    0.7841378752   -1.6605817675   -4.4249058375   -4.5709191221]
all_f= [0.0011969054 0.0000077631 0.0000010451 0.0000000134 0.0000003207
 0.0000000069 0.0000060606 0.0000000393 0.0000000067 0.0000002236
 0.0000401702 0.0000008696 0.0000011469 0.0000540493 0.0146685379
 0.0090260381 0.0001264564 0.0000088956 0.0000007641 0.0000115346
 0.0091480641 0.0136427177 0.0000489244 0.00000921   0.0000006944
 0.006298711  0.0000003434 0.0000000015 0.0000000091 0.0000911719
 0.           0.0000004295 0.0000000088 0.0000000588 0.0000948034
 0.9455140043]
        collect g,h time= 0.2484452724456787
energy=-4.5706470697422485,dE=-2.954914733344083e-06,std=0
loss  =-4.5706470697422485,dloss=-2.954914733344083e-06,std=0
        gnorm= 0.0016588967940588686
        collect S matrix time= 2.5510787963867188e-05
        collect H matrix time= 1.5974044799804688e-05
        nonzero=17,smax=15.054379513523296,smin=0.020198514277010447
        RGN solver time= 0.0001430511474609375
        xnorm=4.178132898763472,dnorm=0.0018717268733004478
[-0.7577191655 -0.0008020934 -0.9266992487  1.2970034391  0.1002869415]
[-2.3409258962 -0.3324056884 -0.3293716432]
[ 0.1073898514  0.4540451358 -0.7576493176]
[-0.2154214204]
[ 0.7082298408 -0.197664121  -0.09654129    0.9650377194  0.3100975784
  0.517042361  -0.1152268426  0.262397709  -1.2759260702 -1.0009541298
 -1.7886044539  0.2041587754]

run = 3
step= 99

nparam= 24
        dense amplitude time= 0.0022017955780029297
        total non-zero amplitudes= 36
        nsamples per process= 36
all_e= [ -6.4631800196  -7.4476693873  -5.3179843945  -3.5310841155
  -4.7219773649  -4.5124699952  -5.5496430437  -9.5813771693
  -3.2809406042  -4.0974840099  -4.5664852534  -4.4862802248
  -3.3498841623  -3.4450148387  -4.756427675  -12.0467808407
  -0.117282869   -4.1356241851  -3.232119857   -6.2077463012
  -4.6511030123 -15.5119982134  -4.0595295284  -4.1723938262
  -6.3241423362  -4.7389412909  -4.2027643298  -4.1377451639
  -4.6709141585  -4.5100706564  -4.7130611105  -4.2116607746
  -4.3794579772  -6.9312175434  -4.4702098452  -4.5682349349]
all_f= [0.0001460853 0.0000766667 0.0000361233 0.0005195514 0.0014741326
 0.0016098908 0.0002626545 0.0001378431 0.0006383331 0.0000227932
 0.0051817619 0.0056589691 0.0002459912 0.0004755574 0.0041152359
 0.0001318408 0.0000034636 0.0029849912 0.000415444  0.0000042873
 0.0057807397 0.0000603322 0.0007085495 0.0011125879 0.0004036372
 0.0038223281 0.0001624842 0.0002834525 0.0287459083 0.1137619379
 0.0010817657 0.0102440109 0.0014218575 0.0000269144 0.1630341595
 0.6452077182]
        collect g,h time= 0.24592280387878418
energy=-4.54524355380503,dE=-0.00010232885645589107,std=0
loss  =-4.54524355380503,dloss=-0.00010232885645589107,std=0
        gnorm= 0.0436878869969508
        collect S matrix time= 2.765655517578125e-05
        nonzero=17,wmax=6.873109018638592,wmin=0.0072357985759830285
        SR solver time= 0.0001125335693359375
        xnorm=2.7477843006100406,dnorm=0.008187671419424069
[0.8998852254 1.1272231525 0.4051664148 0.8794365649 0.4887829693]
[-0.1281489217  0.5558430384 -0.0131299614]
[0.0418294878 0.5744806156 1.2022823871]
[-0.1525521155]
[-0.7578918794 -0.2564268888 -0.0633722744 -0.1997258105 -0.3725870748
  0.6482359855 -0.3538150005  0.0109762681 -0.1889755989  0.5599659852
  0.056634939   0.6618588291]
step= 149

nparam= 24
        dense amplitude time= 0.0022039413452148438
        total non-zero amplitudes= 36
        nsamples per process= 36
all_e= [-10.9873560249  -6.6938063516  13.63543606    -5.7933081643
  -4.6977603378  -4.4586553303 -11.7239318828 -13.6953299992
 -11.6822779212 -11.5482463873  -4.6861162742  -4.2938600563
  -2.8051698595  -3.0740710645  -4.6417764872 -25.0948006663
  -3.8401127364  -4.0086284196  -2.8431010212  -3.0111660745
  -4.6474403026 -30.2759842623  -3.76591311    -3.9565253967
  -6.9516676625  -4.4844105352  -1.0551506346  -4.4274818966
  -4.935376166   -4.4931477948  -6.2133720281  -4.2490360052
  -6.2299792413  -8.0689788387  -4.486778691   -4.5595412405]
all_f= [0.00002888   0.0000844806 0.0000001612 0.0000054729 0.0011324084
 0.0015443073 0.0000184033 0.0000538338 0.0000005293 0.0000004987
 0.0045547372 0.0062114636 0.0000074436 0.0000943193 0.0075426625
 0.0000206814 0.000931063  0.0007220955 0.0000252898 0.000064023
 0.0056806274 0.0000189537 0.0008886932 0.0003557129 0.0001817579
 0.0063134326 0.0000046959 0.0000904253 0.0122557692 0.0948921408
 0.0001888569 0.0065600215 0.0000089986 0.0000027245 0.0971689772
 0.7523454578]
        collect g,h time= 0.24688339233398438
energy=-4.54868519021363,dE=-5.417888360170764e-14,std=0
loss  =-4.54868519021363,dloss=-5.417888360170764e-14,std=0
        gnorm= 0.0007241000192231153
        collect S matrix time= 2.86102294921875e-05
        collect H matrix time= 1.8358230590820312e-05
        nonzero=15,smax=3.03228081193792,smin=0.021126758396237445
        RGN solver time= 0.0001423358917236328
        xnorm=2.464805873270102,dnorm=3.0048281052614434e-07
[1.0074266357 0.4114450824 0.4798584447 0.5588000416 0.6955410996]
[-0.0057945986  0.5759386146 -0.013299984 ]
[0.0046372691 0.7857971667 0.9927167861]
[-0.3515655447]
[-0.7144472556 -0.157415811  -0.1598979301  0.0762595018 -0.4455627848
  0.5712939435 -0.318280063   0.11158614   -0.0986629583  0.4199379825
  0.1416882329  0.628380388 ]

run = 4 
step= 99

nparam= 24
        dense amplitude time= 0.0021545886993408203
        total non-zero amplitudes= 36
        nsamples per process= 36
all_e= [-1195.8760845119  -516.0205472962     7.6874222831   -14.6110711426
    -4.5468011253    -6.2901936041    15.3344441541    31.7904223095
    -3.7850694447    -6.7714207402    -4.4482621137    -4.9758978043
    -2.7291757618    -3.0918167229    -5.5358696701    -5.3129695358
    -3.8762871802    -4.1783171772    -2.5044324168    -3.0476170328
    -7.9664277869    -5.4971105964    -3.8550818716    -4.007662739
    27.8446609837   133.9516078444     5.7450324167    -5.5900458293
    -5.2725691784    -4.4362300174    -4.4641186994    -6.063860769
    -4.3337039128    -4.3584887011    -4.4937789707    -4.5490189947]
all_f= [0.000000001  0.0000000032 0.0000004822 0.0000004946 0.0008327214
 0.0001034361 0.0000015649 0.000004956  0.0001656259 0.0000074326
 0.0070189349 0.0008718535 0.0005404987 0.0004685346 0.0027397628
 0.0029720055 0.0033375197 0.0014982933 0.0000780368 0.0015150081
 0.0005518535 0.0029974408 0.0000376225 0.0040156544 0.0000012233
 0.0000003892 0.0000010618 0.000027985  0.0051237643 0.0902444331
 0.0008559722 0.0002723426 0.0006167389 0.0004672113 0.0468829874
 0.8257461538]
        collect g,h time= 0.2554512023925781
energy=-4.54012526077495,dE=-9.956633255825409e-05,std=0
loss  =-4.54012526077495,dloss=-9.956633255825409e-05,std=0
        gnorm= 0.03286283335711439
        collect S matrix time= 2.7894973754882812e-05
        nonzero=17,wmax=5.1692988314870725,wmin=0.005395924241115723
        SR solver time= 0.00011777877807617188
        xnorm=2.3378502466206,dnorm=0.009552816726561117
[-0.40615457   -1.1004461904 -0.3466535608  0.0251652818  0.1002347165]
[ 0.3834610442 -0.2267424782  1.0088877399]
[ 0.0359715939 -0.3375393726  0.7417644236]
[0.3046836395]
[ 0.5882171907  0.3163120751 -0.1602033319 -0.5551527536  0.2110118105
  0.420938714   0.3953185393  0.0199457413 -0.0011014398 -0.2847000181
 -0.255375749   0.8311839988]
step= 199

nparam= 24
        dense amplitude time= 0.0021827220916748047
        total non-zero amplitudes= 36
        nsamples per process= 36
all_e= [   -3.9913455953    -3.6861398829    -6.8434346195   -23.2325884433
    14.5379335544 -1290.9581324634    -3.1947125206 -1638.721749565
    -6.9961648815     2.1477314426   -11.2166463274   -10.6779881474
    -2.9923355386    -3.1042958247    -4.6982601939    -4.4347605878
    -3.8832631082    -4.0149007368    -2.8436091558    -3.3043313475
    -4.7894709471    -4.4834892287    -3.7539959731    -3.9922855431
    -4.5935149568    -4.5312000272    -4.727609667     -2.6072749637
  -714.1748837354    -4.4775128511    58.155172494     -4.4029650471
    -7.7071961233    -5.0989848162    -4.4757410337    -4.5711817387]
all_f= [0.0014660703 0.0000010353 0.0000000029 0.0000000001 0.0000000085
 0.           0.0000032305 0.0000000023 0.0000000008 0.0000000004
 0.0001280332 0.0000000705 0.0000001119 0.0000004969 0.0122938716
 0.0114819398 0.0000006302 0.0000022535 0.0000000758 0.0000000512
 0.0064712157 0.0161643692 0.0000010536 0.000000752  0.0000017117
 0.0064604663 0.0000000118 0.0000000115 0.0000000127 0.0001043655
 0.0000000014 0.0000051594 0.0000000034 0.000000037  0.0001150382
 0.945297905 ]
        collect g,h time= 0.2457423210144043
energy=-4.570897120677127,dE=-3.697593431439827e-08,std=0
loss  =-4.570897120677127,dloss=-3.697593431439827e-08,std=0
        gnorm= 7.899528024193656e-05
        collect S matrix time= 2.6941299438476562e-05
        collect H matrix time= 1.71661376953125e-05
        nonzero=17,smax=5.000372124391844,smin=0.010611485328144092
        RGN solver time= 0.0001418590545654297
        xnorm=2.9140617065203247,dnorm=0.0005715197706841569
[-1.0915374176 -1.0284730402 -0.4992749104  0.2460691264  0.2377566613]
[ 0.7856635954 -1.0002679506  0.9983371719]
[-0.0075221902 -0.3600774163 -0.6690046303]
[0.0498161638]
[ 0.5818165329  0.1694613158 -0.016361829  -0.0295000704  0.1946101283
  0.4826259662  0.3864262149 -0.6625618008 -0.193487522   0.2463215946
 -0.7585487756  0.8834719176]
