run = 0
step= 29

nparam= 38
        dense amplitude time= 0.0017871856689453125
        total non-zero amplitudes= 36
        nsamples per process= 36
self.n= 0.7031423412341591
        collect g,h time= 0.29897093772888184
E=-4.489325514964786,dE=-0.000206868373060054,std=0
L=-4.489325514964786,dL=-0.000206868373060054,std=0
        gnorm= 0.021927223107710524
        collect S matrix time= 5.650520324707031e-05
        nonzero=19,wmax=1.4241549158772,wmin=0.042064812910268076
        SR solver time= 0.0002353191375732422
        xnorm=0.6893159172852411,dnorm=0.0052528770137629304
[ 0.190612687  -0.0449168378  0.0417768163 -0.1255850305  0.0695377726
 -0.0834910694]
[ 0.0188792795  0.0405613039 -0.0353016808  0.0131308051]
[ 0.0184394794 -0.0292770404 -0.0105885903  0.0371158922 -0.0726243569
  0.0081512771 -0.0232239916  0.0599338094  0.0248612434 -0.0419706167
  0.008411377   0.0240328108 -0.0609583335  0.0219682102  0.0136622841
 -0.0309117059 -0.0179209362  0.052376128   0.0163229776 -0.0485086858
  0.060537402   0.0338084625  0.0219021098  0.0299347469 -0.4325520423
 -0.4330811692 -0.0191180044  0.0034401142]
step= 49

nparam= 38
        dense amplitude time= 0.0017707347869873047
        total non-zero amplitudes= 36
        nsamples per process= 36
self.n= 0.6145618079252052
        collect g,h time= 0.2948002815246582
E=-4.494879729106432,dE=-1.663377402927324e-06,std=0
L=-4.494879729106432,dL=-1.663377402927324e-06,std=0
        gnorm= 0.0009927529869169502
        collect S matrix time= 6.198883056640625e-05
        xnorm=0.8671273905030852,dnorm=0.0
        nonzero=19,wmax=1.6928646505269975,wmin=0.020987583267698617
        SR solver time= 0.0002503395080566406
        collect H matrix time= 3.147125244140625e-05
        nonzero=19,smax=2.622313615792096,smin=0.04045964365553676
        RGN solver time= 0.00027751922607421875
        xnorm=0.8671273905030852,dnorm=0.0011153190619654619
        dense amplitude time= 0.0017659664154052734
        total non-zero amplitudes= 36
        nsamples per process= 36
self.n= 0.6143385425767348
        RGN updated loss=-4.494881023747041,dloss=-1.294640608939801e-06
[ 0.14661069   -0.2513903379  0.0816789932 -0.1654872074  0.1777729643
  0.0537442097]
[ 0.0253507644  0.0406056763 -0.0393197546  0.0156484175]
[ 0.0255777625 -0.0148139591  0.155284661   0.0266000452 -0.1559981004
 -0.0085116976 -0.0282600672  0.2263598585  0.015037672  -0.1234471499
  0.0057052993  0.0284904533 -0.0843459222  0.0293977186 -0.0122089438
 -0.0391690985 -0.0083722768  0.1322061876  0.0224523896 -0.0693052907
  0.1415535332  0.0380290935  0.0260132627  0.0183867195 -0.4584500417
 -0.4593931762 -0.0199341748  0.0108390843]

run = 1
step= 29

nparam= 38
        dense amplitude time= 0.001154184341430664
        total non-zero amplitudes= 36
        nsamples per process= 12
self.n= 0.6697447798695805
        collect g,h time= 0.14561033248901367
E=-4.500043679421451,dE=-1.1910515507196351e-07,std=0
L=-4.500043679421451,dL=-1.1910515507196351e-07,std=0
        gnorm= 0.0008185614509933821
        collect S matrix time= 5.7697296142578125e-05
        nonzero=20,wmax=2.6306183081814543,wmin=0.009251173937456902
        SR solver time= 0.0002257823944091797
        collect H matrix time= 3.0040740966796875e-05
        nonzero=20,smax=7.957667373286599,smin=0.028297244780876113
        RGN solver time= 0.00024127960205078125
        xnorm=1.487217878188494,dnorm=0.00026465059026681964
        dense amplitude time= 0.0009746551513671875
        total non-zero amplitudes= 36
        nsamples per process= 12
self.n= 0.6696149256034959
        RGN updated loss=-4.500043771125012,dloss=-9.170356030097082e-08
[ 0.1582142124  0.016930969   0.1224726449 -0.136575808   0.0720421221
 -0.0846378723]
[ 0.1026616933  0.7085670387  0.7768349693 -0.7523104862]
[ 0.0095545693  0.0056840935 -0.3103767155 -0.0005915797  0.1686535023
  0.0274061076 -0.0018497533 -0.2524143449 -0.0033002946  0.1569205416
  0.0017755316 -0.014136882  -0.0212317405  0.0204749242  0.0159364571
 -0.0089017828  0.0057482333 -0.1948837375 -0.0064525997 -0.0151416196
 -0.221950576  -0.0054800135  0.0298340338 -0.004854069   0.2636443982
  0.2908870008  0.008030341   0.0175448887]
