layer= 0
nparam= 120
hop_ls= [(0, 1), (0, 2), (0, 3), (0, 4), (0, 5), (0, 6), (0, 7), (0, 8), (0, 9), (0, 10), (0, 11), (0, 12), (0, 13), (0, 14), (0, 15), (1, 2), (1, 3), (1, 4), (1, 5), (1, 6), (1, 7), (1, 8), (1, 9), (1, 10), (1, 11), (1, 12), (1, 13), (1, 14), (1, 15), (2, 3), (2, 4), (2, 5), (2, 6), (2, 7), (2, 8), (2, 9), (2, 10), (2, 11), (2, 12), (2, 13), (2, 14), (2, 15), (3, 4), (3, 5), (3, 6), (3, 7), (3, 8), (3, 9), (3, 10), (3, 11), (3, 12), (3, 13), (3, 14), (3, 15), (4, 5), (4, 6), (4, 7), (4, 8), (4, 9), (4, 10), (4, 11), (4, 12), (4, 13), (4, 14), (4, 15), (5, 6), (5, 7), (5, 8), (5, 9), (5, 10), (5, 11), (5, 12), (5, 13), (5, 14), (5, 15), (6, 7), (6, 8), (6, 9), (6, 10), (6, 11), (6, 12), (6, 13), (6, 14), (6, 15), (7, 8), (7, 9), (7, 10), (7, 11), (7, 12), (7, 13), (7, 14), (7, 15), (8, 9), (8, 10), (8, 11), (8, 12), (8, 13), (8, 14), (8, 15), (9, 10), (9, 11), (9, 12), (9, 13), (9, 14), (9, 15), (10, 11), (10, 12), (10, 13), (10, 14), (10, 15), (11, 12), (11, 13), (11, 14), (11, 15), (12, 13), (12, 14), (12, 15), (13, 14), (13, 15), (14, 15)]

update time= 0.010459423065185547
step= 0

nparam= 240
ntotal configs= 4900
	dense amplitude time= 0.00630950927734375
	total non-zero amplitudes= 4900
	nsamples per process= 159
	sample time= 13.613048315048218
self.n= 1.2203206565980214
	collect g,h time= 14.525568962097168
E=-9.560415508052584,dE=0,std=0
L=-9.560415508052584,dL=0,std=0
	gnorm= 0.43647814393187506
	collect S matrix time= 0.02515721321105957
	nonzero=140,wmax=2.998046586851049,wmin=0.003151133109359262
	SR solver time= 0.011671304702758789
	collect H matrix time= 0.012286663055419922
	nonzero=141,smax=4.64869155078092,smin=0.005358662357434758
	RGN solver time= 0.007973909378051758
	xnorm=0.882134657527591,dnorm=0.8568680877740663
update time= 0.01102447509765625
	dense amplitude time= 0.006498813629150391
	total non-zero amplitudes= 4900
	nsamples per process= 159
	sample time= 12.605243682861328
self.n= 1.3369128521238618
	RGN updated loss=-9.793897919490657,dloss=-0.23348241143807336
update time= 0.010202407836914062
step= 1

nparam= 240
	dense amplitude time= 0.010711431503295898
	total non-zero amplitudes= 4900
	nsamples per process= 159
	sample time= 13.47409462928772
self.n= 1.3369128521238618
	collect g,h time= 14.51631474494934
E=-9.793897919490657,dE=-0.23348241143807336,std=0
L=-9.793897919490657,dL=-0.23348241143807336,std=0
	gnorm= 0.23538219556618198
	collect S matrix time= 0.024886131286621094
	nonzero=136,wmax=3.480347727428778,wmin=0.004293221995693953
	SR solver time= 0.004446268081665039
	collect H matrix time= 0.01990032196044922
	nonzero=139,smax=4.494201127442706,smin=0.005248333379496419
	RGN solver time= 0.007947683334350586
	xnorm=1.0927636880672542,dnorm=0.5442513598312343
update time= 0.011130332946777344
	dense amplitude time= 0.0064945220947265625
	total non-zero amplitudes= 4900
	nsamples per process= 159
	sample time= 12.184338569641113
self.n= 1.5308922384294004
	RGN updated loss=-9.862062822401441,dloss=-0.06816490291078381
update time= 0.010339498519897461
step= 2

nparam= 240
	dense amplitude time= 0.005980730056762695
	total non-zero amplitudes= 4900
	nsamples per process= 159
	sample time= 13.084404230117798
self.n= 1.5308922384294004
	collect g,h time= 14.484363079071045
E=-9.862062822401441,dE=-0.06816490291078381,std=0
L=-9.862062822401441,dL=-0.06816490291078381,std=0
	gnorm= 0.1305100979495527
	collect S matrix time= 0.024762868881225586
	nonzero=133,wmax=3.9707528465034394,wmin=0.005356197977731836
	SR solver time= 0.004448652267456055
	collect H matrix time= 0.020018815994262695
	nonzero=137,smax=4.976305058619386,smin=0.005235544993353238
	RGN solver time= 0.007915496826171875
	xnorm=1.4762200206685683,dnorm=0.34321091003950704
update time= 0.011125564575195312
	dense amplitude time= 0.006541252136230469
	total non-zero amplitudes= 4900
	nsamples per process= 159
	sample time= 12.152497291564941
self.n= 1.6231077335794386
	RGN updated loss=-9.887479862005371,dloss=-0.025417039603929936
update time= 0.010315656661987305
step= 3

nparam= 240
	dense amplitude time= 0.006192922592163086
	total non-zero amplitudes= 4900
	nsamples per process= 159
	sample time= 12.980619430541992
self.n= 1.6231077335794386
	collect g,h time= 14.473602533340454
E=-9.887479862005371,dE=-0.025417039603929936,std=0
L=-9.887479862005371,dL=-0.025417039603929936,std=0
	gnorm= 0.077843226627442
	collect S matrix time= 0.026441574096679688
	nonzero=133,wmax=4.290084822344442,wmin=0.00506198052498453
	SR solver time= 0.004384040832519531
	collect H matrix time= 0.02137613296508789
	nonzero=135,smax=5.330880908429916,smin=0.005803651396451782
	RGN solver time= 0.00802755355834961
	xnorm=1.7217466374523496,dnorm=0.19848881526648166
update time= 0.010967016220092773
	dense amplitude time= 0.0061495304107666016
	total non-zero amplitudes= 4900
	nsamples per process= 159
	sample time= 11.536033153533936
self.n= 1.6746225019140828
	RGN updated loss=-9.896922463339301,dloss=-0.009442601333930156
update time= 0.010299444198608398
step= 4

nparam= 240
	dense amplitude time= 0.0060062408447265625
	total non-zero amplitudes= 4900
	nsamples per process= 159
	sample time= 12.4439115524292
self.n= 1.6746225019140828
	collect g,h time= 14.483087539672852
E=-9.896922463339301,dE=-0.009442601333930156,std=0
L=-9.896922463339301,dL=-0.009442601333930156,std=0
	gnorm= 0.050845903917603096
	collect S matrix time= 0.024999618530273438
	nonzero=133,wmax=4.488161283675239,wmin=0.0049474484789879675
	SR solver time= 0.004373788833618164
	collect H matrix time= 0.019808292388916016
	nonzero=134,smax=5.549782928757176,smin=0.007309304512155429
	RGN solver time= 0.007913827896118164
	xnorm=1.8522557748045771,dnorm=0.08355515409285678
update time= 0.01095890998840332
	dense amplitude time= 0.0063207149505615234
	total non-zero amplitudes= 4900
	nsamples per process= 159
	sample time= 11.451932191848755
self.n= 1.6736579301937768
	RGN updated loss=-9.900788338289455,dloss=-0.0038658749501543355
update time= 0.010330677032470703
step= 5

nparam= 240
	dense amplitude time= 0.00596928596496582
	total non-zero amplitudes= 4900
	nsamples per process= 159
	sample time= 12.350716829299927
self.n= 1.6736579301937768
	collect g,h time= 14.502137422561646
E=-9.900788338289455,dE=-0.0038658749501543355,std=0
L=-9.900788338289455,dL=-0.0038658749501543355,std=0
	gnorm= 0.03679467872034697
	collect S matrix time= 0.02556300163269043
	nonzero=133,wmax=4.615017109790816,wmin=0.004970818568516672
	SR solver time= 0.0043811798095703125
	collect H matrix time= 0.020281314849853516
	nonzero=134,smax=5.68603642147657,smin=0.007551202882371365
	RGN solver time= 0.007915973663330078
	xnorm=1.8883028364382954,dnorm=0.05501328557587969
update time= 0.010960578918457031
	dense amplitude time= 0.006152153015136719
	total non-zero amplitudes= 4900
	nsamples per process= 159
	sample time= 11.196675300598145
self.n= 1.6617167585590142
	RGN updated loss=-9.90259231203005,dloss=-0.0018039737405946
update time= 0.010315179824829102
step= 6

nparam= 240
	dense amplitude time= 0.006095170974731445
	total non-zero amplitudes= 4900
	nsamples per process= 159
	sample time= 12.106340885162354
self.n= 1.6617167585590142
	collect g,h time= 14.46754789352417
E=-9.90259231203005,dE=-0.0018039737405946,std=0
L=-9.90259231203005,dL=-0.0018039737405946,std=0
	gnorm= 0.029121846452790458
	collect S matrix time= 0.024935007095336914
	nonzero=133,wmax=4.702482902563758,wmin=0.005062099205983678
	SR solver time= 0.00437474250793457
	collect H matrix time= 0.0198516845703125
	nonzero=134,smax=5.777523147196005,smin=0.007795154555488476
	RGN solver time= 0.008035421371459961
	xnorm=1.9063596797689297,dnorm=0.040369921643344506
update time= 0.010926961898803711
	dense amplitude time= 0.006074428558349609
	total non-zero amplitudes= 4900
	nsamples per process= 159
	sample time= 11.288742303848267
self.n= 1.6456284816077429
	RGN updated loss=-9.903553835284939,dloss=-0.0009615232548885189
update time= 0.010324954986572266
step= 7

nparam= 240
	dense amplitude time= 0.006057262420654297
	total non-zero amplitudes= 4900
	nsamples per process= 159
	sample time= 12.159915447235107
self.n= 1.6456284816077429
	collect g,h time= 14.428960800170898
E=-9.903553835284939,dE=-0.0009615232548885189,std=0
L=-9.903553835284939,dL=-0.0009615232548885189,std=0
	gnorm= 0.024560330381377827
	collect S matrix time= 0.025473594665527344
	nonzero=133,wmax=4.765618815175191,wmin=0.005167482247748877
	SR solver time= 0.0043792724609375
	collect H matrix time= 0.02008652687072754
	nonzero=135,smax=5.841980096062323,smin=0.005920827159760693
	RGN solver time= 0.008027791976928711
	xnorm=1.91563482224869,dnorm=0.04124943015695915
update time= 0.011018753051757812
	dense amplitude time= 0.006183147430419922
	total non-zero amplitudes= 4900
	nsamples per process= 159
	sample time= 10.991415739059448
self.n= 1.6302070635896821
	RGN updated loss=-9.904139811537481,dloss=-0.0005859762525428636
update time= 0.010360002517700195
step= 8

nparam= 240
	dense amplitude time= 0.006323337554931641
	total non-zero amplitudes= 4900
	nsamples per process= 159
	sample time= 11.908921957015991
self.n= 1.6302070635896821
	collect g,h time= 14.491775512695312
E=-9.904139811537481,dE=-0.0005859762525428636,std=0
L=-9.904139811537481,dL=-0.0005859762525428636,std=0
	gnorm= 0.021525415920809112
	collect S matrix time= 0.025056838989257812
	nonzero=133,wmax=4.813144858991435,wmin=0.005251893921613081
	SR solver time= 0.004426479339599609
	collect H matrix time= 0.019957780838012695
	nonzero=136,smax=5.889420015057227,smin=0.0059460284354819135
	RGN solver time= 0.008075475692749023
	xnorm=1.9238168734025705,dnorm=0.1508065905736466
update time= 0.010937690734863281
	dense amplitude time= 0.006086826324462891
	total non-zero amplitudes= 4900
	nsamples per process= 159
	sample time= 11.441527128219604
self.n= 1.6592300228006054
	RGN updated loss=-9.904727181889461,dloss=-0.0005873703519796436
update time= 0.01013493537902832
step= 9

nparam= 240
	dense amplitude time= 0.005835771560668945
	total non-zero amplitudes= 4900
	nsamples per process= 159
	sample time= 12.32863974571228
self.n= 1.6592300228006054
	collect g,h time= 14.487757444381714
E=-9.904727181889461,dE=-0.0005873703519796436,std=0
L=-9.904727181889461,dL=-0.0005873703519796436,std=0
	gnorm= 0.01943139662630866
	collect S matrix time= 0.02491307258605957
	nonzero=133,wmax=4.852245796479067,wmin=0.005235460118477062
	SR solver time= 0.004456043243408203
	collect H matrix time= 0.0196990966796875
	nonzero=134,smax=5.925868858340014,smin=0.008336757319925885
	RGN solver time= 0.007992267608642578
	xnorm=1.993423276662787,dnorm=0.01802874989597193
update time= 0.011140108108520508
	dense amplitude time= 0.006333351135253906
	total non-zero amplitudes= 4900
	nsamples per process= 159
	sample time= 11.497458696365356
self.n= 1.647638859278349
	RGN updated loss=-9.90500474692425,dloss=-0.0002775650347892622
update time= 0.010124683380126953
step= 10

nparam= 240
	dense amplitude time= 0.006632566452026367
	total non-zero amplitudes= 4900
	nsamples per process= 159
	sample time= 12.423453092575073
self.n= 1.647638859278349
	collect g,h time= 14.518386602401733
E=-9.90500474692425,dE=-0.0002775650347892622,std=0
L=-9.90500474692425,dL=-0.0002775650347892622,std=0
	gnorm= 0.017564218320045566
	collect S matrix time= 0.02512812614440918
	nonzero=133,wmax=4.882853256433878,wmin=0.005317524919867766
	SR solver time= 0.004457712173461914
	collect H matrix time= 0.019906997680664062
	nonzero=134,smax=5.955061226503992,smin=0.008503217640044544
	RGN solver time= 0.00794839859008789
	xnorm=1.9959578282865866,dnorm=0.015370237932071646
update time= 0.011093854904174805
	dense amplitude time= 0.006308078765869141
	total non-zero amplitudes= 4900
	nsamples per process= 159
	sample time= 11.477285146713257
self.n= 1.6372519902162588
	RGN updated loss=-9.90521246893672,dloss=-0.00020772201246899158
update time= 0.010266542434692383
step= 11

nparam= 240
	dense amplitude time= 0.011516809463500977
	total non-zero amplitudes= 4900
	nsamples per process= 159
	sample time= 12.387192964553833
self.n= 1.6372519902162588
	collect g,h time= 14.464205265045166
E=-9.90521246893672,dE=-0.00020772201246899158,std=0
L=-9.90521246893672,dL=-0.00020772201246899158,std=0
	gnorm= 0.015998627586348468
	collect S matrix time= 0.024296283721923828
	nonzero=133,wmax=4.907878548517405,wmin=0.005390555278026852
	SR solver time= 0.00446009635925293
	collect H matrix time= 0.0197446346282959
	nonzero=135,smax=5.978756383822195,smin=0.006029044047814545
	RGN solver time= 0.008064985275268555
	xnorm=1.9973555619622356,dnorm=0.014499274861883498
update time= 0.01117253303527832
	dense amplitude time= 0.00656890869140625
	total non-zero amplitudes= 4900
	nsamples per process= 159
	sample time= 11.531550407409668
self.n= 1.6283663996231623
	RGN updated loss=-9.905373998670518,dloss=-0.00016152973379846003
update time= 0.01029205322265625
step= 12

nparam= 240
	dense amplitude time= 0.005842685699462891
	total non-zero amplitudes= 4900
	nsamples per process= 159
	sample time= 12.415547370910645
self.n= 1.6283663996231623
	collect g,h time= 14.501197576522827
E=-9.905373998670518,dE=-0.00016152973379846003,std=0
L=-9.905373998670518,dL=-0.00016152973379846003,std=0
	gnorm= 0.014645351769866071
	collect S matrix time= 0.024416208267211914
	nonzero=133,wmax=4.928637900348034,wmin=0.0054532047375273245
	SR solver time= 0.0044710636138916016
	collect H matrix time= 0.019494056701660156
	nonzero=135,smax=5.998270384852645,smin=0.0061174740734418875
	RGN solver time= 0.008061647415161133
	xnorm=1.9986316561343132,dnorm=0.011602542116564939
update time= 0.011216878890991211
	dense amplitude time= 0.006743907928466797
	total non-zero amplitudes= 4900
	nsamples per process= 159
	sample time= 11.759565830230713
self.n= 1.6207786994652211
	RGN updated loss=-9.905502268018406,dloss=-0.0001282693478881214
update time= 0.010158300399780273
step= 13

nparam= 240
	dense amplitude time= 0.006116390228271484
	total non-zero amplitudes= 4900
	nsamples per process= 159
	sample time= 12.626443147659302
self.n= 1.6207786994652211
	collect g,h time= 14.481909990310669
E=-9.905502268018406,dE=-0.0001282693478881214,std=0
L=-9.905502268018406,dL=-0.0001282693478881214,std=0
	gnorm= 0.013455609974668856
	collect S matrix time= 0.024408578872680664
	nonzero=133,wmax=4.946050186404791,wmin=0.005508496818928656
	SR solver time= 0.004481315612792969
	collect H matrix time= 0.019735336303710938
	nonzero=135,smax=6.014546770849364,smin=0.006202798767724251
	RGN solver time= 0.007999897003173828
	xnorm=1.998973021852063,dnorm=0.010099416343196789
update time= 0.011152267456054688
	dense amplitude time= 0.006657123565673828
	total non-zero amplitudes= 4900
	nsamples per process= 159
	sample time= 11.572307586669922
self.n= 1.6143992345460303
	RGN updated loss=-9.905606052089505,dloss=-0.0001037840710989002
update time= 0.010104656219482422
step= 14

nparam= 240
	dense amplitude time= 0.0056040287017822266
	total non-zero amplitudes= 4900
	nsamples per process= 159
	sample time= 12.517615795135498
self.n= 1.6143992345460303
	collect g,h time= 14.515296220779419
E=-9.905606052089505,dE=-0.0001037840710989002,std=0
L=-9.905606052089505,dL=-0.0001037840710989002,std=0
	gnorm= 0.012394843612699429
	collect S matrix time= 0.024573326110839844
	nonzero=133,wmax=4.960778886704175,wmin=0.0055549377549017976
	SR solver time= 0.004453420639038086
	collect H matrix time= 0.019652366638183594
	nonzero=135,smax=6.028246949486299,smin=0.00626926969533854
	RGN solver time= 0.00808572769165039
	xnorm=1.9993007290960174,dnorm=0.00868255939478882
update time= 0.01107025146484375
	dense amplitude time= 0.006554603576660156
	total non-zero amplitudes= 4900
	nsamples per process= 159
	sample time= 11.587982654571533
self.n= 1.6090498774464823
	RGN updated loss=-9.90569107386672,dloss=-8.502177721503301e-05
update time= 0.01020669937133789
step= 15

nparam= 240
	dense amplitude time= 0.006030082702636719
	total non-zero amplitudes= 4900
	nsamples per process= 159
	sample time= 12.497969627380371
self.n= 1.6090498774464823
	collect g,h time= 14.488516807556152
E=-9.90569107386672,dE=-8.502177721503301e-05,std=0
L=-9.90569107386672,dL=-8.502177721503301e-05,std=0
	gnorm= 0.011441457994135113
	collect S matrix time= 0.024873971939086914
	nonzero=133,wmax=4.97331025423226,wmin=0.005593846394607003
	SR solver time= 0.004186391830444336
	collect H matrix time= 0.020341157913208008
	nonzero=135,smax=6.039863913361515,smin=0.006326294764948017
	RGN solver time= 0.00768733024597168
	xnorm=1.999448405773343,dnorm=0.007559531624362904
update time= 0.011096477508544922
	dense amplitude time= 0.0065250396728515625
	total non-zero amplitudes= 4900
	nsamples per process= 159
	sample time= 11.642997980117798
self.n= 1.6045729065128578
	RGN updated loss=-9.905761417312425,dloss=-7.034344570477913e-05
update time= 0.010200738906860352
step= 16

nparam= 240
	dense amplitude time= 0.005797863006591797
	total non-zero amplitudes= 4900
	nsamples per process= 159
	sample time= 12.572568416595459
self.n= 1.6045729065128578
	collect g,h time= 14.487529993057251
E=-9.905761417312425,dE=-7.034344570477913e-05,std=0
L=-9.905761417312425,dL=-7.034344570477913e-05,std=0
	gnorm= 0.010579104784756502
	collect S matrix time= 0.024942398071289062
	nonzero=133,wmax=4.984020764346123,wmin=0.005625283662434826
	SR solver time= 0.004355669021606445
	collect H matrix time= 0.019779443740844727
	nonzero=135,smax=6.04976434894616,smin=0.006375610206751885
	RGN solver time= 0.007983922958374023
	xnorm=1.9995521385713957,dnorm=0.006585676115435389
update time= 0.010983467102050781
	dense amplitude time= 0.006373882293701172
	total non-zero amplitudes= 4900
	nsamples per process= 159
	sample time= 11.700280666351318
self.n= 1.600824949910162
	RGN updated loss=-9.905820059700199,dloss=-5.864238777419928e-05
update time= 0.010345458984375
step= 17

nparam= 240
	dense amplitude time= 0.005991697311401367
	total non-zero amplitudes= 4900
	nsamples per process= 159
	sample time= 12.585481643676758
self.n= 1.600824949910162
	collect g,h time= 14.480666637420654
E=-9.905820059700199,dE=-5.864238777419928e-05,std=0
L=-9.905820059700199,dL=-5.864238777419928e-05,std=0
	gnorm= 0.009795225689045488
	collect S matrix time= 0.0250701904296875
	nonzero=133,wmax=4.9932047356023705,wmin=0.005649917749856314
	SR solver time= 0.00433802604675293
	collect H matrix time= 0.02023172378540039
	nonzero=135,smax=6.058235730606689,smin=0.006415539147896714
	RGN solver time= 0.00804591178894043
	xnorm=1.9996143277278402,dnorm=0.005750967753329229
update time= 0.010966062545776367
	dense amplitude time= 0.006153106689453125
	total non-zero amplitudes= 4900
	nsamples per process= 159
	sample time= 11.637012243270874
self.n= 1.5976834895241019
	RGN updated loss=-9.905869247188388,dloss=-4.9187488189161854e-05
update time= 0.010294198989868164
step= 18

nparam= 240
	dense amplitude time= 0.006394863128662109
	total non-zero amplitudes= 4900
	nsamples per process= 159
	sample time= 12.601313829421997
self.n= 1.5976834895241019
	collect g,h time= 14.493589162826538
E=-9.905869247188388,dE=-4.9187488189161854e-05,std=0
L=-9.905869247188388,dL=-4.9187488189161854e-05,std=0
	gnorm= 0.009079804448499628
	collect S matrix time= 0.02481555938720703
	nonzero=133,wmax=5.0010973120088265,wmin=0.005668942732896302
	SR solver time= 0.0043447017669677734
	collect H matrix time= 0.01986837387084961
	nonzero=135,smax=6.065505325597041,smin=0.006451064106289745
	RGN solver time= 0.007991790771484375
	xnorm=1.9996578838286454,dnorm=0.005036457839937596
update time= 0.010944604873657227
	dense amplitude time= 0.006043672561645508
	total non-zero amplitudes= 4900
	nsamples per process= 159
	sample time= 11.658593893051147
self.n= 1.5950442005142373
	RGN updated loss=-9.90591070842004,dloss=-4.146123165149618e-05
update time= 0.010225057601928711
step= 19

nparam= 240
	dense amplitude time= 0.0059702396392822266
	total non-zero amplitudes= 4900
	nsamples per process= 159
	sample time= 12.590226888656616
self.n= 1.5950442005142373
	collect g,h time= 14.504848957061768
E=-9.90591070842004,dE=-4.146123165149618e-05,std=0
L=-9.90591070842004,dL=-4.146123165149618e-05,std=0
	gnorm= 0.008425856397745868
	collect S matrix time= 0.024645566940307617
	nonzero=133,wmax=5.0078889511287725,wmin=0.005683847540714335
	SR solver time= 0.004353523254394531
	collect H matrix time= 0.0199739933013916
	nonzero=135,smax=6.071753353152343,smin=0.006481275980793793
	RGN solver time= 0.008017539978027344
	xnorm=1.9996961343517023,dnorm=0.004430611011152542
update time= 0.01095128059387207
	dense amplitude time= 0.006052970886230469
	total non-zero amplitudes= 4900
	nsamples per process= 159
	sample time= 11.723121404647827
self.n= 1.5928273807168831
	RGN updated loss=-9.905945804744182,dloss=-3.5096324142003255e-05
update time= 0.010406494140625
step= 20

nparam= 240
	dense amplitude time= 0.00603795051574707
	total non-zero amplitudes= 4900
	nsamples per process= 159
	sample time= 12.66561484336853
self.n= 1.5928273807168831
	collect g,h time= 14.49070119857788
E=-9.905945804744182,dE=-3.5096324142003255e-05,std=0
L=-9.905945804744182,dL=-3.5096324142003255e-05,std=0
	gnorm= 0.007824732072827304
	collect S matrix time= 0.02520298957824707
	nonzero=133,wmax=5.0137392385351225,wmin=0.005695745602693772
	SR solver time= 0.0043299198150634766
	collect H matrix time= 0.020015239715576172
	nonzero=136,smax=6.07713291809065,smin=0.006085877992381503
	RGN solver time= 0.007974624633789062
	xnorm=1.999727830944954,dnorm=0.09097294050606909
update time= 0.011038541793823242
	dense amplitude time= 0.0061016082763671875
	total non-zero amplitudes= 4900
	nsamples per process= 159
	sample time= 11.771814823150635
self.n= 1.6189800198270374
	RGN updated loss=-9.906052739861245,dloss=-0.00010693511706350023
update time= 0.010320663452148438
step= 21

nparam= 240
	dense amplitude time= 0.010004520416259766
	total non-zero amplitudes= 4900
	nsamples per process= 159
	sample time= 12.653584957122803
self.n= 1.6189800198270374
	collect g,h time= 14.461285591125488
E=-9.906052739861245,dE=-0.00010693511706350023,std=0
L=-9.906052739861245,dL=-0.00010693511706350023,std=0
	gnorm= 0.0073019737599345534
	collect S matrix time= 0.02505183219909668
	nonzero=133,wmax=5.020447038318258,wmin=0.005663916080714797
	SR solver time= 0.004392862319946289
	collect H matrix time= 0.02013397216796875
	nonzero=135,smax=6.081864359845152,smin=0.006240630942004154
	RGN solver time= 0.008120298385620117
	xnorm=2.0425022830242714,dnorm=0.004880306376523619
update time= 0.010945558547973633
	dense amplitude time= 0.006201744079589844
	total non-zero amplitudes= 4900
	nsamples per process= 159
	sample time= 11.789014101028442
self.n= 1.6182543057898466
	RGN updated loss=-9.906078501566743,dloss=-2.5761705497728826e-05
update time= 0.010167837142944336
step= 22

nparam= 240
	dense amplitude time= 0.006019115447998047
	total non-zero amplitudes= 4900
	nsamples per process= 159
	sample time= 12.748801231384277
self.n= 1.6182543057898466
	collect g,h time= 14.509978771209717
E=-9.906078501566743,dE=-2.5761705497728826e-05,std=0
L=-9.906078501566743,dL=-2.5761705497728826e-05,std=0
	gnorm= 0.0067750354971560164
	collect S matrix time= 0.024511337280273438
	nonzero=133,wmax=5.025688209592947,wmin=0.005673397059141149
	SR solver time= 0.004483222961425781
	collect H matrix time= 0.0199582576751709
	nonzero=135,smax=6.086657744751027,smin=0.006252422079481516
	RGN solver time= 0.008093833923339844
	xnorm=2.0433734895219384,dnorm=0.002717417966412594
update time= 0.011194944381713867
	dense amplitude time= 0.0064318180084228516
	total non-zero amplitudes= 4900
	nsamples per process= 159
	sample time= 11.743373155593872
self.n= 1.6173945028049528
	RGN updated loss=-9.906100162096289,dloss=-2.1660529545997065e-05
update time= 0.01028132438659668
step= 23

nparam= 240
	dense amplitude time= 0.006270647048950195
	total non-zero amplitudes= 4900
	nsamples per process= 159
	sample time= 12.66959524154663
self.n= 1.6173945028049528
	collect g,h time= 14.532797813415527
E=-9.906100162096289,dE=-2.1660529545997065e-05,std=0
L=-9.906100162096289,dL=-2.1660529545997065e-05,std=0
	gnorm= 0.006294326999828791
	collect S matrix time= 0.02506399154663086
	nonzero=133,wmax=5.030116414446842,wmin=0.005681189565822825
	SR solver time= 0.0044786930084228516
	collect H matrix time= 0.019824743270874023
	nonzero=135,smax=6.090765189327661,smin=0.006267477941094701
	RGN solver time= 0.008049964904785156
	xnorm=2.043794659354452,dnorm=0.002352784685859364
update time= 0.01117396354675293
	dense amplitude time= 0.0068817138671875
	total non-zero amplitudes= 4900
	nsamples per process= 159
	sample time= 11.838566064834595
self.n= 1.6165581505073097
	RGN updated loss=-9.906118612951675,dloss=-1.8450855385765408e-05
update time= 0.010184764862060547
step= 24

nparam= 240
	dense amplitude time= 0.005624294281005859
	total non-zero amplitudes= 4900
	nsamples per process= 159
	sample time= 12.749599695205688
self.n= 1.6165581505073097
	collect g,h time= 14.516526937484741
E=-9.906118612951675,dE=-1.8450855385765408e-05,std=0
L=-9.906118612951675,dL=-1.8450855385765408e-05,std=0
	gnorm= 0.005853983859678244
	collect S matrix time= 0.02495098114013672
	nonzero=133,wmax=5.033853877798948,wmin=0.005687321483263352
	SR solver time= 0.004476785659790039
	collect H matrix time= 0.019700288772583008
	nonzero=135,smax=6.094253817698835,smin=0.006279747714703772
	RGN solver time= 0.007976293563842773
	xnorm=2.0440555036971175,dnorm=0.0021582655576226364
update time= 0.011121273040771484
	dense amplitude time= 0.006734609603881836
	total non-zero amplitudes= 4900
	nsamples per process= 159
	sample time= 11.838062524795532
self.n= 1.6157951835675233
	RGN updated loss=-9.906134400469117,dloss=-1.5787517442689136e-05
update time= 0.010088920593261719
step= 25

nparam= 240
	dense amplitude time= 0.0056111812591552734
	total non-zero amplitudes= 4900
	nsamples per process= 159
	sample time= 12.752488613128662
self.n= 1.6157951835675233
	collect g,h time= 14.518674850463867
E=-9.906134400469117,dE=-1.5787517442689136e-05,std=0
L=-9.906134400469117,dL=-1.5787517442689136e-05,std=0
	gnorm= 0.005449637578167757
	collect S matrix time= 0.0248110294342041
	nonzero=133,wmax=5.037010396568696,wmin=0.0056921970206260854
	SR solver time= 0.004502296447753906
	collect H matrix time= 0.019720792770385742
	nonzero=135,smax=6.097206953407719,smin=0.006289752319420161
	RGN solver time= 0.008033990859985352
	xnorm=2.0442317677699746,dnorm=0.0019940828974459907
update time= 0.011169672012329102
	dense amplitude time= 0.006766319274902344
	total non-zero amplitudes= 4900
	nsamples per process= 159
	sample time= 11.713837385177612
self.n= 1.6151202904826705
	RGN updated loss=-9.906147943092636,dloss=-1.3542623518603136e-05
update time= 0.010222434997558594
step= 26

nparam= 240
	dense amplitude time= 0.005975961685180664
	total non-zero amplitudes= 4900
	nsamples per process= 159
	sample time= 12.676686763763428
self.n= 1.6151202904826705
	collect g,h time= 14.525712251663208
E=-9.906147943092636,dE=-1.3542623518603136e-05,std=0
L=-9.906147943092636,dL=-1.3542623518603136e-05,std=0
	gnorm= 0.0050775281646425535
	collect S matrix time= 0.02415323257446289
	nonzero=133,wmax=5.039680261795802,wmin=0.0056961286783366585
	SR solver time= 0.0044727325439453125
	collect H matrix time= 0.01958179473876953
	nonzero=135,smax=6.099705219766943,smin=0.006297929121441661
	RGN solver time= 0.008017301559448242
	xnorm=2.044355500230685,dnorm=0.0018423310447487078
update time= 0.011227607727050781
	dense amplitude time= 0.006758213043212891
	total non-zero amplitudes= 4900
	nsamples per process= 159
	sample time= 11.782240867614746
self.n= 1.6145333342460426
	RGN updated loss=-9.906159579961308,dloss=-1.1636868672226797e-05
update time= 0.010172128677368164
step= 27

nparam= 240
	dense amplitude time= 0.006026029586791992
	total non-zero amplitudes= 4900
	nsamples per process= 159
	sample time= 12.624779462814331
self.n= 1.6145333342460426
	collect g,h time= 14.463097333908081
E=-9.906159579961308,dE=-1.1636868672226797e-05,std=0
L=-9.906159579961308,dL=-1.1636868672226797e-05,std=0
	gnorm= 0.004735243784671562
	collect S matrix time= 0.024196624755859375
	nonzero=133,wmax=5.041942231127058,wmin=0.005699336712366415
	SR solver time= 0.004492521286010742
	collect H matrix time= 0.019536256790161133
	nonzero=135,smax=6.101819565415571,smin=0.006304816813761589
	RGN solver time= 0.008182525634765625
	xnorm=2.0444448065574075,dnorm=0.0016972853357800947
update time= 0.011186599731445312
	dense amplitude time= 0.006779193878173828
	total non-zero amplitudes= 4900
	nsamples per process= 159
	sample time= 11.785131931304932
self.n= 1.6140246337737945
	RGN updated loss=-9.90616958946755,dloss=-1.000950624252539e-05
update time= 0.010197639465332031
step= 28

nparam= 240
	dense amplitude time= 0.006026268005371094
	total non-zero amplitudes= 4900
	nsamples per process= 159
	sample time= 12.683105945587158
self.n= 1.6140246337737945
	collect g,h time= 14.515624284744263
E=-9.90616958946755,dE=-1.000950624252539e-05,std=0
L=-9.90616958946755,dL=-1.000950624252539e-05,std=0
	gnorm= 0.004420704284803692
	collect S matrix time= 0.024901390075683594
	nonzero=133,wmax=5.04386179973601,wmin=0.005701958348226103
	SR solver time= 0.004205465316772461
	collect H matrix time= 0.02026844024658203
	nonzero=135,smax=6.103609757395525,smin=0.0063106326236942985
	RGN solver time= 0.0076906681060791016
	xnorm=2.0445120065408156,dnorm=0.0015634609339141242
update time= 0.011070013046264648
	dense amplitude time= 0.006447792053222656
	total non-zero amplitudes= 4900
	nsamples per process= 159
	sample time= 11.755075693130493
self.n= 1.6135898742645862
	RGN updated loss=-9.90617820819504,dloss=-8.618727489917433e-06
update time= 0.01027369499206543
step= 29

nparam= 240
	dense amplitude time= 0.005757808685302734
	total non-zero amplitudes= 4900
	nsamples per process= 159
	sample time= 12.640498638153076
self.n= 1.6135898742645862
	collect g,h time= 14.515164136886597
E=-9.90617820819504,dE=-8.618727489917433e-06,std=0
L=-9.90617820819504,dL=-8.618727489917433e-06,std=0
	gnorm= 0.004129968736076473
	collect S matrix time= 0.02521967887878418
	nonzero=133,wmax=5.045494076831385,wmin=0.005704124932031519
	SR solver time= 0.00438380241394043
	collect H matrix time= 0.020061969757080078
	nonzero=135,smax=6.105129669041902,smin=0.006315377074308474
	RGN solver time= 0.008039236068725586
	xnorm=2.0445649895934004,dnorm=0.0014386977321306752
update time= 0.010915279388427734
	dense amplitude time= 0.006273984909057617
	total non-zero amplitudes= 4900
	nsamples per process= 159
	sample time= 11.743476390838623
self.n= 1.6132158660420166
	RGN updated loss=-9.906185633451953,dloss=-7.425256912441114e-06
update time= 0.010327339172363281
step= 30

nparam= 240
	dense amplitude time= 0.006254673004150391
	total non-zero amplitudes= 4900
	nsamples per process= 159
	sample time= 12.665413856506348
self.n= 1.6132158660420166
	collect g,h time= 14.534093618392944
E=-9.906185633451953,dE=-7.425256912441114e-06,std=0
L=-9.906185633451953,dL=-7.425256912441114e-06,std=0
	gnorm= 0.003862211278113375
	collect S matrix time= 0.02466559410095215
	nonzero=133,wmax=5.046884277981696,wmin=0.005705929962724652
	SR solver time= 0.004446744918823242
	collect H matrix time= 0.01964855194091797
	nonzero=135,smax=6.106421542606251,smin=0.0063194397899924105
	RGN solver time= 0.008205175399780273
	xnorm=2.0446073982547217,dnorm=0.0013280089074280549
update time= 0.010953187942504883
	dense amplitude time= 0.005954265594482422
	total non-zero amplitudes= 4900
	nsamples per process= 159
	sample time= 11.745521545410156
self.n= 1.6128959946452253
	RGN updated loss=-9.906192035157002,dloss=-6.4017050487308325e-06
update time= 0.010248184204101562
step= 31

nparam= 240
	dense amplitude time= 0.013858318328857422
	total non-zero amplitudes= 4900
	nsamples per process= 159
	sample time= 12.643300533294678
self.n= 1.6128959946452253
	collect g,h time= 14.51727819442749
E=-9.906192035157002,dE=-6.4017050487308325e-06,std=0
L=-9.906192035157002,dL=-6.4017050487308325e-06,std=0
	gnorm= 0.0036156138360660434
	collect S matrix time= 0.024796247482299805
	nonzero=133,wmax=5.04807328474157,wmin=0.005707446759147676
	SR solver time= 0.004394054412841797
	collect H matrix time= 0.019650697708129883
	nonzero=135,smax=6.10752267564329,smin=0.006322876635146513
	RGN solver time= 0.008058309555053711
	xnorm=2.044640013065514,dnorm=0.0012205639884157642
update time= 0.011063575744628906
	dense amplitude time= 0.006251335144042969
	total non-zero amplitudes= 4900
	nsamples per process= 159
	sample time= 11.736130237579346
self.n= 1.6126217021699105
	RGN updated loss=-9.906197555554439,dloss=-5.520397436953317e-06
update time= 0.010406017303466797
step= 32

nparam= 240
	dense amplitude time= 0.005920886993408203
	total non-zero amplitudes= 4900
	nsamples per process= 159
	sample time= 12.657007694244385
self.n= 1.6126217021699105
	collect g,h time= 14.513288259506226
E=-9.906197555554439,dE=-5.520397436953317e-06,std=0
L=-9.906197555554439,dL=-5.520397436953317e-06,std=0
	gnorm= 0.003388527887275051
	collect S matrix time= 0.024594783782958984
	nonzero=133,wmax=5.04908999429318,wmin=0.005708707909739685
	SR solver time= 0.004401206970214844
	collect H matrix time= 0.01957845687866211
	nonzero=135,smax=6.1084631416878254,smin=0.006326290501149763
	RGN solver time= 0.008049964904785156
	xnorm=2.0446692135951654,dnorm=0.0011261801708395236
update time= 0.011060714721679688
	dense amplitude time= 0.006219625473022461
	total non-zero amplitudes= 4900
	nsamples per process= 159
	sample time= 11.772851943969727
self.n= 1.6123880571288005
	RGN updated loss=-9.906202318843613,dloss=-4.7632891746474115e-06
update time= 0.010359525680541992
step= 33

nparam= 240
	dense amplitude time= 0.006027936935424805
	total non-zero amplitudes= 4900
	nsamples per process= 159
	sample time= 12.66307783126831
self.n= 1.6123880571288005
	collect g,h time= 14.496904373168945
E=-9.906202318843613,dE=-4.7632891746474115e-06,std=0
L=-9.906202318843613,dL=-4.7632891746474115e-06,std=0
	gnorm= 0.003179829031930087
	collect S matrix time= 0.02489447593688965
	nonzero=133,wmax=5.049960039175848,wmin=0.005709750300487001
	SR solver time= 0.0044629573822021484
	collect H matrix time= 0.019633769989013672
	nonzero=135,smax=6.109266697937114,smin=0.00632866919661125
	RGN solver time= 0.007957220077514648
	xnorm=2.044698319784551,dnorm=0.0010363491911567033
update time= 0.011101961135864258
	dense amplitude time= 0.006299734115600586
	total non-zero amplitudes= 4900
	nsamples per process= 159
	sample time= 11.75052523612976
self.n= 1.6121871957811063
	RGN updated loss=-9.906206429690608,dloss=-4.110846994365147e-06
update time= 0.01015615463256836
step= 34

nparam= 240
	dense amplitude time= 0.006149768829345703
	total non-zero amplitudes= 4900
	nsamples per process= 159
	sample time= 12.669774055480957
self.n= 1.6121871957811063
	collect g,h time= 14.530848026275635
E=-9.906206429690608,dE=-4.110846994365147e-06,std=0
L=-9.906206429690608,dL=-4.110846994365147e-06,std=0
	gnorm= 0.0029881591127551422
	collect S matrix time= 0.024531126022338867
	nonzero=133,wmax=5.050705146338444,wmin=0.005710633775853212
	SR solver time= 0.004469633102416992
	collect H matrix time= 0.019747495651245117
	nonzero=135,smax=6.1099541973371645,smin=0.00633070764513503
	RGN solver time= 0.008061408996582031
	xnorm=2.0447221160128315,dnorm=0.0009541157316891958
update time= 0.011139392852783203
	dense amplitude time= 0.006487369537353516
	total non-zero amplitudes= 4900
	nsamples per process= 159
	sample time= 11.75551462173462
self.n= 1.6120104578481116
	RGN updated loss=-9.90620997719737,dloss=-3.5475067630130752e-06
update time= 0.010171651840209961
step= 35

nparam= 240
	dense amplitude time= 0.005826473236083984
	total non-zero amplitudes= 4900
	nsamples per process= 159
	sample time= 12.637849807739258
self.n= 1.6120104578481116
	collect g,h time= 14.511829137802124
E=-9.90620997719737,dE=-3.5475067630130752e-06,std=0
L=-9.90620997719737,dL=-3.5475067630130752e-06,std=0
	gnorm= 0.0028118511428798293
	collect S matrix time= 0.024845361709594727
	nonzero=133,wmax=5.051343402285396,wmin=0.005711384506156664
	SR solver time= 0.004505157470703125
	collect H matrix time= 0.0197296142578125
	nonzero=135,smax=6.110541908925311,smin=0.006332518774538884
	RGN solver time= 0.008073806762695312
	xnorm=2.044744510957103,dnorm=0.0008840554167980192
update time= 0.01121068000793457
	dense amplitude time= 0.006731271743774414
	total non-zero amplitudes= 4900
	nsamples per process= 159
	sample time= 11.735801696777344
self.n= 1.6118646150445488
	RGN updated loss=-9.906213041214402,dloss=-3.064017031206845e-06
update time= 0.010229349136352539
step= 36

nparam= 240
	dense amplitude time= 0.005739927291870117
	total non-zero amplitudes= 4900
	nsamples per process= 159
	sample time= 12.688961505889893
self.n= 1.6118646150445488
	collect g,h time= 14.514400243759155
E=-9.906213041214402,dE=-3.064017031206845e-06,std=0
L=-9.906213041214402,dL=-3.064017031206845e-06,std=0
	gnorm= 0.0026506773688612863
	collect S matrix time= 0.024194955825805664
	nonzero=133,wmax=5.051891026811261,wmin=0.00571201197207118
	SR solver time= 0.0044727325439453125
	collect H matrix time= 0.019678592681884766
	nonzero=135,smax=6.111045636992587,smin=0.0063333510973816246
	RGN solver time= 0.008020162582397461
	xnorm=2.044762873916235,dnorm=0.0008147465712807578
update time= 0.011168718338012695
	dense amplitude time= 0.006720066070556641
	total non-zero amplitudes= 4900
	nsamples per process= 159
	sample time= 11.787546634674072
self.n= 1.6117309547373617
	RGN updated loss=-9.906215686325273,dloss=-2.6451108716685212e-06
update time= 0.010206937789916992
step= 37

nparam= 240
	dense amplitude time= 0.0057985782623291016
	total non-zero amplitudes= 4900
	nsamples per process= 159
	sample time= 12.644678592681885
self.n= 1.6117309547373617
	collect g,h time= 14.519285917282104
E=-9.906215686325273,dE=-2.6451108716685212e-06,std=0
L=-9.906215686325273,dL=-2.6451108716685212e-06,std=0
	gnorm= 0.002502601201613455
	collect S matrix time= 0.02527022361755371
	nonzero=133,wmax=5.05235750464619,wmin=0.005712557322746877
	SR solver time= 0.0045032501220703125
	collect H matrix time= 0.02001810073852539
	nonzero=135,smax=6.111475614511004,smin=0.006335263494807945
	RGN solver time= 0.008191585540771484
	xnorm=2.0447809025650927,dnorm=0.0007604813459529858
update time= 0.011148452758789062
	dense amplitude time= 0.0065157413482666016
	total non-zero amplitudes= 4900
	nsamples per process= 159
	sample time= 11.73298168182373
self.n= 1.6116255142666622
	RGN updated loss=-9.906217971702015,dloss=-2.285376741184564e-06
update time= 0.010144948959350586
step= 38

nparam= 240
	dense amplitude time= 0.005750417709350586
	total non-zero amplitudes= 4900
	nsamples per process= 159
	sample time= 12.71168303489685
self.n= 1.6116255142666622
	collect g,h time= 14.518092393875122
E=-9.906217971702015,dE=-2.285376741184564e-06,std=0
L=-9.906217971702015,dL=-2.285376741184564e-06,std=0
	gnorm= 0.0023676524714224033
	collect S matrix time= 0.024538516998291016
	nonzero=133,wmax=5.052760519474901,wmin=0.005713004990622073
	SR solver time= 0.0045244693756103516
	collect H matrix time= 0.019636154174804688
	nonzero=135,smax=6.111844282894589,smin=0.006336201733055953
	RGN solver time= 0.008194923400878906
	xnorm=2.0447968461839277,dnorm=0.000699106055888458
update time= 0.011144638061523438
	dense amplitude time= 0.0065021514892578125
	total non-zero amplitudes= 4900
	nsamples per process= 159
	sample time= 11.650836706161499
self.n= 1.611529824694599
	RGN updated loss=-9.90621994470415,dloss=-1.9730021350028437e-06
update time= 0.010240793228149414
step= 39

nparam= 240
	dense amplitude time= 0.0061664581298828125
	total non-zero amplitudes= 4900
	nsamples per process= 159
	sample time= 12.511791467666626
self.n= 1.611529824694599
	collect g,h time= 14.496383428573608
E=-9.90621994470415,dE=-1.9730021350028437e-06,std=0
L=-9.90621994470415,dL=-1.9730021350028437e-06,std=0
	gnorm= 0.0022443869334220915
	collect S matrix time= 0.024423599243164062
	nonzero=133,wmax=5.05310743189683,wmin=0.005713392936000419
	SR solver time= 0.0045206546783447266
	collect H matrix time= 0.02329540252685547
	nonzero=135,smax=6.112161791827282,smin=0.006336646006849619
	RGN solver time= 0.008184671401977539
	xnorm=2.044812142464554,dnorm=0.0006468000321800561
update time= 0.01104736328125
	dense amplitude time= 0.006376981735229492
	total non-zero amplitudes= 4900
	nsamples per process= 159
	sample time= 11.599021911621094
self.n= 1.6114431347129385
	RGN updated loss=-9.906221649273762,dloss=-1.7045696125705945e-06
update time= 0.010207176208496094
step= 40

nparam= 240
	dense amplitude time= 0.005651950836181641
	total non-zero amplitudes= 4900
	nsamples per process= 159
	sample time= 12.550100326538086
self.n= 1.6114431347129385
	collect g,h time= 14.529004096984863
E=-9.906221649273762,dE=-1.7045696125705945e-06,std=0
L=-9.906221649273762,dL=-1.7045696125705945e-06,std=0
	gnorm= 0.0021322203172680974
	collect S matrix time= 0.02446770668029785
	nonzero=133,wmax=5.053402655302636,wmin=0.00571373223038987
	SR solver time= 0.004220724105834961
	collect H matrix time= 0.020116567611694336
	nonzero=135,smax=6.1124331249384785,smin=0.006338023837562518
	RGN solver time= 0.007830142974853516
	xnorm=2.0448269465085698,dnorm=0.0006069163927257509
update time= 0.011040449142456055
	dense amplitude time= 0.006227731704711914
	total non-zero amplitudes= 4900
	nsamples per process= 159
	sample time= 11.640380382537842
self.n= 1.6113781060603092
	RGN updated loss=-9.906223122736227,dloss=-1.4734624649292982e-06
update time= 0.010323762893676758
step= 41

nparam= 240
	dense amplitude time= 0.011966705322265625
	total non-zero amplitudes= 4900
	nsamples per process= 159
	sample time= 12.460992813110352
self.n= 1.6113781060603092
	collect g,h time= 14.527422189712524
E=-9.906223122736227,dE=-1.4734624649292982e-06,std=0
L=-9.906223122736227,dL=-1.4734624649292982e-06,std=0
	gnorm= 0.002030493306741888
	collect S matrix time= 0.02506113052368164
	nonzero=133,wmax=5.053659204965957,wmin=0.00571400400578199
	SR solver time= 0.004448413848876953
	collect H matrix time= 0.019989967346191406
	nonzero=135,smax=6.112666209489222,smin=0.006337959646675982
	RGN solver time= 0.008075237274169922
	xnorm=2.0448397041443966,dnorm=0.0005573517030261838
update time= 0.01100921630859375
	dense amplitude time= 0.006339550018310547
	total non-zero amplitudes= 4900
	nsamples per process= 159
	sample time= 11.568450450897217
self.n= 1.6113172173169723
	RGN updated loss=-9.906224395743621,dloss=-1.2730073937206043e-06
update time= 0.010314464569091797
step= 42

nparam= 240
	dense amplitude time= 0.005982160568237305
	total non-zero amplitudes= 4900
	nsamples per process= 159
	sample time= 12.495010375976562
self.n= 1.6113172173169723
	collect g,h time= 14.512191534042358
E=-9.906224395743621,dE=-1.2730073937206043e-06,std=0
L=-9.906224395743621,dL=-1.2730073937206043e-06,std=0
	gnorm= 0.0019381594257693853
	collect S matrix time= 0.02510523796081543
	nonzero=133,wmax=5.053877643065968,wmin=0.005714247645043592
	SR solver time= 0.004409313201904297
	collect H matrix time= 0.01972198486328125
	nonzero=135,smax=6.112866794718068,smin=0.006338452774859162
	RGN solver time= 0.008098602294921875
	xnorm=2.044850467992901,dnorm=0.0005163440348144543
update time= 0.011033058166503906
	dense amplitude time= 0.0061492919921875
	total non-zero amplitudes= 4900
	nsamples per process= 159
	sample time= 11.631293535232544
self.n= 1.611265071918182
	RGN updated loss=-9.906225495753468,dloss=-1.10000984676617e-06
update time= 0.01029825210571289
step= 43

nparam= 240
	dense amplitude time= 0.005965471267700195
	total non-zero amplitudes= 4900
	nsamples per process= 159
	sample time= 12.487755060195923
self.n= 1.611265071918182
	collect g,h time= 14.511792182922363
E=-9.906225495753468,dE=-1.10000984676617e-06,std=0
L=-9.906225495753468,dL=-1.10000984676617e-06,std=0
	gnorm= 0.0018546420914442368
	collect S matrix time= 0.024660348892211914
	nonzero=133,wmax=5.054064987953765,wmin=0.0057144546615514645
	SR solver time= 0.004416704177856445
	collect H matrix time= 0.019774675369262695
	nonzero=135,smax=6.113038107388259,smin=0.006343692968219784
	RGN solver time= 0.00810861587524414
	xnorm=2.0448615348898924,dnorm=0.0005079809313069651
update time= 0.010992288589477539
	dense amplitude time= 0.006003618240356445
	total non-zero amplitudes= 4900
	nsamples per process= 159
	sample time= 11.577564001083374
self.n= 1.6112163289056567
	RGN updated loss=-9.906226445718854,dloss=-9.49965386354279e-07
update time= 0.010290145874023438
step= 44

nparam= 240
	dense amplitude time= 0.005954265594482422
	total non-zero amplitudes= 4900
	nsamples per process= 159
	sample time= 12.565589666366577
self.n= 1.6112163289056567
	collect g,h time= 14.512675762176514
E=-9.906226445718854,dE=-9.49965386354279e-07,std=0
L=-9.906226445718854,dL=-9.49965386354279e-07,std=0
	gnorm= 0.001779317639315982
	collect S matrix time= 0.025142192840576172
	nonzero=133,wmax=5.054227547520359,wmin=0.005714638310304477
	SR solver time= 0.0044345855712890625
	collect H matrix time= 0.019878625869750977
	nonzero=135,smax=6.113185900853218,smin=0.006339513035491599
	RGN solver time= 0.00804758071899414
	xnorm=2.0448578258634758,dnorm=0.00047002033840220066
update time= 0.011006593704223633
	dense amplitude time= 0.006061077117919922
	total non-zero amplitudes= 4900
	nsamples per process= 159
	sample time= 11.67715311050415
self.n= 1.611180006049639
	RGN updated loss=-9.906227267233579,dloss=-8.215147246914967e-07
update time= 0.010290145874023438
step= 45

nparam= 240
	dense amplitude time= 0.005880594253540039
	total non-zero amplitudes= 4900
	nsamples per process= 159
	sample time= 12.496205806732178
self.n= 1.611180006049639
	collect g,h time= 14.484821796417236
E=-9.906227267233579,dE=-8.215147246914967e-07,std=0
L=-9.906227267233579,dL=-8.215147246914967e-07,std=0
	gnorm= 0.001711631830953321
	collect S matrix time= 0.02463674545288086
	nonzero=133,wmax=5.0543668668905335,wmin=0.005714774178879735
	SR solver time= 0.004426479339599609
	collect H matrix time= 0.019727230072021484
	nonzero=135,smax=6.113312560476776,smin=0.006339638079504383
	RGN solver time= 0.008175134658813477
	xnorm=2.044878425644095,dnorm=0.00041413771295422254
update time= 0.010941267013549805
	dense amplitude time= 0.005966901779174805
	total non-zero amplitudes= 4900
	nsamples per process= 159
	sample time= 11.593926668167114
self.n= 1.6111480554143283
	RGN updated loss=-9.906227977080318,dloss=-7.098467396104979e-07
update time= 0.01007699966430664
step= 46

nparam= 240
	dense amplitude time= 0.005955934524536133
	total non-zero amplitudes= 4900
	nsamples per process= 159
	sample time= 12.512758016586304
self.n= 1.6111480554143283
	collect g,h time= 14.498425960540771
E=-9.906227977080318,dE=-7.098467396104979e-07,std=0
L=-9.906227977080318,dL=-7.098467396104979e-07,std=0
	gnorm= 0.0016508166736446824
	collect S matrix time= 0.024842262268066406
	nonzero=133,wmax=5.054486837848412,wmin=0.005714905842645734
	SR solver time= 0.004476785659790039
	collect H matrix time= 0.0196988582611084
	nonzero=135,smax=6.11342167194913,smin=0.006344640966278017
	RGN solver time= 0.0081634521484375
	xnorm=2.0448888553202043,dnorm=0.00041618268486781363
update time= 0.011154651641845703
	dense amplitude time= 0.006344795227050781
	total non-zero amplitudes= 4900
	nsamples per process= 159
	sample time= 11.625195980072021
self.n= 1.6111162577576237
	RGN updated loss=-9.90622858993783,dloss=-6.128575122943403e-07
update time= 0.010131120681762695
step= 47

nparam= 240
	dense amplitude time= 0.006428718566894531
	total non-zero amplitudes= 4900
	nsamples per process= 159
	sample time= 12.484321117401123
self.n= 1.6111162577576237
	collect g,h time= 14.53321886062622
E=-9.90622858993783,dE=-6.128575122943403e-07,std=0
L=-9.90622858993783,dL=-6.128575122943403e-07,std=0
	gnorm= 0.0015964456196015196
	collect S matrix time= 0.024323463439941406
	nonzero=133,wmax=5.054591713375198,wmin=0.005715025378430179
	SR solver time= 0.004547119140625
	collect H matrix time= 0.019626855850219727
	nonzero=135,smax=6.113516508454779,smin=0.006340319916017103
	RGN solver time= 0.008122444152832031
	xnorm=2.0448836398767414,dnorm=0.000387770185323821
update time= 0.011102676391601562
	dense amplitude time= 0.00618433952331543
	total non-zero amplitudes= 4900
	nsamples per process= 159
	sample time= 11.580825090408325
self.n= 1.6110942829538515
	RGN updated loss=-9.90622912035086,dloss=-5.304130290539888e-07
update time= 0.01021575927734375
step= 48

nparam= 240
	dense amplitude time= 0.005845546722412109
	total non-zero amplitudes= 4900
	nsamples per process= 159
	sample time= 12.533613681793213
self.n= 1.6110942829538515
	collect g,h time= 14.510765314102173
E=-9.90622912035086,dE=-5.304130290539888e-07,std=0
L=-9.90622912035086,dL=-5.304130290539888e-07,std=0
	gnorm= 0.001547940771775388
	collect S matrix time= 0.024684906005859375
	nonzero=133,wmax=5.054681490608913,wmin=0.005715106538496953
	SR solver time= 0.00451207160949707
	collect H matrix time= 0.019679784774780273
	nonzero=135,smax=6.113597828429553,smin=0.006340288408161378
	RGN solver time= 0.008042097091674805
	xnorm=2.0449026251041893,dnorm=0.00033205760255375377
update time= 0.011225700378417969
	dense amplitude time= 0.0065958499908447266
	total non-zero amplitudes= 4900
	nsamples per process= 159
	sample time= 11.649441719055176
self.n= 1.6110745657126482
	RGN updated loss=-9.906229578533864,dloss=-4.58183004425905e-07
update time= 0.010303497314453125
step= 49

nparam= 240
	dense amplitude time= 0.005875587463378906
	total non-zero amplitudes= 4900
	nsamples per process= 159
	sample time= 12.529184103012085
self.n= 1.6110745657126482
	collect g,h time= 14.5142822265625
E=-9.906229578533864,dE=-4.58183004425905e-07,std=0
L=-9.906229578533864,dL=-4.58183004425905e-07,std=0
	gnorm= 0.0015046861084541756
	collect S matrix time= 0.024343490600585938
	nonzero=133,wmax=5.0547583968477285,wmin=0.005715191539011559
	SR solver time= 0.004515409469604492
	collect H matrix time= 0.01969456672668457
	nonzero=135,smax=6.113667850375746,smin=0.006345177273004865
	RGN solver time= 0.008092164993286133
	xnorm=2.0449116644930294,dnorm=0.00034744430504666916
update time= 0.011232137680053711
	dense amplitude time= 0.006600141525268555
	total non-zero amplitudes= 4900
	nsamples per process= 159
	sample time= 11.59652829170227
self.n= 1.6110530997921928
	RGN updated loss=-9.906229974045573,dloss=-3.955117087173221e-07
update time= 0.010285139083862305
layer= 0
nparam= 120
hop_ls= [(0, 1), (0, 2), (0, 3), (0, 4), (0, 5), (0, 6), (0, 7), (0, 8), (0, 9), (0, 10), (0, 11), (0, 12), (0, 13), (0, 14), (0, 15), (1, 2), (1, 3), (1, 4), (1, 5), (1, 6), (1, 7), (1, 8), (1, 9), (1, 10), (1, 11), (1, 12), (1, 13), (1, 14), (1, 15), (2, 3), (2, 4), (2, 5), (2, 6), (2, 7), (2, 8), (2, 9), (2, 10), (2, 11), (2, 12), (2, 13), (2, 14), (2, 15), (3, 4), (3, 5), (3, 6), (3, 7), (3, 8), (3, 9), (3, 10), (3, 11), (3, 12), (3, 13), (3, 14), (3, 15), (4, 5), (4, 6), (4, 7), (4, 8), (4, 9), (4, 10), (4, 11), (4, 12), (4, 13), (4, 14), (4, 15), (5, 6), (5, 7), (5, 8), (5, 9), (5, 10), (5, 11), (5, 12), (5, 13), (5, 14), (5, 15), (6, 7), (6, 8), (6, 9), (6, 10), (6, 11), (6, 12), (6, 13), (6, 14), (6, 15), (7, 8), (7, 9), (7, 10), (7, 11), (7, 12), (7, 13), (7, 14), (7, 15), (8, 9), (8, 10), (8, 11), (8, 12), (8, 13), (8, 14), (8, 15), (9, 10), (9, 11), (9, 12), (9, 13), (9, 14), (9, 15), (10, 11), (10, 12), (10, 13), (10, 14), (10, 15), (11, 12), (11, 13), (11, 14), (11, 15), (12, 13), (12, 14), (12, 15), (13, 14), (13, 15), (14, 15)]

update time= 0.010718107223510742
step= 50

nparam= 240
ntotal configs= 4900
	dense amplitude time= 0.008549690246582031
	total non-zero amplitudes= 4900
	nsamples per process= 159
	sample time= 12.400627136230469
self.n= 1.6110530997921928
	collect g,h time= 14.887430191040039
E=-9.906229974045573,dE=0,std=0
L=-9.906229974045573,dL=0,std=0
	gnorm= 0.0014663592626071576
	collect S matrix time= 0.025043725967407227
	nonzero=133,wmax=5.054826033757702,wmin=0.005715271541742383
	SR solver time= 0.004602193832397461
	collect H matrix time= 0.019457101821899414
	nonzero=135,smax=6.113728819229275,smin=0.006340777180660292
	RGN solver time= 0.008212804794311523
	xnorm=2.044905134590343,dnorm=0.0003233915410774271
update time= 0.011227846145629883
	dense amplitude time= 0.006294727325439453
	total non-zero amplitudes= 4900
	nsamples per process= 159
	sample time= 11.555952548980713
self.n= 1.6110399429586435
	RGN updated loss=-9.906230316756275,dloss=-3.427107024833731e-07
update time= 0.010555028915405273
step= 51

nparam= 240
	dense amplitude time= 0.011771202087402344
	total non-zero amplitudes= 4900
	nsamples per process= 159
	sample time= 12.45243501663208
self.n= 1.6110399429586435
	collect g,h time= 14.885160207748413
E=-9.906230316756275,dE=-3.427107024833731e-07,std=0
L=-9.906230316756275,dL=-3.427107024833731e-07,std=0
	gnorm= 0.0014322880926485755
	collect S matrix time= 0.024518489837646484
	nonzero=133,wmax=5.054883669297577,wmin=0.005715319643086072
	SR solver time= 0.004645586013793945
	collect H matrix time= 0.019803285598754883
	nonzero=135,smax=6.113780994037219,smin=0.006345462837418093
	RGN solver time= 0.00818777084350586
	xnorm=2.0449227374771626,dnorm=0.00030314985396240633
update time= 0.011309146881103516
	dense amplitude time= 0.006416797637939453
	total non-zero amplitudes= 4900
	nsamples per process= 159
	sample time= 11.510755062103271
self.n= 1.6110235825406742
	RGN updated loss=-9.906230611948747,dloss=-2.951924713556764e-07
update time= 0.010461568832397461
step= 52

nparam= 240
	dense amplitude time= 0.005963325500488281
	total non-zero amplitudes= 4900
	nsamples per process= 159
	sample time= 12.388119220733643
self.n= 1.6110235825406742
	collect g,h time= 14.900680303573608
E=-9.906230611948747,dE=-2.951924713556764e-07,std=0
L=-9.906230611948747,dL=-2.951924713556764e-07,std=0
	gnorm= 0.001402347893760007
	collect S matrix time= 0.024510860443115234
	nonzero=133,wmax=5.054934634099214,wmin=0.005715382518508505
	SR solver time= 0.004586935043334961
	collect H matrix time= 0.01976919174194336
	nonzero=135,smax=6.113826779254207,smin=0.006341003875481384
	RGN solver time= 0.008155584335327148
	xnorm=2.0449165341464357,dnorm=0.0002910307299885687
update time= 0.011217117309570312
	dense amplitude time= 0.00659489631652832
	total non-zero amplitudes= 4900
	nsamples per process= 159
	sample time= 11.511510610580444
self.n= 1.6110146620317052
	RGN updated loss=-9.90623086794241,dloss=-2.5599366360040676e-07
update time= 0.010576009750366211
step= 53

nparam= 240
	dense amplitude time= 0.005748748779296875
	total non-zero amplitudes= 4900
	nsamples per process= 159
	sample time= 12.428727865219116
self.n= 1.6110146620317052
	collect g,h time= 14.912682294845581
E=-9.90623086794241,dE=-2.5599366360040676e-07,std=0
L=-9.90623086794241,dL=-2.5599366360040676e-07,std=0
	gnorm= 0.0013758563288649053
	collect S matrix time= 0.02466297149658203
	nonzero=133,wmax=5.054977845377974,wmin=0.005715416587405721
	SR solver time= 0.004628658294677734
	collect H matrix time= 0.01948237419128418
	nonzero=135,smax=6.1138668236970295,smin=0.006345670255388085
	RGN solver time= 0.008072853088378906
	xnorm=2.04493361294333,dnorm=0.000267578660572019
update time= 0.011152982711791992
	dense amplitude time= 0.006272077560424805
	total non-zero amplitudes= 4900
	nsamples per process= 159
	sample time= 11.670207738876343
self.n= 1.6109983830769536
	RGN updated loss=-9.90623108823552,dloss=-2.202931099759553e-07
update time= 0.010516881942749023
step= 54

nparam= 240
	dense amplitude time= 0.00586247444152832
	total non-zero amplitudes= 4900
	nsamples per process= 159
	sample time= 12.421720743179321
self.n= 1.6109983830769536
	collect g,h time= 14.858985900878906
E=-9.90623108823552,dE=-2.202931099759553e-07,std=0
L=-9.90623108823552,dL=-2.202931099759553e-07,std=0
	gnorm= 0.0013525227657966194
	collect S matrix time= 0.025592565536499023
	nonzero=133,wmax=5.0550159666038414,wmin=0.005715484804071389
	SR solver time= 0.004744529724121094
	collect H matrix time= 0.019000530242919922
	nonzero=135,smax=6.113900723843442,smin=0.006341283979566935
	RGN solver time= 0.008182764053344727
	xnorm=2.0449286234914115,dnorm=0.0002479341424548288
update time= 0.011240482330322266
	dense amplitude time= 0.006749153137207031
	total non-zero amplitudes= 4900
	nsamples per process= 159
	sample time= 11.538126707077026
self.n= 1.6109915528422225
	RGN updated loss=-9.906231279824198,dloss=-1.915886773673492e-07
update time= 0.010416746139526367
step= 55

nparam= 240
	dense amplitude time= 0.005776166915893555
	total non-zero amplitudes= 4900
	nsamples per process= 159
	sample time= 12.424340724945068
self.n= 1.6109915528422225
	collect g,h time= 14.905516862869263
E=-9.906231279824198,dE=-1.915886773673492e-07,std=0
L=-9.906231279824198,dL=-1.915886773673492e-07,std=0
	gnorm= 0.0013319268207680364
	collect S matrix time= 0.024796485900878906
	nonzero=133,wmax=5.055048218317545,wmin=0.005715498352573506
	SR solver time= 0.00426173210144043
	collect H matrix time= 0.019996166229248047
	nonzero=135,smax=6.1139296974758,smin=0.006345930636697013
	RGN solver time= 0.007854700088500977
	xnorm=2.0449428387384705,dnorm=0.0002498679808059379
update time= 0.010986566543579102
	dense amplitude time= 0.006578207015991211
	total non-zero amplitudes= 4900
	nsamples per process= 159
	sample time= 11.519078731536865
self.n= 1.610980843635244
	RGN updated loss=-9.906231444406966,dloss=-1.6458276874686817e-07
update time= 0.010556697845458984
step= 56

nparam= 240
	dense amplitude time= 0.005898475646972656
	total non-zero amplitudes= 4900
	nsamples per process= 159
	sample time= 12.377054691314697
self.n= 1.610980843635244
	collect g,h time= 14.893373012542725
E=-9.906231444406966,dE=-1.6458276874686817e-07,std=0
L=-9.906231444406966,dL=-1.6458276874686817e-07,std=0
	gnorm= 0.0013141056595783911
	collect S matrix time= 0.024890899658203125
	nonzero=133,wmax=5.055077241788581,wmin=0.005715532114041115
	SR solver time= 0.004500389099121094
	collect H matrix time= 0.019623994827270508
	nonzero=135,smax=6.113955517839688,smin=0.006341436550916142
	RGN solver time= 0.00810098648071289
	xnorm=2.0449350137210764,dnorm=0.00023842660577173163
update time= 0.010985612869262695
	dense amplitude time= 0.006295680999755859
	total non-zero amplitudes= 4900
	nsamples per process= 159
	sample time= 11.519851922988892
self.n= 1.6109768809340705
	RGN updated loss=-9.906231587458814,dloss=-1.430518477008036e-07
update time= 0.010391950607299805
step= 57

nparam= 240
	dense amplitude time= 0.005723237991333008
	total non-zero amplitudes= 4900
	nsamples per process= 159
	sample time= 12.409807443618774
self.n= 1.6109768809340705
	collect g,h time= 14.901560068130493
E=-9.906231587458814,dE=-1.430518477008036e-07,std=0
L=-9.906231587458814,dL=-1.430518477008036e-07,std=0
	gnorm= 0.0012986218442672655
	collect S matrix time= 0.025149106979370117
	nonzero=133,wmax=5.055101434406386,wmin=0.005715543023263077
	SR solver time= 0.004525184631347656
	collect H matrix time= 0.019630908966064453
	nonzero=135,smax=6.113976731615647,smin=0.006345980855370856
	RGN solver time= 0.008143424987792969
	xnorm=2.044950775476991,dnorm=0.0002173583015641599
update time= 0.01097726821899414
	dense amplitude time= 0.006274223327636719
	total non-zero amplitudes= 4900
	nsamples per process= 159
	sample time= 11.59069275856018
self.n= 1.6109712773493607
	RGN updated loss=-9.906231710488845,dloss=-1.230300306076515e-07
update time= 0.010360956192016602
step= 58

nparam= 240
	dense amplitude time= 0.0060536861419677734
	total non-zero amplitudes= 4900
	nsamples per process= 159
	sample time= 12.506242275238037
self.n= 1.6109712773493607
	collect g,h time= 14.894068479537964
E=-9.906231710488845,dE=-1.230300306076515e-07,std=0
L=-9.906231710488845,dL=-1.230300306076515e-07,std=0
	gnorm= 0.0012847702359958647
	collect S matrix time= 0.024997234344482422
	nonzero=133,wmax=5.055123582549469,wmin=0.005715572847942707
	SR solver time= 0.004524707794189453
	collect H matrix time= 0.019681453704833984
	nonzero=135,smax=6.11399694630967,smin=0.006341370573500041
	RGN solver time= 0.00822305679321289
	xnorm=2.0449433550061586,dnorm=0.00021062671629998398
update time= 0.01108860969543457
	dense amplitude time= 0.006255388259887695
	total non-zero amplitudes= 4900
	nsamples per process= 159
	sample time= 11.511361122131348
self.n= 1.6109694878217384
	RGN updated loss=-9.906231817831953,dloss=-1.0734310862403618e-07
update time= 0.010290861129760742
step= 59

nparam= 240
	dense amplitude time= 0.005829572677612305
	total non-zero amplitudes= 4900
	nsamples per process= 159
	sample time= 12.370029926300049
self.n= 1.6109694878217384
	collect g,h time= 14.908372402191162
E=-9.906231817831953,dE=-1.0734310862403618e-07,std=0
L=-9.906231817831953,dL=-1.0734310862403618e-07,std=0
	gnorm= 0.0012724725208411506
	collect S matrix time= 0.024565458297729492
	nonzero=133,wmax=5.055141784236523,wmin=0.005715577876720083
	SR solver time= 0.0044994354248046875
	collect H matrix time= 0.019659996032714844
	nonzero=135,smax=6.11401350881665,smin=0.006346053793087335
	RGN solver time= 0.008168697357177734
	xnorm=2.0449567052037243,dnorm=0.00020588008888496875
update time= 0.011052370071411133
	dense amplitude time= 0.0064449310302734375
	total non-zero amplitudes= 4900
	nsamples per process= 159
	sample time= 11.512525081634521
self.n= 1.6109609637361566
	RGN updated loss=-9.906231909283118,dloss=-9.14511648630878e-08
update time= 0.010573625564575195
step= 60

nparam= 240
	dense amplitude time= 0.006029605865478516
	total non-zero amplitudes= 4900
	nsamples per process= 159
	sample time= 12.384589433670044
self.n= 1.6109609637361566
	collect g,h time= 14.881202936172485
E=-9.906231909283118,dE=-9.14511648630878e-08,std=0
L=-9.906231909283118,dL=-9.14511648630878e-08,std=0
	gnorm= 0.001262491209668511
	collect S matrix time= 0.02480316162109375
	nonzero=133,wmax=5.055158537046329,wmin=0.005715609021287766
	SR solver time= 0.004503965377807617
	collect H matrix time= 0.019521713256835938
	nonzero=135,smax=6.114027806281944,smin=0.0063415060987770866
	RGN solver time= 0.008153438568115234
	xnorm=2.04494910581362,dnorm=0.00021963064884878623
update time= 0.011065006256103516
	dense amplitude time= 0.006327390670776367
	total non-zero amplitudes= 4900
	nsamples per process= 159
	sample time= 11.513402938842773
self.n= 1.6109621315532245
	RGN updated loss=-9.906231989884953,dloss=-8.060183454006165e-08
update time= 0.010457992553710938
step= 61

nparam= 240
	dense amplitude time= 0.012104988098144531
	total non-zero amplitudes= 4900
	nsamples per process= 159
	sample time= 12.374093770980835
self.n= 1.6109621315532245
	collect g,h time= 14.887046337127686
E=-9.906231989884953,dE=-8.060183454006165e-08,std=0
L=-9.906231989884953,dL=-8.060183454006165e-08,std=0
	gnorm= 0.0012529078535174858
	collect S matrix time= 0.024990558624267578
	nonzero=133,wmax=5.055172267384442,wmin=0.005715613418576134
	SR solver time= 0.004543304443359375
	collect H matrix time= 0.019697189331054688
	nonzero=135,smax=6.114040755575839,smin=0.00634605111757479
	RGN solver time= 0.0081787109375
	xnorm=2.0449647819421317,dnorm=0.00020398370597661292
update time= 0.01102900505065918
	dense amplitude time= 0.006295680999755859
	total non-zero amplitudes= 4900
	nsamples per process= 159
	sample time= 11.580920696258545
self.n= 1.6109543040763787
	RGN updated loss=-9.906232058204083,dloss=-6.831912990890032e-08
update time= 0.01027369499206543
step= 62

nparam= 240
	dense amplitude time= 0.005757570266723633
	total non-zero amplitudes= 4900
	nsamples per process= 159
	sample time= 12.519937992095947
self.n= 1.6109543040763787
	collect g,h time= 14.845927238464355
E=-9.906232058204083,dE=-6.831912990890032e-08,std=0
L=-9.906232058204083,dL=-6.831912990890032e-08,std=0
	gnorm= 0.001245264517856589
	collect S matrix time= 0.02493453025817871
	nonzero=133,wmax=5.055185113081592,wmin=0.005715640680423069
	SR solver time= 0.004541873931884766
	collect H matrix time= 0.01950812339782715
	nonzero=135,smax=6.114052086759548,smin=0.0063415030482276485
	RGN solver time= 0.007935047149658203
	xnorm=2.0449554994146797,dnorm=0.0001864541440911315
update time= 0.011017560958862305
	dense amplitude time= 0.006399869918823242
	total non-zero amplitudes= 4900
	nsamples per process= 159
	sample time= 11.542856454849243
self.n= 1.6109550895293265
	RGN updated loss=-9.906232118142047,dloss=-5.993796392544937e-08
update time= 0.010242462158203125
step= 63

nparam= 240
	dense amplitude time= 0.01778554916381836
	total non-zero amplitudes= 4900
	nsamples per process= 159
	sample time= 12.449153661727905
self.n= 1.6109550895293265
	collect g,h time= 14.921973943710327
E=-9.906232118142047,dE=-5.993796392544937e-08,std=0
L=-9.906232118142047,dL=-5.993796392544937e-08,std=0
	gnorm= 0.0012383959170372265
	collect S matrix time= 0.024394750595092773
	nonzero=133,wmax=5.055195392832003,wmin=0.005715637305648546
	SR solver time= 0.004656791687011719
	collect H matrix time= 0.01955580711364746
	nonzero=135,smax=6.114060706709402,smin=0.006346095140463804
	RGN solver time= 0.008144378662109375
	xnorm=2.0449683897042954,dnorm=0.00017054089801301508
update time= 0.011270284652709961
	dense amplitude time= 0.006632566452026367
	total non-zero amplitudes= 4900
	nsamples per process= 159
	sample time= 11.54107117652893
self.n= 1.6109514925204973
	RGN updated loss=-9.906232169549483,dloss=-5.140743652987112e-08
update time= 0.01057291030883789
step= 64

nparam= 240
	dense amplitude time= 0.005812883377075195
	total non-zero amplitudes= 4900
	nsamples per process= 159
	sample time= 12.39577603340149
self.n= 1.6109514925204973
	collect g,h time= 14.857953071594238
E=-9.906232169549483,dE=-5.140743652987112e-08,std=0
L=-9.906232169549483,dL=-5.140743652987112e-08,std=0
	gnorm= 0.0012322642501645406
	collect S matrix time= 0.024557113647460938
	nonzero=133,wmax=5.0552055012672845,wmin=0.00571566039860015
	SR solver time= 0.00463104248046875
	collect H matrix time= 0.019564390182495117
	nonzero=135,smax=6.1140701568937414,smin=0.006341552418991829
	RGN solver time= 0.008180856704711914
	xnorm=2.0449606378847482,dnorm=0.00017483656588199644
update time= 0.011182785034179688
	dense amplitude time= 0.006742238998413086
	total non-zero amplitudes= 4900
	nsamples per process= 159
	sample time= 11.5353684425354
self.n= 1.6109499983583337
	RGN updated loss=-9.906232214309656,dloss=-4.476017245735875e-08
update time= 0.010552406311035156
step= 65

nparam= 240
	dense amplitude time= 0.005903482437133789
	total non-zero amplitudes= 4900
	nsamples per process= 159
	sample time= 12.418761730194092
self.n= 1.6109499983583337
	collect g,h time= 14.932399272918701
E=-9.906232214309656,dE=-4.476017245735875e-08,std=0
L=-9.906232214309656,dL=-4.476017245735875e-08,std=0
	gnorm= 0.0012271354089776064
	collect S matrix time= 0.025095224380493164
	nonzero=133,wmax=5.055213195681035,wmin=0.0057156631097378344
	SR solver time= 0.004641532897949219
	collect H matrix time= 0.01955437660217285
	nonzero=135,smax=6.114076612527967,smin=0.006346100764682768
	RGN solver time= 0.008098602294921875
	xnorm=2.0449744983347853,dnorm=0.00016595682853505622
update time= 0.01124262809753418
	dense amplitude time= 0.006490230560302734
	total non-zero amplitudes= 4900
	nsamples per process= 159
	sample time= 11.608230113983154
self.n= 1.6109471285140033
	RGN updated loss=-9.906232252448318,dloss=-3.8138662006304e-08
update time= 0.010457038879394531
step= 66

nparam= 240
	dense amplitude time= 0.005666017532348633
	total non-zero amplitudes= 4900
	nsamples per process= 159
	sample time= 12.518882513046265
self.n= 1.6109471285140033
	collect g,h time= 14.833935976028442
E=-9.906232252448318,dE=-3.8138662006304e-08,std=0
L=-9.906232252448318,dL=-3.8138662006304e-08,std=0
	gnorm= 0.0012227110756557098
	collect S matrix time= 0.024877309799194336
	nonzero=133,wmax=5.055221067966324,wmin=0.005715682014605918
	SR solver time= 0.0046215057373046875
	collect H matrix time= 0.0194852352142334
	nonzero=135,smax=6.114083904195652,smin=0.006341494664876178
	RGN solver time= 0.00813603401184082
	xnorm=2.0449655131846094,dnorm=0.00016221239648614712
update time= 0.011178016662597656
	dense amplitude time= 0.006443500518798828
	total non-zero amplitudes= 4900
	nsamples per process= 159
	sample time= 11.512380361557007
self.n= 1.6109480226371422
	RGN updated loss=-9.906232286194497,dloss=-3.374617918439071e-08
update time= 0.010492801666259766
step= 67

nparam= 240
	dense amplitude time= 0.0062558650970458984
	total non-zero amplitudes= 4900
	nsamples per process= 159
	sample time= 12.38379979133606
self.n= 1.6109480226371422
	collect g,h time= 15.003665208816528
E=-9.906232286194497,dE=-3.374617918439071e-08,std=0
L=-9.906232286194497,dL=-3.374617918439071e-08,std=0
	gnorm= 0.0012186975936949508
	collect S matrix time= 0.02460455894470215
	nonzero=133,wmax=5.055226941803595,wmin=0.005715676373412207
	SR solver time= 0.0046765804290771484
	collect H matrix time= 0.01934361457824707
	nonzero=135,smax=6.114088684246243,smin=0.006346108013983551
	RGN solver time= 0.008200883865356445
	xnorm=2.0449773061011864,dnorm=0.00015486798630260504
update time= 0.011205196380615234
	dense amplitude time= 0.006431102752685547
	total non-zero amplitudes= 4900
	nsamples per process= 159
	sample time= 11.553841829299927
self.n= 1.6109448697559245
	RGN updated loss=-9.90623231480504,dloss=-2.8610543267859612e-08
update time= 0.010432243347167969
step= 68

nparam= 240
	dense amplitude time= 0.006121635437011719
	total non-zero amplitudes= 4900
	nsamples per process= 159
	sample time= 12.430394649505615
self.n= 1.6109448697559245
	collect g,h time= 14.859051704406738
E=-9.90623231480504,dE=-2.8610543267859612e-08,std=0
L=-9.90623231480504,dL=-2.8610543267859612e-08,std=0
	gnorm= 0.0012152801267487296
	collect S matrix time= 0.02465367317199707
	nonzero=133,wmax=5.055233196037684,wmin=0.005715696010689701
	SR solver time= 0.004622459411621094
	collect H matrix time= 0.019656896591186523
	nonzero=135,smax=6.114094682385309,smin=0.006341576460621324
	RGN solver time= 0.008162736892700195
	xnorm=2.0449688992370167,dnorm=0.00015988713453787517
update time= 0.011214494705200195
	dense amplitude time= 0.006604194641113281
	total non-zero amplitudes= 4900
	nsamples per process= 159
	sample time= 11.515598773956299
self.n= 1.6109439516544286
	RGN updated loss=-9.906232339941988,dloss=-2.5136948522685998e-08
update time= 0.010483741760253906
step= 69

nparam= 240
	dense amplitude time= 0.005839347839355469
	total non-zero amplitudes= 4900
	nsamples per process= 159
	sample time= 12.418068408966064
self.n= 1.6109439516544286
	collect g,h time= 14.914217948913574
E=-9.906232339941988,dE=-2.5136948522685998e-08,std=0
L=-9.906232339941988,dL=-2.5136948522685998e-08,std=0
	gnorm= 0.0012123491853680511
	collect S matrix time= 0.025225400924682617
	nonzero=133,wmax=5.055237541536331,wmin=0.005715695364756721
	SR solver time= 0.0046617984771728516
	collect H matrix time= 0.01976633071899414
	nonzero=135,smax=6.114098124668576,smin=0.006346122482552036
	RGN solver time= 0.008117437362670898
	xnorm=2.044982161264209,dnorm=0.0001537730882578877
update time= 0.011323928833007812
	dense amplitude time= 0.006597757339477539
	total non-zero amplitudes= 4900
	nsamples per process= 159
	sample time= 11.61505126953125
self.n= 1.6109416844525848
	RGN updated loss=-9.906232361142301,dloss=-2.120031261654276e-08
update time= 0.010645627975463867
