layer= 0
nparam= 120
hop_ls= [(0, 1), (0, 2), (0, 3), (0, 4), (0, 5), (0, 6), (0, 7), (0, 8), (0, 9), (0, 10), (0, 11), (0, 12), (0, 13), (0, 14), (0, 15), (1, 2), (1, 3), (1, 4), (1, 5), (1, 6), (1, 7), (1, 8), (1, 9), (1, 10), (1, 11), (1, 12), (1, 13), (1, 14), (1, 15), (2, 3), (2, 4), (2, 5), (2, 6), (2, 7), (2, 8), (2, 9), (2, 10), (2, 11), (2, 12), (2, 13), (2, 14), (2, 15), (3, 4), (3, 5), (3, 6), (3, 7), (3, 8), (3, 9), (3, 10), (3, 11), (3, 12), (3, 13), (3, 14), (3, 15), (4, 5), (4, 6), (4, 7), (4, 8), (4, 9), (4, 10), (4, 11), (4, 12), (4, 13), (4, 14), (4, 15), (5, 6), (5, 7), (5, 8), (5, 9), (5, 10), (5, 11), (5, 12), (5, 13), (5, 14), (5, 15), (6, 7), (6, 8), (6, 9), (6, 10), (6, 11), (6, 12), (6, 13), (6, 14), (6, 15), (7, 8), (7, 9), (7, 10), (7, 11), (7, 12), (7, 13), (7, 14), (7, 15), (8, 9), (8, 10), (8, 11), (8, 12), (8, 13), (8, 14), (8, 15), (9, 10), (9, 11), (9, 12), (9, 13), (9, 14), (9, 15), (10, 11), (10, 12), (10, 13), (10, 14), (10, 15), (11, 12), (11, 13), (11, 14), (11, 15), (12, 13), (12, 14), (12, 15), (13, 14), (13, 15), (14, 15)]

update time= 0.010774850845336914
step= 0

nparam= 240
ntotal configs= 4900
	dense amplitude time= 0.06502914428710938
	total non-zero amplitudes= 4900
	nsamples per process= 159
	sample time= 13.563905000686646
self.n= 0.8273890820950324
	collect g,h time= 17.08799719810486
E=-9.593054185597445,dE=0,std=0
L=-9.593054185597445,dL=0,std=0
	gnorm= 0.36804588003630795
	collect S matrix time= 0.025745630264282227
	nonzero=140,wmax=3.122376987239784,wmin=0.0033071151861027337
	SR solver time= 0.004604339599609375
	collect H matrix time= 0.019441843032836914
	nonzero=140,smax=4.737518106625281,smin=0.006607267762107737
	RGN solver time= 0.007957220077514648
	xnorm=0.8698734512638606,dnorm=0.8142648027945604
update time= 0.01121068000793457
	dense amplitude time= 0.006498813629150391
	total non-zero amplitudes= 4900
	nsamples per process= 159
	sample time= 12.663781881332397
self.n= 0.957691039627577
	RGN updated loss=-9.799093991571157,dloss=-0.2060398059737114
update time= 0.010484457015991211
step= 1

nparam= 240
	dense amplitude time= 0.011370420455932617
	total non-zero amplitudes= 4900
	nsamples per process= 159
	sample time= 13.538668632507324
self.n= 0.957691039627577
	collect g,h time= 17.051268100738525
E=-9.799093991571157,dE=-0.2060398059737114,std=0
L=-9.799093991571157,dL=-0.2060398059737114,std=0
	gnorm= 0.20038247308285054
	collect S matrix time= 0.024297475814819336
	nonzero=137,wmax=3.9176441968980815,wmin=0.0051020400376983405
	SR solver time= 0.004442930221557617
	collect H matrix time= 0.01974344253540039
	nonzero=140,smax=4.801115415676209,smin=0.005360501233778589
	RGN solver time= 0.00805521011352539
	xnorm=1.0684104337945046,dnorm=0.546635894337522
update time= 0.00993967056274414
	dense amplitude time= 0.006392002105712891
	total non-zero amplitudes= 4900
	nsamples per process= 159
	sample time= 12.423109769821167
self.n= 1.1370038535376583
	RGN updated loss=-9.863146874203368,dloss=-0.0640528826322111
update time= 0.00919485092163086
step= 2

nparam= 240
	dense amplitude time= 0.006227731704711914
	total non-zero amplitudes= 4900
	nsamples per process= 159
	sample time= 13.389639616012573
self.n= 1.1370038535376583
	collect g,h time= 17.067688465118408
E=-9.863146874203368,dE=-0.0640528826322111,std=0
L=-9.863146874203368,dL=-0.0640528826322111,std=0
	gnorm= 0.1129027385705399
	collect S matrix time= 0.025490283966064453
	nonzero=134,wmax=4.348758316078161,wmin=0.004659785205572939
	SR solver time= 0.004407167434692383
	collect H matrix time= 0.020013809204101562
	nonzero=137,smax=5.316165873349277,smin=0.007045003912277833
	RGN solver time= 0.00797581672668457
	xnorm=1.4528998600248382,dnorm=0.36557352393926856
update time= 0.011217355728149414
	dense amplitude time= 0.0066869258880615234
	total non-zero amplitudes= 4900
	nsamples per process= 159
	sample time= 12.372804403305054
self.n= 1.213577488957922
	RGN updated loss=-9.889153461523952,dloss=-0.026006587320583918
update time= 0.010557174682617188
step= 3

nparam= 240
	dense amplitude time= 0.0064389705657958984
	total non-zero amplitudes= 4900
	nsamples per process= 159
	sample time= 13.28056025505066
self.n= 1.213577488957922
	collect g,h time= 17.053588151931763
E=-9.889153461523952,dE=-0.026006587320583918,std=0
L=-9.889153461523952,dL=-0.026006587320583918,std=0
	gnorm= 0.06805453627449363
	collect S matrix time= 0.024867534637451172
	nonzero=133,wmax=4.62029561242267,wmin=0.004968841122564268
	SR solver time= 0.0043392181396484375
	collect H matrix time= 0.020273923873901367
	nonzero=135,smax=5.6345741585960765,smin=0.006629658654241903
	RGN solver time= 0.008035659790039062
	xnorm=1.7050741860100582,dnorm=0.2073383568781244
update time= 0.011059999465942383
	dense amplitude time= 0.0062046051025390625
	total non-zero amplitudes= 4900
	nsamples per process= 159
	sample time= 11.908220529556274
self.n= 1.2429546247703356
	RGN updated loss=-9.898885923494172,dloss=-0.00973246197021993
update time= 0.010416746139526367
step= 4

nparam= 240
	dense amplitude time= 0.006476879119873047
	total non-zero amplitudes= 4900
	nsamples per process= 159
	sample time= 12.854849338531494
self.n= 1.2429546247703356
	collect g,h time= 17.081236362457275
E=-9.898885923494172,dE=-0.00973246197021993,std=0
L=-9.898885923494172,dL=-0.00973246197021993,std=0
	gnorm= 0.04303103754776691
	collect S matrix time= 0.024386167526245117
	nonzero=133,wmax=4.770053908677281,wmin=0.0050095553516725545
	SR solver time= 0.0044672489166259766
	collect H matrix time= 0.020804643630981445
	nonzero=134,smax=5.810231136509828,smin=0.00806082165414344
	RGN solver time= 0.008082866668701172
	xnorm=1.8533405708506987,dnorm=0.08648868548204369
update time= 0.01122736930847168
	dense amplitude time= 0.006522655487060547
	total non-zero amplitudes= 4900
	nsamples per process= 159
	sample time= 11.78101634979248
self.n= 1.231804932557394
	RGN updated loss=-9.902779433375644,dloss=-0.003893509881471857
update time= 0.010479450225830078
step= 5

nparam= 240
	dense amplitude time= 0.006291866302490234
	total non-zero amplitudes= 4900
	nsamples per process= 159
	sample time= 12.641597270965576
self.n= 1.231804932557394
	collect g,h time= 17.051687479019165
E=-9.902779433375644,dE=-0.003893509881471857,std=0
L=-9.902779433375644,dL=-0.003893509881471857,std=0
	gnorm= 0.028796758971018552
	collect S matrix time= 0.024171829223632812
	nonzero=133,wmax=4.852323447600652,wmin=0.005040598510223792
	SR solver time= 0.0044705867767333984
	collect H matrix time= 0.01981329917907715
	nonzero=134,smax=5.90422057635005,smin=0.007948254552572151
	RGN solver time= 0.007942438125610352
	xnorm=1.8866180581391825,dnorm=0.057999841768617263
update time= 0.011265754699707031
	dense amplitude time= 0.0066945552825927734
	total non-zero amplitudes= 4900
	nsamples per process= 159
	sample time= 11.421362400054932
self.n= 1.2162581296134705
	RGN updated loss=-9.904528624770537,dloss=-0.001749191394893046
update time= 0.010498523712158203
step= 6

nparam= 240
	dense amplitude time= 0.006436824798583984
	total non-zero amplitudes= 4900
	nsamples per process= 159
	sample time= 12.342125415802002
self.n= 1.2162581296134705
	collect g,h time= 17.058132648468018
E=-9.904528624770537,dE=-0.001749191394893046,std=0
L=-9.904528624770537,dL=-0.001749191394893046,std=0
	gnorm= 0.020261356873739457
	collect S matrix time= 0.0246124267578125
	nonzero=133,wmax=4.902089426367931,wmin=0.00511053903567445
	SR solver time= 0.004161834716796875
	collect H matrix time= 0.02008223533630371
	nonzero=134,smax=5.959380252119447,smin=0.007972672181551194
	RGN solver time= 0.007844924926757812
	xnorm=1.9018273771270982,dnorm=0.04297298872789329
update time= 0.011095523834228516
	dense amplitude time= 0.0066547393798828125
	total non-zero amplitudes= 4900
	nsamples per process= 159
	sample time= 9.694764375686646
self.n= 1.2004138429716487
	RGN updated loss=-9.905388063350284,dloss=-0.0008594385797469073
update time= 0.010322332382202148
step= 7

nparam= 240
	dense amplitude time= 0.0063686370849609375
	total non-zero amplitudes= 4900
	nsamples per process= 159
	sample time= 10.510352373123169
self.n= 1.2004138429716487
	collect g,h time= 17.114558458328247
E=-9.905388063350284,dE=-0.0008594385797469073,std=0
L=-9.905388063350284,dL=-0.0008594385797469073,std=0
	gnorm= 0.01494409825381197
	collect S matrix time= 0.02447676658630371
	nonzero=133,wmax=4.934160995679361,wmin=0.005183278972804522
	SR solver time= 0.004461765289306641
	collect H matrix time= 0.01977372169494629
	nonzero=134,smax=5.993916254080012,smin=0.00807181822593604
	RGN solver time= 0.008054494857788086
	xnorm=1.907991752433053,dnorm=0.03379046370007698
update time= 0.011270999908447266
	dense amplitude time= 0.006994962692260742
	total non-zero amplitudes= 4900
	nsamples per process= 159
	sample time= 10.345755338668823
self.n= 1.1861327954046907
	RGN updated loss=-9.905846435871348,dloss=-0.0004583725210647316
update time= 0.010378360748291016
step= 8

nparam= 240
	dense amplitude time= 0.006338357925415039
	total non-zero amplitudes= 4900
	nsamples per process= 159
	sample time= 11.14520263671875
self.n= 1.1861327954046907
	collect g,h time= 17.08217453956604
E=-9.905846435871348,dE=-0.0004583725210647316,std=0
L=-9.905846435871348,dL=-0.0004583725210647316,std=0
	gnorm= 0.011484512771482203
	collect S matrix time= 0.024352550506591797
	nonzero=133,wmax=4.9561808042130755,wmin=0.005253138918231198
	SR solver time= 0.004210472106933594
	collect H matrix time= 0.020041465759277344
	nonzero=134,smax=6.016980167394766,smin=0.008196244978378859
	RGN solver time= 0.007643938064575195
	xnorm=1.9099164689125159,dnorm=0.027344941340696854
update time= 0.011112213134765625
	dense amplitude time= 0.0066335201263427734
	total non-zero amplitudes= 4900
	nsamples per process= 159
	sample time= 10.714709281921387
self.n= 1.1739907057256596
	RGN updated loss=-9.906109337435065,dloss=-0.0002629015637172216
update time= 0.010210990905761719
step= 9

nparam= 240
	dense amplitude time= 0.006499767303466797
	total non-zero amplitudes= 4900
	nsamples per process= 159
	sample time= 11.583343505859375
self.n= 1.1739907057256596
	collect g,h time= 17.06014847755432
E=-9.906109337435065,dE=-0.0002629015637172216,std=0
L=-9.906109337435065,dL=-0.0002629015637172216,std=0
	gnorm= 0.009115151000023497
	collect S matrix time= 0.024637222290039062
	nonzero=133,wmax=4.9722433467248015,wmin=0.005314730526411697
	SR solver time= 0.004191398620605469
	collect H matrix time= 0.020694732666015625
	nonzero=134,smax=6.03338918259783,smin=0.008327422183132979
	RGN solver time= 0.007831335067749023
	xnorm=1.9099831038692048,dnorm=0.02244735351558737
update time= 0.011059761047363281
	dense amplitude time= 0.006489753723144531
	total non-zero amplitudes= 4900
	nsamples per process= 159
	sample time= 11.08486795425415
self.n= 1.1639717387087414
	RGN updated loss=-9.906269405328416,dloss=-0.0001600678933506572
update time= 0.010331153869628906
step= 10

nparam= 240
	dense amplitude time= 0.00638127326965332
	total non-zero amplitudes= 4900
	nsamples per process= 159
	sample time= 11.917109727859497
self.n= 1.1639717387087414
	collect g,h time= 17.07297968864441
E=-9.906269405328416,dE=-0.0001600678933506572,std=0
L=-9.906269405328416,dL=-0.0001600678933506572,std=0
	gnorm= 0.00740988272250258
	collect S matrix time= 0.024729013442993164
	nonzero=133,wmax=4.984602791079207,wmin=0.005367695930308627
	SR solver time= 0.0043981075286865234
	collect H matrix time= 0.019848108291625977
	nonzero=134,smax=6.045755972157212,smin=0.00845508989980695
	RGN solver time= 0.008049964904785156
	xnorm=1.9093197704209732,dnorm=0.018539745142899817
update time= 0.011169672012329102
	dense amplitude time= 0.006597280502319336
	total non-zero amplitudes= 4900
	nsamples per process= 159
	sample time= 11.271651029586792
self.n= 1.1558256044463586
	RGN updated loss=-9.906371467858289,dloss=-0.00010206252987288167
update time= 0.010265350341796875
step= 11

nparam= 240
	dense amplitude time= 0.006481647491455078
	total non-zero amplitudes= 4900
	nsamples per process= 159
	sample time= 12.132333517074585
self.n= 1.1558256044463586
	collect g,h time= 16.988561868667603
E=-9.906371467858289,dE=-0.00010206252987288167,std=0
L=-9.906371467858289,dL=-0.00010206252987288167,std=0
	gnorm= 0.006127927813911329
	collect S matrix time= 0.024616479873657227
	nonzero=133,wmax=4.994529176804979,wmin=0.005416770887059139
	SR solver time= 0.004235506057739258
	collect H matrix time= 0.0202944278717041
	nonzero=134,smax=6.055536189056197,smin=0.008575031613738212
	RGN solver time= 0.007937192916870117
	xnorm=1.9084474363352266,dnorm=0.015363200146540065
update time= 0.011182069778442383
	dense amplitude time= 0.006804943084716797
	total non-zero amplitudes= 4900
	nsamples per process= 159
	sample time= 11.511543035507202
self.n= 1.1492466263491634
	RGN updated loss=-9.906438804285344,dloss=-6.733642705469833e-05
update time= 0.010489463806152344
step= 12

nparam= 240
	dense amplitude time= 0.006376743316650391
	total non-zero amplitudes= 4900
	nsamples per process= 159
	sample time= 12.378632307052612
self.n= 1.1492466263491634
	collect g,h time= 16.991321563720703
E=-9.906438804285344,dE=-6.733642705469833e-05,std=0
L=-9.906438804285344,dL=-6.733642705469833e-05,std=0
	gnorm= 0.005131772234745529
	collect S matrix time= 0.024563312530517578
	nonzero=133,wmax=5.0027585993753,wmin=0.0054631084128612855
	SR solver time= 0.0042231082916259766
	collect H matrix time= 0.020112037658691406
	nonzero=134,smax=6.063560774244329,smin=0.008682947898967713
	RGN solver time= 0.007832527160644531
	xnorm=1.9075897809621072,dnorm=0.012762429965456675
update time= 0.011120080947875977
	dense amplitude time= 0.006281137466430664
	total non-zero amplitudes= 4900
	nsamples per process= 159
	sample time= 11.344518661499023
self.n= 1.1439434288105583
	RGN updated loss=-9.906484340699603,dloss=-4.5536414258862123e-05
update time= 0.010584115982055664
step= 13

nparam= 240
	dense amplitude time= 0.006364345550537109
	total non-zero amplitudes= 4900
	nsamples per process= 159
	sample time= 12.2178795337677
self.n= 1.1439434288105583
	collect g,h time= 16.98132610321045
E=-9.906484340699603,dE=-4.5536414258862123e-05,std=0
L=-9.906484340699603,dL=-4.5536414258862123e-05,std=0
	gnorm= 0.004339307989381939
	collect S matrix time= 0.024726390838623047
	nonzero=133,wmax=5.009730643755656,wmin=0.005505925359259162
	SR solver time= 0.00441431999206543
	collect H matrix time= 0.019841670989990234
	nonzero=134,smax=6.070318030393203,smin=0.008780631234150705
	RGN solver time= 0.008112192153930664
	xnorm=1.9068325751084787,dnorm=0.01062617219831895
update time= 0.011222124099731445
	dense amplitude time= 0.006556510925292969
	total non-zero amplitudes= 4900
	nsamples per process= 159
	sample time= 11.482558250427246
self.n= 1.1396652016762565
	RGN updated loss=-9.906515686600972,dloss=-3.134590136966153e-05
update time= 0.01049041748046875
step= 14

nparam= 240
	dense amplitude time= 0.005983114242553711
	total non-zero amplitudes= 4900
	nsamples per process= 159
	sample time= 12.295026302337646
self.n= 1.1396652016762565
	collect g,h time= 16.994316339492798
E=-9.906515686600972,dE=-3.134590136966153e-05,std=0
L=-9.906515686600972,dL=-3.134590136966153e-05,std=0
	gnorm= 0.003699922618072639
	collect S matrix time= 0.02549576759338379
	nonzero=133,wmax=5.015719451695876,wmin=0.005544153822904665
	SR solver time= 0.004197597503662109
	collect H matrix time= 0.020277023315429688
	nonzero=134,smax=6.076105233234002,smin=0.008865755123017327
	RGN solver time= 0.007721662521362305
	xnorm=1.9061982886199542,dnorm=0.00886427076342725
update time= 0.01110219955444336
	dense amplitude time= 0.006350278854370117
	total non-zero amplitudes= 4900
	nsamples per process= 159
	sample time= 11.329840898513794
self.n= 1.1362054770652157
	RGN updated loss=-9.906537546252611,dloss=-2.1859651639033473e-05
update time= 0.01042318344116211
step= 15

nparam= 240
	dense amplitude time= 0.006190061569213867
	total non-zero amplitudes= 4900
	nsamples per process= 159
	sample time= 12.21775770187378
self.n= 1.1362054770652157
	collect g,h time= 16.978731393814087
E=-9.906537546252611,dE=-2.1859651639033473e-05,std=0
L=-9.906537546252611,dL=-2.1859651639033473e-05,std=0
	gnorm= 0.0031796595497987122
	collect S matrix time= 0.024634599685668945
	nonzero=133,wmax=5.020903845237811,wmin=0.005576048403881299
	SR solver time= 0.004202604293823242
	collect H matrix time= 0.02026653289794922
	nonzero=134,smax=6.081111727872265,smin=0.008940602194743904
	RGN solver time= 0.007862567901611328
	xnorm=1.9056847500961644,dnorm=0.007412426187944459
update time= 0.011134624481201172
	dense amplitude time= 0.006587982177734375
	total non-zero amplitudes= 4900
	nsamples per process= 159
	sample time= 11.40959358215332
self.n= 1.1333996268389666
	RGN updated loss=-9.906552940140381,dloss=-1.5393887769832304e-05
update time= 0.010422229766845703
step= 16

nparam= 240
	dense amplitude time= 0.006597995758056641
	total non-zero amplitudes= 4900
	nsamples per process= 159
	sample time= 12.346261262893677
self.n= 1.1333996268389666
	collect g,h time= 16.992178916931152
E=-9.906552940140381,dE=-1.5393887769832304e-05,std=0
L=-9.906552940140381,dL=-1.5393887769832304e-05,std=0
	gnorm= 0.0027548842916252938
	collect S matrix time= 0.02476334571838379
	nonzero=133,wmax=5.025410005010595,wmin=0.005599282813818462
	SR solver time= 0.004212379455566406
	collect H matrix time= 0.0203249454498291
	nonzero=134,smax=6.085465591148302,smin=0.009004606404071847
	RGN solver time= 0.0076940059661865234
	xnorm=1.9052747211155723,dnorm=0.006212353356682698
update time= 0.011206865310668945
	dense amplitude time= 0.006410360336303711
	total non-zero amplitudes= 4900
	nsamples per process= 159
	sample time= 11.465002536773682
self.n= 1.1311162950418174
	RGN updated loss=-9.906563864030986,dloss=-1.0923890604530584e-05
update time= 0.010495424270629883
step= 17

nparam= 240
	dense amplitude time= 0.006414651870727539
	total non-zero amplitudes= 4900
	nsamples per process= 159
	sample time= 12.335389852523804
self.n= 1.1311162950418174
	collect g,h time= 17.017350673675537
E=-9.906563864030986,dE=-1.0923890604530584e-05,std=0
L=-9.906563864030986,dL=-1.0923890604530584e-05,std=0
	gnorm= 0.0024079404339160206
	collect S matrix time= 0.024647235870361328
	nonzero=133,wmax=5.029332268306886,wmin=0.005615528523905956
	SR solver time= 0.004392385482788086
	collect H matrix time= 0.01990652084350586
	nonzero=134,smax=6.0892604083855,smin=0.009060442636840691
	RGN solver time= 0.008005619049072266
	xnorm=1.9049507808640593,dnorm=0.005215414661012177
update time= 0.011220455169677734
	dense amplitude time= 0.006661176681518555
	total non-zero amplitudes= 4900
	nsamples per process= 159
	sample time= 11.449582815170288
self.n= 1.1292516568419453
	RGN updated loss=-9.906571664435425,dloss=-7.800404439706199e-06
update time= 0.010371685028076172
step= 18

nparam= 240
	dense amplitude time= 0.006424427032470703
	total non-zero amplitudes= 4900
	nsamples per process= 159
	sample time= 12.35190200805664
self.n= 1.1292516568419453
	collect g,h time= 16.980480909347534
E=-9.906571664435425,dE=-7.800404439706199e-06,std=0
L=-9.906571664435425,dL=-7.800404439706199e-06,std=0
	gnorm= 0.002124983638473608
	collect S matrix time= 0.02470231056213379
	nonzero=133,wmax=5.032745379515687,wmin=0.005627881097678864
	SR solver time= 0.004253864288330078
	collect H matrix time= 0.020230531692504883
	nonzero=135,smax=6.0925684915117895,smin=0.006120276990161868
	RGN solver time= 0.007928133010864258
	xnorm=1.9046972656856869,dnorm=0.03457977113980351
update time= 0.011186361312866211
	dense amplitude time= 0.006451129913330078
	total non-zero amplitudes= 4900
	nsamples per process= 159
	sample time= 11.532786130905151
self.n= 1.1298859920929156
	RGN updated loss=-9.906587697869798,dloss=-1.6033434372175748e-05
update time= 0.010386228561401367
step= 19

nparam= 240
	dense amplitude time= 0.0064868927001953125
	total non-zero amplitudes= 4900
	nsamples per process= 159
	sample time= 12.37196969985962
self.n= 1.1298859920929156
	collect g,h time= 16.9439640045166
E=-9.906587697869798,dE=-1.6033434372175748e-05,std=0
L=-9.906587697869798,dL=-1.6033434372175748e-05,std=0
	gnorm= 0.0018938203791040071
	collect S matrix time= 0.02456068992614746
	nonzero=133,wmax=5.035911953300458,wmin=0.005632240730406935
	SR solver time= 0.004181385040283203
	collect H matrix time= 0.020247459411621094
	nonzero=134,smax=6.095494112678389,smin=0.00913890638461642
	RGN solver time= 0.0077075958251953125
	xnorm=1.9097698091696427,dnorm=0.003658374878521054
update time= 0.01111745834350586
	dense amplitude time= 0.006650209426879883
	total non-zero amplitudes= 4900
	nsamples per process= 159
	sample time= 11.596110582351685
self.n= 1.128720368006018
	RGN updated loss=-9.906591751526058,dloss=-4.053656260438743e-06
update time= 0.010167121887207031
step= 20

nparam= 240
	dense amplitude time= 0.006309986114501953
	total non-zero amplitudes= 4900
	nsamples per process= 159
	sample time= 12.434911727905273
self.n= 1.128720368006018
	collect g,h time= 16.976795196533203
E=-9.906591751526058,dE=-4.053656260438743e-06,std=0
L=-9.906591751526058,dL=-4.053656260438743e-06,std=0
	gnorm= 0.0017018939698579371
	collect S matrix time= 0.024466753005981445
	nonzero=133,wmax=5.038574019683386,wmin=0.005640277162734233
	SR solver time= 0.004197359085083008
	collect H matrix time= 0.0202181339263916
	nonzero=135,smax=6.098067168218085,smin=0.006104381091524582
	RGN solver time= 0.007765293121337891
	xnorm=1.9096841546281156,dnorm=0.007676245878057616
update time= 0.011151552200317383
	dense amplitude time= 0.006466865539550781
	total non-zero amplitudes= 4900
	nsamples per process= 159
	sample time= 11.418175220489502
self.n= 1.1276632744873925
	RGN updated loss=-9.906595089524904,dloss=-3.3379988462201027e-06
update time= 0.01032400131225586
step= 21

nparam= 240
	dense amplitude time= 5.783100366592407
	total non-zero amplitudes= 4900
	nsamples per process= 159
	sample time= 12.36065411567688
self.n= 1.1276632744873925
	collect g,h time= 16.966450691223145
E=-9.906595089524904,dE=-3.3379988462201027e-06,std=0
L=-9.906595089524904,dL=-3.3379988462201027e-06,std=0
	gnorm= 0.001549867655370817
	collect S matrix time= 0.024610042572021484
	nonzero=133,wmax=5.040875843602867,wmin=0.005647682245807178
	SR solver time= 0.004222869873046875
	collect H matrix time= 0.020198345184326172
	nonzero=135,smax=6.100314545284987,smin=0.006132466229375823
	RGN solver time= 0.007781982421875
	xnorm=1.909318285450413,dnorm=0.0035462909663012696
update time= 0.011153221130371094
	dense amplitude time= 0.0061299800872802734
	total non-zero amplitudes= 4900
	nsamples per process= 159
	sample time= 11.466055393218994
self.n= 1.1268925125754565
	RGN updated loss=-9.906597247134364,dloss=-2.1576094599851103e-06
update time= 0.010316610336303711
step= 22

nparam= 240
	dense amplitude time= 0.006470680236816406
	total non-zero amplitudes= 4900
	nsamples per process= 159
	sample time= 12.36099100112915
self.n= 1.1268925125754565
	collect g,h time= 16.93950867652893
E=-9.906597247134364,dE=-2.1576094599851103e-06,std=0
L=-9.906597247134364,dL=-2.1576094599851103e-06,std=0
	gnorm= 0.0014291789077905913
	collect S matrix time= 0.024300098419189453
	nonzero=133,wmax=5.042857943205856,wmin=0.005652751200239227
	SR solver time= 0.004499912261962891
	collect H matrix time= 0.01965475082397461
	nonzero=135,smax=6.102245814247534,smin=0.006148092146510422
	RGN solver time= 0.008095264434814453
	xnorm=1.909419079585651,dnorm=0.002283685695153163
update time= 0.011351823806762695
	dense amplitude time= 0.006751537322998047
	total non-zero amplitudes= 4900
	nsamples per process= 159
	sample time= 11.415302515029907
self.n= 1.1261889611615474
	RGN updated loss=-9.906598790575206,dloss=-1.5434408418002477e-06
update time= 0.010326623916625977
step= 23

nparam= 240
	dense amplitude time= 0.0061953067779541016
	total non-zero amplitudes= 4900
	nsamples per process= 159
	sample time= 12.361579895019531
self.n= 1.1261889611615474
	collect g,h time= 16.954075813293457
E=-9.906598790575206,dE=-1.5434408418002477e-06,std=0
L=-9.906598790575206,dL=-1.5434408418002477e-06,std=0
	gnorm= 0.0013332240257627878
	collect S matrix time= 0.024445056915283203
	nonzero=133,wmax=5.044561962510101,wmin=0.005657441453970076
	SR solver time= 0.004185199737548828
	collect H matrix time= 0.020197629928588867
	nonzero=135,smax=6.1039155502402345,smin=0.006165251236550325
	RGN solver time= 0.00759124755859375
	xnorm=1.9093178807441613,dnorm=0.0018349755211340471
update time= 0.011177539825439453
	dense amplitude time= 0.00641322135925293
	total non-zero amplitudes= 4900
	nsamples per process= 159
	sample time= 11.460800409317017
self.n= 1.125616548572974
	RGN updated loss=-9.90659992109243,dloss=-1.1305172247233486e-06
update time= 0.010262012481689453
step= 24

nparam= 240
	dense amplitude time= 0.0062868595123291016
	total non-zero amplitudes= 4900
	nsamples per process= 159
	sample time= 12.351035356521606
self.n= 1.125616548572974
	collect g,h time= 16.989625692367554
E=-9.90659992109243,dE=-1.1305172247233486e-06,std=0
L=-9.90659992109243,dL=-1.1305172247233486e-06,std=0
	gnorm= 0.001257481731668775
	collect S matrix time= 0.024663448333740234
	nonzero=133,wmax=5.046025151703511,wmin=0.005661268971275279
	SR solver time= 0.004186153411865234
	collect H matrix time= 0.020250558853149414
	nonzero=135,smax=6.105350437900427,smin=0.006178400533434401
	RGN solver time= 0.007914066314697266
	xnorm=1.9092833552104433,dnorm=0.0015558212687861318
update time= 0.01111459732055664
	dense amplitude time= 0.006462812423706055
	total non-zero amplitudes= 4900
	nsamples per process= 159
	sample time= 11.468189239501953
self.n= 1.1251339686644668
	RGN updated loss=-9.906600756708123,dloss=-8.356156921962565e-07
update time= 0.010324716567993164
step= 25

nparam= 240
	dense amplitude time= 0.00648188591003418
	total non-zero amplitudes= 4900
	nsamples per process= 159
	sample time= 12.343877077102661
self.n= 1.1251339686644668
	collect g,h time= 16.94628095626831
E=-9.906600756708123,dE=-8.356156921962565e-07,std=0
L=-9.906600756708123,dL=-8.356156921962565e-07,std=0
	gnorm= 0.0011973811427535182
	collect S matrix time= 0.024443864822387695
	nonzero=133,wmax=5.047279098905992,wmin=0.005664533127580763
	SR solver time= 0.004212617874145508
	collect H matrix time= 0.02008843421936035
	nonzero=135,smax=6.106582408498528,smin=0.006190377314671427
	RGN solver time= 0.007975339889526367
	xnorm=1.9092409088117757,dnorm=0.001319692995081558
update time= 0.011099576950073242
	dense amplitude time= 0.006495237350463867
	total non-zero amplitudes= 4900
	nsamples per process= 159
	sample time= 11.420319557189941
self.n= 1.1247311813495027
	RGN updated loss=-9.906601377613264,dloss=-6.209051406358412e-07
update time= 0.010345697402954102
step= 26

nparam= 240
	dense amplitude time= 0.006424665451049805
	total non-zero amplitudes= 4900
	nsamples per process= 159
	sample time= 12.355823516845703
self.n= 1.1247311813495027
	collect g,h time= 16.994215726852417
E=-9.906601377613264,dE=-6.209051406358412e-07,std=0
L=-9.906601377613264,dL=-6.209051406358412e-07,std=0
	gnorm= 0.001149992741267237
	collect S matrix time= 0.02482461929321289
	nonzero=133,wmax=5.048352527820748,wmin=0.005667285319099377
	SR solver time= 0.0042154788970947266
	collect H matrix time= 0.02024054527282715
	nonzero=135,smax=6.1076379226914765,smin=0.006200335628506299
	RGN solver time= 0.007892847061157227
	xnorm=1.909208604087436,dnorm=0.001122405342572293
update time= 0.011159658432006836
	dense amplitude time= 0.006442546844482422
	total non-zero amplitudes= 4900
	nsamples per process= 159
	sample time= 11.432221412658691
self.n= 1.1243943514313075
	RGN updated loss=-9.906601842007102,dloss=-4.643938389392588e-07
update time= 0.010354042053222656
step= 27

nparam= 240
	dense amplitude time= 0.006799221038818359
	total non-zero amplitudes= 4900
	nsamples per process= 159
	sample time= 12.373600244522095
self.n= 1.1243943514313075
	collect g,h time= 16.97395658493042
E=-9.906601842007102,dE=-4.643938389392588e-07,std=0
L=-9.906601842007102,dL=-4.643938389392588e-07,std=0
	gnorm= 0.0011124867356885936
	collect S matrix time= 0.024213314056396484
	nonzero=133,wmax=5.049270379695882,wmin=0.005669610620032427
	SR solver time= 0.0042171478271484375
	collect H matrix time= 0.02002716064453125
	nonzero=135,smax=6.108541079327801,smin=0.0062088762733209235
	RGN solver time= 0.007672786712646484
	xnorm=1.9091822944841748,dnorm=0.0009546692211696916
update time= 0.011133432388305664
	dense amplitude time= 0.006367683410644531
	total non-zero amplitudes= 4900
	nsamples per process= 159
	sample time= 11.44536304473877
self.n= 1.124112496817581
	RGN updated loss=-9.906602191706137,dloss=-3.496990341744777e-07
update time= 0.010329484939575195
step= 28

nparam= 240
	dense amplitude time= 0.0062177181243896484
	total non-zero amplitudes= 4900
	nsamples per process= 159
	sample time= 12.35630464553833
self.n= 1.124112496817581
	collect g,h time= 16.965269088745117
E=-9.906602191706137,dE=-3.496990341744777e-07,std=0
L=-9.906602191706137,dL=-3.496990341744777e-07,std=0
	gnorm= 0.0010826814031557896
	collect S matrix time= 0.02384805679321289
	nonzero=133,wmax=5.050054455396226,wmin=0.005671576417214203
	SR solver time= 0.004508256912231445
	collect H matrix time= 0.020090103149414062
	nonzero=135,smax=6.109313025128415,smin=0.0062177392560462275
	RGN solver time= 0.008220672607421875
	xnorm=1.9091609943171928,dnorm=0.0008155139408841859
update time= 0.011294364929199219
	dense amplitude time= 0.006804704666137695
	total non-zero amplitudes= 4900
	nsamples per process= 159
	sample time= 11.434839248657227
self.n= 1.1238762508292313
	RGN updated loss=-9.906602456905775,dloss=-2.651996382496691e-07
update time= 0.010339736938476562
step= 29

nparam= 240
	dense amplitude time= 0.0065119266510009766
	total non-zero amplitudes= 4900
	nsamples per process= 159
	sample time= 12.343908309936523
self.n= 1.1238762508292313
	collect g,h time= 16.93407654762268
E=-9.906602456905775,dE=-2.651996382496691e-07,std=0
L=-9.906602456905775,dL=-2.651996382496691e-07,std=0
	gnorm= 0.0010589841180086578
	collect S matrix time= 0.024525165557861328
	nonzero=133,wmax=5.050724191999872,wmin=0.005673241293941761
	SR solver time= 0.004224300384521484
	collect H matrix time= 0.02020573616027832
	nonzero=135,smax=6.109972425564978,smin=0.006223919344970523
	RGN solver time= 0.007811546325683594
	xnorm=1.9091413328383333,dnorm=0.000691908746859683
update time= 0.011200189590454102
	dense amplitude time= 0.006648063659667969
	total non-zero amplitudes= 4900
	nsamples per process= 159
	sample time= 11.436120510101318
self.n= 1.123678835194169
	RGN updated loss=-9.906602659488739,dloss=-2.0258296373754092e-07
update time= 0.010193109512329102
step= 30

nparam= 240
	dense amplitude time= 0.006721973419189453
	total non-zero amplitudes= 4900
	nsamples per process= 159
	sample time= 12.349514484405518
self.n= 1.123678835194169
	collect g,h time= 16.96055245399475
E=-9.906602659488739,dE=-2.0258296373754092e-07,std=0
L=-9.906602659488739,dL=-2.0258296373754092e-07,std=0
	gnorm= 0.0010400153155407787
	collect S matrix time= 0.024283409118652344
	nonzero=133,wmax=5.0512955843554925,wmin=0.0056746456237821786
	SR solver time= 0.004250526428222656
	collect H matrix time= 0.020294904708862305
	nonzero=135,smax=6.11053525174515,smin=0.006229145604824123
	RGN solver time= 0.007658720016479492
	xnorm=1.9091275374551606,dnorm=0.0005891868741663851
update time= 0.011118888854980469
	dense amplitude time= 0.006355762481689453
	total non-zero amplitudes= 4900
	nsamples per process= 159
	sample time= 11.452635765075684
self.n= 1.123513217878548
	RGN updated loss=-9.906602815492286,dloss=-1.5600354785760828e-07
update time= 0.010259628295898438
step= 31

nparam= 240
	dense amplitude time= 0.013112545013427734
	total non-zero amplitudes= 4900
	nsamples per process= 159
	sample time= 12.369312524795532
self.n= 1.123513217878548
	collect g,h time= 16.96686887741089
E=-9.906602815492286,dE=-1.5600354785760828e-07,std=0
L=-9.906602815492286,dL=-1.5600354785760828e-07,std=0
	gnorm= 0.001024746476147339
	collect S matrix time= 0.024334192276000977
	nonzero=133,wmax=5.051782652567987,wmin=0.005675835571677774
	SR solver time= 0.004251003265380859
	collect H matrix time= 0.02054738998413086
	nonzero=135,smax=6.111015205370527,smin=0.006233598034441851
	RGN solver time= 0.007704973220825195
	xnorm=1.9091161830696748,dnorm=0.0005017385334954832
update time= 0.011193037033081055
	dense amplitude time= 0.006392717361450195
	total non-zero amplitudes= 4900
	nsamples per process= 159
	sample time= 11.435588598251343
self.n= 1.1233743942816588
	RGN updated loss=-9.906602936646756,dloss=-1.2115446956784126e-07
update time= 0.010212421417236328
step= 32

nparam= 240
	dense amplitude time= 0.006171703338623047
	total non-zero amplitudes= 4900
	nsamples per process= 159
	sample time= 12.331968784332275
self.n= 1.1233743942816588
	collect g,h time= 16.96173119544983
E=-9.906602936646756,dE=-1.2115446956784126e-07,std=0
L=-9.906602936646756,dL=-1.2115446956784126e-07,std=0
	gnorm= 0.0010123920980532359
	collect S matrix time= 0.02443552017211914
	nonzero=133,wmax=5.052197547941532,wmin=0.0056768430102600905
	SR solver time= 0.004269599914550781
	collect H matrix time= 0.020315885543823242
	nonzero=135,smax=6.111424135899745,smin=0.006237344090023654
	RGN solver time= 0.007764339447021484
	xnorm=1.9091072585958948,dnorm=0.0004273578215818454
update time= 0.011118650436401367
	dense amplitude time= 0.006245851516723633
	total non-zero amplitudes= 4900
	nsamples per process= 159
	sample time= 11.403808832168579
self.n= 1.1232578620741431
	RGN updated loss=-9.906603031475289,dloss=-9.482853258191426e-08
update time= 0.010218143463134766
step= 33

nparam= 240
	dense amplitude time= 0.0063741207122802734
	total non-zero amplitudes= 4900
	nsamples per process= 159
	sample time= 12.355950117111206
self.n= 1.1232578620741431
	collect g,h time= 16.946855068206787
E=-9.906603031475289,dE=-9.482853258191426e-08,std=0
L=-9.906603031475289,dL=-9.482853258191426e-08,std=0
	gnorm= 0.0010023121900841361
	collect S matrix time= 0.024290800094604492
	nonzero=133,wmax=5.052550595794673,wmin=0.00567769668682322
	SR solver time= 0.004236698150634766
	collect H matrix time= 0.02037787437438965
	nonzero=135,smax=6.111772245900342,smin=0.006240557965072106
	RGN solver time= 0.007877111434936523
	xnorm=1.9091004533680105,dnorm=0.00036482538478494706
update time= 0.010999917984008789
	dense amplitude time= 0.006400346755981445
	total non-zero amplitudes= 4900
	nsamples per process= 159
	sample time= 11.441684484481812
self.n= 1.1231601289086273
	RGN updated loss=-9.906603106353385,dloss=-7.487809661199663e-08
update time= 0.010370492935180664
step= 34

nparam= 240
	dense amplitude time= 0.006261348724365234
	total non-zero amplitudes= 4900
	nsamples per process= 159
	sample time= 12.359387397766113
self.n= 1.1231601289086273
	collect g,h time= 16.97135329246521
E=-9.906603106353385,dE=-7.487809661199663e-08,std=0
L=-9.906603106353385,dL=-7.487809661199663e-08,std=0
	gnorm= 0.0009940481996300375
	collect S matrix time= 0.024342060089111328
	nonzero=133,wmax=5.052850938593567,wmin=0.005678420472041704
	SR solver time= 0.004263639450073242
	collect H matrix time= 0.020233631134033203
	nonzero=135,smax=6.11206838418584,smin=0.0062432934688694845
	RGN solver time= 0.0077707767486572266
	xnorm=1.9090947759594388,dnorm=0.00031165995081555096
update time= 0.011111736297607422
	dense amplitude time= 0.006433010101318359
	total non-zero amplitudes= 4900
	nsamples per process= 159
	sample time= 11.408560276031494
self.n= 1.123078218824897
	RGN updated loss=-9.906603165978167,dloss=-5.962478155652207e-08
update time= 0.010478973388671875
step= 35

nparam= 240
	dense amplitude time= 0.0064601898193359375
	total non-zero amplitudes= 4900
	nsamples per process= 159
	sample time= 12.377488136291504
self.n= 1.123078218824897
	collect g,h time= 16.93362021446228
E=-9.906603165978167,dE=-5.962478155652207e-08,std=0
L=-9.906603165978167,dL=-5.962478155652207e-08,std=0
	gnorm= 0.0009872321791624561
	collect S matrix time= 0.02474522590637207
	nonzero=133,wmax=5.053106352710369,wmin=0.005679033789462497
	SR solver time= 0.004425764083862305
	collect H matrix time= 0.020359039306640625
	nonzero=135,smax=6.112320212411112,smin=0.006245617538655918
	RGN solver time= 0.008121967315673828
	xnorm=1.9090902323184729,dnorm=0.00026660174613604514
update time= 0.011101245880126953
	dense amplitude time= 0.006452798843383789
	total non-zero amplitudes= 4900
	nsamples per process= 159
	sample time= 11.452410697937012
self.n= 1.1230095771699007
	RGN updated loss=-9.906603213845921,dloss=-4.786775420484446e-08
update time= 0.010183095932006836
step= 36

nparam= 240
	dense amplitude time= 0.00626373291015625
	total non-zero amplitudes= 4900
	nsamples per process= 159
	sample time= 12.356420040130615
self.n= 1.1230095771699007
	collect g,h time= 16.985057592391968
E=-9.906603213845921,dE=-4.786775420484446e-08,std=0
L=-9.906603213845921,dL=-4.786775420484446e-08,std=0
	gnorm= 0.0009815778914341368
	collect S matrix time= 0.024346590042114258
	nonzero=133,wmax=5.053323480644095,wmin=0.005679553688792725
	SR solver time= 0.004253864288330078
	collect H matrix time= 0.020227432250976562
	nonzero=135,smax=6.112534281024652,smin=0.00624759387893339
	RGN solver time= 0.007912874221801758
	xnorm=1.9090865770950394,dnorm=0.00022839281590354617
update time= 0.011037111282348633
	dense amplitude time= 0.00641942024230957
	total non-zero amplitudes= 4900
	nsamples per process= 159
	sample time= 11.436397075653076
self.n= 1.122952081895987
	RGN updated loss=-9.906603252580252,dloss=-3.873433129797377e-08
update time= 0.01024007797241211
step= 37

nparam= 240
	dense amplitude time= 0.0064296722412109375
	total non-zero amplitudes= 4900
	nsamples per process= 159
	sample time= 12.481937646865845
self.n= 1.122952081895987
	collect g,h time= 16.962797164916992
E=-9.906603252580252,dE=-3.873433129797377e-08,std=0
L=-9.906603252580252,dL=-3.873433129797377e-08,std=0
	gnorm= 0.000976862837171629
	collect S matrix time= 0.02428269386291504
	nonzero=133,wmax=5.053507999406667,wmin=0.005679994408443994
	SR solver time= 0.004263877868652344
	collect H matrix time= 0.020119190216064453
	nonzero=135,smax=6.112716184867323,smin=0.0062492734026319535
	RGN solver time= 0.007912635803222656
	xnorm=1.9090836581222643,dnorm=0.0001959951073458168
update time= 0.011134147644042969
	dense amplitude time= 0.006353855133056641
	total non-zero amplitudes= 4900
	nsamples per process= 159
	sample time= 11.569106817245483
self.n= 1.1229039521295783
	RGN updated loss=-9.906603284158951,dloss=-3.1578698767020796e-08
update time= 0.010314464569091797
step= 38

nparam= 240
	dense amplitude time= 0.006209611892700195
	total non-zero amplitudes= 4900
	nsamples per process= 159
	sample time= 12.350517749786377
self.n= 1.1229039521295783
	collect g,h time= 16.979426860809326
E=-9.906603284158951,dE=-3.1578698767020796e-08,std=0
L=-9.906603284158951,dL=-3.1578698767020796e-08,std=0
	gnorm= 0.0009729121397335522
	collect S matrix time= 0.024334192276000977
	nonzero=133,wmax=5.053664755910776,wmin=0.005680368064443993
	SR solver time= 0.004234790802001953
	collect H matrix time= 0.02029275894165039
	nonzero=135,smax=6.112870703232807,smin=0.0062507005568824036
	RGN solver time= 0.007772207260131836
	xnorm=1.9090813340437642,dnorm=0.000168521088279426
update time= 0.011142969131469727
	dense amplitude time= 0.00623631477355957
	total non-zero amplitudes= 4900
	nsamples per process= 159
	sample time= 11.411768913269043
self.n= 1.1228636952505544
	RGN updated loss=-9.90660331008414,dloss=-2.5925189106601465e-08
update time= 0.010419368743896484
step= 39

nparam= 240
	dense amplitude time= 0.006608009338378906
	total non-zero amplitudes= 4900
	nsamples per process= 159
	sample time= 12.349670648574829
self.n= 1.1228636952505544
	collect g,h time= 16.981741189956665
E=-9.90660331008414,dE=-2.5925189106601465e-08,std=0
L=-9.90660331008414,dL=-2.5925189106601465e-08,std=0
	gnorm= 0.0009695876459256183
	collect S matrix time= 0.02440643310546875
	nonzero=133,wmax=5.0537978861654675,wmin=0.005680684896125642
	SR solver time= 0.004233598709106445
	collect H matrix time= 0.02034735679626465
	nonzero=135,smax=6.11300191493391,smin=0.006251913098472527
	RGN solver time= 0.00786900520324707
	xnorm=1.9090794940691507,dnorm=0.00014522114016101152
update time= 0.011135339736938477
	dense amplitude time= 0.006339550018310547
	total non-zero amplitudes= 4900
	nsamples per process= 159
	sample time= 11.460901737213135
self.n= 1.122830056992647
	RGN updated loss=-9.90660333150515,dloss=-2.1421008966626687e-08
update time= 0.010291576385498047
step= 40

nparam= 240
	dense amplitude time= 0.0064465999603271484
	total non-zero amplitudes= 4900
	nsamples per process= 159
	sample time= 12.340567111968994
self.n= 1.122830056992647
	collect g,h time= 16.972252130508423
E=-9.90660333150515,dE=-2.1421008966626687e-08,std=0
L=-9.90660333150515,dL=-2.1421008966626687e-08,std=0
	gnorm= 0.0009667794313668504
	collect S matrix time= 0.024322032928466797
	nonzero=133,wmax=5.053910917623391,wmin=0.005680953574372295
	SR solver time= 0.004259347915649414
	collect H matrix time= 0.0202789306640625
	nonzero=135,smax=6.11311329924423,smin=0.006252943196923264
	RGN solver time= 0.007847309112548828
	xnorm=1.9090780462791423,dnorm=0.00012545711441126498
update time= 0.011183977127075195
	dense amplitude time= 0.0064885616302490234
	total non-zero amplitudes= 4900
	nsamples per process= 159
	sample time= 11.44670557975769
self.n= 1.1228019830193723
	RGN updated loss=-9.906603349308266,dloss=-1.7803117202674912e-08
update time= 0.010434150695800781
step= 41

nparam= 240
	dense amplitude time= 0.010198116302490234
	total non-zero amplitudes= 4900
	nsamples per process= 159
	sample time= 12.32642126083374
self.n= 1.1228019830193723
	collect g,h time= 16.948294162750244
E=-9.906603349308266,dE=-1.7803117202674912e-08,std=0
L=-9.906603349308266,dL=-1.7803117202674912e-08,std=0
	gnorm= 0.0009643993853969671
	collect S matrix time= 0.024431228637695312
	nonzero=133,wmax=5.05400685713687,wmin=0.005681181439345791
	SR solver time= 0.004549980163574219
	collect H matrix time= 0.019773244857788086
	nonzero=135,smax=6.113207822383982,smin=0.006253818221492952
	RGN solver time= 0.008008718490600586
	xnorm=1.9090769162877377,dnorm=0.00010868709213538939
update time= 0.011189937591552734
	dense amplitude time= 0.006821393966674805
	total non-zero amplitudes= 4900
	nsamples per process= 159
	sample time= 11.450114011764526
self.n= 1.1227785863347446
	RGN updated loss=-9.90660336418251,dloss=-1.4874244058660224e-08
update time= 0.010397195816040039
step= 42

nparam= 240
	dense amplitude time= 0.006644487380981445
	total non-zero amplitudes= 4900
	nsamples per process= 159
	sample time= 12.387206077575684
self.n= 1.1227785863347446
	collect g,h time= 17.006329774856567
E=-9.90660336418251,dE=-1.4874244058660224e-08,std=0
L=-9.90660336418251,dL=-1.4874244058660224e-08,std=0
	gnorm= 0.0009623763583814114
	collect S matrix time= 0.024396181106567383
	nonzero=133,wmax=5.054088266505985,wmin=0.005681374707245229
	SR solver time= 0.00426793098449707
	collect H matrix time= 0.020247936248779297
	nonzero=135,smax=6.113288011872868,smin=0.006254561457443533
	RGN solver time= 0.008008003234863281
	xnorm=1.9090760435598921,dnorm=9.445054971736198e-05
update time= 0.011173248291015625
	dense amplitude time= 0.0062465667724609375
	total non-zero amplitudes= 4900
	nsamples per process= 159
	sample time= 11.47049593925476
self.n= 1.122759120368772
	RGN updated loss=-9.906603376668,dloss=-1.2485489975233577e-08
update time= 0.010256052017211914
step= 43

nparam= 240
	dense amplitude time= 0.006010532379150391
	total non-zero amplitudes= 4900
	nsamples per process= 159
	sample time= 12.34700083732605
self.n= 1.122759120368772
	collect g,h time= 16.98422598838806
E=-9.906603376668,dE=-1.2485489975233577e-08,std=0
L=-9.906603376668,dL=-1.2485489975233577e-08,std=0
	gnorm= 0.0009606524797421805
	collect S matrix time= 0.024733781814575195
	nonzero=133,wmax=5.054157327335253,wmin=0.0056815386433622305
	SR solver time= 0.004230976104736328
	collect H matrix time= 0.020389080047607422
	nonzero=135,smax=6.113356020361261,smin=0.006255192708184342
	RGN solver time= 0.007722377777099609
	xnorm=1.909075378923697,dnorm=8.235622125186309e-05
update time= 0.011152029037475586
	dense amplitude time= 0.006406307220458984
	total non-zero amplitudes= 4900
	nsamples per process= 159
	sample time= 11.40837574005127
self.n= 1.1227429564886422
	RGN updated loss=-9.906603387191701,dloss=-1.0523701021725174e-08
update time= 0.010159015655517578
step= 44

nparam= 240
	dense amplitude time= 0.00677180290222168
	total non-zero amplitudes= 4900
	nsamples per process= 159
	sample time= 12.52734899520874
self.n= 1.1227429564886422
	collect g,h time= 17.004528284072876
E=-9.906603387191701,dE=-1.0523701021725174e-08,std=0
L=-9.906603387191701,dL=-1.0523701021725174e-08,std=0
	gnorm= 0.0009591803523618351
	collect S matrix time= 0.024419307708740234
	nonzero=133,wmax=5.054215896661406,wmin=0.005681677708597211
	SR solver time= 0.0042476654052734375
	collect H matrix time= 0.020264148712158203
	nonzero=135,smax=6.113413680401018,smin=0.006255728812572154
	RGN solver time= 0.007673740386962891
	xnorm=1.9090748823759014,dnorm=7.207171269954449e-05
update time= 0.011159181594848633
	dense amplitude time= 0.0063495635986328125
	total non-zero amplitudes= 4900
	nsamples per process= 159
	sample time= 11.58576226234436
self.n= 1.122729565221651
	RGN updated loss=-9.906603396093937,dloss=-8.902235393293267e-09
update time= 0.010291337966918945
step= 45

nparam= 240
	dense amplitude time= 0.005919456481933594
	total non-zero amplitudes= 4900
	nsamples per process= 159
	sample time= 12.327054023742676
self.n= 1.122729565221651
	collect g,h time= 16.93156361579895
E=-9.906603396093937,dE=-8.902235393293267e-09,std=0
L=-9.906603396093937,dL=-8.902235393293267e-09,std=0
	gnorm= 0.0009579209034568303
	collect S matrix time= 0.024686336517333984
	nonzero=133,wmax=5.054265554621467,wmin=0.005681795683095031
	SR solver time= 0.004230976104736328
	collect H matrix time= 0.020305633544921875
	nonzero=135,smax=6.113462551395954,smin=0.006256184085768101
	RGN solver time= 0.007816791534423828
	xnorm=1.9090745213443012,dnorm=6.331475157500241e-05
update time= 0.011145830154418945
	dense amplitude time= 0.00618290901184082
	total non-zero amplitudes= 4900
	nsamples per process= 159
	sample time= 11.408918380737305
self.n= 1.122718500535258
	RGN updated loss=-9.906603403648205,dloss=-7.55426832199646e-09
update time= 0.010334968566894531
step= 46

nparam= 240
	dense amplitude time= 0.006500720977783203
	total non-zero amplitudes= 4900
	nsamples per process= 159
	sample time= 12.404030561447144
self.n= 1.122718500535258
	collect g,h time= 16.987884998321533
E=-9.906603403648205,dE=-7.55426832199646e-09,std=0
L=-9.906603403648205,dL=-7.55426832199646e-09,std=0
	gnorm= 0.0009568417281141778
	collect S matrix time= 0.024718284606933594
	nonzero=133,wmax=5.054307645261218,wmin=0.005681895770720179
	SR solver time= 0.004215240478515625
	collect H matrix time= 0.020325660705566406
	nonzero=135,smax=6.113503959811187,smin=0.0062565706954389715
	RGN solver time= 0.007883548736572266
	xnorm=1.9090742692779032,dnorm=5.584579052702065e-05
update time= 0.011185169219970703
	dense amplitude time= 0.006445646286010742
	total non-zero amplitudes= 4900
	nsamples per process= 159
	sample time= 11.467159748077393
self.n= 1.1227093866593627
	RGN updated loss=-9.906603410075999,dloss=-6.427793408647631e-09
update time= 0.010252237319946289
step= 47

nparam= 240
	dense amplitude time= 0.006327152252197266
	total non-zero amplitudes= 4900
	nsamples per process= 159
	sample time= 12.321219682693481
self.n= 1.1227093866593627
	collect g,h time= 16.956151485443115
E=-9.906603410075999,dE=-6.427793408647631e-09,std=0
L=-9.906603410075999,dL=-6.427793408647631e-09,std=0
	gnorm= 0.0009559158037044526
	collect S matrix time= 0.024419307708740234
	nonzero=133,wmax=5.0543433114392196,wmin=0.005681980687350893
	SR solver time= 0.004216432571411133
	collect H matrix time= 0.021091938018798828
	nonzero=135,smax=6.11353903357696,smin=0.006256898982360667
	RGN solver time= 0.007919073104858398
	xnorm=1.9090741045155069,dnorm=4.9461757540523617e-05
update time= 0.011076927185058594
	dense amplitude time= 0.0063169002532958984
	total non-zero amplitudes= 4900
	nsamples per process= 159
	sample time= 11.407397031784058
self.n= 1.122701907024172
	RGN updated loss=-9.906603415558028,dloss=-5.482029052927828e-09
update time= 0.010460138320922852
step= 48

nparam= 240
	dense amplitude time= 0.006729841232299805
	total non-zero amplitudes= 4900
	nsamples per process= 159
	sample time= 12.327520370483398
self.n= 1.122701907024172
	collect g,h time= 16.980851411819458
E=-9.906603415558028,dE=-5.482029052927828e-09,std=0
L=-9.906603415558028,dL=-5.482029052927828e-09,std=0
	gnorm= 0.0009551204846716301
	collect S matrix time= 0.024757862091064453
	nonzero=133,wmax=5.05437352465542,wmin=0.005682052735534841
	SR solver time= 0.004451751708984375
	collect H matrix time= 0.01990342140197754
	nonzero=135,smax=6.113568731499704,smin=0.006257177733569134
	RGN solver time= 0.008138179779052734
	xnorm=1.9090740093741807,dnorm=4.3990763301670795e-05
update time= 0.011129617691040039
	dense amplitude time= 0.006272554397583008
	total non-zero amplitudes= 4900
	nsamples per process= 159
	sample time= 11.43946361541748
self.n= 1.1226957949635654
	RGN updated loss=-9.906603420242746,dloss=-4.684718390990383e-09
update time= 0.01026606559753418
step= 49

nparam= 240
	dense amplitude time= 0.006201982498168945
	total non-zero amplitudes= 4900
	nsamples per process= 159
	sample time= 12.404813051223755
self.n= 1.1226957949635654
	collect g,h time= 16.9491069316864
E=-9.906603420242746,dE=-4.684718390990383e-09,std=0
L=-9.906603420242746,dL=-4.684718390990383e-09,std=0
	gnorm= 0.0009544367103591973
	collect S matrix time= 0.024341106414794922
	nonzero=133,wmax=5.054399110522398,wmin=0.005682113867639423
	SR solver time= 0.004243373870849609
	collect H matrix time= 0.0200498104095459
	nonzero=135,smax=6.1135938683842035,smin=0.006257414414943725
	RGN solver time= 0.007898330688476562
	xnorm=1.9090739694145589,dnorm=3.928760047576846e-05
update time= 0.011156797409057617
	dense amplitude time= 0.006249666213989258
	total non-zero amplitudes= 4900
	nsamples per process= 159
	sample time= 11.461277723312378
self.n= 1.122690825894062
	RGN updated loss=-9.906603424252912,dloss=-4.010166421153372e-09
update time= 0.010407686233520508
