layer= 0
nparam= 120
hop_ls= [(0, 1), (0, 2), (0, 3), (0, 4), (0, 5), (0, 6), (0, 7), (0, 8), (0, 9), (0, 10), (0, 11), (0, 12), (0, 13), (0, 14), (0, 15), (1, 2), (1, 3), (1, 4), (1, 5), (1, 6), (1, 7), (1, 8), (1, 9), (1, 10), (1, 11), (1, 12), (1, 13), (1, 14), (1, 15), (2, 3), (2, 4), (2, 5), (2, 6), (2, 7), (2, 8), (2, 9), (2, 10), (2, 11), (2, 12), (2, 13), (2, 14), (2, 15), (3, 4), (3, 5), (3, 6), (3, 7), (3, 8), (3, 9), (3, 10), (3, 11), (3, 12), (3, 13), (3, 14), (3, 15), (4, 5), (4, 6), (4, 7), (4, 8), (4, 9), (4, 10), (4, 11), (4, 12), (4, 13), (4, 14), (4, 15), (5, 6), (5, 7), (5, 8), (5, 9), (5, 10), (5, 11), (5, 12), (5, 13), (5, 14), (5, 15), (6, 7), (6, 8), (6, 9), (6, 10), (6, 11), (6, 12), (6, 13), (6, 14), (6, 15), (7, 8), (7, 9), (7, 10), (7, 11), (7, 12), (7, 13), (7, 14), (7, 15), (8, 9), (8, 10), (8, 11), (8, 12), (8, 13), (8, 14), (8, 15), (9, 10), (9, 11), (9, 12), (9, 13), (9, 14), (9, 15), (10, 11), (10, 12), (10, 13), (10, 14), (10, 15), (11, 12), (11, 13), (11, 14), (11, 15), (12, 13), (12, 14), (12, 15), (13, 14), (13, 15), (14, 15)]

update time= 0.00942230224609375
step= 0

nparam= 240
ntotal configs= 4900
	dense amplitude time= 0.0072896480560302734
	total non-zero amplitudes= 4900
	nsamples per process= 159
	sample time= 13.27562141418457
self.n= 1.5440601483920813
	collect g,h time= 15.621689558029175
E=-9.794238887925935,dE=0,std=0
L=-9.794238887925935,dL=0,std=0
	gnorm= 0.20831404091895625
	collect S matrix time= 0.025660276412963867
	nonzero=137,wmax=3.6683436114102075,wmin=0.003939661931830239
	SR solver time= 0.03953194618225098
	collect H matrix time= 0.001043081283569336
	nonzero=139,smax=4.643492311903313,smin=0.006233409528027133
	RGN solver time= 0.02561187744140625
	xnorm=1.048317132257264,dnorm=0.5915482663464043
update time= 0.009940862655639648
	dense amplitude time= 0.006463050842285156
	total non-zero amplitudes= 4900
	nsamples per process= 159
	sample time= 11.879659414291382
self.n= 1.8895913994530003
	RGN updated loss=-9.858950345715629,dloss=-0.06471145778969323
update time= 0.00913858413696289
step= 1

nparam= 240
	dense amplitude time= 0.010956287384033203
	total non-zero amplitudes= 4900
	nsamples per process= 159
	sample time= 12.801836013793945
self.n= 1.8895913994530003
	collect g,h time= 15.640583515167236
E=-9.858950345715629,dE=-0.06471145778969323,std=0
L=-9.858950345715629,dL=-0.06471145778969323,std=0
	gnorm= 0.11889611123832514
	collect S matrix time= 0.02443695068359375
	nonzero=134,wmax=4.1189813783823395,wmin=0.004340359003494741
	SR solver time= 0.004747152328491211
	collect H matrix time= 0.01946711540222168
	nonzero=138,smax=5.128864271411563,smin=0.005615588336581785
	RGN solver time= 0.008546590805053711
	xnorm=1.4560944229989308,dnorm=0.42882087162732424
update time= 0.009895563125610352
	dense amplitude time= 0.006097078323364258
	total non-zero amplitudes= 4900
	nsamples per process= 159
	sample time= 12.639288187026978
self.n= 2.18043123165499
	RGN updated loss=-9.88172875936079,dloss=-0.02277841364516142
update time= 0.00920724868774414
step= 2

nparam= 240
	dense amplitude time= 0.005988359451293945
	total non-zero amplitudes= 4900
	nsamples per process= 159
	sample time= 13.244526624679565
self.n= 2.18043123165499
	collect g,h time= 15.750159740447998
E=-9.88172875936079,dE=-0.02277841364516142,std=0
L=-9.88172875936079,dL=-0.02277841364516142,std=0
	gnorm= 0.07014101251308733
	collect S matrix time= 0.02487015724182129
	nonzero=133,wmax=4.419006767610362,wmin=0.004493289637716049
	SR solver time= 0.004476070404052734
	collect H matrix time= 0.019684553146362305
	nonzero=136,smax=5.455261815465411,smin=0.006372844667958826
	RGN solver time= 0.008104801177978516
	xnorm=1.7959026682337704,dnorm=0.27740866908473943
update time= 0.010012388229370117
	dense amplitude time= 0.006196260452270508
	total non-zero amplitudes= 4900
	nsamples per process= 159
	sample time= 12.376456260681152
self.n= 2.3242834752731234
	RGN updated loss=-9.890446689623756,dloss=-0.008717930262966078
update time= 0.009032011032104492
step= 3

nparam= 240
	dense amplitude time= 0.005926847457885742
	total non-zero amplitudes= 4900
	nsamples per process= 159
	sample time= 13.230455875396729
self.n= 2.3242834752731234
	collect g,h time= 15.641753673553467
E=-9.890446689623756,dE=-0.008717930262966078,std=0
L=-9.890446689623756,dL=-0.008717930262966078,std=0
	gnorm= 0.04373109838321768
	collect S matrix time= 0.024767398834228516
	nonzero=132,wmax=4.618015451308511,wmin=0.004670035917063236
	SR solver time= 0.004640340805053711
	collect H matrix time= 0.019632816314697266
	nonzero=136,smax=5.673017882188248,smin=0.005895497392655309
	RGN solver time= 0.00827932357788086
	xnorm=2.003351591787186,dnorm=0.1634627857210939
update time= 0.010016918182373047
	dense amplitude time= 0.006459236145019531
	total non-zero amplitudes= 4900
	nsamples per process= 159
	sample time= 12.338708639144897
self.n= 2.399627081932679
	RGN updated loss=-9.894157784624971,dloss=-0.0037110950012149146
update time= 0.009060382843017578
step= 4

nparam= 240
	dense amplitude time= 0.006038665771484375
	total non-zero amplitudes= 4900
	nsamples per process= 159
	sample time= 13.285490989685059
self.n= 2.399627081932679
	collect g,h time= 15.633168458938599
E=-9.894157784624971,dE=-0.0037110950012149146,std=0
L=-9.894157784624971,dL=-0.0037110950012149146,std=0
	gnorm= 0.028538985777965143
	collect S matrix time= 0.024804115295410156
	nonzero=131,wmax=4.750592823712646,wmin=0.004778288455067506
	SR solver time= 0.004662752151489258
	collect H matrix time= 0.019635438919067383
	nonzero=135,smax=5.814825781958934,smin=0.007086994398726441
	RGN solver time= 0.008490562438964844
	xnorm=2.11579912457367,dnorm=0.11039476052473471
update time= 0.011145353317260742
	dense amplitude time= 0.006326198577880859
	total non-zero amplitudes= 4900
	nsamples per process= 159
	sample time= 12.222500324249268
self.n= 2.421887022334764
	RGN updated loss=-9.896350252125588,dloss=-0.002192467500616857
update time= 0.010286808013916016
step= 5

nparam= 240
	dense amplitude time= 0.0061037540435791016
	total non-zero amplitudes= 4900
	nsamples per process= 159
	sample time= 13.073067426681519
self.n= 2.421887022334764
	collect g,h time= 15.714849948883057
E=-9.896350252125588,dE=-0.002192467500616857,std=0
L=-9.896350252125588,dL=-0.002192467500616857,std=0
	gnorm= 0.020507441077795265
	collect S matrix time= 0.024433374404907227
	nonzero=130,wmax=4.831817736522206,wmin=0.005053341380089192
	SR solver time= 0.004714250564575195
	collect H matrix time= 0.01948261260986328
	nonzero=135,smax=5.903864043112063,smin=0.00677939512368748
	RGN solver time= 0.008424520492553711
	xnorm=2.1546017461994365,dnorm=0.1588493435055339
update time= 0.011093854904174805
	dense amplitude time= 0.006260871887207031
	total non-zero amplitudes= 4900
	nsamples per process= 159
	sample time= 12.13843846321106
self.n= 2.3758635129543197
	RGN updated loss=-9.898844068733691,dloss=-0.0024938166081032165
update time= 0.010275840759277344
step= 6

nparam= 240
	dense amplitude time= 0.006035804748535156
	total non-zero amplitudes= 4900
	nsamples per process= 159
	sample time= 13.024168491363525
self.n= 2.3758635129543197
	collect g,h time= 15.6063871383667
E=-9.898844068733691,dE=-0.0024938166081032165,std=0
L=-9.898844068733691,dL=-0.0024938166081032165,std=0
	gnorm= 0.016966655331394298
	collect S matrix time= 0.02480292320251465
	nonzero=130,wmax=4.871398943356848,wmin=0.0050048119055789335
	SR solver time= 0.004669904708862305
	collect H matrix time= 0.019610166549682617
	nonzero=134,smax=5.945694176770642,smin=0.006533485890870375
	RGN solver time= 0.008458614349365234
	xnorm=2.1202452327791526,dnorm=0.19424176760637565
update time= 0.011073827743530273
	dense amplitude time= 0.006299495697021484
	total non-zero amplitudes= 4900
	nsamples per process= 159
	sample time= 11.751521587371826
self.n= 2.2966684387942182
	RGN updated loss=-9.901241054476701,dloss=-0.0023969857430099495
update time= 0.01021885871887207
step= 7

nparam= 240
	dense amplitude time= 0.005739450454711914
	total non-zero amplitudes= 4900
	nsamples per process= 159
	sample time= 12.62264370918274
self.n= 2.2966684387942182
	collect g,h time= 15.62412428855896
E=-9.901241054476701,dE=-0.0023969857430099495,std=0
L=-9.901241054476701,dL=-0.0023969857430099495,std=0
	gnorm= 0.015382402585866078
	collect S matrix time= 0.02517557144165039
	nonzero=131,wmax=4.893863746273794,wmin=0.00493043848721927
	SR solver time= 0.004724025726318359
	collect H matrix time= 0.019829988479614258
	nonzero=135,smax=5.970974562634428,smin=0.006061532326853292
	RGN solver time= 0.008465290069580078
	xnorm=2.0585579160234966,dnorm=0.14352915028886634
update time= 0.011185884475708008
	dense amplitude time= 0.00647282600402832
	total non-zero amplitudes= 4900
	nsamples per process= 159
	sample time= 11.34936785697937
self.n= 2.222529343300625
	RGN updated loss=-9.902674464647122,dloss=-0.001433410170420757
update time= 0.010379552841186523
step= 8

nparam= 240
	dense amplitude time= 0.005931854248046875
	total non-zero amplitudes= 4900
	nsamples per process= 159
	sample time= 12.190971851348877
self.n= 2.222529343300625
	collect g,h time= 15.524354457855225
E=-9.902674464647122,dE=-0.001433410170420757,std=0
L=-9.902674464647122,dL=-0.001433410170420757,std=0
	gnorm= 0.013885638022921492
	collect S matrix time= 0.024633169174194336
	nonzero=131,wmax=4.9102105484455585,wmin=0.005185166154543183
	SR solver time= 0.0046825408935546875
	collect H matrix time= 0.019504308700561523
	nonzero=135,smax=5.987506186578927,smin=0.006088353664728894
	RGN solver time= 0.008453845977783203
	xnorm=2.017455915292411,dnorm=0.09990639113892355
update time= 0.011249303817749023
	dense amplitude time= 0.00637054443359375
	total non-zero amplitudes= 4900
	nsamples per process= 159
	sample time= 11.662167072296143
self.n= 2.1638711954637904
	RGN updated loss=-9.903520236074261,dloss=-0.0008457714271390415
update time= 0.010422706604003906
step= 9

nparam= 240
	dense amplitude time= 0.005791187286376953
	total non-zero amplitudes= 4900
	nsamples per process= 159
	sample time= 12.526079416275024
self.n= 2.1638711954637904
	collect g,h time= 15.618683576583862
E=-9.903520236074261,dE=-0.0008457714271390415,std=0
L=-9.903520236074261,dL=-0.0008457714271390415,std=0
	gnorm= 0.01236897865780674
	collect S matrix time= 0.024866342544555664
	nonzero=131,wmax=4.923490936744062,wmin=0.005353242956532926
	SR solver time= 0.004698753356933594
	collect H matrix time= 0.019640445709228516
	nonzero=135,smax=5.999402656509215,smin=0.006225558319940758
	RGN solver time= 0.008300542831420898
	xnorm=1.9960358799592517,dnorm=0.07752478672343227
update time= 0.011186361312866211
	dense amplitude time= 0.006384849548339844
	total non-zero amplitudes= 4900
	nsamples per process= 159
	sample time= 11.659850835800171
self.n= 2.1200325296362577
	RGN updated loss=-9.90405743693107,dloss=-0.0005372008568098607
update time= 0.010441064834594727
step= 10

nparam= 240
	dense amplitude time= 0.005850553512573242
	total non-zero amplitudes= 4900
	nsamples per process= 159
	sample time= 12.551024675369263
self.n= 2.1200325296362577
	collect g,h time= 15.641440153121948
E=-9.90405743693107,dE=-0.0005372008568098607,std=0
L=-9.90405743693107,dL=-0.0005372008568098607,std=0
	gnorm= 0.010931765036013896
	collect S matrix time= 0.024802207946777344
	nonzero=131,wmax=4.935213567949045,wmin=0.0054637992681115495
	SR solver time= 0.0047152042388916016
	collect H matrix time= 0.01974201202392578
	nonzero=136,smax=6.009389589475288,smin=0.006024064235480081
	RGN solver time= 0.008446455001831055
	xnorm=1.9850671058365845,dnorm=0.18725600996796835
update time= 0.011235713958740234
	dense amplitude time= 0.006437540054321289
	total non-zero amplitudes= 4900
	nsamples per process= 159
	sample time= 11.65098786354065
self.n= 2.1343900762372323
	RGN updated loss=-9.904696998298055,dloss=-0.000639561366984509
update time= 0.010412454605102539
step= 11

nparam= 240
	dense amplitude time= 0.011657953262329102
	total non-zero amplitudes= 4900
	nsamples per process= 159
	sample time= 12.507687091827393
self.n= 2.1343900762372323
	collect g,h time= 15.643527269363403
E=-9.904696998298055,dE=-0.000639561366984509,std=0
L=-9.904696998298055,dL=-0.000639561366984509,std=0
	gnorm= 0.009883815622477648
	collect S matrix time= 0.024604082107543945
	nonzero=131,wmax=4.948172618393047,wmin=0.005484524678968902
	SR solver time= 0.004626035690307617
	collect H matrix time= 0.019834280014038086
	nonzero=135,smax=6.019659573081342,smin=0.006231412255940617
	RGN solver time= 0.008314847946166992
	xnorm=2.0152455014205017,dnorm=0.04175444133337498
update time= 0.011091947555541992
	dense amplitude time= 0.006341695785522461
	total non-zero amplitudes= 4900
	nsamples per process= 159
	sample time= 11.975979804992676
self.n= 2.1085596424597446
	RGN updated loss=-9.904945432221385,dloss=-0.00024843392333018244
update time= 0.010432958602905273
step= 12

nparam= 240
	dense amplitude time= 0.00583648681640625
	total non-zero amplitudes= 4900
	nsamples per process= 159
	sample time= 12.87988567352295
self.n= 2.1085596424597446
	collect g,h time= 15.613845109939575
E=-9.904945432221385,dE=-0.00024843392333018244,std=0
L=-9.904945432221385,dL=-0.00024843392333018244,std=0
	gnorm= 0.008570501054284904
	collect S matrix time= 0.024782180786132812
	nonzero=132,wmax=4.95893956882809,wmin=0.005071453483746789
	SR solver time= 0.00454258918762207
	collect H matrix time= 0.019767045974731445
	nonzero=135,smax=6.028458048120232,smin=0.006455270187138701
	RGN solver time= 0.008095264434814453
	xnorm=2.01181118027456,dnorm=0.03038640754116569
update time= 0.011414527893066406
	dense amplitude time= 0.006791591644287109
	total non-zero amplitudes= 4900
	nsamples per process= 159
	sample time= 11.940990686416626
self.n= 2.087879299068604
	RGN updated loss=-9.905113834223737,dloss=-0.00016840200235179736
update time= 0.010460138320922852
step= 13

nparam= 240
	dense amplitude time= 0.0060384273529052734
	total non-zero amplitudes= 4900
	nsamples per process= 159
	sample time= 12.864841222763062
self.n= 2.087879299068604
	collect g,h time= 15.64553713798523
E=-9.905113834223737,dE=-0.00016840200235179736,std=0
L=-9.905113834223737,dL=-0.00016840200235179736,std=0
	gnorm= 0.007432349874253389
	collect S matrix time= 0.024668455123901367
	nonzero=133,wmax=4.968982038818726,wmin=0.005061983618352725
	SR solver time= 0.004786968231201172
	collect H matrix time= 0.01966094970703125
	nonzero=135,smax=6.037080340412421,smin=0.006653822085487885
	RGN solver time= 0.00856781005859375
	xnorm=2.0097965775295954,dnorm=0.024359098731910833
update time= 0.011099100112915039
	dense amplitude time= 0.006251096725463867
	total non-zero amplitudes= 4900
	nsamples per process= 159
	sample time= 11.817457914352417
self.n= 2.071212739573939
	RGN updated loss=-9.905231470901697,dloss=-0.00011763667795960941
update time= 0.010431051254272461
step= 14

nparam= 240
	dense amplitude time= 0.006003141403198242
	total non-zero amplitudes= 4900
	nsamples per process= 159
	sample time= 12.674174070358276
self.n= 2.071212739573939
	collect g,h time= 15.621417045593262
E=-9.905231470901697,dE=-0.00011763667795960941,std=0
L=-9.905231470901697,dL=-0.00011763667795960941,std=0
	gnorm= 0.006449366818091787
	collect S matrix time= 0.025029659271240234
	nonzero=133,wmax=4.978220026769469,wmin=0.005187009435783154
	SR solver time= 0.004724264144897461
	collect H matrix time= 0.01979374885559082
	nonzero=136,smax=6.045271993916538,smin=0.006116606947940073
	RGN solver time= 0.008504390716552734
	xnorm=2.008439737231518,dnorm=0.08485439763343058
update time= 0.011129140853881836
	dense amplitude time= 0.006317138671875
	total non-zero amplitudes= 4900
	nsamples per process= 159
	sample time= 11.64800238609314
self.n= 2.0779686158508373
	RGN updated loss=-9.90537697494259,dloss=-0.00014550404089241908
update time= 0.010377168655395508
step= 15

nparam= 240
	dense amplitude time= 0.005969524383544922
	total non-zero amplitudes= 4900
	nsamples per process= 159
	sample time= 12.551355361938477
self.n= 2.0779686158508373
	collect g,h time= 15.63538670539856
E=-9.90537697494259,dE=-0.00014550404089241908,std=0
L=-9.90537697494259,dL=-0.00014550404089241908,std=0
	gnorm= 0.005678057984659059
	collect S matrix time= 0.024665117263793945
	nonzero=133,wmax=4.987467453408701,wmin=0.005249848040293502
	SR solver time= 0.004759788513183594
	collect H matrix time= 0.019722938537597656
	nonzero=136,smax=6.0529358816466585,smin=0.006066427552760923
	RGN solver time= 0.008498191833496094
	xnorm=2.0267351983503903,dnorm=0.08427526313067565
update time= 0.011071443557739258
	dense amplitude time= 0.006132841110229492
	total non-zero amplitudes= 4900
	nsamples per process= 159
	sample time= 11.737085819244385
self.n= 2.077016954310773
	RGN updated loss=-9.905498140686609,dloss=-0.0001211657440194358
update time= 0.010348320007324219
step= 16

nparam= 240
	dense amplitude time= 0.005886077880859375
	total non-zero amplitudes= 4900
	nsamples per process= 159
	sample time= 12.644147872924805
self.n= 2.077016954310773
	collect g,h time= 15.599675416946411
E=-9.905498140686609,dE=-0.0001211657440194358,std=0
L=-9.905498140686609,dL=-0.0001211657440194358,std=0
	gnorm= 0.004981193999176531
	collect S matrix time= 0.02483344078063965
	nonzero=133,wmax=4.996187448234179,wmin=0.005335807088239651
	SR solver time= 0.004755258560180664
	collect H matrix time= 0.019521474838256836
	nonzero=136,smax=6.060642985250831,smin=0.006098299769099543
	RGN solver time= 0.008497953414916992
	xnorm=2.0338791103957385,dnorm=0.05020179161364495
update time= 0.011141538619995117
	dense amplitude time= 0.006281614303588867
	total non-zero amplitudes= 4900
	nsamples per process= 159
	sample time= 11.809229612350464
self.n= 2.0776855879106444
	RGN updated loss=-9.905562394051696,dloss=-6.425336508719681e-05
update time= 0.01035451889038086
step= 17

nparam= 240
	dense amplitude time= 0.006074666976928711
	total non-zero amplitudes= 4900
	nsamples per process= 159
	sample time= 12.709026575088501
self.n= 2.0776855879106444
	collect g,h time= 15.63968014717102
E=-9.905562394051696,dE=-6.425336508719681e-05,std=0
L=-9.905562394051696,dL=-6.425336508719681e-05,std=0
	gnorm= 0.004339543424620094
	collect S matrix time= 0.024352550506591797
	nonzero=133,wmax=5.003947618568745,wmin=0.00538816002557011
	SR solver time= 0.004583835601806641
	collect H matrix time= 0.019671916961669922
	nonzero=136,smax=6.067446270727892,smin=0.006076472895613721
	RGN solver time= 0.008294105529785156
	xnorm=2.0418319502954856,dnorm=0.033416988113310106
update time= 0.01112508773803711
	dense amplitude time= 0.00623631477355957
	total non-zero amplitudes= 4900
	nsamples per process= 159
	sample time= 11.79287600517273
self.n= 2.0715739312889285
	RGN updated loss=-9.905602208621598,dloss=-3.981456990231891e-05
update time= 0.010354995727539062
step= 18

nparam= 240
	dense amplitude time= 0.005849599838256836
	total non-zero amplitudes= 4900
	nsamples per process= 159
	sample time= 12.692881345748901
self.n= 2.0715739312889285
	collect g,h time= 15.637020349502563
E=-9.905602208621598,dE=-3.981456990231891e-05,std=0
L=-9.905602208621598,dL=-3.981456990231891e-05,std=0
	gnorm= 0.003791720387948929
	collect S matrix time= 0.024409770965576172
	nonzero=133,wmax=5.010799803258776,wmin=0.005452855774751187
	SR solver time= 0.004503726959228516
	collect H matrix time= 0.019643545150756836
	nonzero=136,smax=6.073829266794303,smin=0.006136317280027452
	RGN solver time= 0.008210897445678711
	xnorm=2.041975292499409,dnorm=0.030692747175491145
update time= 0.011126518249511719
	dense amplitude time= 0.0064351558685302734
	total non-zero amplitudes= 4900
	nsamples per process= 159
	sample time= 12.070749521255493
self.n= 2.07049552989011
	RGN updated loss=-9.905632142023448,dloss=-2.9933401849646657e-05
update time= 0.010283708572387695
step= 19

nparam= 240
	dense amplitude time= 0.005911350250244141
	total non-zero amplitudes= 4900
	nsamples per process= 159
	sample time= 12.709746837615967
self.n= 2.07049552989011
	collect g,h time= 15.625940799713135
E=-9.905632142023448,dE=-2.9933401849646657e-05,std=0
L=-9.905632142023448,dL=-2.9933401849646657e-05,std=0
	gnorm= 0.0033376615852294205
	collect S matrix time= 0.02465200424194336
	nonzero=133,wmax=5.016895529214989,wmin=0.005491873665850777
	SR solver time= 0.004695892333984375
	collect H matrix time= 0.019620180130004883
	nonzero=136,smax=6.079412251719783,smin=0.006137142181796388
	RGN solver time= 0.008520364761352539
	xnorm=2.0460960389998673,dnorm=0.025724619181164022
update time= 0.011047840118408203
	dense amplitude time= 0.006327629089355469
	total non-zero amplitudes= 4900
	nsamples per process= 159
	sample time= 11.799854755401611
self.n= 2.0659353801428555
	RGN updated loss=-9.905653549466669,dloss=-2.140744322076671e-05
update time= 0.010268449783325195
step= 20

nparam= 240
	dense amplitude time= 0.005903005599975586
	total non-zero amplitudes= 4900
	nsamples per process= 159
	sample time= 12.66427993774414
self.n= 2.0659353801428555
	collect g,h time= 15.632089376449585
E=-9.905653549466669,dE=-2.140744322076671e-05,std=0
L=-9.905653549466669,dL=-2.140744322076671e-05,std=0
	gnorm= 0.0029638187496688543
	collect S matrix time= 0.02448105812072754
	nonzero=133,wmax=5.022203735192898,wmin=0.005537008663590281
	SR solver time= 0.00470733642578125
	collect H matrix time= 0.019623994827270508
	nonzero=136,smax=6.08447913338205,smin=0.006182214051918289
	RGN solver time= 0.008441448211669922
	xnorm=2.045907283705581,dnorm=0.02885732841416968
update time= 0.011091470718383789
	dense amplitude time= 0.006272792816162109
	total non-zero amplitudes= 4900
	nsamples per process= 159
	sample time= 12.084270000457764
self.n= 2.0664951047635842
	RGN updated loss=-9.90567226664765,dloss=-1.8717180982008585e-05
update time= 0.010170698165893555
step= 21

nparam= 240
	dense amplitude time= 0.013438701629638672
	total non-zero amplitudes= 4900
	nsamples per process= 159
	sample time= 12.6972177028656
self.n= 2.0664951047635842
	collect g,h time= 15.658826112747192
E=-9.90567226664765,dE=-1.8717180982008585e-05,std=0
L=-9.90567226664765,dL=-1.8717180982008585e-05,std=0
	gnorm= 0.0026582713271272283
	collect S matrix time= 0.024490833282470703
	nonzero=133,wmax=5.0269226359849135,wmin=0.005561384124113575
	SR solver time= 0.0046503543853759766
	collect H matrix time= 0.019545555114746094
	nonzero=136,smax=6.088825769238493,smin=0.0061729396922386385
	RGN solver time= 0.008420228958129883
	xnorm=2.0500416853606356,dnorm=0.029587440080733825
update time= 0.011182069778442383
	dense amplitude time= 0.00647425651550293
	total non-zero amplitudes= 4900
	nsamples per process= 159
	sample time= 11.805196762084961
self.n= 2.0637331371472647
	RGN updated loss=-9.905688260142425,dloss=-1.5993494773880457e-05
update time= 0.010237932205200195
step= 22

nparam= 240
	dense amplitude time= 0.0059549808502197266
	total non-zero amplitudes= 4900
	nsamples per process= 159
	sample time= 12.691323518753052
self.n= 2.0637331371472647
	collect g,h time= 15.72581434249878
E=-9.905688260142425,dE=-1.5993494773880457e-05,std=0
L=-9.905688260142425,dL=-1.5993494773880457e-05,std=0
	gnorm= 0.00241127909177593
	collect S matrix time= 0.02463555335998535
	nonzero=133,wmax=5.031020973933842,wmin=0.005593818854944513
	SR solver time= 0.004744052886962891
	collect H matrix time= 0.0193941593170166
	nonzero=136,smax=6.092767995410538,smin=0.006211024085263404
	RGN solver time= 0.008406400680541992
	xnorm=2.050248697710407,dnorm=0.030260277285335258
update time= 0.011122941970825195
	dense amplitude time= 0.006396055221557617
	total non-zero amplitudes= 4900
	nsamples per process= 159
	sample time= 11.784780263900757
self.n= 2.0660004523842215
	RGN updated loss=-9.905702472463824,dloss=-1.4212321399753591e-05
update time= 0.010428190231323242
step= 23

nparam= 240
	dense amplitude time= 0.005896806716918945
	total non-zero amplitudes= 4900
	nsamples per process= 159
	sample time= 12.665603399276733
self.n= 2.0660004523842215
	collect g,h time= 15.643929481506348
E=-9.905702472463824,dE=-1.4212321399753591e-05,std=0
L=-9.905702472463824,dL=-1.4212321399753591e-05,std=0
	gnorm= 0.002208812753529341
	collect S matrix time= 0.02451634407043457
	nonzero=133,wmax=5.034682907697093,wmin=0.0056074167427758136
	SR solver time= 0.004691600799560547
	collect H matrix time= 0.019541025161743164
	nonzero=136,smax=6.096101543152268,smin=0.006194795226478791
	RGN solver time= 0.008454084396362305
	xnorm=2.0548634509555868,dnorm=0.029688810014481818
update time= 0.01107168197631836
	dense amplitude time= 0.006314516067504883
	total non-zero amplitudes= 4900
	nsamples per process= 159
	sample time= 11.789649248123169
self.n= 2.0643699605785155
	RGN updated loss=-9.905714739545179,dloss=-1.2267081354266907e-05
update time= 0.010284662246704102
step= 24

nparam= 240
	dense amplitude time= 0.005919694900512695
	total non-zero amplitudes= 4900
	nsamples per process= 159
	sample time= 12.699236392974854
self.n= 2.0643699605785155
	collect g,h time= 15.637250185012817
E=-9.905714739545179,dE=-1.2267081354266907e-05,std=0
L=-9.905714739545179,dL=-1.2267081354266907e-05,std=0
	gnorm= 0.0020504021808076672
	collect S matrix time= 0.02449631690979004
	nonzero=133,wmax=5.037853466639001,wmin=0.005631007947925887
	SR solver time= 0.004669666290283203
	collect H matrix time= 0.019624948501586914
	nonzero=136,smax=6.0991562720335395,smin=0.006223402583679875
	RGN solver time= 0.008436918258666992
	xnorm=2.0552687304990807,dnorm=0.02496239658160829
update time= 0.01104283332824707
	dense amplitude time= 0.0064198970794677734
	total non-zero amplitudes= 4900
	nsamples per process= 159
	sample time= 11.811075448989868
self.n= 2.0662310563197988
	RGN updated loss=-9.905723555594992,dloss=-8.816049813731297e-06
update time= 0.010440587997436523
step= 25

nparam= 240
	dense amplitude time= 0.005939483642578125
	total non-zero amplitudes= 4900
	nsamples per process= 159
	sample time= 12.704491138458252
self.n= 2.0662310563197988
	collect g,h time= 15.683403968811035
E=-9.905723555594992,dE=-8.816049813731297e-06,std=0
L=-9.905723555594992,dL=-8.816049813731297e-06,std=0
	gnorm= 0.0019197463244583328
	collect S matrix time= 0.02449631690979004
	nonzero=133,wmax=5.040647520528549,wmin=0.005640098471762291
	SR solver time= 0.004695415496826172
	collect H matrix time= 0.01963186264038086
	nonzero=136,smax=6.1017148391297145,smin=0.006206751344949462
	RGN solver time= 0.008445024490356445
	xnorm=2.058675715592512,dnorm=0.021365748627531378
update time= 0.011118650436401367
	dense amplitude time= 0.0062677860260009766
	total non-zero amplitudes= 4900
	nsamples per process= 159
	sample time= 11.83547329902649
self.n= 2.0646989583382216
	RGN updated loss=-9.905729961558714,dloss=-6.405963722144747e-06
update time= 0.010346651077270508
step= 26

nparam= 240
	dense amplitude time= 0.005867958068847656
	total non-zero amplitudes= 4900
	nsamples per process= 159
	sample time= 12.690571308135986
self.n= 2.0646989583382216
	collect g,h time= 15.684955835342407
E=-9.905729961558714,dE=-6.405963722144747e-06,std=0
L=-9.905729961558714,dL=-6.405963722144747e-06,std=0
	gnorm= 0.001821230852495953
	collect S matrix time= 0.024478912353515625
	nonzero=133,wmax=5.043027288046663,wmin=0.005657218413168243
	SR solver time= 0.004705667495727539
	collect H matrix time= 0.019366979598999023
	nonzero=136,smax=6.1040356918736505,smin=0.006224558819489391
	RGN solver time= 0.008568048477172852
	xnorm=2.058594032630682,dnorm=0.017561710653629065
update time= 0.011124610900878906
	dense amplitude time= 0.006246328353881836
	total non-zero amplitudes= 4900
	nsamples per process= 159
	sample time= 11.82486343383789
self.n= 2.065692557399778
	RGN updated loss=-9.905734425301056,dloss=-4.463742341087595e-06
update time= 0.010332822799682617
step= 27

nparam= 240
	dense amplitude time= 0.005801200866699219
	total non-zero amplitudes= 4900
	nsamples per process= 159
	sample time= 12.689443111419678
self.n= 2.065692557399778
	collect g,h time= 15.660011768341064
E=-9.905734425301056,dE=-4.463742341087595e-06,std=0
L=-9.905734425301056,dL=-4.463742341087595e-06,std=0
	gnorm= 0.0017411075996719844
	collect S matrix time= 0.024884462356567383
	nonzero=133,wmax=5.0450981252823714,wmin=0.005664224486482759
	SR solver time= 0.004641294479370117
	collect H matrix time= 0.019692659378051758
	nonzero=136,smax=6.105963730187977,smin=0.006215757118908316
	RGN solver time= 0.008567571640014648
	xnorm=2.0606738576304715,dnorm=0.015164047249826578
update time= 0.011241674423217773
	dense amplitude time= 0.006340980529785156
	total non-zero amplitudes= 4900
	nsamples per process= 159
	sample time= 11.805896759033203
self.n= 2.064368919987831
	RGN updated loss=-9.905737715913288,dloss=-3.2906122324760645e-06
update time= 0.010345935821533203
step= 28

nparam= 240
	dense amplitude time= 0.0058307647705078125
	total non-zero amplitudes= 4900
	nsamples per process= 159
	sample time= 12.727967023849487
self.n= 2.064368919987831
	collect g,h time= 15.775635719299316
E=-9.905737715913288,dE=-3.2906122324760645e-06,std=0
L=-9.905737715913288,dL=-3.2906122324760645e-06,std=0
	gnorm= 0.0016818491500236383
	collect S matrix time= 0.02443695068359375
	nonzero=133,wmax=5.0468454898956425,wmin=0.005676532704237532
	SR solver time= 0.004706144332885742
	collect H matrix time= 0.01954030990600586
	nonzero=137,smax=6.107687282912053,smin=0.006113748581074278
	RGN solver time= 0.008555889129638672
	xnorm=2.060394351059418,dnorm=0.09509406905503744
update time= 0.011095046997070312
	dense amplitude time= 0.00622248649597168
	total non-zero amplitudes= 4900
	nsamples per process= 159
	sample time= 11.861588954925537
self.n= 2.1029470511033845
	RGN updated loss=-9.905823693157107,dloss=-8.59772438186468e-05
update time= 0.010361433029174805
step= 29

nparam= 240
	dense amplitude time= 0.005751609802246094
	total non-zero amplitudes= 4900
	nsamples per process= 159
	sample time= 12.667139530181885
self.n= 2.1029470511033845
	collect g,h time= 15.62735104560852
E=-9.905823693157107,dE=-8.59772438186468e-05,std=0
L=-9.905823693157107,dL=-8.59772438186468e-05,std=0
	gnorm= 0.0016535873118294288
	collect S matrix time= 0.02446126937866211
	nonzero=133,wmax=5.050190872930163,wmin=0.0056342139769307185
	SR solver time= 0.004672050476074219
	collect H matrix time= 0.019693613052368164
	nonzero=135,smax=6.109259018355265,smin=0.00681925086124819
	RGN solver time= 0.008416175842285156
	xnorm=2.1009765563111906,dnorm=0.0028294096795207354
update time= 0.011110067367553711
	dense amplitude time= 0.006160259246826172
	total non-zero amplitudes= 4900
	nsamples per process= 159
	sample time= 11.807415008544922
self.n= 2.103278278552021
	RGN updated loss=-9.905825021560979,dloss=-1.3284038722360947e-06
update time= 0.010262489318847656
step= 30

nparam= 240
	dense amplitude time= 0.005892038345336914
	total non-zero amplitudes= 4900
	nsamples per process= 159
	sample time= 12.702916622161865
self.n= 2.103278278552021
	collect g,h time= 15.634017705917358
E=-9.905825021560979,dE=-1.3284038722360947e-06,std=0
L=-9.905825021560979,dL=-1.3284038722360947e-06,std=0
	gnorm= 0.0015772832334374088
	collect S matrix time= 0.02457118034362793
	nonzero=133,wmax=5.052440223493716,wmin=0.005642196716500803
	SR solver time= 0.004670619964599609
	collect H matrix time= 0.019600629806518555
	nonzero=135,smax=6.111360004236613,smin=0.006838262148339115
	RGN solver time= 0.008427619934082031
	xnorm=2.1014199204579658,dnorm=0.0015119082694841292
update time= 0.01110982894897461
	dense amplitude time= 0.006150722503662109
	total non-zero amplitudes= 4900
	nsamples per process= 159
	sample time= 11.793959617614746
self.n= 2.1032542675104278
	RGN updated loss=-9.905825726668125,dloss=-7.051071460040248e-07
update time= 0.010368824005126953
step= 31

nparam= 240
	dense amplitude time= 0.01307368278503418
	total non-zero amplitudes= 4900
	nsamples per process= 159
	sample time= 12.713460445404053
self.n= 2.1032542675104278
	collect g,h time= 15.640222072601318
E=-9.905825726668125,dE=-7.051071460040248e-07,std=0
L=-9.905825726668125,dL=-7.051071460040248e-07,std=0
	gnorm= 0.001531253318236773
	collect S matrix time= 0.02443408966064453
	nonzero=133,wmax=5.054269813045228,wmin=0.005648892750937743
	SR solver time= 0.004713535308837891
	collect H matrix time= 0.019496440887451172
	nonzero=135,smax=6.113141002770066,smin=0.006847799169724248
	RGN solver time= 0.00840902328491211
	xnorm=2.1017241508087783,dnorm=0.0008957158703864281
update time= 0.011016368865966797
	dense amplitude time= 0.0061991214752197266
	total non-zero amplitudes= 4900
	nsamples per process= 159
	sample time= 11.873356819152832
self.n= 2.1030896304791726
	RGN updated loss=-9.905826156343402,dloss=-4.2967527669190986e-07
update time= 0.010419130325317383
step= 32

nparam= 240
	dense amplitude time= 0.0058345794677734375
	total non-zero amplitudes= 4900
	nsamples per process= 159
	sample time= 12.79268479347229
self.n= 2.1030896304791726
	collect g,h time= 15.625898599624634
E=-9.905826156343402,dE=-4.2967527669190986e-07,std=0
L=-9.905826156343402,dL=-4.2967527669190986e-07,std=0
	gnorm= 0.0015009359554002174
	collect S matrix time= 0.02440476417541504
	nonzero=133,wmax=5.055742564361316,wmin=0.005654479623357671
	SR solver time= 0.004730224609375
	collect H matrix time= 0.01971578598022461
	nonzero=135,smax=6.114609954801221,smin=0.0068571125632034945
	RGN solver time= 0.008350849151611328
	xnorm=2.101930152668136,dnorm=0.0006263324505831922
update time= 0.011157512664794922
	dense amplitude time= 0.0063021183013916016
	total non-zero amplitudes= 4900
	nsamples per process= 159
	sample time= 11.960021257400513
self.n= 2.10288306984123
	RGN updated loss=-9.905826441253565,dloss=-2.84910163017571e-07
update time= 0.010405302047729492
step= 33

nparam= 240
	dense amplitude time= 0.005869865417480469
	total non-zero amplitudes= 4900
	nsamples per process= 159
	sample time= 12.869303941726685
self.n= 2.10288306984123
	collect g,h time= 15.651339054107666
E=-9.905826441253565,dE=-2.84910163017571e-07,std=0
L=-9.905826441253565,dL=-2.84910163017571e-07,std=0
	gnorm= 0.0014804797806478988
	collect S matrix time= 0.024111032485961914
	nonzero=133,wmax=5.056924227940778,wmin=0.005659135227994133
	SR solver time= 0.00465083122253418
	collect H matrix time= 0.019675016403198242
	nonzero=135,smax=6.115803984413699,smin=0.006864541680833671
	RGN solver time= 0.008345842361450195
	xnorm=2.102070685271614,dnorm=0.0005051993556924442
update time= 0.011133670806884766
	dense amplitude time= 0.00600123405456543
	total non-zero amplitudes= 4900
	nsamples per process= 159
	sample time= 11.97939920425415
self.n= 2.102674716942315
	RGN updated loss=-9.905826639539795,dloss=-1.9828623010198498e-07
update time= 0.010443687438964844
step= 34

nparam= 240
	dense amplitude time= 0.005775928497314453
	total non-zero amplitudes= 4900
	nsamples per process= 159
	sample time= 12.851998329162598
self.n= 2.102674716942315
	collect g,h time= 15.763127326965332
E=-9.905826639539795,dE=-1.9828623010198498e-07,std=0
L=-9.905826639539795,dL=-1.9828623010198498e-07,std=0
	gnorm= 0.0014662976151136133
	collect S matrix time= 0.024407625198364258
	nonzero=133,wmax=5.057872340311292,wmin=0.005663016264401633
	SR solver time= 0.004708290100097656
	collect H matrix time= 0.01976609230041504
	nonzero=135,smax=6.116768396617886,smin=0.006870627138664435
	RGN solver time= 0.008493185043334961
	xnorm=2.102166513666898,dnorm=0.000441064864083353
update time= 0.011165380477905273
	dense amplitude time= 0.006018877029418945
	total non-zero amplitudes= 4900
	nsamples per process= 159
	sample time= 11.95690393447876
self.n= 2.102481127025113
	RGN updated loss=-9.905826781820915,dloss=-1.4228112021896777e-07
update time= 0.010256052017211914
step= 35

nparam= 240
	dense amplitude time= 0.005909442901611328
	total non-zero amplitudes= 4900
	nsamples per process= 159
	sample time= 12.830477476119995
self.n= 2.102481127025113
	collect g,h time= 15.620439529418945
E=-9.905826781820915,dE=-1.4228112021896777e-07,std=0
L=-9.905826781820915,dL=-1.4228112021896777e-07,std=0
	gnorm= 0.0014562283769866547
	collect S matrix time= 0.02448725700378418
	nonzero=133,wmax=5.0586346536017635,wmin=0.005666256753517789
	SR solver time= 0.004723072052001953
	collect H matrix time= 0.019530773162841797
	nonzero=135,smax=6.117545873748739,smin=0.0068756959463384
	RGN solver time= 0.008469581604003906
	xnorm=2.1022321835384017,dnorm=0.00039461632326548294
update time= 0.011174440383911133
	dense amplitude time= 0.006124973297119141
	total non-zero amplitudes= 4900
	nsamples per process= 159
	sample time= 12.01145315170288
self.n= 2.1023080145533206
	RGN updated loss=-9.90582688608937,dloss=-1.0426845520328243e-07
update time= 0.010238885879516602
step= 36

nparam= 240
	dense amplitude time= 0.0059108734130859375
	total non-zero amplitudes= 4900
	nsamples per process= 159
	sample time= 12.8572998046875
self.n= 2.1023080145533206
	collect g,h time= 15.672605514526367
E=-9.90582688608937,dE=-1.0426845520328243e-07,std=0
L=-9.90582688608937,dL=-1.0426845520328243e-07,std=0
	gnorm= 0.001448919762275594
	collect S matrix time= 0.024791240692138672
	nonzero=133,wmax=5.059249617231144,wmin=0.0056689676299476015
	SR solver time= 0.0046193599700927734
	collect H matrix time= 0.01957392692565918
	nonzero=135,smax=6.118173156434364,smin=0.00687995988564417
	RGN solver time= 0.008404254913330078
	xnorm=2.102277542127243,dnorm=0.00035325368045857337
update time= 0.011154413223266602
	dense amplitude time= 0.00597691535949707
	total non-zero amplitudes= 4900
	nsamples per process= 159
	sample time= 11.978265285491943
self.n= 2.1021562504503772
	RGN updated loss=-9.905826963558198,dloss=-7.74688277971336e-08
update time= 0.01032257080078125
step= 37

nparam= 240
	dense amplitude time= 0.005841732025146484
	total non-zero amplitudes= 4900
	nsamples per process= 159
	sample time= 12.82830023765564
self.n= 2.1021562504503772
	collect g,h time= 15.682514667510986
E=-9.905826963558198,dE=-7.74688277971336e-08,std=0
L=-9.905826963558198,dL=-7.74688277971336e-08,std=0
	gnorm= 0.0014435896004088384
	collect S matrix time= 0.02484750747680664
	nonzero=133,wmax=5.05974769777511,wmin=0.0056712397403845625
	SR solver time= 0.004689455032348633
	collect H matrix time= 0.019597530364990234
	nonzero=135,smax=6.118680483542209,smin=0.006883176626774231
	RGN solver time= 0.008595466613769531
	xnorm=2.1023091678534107,dnorm=0.00031235927541128287
update time= 0.011185169219970703
	dense amplitude time= 0.005989551544189453
	total non-zero amplitudes= 4900
	nsamples per process= 159
	sample time= 11.976347208023071
self.n= 2.102025636848381
	RGN updated loss=-9.905827022291769,dloss=-5.8733570895697085e-08
update time= 0.010382890701293945
step= 38

nparam= 240
	dense amplitude time= 0.006049633026123047
	total non-zero amplitudes= 4900
	nsamples per process= 159
	sample time= 12.864043951034546
self.n= 2.102025636848381
	collect g,h time= 15.62539005279541
E=-9.905827022291769,dE=-5.8733570895697085e-08,std=0
L=-9.905827022291769,dL=-5.8733570895697085e-08,std=0
	gnorm= 0.0014394053761155406
	collect S matrix time= 0.024909496307373047
	nonzero=133,wmax=5.060151951871995,wmin=0.005673151911758845
	SR solver time= 0.004500865936279297
	collect H matrix time= 0.01963639259338379
	nonzero=135,smax=6.119091780207554,smin=0.00688664245242065
	RGN solver time= 0.008114337921142578
	xnorm=2.1023321526713286,dnorm=0.00027885428715790556
update time= 0.011206388473510742
	dense amplitude time= 0.006036996841430664
	total non-zero amplitudes= 4900
	nsamples per process= 159
	sample time= 11.98008942604065
self.n= 2.1019114907863274
	RGN updated loss=-9.90582706681639,dloss=-4.452462043502692e-08
update time= 0.010327339172363281
step= 39

nparam= 240
	dense amplitude time= 0.0059452056884765625
	total non-zero amplitudes= 4900
	nsamples per process= 159
	sample time= 12.865211009979248
self.n= 2.1019114907863274
	collect g,h time= 15.753412008285522
E=-9.90582706681639,dE=-4.452462043502692e-08,std=0
L=-9.90582706681639,dL=-4.452462043502692e-08,std=0
	gnorm= 0.0014363491107612313
	collect S matrix time= 0.025223493576049805
	nonzero=133,wmax=5.060482743155008,wmin=0.005674753331013382
	SR solver time= 0.004727840423583984
	collect H matrix time= 0.019608020782470703
	nonzero=135,smax=6.119426710133252,smin=0.006888842886401114
	RGN solver time= 0.008570432662963867
	xnorm=2.1023473495052145,dnorm=0.00024174295963374305
update time= 0.011151552200317383
	dense amplitude time= 0.006119966506958008
	total non-zero amplitudes= 4900
	nsamples per process= 159
	sample time= 11.957279682159424
self.n= 2.1018149990394637
	RGN updated loss=-9.905827101616268,dloss=-3.479987853438615e-08
update time= 0.010194540023803711
step= 40

nparam= 240
	dense amplitude time= 0.0057430267333984375
	total non-zero amplitudes= 4900
	nsamples per process= 159
	sample time= 12.872268199920654
self.n= 2.1018149990394637
	collect g,h time= 15.6443510055542
E=-9.905827101616268,dE=-3.479987853438615e-08,std=0
L=-9.905827101616268,dL=-3.479987853438615e-08,std=0
	gnorm= 0.0014340153702304065
	collect S matrix time= 0.02541375160217285
	nonzero=133,wmax=5.060753441648091,wmin=0.0056761074962486694
	SR solver time= 0.0043718814849853516
	collect H matrix time= 0.020528316497802734
	nonzero=135,smax=6.119700509301396,smin=0.006891345416044144
	RGN solver time= 0.008997440338134766
	xnorm=2.1023593274664227,dnorm=0.00022069620616998144
update time= 0.011276006698608398
	dense amplitude time= 0.006284952163696289
	total non-zero amplitudes= 4900
	nsamples per process= 159
	sample time= 12.018824815750122
self.n= 2.1017342584853944
	RGN updated loss=-9.905827128716222,dloss=-2.709995428062939e-08
update time= 0.01039743423461914
step= 41

nparam= 240
	dense amplitude time= 0.014029264450073242
	total non-zero amplitudes= 4900
	nsamples per process= 159
	sample time= 12.884613275527954
self.n= 2.1017342584853944
	collect g,h time= 15.625989437103271
E=-9.905827128716222,dE=-2.709995428062939e-08,std=0
L=-9.905827128716222,dL=-2.709995428062939e-08,std=0
	gnorm= 0.0014320805001671818
	collect S matrix time= 0.02539229393005371
	nonzero=133,wmax=5.060977204453309,wmin=0.005677230815909455
	SR solver time= 0.004398822784423828
	collect H matrix time= 0.019989728927612305
	nonzero=135,smax=6.119925442293097,smin=0.006892791755337492
	RGN solver time= 0.008173465728759766
	xnorm=2.1023660499961374,dnorm=0.00018658637694215723
update time= 0.010908365249633789
	dense amplitude time= 0.00578761100769043
	total non-zero amplitudes= 4900
	nsamples per process= 159
	sample time= 11.894850730895996
self.n= 2.1016656504462827
	RGN updated loss=-9.90582715012826,dloss=-2.1412038364587715e-08
update time= 0.010428905487060547
step= 42

nparam= 240
	dense amplitude time= 0.005917072296142578
	total non-zero amplitudes= 4900
	nsamples per process= 159
	sample time= 12.80434775352478
self.n= 2.1016656504462827
	collect g,h time= 15.706961870193481
E=-9.90582715012826,dE=-2.1412038364587715e-08,std=0
L=-9.90582715012826,dL=-2.1412038364587715e-08,std=0
	gnorm= 0.001430432978891964
	collect S matrix time= 0.025269031524658203
	nonzero=133,wmax=5.061161601614728,wmin=0.005678190260151275
	SR solver time= 0.0046274662017822266
	collect H matrix time= 0.01981067657470703
	nonzero=135,smax=6.120111049683463,smin=0.006894775936450363
	RGN solver time= 0.008468151092529297
	xnorm=2.1023723524274756,dnorm=0.0001657842164720189
update time= 0.010999441146850586
	dense amplitude time= 0.0058650970458984375
	total non-zero amplitudes= 4900
	nsamples per process= 159
	sample time= 11.899158239364624
self.n= 2.101605203665935
	RGN updated loss=-9.905827166784377,dloss=-1.6656116486046812e-08
update time= 0.010560274124145508
step= 43

nparam= 240
	dense amplitude time= 0.005955934524536133
	total non-zero amplitudes= 4900
	nsamples per process= 159
	sample time= 12.80005669593811
self.n= 2.101605203665935
	collect g,h time= 15.638168334960938
E=-9.905827166784377,dE=-1.6656116486046812e-08,std=0
L=-9.905827166784377,dL=-1.6656116486046812e-08,std=0
	gnorm= 0.0014292455474967155
	collect S matrix time= 0.025542020797729492
	nonzero=133,wmax=5.061315206427589,wmin=0.005678997113896851
	SR solver time= 0.004602193832397461
	collect H matrix time= 0.019713878631591797
	nonzero=135,smax=6.120264671096902,smin=0.006895724398306949
	RGN solver time= 0.008501768112182617
	xnorm=2.1023760499181234,dnorm=0.00013942020231168196
update time= 0.010992288589477539
	dense amplitude time= 0.005761384963989258
	total non-zero amplitudes= 4900
	nsamples per process= 159
	sample time= 11.914044618606567
self.n= 2.1015550345564935
	RGN updated loss=-9.90582718037154,dloss=-1.35871633943907e-08
update time= 0.0103759765625
step= 44

nparam= 240
	dense amplitude time= 0.005852222442626953
	total non-zero amplitudes= 4900
	nsamples per process= 159
	sample time= 12.797240734100342
self.n= 2.1015550345564935
	collect g,h time= 15.627700805664062
E=-9.90582718037154,dE=-1.35871633943907e-08,std=0
L=-9.90582718037154,dL=-1.35871633943907e-08,std=0
	gnorm= 0.0014281499836488255
	collect S matrix time= 0.0247952938079834
	nonzero=133,wmax=5.061442351560725,wmin=0.0056796864227564615
	SR solver time= 0.004606962203979492
	collect H matrix time= 0.01981186866760254
	nonzero=135,smax=6.120392148126742,smin=0.006897276419946046
	RGN solver time= 0.008362531661987305
	xnorm=2.102379964405047,dnorm=0.000124586844489152
update time= 0.01093435287475586
	dense amplitude time= 0.006181240081787109
	total non-zero amplitudes= 4900
	nsamples per process= 159
	sample time= 11.901191711425781
self.n= 2.1015109327887234
	RGN updated loss=-9.90582719103047,dloss=-1.0658929738838196e-08
update time= 0.010535478591918945
step= 45

nparam= 240
	dense amplitude time= 0.0057337284088134766
	total non-zero amplitudes= 4900
	nsamples per process= 159
	sample time= 12.805443048477173
self.n= 2.1015109327887234
	collect g,h time= 15.648185729980469
E=-9.90582719103047,dE=-1.0658929738838196e-08,std=0
L=-9.90582719103047,dL=-1.0658929738838196e-08,std=0
	gnorm= 0.0014273760055725946
	collect S matrix time= 0.024559974670410156
	nonzero=133,wmax=5.061549052884882,wmin=0.005680263804718719
	SR solver time= 0.004564762115478516
	collect H matrix time= 0.01959705352783203
	nonzero=135,smax=6.1204982878082586,smin=0.006897851870176424
	RGN solver time= 0.008314132690429688
	xnorm=2.102381862971801,dnorm=0.0001041311770899849
update time= 0.011115550994873047
	dense amplitude time= 0.006330966949462891
	total non-zero amplitudes= 4900
	nsamples per process= 159
	sample time= 11.92098617553711
self.n= 2.1014750302690004
	RGN updated loss=-9.905827199987266,dloss=-8.956796193615446e-09
update time= 0.010480403900146484
step= 46

nparam= 240
	dense amplitude time= 0.0056536197662353516
	total non-zero amplitudes= 4900
	nsamples per process= 159
	sample time= 12.808687210083008
self.n= 2.1014750302690004
	collect g,h time= 15.600993633270264
E=-9.905827199987266,dE=-8.956796193615446e-09,std=0
L=-9.905827199987266,dL=-8.956796193615446e-09,std=0
	gnorm= 0.0014266108943049394
	collect S matrix time= 0.025020599365234375
	nonzero=133,wmax=5.061637604441426,wmin=0.0056807587504654365
	SR solver time= 0.004583835601806641
	collect H matrix time= 0.0200192928314209
	nonzero=135,smax=6.120586834953675,smin=0.006899085116577729
	RGN solver time= 0.008467674255371094
	xnorm=2.1023844450380755,dnorm=9.409918035792595e-05
update time= 0.010882854461669922
	dense amplitude time= 0.0061452388763427734
	total non-zero amplitudes= 4900
	nsamples per process= 159
	sample time= 11.903439998626709
self.n= 2.101443271663234
	RGN updated loss=-9.905827207008386,dloss=-7.0211196856462266e-09
update time= 0.010392189025878906
step= 47

nparam= 240
	dense amplitude time= 0.0056302547454833984
	total non-zero amplitudes= 4900
	nsamples per process= 159
	sample time= 12.815148830413818
self.n= 2.101443271663234
	collect g,h time= 15.744739770889282
E=-9.905827207008386,dE=-7.0211196856462266e-09,std=0
L=-9.905827207008386,dL=-7.0211196856462266e-09,std=0
	gnorm= 0.00142609475774813
	collect S matrix time= 0.024807453155517578
	nonzero=133,wmax=5.061712416175993,wmin=0.005681171674498442
	SR solver time= 0.004602909088134766
	collect H matrix time= 0.019617557525634766
	nonzero=135,smax=6.120660920838224,smin=0.0068993880000603755
	RGN solver time= 0.008399248123168945
	xnorm=2.1023853588193804,dnorm=7.82599509967188e-05
update time= 0.010894536972045898
	dense amplitude time= 0.006493568420410156
	total non-zero amplitudes= 4900
	nsamples per process= 159
	sample time= 11.903524398803711
self.n= 2.1014179768280776
	RGN updated loss=-9.905827213102159,dloss=-6.093772597637326e-09
update time= 0.010649442672729492
step= 48

nparam= 240
	dense amplitude time= 0.005708217620849609
	total non-zero amplitudes= 4900
	nsamples per process= 159
	sample time= 12.797836065292358
self.n= 2.1014179768280776
	collect g,h time= 15.633323669433594
E=-9.905827213102159,dE=-6.093772597637326e-09,std=0
L=-9.905827213102159,dL=-6.093772597637326e-09,std=0
	gnorm= 0.0014255422154411945
	collect S matrix time= 0.024680376052856445
	nonzero=133,wmax=5.0617745174393685,wmin=0.005681527573190766
	SR solver time= 0.004610300064086914
	collect H matrix time= 0.01970386505126953
	nonzero=135,smax=6.120722967291257,smin=0.0069003896030492414
	RGN solver time= 0.008554220199584961
	xnorm=2.102387210716349,dnorm=7.186363706950259e-05
update time= 0.010972261428833008
	dense amplitude time= 0.0061528682708740234
	total non-zero amplitudes= 4900
	nsamples per process= 159
	sample time= 11.904511451721191
self.n= 2.1013953004825834
	RGN updated loss=-9.905827217834581,dloss=-4.732422453912477e-09
update time= 0.010523319244384766
step= 49

nparam= 240
	dense amplitude time= 0.005654573440551758
	total non-zero amplitudes= 4900
	nsamples per process= 159
	sample time= 12.79144024848938
self.n= 2.1013953004825834
	collect g,h time= 15.643488883972168
E=-9.905827217834581,dE=-4.732422453912477e-09,std=0
L=-9.905827217834581,dL=-4.732422453912477e-09,std=0
	gnorm= 0.0014251950521143478
	collect S matrix time= 0.02471756935119629
	nonzero=133,wmax=5.061827317826297,wmin=0.005681822911475043
	SR solver time= 0.004583835601806641
	collect H matrix time= 0.019729137420654297
	nonzero=135,smax=6.120775061822136,smin=0.006900495103639635
	RGN solver time= 0.008354425430297852
	xnorm=2.1023875784345565,dnorm=5.961512621089668e-05
update time= 0.010991811752319336
	dense amplitude time= 0.006212472915649414
	total non-zero amplitudes= 4900
	nsamples per process= 159
	sample time= 11.910670280456543
self.n= 2.1013777525087876
	RGN updated loss=-9.905827222097852,dloss=-4.263270625415316e-09
update time= 0.010621786117553711
