layer= 0
nparam= 120
hop_ls= [(0, 1), (0, 2), (0, 3), (0, 4), (0, 5), (0, 6), (0, 7), (0, 8), (0, 9), (0, 10), (0, 11), (0, 12), (0, 13), (0, 14), (0, 15), (1, 2), (1, 3), (1, 4), (1, 5), (1, 6), (1, 7), (1, 8), (1, 9), (1, 10), (1, 11), (1, 12), (1, 13), (1, 14), (1, 15), (2, 3), (2, 4), (2, 5), (2, 6), (2, 7), (2, 8), (2, 9), (2, 10), (2, 11), (2, 12), (2, 13), (2, 14), (2, 15), (3, 4), (3, 5), (3, 6), (3, 7), (3, 8), (3, 9), (3, 10), (3, 11), (3, 12), (3, 13), (3, 14), (3, 15), (4, 5), (4, 6), (4, 7), (4, 8), (4, 9), (4, 10), (4, 11), (4, 12), (4, 13), (4, 14), (4, 15), (5, 6), (5, 7), (5, 8), (5, 9), (5, 10), (5, 11), (5, 12), (5, 13), (5, 14), (5, 15), (6, 7), (6, 8), (6, 9), (6, 10), (6, 11), (6, 12), (6, 13), (6, 14), (6, 15), (7, 8), (7, 9), (7, 10), (7, 11), (7, 12), (7, 13), (7, 14), (7, 15), (8, 9), (8, 10), (8, 11), (8, 12), (8, 13), (8, 14), (8, 15), (9, 10), (9, 11), (9, 12), (9, 13), (9, 14), (9, 15), (10, 11), (10, 12), (10, 13), (10, 14), (10, 15), (11, 12), (11, 13), (11, 14), (11, 15), (12, 13), (12, 14), (12, 15), (13, 14), (13, 15), (14, 15)]

update time= 0.008957624435424805
step= 0

nparam= 240
ntotal configs= 4900
	dense amplitude time= 0.1303849220275879
	total non-zero amplitudes= 4900
	nsamples per process= 50
	sample time= 4.114112854003906
self.n= 0.777015669085675
	collect g,h time= 4.7876296043396
E=-9.603039869227878,dE=0,std=0
L=-9.603039869227878,dL=0,std=0
	gnorm= 0.32488841373480515
	collect S matrix time= 0.014769554138183594
	nonzero=139,wmax=3.2640538175938447,wmin=0.0033056611255234806
	SR solver time= 0.003624439239501953
	collect H matrix time= 0.0039136409759521484
	nonzero=140,smax=4.76525961206403,smin=0.00609294603328792
	RGN solver time= 0.005857229232788086
	xnorm=0.9096917332581109,dnorm=0.8098149863063686
update time= 0.008790731430053711
	dense amplitude time= 0.0033664703369140625
	total non-zero amplitudes= 4900
	nsamples per process= 50
	sample time= 3.7675938606262207
self.n= 0.9674016143044861
	RGN updated loss=-9.804746817120218,dloss=-0.20170694789234034
update time= 0.008899450302124023
step= 1

nparam= 240
	dense amplitude time= 0.01219487190246582
	total non-zero amplitudes= 4900
	nsamples per process= 50
	sample time= 4.163549423217773
self.n= 0.9674016143044861
	collect g,h time= 4.669870853424072
E=-9.804746817120218,dE=-0.20170694789234034,std=0
L=-9.804746817120218,dL=-0.20170694789234034,std=0
	gnorm= 0.1714987322664543
	collect S matrix time= 0.010777711868286133
	nonzero=136,wmax=3.584400310623087,wmin=0.003810291143425763
	SR solver time= 0.0032613277435302734
	collect H matrix time= 0.0033910274505615234
	nonzero=139,smax=4.5213317608297325,smin=0.004785499046260262
	RGN solver time= 0.0056912899017333984
	xnorm=1.0762417633268462,dnorm=0.5965342458849218
update time= 0.007585048675537109
	dense amplitude time= 0.003690958023071289
	total non-zero amplitudes= 4900
	nsamples per process= 50
	sample time= 3.780296564102173
self.n= 1.2020335179468318
	RGN updated loss=-9.863623399559271,dloss=-0.05887658243905314
update time= 0.00759577751159668
step= 2

nparam= 240
	dense amplitude time= 0.004342555999755859
	total non-zero amplitudes= 4900
	nsamples per process= 50
	sample time= 4.166022300720215
self.n= 1.2020335179468318
	collect g,h time= 4.699316501617432
E=-9.863623399559271,dE=-0.05887658243905314,std=0
L=-9.863623399559271,dL=-0.05887658243905314,std=0
	gnorm= 0.0951419481817593
	collect S matrix time= 0.009076356887817383
	nonzero=127,wmax=3.9092860485377283,wmin=0.0040772294547252825
	SR solver time= 0.003378152847290039
	collect H matrix time= 0.0033462047576904297
	nonzero=137,smax=4.899763749941506,smin=0.004936392639854958
	RGN solver time= 0.005682468414306641
	xnorm=1.4719072254115408,dnorm=0.4718171130678687
update time= 0.008819103240966797
	dense amplitude time= 0.0026509761810302734
	total non-zero amplitudes= 4900
	nsamples per process= 50
	sample time= 3.7836382389068604
self.n= 1.3857004991883395
	RGN updated loss=-9.884173738192949,dloss=-0.02055033863367761
update time= 0.008821964263916016
step= 3

nparam= 240
	dense amplitude time= 0.012763023376464844
	total non-zero amplitudes= 4900
	nsamples per process= 50
	sample time= 4.180508613586426
self.n= 1.3857004991883395
	collect g,h time= 4.714847803115845
E=-9.884173738192949,dE=-0.02055033863367761,std=0
L=-9.884173738192949,dL=-0.02055033863367761,std=0
	gnorm= 0.05654502200655567
	collect S matrix time= 0.00881648063659668
	nonzero=125,wmax=4.219883613805626,wmin=0.004238968416853558
	SR solver time= 0.003068685531616211
	collect H matrix time= 0.003463268280029297
	nonzero=134,smax=5.232940441576012,smin=0.005431762763280364
	RGN solver time= 0.005535125732421875
	xnorm=1.835315891749281,dnorm=0.2782049571305193
update time= 0.008842229843139648
	dense amplitude time= 0.0024366378784179688
	total non-zero amplitudes= 4900
	nsamples per process= 50
	sample time= 3.645430564880371
self.n= 1.4524443134323206
	RGN updated loss=-9.892348125205427,dloss=-0.008174387012477524
update time= 0.008789300918579102
step= 4

nparam= 240
	dense amplitude time= 0.0032677650451660156
	total non-zero amplitudes= 4900
	nsamples per process= 50
	sample time= 4.02360200881958
self.n= 1.4524443134323206
	collect g,h time= 4.6973090171813965
E=-9.892348125205427,dE=-0.008174387012477524,std=0
L=-9.892348125205427,dL=-0.008174387012477524,std=0
	gnorm= 0.03619770758232312
	collect S matrix time= 0.008859634399414062
	nonzero=129,wmax=4.467693637533356,wmin=0.004601497651089627
	SR solver time= 0.0033407211303710938
	collect H matrix time= 0.003378152847290039
	nonzero=135,smax=5.50746210766577,smin=0.0056305572840758
	RGN solver time= 0.005625724792480469
	xnorm=2.0153051367835384,dnorm=0.1763760408253765
update time= 0.008897781372070312
	dense amplitude time= 0.0025746822357177734
	total non-zero amplitudes= 4900
	nsamples per process= 50
	sample time= 3.3997559547424316
self.n= 1.4809074576867043
	RGN updated loss=-9.896240716302477,dloss=-0.003892591097050868
update time= 0.009097576141357422
step= 5

nparam= 240
	dense amplitude time= 0.014092445373535156
	total non-zero amplitudes= 4900
	nsamples per process= 50
	sample time= 3.7845160961151123
self.n= 1.4809074576867043
	collect g,h time= 4.696170091629028
E=-9.896240716302477,dE=-0.003892591097050868,std=0
L=-9.896240716302477,dL=-0.003892591097050868,std=0
	gnorm= 0.026357539344716196
	collect S matrix time= 0.008777618408203125
	nonzero=128,wmax=4.63609305719677,wmin=0.004969898681764193
	SR solver time= 0.0030069351196289062
	collect H matrix time= 0.0036699771881103516
	nonzero=133,smax=5.689042497370198,smin=0.006404918416565173
	RGN solver time= 0.005393266677856445
	xnorm=2.0894306304122057,dnorm=0.1406162560490595
update time= 0.008599042892456055
	dense amplitude time= 0.002926349639892578
	total non-zero amplitudes= 4900
	nsamples per process= 50
	sample time= 3.185708999633789
self.n= 1.4718834856089726
	RGN updated loss=-9.899074771779174,dloss=-0.002834055476697017
update time= 0.00867009162902832
step= 6

nparam= 240
	dense amplitude time= 0.002579212188720703
	total non-zero amplitudes= 4900
	nsamples per process= 50
	sample time= 3.524172067642212
self.n= 1.4718834856089726
	collect g,h time= 4.684080123901367
E=-9.899074771779174,dE=-0.002834055476697017,std=0
L=-9.899074771779174,dL=-0.002834055476697017,std=0
	gnorm= 0.021652289092031405
	collect S matrix time= 0.009499549865722656
	nonzero=129,wmax=4.735236840243704,wmin=0.004826253592565999
	SR solver time= 0.003071308135986328
	collect H matrix time= 0.004292011260986328
	nonzero=133,smax=5.794040297442079,smin=0.006691727309241862
	RGN solver time= 0.005464076995849609
	xnorm=2.102048032699294,dnorm=0.13716814728562685
update time= 0.008703947067260742
	dense amplitude time= 0.0031125545501708984
	total non-zero amplitudes= 4900
	nsamples per process= 50
	sample time= 3.179370164871216
self.n= 1.4284207456087041
	RGN updated loss=-9.901375747076177,dloss=-0.002300975297002239
update time= 0.008654594421386719
step= 7

nparam= 240
	dense amplitude time= 0.01487278938293457
	total non-zero amplitudes= 4900
	nsamples per process= 50
	sample time= 3.5328681468963623
self.n= 1.4284207456087041
	collect g,h time= 4.688878536224365
E=-9.901375747076177,dE=-0.002300975297002239,std=0
L=-9.901375747076177,dL=-0.002300975297002239,std=0
	gnorm= 0.019069181954828842
	collect S matrix time= 0.008566856384277344
	nonzero=130,wmax=4.803354218040223,wmin=0.004842493599677038
	SR solver time= 0.0030312538146972656
	collect H matrix time= 0.003370046615600586
	nonzero=134,smax=5.868649448339529,smin=0.005980401029656773
	RGN solver time= 0.005362987518310547
	xnorm=2.0767868965689606,dnorm=0.12970476469405448
update time= 0.008661031723022461
	dense amplitude time= 0.0025141239166259766
	total non-zero amplitudes= 4900
	nsamples per process= 50
	sample time= 3.108281373977661
self.n= 1.3881501508330794
	RGN updated loss=-9.902902919368882,dloss=-0.001527172292705714
update time= 0.008781909942626953
step= 8

nparam= 240
	dense amplitude time= 0.0035932064056396484
	total non-zero amplitudes= 4900
	nsamples per process= 50
	sample time= 3.4607551097869873
self.n= 1.3881501508330794
	collect g,h time= 4.690765380859375
E=-9.902902919368882,dE=-0.001527172292705714,std=0
L=-9.902902919368882,dL=-0.001527172292705714,std=0
	gnorm= 0.016838719228177854
	collect S matrix time= 0.008361101150512695
	nonzero=130,wmax=4.850746570209132,wmin=0.00523562695815895
	SR solver time= 0.00313568115234375
	collect H matrix time= 0.003443479537963867
	nonzero=134,smax=5.920757153049461,smin=0.006315833585687596
	RGN solver time= 0.0055408477783203125
	xnorm=2.0428440014589473,dnorm=0.09696988468805047
update time= 0.00875544548034668
	dense amplitude time= 0.002948760986328125
	total non-zero amplitudes= 4900
	nsamples per process= 50
	sample time= 2.7384090423583984
self.n= 1.356278698205093
	RGN updated loss=-9.903854053037572,dloss=-0.0009511336686891525
update time= 0.008783102035522461
step= 9

nparam= 240
	dense amplitude time= 0.015239715576171875
	total non-zero amplitudes= 4900
	nsamples per process= 50
	sample time= 3.0764520168304443
self.n= 1.356278698205093
	collect g,h time= 4.701463222503662
E=-9.903854053037572,dE=-0.0009511336686891525,std=0
L=-9.903854053037572,dL=-0.0009511336686891525,std=0
	gnorm= 0.014759636975861646
	collect S matrix time= 0.01100921630859375
	nonzero=131,wmax=4.8857058047050606,wmin=0.00508156942050182
	SR solver time= 0.003356456756591797
	collect H matrix time= 0.004586458206176758
	nonzero=134,smax=5.957646714662045,smin=0.006676595575557153
	RGN solver time= 0.005812406539916992
	xnorm=2.0205610979045168,dnorm=0.0706376370603084
update time= 0.008928775787353516
	dense amplitude time= 0.003558635711669922
	total non-zero amplitudes= 4900
	nsamples per process= 50
	sample time= 2.712343692779541
self.n= 1.331742916117582
	RGN updated loss=-9.904461687275663,dloss=-0.0006076342380918476
update time= 0.008913993835449219
step= 10

nparam= 240
	dense amplitude time= 0.013727903366088867
	total non-zero amplitudes= 4900
	nsamples per process= 50
	sample time= 3.054621934890747
self.n= 1.331742916117582
	collect g,h time= 4.705739498138428
E=-9.904461687275663,dE=-0.0006076342380918476,std=0
L=-9.904461687275663,dL=-0.0006076342380918476,std=0
	gnorm= 0.012850418811196923
	collect S matrix time= 0.009712696075439453
	nonzero=131,wmax=4.913035847828543,wmin=0.005277121366674578
	SR solver time= 0.003090381622314453
	collect H matrix time= 0.0032806396484375
	nonzero=134,smax=5.985481227848689,smin=0.007016176721373074
	RGN solver time= 0.0053784847259521484
	xnorm=2.00676689190172,dnorm=0.053145126456713196
update time= 0.008520364761352539
	dense amplitude time= 0.0026154518127441406
	total non-zero amplitudes= 4900
	nsamples per process= 50
	sample time= 2.750645637512207
self.n= 1.3126223359595344
	RGN updated loss=-9.904864839881066,dloss=-0.0004031526054024681
update time= 0.00868844985961914
step= 11

nparam= 240
	dense amplitude time= 0.008652925491333008
	total non-zero amplitudes= 4900
	nsamples per process= 50
	sample time= 3.0833799839019775
self.n= 1.3126223359595344
	collect g,h time= 4.68091607093811
E=-9.904864839881066,dE=-0.0004031526054024681,std=0
L=-9.904864839881066,dL=-0.0004031526054024681,std=0
	gnorm= 0.011133056212576842
	collect S matrix time= 0.009095907211303711
	nonzero=132,wmax=4.935268989302838,wmin=0.004938886353626112
	SR solver time= 0.0033304691314697266
	collect H matrix time= 0.003165721893310547
	nonzero=135,smax=6.007619493989296,smin=0.00606268248348128
	RGN solver time= 0.005639076232910156
	xnorm=1.9980288419565615,dnorm=0.09588181996418468
update time= 0.009175777435302734
	dense amplitude time= 0.00262451171875
	total non-zero amplitudes= 4900
	nsamples per process= 50
	sample time= 2.87994384765625
self.n= 1.3059264822468903
	RGN updated loss=-9.905207030741815,dloss=-0.00034219086074926963
update time= 0.00884389877319336
step= 12

nparam= 240
	dense amplitude time= 0.026976585388183594
	total non-zero amplitudes= 4900
	nsamples per process= 50
	sample time= 3.214508533477783
self.n= 1.3059264822468903
	collect g,h time= 4.686023950576782
E=-9.905207030741815,dE=-0.00034219086074926963,std=0
L=-9.905207030741815,dL=-0.00034219086074926963,std=0
	gnorm= 0.009710502207289627
	collect S matrix time= 0.0091705322265625
	nonzero=132,wmax=4.954598036205379,wmin=0.00504615523434315
	SR solver time= 0.003521442413330078
	collect H matrix time= 0.0029642581939697266
	nonzero=135,smax=6.026361634510304,smin=0.006198220472942887
	RGN solver time= 0.006127357482910156
	xnorm=2.0053766956795185,dnorm=0.09480507920576853
update time= 0.009709358215332031
	dense amplitude time= 0.002908468246459961
	total non-zero amplitudes= 4900
	nsamples per process= 50
	sample time= 3.0216197967529297
self.n= 1.3021579726910062
	RGN updated loss=-9.905470583472304,dloss=-0.0002635527304892804
update time= 0.008667945861816406
step= 13

nparam= 240
	dense amplitude time= 0.01494145393371582
	total non-zero amplitudes= 4900
	nsamples per process= 50
	sample time= 3.3965842723846436
self.n= 1.3021579726910062
	collect g,h time= 4.691210031509399
E=-9.905470583472304,dE=-0.0002635527304892804,std=0
L=-9.905470583472304,dL=-0.0002635527304892804,std=0
	gnorm= 0.008397981043083853
	collect S matrix time= 0.0074269771575927734
	nonzero=133,wmax=4.971417022672206,wmin=0.005020953896212046
	SR solver time= 0.0030231475830078125
	collect H matrix time= 0.003776073455810547
	nonzero=135,smax=6.042340788441773,smin=0.006246813112852896
	RGN solver time= 0.005413055419921875
	xnorm=2.01171703442327,dnorm=0.0686659278413136
update time= 0.008651018142700195
	dense amplitude time= 0.0032286643981933594
	total non-zero amplitudes= 4900
	nsamples per process= 50
	sample time= 3.049541711807251
self.n= 1.2976600552746405
	RGN updated loss=-9.90564246370464,dloss=-0.0001718802323349422
update time= 0.008709430694580078
step= 14

nparam= 240
	dense amplitude time= 0.013313770294189453
	total non-zero amplitudes= 4900
	nsamples per process= 50
	sample time= 3.3971786499023438
self.n= 1.2976600552746405
	collect g,h time= 4.6978678703308105
E=-9.90564246370464,dE=-0.0001718802323349422,std=0
L=-9.90564246370464,dL=-0.0001718802323349422,std=0
	gnorm= 0.007264112260884395
	collect S matrix time= 0.008038043975830078
	nonzero=133,wmax=4.985758103426747,wmin=0.005134006351607457
	SR solver time= 0.0030655860900878906
	collect H matrix time= 0.003983020782470703
	nonzero=135,smax=6.055909276468118,smin=0.006335743406017668
	RGN solver time= 0.005466461181640625
	xnorm=2.0168738921877023,dnorm=0.04267726756937357
update time= 0.008561372756958008
	dense amplitude time= 0.0033462047576904297
	total non-zero amplitudes= 4900
	nsamples per process= 50
	sample time= 3.078122138977051
self.n= 1.2917684908350826
	RGN updated loss=-9.905751563245957,dloss=-0.00010909954131754773
update time= 0.008934974670410156
step= 15

nparam= 240
	dense amplitude time= 0.12560629844665527
	total non-zero amplitudes= 4900
	nsamples per process= 50
	sample time= 3.457090139389038
self.n= 1.2917684908350826
	collect g,h time= 4.699296474456787
E=-9.905751563245957,dE=-0.00010909954131754773,std=0
L=-9.905751563245957,dL=-0.00010909954131754773,std=0
	gnorm= 0.006246143629495314
	collect S matrix time= 0.00925755500793457
	nonzero=133,wmax=4.9980577015658945,wmin=0.005230078475763598
	SR solver time= 0.0030875205993652344
	collect H matrix time= 0.003248453140258789
	nonzero=135,smax=6.067613688054336,smin=0.0064482201196016525
	RGN solver time= 0.005355358123779297
	xnorm=2.0171221307443767,dnorm=0.02938567983243963
update time= 0.008624792098999023
	dense amplitude time= 0.0027866363525390625
	total non-zero amplitudes= 4900
	nsamples per process= 50
	sample time= 3.18644380569458
self.n= 1.2864775575057534
	RGN updated loss=-9.905825598950504,dloss=-7.403570454656005e-05
update time= 0.008593559265136719
step= 16

nparam= 240
	dense amplitude time= 0.011906623840332031
	total non-zero amplitudes= 4900
	nsamples per process= 50
	sample time= 3.550542116165161
self.n= 1.2864775575057534
	collect g,h time= 4.736012697219849
E=-9.905825598950504,dE=-7.403570454656005e-05,std=0
L=-9.905825598950504,dL=-7.403570454656005e-05,std=0
	gnorm= 0.005389678767505564
	collect S matrix time= 0.007720947265625
	nonzero=133,wmax=5.008655353369531,wmin=0.00531202007894011
	SR solver time= 0.0032672882080078125
	collect H matrix time= 0.004067897796630859
	nonzero=136,smax=6.077763562755312,smin=0.006139929638421177
	RGN solver time= 0.005844831466674805
	xnorm=2.0174137528698455,dnorm=0.11422621747858147
update time= 0.009178876876831055
	dense amplitude time= 0.0037713050842285156
	total non-zero amplitudes= 4900
	nsamples per process= 50
	sample time= 3.195603847503662
self.n= 1.3058887073162837
	RGN updated loss=-9.905993644922635,dloss=-0.00016804597213138095
update time= 0.00916290283203125
step= 17

nparam= 240
	dense amplitude time= 0.01030421257019043
	total non-zero amplitudes= 4900
	nsamples per process= 50
	sample time= 3.5430667400360107
self.n= 1.3058887073162837
	collect g,h time= 4.717334270477295
E=-9.905993644922635,dE=-0.00016804597213138095,std=0
L=-9.905993644922635,dL=-0.00016804597213138095,std=0
	gnorm= 0.004776537904670313
	collect S matrix time= 0.010348796844482422
	nonzero=133,wmax=5.01946875781101,wmin=0.005316390214683089
	SR solver time= 0.0034508705139160156
	collect H matrix time= 0.0029125213623046875
	nonzero=135,smax=6.086898672219751,smin=0.006315454673270819
	RGN solver time= 0.0058023929595947266
	xnorm=2.054816720195843,dnorm=0.01107498773393572
update time= 0.008872270584106445
	dense amplitude time= 0.0027763843536376953
	total non-zero amplitudes= 4900
	nsamples per process= 50
	sample time= 3.2192163467407227
self.n= 1.3025346089652103
	RGN updated loss=-9.906029600060146,dloss=-3.5955137510867985e-05
update time= 0.008986711502075195
step= 18

nparam= 240
	dense amplitude time= 0.006191730499267578
	total non-zero amplitudes= 4900
	nsamples per process= 50
	sample time= 3.631594657897949
self.n= 1.3025346089652103
	collect g,h time= 4.854292154312134
E=-9.906029600060146,dE=-3.5955137510867985e-05,std=0
L=-9.906029600060146,dL=-3.5955137510867985e-05,std=0
	gnorm= 0.004093675259996519
	collect S matrix time= 0.007246255874633789
	nonzero=133,wmax=5.028311792083789,wmin=0.005378223231793284
	SR solver time= 0.0030868053436279297
	collect H matrix time= 0.0036058425903320312
	nonzero=135,smax=6.095273782521665,smin=0.006407984735110171
	RGN solver time= 0.005492210388183594
	xnorm=2.0549997475921638,dnorm=0.008748599555541997
update time= 0.008770465850830078
	dense amplitude time= 0.0033044815063476562
	total non-zero amplitudes= 4900
	nsamples per process= 50
	sample time= 3.324843168258667
self.n= 1.29956271192267
	RGN updated loss=-9.906054966456683,dloss=-2.5366396537052083e-05
update time= 0.008655309677124023
step= 19

nparam= 240
	dense amplitude time= 0.0027120113372802734
	total non-zero amplitudes= 4900
	nsamples per process= 50
	sample time= 3.7047321796417236
self.n= 1.29956271192267
	collect g,h time= 4.934950113296509
E=-9.906054966456683,dE=-2.5366396537052083e-05,std=0
L=-9.906054966456683,dL=-2.5366396537052083e-05,std=0
	gnorm= 0.003535186400854801
	collect S matrix time= 0.0072917938232421875
	nonzero=133,wmax=5.035897587432713,wmin=0.005429136681520393
	SR solver time= 0.003158092498779297
	collect H matrix time= 0.003561258316040039
	nonzero=135,smax=6.1025795213151435,smin=0.006482352883016461
	RGN solver time= 0.005610466003417969
	xnorm=2.0550435614982705,dnorm=0.007483906529524331
update time= 0.008917808532714844
	dense amplitude time= 0.003106355667114258
	total non-zero amplitudes= 4900
	nsamples per process= 50
	sample time= 3.323108434677124
self.n= 1.2970143063988062
	RGN updated loss=-9.906073130840237,dloss=-1.816438355461969e-05
update time= 0.008704185485839844
step= 20

nparam= 240
	dense amplitude time= 0.002360820770263672
	total non-zero amplitudes= 4900
	nsamples per process= 50
	sample time= 3.714312791824341
self.n= 1.2970143063988062
	collect g,h time= 4.9649364948272705
E=-9.906073130840237,dE=-1.816438355461969e-05,std=0
L=-9.906073130840237,dL=-1.816438355461969e-05,std=0
	gnorm= 0.003077065081422566
	collect S matrix time= 0.009593725204467773
	nonzero=133,wmax=5.042372950930128,wmin=0.005471202331434652
	SR solver time= 0.003103494644165039
	collect H matrix time= 0.003561258316040039
	nonzero=135,smax=6.108873153305928,smin=0.006550019081887513
	RGN solver time= 0.005559444427490234
	xnorm=2.0550352974791495,dnorm=0.006448604712345708
update time= 0.008642435073852539
	dense amplitude time= 0.002930164337158203
	total non-zero amplitudes= 4900
	nsamples per process= 50
	sample time= 3.2972946166992188
self.n= 1.2948556076472135
	RGN updated loss=-9.906086204909538,dloss=-1.307406930095567e-05
update time= 0.009328365325927734
step= 21

nparam= 240
	dense amplitude time= 0.020503520965576172
	total non-zero amplitudes= 4900
	nsamples per process= 50
	sample time= 3.6931629180908203
self.n= 1.2948556076472135
	collect g,h time= 4.912755250930786
E=-9.906086204909538,dE=-1.307406930095567e-05,std=0
L=-9.906086204909538,dL=-1.307406930095567e-05,std=0
	gnorm= 0.0027035755486950357
	collect S matrix time= 0.007494688034057617
	nonzero=133,wmax=5.047889213212894,wmin=0.005506029903084439
	SR solver time= 0.0032279491424560547
	collect H matrix time= 0.0033922195434570312
	nonzero=135,smax=6.1142602327897055,smin=0.006604899108705555
	RGN solver time= 0.005724191665649414
	xnorm=2.055002126923376,dnorm=0.005549372149191688
update time= 0.009163379669189453
	dense amplitude time= 0.002741098403930664
	total non-zero amplitudes= 4900
	nsamples per process= 50
	sample time= 3.3135576248168945
self.n= 1.2930415722700572
	RGN updated loss=-9.90609564223158,dloss=-9.437322042060714e-06
update time= 0.010557174682617188
step= 22

nparam= 240
	dense amplitude time= 0.007929325103759766
	total non-zero amplitudes= 4900
	nsamples per process= 50
	sample time= 3.735126256942749
self.n= 1.2930415722700572
	collect g,h time= 4.957827568054199
E=-9.90609564223158,dE=-9.437322042060714e-06,std=0
L=-9.90609564223158,dL=-9.437322042060714e-06,std=0
	gnorm= 0.00239863862204292
	collect S matrix time= 0.0074367523193359375
	nonzero=133,wmax=5.052582793981212,wmin=0.005534865273713428
	SR solver time= 0.003091096878051758
	collect H matrix time= 0.0035161972045898438
	nonzero=135,smax=6.118856649788285,smin=0.006651228482749286
	RGN solver time= 0.005408763885498047
	xnorm=2.0549613857715756,dnorm=0.00475745805095017
update time= 0.008586645126342773
	dense amplitude time= 0.004043102264404297
	total non-zero amplitudes= 4900
	nsamples per process= 50
	sample time= 3.3426733016967773
self.n= 1.2915173044792805
	RGN updated loss=-9.906102462722002,dloss=-6.8204904213331474e-06
update time= 0.008718252182006836
step= 23

nparam= 240
	dense amplitude time= 0.004412651062011719
	total non-zero amplitudes= 4900
	nsamples per process= 50
	sample time= 3.70206618309021
self.n= 1.2915173044792805
	collect g,h time= 4.895135164260864
E=-9.906102462722002,dE=-6.8204904213331474e-06,std=0
L=-9.906102462722002,dL=-6.8204904213331474e-06,std=0
	gnorm= 0.0021535363202248602
	collect S matrix time= 0.00944066047668457
	nonzero=133,wmax=5.056575538285047,wmin=0.005558766391384104
	SR solver time= 0.0031423568725585938
	collect H matrix time= 0.0033168792724609375
	nonzero=135,smax=6.122771911827378,smin=0.00669111350831695
	RGN solver time= 0.005720853805541992
	xnorm=2.0549218758525005,dnorm=0.00407570330774634
update time= 0.008800983428955078
	dense amplitude time= 0.002410888671875
	total non-zero amplitudes= 4900
	nsamples per process= 50
	sample time= 3.3026318550109863
self.n= 1.2902405931727947
	RGN updated loss=-9.906107401667812,dloss=-4.9389458105508766e-06
update time= 0.008724689483642578
step= 24

nparam= 240
	dense amplitude time= 0.0022351741790771484
	total non-zero amplitudes= 4900
	nsamples per process= 50
	sample time= 3.549394369125366
self.n= 1.2902405931727947
	collect g,h time= 4.767258644104004
E=-9.906107401667812,dE=-4.9389458105508766e-06,std=0
L=-9.906107401667812,dL=-4.9389458105508766e-06,std=0
	gnorm= 0.001956576514932554
	collect S matrix time= 0.00742650032043457
	nonzero=133,wmax=5.059971462444105,wmin=0.0055785765123151365
	SR solver time= 0.0030336380004882812
	collect H matrix time= 0.0043621063232421875
	nonzero=135,smax=6.126104454641499,smin=0.0067240392368500355
	RGN solver time= 0.005364179611206055
	xnorm=2.054886138000657,dnorm=0.0034792281603644474
update time= 0.00861978530883789
	dense amplitude time= 0.002815723419189453
	total non-zero amplitudes= 4900
	nsamples per process= 50
	sample time= 3.1669552326202393
self.n= 1.2891674382550908
	RGN updated loss=-9.906110980435063,dloss=-3.5787672505449564e-06
update time= 0.008597850799560547
step= 25

nparam= 240
	dense amplitude time= 0.003275632858276367
	total non-zero amplitudes= 4900
	nsamples per process= 50
	sample time= 3.5487911701202393
self.n= 1.2891674382550908
	collect g,h time= 4.692461013793945
E=-9.906110980435063,dE=-3.5787672505449564e-06,std=0
L=-9.906110980435063,dL=-3.5787672505449564e-06,std=0
	gnorm= 0.0018004189823311735
	collect S matrix time= 0.00847005844116211
	nonzero=133,wmax=5.062859429244486,wmin=0.005595035787435301
	SR solver time= 0.003097057342529297
	collect H matrix time= 0.0034532546997070312
	nonzero=135,smax=6.128939782334715,smin=0.006752966667996552
	RGN solver time= 0.005431652069091797
	xnorm=2.0548574982101497,dnorm=0.002967930815333878
update time= 0.008736848831176758
	dense amplitude time= 0.004624128341674805
	total non-zero amplitudes= 4900
	nsamples per process= 50
	sample time= 3.218255043029785
self.n= 1.2882645970555018
	RGN updated loss=-9.906113577045982,dloss=-2.5966109191699616e-06
update time= 0.008691549301147461
step= 26

nparam= 240
	dense amplitude time= 0.015723705291748047
	total non-zero amplitudes= 4900
	nsamples per process= 50
	sample time= 3.5240371227264404
self.n= 1.2882645970555018
	collect g,h time= 4.7094573974609375
E=-9.906113577045982,dE=-2.5966109191699616e-06,std=0
L=-9.906113577045982,dL=-2.5966109191699616e-06,std=0
	gnorm= 0.0016783861110944136
	collect S matrix time= 0.007410764694213867
	nonzero=133,wmax=5.065315840312175,wmin=0.005608730259414334
	SR solver time= 0.0030508041381835938
	collect H matrix time= 0.004441022872924805
	nonzero=135,smax=6.13135136722264,smin=0.006777615369435384
	RGN solver time= 0.005517005920410156
	xnorm=2.054833564219238,dnorm=0.002534239257236831
update time= 0.008902549743652344
	dense amplitude time= 0.0025320053100585938
	total non-zero amplitudes= 4900
	nsamples per process= 50
	sample time= 3.180971145629883
self.n= 1.2875058910044634
	RGN updated loss=-9.906115464402353,dloss=-1.8873563707444418e-06
update time= 0.008661746978759766
step= 27

nparam= 240
	dense amplitude time= 0.0027282238006591797
	total non-zero amplitudes= 4900
	nsamples per process= 50
	sample time= 3.5566673278808594
self.n= 1.2875058910044634
	collect g,h time= 4.76815128326416
E=-9.906115464402353,dE=-1.8873563707444418e-06,std=0
L=-9.906115464402353,dL=-1.8873563707444418e-06,std=0
	gnorm= 0.0015835496981991108
	collect S matrix time= 0.007731437683105469
	nonzero=133,wmax=5.0674056529610585,wmin=0.005620134553719588
	SR solver time= 0.003450632095336914
	collect H matrix time= 0.003479480743408203
	nonzero=135,smax=6.133402746877785,smin=0.006798054385466977
	RGN solver time= 0.005658626556396484
	xnorm=2.0548134870349397,dnorm=0.002159837985490676
update time= 0.00890040397644043
	dense amplitude time= 0.0026557445526123047
	total non-zero amplitudes= 4900
	nsamples per process= 50
	sample time= 3.178046941757202
self.n= 1.2868670435501082
	RGN updated loss=-9.906116837258507,dloss=-1.3728561540915507e-06
update time= 0.008781671524047852
step= 28

nparam= 240
	dense amplitude time= 0.0073697566986083984
	total non-zero amplitudes= 4900
	nsamples per process= 50
	sample time= 3.550267219543457
self.n= 1.2868670435501082
	collect g,h time= 4.74330472946167
E=-9.906116837258507,dE=-1.3728561540915507e-06,std=0
L=-9.906116837258507,dL=-1.3728561540915507e-06,std=0
	gnorm= 0.0015103765539508337
	collect S matrix time= 0.007573366165161133
	nonzero=133,wmax=5.069183372812844,wmin=0.005629651515679041
	SR solver time= 0.0030891895294189453
	collect H matrix time= 0.005116939544677734
	nonzero=135,smax=6.135147870735503,smin=0.006815881804361659
	RGN solver time= 0.005381107330322266
	xnorm=2.054797899919625,dnorm=0.0018391886675003983
update time= 0.008622169494628906
	dense amplitude time= 0.0025136470794677734
	total non-zero amplitudes= 4900
	nsamples per process= 50
	sample time= 3.3362653255462646
self.n= 1.2863273660942656
	RGN updated loss=-9.906117837608983,dloss=-1.00035047623237e-06
update time= 0.00864100456237793
step= 29

nparam= 240
	dense amplitude time= 0.011936664581298828
	total non-zero amplitudes= 4900
	nsamples per process= 50
	sample time= 3.7367682456970215
self.n= 1.2863273660942656
	collect g,h time= 5.0173499584198
E=-9.906117837608983,dE=-1.00035047623237e-06,std=0
L=-9.906117837608983,dL=-1.00035047623237e-06,std=0
	gnorm= 0.0014549695544265936
	collect S matrix time= 0.008240222930908203
	nonzero=133,wmax=5.0706960292365135,wmin=0.0056376138685552985
	SR solver time= 0.0032618045806884766
	collect H matrix time= 0.00342559814453125
	nonzero=135,smax=6.13663247831247,smin=0.006830570705980564
	RGN solver time= 0.005622148513793945
	xnorm=2.0547856367465367,dnorm=0.00156766127373695
update time= 0.008823394775390625
	dense amplitude time= 0.0030820369720458984
	total non-zero amplitudes= 4900
	nsamples per process= 50
	sample time= 3.3694393634796143
self.n= 1.2858726981744966
	RGN updated loss=-9.906118567912781,dloss=-7.30303797880083e-07
update time= 0.008736610412597656
step= 30

nparam= 240
	dense amplitude time= 0.023354053497314453
	total non-zero amplitudes= 4900
	nsamples per process= 50
	sample time= 3.737470865249634
self.n= 1.2858726981744966
	collect g,h time= 4.947179555892944
E=-9.906118567912781,dE=-7.30303797880083e-07,std=0
L=-9.906118567912781,dL=-7.30303797880083e-07,std=0
	gnorm= 0.001412564521127147
	collect S matrix time= 0.007599830627441406
	nonzero=133,wmax=5.071982754889932,wmin=0.00564427972715283
	SR solver time= 0.00308990478515625
	collect H matrix time= 0.0037186145782470703
	nonzero=135,smax=6.137895340491436,smin=0.0068434741023917865
	RGN solver time= 0.005472421646118164
	xnorm=2.0547760526801344,dnorm=0.0013347011553279829
update time= 0.008774518966674805
	dense amplitude time= 0.002861499786376953
	total non-zero amplitudes= 4900
	nsamples per process= 50
	sample time= 3.3393213748931885
self.n= 1.2854876301287494
	RGN updated loss=-9.90611910173475,dloss=-5.338219697392788e-07
update time= 0.00884103775024414
step= 31

nparam= 240
	dense amplitude time= 0.10725831985473633
	total non-zero amplitudes= 4900
	nsamples per process= 50
	sample time= 3.7196736335754395
self.n= 1.2854876301287494
	collect g,h time= 4.938959121704102
E=-9.90611910173475,dE=-5.338219697392788e-07,std=0
L=-9.90611910173475,dL=-5.338219697392788e-07,std=0
	gnorm= 0.0013806117576557603
	collect S matrix time= 0.007452487945556641
	nonzero=133,wmax=5.073077735061731,wmin=0.005649877212481093
	SR solver time= 0.003496408462524414
	collect H matrix time= 0.0032079219818115234
	nonzero=136,smax=6.138969781915966,smin=0.006143474717889981
	RGN solver time= 0.006159067153930664
	xnorm=2.054768486473269,dnorm=0.062099057243355286
update time= 0.00980377197265625
	dense amplitude time= 0.003183603286743164
	total non-zero amplitudes= 4900
	nsamples per process= 50
	sample time= 3.3421630859375
self.n= 1.2991854951199777
	RGN updated loss=-9.90615546208281,dloss=-3.6360348058650516e-05
update time= 0.010837793350219727
step= 32

nparam= 240
	dense amplitude time= 0.00999307632446289
	total non-zero amplitudes= 4900
	nsamples per process= 50
	sample time= 3.719954252243042
self.n= 1.2991854951199777
	collect g,h time= 4.939362049102783
E=-9.90615546208281,dE=-3.6360348058650516e-05,std=0
L=-9.90615546208281,dL=-3.6360348058650516e-05,std=0
	gnorm= 0.0013570280268607308
	collect S matrix time= 0.007428407669067383
	nonzero=133,wmax=5.075012649179274,wmin=0.005626887685060072
	SR solver time= 0.0030896663665771484
	collect H matrix time= 0.0036072731018066406
	nonzero=135,smax=6.139975910080694,smin=0.006656194869006096
	RGN solver time= 0.005677700042724609
	xnorm=2.078583096682319,dnorm=0.0019451713729054885
update time= 0.008693218231201172
	dense amplitude time= 0.002589702606201172
	total non-zero amplitudes= 4900
	nsamples per process= 50
	sample time= 3.3604536056518555
self.n= 1.2993142669446769
	RGN updated loss=-9.906155960118214,dloss=-4.980354049166635e-07
update time= 0.009089469909667969
step= 33

nparam= 240
	dense amplitude time= 0.0056416988372802734
	total non-zero amplitudes= 4900
	nsamples per process= 50
	sample time= 3.734616279602051
self.n= 1.2993142669446769
	collect g,h time= 4.946033239364624
E=-9.906155960118214,dE=-4.980354049166635e-07,std=0
L=-9.906155960118214,dL=-4.980354049166635e-07,std=0
	gnorm= 0.0013215115968764255
	collect S matrix time= 0.008918523788452148
	nonzero=133,wmax=5.076395637986309,wmin=0.005631354093592421
	SR solver time= 0.003162384033203125
	collect H matrix time= 0.00392460823059082
	nonzero=135,smax=6.141276689468336,smin=0.006665008903034922
	RGN solver time= 0.005604982376098633
	xnorm=2.078854593455791,dnorm=0.0009493930528590628
update time= 0.008749246597290039
	dense amplitude time= 0.0027549266815185547
	total non-zero amplitudes= 4900
	nsamples per process= 50
	sample time= 3.3668973445892334
self.n= 1.2993205819131979
	RGN updated loss=-9.906156222226473,dloss=-2.6210825865291554e-07
update time= 0.008873224258422852
step= 34

nparam= 240
	dense amplitude time= 0.06665372848510742
	total non-zero amplitudes= 4900
	nsamples per process= 50
	sample time= 3.7690038681030273
self.n= 1.2993205819131979
	collect g,h time= 5.0023512840271
E=-9.906156222226473,dE=-2.6210825865291554e-07,std=0
L=-9.906156222226473,dL=-2.6210825865291554e-07,std=0
	gnorm= 0.0012997988450326788
	collect S matrix time= 0.0077097415924072266
	nonzero=133,wmax=5.0775234197593315,wmin=0.0056350612209323985
	SR solver time= 0.0031769275665283203
	collect H matrix time= 0.003530263900756836
	nonzero=135,smax=6.142377066967366,smin=0.0066715876512365765
	RGN solver time= 0.00565648078918457
	xnorm=2.079034394075358,dnorm=0.0005534692639892522
update time= 0.008956193923950195
	dense amplitude time= 0.0026743412017822266
	total non-zero amplitudes= 4900
	nsamples per process= 50
	sample time= 3.3936450481414795
self.n= 1.2992715716151644
	RGN updated loss=-9.906156385464767,dloss=-1.6323829399311762e-07
update time= 0.00875401496887207
step= 35

nparam= 240
	dense amplitude time= 0.003956794738769531
	total non-zero amplitudes= 4900
	nsamples per process= 50
	sample time= 3.725320816040039
self.n= 1.2992715716151644
	collect g,h time= 4.951157569885254
E=-9.906156385464767,dE=-1.6323829399311762e-07,std=0
L=-9.906156385464767,dL=-1.6323829399311762e-07,std=0
	gnorm= 0.0012858115955713492
	collect S matrix time= 0.0074613094329833984
	nonzero=133,wmax=5.078438285752765,wmin=0.005638183039123649
	SR solver time= 0.0030508041381835938
	collect H matrix time= 0.003686189651489258
	nonzero=135,smax=6.143287571390824,smin=0.006676509674562721
	RGN solver time= 0.0053441524505615234
	xnorm=2.079152149623278,dnorm=0.0004010101467634115
update time= 0.008624076843261719
	dense amplitude time= 0.002706289291381836
	total non-zero amplitudes= 4900
	nsamples per process= 50
	sample time= 3.341444492340088
self.n= 1.2992014183229628
	RGN updated loss=-9.906156496177985,dloss=-1.1071321814881685e-07
update time= 0.008894920349121094
step= 36

nparam= 240
	dense amplitude time= 0.023036956787109375
	total non-zero amplitudes= 4900
	nsamples per process= 50
	sample time= 3.736755609512329
self.n= 1.2992014183229628
	collect g,h time= 4.950276136398315
E=-9.906156496177985,dE=-1.1071321814881685e-07,std=0
L=-9.906156496177985,dL=-1.1071321814881685e-07,std=0
	gnorm= 0.0012763162688704888
	collect S matrix time= 0.007658958435058594
	nonzero=133,wmax=5.079178203717228,wmin=0.005640814240932651
	SR solver time= 0.0032231807708740234
	collect H matrix time= 0.003525972366333008
	nonzero=135,smax=6.144032638593124,smin=0.006680561159540908
	RGN solver time= 0.005674123764038086
	xnorm=2.0792296622929083,dnorm=0.00033496200323463116
update time= 0.009163856506347656
	dense amplitude time= 0.002546548843383789
	total non-zero amplitudes= 4900
	nsamples per process= 50
	sample time= 3.273364305496216
self.n= 1.2991267889869051
	RGN updated loss=-9.90615657465833,dloss=-7.848034577762064e-08
update time= 0.009411334991455078
step= 37

nparam= 240
	dense amplitude time= 0.0027658939361572266
	total non-zero amplitudes= 4900
	nsamples per process= 50
	sample time= 3.652845621109009
self.n= 1.2991267889869051
	collect g,h time= 5.00311541557312
E=-9.90615657465833,dE=-7.848034577762064e-08,std=0
L=-9.90615657465833,dL=-7.848034577762064e-08,std=0
	gnorm= 0.0012696526018598495
	collect S matrix time= 0.007489442825317383
	nonzero=133,wmax=5.07977666341618,wmin=0.005643031295105566
	SR solver time= 0.003294706344604492
	collect H matrix time= 0.003398418426513672
	nonzero=135,smax=6.144638904791509,smin=0.006683963398478121
	RGN solver time= 0.0057828426361083984
	xnorm=2.0792810786927074,dnorm=0.00029548799300650714
update time= 0.008695363998413086
	dense amplitude time= 0.0026242733001708984
	total non-zero amplitudes= 4900
	nsamples per process= 50
	sample time= 3.2601845264434814
self.n= 1.299055089016711
	RGN updated loss=-9.90615663169822,dloss=-5.70398892563162e-08
update time= 0.008736848831176758
step= 38

nparam= 240
	dense amplitude time= 0.0036721229553222656
	total non-zero amplitudes= 4900
	nsamples per process= 50
	sample time= 3.620678663253784
self.n= 1.299055089016711
	collect g,h time= 4.936586141586304
E=-9.90615663169822,dE=-5.70398892563162e-08,std=0
L=-9.90615663169822,dL=-5.70398892563162e-08,std=0
	gnorm= 0.0012649847862164474
	collect S matrix time= 0.00822591781616211
	nonzero=133,wmax=5.080261600995822,wmin=0.005644900597717425
	SR solver time= 0.0032677650451660156
	collect H matrix time= 0.004611492156982422
	nonzero=135,smax=6.145131348110634,smin=0.006686725520555577
	RGN solver time= 0.005758047103881836
	xnorm=2.079315396199115,dnorm=0.00026553319534749933
update time= 0.009230852127075195
	dense amplitude time= 0.0029418468475341797
	total non-zero amplitudes= 4900
	nsamples per process= 50
	sample time= 3.34211802482605
self.n= 1.2989908048836791
	RGN updated loss=-9.906156674682546,dloss=-4.2984325432371406e-08
update time= 0.008869171142578125
step= 39

nparam= 240
	dense amplitude time= 0.013298988342285156
	total non-zero amplitudes= 4900
	nsamples per process= 50
	sample time= 3.7214725017547607
self.n= 1.2989908048836791
	collect g,h time= 4.9913763999938965
E=-9.906156674682546,dE=-4.2984325432371406e-08,std=0
L=-9.906156674682546,dL=-4.2984325432371406e-08,std=0
	gnorm= 0.0012612881319910062
	collect S matrix time= 0.0075414180755615234
	nonzero=133,wmax=5.080655633983584,wmin=0.005646469964479493
	SR solver time= 0.003091096878051758
	collect H matrix time= 0.003461599349975586
	nonzero=135,smax=6.145531582092156,smin=0.006689361696778254
	RGN solver time= 0.005402326583862305
	xnorm=2.0793380430891863,dnorm=0.00023357001750297338
update time= 0.008668661117553711
	dense amplitude time= 0.0027284622192382812
	total non-zero amplitudes= 4900
	nsamples per process= 50
	sample time= 3.261824607849121
self.n= 1.2989311782709325
	RGN updated loss=-9.906156706385655,dloss=-3.170310947098187e-08
update time= 0.00944209098815918
step= 40

nparam= 240
	dense amplitude time= 0.10608124732971191
	total non-zero amplitudes= 4900
	nsamples per process= 50
	sample time= 3.6635634899139404
self.n= 1.2989311782709325
	collect g,h time= 4.9613189697265625
E=-9.906156706385655,dE=-3.170310947098187e-08,std=0
L=-9.906156706385655,dL=-3.170310947098187e-08,std=0
	gnorm= 0.001258698877346523
	collect S matrix time= 0.009833574295043945
	nonzero=133,wmax=5.080977318078631,wmin=0.005647800574166787
	SR solver time= 0.003351449966430664
	collect H matrix time= 0.0034966468811035156
	nonzero=135,smax=6.145857784505654,smin=0.006691408237635009
	RGN solver time= 0.005794525146484375
	xnorm=2.079354191036898,dnorm=0.00020394211172509625
update time= 0.009273529052734375
	dense amplitude time= 0.0026836395263671875
	total non-zero amplitudes= 4900
	nsamples per process= 50
	sample time= 3.2468411922454834
self.n= 1.2988790276656736
	RGN updated loss=-9.906156730507027,dloss=-2.4121371566820926e-08
update time= 0.00896763801574707
step= 41

nparam= 240
	dense amplitude time= 0.024111509323120117
	total non-zero amplitudes= 4900
	nsamples per process= 50
	sample time= 3.6423840522766113
self.n= 1.2988790276656736
	collect g,h time= 4.965727090835571
E=-9.906156730507027,dE=-2.4121371566820926e-08,std=0
L=-9.906156730507027,dL=-2.4121371566820926e-08,std=0
	gnorm= 0.0012567901657810942
	collect S matrix time= 0.008342266082763672
	nonzero=133,wmax=5.08124019705009,wmin=0.005648924176768926
	SR solver time= 0.0031249523162841797
	collect H matrix time= 0.0034112930297851562
	nonzero=135,smax=6.1461240317872505,smin=0.006693100416758183
	RGN solver time= 0.005333662033081055
	xnorm=2.079365262601634,dnorm=0.00018209921422796977
update time= 0.008756399154663086
	dense amplitude time= 0.0026464462280273438
	total non-zero amplitudes= 4900
	nsamples per process= 50
	sample time= 3.3587238788604736
self.n= 1.2988349036409639
	RGN updated loss=-9.906156749702975,dloss=-1.9195947942307612e-08
update time= 0.008910655975341797
step= 42

nparam= 240
	dense amplitude time= 0.0033202171325683594
	total non-zero amplitudes= 4900
	nsamples per process= 50
	sample time= 3.747623920440674
self.n= 1.2988349036409639
	collect g,h time= 4.931974411010742
E=-9.906156749702975,dE=-1.9195947942307612e-08,std=0
L=-9.906156749702975,dL=-1.9195947942307612e-08,std=0
	gnorm= 0.0012550756379646217
	collect S matrix time= 0.00922536849975586
	nonzero=133,wmax=5.0814559848259755,wmin=0.005649865766487986
	SR solver time= 0.0032320022583007812
	collect H matrix time= 0.003436565399169922
	nonzero=135,smax=6.146341980486184,smin=0.006694818403307587
	RGN solver time= 0.005573272705078125
	xnorm=2.079372380550378,dnorm=0.00015786071329271847
update time= 0.009088516235351562
	dense amplitude time= 0.002746105194091797
	total non-zero amplitudes= 4900
	nsamples per process= 50
	sample time= 3.280805826187134
self.n= 1.2987944064899621
	RGN updated loss=-9.906156763990136,dloss=-1.428716167595212e-08
update time= 0.0102081298828125
step= 43

nparam= 240
	dense amplitude time= 0.005882978439331055
	total non-zero amplitudes= 4900
	nsamples per process= 50
	sample time= 3.6498568058013916
self.n= 1.2987944064899621
	collect g,h time= 4.9687111377716064
E=-9.906156763990136,dE=-1.428716167595212e-08,std=0
L=-9.906156763990136,dL=-1.428716167595212e-08,std=0
	gnorm= 0.0012538924135212092
	collect S matrix time= 0.008446931838989258
	nonzero=133,wmax=5.081634243470679,wmin=0.005650668369804234
	SR solver time= 0.0032358169555664062
	collect H matrix time= 0.004849433898925781
	nonzero=135,smax=6.146521355214423,smin=0.006696076070400442
	RGN solver time= 0.005671501159667969
	xnorm=2.0793780207933175,dnorm=0.00013468551717566834
update time= 0.008941888809204102
	dense amplitude time= 0.002978801727294922
	total non-zero amplitudes= 4900
	nsamples per process= 50
	sample time= 3.2663514614105225
self.n= 1.2987597270907272
	RGN updated loss=-9.906156775189897,dloss=-1.1199761118518836e-08
update time= 0.008806467056274414
step= 44

nparam= 240
	dense amplitude time= 0.014244318008422852
	total non-zero amplitudes= 4900
	nsamples per process= 50
	sample time= 3.638373374938965
self.n= 1.2987597270907272
	collect g,h time= 4.942796945571899
E=-9.906156775189897,dE=-1.1199761118518836e-08,std=0
L=-9.906156775189897,dL=-1.1199761118518836e-08,std=0
	gnorm= 0.0012530139202594267
	collect S matrix time= 0.00755763053894043
	nonzero=133,wmax=5.081781330123781,wmin=0.005651347508264535
	SR solver time= 0.003290891647338867
	collect H matrix time= 0.0034766197204589844
	nonzero=135,smax=6.146669162205642,smin=0.006697090466163819
	RGN solver time= 0.0058672428131103516
	xnorm=2.079381922968289,dnorm=0.00012055875414604118
update time= 0.009423017501831055
	dense amplitude time= 0.0024390220642089844
	total non-zero amplitudes= 4900
	nsamples per process= 50
	sample time= 3.343061685562134
self.n= 1.2987312367689792
	RGN updated loss=-9.906156784667218,dloss=-9.477320261908062e-09
update time= 0.009430170059204102
step= 45

nparam= 240
	dense amplitude time= 0.03852367401123047
	total non-zero amplitudes= 4900
	nsamples per process= 50
	sample time= 3.7106876373291016
self.n= 1.2987312367689792
	collect g,h time= 4.993110656738281
E=-9.906156784667218,dE=-9.477320261908062e-09,std=0
L=-9.906156784667218,dL=-9.477320261908062e-09,std=0
	gnorm= 0.0012520930518772832
	collect S matrix time= 0.007626533508300781
	nonzero=133,wmax=5.081903277089693,wmin=0.005651914639100402
	SR solver time= 0.0032689571380615234
	collect H matrix time= 0.0034019947052001953
	nonzero=135,smax=6.146791316783503,smin=0.0066982260822419405
	RGN solver time= 0.006110668182373047
	xnorm=2.0793841096347885,dnorm=0.00010410475502828767
update time= 0.010589599609375
	dense amplitude time= 0.003588438034057617
	total non-zero amplitudes= 4900
	nsamples per process= 50
	sample time= 3.2678866386413574
self.n= 1.29870456176102
	RGN updated loss=-9.906156791617992,dloss=-6.950774178449137e-09
update time= 0.008701324462890625
step= 46

nparam= 240
	dense amplitude time= 0.005021572113037109
	total non-zero amplitudes= 4900
	nsamples per process= 50
	sample time= 3.6670026779174805
self.n= 1.29870456176102
	collect g,h time= 4.959089040756226
E=-9.906156791617992,dE=-6.950774178449137e-09,std=0
L=-9.906156791617992,dL=-6.950774178449137e-09,std=0
	gnorm= 0.0012514943628502443
	collect S matrix time= 0.008505105972290039
	nonzero=133,wmax=5.0820051774962725,wmin=0.005652401670083957
	SR solver time= 0.0031058788299560547
	collect H matrix time= 0.003550291061401367
	nonzero=135,smax=6.146892955373567,smin=0.006698983528577696
	RGN solver time= 0.005352497100830078
	xnorm=2.0793863256730525,dnorm=8.694806634122002e-05
update time= 0.008658885955810547
	dense amplitude time= 0.002749919891357422
	total non-zero amplitudes= 4900
	nsamples per process= 50
	sample time= 3.265293598175049
self.n= 1.2986820130340395
	RGN updated loss=-9.906156797377209,dloss=-5.7592171032183614e-09
update time= 0.008961915969848633
step= 47

nparam= 240
	dense amplitude time= 0.01282048225402832
	total non-zero amplitudes= 4900
	nsamples per process= 50
	sample time= 3.6322720050811768
self.n= 1.2986820130340395
	collect g,h time= 4.95185112953186
E=-9.906156797377209,dE=-5.7592171032183614e-09,std=0
L=-9.906156797377209,dL=-5.7592171032183614e-09,std=0
	gnorm= 0.0012509717927436672
	collect S matrix time= 0.007375240325927734
	nonzero=133,wmax=5.0820898763018505,wmin=0.005652814539329111
	SR solver time= 0.003253936767578125
	collect H matrix time= 0.0033981800079345703
	nonzero=135,smax=6.1469774593452176,smin=0.006699695157112284
	RGN solver time= 0.0056340694427490234
	xnorm=2.0793878358088747,dnorm=7.523114144797643e-05
update time= 0.008728504180908203
	dense amplitude time= 0.002689361572265625
	total non-zero amplitudes= 4900
	nsamples per process= 50
	sample time= 3.260023355484009
self.n= 1.2986627120594356
	RGN updated loss=-9.906156801880384,dloss=-4.503174722003678e-09
update time= 0.008812904357910156
step= 48

nparam= 240
	dense amplitude time= 0.0029070377349853516
	total non-zero amplitudes= 4900
	nsamples per process= 50
	sample time= 3.6324005126953125
self.n= 1.2986627120594356
	collect g,h time= 4.959727048873901
E=-9.906156801880384,dE=-4.503174722003678e-09,std=0
L=-9.906156801880384,dL=-4.503174722003678e-09,std=0
	gnorm= 0.0012506361535362125
	collect S matrix time= 0.007328033447265625
	nonzero=133,wmax=5.0821606511710415,wmin=0.005653162907863648
	SR solver time= 0.0030527114868164062
	collect H matrix time= 0.003816366195678711
	nonzero=135,smax=6.1470478268493585,smin=0.006700166624363391
	RGN solver time= 0.005379915237426758
	xnorm=2.0793889167792954,dnorm=6.957323383395043e-05
update time= 0.008725881576538086
	dense amplitude time= 0.002516031265258789
	total non-zero amplitudes= 4900
	nsamples per process= 50
	sample time= 3.345524787902832
self.n= 1.2986475216726587
	RGN updated loss=-9.90615680617418,dloss=-4.29379554134357e-09
update time= 0.008979320526123047
step= 49

nparam= 240
	dense amplitude time= 0.012700557708740234
	total non-zero amplitudes= 4900
	nsamples per process= 50
	sample time= 3.7523553371429443
self.n= 1.2986475216726587
	collect g,h time= 4.99441385269165
E=-9.90615680617418,dE=-4.29379554134357e-09,std=0
L=-9.90615680617418,dL=-4.29379554134357e-09,std=0
	gnorm= 0.0012501516968909687
	collect S matrix time= 0.00734400749206543
	nonzero=133,wmax=5.082219955412681,wmin=0.005653451494218649
	SR solver time= 0.003084421157836914
	collect H matrix time= 0.0036509037017822266
	nonzero=135,smax=6.147106663266973,smin=0.006700844800811326
	RGN solver time= 0.005391359329223633
	xnorm=2.0793890915942552,dnorm=6.104341370235291e-05
update time= 0.008658885955810547
	dense amplitude time= 0.0024890899658203125
	total non-zero amplitudes= 4900
	nsamples per process= 50
	sample time= 3.2985496520996094
self.n= 1.2986323813689251
	RGN updated loss=-9.90615680908852,dloss=-2.914340768711554e-09
update time= 0.008888006210327148
