layer= 0
nparam= 120
hop_ls= [(0, 1), (0, 2), (0, 3), (0, 4), (0, 5), (0, 6), (0, 7), (0, 8), (0, 9), (0, 10), (0, 11), (0, 12), (0, 13), (0, 14), (0, 15), (1, 2), (1, 3), (1, 4), (1, 5), (1, 6), (1, 7), (1, 8), (1, 9), (1, 10), (1, 11), (1, 12), (1, 13), (1, 14), (1, 15), (2, 3), (2, 4), (2, 5), (2, 6), (2, 7), (2, 8), (2, 9), (2, 10), (2, 11), (2, 12), (2, 13), (2, 14), (2, 15), (3, 4), (3, 5), (3, 6), (3, 7), (3, 8), (3, 9), (3, 10), (3, 11), (3, 12), (3, 13), (3, 14), (3, 15), (4, 5), (4, 6), (4, 7), (4, 8), (4, 9), (4, 10), (4, 11), (4, 12), (4, 13), (4, 14), (4, 15), (5, 6), (5, 7), (5, 8), (5, 9), (5, 10), (5, 11), (5, 12), (5, 13), (5, 14), (5, 15), (6, 7), (6, 8), (6, 9), (6, 10), (6, 11), (6, 12), (6, 13), (6, 14), (6, 15), (7, 8), (7, 9), (7, 10), (7, 11), (7, 12), (7, 13), (7, 14), (7, 15), (8, 9), (8, 10), (8, 11), (8, 12), (8, 13), (8, 14), (8, 15), (9, 10), (9, 11), (9, 12), (9, 13), (9, 14), (9, 15), (10, 11), (10, 12), (10, 13), (10, 14), (10, 15), (11, 12), (11, 13), (11, 14), (11, 15), (12, 13), (12, 14), (12, 15), (13, 14), (13, 15), (14, 15)]

update time= 0.009779930114746094
step= 0

nparam= 240
ntotal configs= 4900
	dense amplitude time= 0.17081975936889648
	total non-zero amplitudes= 4900
	nsamples per process= 50
	sample time= 4.454715013504028
self.n= 0.982804059804999
	collect g,h time= 8.244653940200806
E=-9.612219156526933,dE=0,std=0
L=-9.612219156526933,dL=0,std=0
	gnorm= 0.3128053617894518
	collect S matrix time= 0.061959266662597656
	nonzero=139,wmax=3.0915975225738075,wmin=0.0034209948788733488
	SR solver time= 0.011596202850341797
	collect H matrix time= 0.002023458480834961
	nonzero=140,smax=4.69905535721372,smin=0.005519242852962792
	RGN solver time= 0.006532430648803711
	xnorm=0.8610938525158628,dnorm=0.8521202445226898
update time= 0.009991168975830078
	dense amplitude time= 0.01114797592163086
	total non-zero amplitudes= 4900
	nsamples per process= 50
	sample time= 4.031689167022705
self.n= 1.1769506204409188
	RGN updated loss=-9.809241930789089,dloss=-0.1970227742621553
update time= 0.009608030319213867
step= 1

nparam= 240
	dense amplitude time= 0.2165203094482422
	total non-zero amplitudes= 4900
	nsamples per process= 50
	sample time= 4.40760350227356
self.n= 1.1769506204409188
	collect g,h time= 8.229247570037842
E=-9.809241930789089,dE=-0.1970227742621553,std=0
L=-9.809241930789089,dL=-0.1970227742621553,std=0
	gnorm= 0.17559733022151638
	collect S matrix time= 0.021732091903686523
	nonzero=135,wmax=3.6309483468219375,wmin=0.004211880294026379
	SR solver time= 0.0036885738372802734
	collect H matrix time= 0.00702977180480957
	nonzero=139,smax=4.588134721583585,smin=0.004899952694874773
	RGN solver time= 0.006222724914550781
	xnorm=1.0636280745311155,dnorm=0.5707387254593533
update time= 0.009908676147460938
	dense amplitude time= 0.011048316955566406
	total non-zero amplitudes= 4900
	nsamples per process= 50
	sample time= 4.139045476913452
self.n= 1.4176104050361893
	RGN updated loss=-9.866675286181406,dloss=-0.057433355392317864
update time= 0.009891986846923828
step= 2

nparam= 240
	dense amplitude time= 0.30586838722229004
	total non-zero amplitudes= 4900
	nsamples per process= 50
	sample time= 4.406973838806152
self.n= 1.4176104050361893
	collect g,h time= 8.218829154968262
E=-9.866675286181406,dE=-0.057433355392317864,std=0
L=-9.866675286181406,dL=-0.057433355392317864,std=0
	gnorm= 0.10447575565627193
	collect S matrix time= 0.016993999481201172
	nonzero=132,wmax=4.01853783402512,wmin=0.004158563355420568
	SR solver time= 0.003607034683227539
	collect H matrix time= 0.006960391998291016
	nonzero=137,smax=5.027702649982458,smin=0.005553997807115991
	RGN solver time= 0.006230592727661133
	xnorm=1.483789935826734,dnorm=0.35718864623771207
update time= 0.009702920913696289
	dense amplitude time= 0.00977015495300293
	total non-zero amplitudes= 4900
	nsamples per process= 50
	sample time= 3.547252893447876
self.n= 1.56675649380586
	RGN updated loss=-9.88816964345007,dloss=-0.021494357268663222
update time= 0.009407997131347656
step= 3

nparam= 240
	dense amplitude time= 0.33058714866638184
	total non-zero amplitudes= 4900
	nsamples per process= 50
	sample time= 3.858757495880127
self.n= 1.56675649380586
	collect g,h time= 8.20034646987915
E=-9.88816964345007,dE=-0.021494357268663222,std=0
L=-9.88816964345007,dL=-0.021494357268663222,std=0
	gnorm= 0.06787258662386904
	collect S matrix time= 0.03675532341003418
	nonzero=131,wmax=4.305205809712971,wmin=0.004491994043204348
	SR solver time= 0.003654956817626953
	collect H matrix time= 0.006955862045288086
	nonzero=135,smax=5.333394765099456,smin=0.005901843982599566
	RGN solver time= 0.006226778030395508
	xnorm=1.7552337952750214,dnorm=0.1594125436244442
update time= 0.009713411331176758
	dense amplitude time= 0.01725006103515625
	total non-zero amplitudes= 4900
	nsamples per process= 50
	sample time= 3.419095277786255
self.n= 1.5817235215001806
	RGN updated loss=-9.897108747514714,dloss=-0.00893910406464471
update time= 0.009514808654785156
step= 4

nparam= 240
	dense amplitude time= 0.2124776840209961
	total non-zero amplitudes= 4900
	nsamples per process= 50
	sample time= 3.7305946350097656
self.n= 1.5817235215001806
	collect g,h time= 8.289281368255615
E=-9.897108747514714,dE=-0.00893910406464471,std=0
L=-9.897108747514714,dL=-0.00893910406464471,std=0
	gnorm= 0.04782933823741155
	collect S matrix time= 0.03216958045959473
	nonzero=131,wmax=4.498961153958255,wmin=0.004596918571087376
	SR solver time= 0.003299713134765625
	collect H matrix time= 0.007448434829711914
	nonzero=134,smax=5.53917082064922,smin=0.006236702684234221
	RGN solver time= 0.005964994430541992
	xnorm=1.8259643503409817,dnorm=0.08702474884920057
update time= 0.009543895721435547
	dense amplitude time= 0.01053619384765625
	total non-zero amplitudes= 4900
	nsamples per process= 50
	sample time= 3.317279815673828
self.n= 1.571417823480838
	RGN updated loss=-9.90092150643683,dloss=-0.0038127589221161884
update time= 0.009642839431762695
step= 5

nparam= 240
	dense amplitude time= 0.24280667304992676
	total non-zero amplitudes= 4900
	nsamples per process= 50
	sample time= 3.6563708782196045
self.n= 1.571417823480838
	collect g,h time= 8.169332504272461
E=-9.90092150643683,dE=-0.0038127589221161884,std=0
L=-9.90092150643683,dL=-0.0038127589221161884,std=0
	gnorm= 0.035691508509110494
	collect S matrix time= 0.0275576114654541
	nonzero=131,wmax=4.631061483268831,wmin=0.00484834991081641
	SR solver time= 0.0035789012908935547
	collect H matrix time= 0.007097721099853516
	nonzero=134,smax=5.6783033839968775,smin=0.006489229591990136
	RGN solver time= 0.006258964538574219
	xnorm=1.8563828732069438,dnorm=0.05982142972277779
update time= 0.009504079818725586
	dense amplitude time= 0.009722232818603516
	total non-zero amplitudes= 4900
	nsamples per process= 50
	sample time= 3.1831743717193604
self.n= 1.553250258421989
	RGN updated loss=-9.902826558087662,dloss=-0.0019050516508318793
update time= 0.009476423263549805
step= 6

nparam= 240
	dense amplitude time= 0.1460587978363037
	total non-zero amplitudes= 4900
	nsamples per process= 50
	sample time= 3.70668888092041
self.n= 1.553250258421989
	collect g,h time= 8.182560682296753
E=-9.902826558087662,dE=-0.0019050516508318793,std=0
L=-9.902826558087662,dL=-0.0019050516508318793,std=0
	gnorm= 0.027739414413481125
	collect S matrix time= 0.03449654579162598
	nonzero=131,wmax=4.7243998368122675,wmin=0.005146994705794385
	SR solver time= 0.0033829212188720703
	collect H matrix time= 0.007304668426513672
	nonzero=134,smax=5.776760639910936,smin=0.006792042357981684
	RGN solver time= 0.005991935729980469
	xnorm=1.8695679440406274,dnorm=0.0469368146420903
update time= 0.009580135345458984
	dense amplitude time= 0.01802682876586914
	total non-zero amplitudes= 4900
	nsamples per process= 50
	sample time= 3.1191606521606445
self.n= 1.5336536553733333
	RGN updated loss=-9.903891631232693,dloss=-0.0010650731450301265
update time= 0.009560823440551758
step= 7

nparam= 240
	dense amplitude time= 0.17845654487609863
	total non-zero amplitudes= 4900
	nsamples per process= 50
	sample time= 3.6457717418670654
self.n= 1.5336536553733333
	collect g,h time= 8.255502939224243
E=-9.903891631232693,dE=-0.0010650731450301265,std=0
L=-9.903891631232693,dL=-0.0010650731450301265,std=0
	gnorm= 0.02215266071512435
	collect S matrix time= 0.022886276245117188
	nonzero=132,wmax=4.792099361851237,wmin=0.004794298305048366
	SR solver time= 0.0036058425903320312
	collect H matrix time= 0.007047414779663086
	nonzero=134,smax=5.848102301289514,smin=0.007106526322164963
	RGN solver time= 0.006142377853393555
	xnorm=1.8748235486796616,dnorm=0.03905691209477975
update time= 0.009516239166259766
	dense amplitude time= 0.011253833770751953
	total non-zero amplitudes= 4900
	nsamples per process= 50
	sample time= 3.30698299407959
self.n= 1.5151687806925973
	RGN updated loss=-9.904538666767793,dloss=-0.000647035535100926
update time= 0.009394168853759766
step= 8

nparam= 240
	dense amplitude time= 0.12154054641723633
	total non-zero amplitudes= 4900
	nsamples per process= 50
	sample time= 3.614219903945923
self.n= 1.5151687806925973
	collect g,h time= 8.20189094543457
E=-9.904538666767793,dE=-0.000647035535100926,std=0
L=-9.904538666767793,dL=-0.000647035535100926,std=0
	gnorm= 0.01800674662267783
	collect S matrix time= 0.014130353927612305
	nonzero=132,wmax=4.8424334929587705,wmin=0.004917240397513878
	SR solver time= 0.003328084945678711
	collect H matrix time= 0.007138967514038086
	nonzero=135,smax=5.9009536914797085,smin=0.005995487172392084
	RGN solver time= 0.005930185317993164
	xnorm=1.8765049265385856,dnorm=0.04866774824903038
update time= 0.009568929672241211
	dense amplitude time= 0.009891033172607422
	total non-zero amplitudes= 4900
	nsamples per process= 50
	sample time= 3.283849000930786
self.n= 1.500644027347062
	RGN updated loss=-9.904966085131745,dloss=-0.00042741836395165933
update time= 0.009633064270019531
step= 9

nparam= 240
	dense amplitude time= 0.23224878311157227
	total non-zero amplitudes= 4900
	nsamples per process= 50
	sample time= 3.6375038623809814
self.n= 1.500644027347062
	collect g,h time= 8.2475745677948
E=-9.904966085131745,dE=-0.00042741836395165933,std=0
L=-9.904966085131745,dL=-0.00042741836395165933,std=0
	gnorm= 0.014825779046979312
	collect S matrix time= 0.014556169509887695
	nonzero=133,wmax=4.8809168680339345,wmin=0.00499300323099913
	SR solver time= 0.003511190414428711
	collect H matrix time= 0.0070078372955322266
	nonzero=135,smax=5.941070704777432,smin=0.006203334968459697
	RGN solver time= 0.006182670593261719
	xnorm=1.8788427196816753,dnorm=0.04269346719895178
update time= 0.009471654891967773
	dense amplitude time= 0.009226083755493164
	total non-zero amplitudes= 4900
	nsamples per process= 50
	sample time= 3.2046782970428467
self.n= 1.4877586160556557
	RGN updated loss=-9.905253881868546,dloss=-0.00028779673680112694
update time= 0.009269952774047852
step= 10

nparam= 240
	dense amplitude time= 0.21915650367736816
	total non-zero amplitudes= 4900
	nsamples per process= 50
	sample time= 3.640362501144409
self.n= 1.4877586160556557
	collect g,h time= 8.186208724975586
E=-9.905253881868546,dE=-0.00028779673680112694,std=0
L=-9.905253881868546,dL=-0.00028779673680112694,std=0
	gnorm= 0.0122854324259532
	collect S matrix time= 0.017245054244995117
	nonzero=133,wmax=4.910764522827895,wmin=0.00513105016319197
	SR solver time= 0.0033152103424072266
	collect H matrix time= 0.007171630859375
	nonzero=135,smax=5.9720043355704355,smin=0.006392036397622761
	RGN solver time= 0.005985260009765625
	xnorm=1.879736126510127,dnorm=0.03546101846628365
update time= 0.00956106185913086
	dense amplitude time= 0.01010751724243164
	total non-zero amplitudes= 4900
	nsamples per process= 50
	sample time= 3.297133684158325
self.n= 1.4768963647777436
	RGN updated loss=-9.905450982653173,dloss=-0.00019710078462686909
update time= 0.009634256362915039
step= 11

nparam= 240
	dense amplitude time= 0.053159475326538086
	total non-zero amplitudes= 4900
	nsamples per process= 50
	sample time= 3.7487518787384033
self.n= 1.4768963647777436
	collect g,h time= 8.170511960983276
E=-9.905450982653173,dE=-0.00019710078462686909,std=0
L=-9.905450982653173,dL=-0.00019710078462686909,std=0
	gnorm= 0.010256230899229599
	collect S matrix time= 0.0331883430480957
	nonzero=133,wmax=4.934426428461017,wmin=0.005247290940654024
	SR solver time= 0.0033326148986816406
	collect H matrix time= 0.007323026657104492
	nonzero=136,smax=5.996323844907291,smin=0.006068092046347633
	RGN solver time= 0.005873203277587891
	xnorm=1.8802865197084988,dnorm=0.12240194755815084
update time= 0.009581327438354492
	dense amplitude time= 0.009931087493896484
	total non-zero amplitudes= 4900
	nsamples per process= 50
	sample time= 3.3424527645111084
self.n= 1.4963892620172534
	RGN updated loss=-9.905716093442095,dloss=-0.0002651107889217741
update time= 0.009523391723632812
step= 12

nparam= 240
	dense amplitude time= 0.1757190227508545
	total non-zero amplitudes= 4900
	nsamples per process= 50
	sample time= 3.768430233001709
self.n= 1.4963892620172534
	collect g,h time= 8.338695049285889
E=-9.905716093442095,dE=-0.0002651107889217741,std=0
L=-9.905716093442095,dL=-0.0002651107889217741,std=0
	gnorm= 0.008678804691992557
	collect S matrix time= 0.036008596420288086
	nonzero=133,wmax=4.954900497221827,wmin=0.0052791405867714
	SR solver time= 0.0035355091094970703
	collect H matrix time= 0.0069103240966796875
	nonzero=135,smax=6.016014117007417,smin=0.006340555375839855
	RGN solver time= 0.0061872005462646484
	xnorm=1.9164199708596181,dnorm=0.01690522098609769
update time= 0.009576797485351562
	dense amplitude time= 0.011450052261352539
	total non-zero amplitudes= 4900
	nsamples per process= 50
	sample time= 3.399095058441162
self.n= 1.489034496734473
	RGN updated loss=-9.905810481457333,dloss=-9.438801523842244e-05
update time= 0.008799076080322266
step= 13

nparam= 240
	dense amplitude time= 0.11350584030151367
	total non-zero amplitudes= 4900
	nsamples per process= 50
	sample time= 3.790583372116089
self.n= 1.489034496734473
	collect g,h time= 8.326042890548706
E=-9.905810481457333,dE=-9.438801523842244e-05,std=0
L=-9.905810481457333,dL=-9.438801523842244e-05,std=0
	gnorm= 0.007277087482409327
	collect S matrix time= 0.013010978698730469
	nonzero=133,wmax=4.971278425686194,wmin=0.005368316424658117
	SR solver time= 0.0029997825622558594
	collect H matrix time= 0.00759577751159668
	nonzero=135,smax=6.032414793960369,smin=0.006475289918084215
	RGN solver time= 0.005369424819946289
	xnorm=1.916552028358263,dnorm=0.013632969440972375
update time= 0.008735418319702148
	dense amplitude time= 0.010063409805297852
	total non-zero amplitudes= 4900
	nsamples per process= 50
	sample time= 3.345797061920166
self.n= 1.4827351011703214
	RGN updated loss=-9.905876499966986,dloss=-6.601850965282097e-05
update time= 0.008884906768798828
step= 14

nparam= 240
	dense amplitude time= 0.02428436279296875
	total non-zero amplitudes= 4900
	nsamples per process= 50
	sample time= 3.740468740463257
self.n= 1.4827351011703214
	collect g,h time= 8.20992136001587
E=-9.905876499966986,dE=-6.601850965282097e-05,std=0
L=-9.905876499966986,dL=-6.601850965282097e-05,std=0
	gnorm= 0.006131523996847328
	collect S matrix time= 0.013279199600219727
	nonzero=133,wmax=4.984740240150786,wmin=0.005442521936034782
	SR solver time= 0.0031135082244873047
	collect H matrix time= 0.007500648498535156
	nonzero=135,smax=6.045944901778745,smin=0.006587139272812632
	RGN solver time= 0.005578756332397461
	xnorm=1.9165869420789063,dnorm=0.011569314196447
update time= 0.00876617431640625
	dense amplitude time= 0.019389629364013672
	total non-zero amplitudes= 4900
	nsamples per process= 50
	sample time= 3.2843804359436035
self.n= 1.4774209122119717
	RGN updated loss=-9.905923231475478,dloss=-4.673150849221486e-05
update time= 0.009057760238647461
step= 15

nparam= 240
	dense amplitude time= 0.19292092323303223
	total non-zero amplitudes= 4900
	nsamples per process= 50
	sample time= 3.652055025100708
self.n= 1.4774209122119717
	collect g,h time= 8.165588140487671
E=-9.905923231475478,dE=-4.673150849221486e-05,std=0
L=-9.905923231475478,dL=-4.673150849221486e-05,std=0
	gnorm= 0.005194136160911888
	collect S matrix time= 0.021622180938720703
	nonzero=133,wmax=4.995855094061053,wmin=0.005503703580865586
	SR solver time= 0.0031638145446777344
	collect H matrix time= 0.007586479187011719
	nonzero=136,smax=6.057121071192306,smin=0.006075094363874203
	RGN solver time= 0.0055389404296875
	xnorm=1.916578319114051,dnorm=0.10610512993595525
update time= 0.008831262588500977
	dense amplitude time= 0.010021686553955078
	total non-zero amplitudes= 4900
	nsamples per process= 50
	sample time= 3.2920801639556885
self.n= 1.4850354453876666
	RGN updated loss=-9.906057081619874,dloss=-0.00013385014439570853
update time= 0.008980512619018555
step= 16

nparam= 240
	dense amplitude time= 0.1364305019378662
	total non-zero amplitudes= 4900
	nsamples per process= 50
	sample time= 3.565490245819092
self.n= 1.4850354453876666
	collect g,h time= 8.235347270965576
E=-9.906057081619874,dE=-0.00013385014439570853,std=0
L=-9.906057081619874,dL=-0.00013385014439570853,std=0
	gnorm= 0.004516544867089067
	collect S matrix time= 0.012820720672607422
	nonzero=133,wmax=5.00603564544575,wmin=0.005549108978235324
	SR solver time= 0.0033409595489501953
	collect H matrix time= 0.007186412811279297
	nonzero=135,smax=6.066822192805334,smin=0.00663499439981356
	RGN solver time= 0.005781650543212891
	xnorm=1.934149624742393,dnorm=0.009371904167323336
update time= 0.008761882781982422
	dense amplitude time= 0.010338783264160156
	total non-zero amplitudes= 4900
	nsamples per process= 50
	sample time= 3.3967607021331787
self.n= 1.481843525179305
	RGN updated loss=-9.906082358240138,dloss=-2.527662026352573e-05
update time= 0.008832216262817383
step= 17

nparam= 240
	dense amplitude time= 0.13686728477478027
	total non-zero amplitudes= 4900
	nsamples per process= 50
	sample time= 3.736311435699463
self.n= 1.481843525179305
	collect g,h time= 8.219022989273071
E=-9.906082358240138,dE=-2.527662026352573e-05,std=0
L=-9.906082358240138,dL=-2.527662026352573e-05,std=0
	gnorm= 0.003839963830515296
	collect S matrix time= 0.012718915939331055
	nonzero=133,wmax=5.013926546880459,wmin=0.005593137337251978
	SR solver time= 0.003136873245239258
	collect H matrix time= 0.007531642913818359
	nonzero=135,smax=6.074577299129594,smin=0.00670882328816036
	RGN solver time= 0.00551605224609375
	xnorm=1.9342066792695005,dnorm=0.0064850527345611635
update time= 0.008707046508789062
	dense amplitude time= 0.010785341262817383
	total non-zero amplitudes= 4900
	nsamples per process= 50
	sample time= 3.343780040740967
self.n= 1.478997443651294
	RGN updated loss=-9.906099919628007,dloss=-1.7561387869236e-05
update time= 0.008786678314208984
step= 18

nparam= 240
	dense amplitude time= 0.12635421752929688
	total non-zero amplitudes= 4900
	nsamples per process= 50
	sample time= 3.7903852462768555
self.n= 1.478997443651294
	collect g,h time= 8.203080892562866
E=-9.906099919628007,dE=-1.7561387869236e-05,std=0
L=-9.906099919628007,dL=-1.7561387869236e-05,std=0
	gnorm= 0.003296135724193902
	collect S matrix time= 0.013330698013305664
	nonzero=133,wmax=5.020544266709716,wmin=0.0056272544190566565
	SR solver time= 0.003118276596069336
	collect H matrix time= 0.007512569427490234
	nonzero=136,smax=6.081134752261284,smin=0.006097781394891562
	RGN solver time= 0.005452871322631836
	xnorm=1.9342211922473946,dnorm=0.03471487991397935
update time= 0.008819341659545898
	dense amplitude time= 0.01053929328918457
	total non-zero amplitudes= 4900
	nsamples per process= 50
	sample time= 3.338237762451172
self.n= 1.4809139968692704
	RGN updated loss=-9.90612281937038,dloss=-2.2899742372572973e-05
update time= 0.008895397186279297
step= 19

nparam= 240
	dense amplitude time= 0.18305540084838867
	total non-zero amplitudes= 4900
	nsamples per process= 50
	sample time= 3.607457399368286
self.n= 1.4809139968692704
	collect g,h time= 8.174753665924072
E=-9.90612281937038,dE=-2.2899742372572973e-05,std=0
L=-9.90612281937038,dL=-2.2899742372572973e-05,std=0
	gnorm= 0.0028575425677699207
	collect S matrix time= 0.013277292251586914
	nonzero=133,wmax=5.026309855558344,wmin=0.005647165116208863
	SR solver time= 0.003134012222290039
	collect H matrix time= 0.00815892219543457
	nonzero=135,smax=6.086702394519143,smin=0.0067680623263770695
	RGN solver time= 0.00547337532043457
	xnorm=1.93924868183886,dnorm=0.005283570586270339
update time= 0.008805274963378906
	dense amplitude time= 0.01134943962097168
	total non-zero amplitudes= 4900
	nsamples per process= 50
	sample time= 3.2841649055480957
self.n= 1.478877051942452
	RGN updated loss=-9.906131720906815,dloss=-8.901536435956814e-06
update time= 0.008948564529418945
step= 20

nparam= 240
	dense amplitude time= 0.08790373802185059
	total non-zero amplitudes= 4900
	nsamples per process= 50
	sample time= 3.643446207046509
self.n= 1.478877051942452
	collect g,h time= 8.372334241867065
E=-9.906131720906815,dE=-8.901536435956814e-06,std=0
L=-9.906131720906815,dL=-8.901536435956814e-06,std=0
	gnorm= 0.0025021473360918043
	collect S matrix time= 0.012851953506469727
	nonzero=133,wmax=5.031116522752125,wmin=0.005669168090788267
	SR solver time= 0.00312042236328125
	collect H matrix time= 0.007624626159667969
	nonzero=136,smax=6.091467508636911,smin=0.006101044419871167
	RGN solver time= 0.005530118942260742
	xnorm=1.9393312875724824,dnorm=0.027717856009500278
update time= 0.008717060089111328
	dense amplitude time= 0.010654687881469727
	total non-zero amplitudes= 4900
	nsamples per process= 50
	sample time= 3.401646614074707
self.n= 1.4769910548792742
	RGN updated loss=-9.906144800854646,dloss=-1.3079947830618721e-05
update time= 0.009044170379638672
step= 21

nparam= 240
	dense amplitude time= 0.03662824630737305
	total non-zero amplitudes= 4900
	nsamples per process= 50
	sample time= 3.7566142082214355
self.n= 1.4769910548792742
	collect g,h time= 8.20224928855896
E=-9.906144800854646,dE=-1.3079947830618721e-05,std=0
L=-9.906144800854646,dL=-1.3079947830618721e-05,std=0
	gnorm= 0.0022263329966995763
	collect S matrix time= 0.014921903610229492
	nonzero=133,wmax=5.035189245348916,wmin=0.00568852308415037
	SR solver time= 0.0035858154296875
	collect H matrix time= 0.006745100021362305
	nonzero=136,smax=6.095493069213769,smin=0.006131370950974564
	RGN solver time= 0.006321907043457031
	xnorm=1.9399976456946053,dnorm=0.02487219651211481
update time= 0.008823633193969727
	dense amplitude time= 0.009556055068969727
	total non-zero amplitudes= 4900
	nsamples per process= 50
	sample time= 3.4101717472076416
self.n= 1.4784144409433102
	RGN updated loss=-9.906154846372253,dloss=-1.0045517607082388e-05
update time= 0.008976221084594727
step= 22

nparam= 240
	dense amplitude time= 0.23361563682556152
	total non-zero amplitudes= 4900
	nsamples per process= 50
	sample time= 3.6480553150177
self.n= 1.4784144409433102
	collect g,h time= 8.357362747192383
E=-9.906154846372253,dE=-1.0045517607082388e-05,std=0
L=-9.906154846372253,dL=-1.0045517607082388e-05,std=0
	gnorm= 0.001994706879163389
	collect S matrix time= 0.013924121856689453
	nonzero=133,wmax=5.038687057107348,wmin=0.005699478712251551
	SR solver time= 0.00323486328125
	collect H matrix time= 0.007426738739013672
	nonzero=136,smax=6.098859304159718,smin=0.006120366109771058
	RGN solver time= 0.005785703659057617
	xnorm=1.9431809685651291,dnorm=0.026313567951639805
update time= 0.008781194686889648
	dense amplitude time= 0.01107645034790039
	total non-zero amplitudes= 4900
	nsamples per process= 50
	sample time= 3.324488639831543
self.n= 1.477103917231391
	RGN updated loss=-9.906164286300159,dloss=-9.439927906029766e-06
update time= 0.008842945098876953
step= 23

nparam= 240
	dense amplitude time= 0.2795705795288086
	total non-zero amplitudes= 4900
	nsamples per process= 50
	sample time= 3.6550064086914062
self.n= 1.477103917231391
	collect g,h time= 8.302895784378052
E=-9.906164286300159,dE=-9.439927906029766e-06,std=0
L=-9.906164286300159,dL=-9.439927906029766e-06,std=0
	gnorm= 0.0018226795852282851
	collect S matrix time= 0.01338815689086914
	nonzero=133,wmax=5.041660512171272,wmin=0.005712159588371518
	SR solver time= 0.003256082534790039
	collect H matrix time= 0.007535219192504883
	nonzero=136,smax=6.101772542468936,smin=0.006141998195500472
	RGN solver time= 0.005727052688598633
	xnorm=1.9438854469109432,dnorm=0.021838904839545155
update time= 0.008812189102172852
	dense amplitude time= 0.010694265365600586
	total non-zero amplitudes= 4900
	nsamples per process= 50
	sample time= 3.2367353439331055
self.n= 1.4784747802598224
	RGN updated loss=-9.906170912953959,dloss=-6.626653799912674e-06
update time= 0.008918285369873047
step= 24

nparam= 240
	dense amplitude time= 0.05444025993347168
	total non-zero amplitudes= 4900
	nsamples per process= 50
	sample time= 3.6505465507507324
self.n= 1.4784747802598224
	collect g,h time= 8.296819686889648
E=-9.906170912953959,dE=-6.626653799912674e-06,std=0
L=-9.906170912953959,dL=-6.626653799912674e-06,std=0
	gnorm= 0.0016761960501134327
	collect S matrix time= 0.013874530792236328
	nonzero=133,wmax=5.044212806138055,wmin=0.005719103109492129
	SR solver time= 0.003382444381713867
	collect H matrix time= 0.007365703582763672
	nonzero=136,smax=6.104216204210831,smin=0.0061303867382358195
	RGN solver time= 0.006217002868652344
	xnorm=1.9464240798728514,dnorm=0.020785521292506902
update time= 0.008887529373168945
	dense amplitude time= 0.009656190872192383
	total non-zero amplitudes= 4900
	nsamples per process= 50
	sample time= 3.261946201324463
self.n= 1.4773841907267415
	RGN updated loss=-9.906176475355064,dloss=-5.562401105052572e-06
update time= 0.00892782211303711
step= 25

nparam= 240
	dense amplitude time= 0.19562768936157227
	total non-zero amplitudes= 4900
	nsamples per process= 50
	sample time= 3.615177869796753
self.n= 1.4773841907267415
	collect g,h time= 8.168057680130005
E=-9.906176475355064,dE=-5.562401105052572e-06,std=0
L=-9.906176475355064,dL=-5.562401105052572e-06,std=0
	gnorm= 0.001571124943611853
	collect S matrix time= 0.013839006423950195
	nonzero=133,wmax=5.04637413191999,wmin=0.00572775057593452
	SR solver time= 0.003215789794921875
	collect H matrix time= 0.007292747497558594
	nonzero=136,smax=6.10633470672601,smin=0.0061480197776404
	RGN solver time= 0.00562596321105957
	xnorm=1.9467720284044392,dnorm=0.01653162196208331
update time= 0.008771657943725586
	dense amplitude time= 0.010292291641235352
	total non-zero amplitudes= 4900
	nsamples per process= 50
	sample time= 3.2575602531433105
self.n= 1.4782813040920728
	RGN updated loss=-9.906180153159386,dloss=-3.677804322421707e-06
update time= 0.008890390396118164
step= 26

nparam= 240
	dense amplitude time= 0.10504770278930664
	total non-zero amplitudes= 4900
	nsamples per process= 50
	sample time= 3.619138240814209
self.n= 1.4782813040920728
	collect g,h time= 8.198875427246094
E=-9.906180153159386,dE=-3.677804322421707e-06,std=0
L=-9.906180153159386,dL=-3.677804322421707e-06,std=0
	gnorm= 0.0014846287277567496
	collect S matrix time= 0.014207601547241211
	nonzero=133,wmax=5.048220845368206,wmin=0.005732471146234572
	SR solver time= 0.0031697750091552734
	collect H matrix time= 0.007535219192504883
	nonzero=136,smax=6.10811053061089,smin=0.006138427157100496
	RGN solver time= 0.005732536315917969
	xnorm=1.94839628071109,dnorm=0.014866344465964463
update time= 0.008721351623535156
	dense amplitude time= 0.010303258895874023
	total non-zero amplitudes= 4900
	nsamples per process= 50
	sample time= 3.355746269226074
self.n= 1.4773628582593947
	RGN updated loss=-9.906183014931072,dloss=-2.861771685402914e-06
update time= 0.009009838104248047
step= 27

nparam= 240
	dense amplitude time= 0.19482159614562988
	total non-zero amplitudes= 4900
	nsamples per process= 50
	sample time= 3.697521209716797
self.n= 1.4773628582593947
	collect g,h time= 8.200152158737183
E=-9.906183014931072,dE=-2.861771685402914e-06,std=0
L=-9.906183014931072,dL=-2.861771685402914e-06,std=0
	gnorm= 0.001422663394645007
	collect S matrix time= 0.019957542419433594
	nonzero=133,wmax=5.049774518150413,wmin=0.005738543224174312
	SR solver time= 0.0035386085510253906
	collect H matrix time= 0.006927013397216797
	nonzero=136,smax=6.109642292635471,smin=0.006154847001235276
	RGN solver time= 0.006035566329956055
	xnorm=1.9484476010374192,dnorm=0.011786863698803815
update time= 0.008827686309814453
	dense amplitude time= 0.010387420654296875
	total non-zero amplitudes= 4900
	nsamples per process= 50
	sample time= 3.3835248947143555
self.n= 1.477875858749302
	RGN updated loss=-9.906184902515779,dloss=-1.887584707205292e-06
update time= 0.008951902389526367
step= 28

nparam= 240
	dense amplitude time= 0.07226872444152832
	total non-zero amplitudes= 4900
	nsamples per process= 50
	sample time= 3.7445034980773926
self.n= 1.477875858749302
	collect g,h time= 8.363896369934082
E=-9.906184902515779,dE=-1.887584707205292e-06,std=0
L=-9.906184902515779,dL=-1.887584707205292e-06,std=0
	gnorm= 0.0013732601614973796
	collect S matrix time= 0.013146162033081055
	nonzero=133,wmax=5.051097699338753,wmin=0.0057418433587099835
	SR solver time= 0.0034313201904296875
	collect H matrix time= 0.007370471954345703
	nonzero=136,smax=6.1109233698990195,smin=0.006150282842326393
	RGN solver time= 0.0061032772064208984
	xnorm=1.9494200346023216,dnorm=0.010360990592673648
update time= 0.008853912353515625
	dense amplitude time= 0.010364532470703125
	total non-zero amplitudes= 4900
	nsamples per process= 50
	sample time= 3.4392218589782715
self.n= 1.477132406629175
	RGN updated loss=-9.906186328136336,dloss=-1.425620556716467e-06
update time= 0.008914947509765625
step= 29

nparam= 240
	dense amplitude time= 0.20509886741638184
	total non-zero amplitudes= 4900
	nsamples per process= 50
	sample time= 3.715026378631592
self.n= 1.477132406629175
	collect g,h time= 8.20391035079956
E=-9.906186328136336,dE=-1.425620556716467e-06,std=0
L=-9.906186328136336,dL=-1.425620556716467e-06,std=0
	gnorm= 0.0013385254598835725
	collect S matrix time= 0.012866020202636719
	nonzero=133,wmax=5.052208043195054,wmin=0.005746176166961947
	SR solver time= 0.003237009048461914
	collect H matrix time= 0.00731348991394043
	nonzero=136,smax=6.112023143171047,smin=0.006160984173162495
	RGN solver time= 0.005682945251464844
	xnorm=1.949331226361639,dnorm=0.008542693992162145
update time= 0.008777856826782227
	dense amplitude time= 0.010674476623535156
	total non-zero amplitudes= 4900
	nsamples per process= 50
	sample time= 3.2217719554901123
self.n= 1.4774542006966342
	RGN updated loss=-9.906187319558592,dloss=-9.9142225629123e-07
update time= 0.009029388427734375
step= 30

nparam= 240
	dense amplitude time= 0.12948107719421387
	total non-zero amplitudes= 4900
	nsamples per process= 50
	sample time= 3.6504671573638916
self.n= 1.4774542006966342
	collect g,h time= 8.202461957931519
E=-9.906187319558592,dE=-9.9142225629123e-07,std=0
L=-9.906187319558592,dL=-9.9142225629123e-07,std=0
	gnorm= 0.0013117504344846557
	collect S matrix time= 0.023771286010742188
	nonzero=133,wmax=5.053156067637656,wmin=0.005748455928043055
	SR solver time= 0.0031557083129882812
	collect H matrix time= 0.007551670074462891
	nonzero=136,smax=6.112943375966305,smin=0.006160860526025446
	RGN solver time= 0.005567073822021484
	xnorm=1.94995189929262,dnorm=0.007739678146147494
update time= 0.008724451065063477
	dense amplitude time= 0.009924173355102539
	total non-zero amplitudes= 4900
	nsamples per process= 50
	sample time= 3.4293839931488037
self.n= 1.4768661592878032
	RGN updated loss=-9.906188103465325,dloss=-7.839067333037519e-07
update time= 0.008907794952392578
step= 31

nparam= 240
	dense amplitude time= 0.1989424228668213
	total non-zero amplitudes= 4900
	nsamples per process= 50
	sample time= 3.7762527465820312
self.n= 1.4768661592878032
	collect g,h time= 8.210724353790283
E=-9.906188103465325,dE=-7.839067333037519e-07,std=0
L=-9.906188103465325,dL=-7.839067333037519e-07,std=0
	gnorm= 0.001293059745164854
	collect S matrix time= 0.01309967041015625
	nonzero=133,wmax=5.053949586655935,wmin=0.0057515765505432035
	SR solver time= 0.0033223628997802734
	collect H matrix time= 0.007607698440551758
	nonzero=136,smax=6.113732008054243,smin=0.0061669323804109145
	RGN solver time= 0.0063245296478271484
	xnorm=1.9498282609370006,dnorm=0.0065762508828187405
update time= 0.0088348388671875
	dense amplitude time= 0.009926319122314453
	total non-zero amplitudes= 4900
	nsamples per process= 50
	sample time= 3.4038407802581787
self.n= 1.4771020475042744
	RGN updated loss=-9.906188670691146,dloss=-5.672258200917213e-07
update time= 0.00911569595336914
step= 32

nparam= 240
	dense amplitude time= 0.14655041694641113
	total non-zero amplitudes= 4900
	nsamples per process= 50
	sample time= 3.772364854812622
self.n= 1.4771020475042744
	collect g,h time= 8.246369361877441
E=-9.906188670691146,dE=-5.672258200917213e-07,std=0
L=-9.906188670691146,dL=-5.672258200917213e-07,std=0
	gnorm= 0.0012781914508923431
	collect S matrix time= 0.012820959091186523
	nonzero=133,wmax=5.054625591847819,wmin=0.005753122951615932
	SR solver time= 0.0031332969665527344
	collect H matrix time= 0.007608175277709961
	nonzero=136,smax=6.114390111724013,smin=0.006165635281560552
	RGN solver time= 0.005621194839477539
	xnorm=1.9502633170721562,dnorm=0.005988667481180981
update time= 0.008753538131713867
	dense amplitude time= 0.01073312759399414
	total non-zero amplitudes= 4900
	nsamples per process= 50
	sample time= 3.446155071258545
self.n= 1.4766384149998735
	RGN updated loss=-9.906189124993713,dloss=-4.5430256712108985e-07
update time= 0.009022951126098633
step= 33

nparam= 240
	dense amplitude time= 0.07222843170166016
	total non-zero amplitudes= 4900
	nsamples per process= 50
	sample time= 3.7540600299835205
self.n= 1.4766384149998735
	collect g,h time= 8.213401556015015
E=-9.906189124993713,dE=-4.5430256712108985e-07,std=0
L=-9.906189124993713,dL=-4.5430256712108985e-07,std=0
	gnorm= 0.0012683250759720373
	collect S matrix time= 0.01415705680847168
	nonzero=133,wmax=5.05519056356048,wmin=0.005755404720834778
	SR solver time= 0.00327301025390625
	collect H matrix time= 0.00739288330078125
	nonzero=136,smax=6.114953242355455,smin=0.0061698140094060315
	RGN solver time= 0.005696773529052734
	xnorm=1.950134285713666,dnorm=0.005160074372259324
update time= 0.008816003799438477
	dense amplitude time= 0.010442972183227539
	total non-zero amplitudes= 4900
	nsamples per process= 50
	sample time= 3.4282453060150146
self.n= 1.4768152287117184
	RGN updated loss=-9.906189461698863,dloss=-3.3670515087180775e-07
update time= 0.00892329216003418
step= 34

nparam= 240
	dense amplitude time= 0.07535982131958008
	total non-zero amplitudes= 4900
	nsamples per process= 50
	sample time= 3.7199931144714355
self.n= 1.4768152287117184
	collect g,h time= 8.359801292419434
E=-9.906189461698863,dE=-3.3670515087180775e-07,std=0
L=-9.906189461698863,dL=-3.3670515087180775e-07,std=0
	gnorm= 0.0012597880525650196
	collect S matrix time= 0.013537883758544922
	nonzero=133,wmax=5.0556688069368105,wmin=0.0057564682103330355
	SR solver time= 0.0038809776306152344
	collect H matrix time= 0.0067462921142578125
	nonzero=136,smax=6.115420706540065,smin=0.0061689771496923505
	RGN solver time= 0.007395267486572266
	xnorm=1.9504485681059107,dnorm=0.004706912866510313
update time= 0.009117603302001953
	dense amplitude time= 0.010494709014892578
	total non-zero amplitudes= 4900
	nsamples per process= 50
	sample time= 3.400338649749756
self.n= 1.4764540968495665
	RGN updated loss=-9.906189731969116,dloss=-2.7027025240045077e-07
update time= 0.009207487106323242
step= 35

nparam= 240
	dense amplitude time= 0.05247783660888672
	total non-zero amplitudes= 4900
	nsamples per process= 50
	sample time= 3.726111888885498
self.n= 1.4764540968495665
	collect g,h time= 8.375328063964844
E=-9.906189731969116,dE=-2.7027025240045077e-07,std=0
L=-9.906189731969116,dL=-2.7027025240045077e-07,std=0
	gnorm= 0.001254359345296964
	collect S matrix time= 0.01304316520690918
	nonzero=133,wmax=5.05606962696796,wmin=0.005758146970398301
	SR solver time= 0.003491640090942383
	collect H matrix time= 0.007035732269287109
	nonzero=136,smax=6.1158204274058585,smin=0.006172744426180571
	RGN solver time= 0.006309986114501953
	xnorm=1.9503274801557264,dnorm=0.004176978706842402
update time= 0.008808374404907227
	dense amplitude time= 0.00999307632446289
	total non-zero amplitudes= 4900
	nsamples per process= 50
	sample time= 3.3626086711883545
self.n= 1.4766046616936985
	RGN updated loss=-9.906189942356633,dloss=-2.103875171854952e-07
update time= 0.008948564529418945
step= 36

nparam= 240
	dense amplitude time= 0.038246870040893555
	total non-zero amplitudes= 4900
	nsamples per process= 50
	sample time= 3.6960039138793945
self.n= 1.4766046616936985
	collect g,h time= 8.307780742645264
E=-9.906189942356633,dE=-2.103875171854952e-07,std=0
L=-9.906189942356633,dL=-2.103875171854952e-07,std=0
	gnorm= 0.0012495285659078269
	collect S matrix time= 0.013657808303833008
	nonzero=133,wmax=5.056410313341461,wmin=0.0057588529127194565
	SR solver time= 0.003181934356689453
	collect H matrix time= 0.007352352142333984
	nonzero=136,smax=6.116152565598413,smin=0.006172078836750169
	RGN solver time= 0.005753993988037109
	xnorm=1.950566548513612,dnorm=0.003853518913962581
update time= 0.008867263793945312
	dense amplitude time= 0.010820388793945312
	total non-zero amplitudes= 4900
	nsamples per process= 50
	sample time= 3.33380126953125
self.n= 1.4763167868584497
	RGN updated loss=-9.906190115157475,dloss=-1.7280084207982327e-07
update time= 0.008989572525024414
step= 37

nparam= 240
	dense amplitude time= 0.024651527404785156
	total non-zero amplitudes= 4900
	nsamples per process= 50
	sample time= 3.6825907230377197
self.n= 1.4763167868584497
	collect g,h time= 8.43697476387024
E=-9.906190115157475,dE=-1.7280084207982327e-07,std=0
L=-9.906190115157475,dL=-1.7280084207982327e-07,std=0
	gnorm= 0.0012465466188327581
	collect S matrix time= 0.013159751892089844
	nonzero=133,wmax=5.056696467462872,wmin=0.005760102045296572
	SR solver time= 0.0032384395599365234
	collect H matrix time= 0.007195949554443359
	nonzero=136,smax=6.116437973701399,smin=0.00617506376993899
	RGN solver time= 0.005870819091796875
	xnorm=1.9504553873502393,dnorm=0.0034619374073671222
update time= 0.008818864822387695
	dense amplitude time= 0.010645866394042969
	total non-zero amplitudes= 4900
	nsamples per process= 50
	sample time= 3.395348310470581
self.n= 1.4764502058414442
	RGN updated loss=-9.906190253215524,dloss=-1.3805804854882808e-07
update time= 0.009045839309692383
step= 38

nparam= 240
	dense amplitude time= 0.06798076629638672
	total non-zero amplitudes= 4900
	nsamples per process= 50
	sample time= 3.7577462196350098
self.n= 1.4764502058414442
	collect g,h time= 8.237373352050781
E=-9.906190253215524,dE=-1.3805804854882808e-07,std=0
L=-9.906190253215524,dL=-1.3805804854882808e-07,std=0
	gnorm= 0.0012437657390149603
	collect S matrix time= 0.012550830841064453
	nonzero=133,wmax=5.056940166854644,wmin=0.005760558337045256
	SR solver time= 0.0033109188079833984
	collect H matrix time= 0.0075228214263916016
	nonzero=136,smax=6.116675002949614,smin=0.006173526407236439
	RGN solver time= 0.006258964538574219
	xnorm=1.9506447232884307,dnorm=0.003168571682440243
update time= 0.00877523422241211
	dense amplitude time= 0.010609626770019531
	total non-zero amplitudes= 4900
	nsamples per process= 50
	sample time= 3.336276054382324
self.n= 1.4762202320882598
	RGN updated loss=-9.906190365125404,dloss=-1.1190988047360406e-07
update time= 0.009053468704223633
step= 39

nparam= 240
	dense amplitude time= 0.0691378116607666
	total non-zero amplitudes= 4900
	nsamples per process= 50
	sample time= 3.7380454540252686
self.n= 1.4762202320882598
	collect g,h time= 8.24937391281128
E=-9.906190365125404,dE=-1.1190988047360406e-07,std=0
L=-9.906190365125404,dL=-1.1190988047360406e-07,std=0
	gnorm= 0.0012421038449884356
	collect S matrix time= 0.022579669952392578
	nonzero=133,wmax=5.057144864251371,wmin=0.00576149547982081
	SR solver time= 0.0031995773315429688
	collect H matrix time= 0.007536649703979492
	nonzero=136,smax=6.11687937090002,smin=0.006176479472360049
	RGN solver time= 0.005763530731201172
	xnorm=1.950546149309132,dnorm=0.00287809984030497
update time= 0.008793830871582031
	dense amplitude time= 0.010832071304321289
	total non-zero amplitudes= 4900
	nsamples per process= 50
	sample time= 3.493271827697754
self.n= 1.4763381982629578
	RGN updated loss=-9.906190457084227,dloss=-9.195882277879264e-08
update time= 0.009155035018920898
step= 40

nparam= 240
	dense amplitude time= 0.04844236373901367
	total non-zero amplitudes= 4900
	nsamples per process= 50
	sample time= 3.816633701324463
self.n= 1.4763381982629578
	collect g,h time= 8.23766040802002
E=-9.906190457084227,dE=-9.195882277879264e-08,std=0
L=-9.906190457084227,dL=-9.195882277879264e-08,std=0
	gnorm= 0.0012404978231534
	collect S matrix time= 0.012876510620117188
	nonzero=133,wmax=5.0573195312665495,wmin=0.005761778715301273
	SR solver time= 0.0031354427337646484
	collect H matrix time= 0.007597446441650391
	nonzero=136,smax=6.117048957378527,smin=0.006175159966948793
	RGN solver time= 0.0056324005126953125
	xnorm=1.9506979483078057,dnorm=0.002659577099262462
update time= 0.008755683898925781
	dense amplitude time= 0.009921550750732422
	total non-zero amplitudes= 4900
	nsamples per process= 50
	sample time= 3.531283140182495
self.n= 1.476151202995574
	RGN updated loss=-9.906190533287843,dloss=-7.620361586191393e-08
update time= 0.009000539779663086
step= 41

nparam= 240
	dense amplitude time= 0.029361486434936523
	total non-zero amplitudes= 4900
	nsamples per process= 50
	sample time= 3.8162453174591064
self.n= 1.476151202995574
	collect g,h time= 8.192395448684692
E=-9.906190533287843,dE=-7.620361586191393e-08,std=0
L=-9.906190533287843,dL=-7.620361586191393e-08,std=0
	gnorm= 0.001239430097316618
	collect S matrix time= 0.013815164566040039
	nonzero=133,wmax=5.0574650705713475,wmin=0.00576248596467373
	SR solver time= 0.0034017562866210938
	collect H matrix time= 0.0074388980865478516
	nonzero=136,smax=6.117195132862171,smin=0.006176891332808281
	RGN solver time= 0.006353616714477539
	xnorm=1.9506114874497988,dnorm=0.002467316226126281
update time= 0.00884699821472168
	dense amplitude time= 0.010275125503540039
	total non-zero amplitudes= 4900
	nsamples per process= 50
	sample time= 3.545015335083008
self.n= 1.4762593543556675
	RGN updated loss=-9.906190598483924,dloss=-6.519608142241395e-08
update time= 0.009121894836425781
step= 42

nparam= 240
	dense amplitude time= 0.07315850257873535
	total non-zero amplitudes= 4900
	nsamples per process= 50
	sample time= 3.9120266437530518
self.n= 1.4762593543556675
	collect g,h time= 8.236449956893921
E=-9.906190598483924,dE=-6.519608142241395e-08,std=0
L=-9.906190598483924,dL=-6.519608142241395e-08,std=0
	gnorm= 0.001238381481517782
	collect S matrix time= 0.013347387313842773
	nonzero=133,wmax=5.057590170586266,wmin=0.005762653518202248
	SR solver time= 0.003486156463623047
	collect H matrix time= 0.0072710514068603516
	nonzero=136,smax=6.1173160741050525,smin=0.006176347616820862
	RGN solver time= 0.0058290958404541016
	xnorm=1.95073822258847,dnorm=0.0023389369927601655
update time= 0.009035348892211914
	dense amplitude time= 0.01031351089477539
	total non-zero amplitudes= 4900
	nsamples per process= 50
	sample time= 3.5106804370880127
self.n= 1.4761022046537104
	RGN updated loss=-9.906190654871315,dloss=-5.638739075664034e-08
update time= 0.009054899215698242
step= 43

nparam= 240
	dense amplitude time= 0.03932642936706543
	total non-zero amplitudes= 4900
	nsamples per process= 50
	sample time= 3.9232919216156006
self.n= 1.4761022046537104
	collect g,h time= 8.184423923492432
E=-9.906190654871315,dE=-5.638739075664034e-08,std=0
L=-9.906190654871315,dL=-5.638739075664034e-08,std=0
	gnorm= 0.0012378449111993361
	collect S matrix time= 0.034467220306396484
	nonzero=133,wmax=5.057695715792758,wmin=0.005763205348873338
	SR solver time= 0.0032520294189453125
	collect H matrix time= 0.007414579391479492
	nonzero=136,smax=6.117421610059099,smin=0.006177737021716234
	RGN solver time= 0.005886554718017578
	xnorm=1.9506576160349702,dnorm=0.0021910710762463384
update time= 0.008871316909790039
	dense amplitude time= 0.00987696647644043
	total non-zero amplitudes= 4900
	nsamples per process= 50
	sample time= 3.511742115020752
self.n= 1.4762050761166106
	RGN updated loss=-9.906190704503294,dloss=-4.9631978527031606e-08
update time= 0.009043216705322266
step= 44

nparam= 240
	dense amplitude time= 0.05099177360534668
	total non-zero amplitudes= 4900
	nsamples per process= 50
	sample time= 3.906080722808838
self.n= 1.4762050761166106
	collect g,h time= 8.191229343414307
E=-9.906190704503294,dE=-4.9631978527031606e-08,std=0
L=-9.906190704503294,dL=-4.9631978527031606e-08,std=0
	gnorm= 0.0012372132771175943
	collect S matrix time= 0.013170719146728516
	nonzero=133,wmax=5.057786019783276,wmin=0.005763279652272681
	SR solver time= 0.00336456298828125
	collect H matrix time= 0.00714421272277832
	nonzero=136,smax=6.1175086916767745,smin=0.006177187238238706
	RGN solver time= 0.006266355514526367
	xnorm=1.950768665306217,dnorm=0.002077663888249163
update time= 0.008916854858398438
	dense amplitude time= 0.009789705276489258
	total non-zero amplitudes= 4900
	nsamples per process= 50
	sample time= 3.5302224159240723
self.n= 1.4760710047777688
	RGN updated loss=-9.906190747927663,dloss=-4.3424369877698155e-08
update time= 0.009025096893310547
step= 45

nparam= 240
	dense amplitude time= 0.061199188232421875
	total non-zero amplitudes= 4900
	nsamples per process= 50
	sample time= 3.8791561126708984
self.n= 1.4760710047777688
	collect g,h time= 8.3050377368927
E=-9.906190747927663,dE=-4.3424369877698155e-08,std=0
L=-9.906190747927663,dL=-4.3424369877698155e-08,std=0
	gnorm= 0.001236842043518999
	collect S matrix time= 0.013774633407592773
	nonzero=133,wmax=5.057860884806414,wmin=0.005763708692709812
	SR solver time= 0.0032470226287841797
	collect H matrix time= 0.007592439651489258
	nonzero=136,smax=6.117584431243256,smin=0.006177583455772025
	RGN solver time= 0.0055904388427734375
	xnorm=1.9506965277525887,dnorm=0.002018166476458205
update time= 0.008809089660644531
	dense amplitude time= 0.010190963745117188
	total non-zero amplitudes= 4900
	nsamples per process= 50
	sample time= 3.5497331619262695
self.n= 1.4761724878131433
	RGN updated loss=-9.906190788548923,dloss=-4.0621259245199326e-08
update time= 0.009050130844116211
step= 46

nparam= 240
	dense amplitude time= 0.07718896865844727
	total non-zero amplitudes= 4900
	nsamples per process= 50
	sample time= 3.8673877716064453
self.n= 1.4761724878131433
	collect g,h time= 8.188277006149292
E=-9.906190788548923,dE=-4.0621259245199326e-08,std=0
L=-9.906190788548923,dL=-4.0621259245199326e-08,std=0
	gnorm= 0.0012363205421615218
	collect S matrix time= 0.0128021240234375
	nonzero=133,wmax=5.057925562548541,wmin=0.005763722278566339
	SR solver time= 0.0032911300659179688
	collect H matrix time= 0.00738835334777832
	nonzero=136,smax=6.117646432053332,smin=0.006177750299631266
	RGN solver time= 0.006094455718994141
	xnorm=1.9507978941024284,dnorm=0.0019952075158028303
update time= 0.008846521377563477
	dense amplitude time= 0.010099411010742188
	total non-zero amplitudes= 4900
	nsamples per process= 50
	sample time= 3.492591142654419
self.n= 1.4760501798004548
	RGN updated loss=-9.906190826912567,dloss=-3.83636447054414e-08
update time= 0.009001016616821289
step= 47

nparam= 240
	dense amplitude time= 0.03579449653625488
	total non-zero amplitudes= 4900
	nsamples per process= 50
	sample time= 3.832974672317505
self.n= 1.4760501798004548
	collect g,h time= 8.19582486152649
E=-9.906190826912567,dE=-3.83636447054414e-08,std=0
L=-9.906190826912567,dL=-3.83636447054414e-08,std=0
	gnorm= 0.001236120878504694
	collect S matrix time= 0.025063037872314453
	nonzero=133,wmax=5.057980524356443,wmin=0.005764080251808488
	SR solver time= 0.003290414810180664
	collect H matrix time= 0.007327556610107422
	nonzero=136,smax=6.117701664996755,smin=0.0061786041999753296
	RGN solver time= 0.005795001983642578
	xnorm=1.9507259863275328,dnorm=0.0019078051906303098
update time= 0.008823156356811523
	dense amplitude time= 0.010051727294921875
	total non-zero amplitudes= 4900
	nsamples per process= 50
	sample time= 3.4114224910736084
self.n= 1.4761510723401432
	RGN updated loss=-9.906190862159303,dloss=-3.5246735308192e-08
update time= 0.009128093719482422
step= 48

nparam= 240
	dense amplitude time= 0.04009532928466797
	total non-zero amplitudes= 4900
	nsamples per process= 50
	sample time= 3.819551467895508
self.n= 1.4761510723401432
	collect g,h time= 8.261713743209839
E=-9.906190862159303,dE=-3.5246735308192e-08,std=0
L=-9.906190862159303,dL=-3.5246735308192e-08,std=0
	gnorm= 0.0012358503290770353
	collect S matrix time= 0.013070344924926758
	nonzero=133,wmax=5.0580279381333595,wmin=0.00576404089218013
	SR solver time= 0.003134489059448242
	collect H matrix time= 0.0074160099029541016
	nonzero=136,smax=6.117746503540141,smin=0.006178026148896094
	RGN solver time= 0.005629539489746094
	xnorm=1.9508215282243018,dnorm=0.0018477741740355177
update time= 0.008859395980834961
	dense amplitude time= 0.010666847229003906
	total non-zero amplitudes= 4900
	nsamples per process= 50
	sample time= 3.420409679412842
self.n= 1.476041786913373
	RGN updated loss=-9.906190894659714,dloss=-3.250041125113512e-08
update time= 0.009074687957763672
step= 49

nparam= 240
	dense amplitude time= 0.041638851165771484
	total non-zero amplitudes= 4900
	nsamples per process= 50
	sample time= 3.891777276992798
self.n= 1.476041786913373
	collect g,h time= 8.267125606536865
E=-9.906190894659714,dE=-3.250041125113512e-08,std=0
L=-9.906190894659714,dL=-3.250041125113512e-08,std=0
	gnorm= 0.0012356453734335688
	collect S matrix time= 0.013218164443969727
	nonzero=133,wmax=5.058066703148277,wmin=0.005764329601447421
	SR solver time= 0.00324249267578125
	collect H matrix time= 0.007260799407958984
	nonzero=136,smax=6.117786512633552,smin=0.0061788390082531805
	RGN solver time= 0.005795478820800781
	xnorm=1.9507556274453792,dnorm=0.001771103839108756
update time= 0.00889444351196289
	dense amplitude time= 0.010523080825805664
	total non-zero amplitudes= 4900
	nsamples per process= 50
	sample time= 3.460031032562256
self.n= 1.4761385540238923
	RGN updated loss=-9.90619092468853,dloss=-3.002881676650304e-08
update time= 0.009015083312988281
