[(0, 2), (0, 4), (2, 4)]
  0       1       2
1,3,5,6,7
  3,4,5,6
# seems to need 2 of these

[(0, 2), (0, 3), (0, 4), (0, 5), (0, 7), (2, 3), (2, 4), (2, 5), (2, 7), (3, 4), (3, 5), (3, 7), (4, 5), (4, 7), (5, 7)]
  7       8       9       10      11      12      13      14      15      16      17      18      19      20      21
1,6
  22
# seems to need all
  23      24      25      26      27      28      29      30      31      32      33      34      35      36      37      38      39      40
[(0, 1), (0, 2), (0, 3), (0, 4), (0, 5), (0, 6), (0, 7), (1, 2), (1, 3), (1, 4), (1, 5), (1, 6), (1, 7), (2, 3), (2, 4), (2, 5), (2, 6), (2, 7), (3, 4), (3, 5), (3, 6), (3, 7), (4, 5), (4, 6), (4, 7), (5, 6), (5, 7), (6, 7)]
 41      42      43      44      45      46      47      48      49      50


path = 1
R = 1.17
[ 0  1  2  3  
7  8  9 10 11 12 13 14 15 16 17 18 19 20 21 22 
24 27 28 31 36 38 39 41 42 43 44 46 47 49 50] 
[ 4  5  6 
23 25 26 29 30 32 33 34 35 37 40 45 48]

R = 1.19
[ 0  1  2  4  
7  8  9 10 11 12 13 14 15 16 17 18 19 20 21 22 
24 27 28 30 31 32 36 38 39 41 44 46 47 49 50] 
[ 3  5  6 
23 25 26 29 33 34 35 37 40 42 43 45 48]

R = 1.21
[ 0  1  2  3  
7  8  9 10 11 12 13 14 15 16 17 18 19 20 21 22 
24 30 31 32 36 37 38 39 40 41 44 46 47 49 50] 
[ 4  5  6 
23 25 26 27 28 29 33 34 35 42 43 45 48]

R = 1.23
[ 0  1  2  4  
7  8  9 10 11 12 13 14 15 16 17 18 19 20 21 22 
24 30 31 32 36 37 38 39 40 41 44 46 47 49 50] 
[ 3  5  6 
23 25 26 27 28 29 33 34 35 42 43 45 48]

R = 1.25
[ 0  1  2  4  
7  8  9 10 11 12 13 14 15 16 17 18 19 20 21 22 
24 30 31 32 36 37 38 39 40 41 44 46 47 49 50] 
[ 3  5  6 
23 25 26 27 28 29 33 34 35 42 43 45 48]

R = 1.27
[ 0  1  2  4  
7  8  9 10 11 12 13 14 15 16 17 18 19 20 21 22 
24 26 29 30 31 32 36 37 40 41 44 45 46 47 49] 
[ 3  5  6 
23 25 27 28 33 34 35 38 39 42 43 48 50]

path = 0
R = 1.01
[ 0  1  2  5  6  
7  8  9 10 11 12 13 14 15 16 17 18 19 20 21 22 
24 25 26 29 31 36 37 40 41 42 44 46 48 49] 
[ 3  4 
23 27 28 30 32 33 34 35 38 39 43 45 47 50]

R = 1.03
[ 0  1  2  5  6  
7  8  9 10 11 12 13 14 15 16 17 18 19 20 21 22 
24 26 29 30 31 32 36 37 40 41 44 46 48 49] 
[ 3  4 
23 25 27 28 33 34 35 38 39 42 43 45 47 50]

R = 1.05
[ 0  1  2  5  6  
7  8  9 10 11 12 13 14 15 16 17 18 19 20 21 22 
24 26 29 30 31 32 36 37 40 41 44 46 47 49] 
[ 3  4 
23 25 27 28 33 34 35 38 39 42 43 45 48 50]

R = 1.07
[ 0  1  2  5  6  
7  8  9 10 11 12 13 14 15 16 17 18 19 20 21 22 
24 26 29 30 31 32 36 37 40 41 44 46 47 49] 
[ 3  4 
23 25 27 28 33 34 35 38 39 42 43 45 48 50]

R = 1.11
[ 0  1  2  5  6  
7  8  9 10 11 12 13 14 15 16 17 18 19 20 21 22 
24 26 29 30 31 32 36 37 40 41 44 46 47 49] 
[ 3  4 
23 25 27 28 33 34 35 38 39 42 43 45 48 50]

R = 1.15
[ 0  1  2  3  
7  8  9 10 11 12 13 14 15 16 17 18 19 20 21 22 
24 25 26 29 31 36 37 40 41 42 44 45 46 47 49] 
[ 4  5  6 
23 27 28 30 32 33 34 35 38 39 43 48 50]

R = 1.19
[ 0  1  2  3  
7  8  9 10 11 12 13 14 15 16 17 18 19 20 21 22 
24 25 26 29 31 36 37 40 41 42 44 45 46 47 49] 
[ 4  5  6 
23 27 28 30 32 33 34 35 38 39 43 48 50]

R = 1.23
[ 0  1  2  3  4  
7  8  9 10 11 12 13 14 15 16 17 18 19 20 21 22 
24 26 29 31 36 37 40 41 42 44 45 46 47 49] 
[ 5  6 
23 25 27 28 30 32 33 34 35 38 39 43 48 50]






