run = 0
step= 49

nparam= 56
        dense amplitude time= 0.0007207393646240234
        total non-zero amplitudes= 36
        nsamples per process= 36
self.n= 1.2653234127030932
        collect g,h time= 0.2627694606781006
E=-3.9184688335054987,dE=-0.0008742758159074882,std=0
L=-3.9184688335054987,dL=-0.0008742758159074882,std=0
        gnorm= 0.0500630057638965
        collect S matrix time= 0.00021982192993164062
        nonzero=26,wmax=1.8895058821625357,wmin=0.0018994392233155162
        SR solver time= 0.00030612945556640625
        xnorm=1.1160537599729994,dnorm=0.012918529883247643
[-0.1475369505  0.0137290749  0.0028476841 -0.0353549995  0.0264439197
 -0.032883744  -0.0998280656 -0.0081129095 -0.0642531606  0.0373694489
  0.0326392755  0.1385100771  0.0055958529  0.1525400549 -0.0245470663
  0.16230451    0.0034845272 -0.0320214404 -0.1551995458  0.0119741856
 -0.0143669079 -0.0590881847  0.1922225993  0.0198227896  0.0445536657
 -0.0403003009  0.0144408847 -0.1842845214]
step= 99

nparam= 56
        dense amplitude time= 0.0007336139678955078
        total non-zero amplitudes= 36
        nsamples per process= 36
self.n= 1.4265135871692438
        collect g,h time= 0.2635157108306885
E=-3.954709765020198,dE=-0.0008582482505823386,std=0
L=-3.954709765020198,dL=-0.0008582482505823386,std=0
        gnorm= 0.06425015179522757
        collect S matrix time= 0.00023698806762695312
        xnorm=1.6341154435515748,dnorm=0.0
        nonzero=29,wmax=1.8062570546736123,wmin=0.0030086289634983984
        SR solver time= 0.00030994415283203125
        collect H matrix time= 3.337860107421875e-05
        nonzero=29,smax=18.46416088224402,smin=0.03284577039378509
        RGN solver time= 0.0004208087921142578
        xnorm=1.6341154435515748,dnorm=0.008980170198117117
        dense amplitude time= 0.0006575584411621094
        total non-zero amplitudes= 36
        nsamples per process= 36
self.n= 1.4302654389816325
        RGN updated loss=-3.9555952054318295,dloss=-0.0008854404116314107
[-0.185429515   0.0781323718  0.013137428  -0.1292258667  0.0380218503
 -0.0355795993 -0.1422281771 -0.0005126664 -0.126367375   0.0445295572
  0.1102851634  0.1922265206  0.0100107169  0.1869904834 -0.0289379764
  0.2075412761  0.0956587286 -0.0398557595 -0.2138293504  0.0024836883
 -0.0213781207 -0.1329281743  0.2944024044 -0.0322811371  0.031929255
 -0.0493496016  0.0647735354 -0.2925920628]

run = 1
step= 49

nparam= 56
        dense amplitude time= 0.0007255077362060547
        total non-zero amplitudes= 36
        nsamples per process= 36
self.n= 1.0274462790300176
        collect g,h time= 0.26499104499816895
E=-3.9485159220948005,dE=-0.0020732993541909828,std=0
L=-3.9485159220948005,dL=-0.0020732993541909828,std=0
        gnorm= 0.11520263679744756
        collect S matrix time= 0.0002448558807373047
        nonzero=29,wmax=2.061018090826805,wmin=0.0025137867894767466
        SR solver time= 0.00030303001403808594
        xnorm=1.0783858908376023,dnorm=0.032806389100170155
[-0.0269945367  0.0840979    -0.2722974716  0.0481304993  0.1981112612
 -0.016570648  -0.0208734789 -0.2406971643  0.0639547664  0.2151825642
 -0.0157133031 -0.0234316541  0.0054754966 -0.0138672036 -0.0138175006
 -0.0275905069 -0.0118181027 -0.1836698458 -0.0096828548  0.0159624059
 -0.2381232098 -0.0098353564 -0.0313910824 -0.0646737595  0.3068959226
  0.2202852645 -0.067537101  -0.02994051  ]
step= 99

nparam= 56
        dense amplitude time= 0.0007197856903076172
        total non-zero amplitudes= 36
        nsamples per process= 36
self.n= 0.2330339571492314
        collect g,h time= 0.2617771625518799
E=-4.084023063460381,dE=-0.001149697065072175,std=0
L=-4.084023063460381,dL=-0.001149697065072175,std=0
        gnorm= 0.19034692145371868
        collect S matrix time= 0.0002663135528564453
        xnorm=1.9976950462523173,dnorm=0.0
        nonzero=28,wmax=4.311328581082747,wmin=0.009816487151930156
        SR solver time= 0.0003094673156738281
        collect H matrix time= 3.337860107421875e-05
        nonzero=28,smax=45.177539204206724,smin=0.10690165341860951
        RGN solver time= 0.00043392181396484375
        xnorm=1.9976950462523173,dnorm=0.02093403088619936
        dense amplitude time= 0.0006532669067382812
        total non-zero amplitudes= 36
        nsamples per process= 36
self.n= 0.22867296485808858
        RGN updated loss=-4.085128753039122,dloss=-0.0011056895787406873
[ 0.0132495189  0.2983608781 -0.4229091738  0.2324216768  0.3022934797
 -0.0242700046  0.0040128481 -0.3854921802  0.2878867625  0.313048412
  0.18925894   -0.007582828   0.0333202781 -0.0454399664 -0.0153133836
 -0.0580846557 -0.200519929  -0.2883645187 -0.0242137282 -0.0026930758
 -0.3343388791 -0.192296501   0.0088937378 -0.2641222522  0.4562644265
  0.3626229091 -0.3202463906 -0.0615256003]

run = 2
step= 49

nparam= 56
        dense amplitude time= 0.0007283687591552734
        total non-zero amplitudes= 36
        nsamples per process= 36
self.n= 1.215662758095684
        collect g,h time= 0.2641432285308838
E=-3.918628178434958,dE=-0.0008177970228806508,std=0
L=-3.918628178434958,dL=-0.0008177970228806508,std=0
        gnorm= 0.04619555585848131
        collect S matrix time= 0.00023508071899414062
        nonzero=25,wmax=1.9125928479856695,wmin=0.01579517637388508
        SR solver time= 0.0002956390380859375
        xnorm=1.1295176649933751,dnorm=0.012062798744813521
[ 0.1760539949  0.0170065081  0.0207431128 -0.0467422072  0.0029362688
  0.032658749   0.133271087  -0.0363149764 -0.0285692235 -0.0200868298
  0.0472296058 -0.1298542551 -0.0083685387 -0.1121916302 -0.007998398
 -0.0887201525 -0.0065766461 -0.021109905   0.1954426024 -0.0074686393
 -0.0373212037 -0.0074026    -0.1916284421 -0.0225802089  0.0041820825
  0.014650503   0.0199816926  0.1919370225]
step= 99

nparam= 56
        dense amplitude time= 0.0007333755493164062
        total non-zero amplitudes= 36
        nsamples per process= 36
self.n= 1.32801151467139
        collect g,h time= 0.2642490863800049
E=-3.9481413951778768,dE=-0.0006318992638441046,std=0
L=-3.9481413951778768,dL=-0.0006318992638441046,std=0
        gnorm= 0.0554495404131629
        collect S matrix time= 0.000232696533203125
        xnorm=1.664834307677616,dnorm=0.0
        nonzero=28,wmax=1.8686869957440608,wmin=0.0031823505848378275
        SR solver time= 0.0003025531768798828
        collect H matrix time= 3.528594970703125e-05
        nonzero=28,smax=19.07881796016608,smin=0.034377566750801
        RGN solver time= 0.0004127025604248047
        xnorm=1.664834307677616,dnorm=0.013908275557751605
        dense amplitude time= 0.0006442070007324219
        total non-zero amplitudes= 36
        nsamples per process= 36
self.n= 1.327300519289146
        RGN updated loss=-3.948794602979482,dloss=-0.0006532078016050491
[ 0.1996681611  0.0841451285  0.0347828494 -0.1071810335  0.013312087
  0.0045994887  0.1511878181 -0.0293698006 -0.0629272427 -0.0271056901
  0.1208726776 -0.208216907  -0.0160406187 -0.133327472  -0.0029589453
 -0.1003706237  0.052132466  -0.0255842698  0.2737403539 -0.0023220177
 -0.0397820669 -0.0821238994 -0.3090664563 -0.0779292749  0.016713082
  0.0176154226  0.0596477636  0.3029298167]

run = 3
step= 49

nparam= 56
        dense amplitude time= 0.0007886886596679688
        total non-zero amplitudes= 36
        nsamples per process= 36
self.n= 0.9846244650681895
        collect g,h time= 0.26546359062194824
E=-3.9405285472132983,dE=-0.0018706752317743103,std=0
L=-3.9405285472132983,dL=-0.0018706752317743103,std=0
        gnorm= 0.10918784842171785
        collect S matrix time= 0.00022912025451660156
        nonzero=29,wmax=2.0342066303054036,wmin=0.0022627278976721787
        SR solver time= 0.0003044605255126953
        xnorm=1.041381252178925,dnorm=0.03258797696717084
[ 0.0194440318  0.0294984089  0.2451959419 -0.0309109928 -0.201430338
 -0.0397583593  0.031174726   0.2557268827  0.0780942607 -0.2103558326
  0.0227877879 -0.0116020985  0.0166805783  0.0043732877 -0.0385818857
  0.0257136625  0.0163562627  0.1772576817 -0.0150634373  0.0335473811
  0.2006968672  0.0102986866  0.0151940444 -0.0546665129 -0.2277497525
 -0.2200942404 -0.0452078055  0.0065685265]
step= 99

nparam= 56
        dense amplitude time= 0.0006859302520751953
        total non-zero amplitudes= 36
        nsamples per process= 36
self.n= 0.2655755709017633
        collect g,h time= 0.27521204948425293
E=-4.080570953896223,dE=-0.001308607796763006,std=0
L=-4.080570953896223,dL=-0.001308607796763006,std=0
        gnorm= 0.18188673496844618
        collect S matrix time= 0.0002639293670654297
        xnorm=1.9207086335723398,dnorm=0.0
        nonzero=28,wmax=3.958523055238138,wmin=0.010672375091084109
        SR solver time= 0.0003066062927246094
        collect H matrix time= 3.147125244140625e-05
        nonzero=28,smax=40.5445536248999,smin=0.11640097555779357
        RGN solver time= 0.00044155120849609375
        xnorm=1.9207086335723398,dnorm=0.020827042028652546
        dense amplitude time= 0.0006616115570068359
        total non-zero amplitudes= 36
        nsamples per process= 36
self.n= 0.2607058033029773
        RGN updated loss=-4.0818351031692295,dloss=-0.001264149273006332
[-0.0078099997  0.2946692618  0.3953265958  0.1581727891 -0.3173270475
 -0.0441432929  0.0213725117  0.3939017056  0.2926802654 -0.3298752223
  0.2255387355 -0.0134620133  0.0372083691  0.0506545068 -0.0220113826
  0.0249559272 -0.1895576915  0.2935966852 -0.0167891292  0.017702216
  0.318375374  -0.1777961981 -0.0213941216 -0.2695992384 -0.4131606521
 -0.3972213476 -0.2696617988  0.0393828468]

run = 4
step= 49

nparam= 56
        dense amplitude time= 0.0007219314575195312
        total non-zero amplitudes= 36
        nsamples per process= 36
self.n= 1.4691099406992283
        collect g,h time= 0.2627286911010742
E=-3.927940053292693,dE=-0.0019642855558004158,std=0
L=-3.927940053292693,dL=-0.0019642855558004158,std=0
        gnorm= 0.04654753852348683
        collect S matrix time= 0.00023555755615234375
        nonzero=25,wmax=1.8252196089461616,wmin=0.010869768379979047
        SR solver time= 0.0003006458282470703
        xnorm=1.2161833798409476,dnorm=0.036276250632825996
[ 0.0444143532 -0.0589441887 -0.0753922539  0.0540111354  0.1266106543
  0.0276604193  0.097361114  -0.1396816687  0.1080515734  0.1130333036
 -0.0489976327 -0.0797639059  0.0168497182 -0.1328551101  0.025091184
 -0.0353768186 -0.038531614  -0.1333961573  0.0687140098  0.0236547213
 -0.1244997475  0.0337239937 -0.1231641148  0.0486539466  0.1483280261
  0.1112898272 -0.1169052329  0.0331829253]
step= 99

nparam= 56
        dense amplitude time= 0.0007164478302001953
        total non-zero amplitudes= 36
        nsamples per process= 36
self.n= 0.1452900329840533
        collect g,h time= 0.2624015808105469
E=-4.101848906275981,dE=-4.221925404834792e-06,std=0
L=-4.101848906275981,dL=-4.221925404834792e-06,std=0
        gnorm= 0.22880991714365176
        collect S matrix time= 0.00023674964904785156
        xnorm=2.4158681852391717,dnorm=0.0
        nonzero=28,wmax=6.812767133782706,wmin=0.006864907502163389
        SR solver time= 0.00029540061950683594
        collect H matrix time= 3.337860107421875e-05
        nonzero=28,smax=39.54238078118268,smin=0.040061126433135995
        RGN solver time= 0.00041675567626953125
        xnorm=2.4158681852391717,dnorm=0.03234716049777573
        dense amplitude time= 0.0006465911865234375
        total non-zero amplitudes= 36
        nsamples per process= 36
self.n= 0.14036229981646495
        RGN updated loss=-4.101773384371946,dloss=7.552190403448122e-05
        xnorm=2.4158681852391717,dnorm=0.008981766537052767
[-0.0014233753  0.1404228478 -0.3864745303  0.3869403902  0.345013207
 -0.0051008123  0.035709695  -0.4797368804  0.3895785211  0.3153209012
  0.1697392526 -0.0555479453  0.0109104688 -0.1298593687  0.0524559392
  0.0488928862 -0.3860616782 -0.3197997811  0.0086268276  0.019308055
 -0.3573894675 -0.1870984562 -0.0566511072 -0.1855374031  0.4310546394
  0.3645965412 -0.4285416742 -0.0692801193]

run = 5
step= 49

nparam= 56
        dense amplitude time= 0.0008094310760498047
        total non-zero amplitudes= 36
        nsamples per process= 36
self.n= 1.4821155603638398
        collect g,h time= 0.2981266975402832
E=-3.9240193108772,dE=-0.001310662152519182,std=0
L=-3.9240193108772,dL=-0.001310662152519182,std=0
        gnorm= 0.028314562170630376
        collect S matrix time= 0.0002243518829345703
        nonzero=25,wmax=1.8569972154944487,wmin=0.015261074448867318
        SR solver time= 0.0003161430358886719
        xnorm=1.209603102400168,dnorm=0.03059962480062155
[-0.1328241647 -0.0252087035  0.0210262929  0.0092302144 -0.0266729579
 -0.0019767385 -0.131008098   0.0270793938  0.0147296238 -0.0322778102
 -0.0261567184  0.1326797494 -0.0079056467  0.1319660116 -0.0024310974
  0.1316354532 -0.0165107119  0.0344119666 -0.1222342057 -0.0085266366
  0.0361983581  0.00339802    0.1587937471  0.0274434364 -0.0293790101
 -0.0308571819 -0.0062154805 -0.1574564585]
step= 99

nparam= 56
        dense amplitude time= 0.0007419586181640625
        total non-zero amplitudes= 36
        nsamples per process= 36
self.n= 1.5510257720128537
        collect g,h time= 0.26122355461120605
E=-3.986712286734988,dE=-0.0031319846550421637,std=0
L=-3.986712286734988,dL=-0.0031319846550421637,std=0
        gnorm= 0.07462841268941586
        collect S matrix time= 0.0002582073211669922
        xnorm=1.6992022799841027,dnorm=0.0
        nonzero=29,wmax=1.583893764595075,wmin=0.005059547957156699
        SR solver time= 0.0003261566162109375
        collect H matrix time= 3.409385681152344e-05
        nonzero=29,smax=8.483444383218247,smin=0.02983276196534081
        RGN solver time= 0.00043272972106933594
        xnorm=1.6992022799841027,dnorm=0.022354574925442062
        dense amplitude time= 0.0006947517395019531
        total non-zero amplitudes= 36
        nsamples per process= 36
self.n= 1.5680427700060957
        RGN updated loss=-3.989883691920027,dloss=-0.003171405185038889
[-0.2345789054 -0.146716227   0.0355980783  0.2066171252 -0.0397092893
 -0.0021636831 -0.1929358207  0.0449724982  0.1514013386 -0.0431202965
 -0.2251156908  0.1823654051 -0.0110220031  0.203692458   0.002432908
  0.2204305747 -0.2109962154  0.0373912116 -0.1989972747 -0.0039181961
  0.0409989274  0.2005848855  0.2264669824  0.1685002393 -0.0273095443
 -0.0268147905 -0.1468691666 -0.2527526948]

run = 6
step= 49

nparam= 56
        dense amplitude time= 0.0007641315460205078
        total non-zero amplitudes= 36
        nsamples per process= 36
self.n= 1.2075018538048743
        collect g,h time= 0.2650778293609619
E=-3.917846041182919,dE=-0.0008112818099652586,std=0
L=-3.917846041182919,dL=-0.0008112818099652586,std=0
        gnorm= 0.04429861883773851
        collect S matrix time= 0.0002472400665283203
        nonzero=25,wmax=1.8954551497684495,wmin=0.015816296042454023
        SR solver time= 0.00031304359436035156
        xnorm=1.1354426742338921,dnorm=0.012086758959492771
[-0.1323547762  0.0157487819 -0.0099905582 -0.0168650359 -0.0496522319
  0.0251877619 -0.1595799904  0.0340622912 -0.0395943124 -0.0002961637
 -0.0258065484  0.1021396881  0.0416841652  0.1627399714  0.0105772595
  0.152876642  -0.0296410167 -0.0448882299 -0.139330025   0.0490404776
  0.0055374618  0.0251030804  0.1675411297  0.018400027  -0.0101538538
  0.0083279298  0.0008774971 -0.2204235466]
step= 99

nparam= 56
        dense amplitude time= 0.0007448196411132812
        total non-zero amplitudes= 36
        nsamples per process= 36
self.n= 1.5349208874806755
        collect g,h time= 0.2620511054992676
E=-3.975563522803694,dE=-0.0026888993455895793,std=0
L=-3.975563522803694,dL=-0.0026888993455895793,std=0
        gnorm= 0.07197844806458636
        collect S matrix time= 0.0002646446228027344
        xnorm=1.725425003129144,dnorm=0.0
        nonzero=29,wmax=1.6741951213965476,wmin=0.004920732344403771
        SR solver time= 0.00031375885009765625
        collect H matrix time= 3.314018249511719e-05
        nonzero=29,smax=8.854806328127292,smin=0.029125394879014242
        RGN solver time= 0.00042629241943359375
        xnorm=1.725425003129144,dnorm=0.024997728326801593
        dense amplitude time= 0.0006506443023681641
        total non-zero amplitudes= 36
        nsamples per process= 36
self.n= 1.545389445369152
        RGN updated loss=-3.9783512630746856,dloss=-0.002787740270991712
[-0.269682647  -0.092437082   0.0012410376  0.1386831556 -0.0550547127
  0.0327782459 -0.2308322474  0.0339102805  0.0473123905 -0.009453775
 -0.1955964825  0.1466054229  0.0386449531  0.2923808923  0.0270621545
  0.228546163  -0.1849543729 -0.0481116071 -0.1850821366  0.0663172265
 -0.0035732151  0.1941896647  0.1698069466  0.1512000219 -0.0100234691
  0.0108579858 -0.1191058186 -0.221103082 ]

run = 7
step= 49

nparam= 56
        dense amplitude time= 0.0007550716400146484
        total non-zero amplitudes= 36
        nsamples per process= 36
self.n= 0.9606728075147813
        collect g,h time= 0.27103686332702637
E=-3.9462600456203036,dE=-0.002226281805814523,std=0
L=-3.9462600456203036,dL=-0.002226281805814523,std=0
        gnorm= 0.11765370345737212
        collect S matrix time= 0.00022530555725097656
        nonzero=29,wmax=2.1064848272781265,wmin=0.002539181950304993
        SR solver time= 0.0002987384796142578
        xnorm=1.081519427162668,dnorm=0.034789161511362465
[-0.0282821835 -0.1228283874  0.2462989469 -0.0029803881 -0.2097802889
  0.0016206253 -0.0231318753  0.2530595982 -0.1100826188 -0.1733912757
  0.0066879314 -0.0094739806  0.0135409147 -0.026446558  -0.0081087562
 -0.030698199  -0.0010685245  0.1861430337 -0.0175010782 -0.0128452941
  0.2434845275 -0.0016190901 -0.0007228532  0.1388402345 -0.2883779104
 -0.2185677764  0.1190102367  0.0002095485]
step= 99

nparam= 56
        dense amplitude time= 0.0007169246673583984
        total non-zero amplitudes= 36
        nsamples per process= 36
self.n= 0.17063408368084143
        collect g,h time= 0.26077795028686523
E=-4.079875446632755,dE=-0.0010820045805939316,std=0
L=-4.079875446632755,dL=-0.0010820045805939316,std=0
        gnorm= 0.20572480171501373
        collect S matrix time= 0.00025534629821777344
        xnorm=2.135698929754127,dnorm=0.0
        nonzero=28,wmax=5.825296444898715,wmin=0.009918185766715198
        SR solver time= 0.0003082752227783203
        collect H matrix time= 3.2901763916015625e-05
        nonzero=28,smax=62.243066867247244,smin=0.10805970395683034
        RGN solver time= 0.0003998279571533203
        xnorm=2.135698929754127,dnorm=0.024248932713709804
        dense amplitude time= 0.0006437301635742188
        total non-zero amplitudes= 36
        nsamples per process= 36
self.n= 0.1655919533234176
        RGN updated loss=-4.080908244176263,dloss=-0.001032797543508046
[-0.0198973813 -0.3257283308  0.3740240824 -0.2055604737 -0.3172750422
 -0.002305603  -0.0215043138  0.376348105  -0.3246285431 -0.27292976
 -0.2031145777 -0.0299476711  0.0147996331 -0.0291104498 -0.005321124
 -0.0341179013  0.202582557   0.298303137   0.0028233632 -0.0067413171
  0.3379296884  0.2096773046 -0.0161864666  0.3680162457 -0.3874196391
 -0.3221858778  0.3519534046  0.015467027 ]

run = 8
step= 49

nparam= 56
        dense amplitude time= 0.0007460117340087891
        total non-zero amplitudes= 36
        nsamples per process= 36
self.n= 0.9964110790880666
        collect g,h time= 0.26320457458496094
E=-3.933297450761446,dE=-0.0018136888661821615,std=0
L=-3.933297450761446,dL=-0.0018136888661821615,std=0
        gnorm= 0.0963661153923749
        collect S matrix time= 0.00024700164794921875
        nonzero=28,wmax=2.0625218850880715,wmin=0.002464271518726417
        SR solver time= 0.0002942085266113281
        xnorm=1.0294296163088712,dnorm=0.01261820160139149
[ 0.0255211174 -0.0028193726  0.2167541258 -0.0224505601 -0.210890238
  0.0448441935  0.0193513435  0.2168663143  0.0379986198 -0.1820430357
 -0.0086254302 -0.0381162628 -0.018734723  -0.0026844999  0.0448576625
 -0.0145933901 -0.0356194885  0.1560852499  0.0378850658  0.0068384831
  0.1869221359 -0.0354588516 -0.0235835762  0.0293308339 -0.1617504082
 -0.2117689621 -0.0061382404  0.0263594745]
step= 99

nparam= 56
        dense amplitude time= 0.0007174015045166016
        total non-zero amplitudes= 36
        nsamples per process= 36
self.n= 1.0892949453028802
        collect g,h time= 0.26673460006713867
E=-4.1392349935056485,dE=-1.7456726126852118e-06,std=0
L=-4.1392349935056485,dL=-1.7456726126852118e-06,std=0
        gnorm= 0.0019494824353261722
        collect S matrix time= 0.0002598762512207031
        xnorm=1.7348502074411905,dnorm=0.0
        nonzero=29,wmax=1.835715704817896,wmin=0.001939681699491561
        SR solver time= 0.0002911090850830078
        collect H matrix time= 3.218650817871094e-05
        nonzero=29,smax=4.012054294993181,smin=0.006955167532406314
        RGN solver time= 0.0004367828369140625
        xnorm=1.7348502074411905,dnorm=0.006846399487209433
        dense amplitude time= 0.000637054443359375
        total non-zero amplitudes= 36
        nsamples per process= 36
self.n= 1.0898083739886453
        RGN updated loss=-4.139236319977306,dloss=-1.3264716578476055e-06
[ 0.0123287979  0.0447130757  0.5779655944  0.0423438597 -0.4872946268
  0.0385025324 -0.0097253183  0.5765369488  0.1139108512 -0.4290354907
  0.0186883218 -0.0282132907 -0.0165450356  0.0162918783  0.0454978163
  0.0177738076 -0.096389236   0.4347275296  0.0185875926  0.022462993
  0.4324715508 -0.0687827926  0.0228556435  0.0661905744 -0.5463889449
 -0.5981161929  0.0124557659 -0.0108879368]
