run = 0
step= 99

nparam= 22
        dense amplitude time= 0.0018384456634521484
        total non-zero amplitudes= 36
        nsamples per process= 36
        collect g,h time= 0.225022554397583
E=-4.508389560265251,dE=-0.000613592232348914,std=0
L=-4.508389560265251,dL=-0.000613592232348914,std=0
        gnorm= 0.048070813206270574
        collect S matrix time= 2.3603439331054688e-05
        nonzero=12,wmax=2.9571589707987385,wmin=0.010419481341985932
        SR solver time= 0.00011324882507324219
        xnorm=2.2832609620011795,dnorm=0.017378776327921966
[ 0.2634161639  0.2780840147  0.9075147399  0.2860977695 -0.5766265543
  1.0281062484]
[ 0.0856197793 -0.2646287461 -0.5973700003 -0.0289992443]
[-0.7550539091  0.0655986182  0.0110263149  0.527721378   0.2900976839
  0.4718431507 -0.9145610062  0.0373977695 -0.0550950284 -0.2815626565
 -0.0718527812 -0.5053951858]
step= 149

nparam= 22
        dense amplitude time= 0.0018072128295898438
        total non-zero amplitudes= 36
        nsamples per process= 36
        collect g,h time= 0.15137100219726562
E=-4.534182119692527,dE=-5.185549767361408e-10,std=0
L=-4.534182119692527,dL=-5.185549767361408e-10,std=0
        gnorm= 0.0019685085473373693
        collect S matrix time= 2.5987625122070312e-05
        xnorm=2.42341040322134,dnorm=0.0
        nonzero=10,wmax=7.2041768423826555,wmin=0.06178436780342586
        SR solver time= 0.00012087821960449219
        collect H matrix time= 1.8835067749023438e-05
        nonzero=10,smax=5.146866090770916,smin=0.10347905673328672
        RGN solver time= 0.00011372566223144531
        xnorm=2.42341040322134,dnorm=1.0282089938564496e-05
        dense amplitude time= 0.0017647743225097656
        total non-zero amplitudes= 36
        nsamples per process= 36
        RGN updated loss=-4.534182120057329,dloss=-3.6480152232343244e-10
[ 0.0688177328  0.5079130105  1.4431802139 -0.1725635357 -0.3522015387
  0.7212730839]
[-0.0946391519 -0.2745153682 -0.5941956858 -0.0191126222]
[-0.7073254718  0.2382060974 -0.0860593058  0.5051845125  0.1948593477
  0.5042552099 -0.8752669516 -0.2068491899  0.1490944131 -0.4905283626
  0.0725863001 -0.4761587825]

run = 1
step= 99

nparam= 22
        dense amplitude time= 0.0018391609191894531
        total non-zero amplitudes= 36
        nsamples per process= 36
        collect g,h time= 0.215484619140625
E=-4.525735773174895,dE=-0.0003717699232099747,std=0
L=-4.525735773174895,dL=-0.0003717699232099747,std=0
        gnorm= 0.08973288276702047
        collect S matrix time= 2.47955322265625e-05
        nonzero=12,wmax=4.754347519139377,wmin=0.03306212084095185
        SR solver time= 0.00011706352233886719
        xnorm=2.5590127164021412,dnorm=0.0024746529784787866
[-1.0087655764 -0.8469465517 -0.4072728564 -0.4522189123 -0.5311151708
  0.7688954297]
[-0.1541349192  0.9387013707  0.2093141071  0.8017805169]
[ 0.0990170492 -0.082868475   0.142583234   0.6431751914  0.1991095484
  0.551222519   0.8047943211  0.2337707707 -0.1717917246 -0.590550066
  0.0351989464 -0.3241849773]
step= 149

nparam= 22
        dense amplitude time= 0.0018162727355957031
        total non-zero amplitudes= 30
        nsamples per process= 30
        collect g,h time= 0.13448786735534668
E=-4.538982065855395,dE=-3.1257751942348477e-10,std=0
L=-4.538982065855395,dL=-3.1257751942348477e-10,std=0
        gnorm= 1.6388982420226394e-05
        collect S matrix time= 2.47955322265625e-05
        xnorm=2.626932072078743,dnorm=0.0
        nonzero=13,wmax=5.607283754026486,wmin=0.007310534787854015
        SR solver time= 0.00011491775512695312
        collect H matrix time= 1.7404556274414062e-05
        nonzero=13,smax=4.816005174647335,smin=0.012935129496426187
        RGN solver time= 0.000118255615234375
        xnorm=2.626932072078743,dnorm=1.850343857791691e-05
        dense amplitude time= 0.0017325878143310547
        total non-zero amplitudes= 30
        nsamples per process= 30
        RGN updated loss=-4.5389820660832525,dloss=-2.2785773268196863e-10
[-1.0297165141 -0.901673191  -0.5123193109 -0.3471723415 -0.481504946
  0.8236219527]
[-0.2638314201  1.0211612743  0.1937516491  0.7193206133]
[ 0.0996075153 -0.07562776    0.1102316482  0.692493181   0.2130735195
  0.5494656348  0.8030891636  0.2508621795 -0.1447311298 -0.613896982
  0.0542861611 -0.3218969764]
step= 149

nparam= 22
        dense amplitude time= 0.0018007755279541016
        total non-zero amplitudes= 31
        nsamples per process= 31
        collect g,h time= 0.13578081130981445
E=-4.538982065822958,dE=-3.235003376289569e-10,std=0
L=-4.538982065822958,dL=-3.235003376289569e-10,std=0
        gnorm= 1.6639060854747607e-05
        collect S matrix time= 2.4557113647460938e-05
        xnorm=2.6270544430492206,dnorm=0.0
        SR solver time= 5.4836273193359375e-05
        collect H matrix time= 1.9073486328125e-05
        RGN solver time= 2.7894973754882812e-05
        xnorm=2.6270544430492206,dnorm=1.9072377791932107e-05
        dense amplitude time= 0.0017728805541992188
        total non-zero amplitudes= 31
        nsamples per process= 31
        RGN updated loss=-4.5389820660589795,dloss=-2.360218687158522e-10
[-1.0297135269 -0.9016942668 -0.512299745  -0.3471534586 -0.4815087722
  0.8236045796]
[-0.2643205934  1.0208835841  0.1952486773  0.7195983034]
[ 0.0996074045 -0.0756277554  0.1102319549  0.6924923703  0.2130732813
  0.5494656724  0.8030867778  0.2508613995 -0.144731456  -0.613897507
  0.054286635  -0.3218980858]
