run = 0
step= 29

nparam= 38
        dense amplitude time= 0.0018868446350097656
        total non-zero amplitudes= 36
        nsamples per process= 36
self.n= 0.6619177725277648
        collect g,h time= 0.2994048595428467
E=-4.272346367943384,dE=-0.0005649780195877696,std=0
L=-4.272346367943384,dL=-0.0005649780195877696,std=0
        gnorm= 0.04154079828271575
        collect S matrix time= 5.269050598144531e-05
        nonzero=19,wmax=1.509173732134403,wmin=0.05481154891333704
        SR solver time= 0.00024509429931640625
        xnorm=0.7471431907181845,dnorm=0.007578327619194231
[ 0.2353133396 -0.0108395043  0.0767005043 -0.0847875182  0.0822321012
 -0.0646823721]
[ 0.0204285182  0.0112042732 -0.0068912513 -0.0064730164]
[-0.0030769484  0.0142154868 -0.0303609041 -0.0239774659  0.0658194404
 -0.0256861267 -0.036437535  -0.0346205646  0.0053197475  0.0957245967
 -0.0034140562 -0.0030170484 -0.0581868733 -0.0024115015 -0.0333272821
 -0.0396822077  0.0191715795 -0.0666459093  0.0010638699 -0.0212056981
 -0.0427790576  0.0078248284  0.0319297037 -0.0247534947  0.4624933767
  0.4856938921  0.0178396764  0.0229087001]
step= 49

nparam= 38
        dense amplitude time= 0.0017614364624023438
        total non-zero amplitudes= 36
        nsamples per process= 36
self.n= 0.4817076367406078
        collect g,h time= 0.2947115898132324
E=-4.309255531531254,dE=-4.7031561845045644e-07,std=0
L=-4.309255531531254,dL=-4.7031561845045644e-07,std=0
        gnorm= 0.00197841763313144
        collect S matrix time= 7.367134094238281e-05
        xnorm=1.276556891511502,dnorm=0.0
        nonzero=19,wmax=2.545446438711627,wmin=0.003972565990797951
        SR solver time= 0.0002295970916748047
        collect H matrix time= 2.8133392333984375e-05
        nonzero=19,smax=2.4336177767202054,smin=0.006208462122680624
        RGN solver time= 0.0002875328063964844
        xnorm=1.276556891511502,dnorm=0.0008634610831012085
        dense amplitude time= 0.0017516613006591797
        total non-zero amplitudes= 36
        nsamples per process= 36
self.n= 0.4817284666519501
        RGN updated loss=-4.309256040789311,dloss=-5.092580570575933e-07
[ 0.0850428713 -0.3516690154  0.2749812407 -0.2830682546  0.2444002784
  0.2899023043]
[ 0.0568737834  0.0100478602 -0.0208335416 -0.0053373564]
[-0.0058542536  0.0174920062 -0.4132324181 -0.0217241515  0.225930159
 -0.0810106768 -0.0356485176 -0.4234417345 -0.0117403389  0.2846005601
  0.0199104519 -0.0050431857 -0.1112271336 -0.0012336086 -0.0722401071
 -0.0388533635  0.017633163  -0.2198160737 -0.0047446261 -0.085621837
 -0.2283875762 -0.0160106346  0.025586874  -0.0273548147  0.520433738
  0.5501086512  0.0357078777  0.0199004391]

run = 1
step= 29

nparam= 38
        dense amplitude time= 0.0018236637115478516
        total non-zero amplitudes= 36
        nsamples per process= 36
self.n= 0.6631516900666017
        collect g,h time= 0.2970583438873291
E=-4.272497466788856,dE=-0.0005672839502102178,std=0
L=-4.272497466788856,dL=-0.0005672839502102178,std=0
        gnorm= 0.04188314008798551
        collect S matrix time= 7.104873657226562e-05
        nonzero=19,wmax=1.5061557346870469,wmin=0.055944167273295944
        SR solver time= 0.00023746490478515625
        xnorm=0.7537095311928106,dnorm=0.007546660100486893
[ 0.2373373945 -0.0101178409  0.1107743844 -0.0512109949  0.0764410849
 -0.068444146 ]
[ 0.0235125411  0.0435488474  0.076409524  -0.0485341079]
[ 0.0045613646  0.0162724689 -0.043986879  -0.0325958439  0.1066872055
 -0.0194446459 -0.0141530335 -0.031573009  -0.0140149487  0.0610709697
  0.0118271513 -0.0365909654 -0.018571489  -0.0002697355 -0.0018943744
 -0.0281092154 -0.0024764597 -0.0403594796 -0.0170127317 -0.0109387421
 -0.0903991249  0.0239621035  0.012937719  -0.0015884122  0.4205779548
  0.5198907207 -0.0069726449 -0.0221192471]
step= 49

nparam= 38
        dense amplitude time= 0.001745462417602539
        total non-zero amplitudes= 36
        nsamples per process= 36
self.n= 0.48350821817694806
        collect g,h time= 0.2958681583404541
E=-4.309647239416538,dE=-1.2077635149765342e-06,std=0
L=-4.309647239416538,dL=-1.2077635149765342e-06,std=0
        gnorm= 0.0021694621522834476
        collect S matrix time= 6.818771362304688e-05
        xnorm=1.2885122424552133,dnorm=0.0
        nonzero=19,wmax=2.7122114164206814,wmin=0.003642826150349821
        SR solver time= 0.00024366378784179688
        collect H matrix time= 2.9087066650390625e-05
        nonzero=19,smax=2.6339938551572533,smin=0.005695914173990204
        RGN solver time= 0.00027489662170410156
        xnorm=1.2885122424552133,dnorm=0.0013770849370295804
        dense amplitude time= 0.0017671585083007812
        total non-zero amplitudes= 36
        nsamples per process= 36
self.n= 0.48358240239636946
        RGN updated loss=-4.309648517447975,dloss=-1.2780314371241275e-06
[ 0.0812065116 -0.4089960009  0.314895497  -0.2553321074  0.2159514368
  0.2898578407]
[ 0.0647467199  0.0409822284  0.0688306444 -0.0436758467]
[-0.0084934689  0.0271692813 -0.430060148  -0.0263076799  0.2600349009
 -0.0589318356 -0.013843266  -0.4183601498 -0.0240123783  0.247599532
  0.0249766204 -0.0335927725 -0.0866929401  0.0171623972 -0.0552723953
 -0.0237283529 -0.0031326278 -0.1860244692 -0.0250978276 -0.0616144933
 -0.2764646398  0.0055116918 -0.0074360922 -0.0115062394  0.4740815379
  0.5742053873  0.0209970081 -0.0233897896]

run = 2
step= 29

nparam= 38
        dense amplitude time= 0.0010597705841064453
        total non-zero amplitudes= 36
        nsamples per process= 12
self.n= 0.505331149922773
        collect g,h time= 0.14515185356140137
E=-4.312422630570295,dE=-9.824621578502502e-07,std=0
L=-4.312422630570295,dL=-9.824621578502502e-07,std=0
        gnorm= 0.0015665526198679657
        collect S matrix time= 3.4332275390625e-05
        nonzero=20,wmax=2.64384487948857,wmin=0.004643140805205779
        SR solver time= 0.00022339820861816406
        collect H matrix time= 2.9802322387695312e-05
        nonzero=20,smax=7.243274955378908,smin=0.014348790333859896
        RGN solver time= 0.00024008750915527344
        xnorm=1.5072766833813398,dnorm=0.0012026516486421278
        dense amplitude time= 0.0009870529174804688
        total non-zero amplitudes= 36
        nsamples per process= 12
self.n= 0.5052049389786983
        RGN updated loss=-4.312423460186726,dloss=-8.296164306642595e-07
[ 0.108661783  -0.1077126309  0.2259211148 -0.2400242779  0.0775136175
  0.0669588819]
[ 0.0924379318  0.4365918994  0.6868660584 -0.6811866851]
[ 0.0105115109  0.0086829915 -0.4591794171 -0.0019378444  0.2251063094
  0.0337411711 -0.0027199067 -0.4016715356 -0.004911307   0.2355037019
  0.0030612941 -0.0132605228 -0.0197956418  0.0187701214  0.013694877
 -0.007079316   0.0068561815 -0.2483614155 -0.0079895961 -0.0209458264
 -0.2976011471 -0.0066974653  0.0287554304 -0.0078768055  0.4104299157
  0.4384398282  0.0122603838  0.0174778491]
