run = 0
step= 49

nparam= 51
        dense amplitude time= 0.0009131431579589844
        total non-zero amplitudes= 36
        nsamples per process= 12
self.n= 0.5568738142836521
        collect g,h time= 0.15775489807128906
E=-4.387304291027939,dE=-1.7763568394002505e-13,std=0
L=-4.387304291027939,dL=-1.7763568394002505e-13,std=0
        gnorm= 7.306198803811643e-06
        collect S matrix time= 4.673004150390625e-05
        nonzero=31,wmax=2.2001815867041192,wmin=0.00281892693058221
        SR solver time= 0.0003197193145751953
        collect H matrix time= 3.361701965332031e-05
        nonzero=31,smax=3.1060567143064794,smin=0.005972251773412769
        RGN solver time= 0.00045037269592285156
        xnorm=1.1558957353730368,dnorm=4.127307373025322e-07
        dense amplitude time= 0.0009601116180419922
        total non-zero amplitudes= 36
        nsamples per process= 12
self.n= 0.5568737981853621
        RGN updated loss=-4.387304291028091,dloss=-1.5187850976872141e-13
[ 0.0358049134 -0.2008674915 -0.0006931145  0.1501863582 -0.0617232991
  0.0928558695 -0.2983061091]
[ 0.1720617294  0.0122815943  0.1146914902 -0.0485454708 -0.1342924151
  0.0207087684  0.0424630404 -0.0557536452 -0.0163202599  0.1136914445
  0.0483393545 -0.286388705   0.1234102925  0.0352158195 -0.0923684265
 -0.2071797448]
[ 0.0439326149  0.0014230095  0.181848088   0.0500484113 -0.2757591702
 -0.0155192355 -0.0274526819  0.271949063   0.0188057303 -0.0219730495
  0.0196231027  0.0305967835  0.0385596774 -0.0463098047 -0.0102732603
  0.015626607   0.048911381   0.3043800432  0.0128818589 -0.2622214915
  0.0052137615  0.0606904226 -0.1076850852 -0.0119402424 -0.5401320771
 -0.5154861148  0.0151467758  0.0680030638]
