run = 0
step= 99

nparam= 49
        dense amplitude time= 0.0012722015380859375
        total non-zero amplitudes= 36
        nsamples per process= 12
self.n= 0.34277305684031656
        collect g,h time= 0.15208649635314941
E=-4.281231420565849,dE=-7.635136967110157e-11,std=0
L=-4.281231420565849,dL=-7.635136967110157e-11,std=0
        gnorm= 5.9658242502910475e-06
        collect S matrix time= 5.817413330078125e-05
        SR solver time= 7.510185241699219e-05
        collect H matrix time= 3.123283386230469e-05
        RGN solver time= 5.245208740234375e-05
        xnorm=1.9306584854759439,dnorm=3.474181778089942e-05
        dense amplitude time= 0.0008561611175537109
        total non-zero amplitudes= 36
        nsamples per process= 12
self.n= 0.3427723052847022
        RGN updated loss=-4.281231420622375,dloss=-5.652633916497507e-11
[ 0.0400113747 -0.2681529427  0.0000747896 -0.0833147641 -0.919972392
  0.383631717 ]
[ 0.4061758037  0.0006133244  0.0001636512  0.0007553555  0.039244417
  0.529816619   0.0002944037 -0.0412852199  0.0002493376  0.2701275019
 -0.0004683699  0.3113601448 -0.8176461291  0.0014769811 -0.1247745905
 -0.5276577524]
[-0.0018360915  0.0000825811 -0.2125217168 -0.0467425121 -0.0502444792
 -0.01503564    0.0295853255 -0.2128625505  0.0060624896  0.2399728455
  0.0268300318 -0.3900136285  0.0133417951 -0.000377746   0.0040028227
 -0.0549550508 -0.1179270348  0.023629541   0.1649291076 -0.1376463728
  0.0338479796 -0.0474575706  0.0297894732  0.5978582229  0.5800868105
 -0.0405509902 -0.0407176763]
