run = 0
step= 49

nparam= 51
        dense amplitude time= 0.0008831024169921875
        total non-zero amplitudes= 36
        nsamples per process= 12
self.n= 0.5463936734652672
        collect g,h time= 0.1580507755279541
E=-4.36245949211849,dE=-4.619150661966387e-08,std=0
L=-4.36245949211849,dL=-4.619150661966387e-08,std=0
        gnorm= 0.00025212899363706684
        collect S matrix time= 4.267692565917969e-05
        nonzero=31,wmax=2.2114402925654404,wmin=0.0024351034408301316
        SR solver time= 0.0003342628479003906
        collect H matrix time= 3.886222839355469e-05
        nonzero=31,smax=6.292186416216645,smin=0.008890802413133581
        RGN solver time= 0.0004444122314453125
        xnorm=1.1864041478888077,dnorm=0.00018025128409102746
        dense amplitude time= 0.000995635986328125
        total non-zero amplitudes= 36
        nsamples per process= 12
self.n= 0.5463816687238837
        RGN updated loss=-4.362459532333398,dloss=-4.02149078482239e-08
[ 0.0087381372 -0.1851032531 -0.0000698802  0.1148715603 -0.0598293682
  0.1135385746 -0.2715549794]
[ 0.1895305488  0.0150788499  0.1090891113 -0.0484234826 -0.1463509876
  0.0279922777  0.0425478661 -0.0551215791 -0.0150633745  0.1173700864
  0.0515530466 -0.2832236859  0.141193259   0.0384196604 -0.1034033916
 -0.1899769087]
[ 0.0449077386  0.0012696389  0.2071573297  0.0495998293 -0.2919784805
 -0.0180407394 -0.0262356057  0.2962435704  0.0226079077 -0.03710252
  0.0177058546  0.033612524   0.0393487376 -0.0470783516 -0.0088205139
  0.0142612173  0.0488111961  0.3241476052  0.0110545352 -0.274273656
  0.0200824265  0.0598029181 -0.1058697427 -0.0123716449 -0.5587853329
 -0.5323984393  0.0157707484  0.0673463962]
