run = 0
step= 49

nparam= 51
        dense amplitude time= 0.0008895397186279297
        total non-zero amplitudes= 36
        nsamples per process= 12
self.n= 0.6546547681869963
        collect g,h time= 0.15781521797180176
E=-4.5667419401303775,dE=-8.08242361927114e-14,std=0
L=-4.5667419401303775,dL=-8.08242361927114e-14,std=0
        gnorm= 0.00021690673133275274
        collect S matrix time= 4.649162292480469e-05
        nonzero=31,wmax=2.0574454400564224,wmin=0.002368672699244972
        SR solver time= 0.0003390312194824219
        collect H matrix time= 3.266334533691406e-05
        nonzero=31,smax=3.1246553310522103,smin=0.004931668160144422
        RGN solver time= 0.0004558563232421875
        xnorm=1.0960512148034958,dnorm=8.553025147740057e-07
        dense amplitude time= 0.0009627342224121094
        total non-zero amplitudes= 36
        nsamples per process= 12
self.n= 0.6546547760939233
        RGN updated loss=-4.5667419401303935,dloss=-1.5987211554602254e-14
[ 0.2137434502 -0.4022100482 -0.0128010659  0.2594584004 -0.0852317755
 -0.0798530975 -0.2663621707]
[ 0.0490546394  0.0198346518  0.1751339522  0.064051592  -0.0005580554
 -0.095461909   0.0677692944 -0.0672148816  0.0442741073 -0.1312082958
  0.0109191599 -0.1754296527 -0.0689658263 -0.0020198899  0.007786474
 -0.3401913686]
[ 0.0194644155 -0.0030118086 -0.2000065098 -0.086026276   0.1001985582
  0.0053574437  0.0266045614 -0.127329583  -0.0142130316 -0.0595880787
  0.0639817369  0.0319268532  0.1277162093  0.0173232987 -0.0568560577
  0.0357365415 -0.1071509673 -0.2695962436  0.0423203506 -0.0935264901
 -0.0896765083  0.0482714788 -0.1289179995  0.0321123458  0.4757324413
  0.4002659207 -0.0312972752 -0.0192764031]

run = 1
step= 49

nparam= 51
        dense amplitude time= 0.0009183883666992188
        total non-zero amplitudes= 36
        nsamples per process= 12
self.n= 0.653889422925754
        collect g,h time= 0.16251444816589355
E=-4.566768618499276,dE=-6.332712132461893e-13,std=0
L=-4.566768618499276,dL=-6.332712132461893e-13,std=0
        gnorm= 0.00014378243574941259
        collect S matrix time= 5.0067901611328125e-05
        nonzero=30,wmax=2.0974887315786344,wmin=0.002592565276683473
        SR solver time= 0.00033855438232421875
        collect H matrix time= 3.743171691894531e-05
        nonzero=30,smax=3.085777345191605,smin=0.005587831380127617
        RGN solver time= 0.0005230903625488281
        xnorm=1.0864629681031575,dnorm=1.24180023894098e-06
        dense amplitude time= 0.001077890396118164
        total non-zero amplitudes= 36
        nsamples per process= 12
self.n= 0.6538894208108638
        RGN updated loss=-4.566768618499715,dloss=-4.3876013933186186e-13
[ 0.1776096242 -0.3851459206  0.0050251435  0.3553930302 -0.1431883379
  0.0015329569 -0.2288054219]
[ 0.1009917539 -0.033344168   0.2228383446 -0.0760191539  0.0712039773
  0.1204919653 -0.0630261371  0.0678839242 -0.0467044986 -0.1872807269
 -0.035582381  -0.2414915009 -0.0671752005  0.0050038735 -0.0463366739
 -0.2861959788]
[ 0.0344003624  0.0060435086 -0.1119714208 -0.0247805806  0.1472824046
  0.0112280866 -0.0279528839 -0.0489631067 -0.0057381138  0.0687749349
  0.0206127389  0.077558275   0.1597911356  0.0077733525 -0.0143094467
 -0.0340965327  0.0043856445 -0.1715053508  0.073164784  -0.0678714545
  0.0243536864 -0.0312316366  0.0605878415 -0.0301893381  0.462517929
  0.4228407632  0.0320168895  0.0645433695]
