R = 1.19
step= 49

nparam= 49
        dense amplitude time= 0.000873565673828125
        total non-zero amplitudes= 36
        nsamples per process= 12
self.n= 0.5067680751465168
        collect g,h time= 0.15511417388916016
E=-4.362460909237488,dE=-3.375077994860476e-14,std=0
L=-4.362460909237488,dL=-3.375077994860476e-14,std=0
        gnorm= 1.3956277365424736e-06
        collect S matrix time= 0.00013327598571777344
        nonzero=30,wmax=2.3357111217289632,wmin=0.002728397017591785
        SR solver time= 0.00029730796813964844
        collect H matrix time= 3.62396240234375e-05
        nonzero=30,smax=3.4936511138600936,smin=0.005354676691715633
        RGN solver time= 0.00040459632873535156
        xnorm=1.4109830437374808,dnorm=1.6400142100586002e-07
        dense amplitude time= 0.0009865760803222656
        total non-zero amplitudes= 36
        nsamples per process= 12
self.n= 0.5067680733224623
        RGN updated loss=-4.36246090923752,dloss=-3.197442310920451e-14
[ 0.1880703184 -0.2467088335 -0.0027796957  0.3611816966 -0.0828619047
 -0.0488396575]
[-0.1989040366 -0.0199579545 -0.4178670339 -0.0095644032 -0.2091768571
 -0.307725074  -0.00858846   -0.0754633425 -0.0018454432  0.1769692695
 -0.0071962157  0.0456197731 -0.1775174431  0.0276641112 -0.0055751265
  0.2162803227]
[ 0.0786793915  0.0527981503 -0.4698649878  0.0507251788  0.0521652406
 -0.1058820484 -0.038508394  -0.581058511  -0.0866529252 -0.076220751
 -0.0197905025 -0.2403068819  0.0028880542  0.1224647207 -0.0375632365
  0.0632004807 -0.1328329953  0.0197311334  0.2457741082  0.0577681512
 -0.0646184747 -0.1028315276  0.0367372208  0.5323045867  0.4740809858
 -0.0074579151  0.0152627511]

R = 1.19
step= 49

nparam= 49
        dense amplitude time= 0.0008730888366699219
        total non-zero amplitudes= 36
        nsamples per process= 12
self.n= 0.49662959025782744
        collect g,h time= 0.15662860870361328
E=-4.339400203259666,dE=-1.1457501614131615e-13,std=0
L=-4.339400203259666,dL=-1.1457501614131615e-13,std=0
        gnorm= 3.4027179057765805e-05
        collect S matrix time= 0.00012564659118652344
        nonzero=30,wmax=2.451263499682326,wmin=0.0028591764186007567
        SR solver time= 0.00032067298889160156
        collect H matrix time= 3.62396240234375e-05
        nonzero=30,smax=3.582445096053574,smin=0.005499036681029262
        RGN solver time= 0.00039196014404296875
        xnorm=1.4221286238914268,dnorm=3.160989748198956e-07
        dense amplitude time= 0.0009653568267822266
        total non-zero amplitudes= 36
        nsamples per process= 12
self.n= 0.49662958192210205
        RGN updated loss=-4.339400203259763,dloss=-9.681144774731365e-14
[ 0.1946996344 -0.2365634211 -0.0022438112  0.327308064  -0.1260318858
 -0.0636134312]
[-0.2048828854 -0.0165329114 -0.4266944695 -0.010386596  -0.2011018562
 -0.2846131867 -0.0082939341 -0.0685993053 -0.0008667614  0.1717317487
 -0.0062558752  0.040790784  -0.2033072935  0.028480157  -0.0107693638
  0.2123986695]
[ 0.0780484627  0.0554340662 -0.4773772679  0.0497417717  0.0531601659
 -0.1109946835 -0.0370036169 -0.5869392709 -0.0880590129 -0.0696086341
 -0.0198762214 -0.2498504192  0.0016128459  0.1324699243 -0.0383648438
  0.0635563028 -0.1392139914  0.0219856415  0.2509556231  0.0463111095
 -0.0648697131 -0.1016050676  0.0375923367  0.5424582471  0.4876313081
 -0.0078957808  0.0152768854]

R = 1.21
step= 49

nparam= 49
        dense amplitude time= 0.0010118484497070312
        total non-zero amplitudes= 36
        nsamples per process= 12
self.n= 0.4898450538981727
        collect g,h time= 0.153289794921875
E=-4.318186082491935,dE=-3.2596148002994596e-13,std=0
L=-4.318186082491935,dL=-3.2596148002994596e-13,std=0
        gnorm= 7.249929540145147e-05
        collect S matrix time= 4.267692565917969e-05
        nonzero=30,wmax=2.5857767448878026,wmin=0.002981180898988912
        SR solver time= 0.00029850006103515625
        collect H matrix time= 3.4809112548828125e-05
        nonzero=30,smax=3.708287941294126,smin=0.005652863956706004
        RGN solver time= 0.0004029273986816406
        xnorm=1.4349403295858767,dnorm=5.727144070865415e-07
        dense amplitude time= 0.0009191036224365234
        total non-zero amplitudes= 36
        nsamples per process= 12
self.n= 0.48984503896164977
        RGN updated loss=-4.318186082492216,dloss=-2.8066438062523957e-13
[ 0.2007868923 -0.2292682667 -0.0018605724  0.2868377876 -0.1679651981
 -0.0783212831]
[-0.2102690948 -0.0133540707 -0.4337339397 -0.0114037408 -0.1923323191
 -0.2599070558 -0.007686098  -0.0624693561  0.0000665234  0.1663955898
 -0.0049859278  0.036478663  -0.2301623594  0.0289901558 -0.0150862364
  0.2092626805]
[ 0.0775699486  0.0578928981 -0.4837973722  0.0485902136  0.0546822913
 -0.116274999  -0.0355884855 -0.5919412614 -0.0894475462 -0.063243236
 -0.020187903  -0.2591085458  0.000172505   0.1421071131 -0.0390734489
  0.0638367748 -0.146308669   0.0244249967  0.2564491585  0.0350606873
 -0.0651961732 -0.1001570133  0.0384903222  0.5529717996  0.5013719168
 -0.0085026615  0.0152481462]

R = 1.23
step= 49

nparam= 49
        dense amplitude time= 0.0009813308715820312
        total non-zero amplitudes= 36
        nsamples per process= 12
self.n= 0.48686894454392393
        collect g,h time= 0.1558694839477539
E=-4.298808061126653,dE=-6.732392421326949e-13,std=0
L=-4.298808061126653,dL=-6.732392421326949e-13,std=0
        gnorm= 0.00011292558800626753
        collect S matrix time= 0.00020384788513183594
        nonzero=30,wmax=2.7345713258952777,wmin=0.0030773154716380647
        SR solver time= 0.00034117698669433594
        collect H matrix time= 3.3855438232421875e-05
        nonzero=30,smax=3.871208648098645,smin=0.005786864646976091
        RGN solver time= 0.0003941059112548828
        xnorm=1.449420296376407,dnorm=8.7234545370149e-07
        dense amplitude time= 0.0010170936584472656
        total non-zero amplitudes= 36
        nsamples per process= 12
self.n= 0.48686892365289386
        RGN updated loss=-4.2988080611272395,dloss=-5.861977570020827e-13
[ 0.2078920839 -0.2249714824 -0.0015144805  0.2421523521 -0.2060075742
 -0.0917895908]
[-0.2155471454 -0.0106583768 -0.439085392  -0.0125323353 -0.1831046084
 -0.2342031142 -0.0068703595 -0.0571076767  0.0008220038  0.1611137291
 -0.0034102398  0.0329078007 -0.2572609427  0.0291486961 -0.0185219142
  0.2069797412]
[ 0.0773019702  0.0599914867 -0.4886865226  0.0473277925  0.0564621576
 -0.1213486377 -0.0343264242 -0.5956227619 -0.0908223271 -0.0574399781
 -0.0207393809 -0.2680580367 -0.0014387194  0.1508920111 -0.0396728365
  0.0640164443 -0.153802667   0.0269768308  0.2623439993  0.0243838819
 -0.0655929203 -0.0984905512  0.0394355712  0.5634823222  0.5148280299
 -0.0092867721  0.0151833356]

R = 1.25
step= 49

nparam= 49
        dense amplitude time= 0.0009918212890625
        total non-zero amplitudes= 36
        nsamples per process= 12
self.n= 0.4876511740829161
        collect g,h time= 0.16365718841552734
E=-4.2811638768321725,dE=-8.331113576787175e-13,std=0
L=-4.2811638768321725,dL=-8.331113576787175e-13,std=0
        gnorm= 0.00015225126690171682
        collect S matrix time= 0.00010776519775390625
        nonzero=30,wmax=2.8842660579723467,wmin=0.003136424286102934
        SR solver time= 0.000293731689453125
        collect H matrix time= 3.4332275390625e-05
        nonzero=30,smax=4.049755018451229,smin=0.005882050441165979
        RGN solver time= 0.00045609474182128906
        xnorm=1.465270763831988,dnorm=1.017151296715243e-06
        dense amplitude time= 0.0009515285491943359
        total non-zero amplitudes= 36
        nsamples per process= 12
self.n= 0.48765115287643646
        RGN updated loss=-4.281163876832899,dloss=-7.265299473147024e-13
[ 0.2166516253 -0.2232144055 -0.0010441378  0.1964928396 -0.2377780185
 -0.1034236436]
[-0.2210139077 -0.0086285016 -0.4432364634 -0.0136833543 -0.1737637272
 -0.2082593208 -0.005993415  -0.0524223887  0.0013276002  0.1560342682
 -0.0015365746  0.0301970523 -0.2838543944  0.028951389  -0.021108526
  0.2053527469]
[ 0.0772652447  0.0616496466 -0.4919967613  0.046004907   0.0582885056
 -0.1259493617 -0.0332913498 -0.5979089604 -0.092218823  -0.0523351425
 -0.0215170397 -0.2766253898 -0.0032022927  0.1585688768 -0.0401197995
  0.0640911665 -0.1613574975  0.0295402463  0.2685435383  0.0145039687
 -0.0660309376 -0.0966413753  0.0404206255  0.5736280118  0.527581571
 -0.0102403323  0.0150875646]

R = 1.27
step= 49

nparam= 49
        dense amplitude time= 0.006498813629150391
        total non-zero amplitudes= 36
        nsamples per process= 12
self.n= 0.4916882324488438
        collect g,h time= 0.15422701835632324
E=-4.265079398789936,dE=-6.146194664324867e-13,std=0
L=-4.265079398789936,dL=-6.146194664324867e-13,std=0
        gnorm= 0.00018771218029864698
        collect S matrix time= 4.887580871582031e-05
        nonzero=30,wmax=3.019568698096234,wmin=0.0031542397855373497
        SR solver time= 0.0003037452697753906
        collect H matrix time= 3.0279159545898438e-05
        nonzero=30,smax=4.214366840418939,smin=0.005927290484201907
        RGN solver time= 0.0003657341003417969
        xnorm=1.4820429207935448,dnorm=9.031223999614228e-07
        dense amplitude time= 0.0009074211120605469
        total non-zero amplitudes= 36
        nsamples per process= 12
self.n= 0.4916882171122857
        RGN updated loss=-4.265079398790467,dloss=-5.311306949806749e-13
[ 0.2269273181 -0.2230792337 -0.0002569067  0.1529031144 -0.2621750556
 -0.1132922335]
[-0.2268462818 -0.0073516152 -0.4469062758 -0.0147595628 -0.1647326673
 -0.182866651  -0.0052131389 -0.0482267597  0.0015774197  0.1512984518
  0.0006437128  0.0283730544 -0.309387899   0.0284162698 -0.0229413397
  0.2040151438]
[ 0.0774474173  0.0629155358 -0.494040192   0.0446511714  0.0600496973
 -0.1299250316 -0.0325395075 -0.5990746837 -0.0936868952 -0.0478846751
 -0.0224658028 -0.2847094993 -0.0050947077  0.1650888826 -0.0403508649
  0.0640834586 -0.1686586791  0.0319926225  0.2748104845  0.0055067185
 -0.0664785385 -0.0946722187  0.0414316571  0.583108522   0.5393325877
 -0.0113414229  0.0149644834]

