run = 0
step= 99

nparam= 49
        dense amplitude time= 0.0008933544158935547
        total non-zero amplitudes= 36
        nsamples per process= 12
self.n= 0.5065241917613231
        collect g,h time= 0.15367913246154785
E=-4.3624609047570875,dE=-3.73874975423405e-09,std=0
L=-4.3624609047570875,dL=-3.73874975423405e-09,std=0
        gnorm= 7.951712044664066e-06
        collect S matrix time= 4.363059997558594e-05
        SR solver time= 8.487701416015625e-05
        collect H matrix time= 3.170967102050781e-05
        RGN solver time= 5.14984130859375e-05
        xnorm=1.4111399995148566,dnorm=0.0013112484030064606
        dense amplitude time= 0.0008838176727294922
        total non-zero amplitudes= 36
        nsamples per process= 12
self.n= 0.5067697462314386
        RGN updated loss=-4.362460908390946,dloss=-3.633858547402724e-09
[ 0.188067982  -0.2467080301 -0.0027692338  0.3611814469 -0.0828604583
 -0.0488423776]
[-0.1989018758 -0.0199939041 -0.4178658596 -0.009615035  -0.2091798105
 -0.3077258754 -0.0085848254 -0.0754681637 -0.0018420516  0.1769673408
 -0.0071631159  0.0456184702 -0.1775203703  0.0276343503 -0.0055802743
  0.2162824394]
[ 0.0786536349  0.0528318715 -0.4698616037  0.0506987365  0.0521617555
 -0.1058777819 -0.0384895087 -0.5810538792 -0.0867063566 -0.0762214888
 -0.0197684928 -0.240305718   0.002859624   0.1224628403 -0.0375542825
  0.0632141348 -0.1328303576  0.0197310652  0.2457727845  0.0577687409
 -0.0646203645 -0.102831202   0.0366935995  0.5323058706  0.474081565
 -0.0074349789  0.0152266699]
step= 199

nparam= 49
        dense amplitude time= 0.0017833709716796875
        total non-zero amplitudes= 36
        nsamples per process= 12
self.n= 0.516449645593837
        collect g,h time= 0.1544027328491211
E=-4.362461031199957,dE=-2.8537705532016844e-10,std=0
L=-4.362461031199957,dL=-2.8537705532016844e-10,std=0
        gnorm= 1.602005385490776e-06
        collect S matrix time= 0.00010466575622558594
        SR solver time= 0.00015926361083984375
        collect H matrix time= 3.6716461181640625e-05
        RGN solver time= 5.626678466796875e-05
        xnorm=1.4042078225847077,dnorm=0.0003676796509646419
        dense amplitude time= 0.0009756088256835938
        total non-zero amplitudes= 36
        nsamples per process= 12
self.n= 0.51647986465922
        RGN updated loss=-4.362461031479117,dloss=-2.7915980638226756e-10
[ 0.1948927412 -0.255269505  -0.0006555136  0.3507982491 -0.0813925542
 -0.0418075986]
[-0.2016621806 -0.0082353691 -0.4155215252 -0.0082650756 -0.2060841078
 -0.3097982224 -0.0072918746 -0.082259913  -0.0028281079  0.1748646938
 -0.006106427   0.039463492  -0.1793474205  0.0129123512 -0.004630634
  0.2187159293]
[ 0.0677026334  0.0477801264 -0.4671078679  0.0462428512  0.0516733333
 -0.1060716223 -0.0323083305 -0.5787103325 -0.0622128369 -0.0787462419
 -0.0276690729 -0.2387396231  0.0289272643  0.1212984877 -0.0448231181
  0.0621095589 -0.1328132562  0.0208879654  0.2460690298  0.0595670532
 -0.0677134774 -0.0679821067  0.0268534063  0.5319905584  0.4733405793
 -0.0076195103 -0.0227755108]
