step= 49

nparam= 56
        dense amplitude time= 0.0007650852203369141
        total non-zero amplitudes= 36
        nsamples per process= 36
self.n= 1.4783117322590906
        collect g,h time= 0.26275014877319336
E=-4.296921952885313,dE=-0.00026828156557190397,std=0
L=-4.296921952885313,dL=-0.00026828156557190397,std=0
        gnorm= 0.029732922443422478
        collect S matrix time= 0.00021147727966308594
        SR solver time= 8.58306884765625e-05
        xnorm=1.085668312005404,dnorm=0.020229438309751456
[ 0.1632466203  0.0265343104 -0.0107490965 -0.0271335013  0.0574807779
 -0.0201852052  0.122634263  -0.0453102973  0.0170794048  0.0360790802
 -0.0282093217 -0.1389866193  0.0167557493 -0.1570098372 -0.0039574601
 -0.1663205891  0.0218754717 -0.0107723487  0.1106202772  0.011892338
 -0.049460076   0.0121069057 -0.1605032707 -0.0364800206 -0.0275594456
  0.0449503114 -0.0562646562  0.1590253523]
step= 99

nparam= 56
        dense amplitude time= 0.0007278919219970703
        total non-zero amplitudes= 36
        nsamples per process= 36
self.n= 1.416476706926519
        collect g,h time= 0.2624197006225586
E=-4.302823244834829,dE=-1.5120253135769701e-05,std=0
L=-4.302823244834829,dL=-1.5120253135769701e-05,std=0
        gnorm= 0.00494939896643259
        collect S matrix time= 0.00020623207092285156
        xnorm=1.2966168302113648,dnorm=0.0
        nonzero=27,wmax=1.7719000790610626,wmin=0.0017763637213862881
        SR solver time= 0.0003523826599121094
        collect H matrix time= 3.24249267578125e-05
        nonzero=28,smax=4.0991135971908434,smin=0.004583663633006887
        RGN solver time= 0.00045990943908691406
        xnorm=1.2966168302113648,dnorm=0.004081656139045317
        dense amplitude time= 0.0006825923919677734
        total non-zero amplitudes= 36
        nsamples per process= 36
self.n= 1.4158974492220628
        RGN updated loss=-4.3028395234680525,dloss=-1.6278633223620886e-05
[ 0.2295697465  0.0348180651  0.0407284122  0.0274713159  0.0271176293
 -0.0153562245  0.1377646067 -0.009954845   0.0543806221 -0.0219953145
 -0.0296734551 -0.1879019643  0.0240546271 -0.2225823738 -0.0116256258
 -0.1848437567 -0.0400468042  0.0425276179  0.1597187559  0.0160895374
 -0.009483861   0.0161918325 -0.1985946996 -0.0475880443 -0.0443352018
  0.0064054415 -0.119984168   0.2005294165]

run = 1
step= 49

nparam= 56
        dense amplitude time= 0.0007009506225585938
        total non-zero amplitudes= 36
        nsamples per process= 36
self.n= 0.9556680450455954
        collect g,h time= 0.2636103630065918
E=-4.302318734799673,dE=-0.0005461005228788451,std=0
L=-4.302318734799673,dL=-0.0005461005228788451,std=0
        gnorm= 0.047217451476477774
        collect S matrix time= 0.0002052783966064453
        nonzero=25,wmax=1.999160056366982,wmin=0.0036008091531504406
        SR solver time= 0.00032711029052734375
        xnorm=0.7678452015453509,dnorm=0.00713479445130351
[-0.0011393138  0.0183607472  0.1313648839  0.0121657994 -0.1239982368
 -0.0142971153 -0.008880384   0.1761810093  0.0584730509 -0.1470064769
 -0.0161485688  0.0473471955 -0.0202037216  0.0075634304 -0.0290850865
  0.0031363716  0.0229101592  0.1351384824  0.033021569  -0.0139377713
  0.1780231723 -0.0073016248  0.0009532537 -0.0292010626 -0.1802474712
 -0.1725269995  0.0290709788 -0.0006399505]
step= 99

nparam= 56
        dense amplitude time= 0.0007352828979492188
        total non-zero amplitudes= 36
        nsamples per process= 36
self.n= 0.4527183828430503
        collect g,h time= 0.2613039016723633
E=-4.339238197661545,dE=-1.4008158657929926e-05,std=0
L=-4.339238197661545,dL=-1.4008158657929926e-05,std=0
        gnorm= 0.008250109994232773
        collect S matrix time= 0.00023746490478515625
        xnorm=1.4275730215710578,dnorm=0.0
        nonzero=27,wmax=2.9421989982963885,wmin=0.007268063818502052
        SR solver time= 0.00030922889709472656
        collect H matrix time= 3.886222839355469e-05
        nonzero=28,smax=6.323696796803837,smin=0.009604261235393968
        RGN solver time= 0.0004494190216064453
        xnorm=1.4275730215710578,dnorm=0.0019027381261212796
        dense amplitude time= 0.0006687641143798828
        total non-zero amplitudes= 36
        nsamples per process= 36
self.n= 0.45246741916605104
        RGN updated loss=-4.3392510379317075,dloss=-1.2840270162683964e-05
[-0.0089725966  0.2437692338  0.3420584528  0.1321274758 -0.2787627407
 -0.015113815  -0.0113576673  0.3839700526  0.2665916623 -0.2614422372
  0.0990682272  0.0306407111 -0.0092588388  0.0266122716 -0.0341332522
 -0.0049482596 -0.100612763   0.2882973876  0.0272147381 -0.0150470893
  0.2917373671 -0.1175325562 -0.0255264193 -0.1132819381 -0.4410255361
 -0.4333721724 -0.0738388854  0.0015627854]
step= 149

nparam= 56
        dense amplitude time= 0.0007030963897705078
        total non-zero amplitudes= 36
        nsamples per process= 36
self.n= 0.45363546248100584
        collect g,h time= 0.26317644119262695
E=-4.339393922654201,dE=-2.4609643745066023e-07,std=0
L=-4.339393922654201,dL=-2.4609643745066023e-07,std=0
        gnorm= 0.0011171126454576112
        collect S matrix time= 0.0002338886260986328
        xnorm=1.442235171548955,dnorm=0.0
        nonzero=27,wmax=2.933150639578639,wmin=0.0065659678021608575
        SR solver time= 0.00031566619873046875
        collect H matrix time= 3.361701965332031e-05
        nonzero=28,smax=6.29648876941943,smin=0.009930900899389005
        RGN solver time= 0.0004267692565917969
        xnorm=1.442235171548955,dnorm=0.0010227675599588193
        dense amplitude time= 0.0006611347198486328
        total non-zero amplitudes= 36
        nsamples per process= 36
self.n= 0.45377230863247203
        RGN updated loss=-4.3393941519456005,dloss=-2.2929139920080388e-07
[-0.0074407901  0.2451553308  0.3482563872  0.1369848775 -0.2865753928
 -0.0137213916 -0.0135907183  0.3900019639  0.2585486857 -0.2702696801
  0.1030094044  0.0298827589 -0.0086499036  0.0290384885 -0.0325809979
 -0.007042624  -0.1054797518  0.2962170205  0.0267928339 -0.0150639141
  0.3006117035 -0.1215993883 -0.0258360422 -0.097987988  -0.4523782039
 -0.4443639668 -0.0569166828  0.0018898448]
