run = 1
energy=-4.592551791849138,dE=-1.7763568394002505e-15,std=0
loss  =-4.592551791849138,dloss=-1.7763568394002505e-15,std=0
        gnorm= 1.6605062089755226e-10
        collect S matrix time= 2.8848648071289062e-05
        collect H matrix time= 1.5974044799804688e-05
        SR solver time= 6.103515625e-05
        xnorm=3.744490913840243,dnorm=9.644030801368268e-11
[ 0.853366045   0.7709689442  0.1378337935  0.1092751766 -0.0307191507
 -0.0390182893]
[ 1.3397289911 -0.1899698402  0.6590513487  0.5134218436]
[ 1.6195861045  1.3613279215  1.0816835511  0.3640431331  0.3264232804
 -0.1721266364  0.5388681112  0.720575706  -0.0348181696  1.5470060868
 -0.2575136041  0.9751339936]

run = 2
energy=-4.592860420331203,dE=7.105427357601002e-15,std=0
loss  =-4.592860420331203,dloss=7.105427357601002e-15,std=0
        gnorm= 6.003515740079527e-08
        collect S matrix time= 2.8371810913085938e-05
        collect H matrix time= 1.5735626220703125e-05
        SR solver time= 5.817413330078125e-05
        xnorm=3.8781478184984355,dnorm=4.027109051306475e-08
[0.2647116712 0.2994826217 0.8588057237 0.7565305155 0.6857350219
 0.6137475821]
[ 1.2084930505 -0.3130534338  0.7346442117 -0.734644068 ]
[ 1.179006992   1.9712596518  0.4083254271  0.2442341684 -0.4085320056
  1.3433981833  0.066079581   0.5341244954  0.9112515756  0.5448227318
  1.003580349   0.4331776448]

run = 3
energy=-4.592551791849131,dE=9.769962616701378e-15,std=0
loss  =-4.592551791849131,dloss=9.769962616701378e-15,std=0
        gnorm= 1.3291461760354759e-11
        collect S matrix time= 2.8371810913085938e-05
        collect H matrix time= 1.5735626220703125e-05
        SR solver time= 5.7220458984375e-05
        xnorm=3.491711575973849,dnorm=7.495883423926585e-12
[0.9575234142 0.7958824574 0.5116923162 0.4862402452 0.0814002959
 0.0740039199]
[ 1.2374582777 -0.2883158343  0.7135191661  0.5558539959]
[-0.6249921424 -0.3401707641 -0.5049358837  0.9613075489  1.1832480557
  0.1691668092  0.0274691728  0.0426474094  1.1913564299  0.084046651
  1.2092707174 -1.3013439725]

run = 4
energy=-4.592551791849133,dE=-1.7763568394002505e-15,std=0
loss  =-4.592551791849133,dloss=-1.7763568394002505e-15,std=0
        gnorm= 4.340843097748907e-10
        collect S matrix time= 2.8371810913085938e-05
        collect H matrix time= 1.5735626220703125e-05
        SR solver time= 5.984306335449219e-05
        xnorm=3.3058757901070517,dnorm=2.4083301367051533e-10
[1.0196174953 0.8083130908 0.3376040947 0.3137020392 0.1373424557
 0.1303965145]
[ 1.3533647536 -0.1779803554  0.6524111078  0.5082488859]
[ 0.1349044017 -0.7113106567 -1.0034733745  0.6240466106  0.8271986308
  0.2440681422  0.1137011138 -0.1411308213  1.0695421818 -0.1447591847
  1.2255980146 -1.0373759668]

run = 5
energy=-4.592591657941503,dE=-1.1546319456101628e-14,std=0
loss  =-4.592591657941503,dloss=-1.1546319456101628e-14,std=0
        gnorm= 3.9569143728562656e-13
        collect S matrix time= 2.9087066650390625e-05
        collect H matrix time= 1.5497207641601562e-05
        SR solver time= 5.984306335449219e-05
        xnorm=4.16384530758461,dnorm=2.7749183682673467e-13
[ 1.7298165772  0.8869557862  0.9041971313  0.8901321733 -0.4166478477
 -0.4206094662]
[1.0137306294 0.9785831161 0.8710444068 0.6784760292]
[ 0.767272056   0.92641574    1.2147668463 -0.2309652113 -0.4091951156
  0.2178417625  1.3316527795  0.8661172827  1.5722757572  0.1657670389
  0.1141441733  0.408711332 ]

run = 6
energy=-4.592591657941503,dE=1.7763568394002505e-15,std=0
loss  =-4.592591657941503,dloss=1.7763568394002505e-15,std=0
        gnorm= 1.3110522707462306e-08
        collect S matrix time= 2.8133392333984375e-05
        collect H matrix time= 1.5497207641601562e-05
        SR solver time= 6.008148193359375e-05
        xnorm=4.3172818809086255,dnorm=7.982979855471483e-09
[0.8499009809 0.7699193678 0.5926208148 0.5639941887 1.8130967388
 1.8050335957]
[0.9468397491 0.977070089  0.9325805894 0.726407937 ]
[ 0.8205030687  0.6717397119  1.4340671818 -0.0612846546 -0.42096406
  0.5541104331 -0.738245524  -0.2714711195 -0.4189073097  0.8485378437
  1.2576568209  0.3091880531]

run = 7
energy=-4.5925517918491465,dE=-2.220446049250313e-14,std=0
loss  =-4.5925517918491465,dloss=-2.220446049250313e-14,std=0
        gnorm= 7.510864936292817e-11
        collect S matrix time= 2.8133392333984375e-05
        collect H matrix time= 1.4781951904296875e-05
        SR solver time= 6.031990051269531e-05
        xnorm=4.629583110301831,dnorm=4.3010366322084957e-11
[1.1168676596 0.8250040418 0.5554992516 0.5336784443 1.6188876505
 1.6125465204]
[ 1.1905971363 -0.3390231211 -0.5777320534 -0.7416028238]
[ 1.5546997799  0.6657352866  1.7256775341  0.3697693789  0.4133375006
  0.5382386301 -0.026568363   0.1158023225  1.2558104871  0.073905643
  1.2408800988 -1.304743042 ]

run = 8
energy=-4.5929625741220255,dE=-7.638334409421077e-14,std=0
loss  =-4.5929625741220255,dloss=-7.638334409421077e-14,std=0
        gnorm= 2.3556039486046316e-07
        collect S matrix time= 2.8848648071289062e-05
        collect H matrix time= 1.5974044799804688e-05
        SR solver time= 5.793571472167969e-05
        xnorm=3.3149754075629856,dnorm=3.519117408537456e-07
[ 1.7685893513 -0.0050706619  0.7123661028  0.6986934766 -0.3860130291
 -0.3953840632]
[ 0.1439539295  0.8622122706  0.6409584706 -0.6409621704]
[-0.0695179209  0.8459730316  0.7573494925  0.7453275225  0.726900125
 -0.057522249  -0.0934309995  0.8964968948  0.7988380467  0.822783083
  0.6721133039 -0.117425615 ]

run = 9
energy=-4.592803806207409,dE=-4.263256414560601e-14,std=0
loss  =-4.592803806207409,dloss=-4.263256414560601e-14,std=0
        gnorm= 4.769567254404759e-09
        collect S matrix time= 3.075599670410156e-05
        collect H matrix time= 1.5735626220703125e-05
        SR solver time= 5.8650970458984375e-05
        xnorm=3.0995935330802524,dnorm=3.757666537787213e-06
[ 1.3076016164 -0.3584703235  0.6572965306  0.6386103312  0.3273887012
  0.3141409153]
[ 0.1276945384  0.8456190883  0.7227474352 -0.722692243 ]
[-0.1138102763  0.7096566841  0.9327155736  0.5733694604  0.8329573518
  0.2448811975  0.1689674004  0.6011006444  0.766903168   0.7128599938
  0.9708081054  0.2229140564]

run = 10
energy=-4.592700544530659,dE=-3.197442310920451e-14,std=0
loss  =-4.592700544530659,dloss=-3.197442310920451e-14,std=0
        gnorm= 8.895605989814407e-08
        collect S matrix time= 2.8133392333984375e-05
        collect H matrix time= 1.5735626220703125e-05
        SR solver time= 5.91278076171875e-05
        xnorm=4.036426900847941,dnorm=6.708270099519599e-08
[-0.8144066612 -0.6761607302 -0.1397735103 -0.11191799    2.0795028876
  0.1730984074]
[ 0.9576660807  1.0164112442 -0.9163298447 -0.723903994 ]
[ 1.2381202489  0.8608960431  1.4731257222  0.1302513222 -0.0366834003
  0.362494415   0.449336068  -0.6083619979  0.4763582166 -1.1396309189
  0.8568302562  0.215132235 ]

run = 11
energy=-4.592962574118051,dE=-6.581402089977928e-13,std=0
loss  =-4.592962574118051,dloss=-6.581402089977928e-13,std=0
        gnorm= 6.939888716662165e-08
        collect S matrix time= 3.0279159545898438e-05
        collect H matrix time= 1.4781951904296875e-05
        SR solver time= 6.079673767089844e-05
        xnorm=3.728396279837836,dnorm=1.5704888755874855e-05
[-0.5867455874 -1.3247475786  0.7427496242  0.7839621387 -0.1764965845
 -0.1482500814]
[-0.1068128849  1.1856993667 -0.8639824595  0.8636884452]
[-0.0214213047 -0.6209197398 -0.9241874104 -0.5602037201 -0.9212019246
  0.3417953857  0.3189574539  0.1752045037 -0.9378579428  0.1601736844
 -1.4539815787  1.4147368064]

run = 12
energy=-4.592741064752491,dE=-1.5504930672705086e-11,std=0
loss  =-4.592741064752491,dloss=-1.5504930672705086e-11,std=0
        gnorm= 3.3746734593663007e-06
        collect S matrix time= 2.9087066650390625e-05
        collect H matrix time= 1.5974044799804688e-05
        SR solver time= 5.91278076171875e-05
        xnorm=4.007094821828828,dnorm=2.176405401633799e-06
[ 1.2252815445 -0.4500601676  0.7733747993 -0.5286053155  1.5643377898
  0.2675805584]
[ 0.6412930762  1.0244857608 -1.3683816381 -1.0810376495]
[-0.2414624004 -0.9362204763  0.8229829989 -0.664352495   0.6308513988
  0.0831506414  1.0141692427  0.1805083219 -0.1084692716  1.370549846
 -0.9910799627  0.2506437858]

run = 13
energy=-4.592833216293628,dE=-3.632649736573512e-13,std=0
loss  =-4.592833216293628,dloss=-3.632649736573512e-13,std=0
        gnorm= 5.114367695518288e-07
        collect S matrix time= 2.8371810913085938e-05
        collect H matrix time= 1.4781951904296875e-05
        SR solver time= 5.793571472167969e-05
        xnorm=3.830975254720375,dnorm=2.719405652505965e-07
[-0.6939898593 -0.9824649311 -0.2687428067 -0.2321374886 -1.1442590133
  1.161794068 ]
[-1.1546594121 -0.3695903743 -0.5961938591  0.5961938176]
[ 0.8676210992 -1.1351877566  1.1669872279  0.275587233  -0.2436798974
 -0.0250890877  0.9290845753 -1.7078057228  0.4184204985  0.3012450555
  0.1387046512  0.8120847012]

run = 14
energy=-4.593022117067206,dE=-5.055955654142963e-11,std=0
loss  =-4.593022117067206,dloss=-5.055955654142963e-11,std=0
        gnorm= 4.759653523399385e-06
        collect S matrix time= 2.8371810913085938e-05
        collect H matrix time= 1.5497207641601562e-05
        SR solver time= 6.0558319091796875e-05
        xnorm=4.739313166486138,dnorm=7.650042828604101e-05
[ 0.0772854732 -1.3984975952  0.3927848708  0.04376868   -0.0809486621
 -0.3197165611]
[ 1.5336188052  0.9883242165 -0.4449275996 -1.6035450917]
[ 1.6038032459 -1.9752829132 -0.3052037492 -0.8911509606  0.4872689148
  1.0166171272  0.5523009002 -1.7153259383 -0.1188780355  0.6498005347
  0.2824760673  1.3193386152]

run = 15
energy=-4.592551791849131,dE=-1.3322676295501878e-14,std=0
loss  =-4.592551791849131,dloss=-1.3322676295501878e-14,std=0
        gnorm= 1.6227576642461978e-11
        collect S matrix time= 2.765655517578125e-05
        collect H matrix time= 1.5974044799804688e-05
        SR solver time= 5.9604644775390625e-05
        xnorm=3.3655563420507506,dnorm=8.665760034674168e-12
[ 0.5930625669  0.6704440018  0.0837373133  0.0426439189 -0.483116241
 -0.495057988 ]
[-0.9535702496  1.0227208257 -0.9259414277 -0.7213376557]
[-0.4590627863  0.715658375   0.2228849325 -1.2837714011 -0.5799832209
 -0.6030952137 -0.5239895611  0.6956049728  0.0845909836 -1.4104048331
 -0.4353445845 -0.8002356013]

run = 16
energy=-4.592520762619842,dE=-3.980337837106163e-09,std=0
loss  =-4.592133362769139,dloss=-1.3580248037214915e-12,std=0
        gnorm= 8.485005146234892e-07
        collect S matrix time= 2.5510787963867188e-05
        collect H matrix time= 1.4781951904296875e-05
        SR solver time= 4.792213439941406e-05
        xnorm=4.598082776608823,dnorm=2.6783320662540314e-06
[0.5628417596 0.6540700547 0.4130262078 0.3725146874 2.2332367373
 2.2116842878]
[-0.7900284513  1.023027552  -1.1170234754 -0.8712360026]
[-0.2072919484  0.2417493597  0.9516472434 -0.3201325781 -1.2338486198
  0.8396225976 -0.4751708476  0.6890123849  0.3148427265 -1.3089406062
 -0.6414915887 -0.5202151662]

run = 17
energy=-4.592520772600977,dE=0.0,std=0
loss  =-4.592133362770784,dloss=1.7763568394002505e-15,std=0
        gnorm= 1.8905141212719067e-11
        collect S matrix time= 2.5272369384765625e-05
        collect H matrix time= 1.52587890625e-05
        SR solver time= 4.839897155761719e-05
        xnorm=5.432602127889088,dnorm=4.925841584473873e-11
[ 0.3270341738  0.4046371171 -0.0389929629 -0.1087149163  3.1224426481
  3.0853509956]
[-1.0065572404  1.0180739276 -0.8767389144 -0.6838244236]
[-0.7857726536 -0.0619457439 -0.4520089059  0.6610438683  1.5000233876
  0.577007746   0.2647243497 -0.589730019  -1.1458975466  0.3570914852
  0.8346032775  0.5230606213]

run = 18
energy=-4.592489801042932,dE=-1.7763568394002505e-15,std=0
loss  =-4.5921179303098025,dloss=-1.7763568394002505e-15,std=0
        gnorm= 9.925770554994058e-13
        collect S matrix time= 2.5510787963867188e-05
        collect H matrix time= 1.4543533325195312e-05
        SR solver time= 4.839897155761719e-05
        xnorm=5.174286144846055,dnorm=1.7607496477163681e-12
[0.3879727555 0.4982627253 0.8723112881 0.8131291096 2.7889804101
 2.7580107486]
[ 0.82399516    0.9776737544 -0.8353561846 -1.0709612345]
[-0.5819189426  0.4517410659  0.4662321872 -1.081464248  -1.0313272663
 -0.0325752344 -0.729802063  -0.3287271308 -0.3836629323  0.9620665994
  1.164820704   0.1520930952]

run = 19
energy=-4.592520772536027,dE=-2.5915269930010254e-11,std=0
loss  =-4.592133362770773,dloss=8.881784197001252e-16,std=0
        gnorm= 1.529616464710524e-08
        collect S matrix time= 2.4318695068359375e-05
        collect H matrix time= 1.4543533325195312e-05
        SR solver time= 5.030632019042969e-05
        xnorm=4.938183863659174,dnorm=3.9732370992238e-08
[-0.7570251958  1.2571962037  0.6580111644  0.6881309838  2.1580657134
  2.1740892757]
[-0.5571957277  1.0326500037  1.2353083297  1.5838025236]
[-0.347123859  -0.5402748714 -0.6374351926  0.8239853827  1.0211608763
  0.1603323521  1.024449408  -1.0659282497 -1.3085781034  0.1230439481
  0.1567172881  0.1626213634]

run = 20
energy=-4.5925207726009685,dE=-1.7763568394002505e-14,std=0
loss  =-4.592133362770791,dloss=-1.2434497875801753e-14,std=0
        gnorm= 7.390448925021619e-11
        collect S matrix time= 2.384185791015625e-05
        collect H matrix time= 1.4781951904296875e-05
        SR solver time= 4.673004150390625e-05
        xnorm=4.143126907528125,dnorm=1.5580131708032205e-10
[-0.4195428426  1.4640861166 -0.1609929065 -0.1066445561 -0.6544467148
 -0.625533725 ]
[0.4813194502 0.9622029762 1.8334765031 1.4300448999]
[-0.9876286527  0.0432295599  0.2563672952 -0.7187370857 -1.4763360148
  0.524660748   0.5793160504 -1.3809028135 -0.5281674899  0.6271793474
  0.1889215748 -0.6781997393]

run = 21
step= 99

nparam= 22
        dense amplitude time= 0.0018157958984375
        total non-zero amplitudes= 36
        nsamples per process= 36
        collect g,h time= 0.29575324058532715
E=-4.587295452065307,dE=-3.0328777567589782e-05,std=0
L=-4.587295452065307,dL=-3.0328777567589782e-05,std=0
        gnorm= 0.01099737089353814
        collect S matrix time= 6.937980651855469e-05
        nonzero=14,wmax=3.997733200480785,wmin=0.007048871088702159
        SR solver time= 0.00012183189392089844
        xnorm=2.715762852101836,dnorm=0.0013798207604181299
[ 0.1487372057 -0.2257899853  0.2951137519  0.108793985   0.5184362904
  0.3211152927]
[ 0.9043948646 -0.7513420001  0.0904074355 -0.1119684777]
[ 0.0057580322 -0.6011025249 -0.8950550411  0.6126981297  1.0448473175
  0.2552059827 -0.0114636645 -0.6871941867  1.0606517013 -0.5027485735
  0.8916057139 -0.2953117672]
step= 149

nparam= 22
        dense amplitude time= 0.0018298625946044922
        total non-zero amplitudes= 36
        nsamples per process= 36
        collect g,h time= 0.29054951667785645
E=-4.592551791797635,dE=-1.1860024073939712e-10,std=0
L=-4.592551791797635,dL=-1.1860024073939712e-10,std=0
        gnorm= 4.106459371335073e-06
        collect S matrix time= 2.3603439331054688e-05
        xnorm=3.001094391110444,dnorm=0.0
        SR solver time= 5.507469177246094e-05
        collect H matrix time= 1.811981201171875e-05
        RGN solver time= 2.8371810913085938e-05
        xnorm=3.001094391110444,dnorm=9.607939365370764e-06
        dense amplitude time= 0.0017387866973876953
        total non-zero amplitudes= 36
        nsamples per process= 36
        RGN updated loss=-4.592551791833018,dloss=-3.538325188401359e-11
[ 0.7548545073  0.7410799697  0.2180967564  0.1858109805 -0.1652186449
 -0.1746016791]
[ 1.037908091  -0.5360096594  0.8507011648  0.6627231572]
[-0.0396816801 -0.5948261707 -0.9329988374  0.6673139692  0.9608004954
  0.3050495559 -0.0902128145 -0.647936117   0.963398674  -0.5347909856
  0.8812584187 -0.3378717836]

run = 22
step= 29

nparam= 38
        dense amplitude time= 0.0018072128295898438
        total non-zero amplitudes= 36
        nsamples per process= 36
self.n= 0.7061675927560186
        collect g,h time= 0.30089521408081055
E=-4.592948934268441,dE=-0.00015216039538579196,std=0
L=-4.592948934268441,dL=-0.00015216039538579196,std=0
        gnorm= 0.01992914010667699
        collect S matrix time= 6.747245788574219e-05
        nonzero=19,wmax=1.4138871281399996,wmin=0.041270840843278825
        SR solver time= 0.00033402442932128906
        xnorm=0.6759939670274693,dnorm=0.004489653591244575
[ 0.1832789961  0.0150309601  0.0982742775 -0.061897301   0.0709772814
 -0.0820546434]
[ 0.016525852  -0.0298439358 -0.037994943   0.0695577737]
[ 0.0334669652 -0.0153917723 -0.0083059958  0.014927318  -0.0546408796
  0.0215447735 -0.0294101851  0.0595216052  0.0159717607 -0.0164160973
 -0.0383951523  0.0360661194 -0.0098301361  0.0258038941  0.0234856567
 -0.0083133736 -0.004290786   0.0663065371  0.0303860097 -0.0211534395
  0.0932008841 -0.0098970732 -0.103874782  -0.0127690112 -0.4382532956
 -0.3994671938  0.0062177781  0.0396470346]
step= 49

nparam= 38
        dense amplitude time= 0.001743316650390625
        total non-zero amplitudes= 36
        nsamples per process= 36
self.n= 0.6673022845120751
        collect g,h time= 0.2954554557800293
E=-4.595148816109296,dE=-9.652580227559326e-06,std=0
L=-4.595148816109296,dL=-9.652580227559326e-06,std=0
        gnorm= 0.0021454812708819647
        collect S matrix time= 6.818771362304688e-05
        xnorm=0.7249274567638205,dnorm=0.0
        nonzero=19,wmax=1.4776810043371404,wmin=0.037688562538922124
        SR solver time= 0.00023937225341796875
        collect H matrix time= 2.9325485229492188e-05
        nonzero=19,smax=3.962308108470188,smin=0.1308786355907879
        RGN solver time= 0.00026535987854003906
        xnorm=0.7249274567638205,dnorm=0.002358582042101523
        dense amplitude time= 0.0017247200012207031
        total non-zero amplitudes= 36
        nsamples per process= 36
self.n= 0.6667551419621557
        RGN updated loss=-4.595156827841804,dloss=-8.011732508528269e-06
[ 0.1833035533  0.0127157381  0.1009524128 -0.0645754363  0.0490924372
 -0.0603650986]
[ 0.0192213989 -0.0298564703 -0.0383157481  0.06988267  ]
[ 0.0459125382 -0.0085759827  0.0701370692  0.0171567449 -0.0964467254
  0.0162321803 -0.0354491141  0.1372162623  0.0112193776 -0.0523223385
 -0.0370092885  0.0403696266 -0.0289748997  0.0169081613  0.0081201636
 -0.0053594767 -0.0004447358  0.1062518169  0.0288024322 -0.0215933913
  0.1326391358 -0.0168390824 -0.0962126427 -0.0084234059 -0.4553171138
 -0.4153389028  0.0074586629  0.0318844567]
step= 49

nparam= 38
        dense amplitude time= 0.0016911029815673828
        total non-zero amplitudes= 36
        nsamples per process= 36
self.n= 0.6600944733902898
        collect g,h time= 0.29552316665649414
E=-4.595276685946043,dE=-8.953297658820247e-08,std=0
L=-4.595276685946043,dL=-8.953297658820247e-08,std=0
        gnorm= 0.00036332248360265793
        collect S matrix time= 8.58306884765625e-05
        xnorm=0.743911957514282,dnorm=0.0
        nonzero=19,wmax=1.4882454116607406,wmin=0.02962298225692237
        SR solver time= 0.00021910667419433594
        collect H matrix time= 3.123283386230469e-05
        nonzero=19,smax=2.127055937582884,smin=0.05811171746360733
        RGN solver time= 0.0002613067626953125
        xnorm=0.743911957514282,dnorm=0.00026025296483731946
        dense amplitude time= 0.0017139911651611328
        total non-zero amplitudes= 36
        nsamples per process= 36
self.n= 0.6600501809236431
        RGN updated loss=-4.595276747300093,dloss=-6.135404984064508e-08
[ 0.1634611169 -0.0966346059  0.1133362635 -0.0769592869  0.1117094864
 -0.0094391891]
[ 0.0194732184 -0.0297550273 -0.0395868795  0.0707330285]
[ 0.0483300241 -0.0058535549  0.084907321   0.0158975931 -0.1031293212
  0.0147446856 -0.0369694241  0.1523134113  0.0076723804 -0.0607938542
 -0.0360739108  0.0418201171 -0.0283864091  0.0157261211  0.0061895573
 -0.0054162651  0.0017767945  0.1124255658  0.0291115912 -0.0264597398
  0.1398386367 -0.0188848323 -0.0937489267 -0.0104602631 -0.4558300457
 -0.4161801492  0.0096043351  0.0318637586]

run = 23
step= 29

nparam= 38
        dense amplitude time= 0.0017435550689697266
        total non-zero amplitudes= 70
        nsamples per process= 24
self.n= 1.0000000000000029
        collect g,h time= 0.19850778579711914
E=-4.588075578842338,dE=-0.00015174228156578096,std=0
L=-4.588075578842338,dL=-0.00015174228156578096,std=0
        gnorm= 0.0378390074213329
        collect S matrix time= 8.0108642578125e-05
        nonzero=21,wmax=2.972053266450948,wmin=0.009419255783552414
        SR solver time= 0.00023293495178222656
        xnorm=1.6694248563353506,dnorm=0.008110663975223661
[ 0.1810946256 -0.0059235085  0.0653741668 -0.1018325837  0.0775791755
 -0.1029448994]
[-0.0982857138  1.1090918874 -0.8226069952  0.8923390981]
[ 0.0100564123 -0.002238387  -0.0732601177  0.0453973206  0.0037948887
  0.0049482175 -0.0299872962  0.0445297267  0.0206185573 -0.0113275968
 -0.0118238779  0.0216098544 -0.0159061787  0.0066189444  0.0092754787
 -0.0241754397  0.0460025021 -0.0209760682  0.0193512785 -0.0017986807
 -0.0286558648  0.0177094233  0.0516597611  0.0039937177 -0.0187375287
  0.0400257785 -0.0174993264  0.0627482716]
step= 49

nparam= 38
        dense amplitude time= 0.0017464160919189453
        total non-zero amplitudes= 70
        nsamples per process= 24
self.n= 1.000000000000002
        collect g,h time= 0.27120232582092285
E=-4.588935405926918,dE=-2.072014293474922e-08,std=0
L=-4.588935405926918,dL=-2.072014293474922e-08,std=0
        gnorm= 0.00022676425051259478
        collect S matrix time= 9.799003601074219e-05
        nonzero=21,wmax=2.9690122311851495,wmin=0.011803536117269836
        SR solver time= 0.00023794174194335938
        collect H matrix time= 3.0040740966796875e-05
        nonzero=21,smax=3.996830503667961,smin=0.01495526061342581
        RGN solver time= 0.00027251243591308594
        xnorm=1.7083733190970702,dnorm=0.00015644504848861033
        xnorm=1.7083733190970702,dnorm=0.0
        dense amplitude time= 0.0017223358154296875
        total non-zero amplitudes= 70
        nsamples per process= 24
        xnorm=1.7083733190970702,dnorm=0.0
        xnorm=1.7083733190970702,dnorm=0.0
self.n= 0.9999999999999998
        RGN updated loss=-4.588935419748313,dloss=-1.3821394695412437e-08
[ 0.1849367129 -0.0105407     0.0585205752 -0.0949589896  0.0637616996
 -0.0887976448]
[-0.1081465859  1.1676750625 -0.8192376982  0.8889868552]
[ 0.0084806185  0.0001418331 -0.05908759    0.0456532831 -0.0082961576
  0.0076259526 -0.0270801115  0.0588358079 -0.0008155145 -0.0200803075
  0.0033901784  0.0207195423 -0.017196327   0.0082256999  0.0066416334
 -0.0271536197  0.0457899684 -0.0089325684  0.0202188646 -0.0005202134
 -0.0199770195  0.0028657184  0.0572975282  0.0001932733 -0.0291526918
  0.0295729835 -0.0004216001  0.0571311545]
run = 24
step= 29

nparam= 38
        dense amplitude time= 0.0017740726470947266
        total non-zero amplitudes= 70
        nsamples per process= 24
self.n= 0.9999999999999498
        collect g,h time= 0.19846272468566895
E=-4.550585390085531,dE=-2.709175343618142e-05,std=0
L=-4.550585390085531,dL=-2.709175343618142e-05,std=0
        gnorm= 0.012167960593028477
        collect S matrix time= 0.00010967254638671875
        nonzero=20,wmax=1.191661655822868,wmin=0.06834449817013333
        SR solver time= 0.00024890899658203125
        xnorm=0.35420644176817706,dnorm=0.0011203777233451363
[ 0.1922668636  0.0487936249  0.1052471929 -0.0754025384  0.1019817818
 -0.1011950603]
[-0.0170665092 -0.0637521567 -0.1198409158  0.084877159 ]
[ 0.0155669178 -0.0255688783 -0.0055920782  0.0196071978 -0.0353312196
  0.0311751864  0.0475421017 -0.0006180802  0.0350684855 -0.0180951646
  0.0214803707  0.0063420391 -0.0209757862 -0.0128201236  0.0309442281
  0.0568745816 -0.0210501319 -0.017243202   0.0028627515 -0.0046687344
 -0.0083802694  0.0599814455  0.0239551128  0.0393679272 -0.0262566007
 -0.0263494841 -0.0419790067  0.0248295899]
step= 49

nparam= 38
        dense amplitude time= 0.0017154216766357422
        total non-zero amplitudes= 70
        nsamples per process= 24
        xnorm=0.720151435090144,dnorm=0.0
        xnorm=0.720151435090144,dnorm=0.0
self.n= 0.9999999999999778
        collect g,h time= 0.2836947441101074
E=-4.555073302597209,dE=-1.0123199230882562e-05,std=0
L=-4.555073302597209,dL=-1.0123199230882562e-05,std=0
        gnorm= 0.0030079032552987805
        collect S matrix time= 4.553794860839844e-05
        nonzero=21,wmax=1.7096463917416354,wmin=0.0017115544091237825
        SR solver time= 0.00022840499877929688
        collect H matrix time= 3.0994415283203125e-05
        nonzero=20,smax=2.150134915192927,smin=0.03568822864324329
        RGN solver time= 0.00028133392333984375
        xnorm=0.720151435090144,dnorm=0.004768013609686367
        xnorm=0.720151435090144,dnorm=0.0
        dense amplitude time= 0.0017132759094238281
        total non-zero amplitudes= 70
        nsamples per process= 24
self.n= 0.9999999999999999
        RGN updated loss=-4.555082122075069,dloss=-8.819477860022573e-06
[ 0.1434676291 -0.2257211167  0.033827772  -0.1877770687  0.3939984145
  0.118874995 ]
[-0.0146843009 -0.0613508942 -0.1302021905  0.0948514903]
[ 0.0019159486 -0.1022945818  0.045462937   0.1002094157 -0.074588432
  0.031224179   0.0543688024  0.0508385842  0.1389524981 -0.0488088689
 -0.0606819791  0.0035459613 -0.0104943767 -0.0034830872  0.0298245446
  0.0569799801 -0.1019501205  0.0208151635 -0.0017807071 -0.0159866268
  0.0208872421  0.1380970794  0.0187188526  0.2238163844 -0.0820806509
 -0.0825967897 -0.2316073062  0.0152056182]

run = 25
step= 29

nparam= 38
        dense amplitude time= 0.0017652511596679688
        total non-zero amplitudes= 70
        nsamples per process= 24
self.n= 0.9999999999999987
        collect g,h time= 0.1969308853149414
E=-4.588448998352844,dE=-5.118814821258866e-05,std=0
L=-4.588448998352844,dL=-5.118814821258866e-05,std=0
        gnorm= 0.01811379595103252
        collect S matrix time= 0.00011444091796875
        nonzero=21,wmax=3.018081699924631,wmin=0.010775784557965648
        SR solver time= 0.00022077560424804688
        xnorm=1.707172650834201,dnorm=0.0020193092752855877
[ 0.1731115518 -0.0405252384  0.0609521475 -0.107573752   0.1122047736
 -0.0618166187]
[-0.1038099798  1.159737162  -0.8424467121  0.8794866347]
[ 0.0082670467 -0.0000634658 -0.0183461414  0.0280355574  0.0216284961
  0.0129098513 -0.0167698595 -0.0311572124  0.0016759626 -0.0073969656
  0.0291662967 -0.0222290136  0.0199555582  0.0061763139  0.0079780991
 -0.01910423    0.0225058101 -0.0038743483 -0.0170847853  0.0226642592
 -0.0298551839  0.0358248598 -0.034461966   0.0143926106 -0.0255464927
  0.0424692778 -0.0101182219 -0.0363694716]
step= 49

nparam= 38
        dense amplitude time= 0.0017244815826416016
        total non-zero amplitudes= 70
        nsamples per process= 24
self.n= 1.0000000000000033
        collect g,h time= 0.2715637683868408
E=-4.5889115225204415,dE=-1.4460740160870955e-08,std=0
L=-4.5889115225204415,dL=-1.4460740160870955e-08,std=0
        gnorm= 0.00018432742947291242
        collect S matrix time= 0.0002522468566894531
        nonzero=21,wmax=3.0120120277008846,wmin=0.011633020385138288
        SR solver time= 0.0002193450927734375
        collect H matrix time= 3.123283386230469e-05
        nonzero=21,smax=4.05461120436653,smin=0.014735157085879459
        RGN solver time= 0.00025653839111328125
        xnorm=1.7123114470570215,dnorm=0.00012786590843729396
        xnorm=1.7123114470570215,dnorm=0.0
        xnorm=1.7123114470570215,dnorm=0.0
        xnorm=1.7123114470570215,dnorm=0.0
        dense amplitude time= 0.0017898082733154297
        total non-zero amplitudes= 70
        nsamples per process= 24
self.n= 1.0
        RGN updated loss=-4.58891153188619,dloss=-9.365748177003752e-09
[ 0.1788630423 -0.0436070455  0.0561026057 -0.1026956497  0.1044489355
 -0.0540284985]
[-0.1073597085  1.1687644448 -0.8418431177  0.8788847256]
[ 0.0073699063  0.000197806   0.006236361   0.0251591326  0.0088277363
  0.010804653  -0.0179383782 -0.0064485097 -0.000607253  -0.018707156
  0.0328227685 -0.0197628149  0.0141017172  0.0072393537  0.0101825009
 -0.0179840353  0.0253888762  0.0086573176 -0.0195239247  0.0286159221
 -0.0186897379  0.0322890723 -0.0355711224  0.0000602144 -0.0337267747
  0.0341754639 -0.0005373122 -0.0354311362]

run = 26
step= 19

nparam= 38
        dense amplitude time= 0.0017583370208740234
        total non-zero amplitudes= 70
        nsamples per process= 24
self.n= 1.0000000000000029
        collect g,h time= 0.19929718971252441
E=-4.5875883372330115,dE=-0.0002849979307324446,std=0
L=-4.5875883372330115,dL=-0.0002849979307324446,std=0
        gnorm= 0.04464520653849024
        collect S matrix time= 0.0001347064971923828
        nonzero=21,wmax=2.78026243933797,wmin=0.01021119601717653
        SR solver time= 0.00022912025451660156
        xnorm=1.4293186316830189,dnorm=0.007570758560217023
[ 0.1702369628 -0.0180789641  0.1197697797 -0.051359723   0.0667565537
 -0.0990722037]
[ 0.1014386122  0.7794812734  0.8049689806 -0.8432766771]
[-0.0328268143  0.0039958757 -0.0489935122 -0.0059136218 -0.0140532919
 -0.0041693157  0.0483043825  0.0324362721 -0.0097584841  0.0211547746
  0.0261560307 -0.0339169052 -0.0047817886 -0.0059557621  0.0187701232
  0.0369122955 -0.0116389585 -0.0218401911 -0.0380217647  0.024296862
  0.0159180235  0.013943766   0.030687194   0.0072322243 -0.0359157694
  0.0474290665 -0.0036315357  0.0221934118]
step= 49

nparam= 38
        dense amplitude time= 0.00929880142211914
        total non-zero amplitudes= 70
        nsamples per process= 24
        xnorm=1.475427092873064,dnorm=0.0
        xnorm=1.475427092873064,dnorm=0.0
self.n= 1.000000000000003
        collect g,h time= 0.2698183059692383
E=-4.588932339818008,dE=-3.5636382733628125e-11,std=0
L=-4.588932339818008,dL=-3.5636382733628125e-11,std=0
        gnorm= 0.0002147727594690262
        collect S matrix time= 3.528594970703125e-05
        nonzero=21,wmax=2.8212516843091873,wmin=0.012432157264489575
        SR solver time= 0.00022482872009277344
        collect H matrix time= 3.814697265625e-05
        nonzero=21,smax=3.797957402826379,smin=0.015745768664294287
        RGN solver time= 0.0002658367156982422
        xnorm=1.475427092873064,dnorm=4.79934911360524e-06
        xnorm=1.475427092873064,dnorm=0.0
        dense amplitude time= 0.0017251968383789062
        total non-zero amplitudes= 70
        nsamples per process= 24
self.n= 1.0000000000000004
        RGN updated loss=-4.588932339843705,dloss=-2.5696778038764023e-11
[ 0.1827797727 -0.0223260932  0.1118592283 -0.04344768    0.0610226399
 -0.0934401211]
[ 0.1109891775  0.8366432246  0.8130919973 -0.8513676445]
[-0.0195259225  0.0004588865 -0.0408516749 -0.0091784551 -0.0177629782
  0.0076276955  0.0425806924  0.0406181915 -0.0010941554  0.018390604
  0.0205201685 -0.0358422775  0.0015314627 -0.0192134089  0.0070212783
  0.04275032   -0.0084546937 -0.0181063812 -0.0360440604  0.0179752252
  0.0186649585  0.0195548406  0.0263076339 -0.0002854758 -0.0417202298
  0.0416102341 -0.0003031302  0.0265673286]

run = 27
step= 29

nparam= 38
        dense amplitude time= 0.0009844303131103516
        total non-zero amplitudes= 36
        nsamples per process= 12
self.n= 0.7380125991198179
        collect g,h time= 0.1454763412475586
E=-4.599232981682439,dE=-1.8767210008263646e-11,std=0
L=-4.599232981682439,dL=-1.8767210008263646e-11,std=0
        gnorm= 0.0004029384151319534
        collect S matrix time= 7.176399230957031e-05
        nonzero=20,wmax=2.595185958001999,wmin=0.008987052055986855
        SR solver time= 0.0002219676971435547
        collect H matrix time= 3.0517578125e-05
        nonzero=20,smax=3.443432401108846,smin=0.011624765205290991
        RGN solver time= 0.00025534629821777344
        xnorm=1.4661130897811203,dnorm=6.4514527040388216e-06
        dense amplitude time= 0.0010104179382324219
        total non-zero amplitudes= 36
        nsamples per process= 12
self.n= 0.7380126228073226
        RGN updated loss=-4.5992329816834685,dloss=-1.0293987884324451e-12
[ 0.1549049164  0.0168842653  0.1115584679 -0.125661631   0.0833986444
 -0.0962123792]
[ 0.0985944481  0.7409065019  0.7823382172 -0.757872178 ]
[ 0.0088888159  0.0046736349 -0.2650346831 -0.0000539593  0.1497763421
  0.0255196558 -0.001248968  -0.207378397  -0.0027092376  0.1301092196
  0.0013556562 -0.0146414629 -0.0186411438  0.0213282271  0.0164206431
 -0.0097661036  0.0053206012 -0.1759962144 -0.0058063372 -0.015622191
 -0.195113056  -0.004996285   0.0304932323 -0.003901119   0.2206227865
  0.2481354225  0.0067651506  0.0171492149]
